[0.012s] Invoking command in '/home/Dojo/Dojo/build/robot_gazebo': AMENT_PREFIX_PATH=/home/Dojo/Dojo/install/robot_description:${AMENT_PREFIX_PATH} CMAKE_PREFIX_PATH=/home/Dojo/Dojo/install/robot_description:/opt/ros/humble PYTHONPATH=/home/Dojo/Dojo/install/robot_description/local/lib/python3.10/dist-packages:${PYTHONPATH} /usr/bin/cmake /home/Dojo/Dojo/src/robot_gazebo -DAMENT_CMAKE_SYMLINK_INSTALL=1 -DCMAKE_INSTALL_PREFIX=/home/Dojo/Dojo/install/robot_gazebo
[0.081s] -- The C compiler identification is GNU 11.4.0
[0.158s] -- The CXX compiler identification is GNU 11.4.0
[0.167s] -- Detecting C compiler ABI info
[0.248s] -- Detecting C compiler ABI info - done
[0.255s] -- Check for working C compiler: /usr/bin/cc - skipped
[0.255s] -- Detecting C compile features
[0.256s] -- Detecting C compile features - done
[0.259s] -- Detecting CXX compiler ABI info
[0.348s] -- Detecting CXX compiler ABI info - done
[0.354s] -- Check for working CXX compiler: /usr/bin/c++ - skipped
[0.354s] -- Detecting CXX compile features
[0.355s] -- Detecting CXX compile features - done
[0.359s] -- Found ament_cmake: 1.3.11 (/opt/ros/humble/share/ament_cmake/cmake)
[0.513s] -- Found Python3: /usr/bin/python3 (found version "3.10.12") found components: Interpreter 
[0.574s] -- Override CMake install command with custom implementation using symlinks instead of copying resources
[0.623s] -- Found rclcpp: 16.0.12 (/opt/ros/humble/share/rclcpp/cmake)
[0.678s] -- Found rosidl_generator_c: 3.1.6 (/opt/ros/humble/share/rosidl_generator_c/cmake)
[0.685s] -- Found rosidl_adapter: 3.1.6 (/opt/ros/humble/share/rosidl_adapter/cmake)
[0.696s] -- Found rosidl_generator_cpp: 3.1.6 (/opt/ros/humble/share/rosidl_generator_cpp/cmake)
[0.710s] -- Using all available rosidl_typesupport_c: rosidl_typesupport_fastrtps_c;rosidl_typesupport_introspection_c
[0.729s] -- Using all available rosidl_typesupport_cpp: rosidl_typesupport_fastrtps_cpp;rosidl_typesupport_introspection_cpp
[0.782s] -- Found rmw_implementation_cmake: 6.1.2 (/opt/ros/humble/share/rmw_implementation_cmake/cmake)
[0.786s] -- Found rmw_fastrtps_cpp: 6.2.7 (/opt/ros/humble/share/rmw_fastrtps_cpp/cmake)
[0.898s] -- Found OpenSSL: /usr/lib/x86_64-linux-gnu/libcrypto.so (found version "3.0.2")  
[0.935s] -- Found FastRTPS: /opt/ros/humble/include  
[0.997s] -- Using RMW implementation 'rmw_fastrtps_cpp' as default
[1.011s] -- Looking for pthread.h
[1.087s] -- Looking for pthread.h - found
[1.087s] -- Performing Test CMAKE_HAVE_LIBC_PTHREAD
[1.163s] -- Performing Test CMAKE_HAVE_LIBC_PTHREAD - Success
[1.164s] -- Found Threads: TRUE  
[1.219s] -- Found gazebo_ros: 3.9.0 (/opt/ros/humble/share/gazebo_ros/cmake)
[1.233s] -- Found PkgConfig: /usr/bin/pkg-config (found version "0.29.2") 
[1.234s] -- Checking for module 'bullet>=2.82'
[1.248s] --   Found bullet, version 3.05
[1.389s] -- Found fcl: /usr/include (found suitable version "0.7.0", minimum required is "0.5.0") 
[1.449s] -- Found assimp: /usr/include (found version "5.2.0") 
[1.476s] -- Found DART: /usr/include (Required is at least version "6.6") found components: dart 
[1.511s] -- Found Boost: /usr/lib/x86_64-linux-gnu/cmake/Boost-1.74.0/BoostConfig.cmake (found suitable version "1.74.0", minimum required is "1.40.0") found components: thread system filesystem program_options regex iostreams date_time 
[1.524s] -- Found Protobuf: /usr/lib/x86_64-linux-gnu/libprotobuf.so (found version "3.12.4") 
[1.531s] -- Looking for ignition-math6 -- found version 6.15.1
[1.538s] -- Searching for dependencies of ignition-math6
[1.539s] -- Looking for OGRE...
[1.540s] -- OGRE_PREFIX_WATCH changed.
[1.546s] -- Checking for module 'OGRE'
[1.561s] --   Found OGRE, version 1.9.0
[1.600s] -- Found Ogre Ghadamon (1.9.0)
[1.605s] -- Found OGRE: optimized;/usr/lib/x86_64-linux-gnu/libOgreMain.so;debug;/usr/lib/x86_64-linux-gnu/libOgreMain.so
[1.615s] -- Looking for OGRE_Paging...
[1.620s] -- Found OGRE_Paging: optimized;/usr/lib/x86_64-linux-gnu/libOgrePaging.so;debug;/usr/lib/x86_64-linux-gnu/libOgrePaging.so
[1.620s] -- Looking for OGRE_Terrain...
[1.623s] -- Found OGRE_Terrain: optimized;/usr/lib/x86_64-linux-gnu/libOgreTerrain.so;debug;/usr/lib/x86_64-linux-gnu/libOgreTerrain.so
[1.624s] -- Looking for OGRE_Property...
[1.627s] -- Found OGRE_Property: optimized;/usr/lib/x86_64-linux-gnu/libOgreProperty.so;debug;/usr/lib/x86_64-linux-gnu/libOgreProperty.so
[1.627s] -- Looking for OGRE_RTShaderSystem...
[1.630s] -- Found OGRE_RTShaderSystem: optimized;/usr/lib/x86_64-linux-gnu/libOgreRTShaderSystem.so;debug;/usr/lib/x86_64-linux-gnu/libOgreRTShaderSystem.so
[1.631s] -- Looking for OGRE_Volume...
[1.634s] -- Found OGRE_Volume: optimized;/usr/lib/x86_64-linux-gnu/libOgreVolume.so;debug;/usr/lib/x86_64-linux-gnu/libOgreVolume.so
[1.634s] -- Looking for OGRE_Overlay...
[1.637s] -- Found OGRE_Overlay: optimized;/usr/lib/x86_64-linux-gnu/libOgreOverlay.so;debug;/usr/lib/x86_64-linux-gnu/libOgreOverlay.so
[1.714s] -- Looking for ignition-math6 -- found version 6.15.1
[1.718s] -- Looking for ignition-transport8 -- found version 8.2.1
[1.718s] -- Searching for dependencies of ignition-transport8
[1.746s] -- Found Protobuf: /usr/lib/x86_64-linux-gnu/libprotobuf.so (found suitable version "3.12.4", minimum required is "3") 
[1.768s] -- Config-file not installed for ZeroMQ -- checking for pkg-config
[1.773s] -- Checking for module 'libzmq >= 4'
[1.788s] --   Found libzmq , version 4.3.4
[1.832s] -- Found ZeroMQ: TRUE (Required is at least version "4") 
[1.838s] -- Checking for module 'uuid'
[1.853s] --   Found uuid, version 2.37.2
[1.894s] -- Found UUID: TRUE  
[1.897s] -- Looking for ignition-msgs5 -- found version 5.8.1
[1.898s] -- Searching for dependencies of ignition-msgs5
[1.927s] -- Looking for ignition-math6 -- found version 6.15.1
[1.932s] -- Checking for module 'tinyxml2'
[1.948s] --   Found tinyxml2, version 9.0.0
[1.989s] -- Looking for ignition-msgs5 -- found version 5.8.1
[1.993s] -- Looking for ignition-common3 -- found version 3.14.0
[1.993s] -- Searching for dependencies of ignition-common3
[1.994s] -- Looking for dlfcn.h - found
[1.994s] -- Looking for libdl - found
[1.996s] -- Found DL: TRUE  
[2.009s] -- Found tinyobjloader: /usr/lib/x86_64-linux-gnu/cmake/tinyobjloader/tinyobjloader-config.cmake (found version "2.0.0") 
[2.009s] -- Searching for <ignition-common3> component [graphics]
[2.013s] -- Looking for ignition-common3-graphics -- found version 3.14.0
[2.013s] -- Searching for dependencies of ignition-common3-graphics
[2.014s] -- Looking for ignition-math6 -- found version 6.15.1
[2.018s] -- Looking for ignition-fuel_tools4 -- found version 4.4.0
[2.018s] -- Searching for dependencies of ignition-fuel_tools4
[2.115s] -- Found CURL: /usr/lib/x86_64-linux-gnu/libcurl.so (found version "7.81.0")  
[2.126s] -- Checking for module 'jsoncpp'
[2.141s] --   Found jsoncpp, version 1.9.5
[2.182s] -- Found JSONCPP: TRUE  
[2.188s] -- Checking for module 'libzip'
[2.203s] --   Found libzip, version 1.7.3
[2.245s] -- Found ZIP: TRUE  
[2.246s] -- Looking for ignition-common3 -- found version 3.14.0
[2.246s] -- Looking for ignition-math6 -- found version 6.15.1
[2.247s] -- Looking for ignition-msgs5 -- found version 5.8.1
[2.251s] -- Gazebo version: 11.10
[2.252s] -- Checking for module 'tbb'
[2.268s] --   Found tbb, version 2021.5.0
[2.310s] -- Found ros2_control: 2.51.0 (/opt/ros/humble/share/ros2_control/cmake)
[2.312s] -- Found controller_manager: 2.51.0 (/opt/ros/humble/share/controller_manager/cmake)
[2.528s] -- Found robot_state_publisher: 3.0.3 (/opt/ros/humble/share/robot_state_publisher/cmake)
[2.544s] -- Found eigen3_cmake_module: 0.1.1 (/opt/ros/humble/share/eigen3_cmake_module/cmake)
[2.545s] -- Found Eigen3: TRUE (found version "3.4.0") 
[2.545s] -- Ensuring Eigen3 include directory is part of orocos-kdl CMake target
[2.685s] -- Configuring done
[2.694s] -- Generating done
[2.697s] -- Build files have been written to: /home/Dojo/Dojo/build/robot_gazebo
[2.710s] Invoked command in '/home/Dojo/Dojo/build/robot_gazebo' returned '0': AMENT_PREFIX_PATH=/home/Dojo/Dojo/install/robot_description:${AMENT_PREFIX_PATH} CMAKE_PREFIX_PATH=/home/Dojo/Dojo/install/robot_description:/opt/ros/humble PYTHONPATH=/home/Dojo/Dojo/install/robot_description/local/lib/python3.10/dist-packages:${PYTHONPATH} /usr/bin/cmake /home/Dojo/Dojo/src/robot_gazebo -DAMENT_CMAKE_SYMLINK_INSTALL=1 -DCMAKE_INSTALL_PREFIX=/home/Dojo/Dojo/install/robot_gazebo
[2.712s] Invoking command in '/home/Dojo/Dojo/build/robot_gazebo': AMENT_PREFIX_PATH=/home/Dojo/Dojo/install/robot_description:${AMENT_PREFIX_PATH} CMAKE_PREFIX_PATH=/home/Dojo/Dojo/install/robot_description:/opt/ros/humble PYTHONPATH=/home/Dojo/Dojo/install/robot_description/local/lib/python3.10/dist-packages:${PYTHONPATH} /usr/bin/cmake --build /home/Dojo/Dojo/build/robot_gazebo -- -j16 -l16
[2.762s] Invoked command in '/home/Dojo/Dojo/build/robot_gazebo' returned '0': AMENT_PREFIX_PATH=/home/Dojo/Dojo/install/robot_description:${AMENT_PREFIX_PATH} CMAKE_PREFIX_PATH=/home/Dojo/Dojo/install/robot_description:/opt/ros/humble PYTHONPATH=/home/Dojo/Dojo/install/robot_description/local/lib/python3.10/dist-packages:${PYTHONPATH} /usr/bin/cmake --build /home/Dojo/Dojo/build/robot_gazebo -- -j16 -l16
[2.763s] Invoking command in '/home/Dojo/Dojo/build/robot_gazebo': AMENT_PREFIX_PATH=/home/Dojo/Dojo/install/robot_description:${AMENT_PREFIX_PATH} CMAKE_PREFIX_PATH=/home/Dojo/Dojo/install/robot_description:/opt/ros/humble PYTHONPATH=/home/Dojo/Dojo/install/robot_description/local/lib/python3.10/dist-packages:${PYTHONPATH} /usr/bin/cmake --install /home/Dojo/Dojo/build/robot_gazebo
[2.771s] -- Install configuration: ""
[2.771s] -- Execute custom install script
[2.772s] -- Symlinking: /home/Dojo/Dojo/install/robot_gazebo/share/robot_gazebo/launch/gazebo.launch.py
[2.781s] -- Symlinking: /home/Dojo/Dojo/install/robot_gazebo/share/robot_gazebo/launch/robot_simulation.launch.py
[2.790s] -- Symlinking: /home/Dojo/Dojo/install/robot_gazebo/share/robot_gazebo/launch/simulation.launch.py
[2.799s] -- Symlinking: /home/Dojo/Dojo/install/robot_gazebo/share/robot_gazebo/config/diff_drive_controller.yaml
[2.808s] -- Symlinking: /home/Dojo/Dojo/install/robot_gazebo/share/robot_gazebo/rviz/robot_simulation.rviz
[2.817s] -- Symlinking: /home/Dojo/Dojo/install/robot_gazebo/share/robot_gazebo/worlds/empty.world
[2.826s] -- Symlinking: /home/Dojo/Dojo/install/robot_gazebo/share/ament_index/resource_index/package_run_dependencies/robot_gazebo
[2.836s] -- Symlinking: /home/Dojo/Dojo/install/robot_gazebo/share/ament_index/resource_index/parent_prefix_path/robot_gazebo
[2.844s] -- Symlinking: /home/Dojo/Dojo/install/robot_gazebo/share/robot_gazebo/environment/ament_prefix_path.sh
[2.854s] -- Symlinking: /home/Dojo/Dojo/install/robot_gazebo/share/robot_gazebo/environment/ament_prefix_path.dsv
[2.863s] -- Symlinking: /home/Dojo/Dojo/install/robot_gazebo/share/robot_gazebo/environment/path.sh
[2.873s] -- Symlinking: /home/Dojo/Dojo/install/robot_gazebo/share/robot_gazebo/environment/path.dsv
[2.883s] -- Symlinking: /home/Dojo/Dojo/install/robot_gazebo/share/robot_gazebo/local_setup.bash
[2.892s] -- Symlinking: /home/Dojo/Dojo/install/robot_gazebo/share/robot_gazebo/local_setup.sh
[2.901s] -- Symlinking: /home/Dojo/Dojo/install/robot_gazebo/share/robot_gazebo/local_setup.zsh
[2.910s] -- Symlinking: /home/Dojo/Dojo/install/robot_gazebo/share/robot_gazebo/local_setup.dsv
[2.920s] -- Symlinking: /home/Dojo/Dojo/install/robot_gazebo/share/robot_gazebo/package.dsv
[2.929s] -- Symlinking: /home/Dojo/Dojo/install/robot_gazebo/share/ament_index/resource_index/packages/robot_gazebo
[2.938s] -- Symlinking: /home/Dojo/Dojo/install/robot_gazebo/share/robot_gazebo/cmake/robot_gazeboConfig.cmake
[2.946s] -- Symlinking: /home/Dojo/Dojo/install/robot_gazebo/share/robot_gazebo/cmake/robot_gazeboConfig-version.cmake
[2.956s] -- Symlinking: /home/Dojo/Dojo/install/robot_gazebo/share/robot_gazebo/package.xml
[2.964s] -- Installing: /home/Dojo/Dojo/install/robot_gazebo/lib/robot_gazebo
[2.965s] -- Installing: /home/Dojo/Dojo/install/robot_gazebo/lib/robot_gazebo/spawn_robot.py
[2.967s] Invoked command in '/home/Dojo/Dojo/build/robot_gazebo' returned '0': AMENT_PREFIX_PATH=/home/Dojo/Dojo/install/robot_description:${AMENT_PREFIX_PATH} CMAKE_PREFIX_PATH=/home/Dojo/Dojo/install/robot_description:/opt/ros/humble PYTHONPATH=/home/Dojo/Dojo/install/robot_description/local/lib/python3.10/dist-packages:${PYTHONPATH} /usr/bin/cmake --install /home/Dojo/Dojo/build/robot_gazebo
