[0.889s] DEBUG:colcon:Command line arguments: ['/usr/bin/colcon', 'build', '--event-handlers=console_direct+']
[0.890s] DEBUG:colcon:Parsed command line arguments: Namespace(log_base=None, log_level=None, verb_name='build', build_base='build', install_base='install', merge_install=False, symlink_install=False, test_result_base=None, continue_on_error=False, executor='sequential', event_handlers=['console_direct+'], paths=['.'], meson_args=[], verb_parser=CustomArgumentParser(prog='colcon build', usage=None, description='Build a set of packages.', formatter_class=<class 'colcon_core.command.CustomFormatter'>, conflict_handler='error', add_help=True), verb_extension=<colcon_core.verb.build.BuildVerb object at 0xffffbc112170>, main=<bound method BuildVerb.main of <colcon_core.verb.build.BuildVerb object at 0xffffbc112170>>)
[0.894s] Level 1:colcon.colcon_core.package_discovery:discover_packages(path) check parameters
[0.895s] Level 1:colcon.colcon_core.package_discovery:discover_packages(path) discover
[0.895s] Level 1:colcon.colcon_core.package_discovery:PathPackageDiscovery.discover(['.'])
[0.895s] Level 1:colcon.colcon_core.package_identification:_identify(.) by extensions ['ignore']
[0.896s] Level 1:colcon.colcon_core.package_identification:_identify(.) by extension 'ignore'
[0.896s] Level 1:colcon.colcon_core.package_identification:_identify(.) by extensions ['meson', 'python']
[0.896s] Level 1:colcon.colcon_core.package_identification:_identify(.) by extension 'meson'
[0.896s] Level 1:colcon.colcon_core.package_identification:_identify(.) by extension 'python'
[0.896s] Level 1:colcon.colcon_core.package_discovery:discover_packages(path) using defaults
[0.995s] INFO:colcon.colcon_core.executor:Executing jobs using 'sequential' executor
[0.998s] DEBUG:colcon.colcon_core.executor.sequential:closing loop
[0.998s] DEBUG:colcon.colcon_core.executor.sequential:loop closed
[0.998s] DEBUG:colcon.colcon_core.event_reactor:joining thread
[0.999s] DEBUG:colcon.colcon_core.event_reactor:joined thread
[1.002s] INFO:colcon.colcon_core.plugin_system:Skipping extension 'colcon_core.shell.bat': Not used on non-Windows systems
[1.003s] INFO:colcon.colcon_core.shell:Creating prefix script '/home/robosync/camera_ws/install/local_setup.sh'
[1.005s] INFO:colcon.colcon_core.shell:Creating prefix util module '/home/robosync/camera_ws/install/_local_setup_util_sh.py'
[1.010s] INFO:colcon.colcon_core.shell:Creating prefix chain script '/home/robosync/camera_ws/install/setup.sh'
