[5.004s] Invoking command in '/root/Dojo/build/robot_hardware': PYTHONPATH=/root/Dojo/build/robot_hardware/prefix_override:/usr/lib/python3/dist-packages/colcon_core/task/python/colcon_distutils_commands:/root/Dojo/install/robot_hardware/lib/python3.10/site-packages:${PYTHONPATH} /usr/bin/python3 -W ignore:setup.py install is deprecated -W ignore:easy_install command is deprecated setup.py develop --editable --build-directory /root/Dojo/build/robot_hardware/build --no-deps symlink_data
[5.802s] running develop
[6.431s] running egg_info
[6.455s] writing robot_hardware.egg-info/PKG-INFO
[6.455s] writing dependency_links to robot_hardware.egg-info/dependency_links.txt
[6.456s] writing entry points to robot_hardware.egg-info/entry_points.txt
[6.456s] writing requirements to robot_hardware.egg-info/requires.txt
[6.456s] writing top-level names to robot_hardware.egg-info/top_level.txt
[6.525s] reading manifest file 'robot_hardware.egg-info/SOURCES.txt'
[6.525s] writing manifest file 'robot_hardware.egg-info/SOURCES.txt'
[6.554s] running build_ext
[6.554s] Creating /root/Dojo/install/robot_hardware/lib/python3.10/site-packages/robot-hardware.egg-link (link to .)
[6.558s] Installing arduino_driver script to /root/Dojo/install/robot_hardware/lib/robot_hardware
[6.559s] Installing camera_driver script to /root/Dojo/install/robot_hardware/lib/robot_hardware
[6.559s] Installing hardware_manager script to /root/Dojo/install/robot_hardware/lib/robot_hardware
[6.559s] Installing lidar_driver script to /root/Dojo/install/robot_hardware/lib/robot_hardware
[6.559s] 
[6.559s] Installed /root/Dojo/build/robot_hardware
[6.559s] running symlink_data
[7.013s] Invoked command in '/root/Dojo/build/robot_hardware' returned '0': PYTHONPATH=/root/Dojo/build/robot_hardware/prefix_override:/usr/lib/python3/dist-packages/colcon_core/task/python/colcon_distutils_commands:/root/Dojo/install/robot_hardware/lib/python3.10/site-packages:${PYTHONPATH} /usr/bin/python3 -W ignore:setup.py install is deprecated -W ignore:easy_install command is deprecated setup.py develop --editable --build-directory /root/Dojo/build/robot_hardware/build --no-deps symlink_data
