-- Found ament_cmake: 1.3.12 (/opt/ros/humble/share/ament_cmake/cmake)
-- Override CMake install command with custom implementation using symlinks instead of copying resources
-- Found rclcpp: 16.0.14 (/opt/ros/humble/share/rclcpp/cmake)
-- Found rosidl_generator_c: 3.1.7 (/opt/ros/humble/share/rosidl_generator_c/cmake)
-- Found rosidl_adapter: 3.1.7 (/opt/ros/humble/share/rosidl_adapter/cmake)
-- Found rosidl_generator_cpp: 3.1.7 (/opt/ros/humble/share/rosidl_generator_cpp/cmake)
-- Using all available rosidl_typesupport_c: rosidl_typesupport_fastrtps_c;rosidl_typesupport_introspection_c
-- Using all available rosidl_typesupport_cpp: rosidl_typesupport_fastrtps_cpp;rosidl_typesupport_introspection_cpp
-- Found rmw_implementation_cmake: 6.1.2 (/opt/ros/humble/share/rmw_implementation_cmake/cmake)
-- Found rmw_fastrtps_cpp: 6.2.8 (/opt/ros/humble/share/rmw_fastrtps_cpp/cmake)
-- Using RMW implementation 'rmw_fastrtps_cpp' as default
-- Found rclcpp_components: 16.0.14 (/opt/ros/humble/share/rclcpp_components/cmake)
-- Found sensor_msgs: 4.9.0 (/opt/ros/humble/share/sensor_msgs/cmake)
-- Found camera_info_manager: 3.1.12 (/opt/ros/humble/share/camera_info_manager/cmake)
-- Found cv_bridge: 3.2.1 (/opt/ros/humble/share/cv_bridge/cmake)
-- Found ament_lint_auto: 0.12.14 (/opt/ros/humble/share/ament_lint_auto/cmake)
-- Added test 'clang_format' to check C / C++ code style
-- Added test 'cppcheck' to perform static code analysis on C / C++ code
-- Configured cppcheck include dirs: 
-- Configured cppcheck exclude dirs and/or files: 
-- Added test 'flake8' to check Python code syntax and style conventions
-- Added test 'lint_cmake' to check CMake code style
-- Added test 'mypy' to statically type check Python code.
-- Added test 'pep257' to check Python code against some of the docstring style conventions in PEP 257
-- Added test 'pyflakes' to perform static code analysis on Python code
-- Added test 'xmllint' to check XML markup files
-- Configuring done
-- Generating done
-- Build files have been written to: /home/robosync/Robot/camera_ws/build/camera_ros
[35m[1mConsolidate compiler generated dependencies of target utils[0m
[ 15%] Built target utils
[35m[1mConsolidate compiler generated dependencies of target camera_node[0m
[ 23%] [32m[1mLinking CXX executable camera_node[0m
[ 30%] Built target camera_node
[35m[1mConsolidate compiler generated dependencies of target param[0m
[ 84%] Built target param
[35m[1mConsolidate compiler generated dependencies of target camera_component[0m
[ 92%] [32m[1mLinking CXX shared library libcamera_component.so[0m
[100%] Built target camera_component
-- Install configuration: ""
-- Execute custom install script
-- Symlinking: /home/robosync/Robot/camera_ws/install/camera_ros/lib/camera_ros/camera_node
-- Symlinking: /home/robosync/Robot/camera_ws/install/camera_ros/share/camera_ros/environment/library_path.sh
-- Symlinking: /home/robosync/Robot/camera_ws/install/camera_ros/share/camera_ros/environment/library_path.dsv
-- Symlinking: /home/robosync/Robot/camera_ws/install/camera_ros/share/camera_ros//launch/camera.launch.py
-- Symlinking: /home/robosync/Robot/camera_ws/install/camera_ros/share/ament_index/resource_index/package_run_dependencies/camera_ros
-- Symlinking: /home/robosync/Robot/camera_ws/install/camera_ros/share/ament_index/resource_index/parent_prefix_path/camera_ros
-- Symlinking: /home/robosync/Robot/camera_ws/install/camera_ros/share/camera_ros/environment/ament_prefix_path.sh
-- Symlinking: /home/robosync/Robot/camera_ws/install/camera_ros/share/camera_ros/environment/ament_prefix_path.dsv
-- Symlinking: /home/robosync/Robot/camera_ws/install/camera_ros/share/camera_ros/environment/path.sh
-- Symlinking: /home/robosync/Robot/camera_ws/install/camera_ros/share/camera_ros/environment/path.dsv
-- Symlinking: /home/robosync/Robot/camera_ws/install/camera_ros/share/camera_ros/local_setup.bash
-- Symlinking: /home/robosync/Robot/camera_ws/install/camera_ros/share/camera_ros/local_setup.sh
-- Symlinking: /home/robosync/Robot/camera_ws/install/camera_ros/share/camera_ros/local_setup.zsh
-- Symlinking: /home/robosync/Robot/camera_ws/install/camera_ros/share/camera_ros/local_setup.dsv
-- Symlinking: /home/robosync/Robot/camera_ws/install/camera_ros/share/camera_ros/package.dsv
-- Symlinking: /home/robosync/Robot/camera_ws/install/camera_ros/share/ament_index/resource_index/packages/camera_ros
-- Symlinking: /home/robosync/Robot/camera_ws/install/camera_ros/share/ament_index/resource_index/rclcpp_components/camera_ros
-- Symlinking: /home/robosync/Robot/camera_ws/install/camera_ros/share/camera_ros/cmake/ament_cmake_export_targets-extras.cmake
-- Symlinking: /home/robosync/Robot/camera_ws/install/camera_ros/share/camera_ros/cmake/ament_cmake_export_dependencies-extras.cmake
-- Symlinking: /home/robosync/Robot/camera_ws/install/camera_ros/share/camera_ros/cmake/camera_rosConfig.cmake
-- Symlinking: /home/robosync/Robot/camera_ws/install/camera_ros/share/camera_ros/cmake/camera_rosConfig-version.cmake
-- Symlinking: /home/robosync/Robot/camera_ws/install/camera_ros/share/camera_ros/package.xml
-- Installing: /home/robosync/Robot/camera_ws/install/camera_ros/lib/libcamera_component.so
-- Set runtime path of "/home/robosync/Robot/camera_ws/install/camera_ros/lib/libcamera_component.so" to ""
-- Up-to-date: /home/robosync/Robot/camera_ws/install/camera_ros/share/camera_ros/cmake/camera_componentTargetsExport.cmake
-- Up-to-date: /home/robosync/Robot/camera_ws/install/camera_ros/share/camera_ros/cmake/camera_componentTargetsExport-noconfig.cmake
