[0.055s] Invoking command in '/home/robosync/Robot/camera_ws/build/camera_ros': CMAKE_PREFIX_PATH=${CMAKE_PREFIX_PATH}:/home/robosync/Robot/camera_ws/install/nv21_converter_pkg:/opt/ros/humble LD_LIBRARY_PATH=/home/robosync/Robot/camera_ws/install/libcamera/lib:/home/robosync/Robot/camera_ws/install/camera_ros/lib:/opt/ros/humble/opt/rviz_ogre_vendor/lib:/opt/ros/humble/lib/aarch64-linux-gnu:/opt/ros/humble/lib PATH=/home/robosync/Robot/camera_ws/install/libcamera/bin:/home/robosync/.local/bin:/home/robosync/Robot/Dojo/install/robot_perception/bin:/home/robosync/Robot/Dojo/install/robot_perception/bin:/home/robosync/.local/bin:/opt/ros/humble/bin:/home/robosync/.local/bin:/home/robosync/.local/bin:/home/robosync/.local/bin:/usr/local/sbin:/usr/local/bin:/usr/sbin:/usr/bin:/sbin:/bin:/usr/games:/usr/local/games:/snap/bin /usr/bin/cmake /home/robosync/Robot/camera_ws/src/camera_ros -DAMENT_CMAKE_SYMLINK_INSTALL=1 -DCMAKE_INSTALL_PREFIX=/home/robosync/Robot/camera_ws/install/camera_ros
[0.643s] -- Found ament_cmake: 1.3.12 (/opt/ros/humble/share/ament_cmake/cmake)
[1.446s] -- Override CMake install command with custom implementation using symlinks instead of copying resources
[1.550s] -- Found rclcpp: 16.0.14 (/opt/ros/humble/share/rclcpp/cmake)
[1.803s] -- Found rosidl_generator_c: 3.1.7 (/opt/ros/humble/share/rosidl_generator_c/cmake)
[1.820s] -- Found rosidl_adapter: 3.1.7 (/opt/ros/humble/share/rosidl_adapter/cmake)
[1.872s] -- Found rosidl_generator_cpp: 3.1.7 (/opt/ros/humble/share/rosidl_generator_cpp/cmake)
[1.992s] -- Using all available rosidl_typesupport_c: rosidl_typesupport_fastrtps_c;rosidl_typesupport_introspection_c
[2.139s] -- Using all available rosidl_typesupport_cpp: rosidl_typesupport_fastrtps_cpp;rosidl_typesupport_introspection_cpp
[2.413s] -- Found rmw_implementation_cmake: 6.1.2 (/opt/ros/humble/share/rmw_implementation_cmake/cmake)
[2.425s] -- Found rmw_fastrtps_cpp: 6.2.8 (/opt/ros/humble/share/rmw_fastrtps_cpp/cmake)
[3.942s] -- Using RMW implementation 'rmw_fastrtps_cpp' as default
[4.420s] -- Found rclcpp_components: 16.0.14 (/opt/ros/humble/share/rclcpp_components/cmake)
[4.523s] -- Found sensor_msgs: 4.9.0 (/opt/ros/humble/share/sensor_msgs/cmake)
[4.667s] -- Found camera_info_manager: 3.1.12 (/opt/ros/humble/share/camera_info_manager/cmake)
[4.712s] -- Found cv_bridge: 3.2.1 (/opt/ros/humble/share/cv_bridge/cmake)
[4.788s] -- Found ament_lint_auto: 0.12.14 (/opt/ros/humble/share/ament_lint_auto/cmake)
[5.828s] -- Added test 'clang_format' to check C / C++ code style
[5.868s] -- Added test 'cppcheck' to perform static code analysis on C / C++ code
[5.869s] -- Configured cppcheck include dirs: 
[5.869s] -- Configured cppcheck exclude dirs and/or files: 
[5.876s] -- Added test 'flake8' to check Python code syntax and style conventions
[5.888s] -- Added test 'lint_cmake' to check CMake code style
[5.895s] -- Added test 'mypy' to statically type check Python code.
[5.902s] -- Added test 'pep257' to check Python code against some of the docstring style conventions in PEP 257
[5.909s] -- Added test 'pyflakes' to perform static code analysis on Python code
[5.915s] -- Added test 'xmllint' to check XML markup files
[5.927s] -- Configuring done
[6.074s] -- Generating done
[6.107s] -- Build files have been written to: /home/robosync/Robot/camera_ws/build/camera_ros
[6.146s] Invoked command in '/home/robosync/Robot/camera_ws/build/camera_ros' returned '0': CMAKE_PREFIX_PATH=${CMAKE_PREFIX_PATH}:/home/robosync/Robot/camera_ws/install/nv21_converter_pkg:/opt/ros/humble LD_LIBRARY_PATH=/home/robosync/Robot/camera_ws/install/libcamera/lib:/home/robosync/Robot/camera_ws/install/camera_ros/lib:/opt/ros/humble/opt/rviz_ogre_vendor/lib:/opt/ros/humble/lib/aarch64-linux-gnu:/opt/ros/humble/lib PATH=/home/robosync/Robot/camera_ws/install/libcamera/bin:/home/robosync/.local/bin:/home/robosync/Robot/Dojo/install/robot_perception/bin:/home/robosync/Robot/Dojo/install/robot_perception/bin:/home/robosync/.local/bin:/opt/ros/humble/bin:/home/robosync/.local/bin:/home/robosync/.local/bin:/home/robosync/.local/bin:/usr/local/sbin:/usr/local/bin:/usr/sbin:/usr/bin:/sbin:/bin:/usr/games:/usr/local/games:/snap/bin /usr/bin/cmake /home/robosync/Robot/camera_ws/src/camera_ros -DAMENT_CMAKE_SYMLINK_INSTALL=1 -DCMAKE_INSTALL_PREFIX=/home/robosync/Robot/camera_ws/install/camera_ros
[6.154s] Invoking command in '/home/robosync/Robot/camera_ws/build/camera_ros': CMAKE_PREFIX_PATH=${CMAKE_PREFIX_PATH}:/home/robosync/Robot/camera_ws/install/nv21_converter_pkg:/opt/ros/humble LD_LIBRARY_PATH=/home/robosync/Robot/camera_ws/install/libcamera/lib:/home/robosync/Robot/camera_ws/install/camera_ros/lib:/opt/ros/humble/opt/rviz_ogre_vendor/lib:/opt/ros/humble/lib/aarch64-linux-gnu:/opt/ros/humble/lib PATH=/home/robosync/Robot/camera_ws/install/libcamera/bin:/home/robosync/.local/bin:/home/robosync/Robot/Dojo/install/robot_perception/bin:/home/robosync/Robot/Dojo/install/robot_perception/bin:/home/robosync/.local/bin:/opt/ros/humble/bin:/home/robosync/.local/bin:/home/robosync/.local/bin:/home/robosync/.local/bin:/usr/local/sbin:/usr/local/bin:/usr/sbin:/usr/bin:/sbin:/bin:/usr/games:/usr/local/games:/snap/bin /usr/bin/cmake --build /home/robosync/Robot/camera_ws/build/camera_ros -- -j4 -l4
[6.353s] [35m[1mConsolidate compiler generated dependencies of target utils[0m
[6.523s] [ 15%] Built target utils
[6.618s] [35m[1mConsolidate compiler generated dependencies of target camera_node[0m
[6.762s] [ 23%] [32m[1mLinking CXX executable camera_node[0m
[7.491s] [ 30%] Built target camera_node
[7.557s] [35m[1mConsolidate compiler generated dependencies of target param[0m
[7.753s] [ 84%] Built target param
[7.830s] [35m[1mConsolidate compiler generated dependencies of target camera_component[0m
[7.949s] [ 92%] [32m[1mLinking CXX shared library libcamera_component.so[0m
[11.354s] [100%] Built target camera_component
[11.395s] Invoked command in '/home/robosync/Robot/camera_ws/build/camera_ros' returned '0': CMAKE_PREFIX_PATH=${CMAKE_PREFIX_PATH}:/home/robosync/Robot/camera_ws/install/nv21_converter_pkg:/opt/ros/humble LD_LIBRARY_PATH=/home/robosync/Robot/camera_ws/install/libcamera/lib:/home/robosync/Robot/camera_ws/install/camera_ros/lib:/opt/ros/humble/opt/rviz_ogre_vendor/lib:/opt/ros/humble/lib/aarch64-linux-gnu:/opt/ros/humble/lib PATH=/home/robosync/Robot/camera_ws/install/libcamera/bin:/home/robosync/.local/bin:/home/robosync/Robot/Dojo/install/robot_perception/bin:/home/robosync/Robot/Dojo/install/robot_perception/bin:/home/robosync/.local/bin:/opt/ros/humble/bin:/home/robosync/.local/bin:/home/robosync/.local/bin:/home/robosync/.local/bin:/usr/local/sbin:/usr/local/bin:/usr/sbin:/usr/bin:/sbin:/bin:/usr/games:/usr/local/games:/snap/bin /usr/bin/cmake --build /home/robosync/Robot/camera_ws/build/camera_ros -- -j4 -l4
[11.440s] Invoking command in '/home/robosync/Robot/camera_ws/build/camera_ros': CMAKE_PREFIX_PATH=${CMAKE_PREFIX_PATH}:/home/robosync/Robot/camera_ws/install/nv21_converter_pkg:/opt/ros/humble LD_LIBRARY_PATH=/home/robosync/Robot/camera_ws/install/libcamera/lib:/home/robosync/Robot/camera_ws/install/camera_ros/lib:/opt/ros/humble/opt/rviz_ogre_vendor/lib:/opt/ros/humble/lib/aarch64-linux-gnu:/opt/ros/humble/lib PATH=/home/robosync/Robot/camera_ws/install/libcamera/bin:/home/robosync/.local/bin:/home/robosync/Robot/Dojo/install/robot_perception/bin:/home/robosync/Robot/Dojo/install/robot_perception/bin:/home/robosync/.local/bin:/opt/ros/humble/bin:/home/robosync/.local/bin:/home/robosync/.local/bin:/home/robosync/.local/bin:/usr/local/sbin:/usr/local/bin:/usr/sbin:/usr/bin:/sbin:/bin:/usr/games:/usr/local/games:/snap/bin /usr/bin/cmake --install /home/robosync/Robot/camera_ws/build/camera_ros
[11.469s] -- Install configuration: ""
[11.471s] -- Execute custom install script
[11.473s] -- Symlinking: /home/robosync/Robot/camera_ws/install/camera_ros/lib/camera_ros/camera_node
[11.544s] -- Symlinking: /home/robosync/Robot/camera_ws/install/camera_ros/share/camera_ros/environment/library_path.sh
[11.616s] -- Symlinking: /home/robosync/Robot/camera_ws/install/camera_ros/share/camera_ros/environment/library_path.dsv
[11.668s] -- Symlinking: /home/robosync/Robot/camera_ws/install/camera_ros/share/camera_ros//launch/camera.launch.py
[11.721s] -- Symlinking: /home/robosync/Robot/camera_ws/install/camera_ros/share/ament_index/resource_index/package_run_dependencies/camera_ros
[11.767s] -- Symlinking: /home/robosync/Robot/camera_ws/install/camera_ros/share/ament_index/resource_index/parent_prefix_path/camera_ros
[11.821s] -- Symlinking: /home/robosync/Robot/camera_ws/install/camera_ros/share/camera_ros/environment/ament_prefix_path.sh
[11.858s] -- Symlinking: /home/robosync/Robot/camera_ws/install/camera_ros/share/camera_ros/environment/ament_prefix_path.dsv
[11.893s] -- Symlinking: /home/robosync/Robot/camera_ws/install/camera_ros/share/camera_ros/environment/path.sh
[11.927s] -- Symlinking: /home/robosync/Robot/camera_ws/install/camera_ros/share/camera_ros/environment/path.dsv
[11.960s] -- Symlinking: /home/robosync/Robot/camera_ws/install/camera_ros/share/camera_ros/local_setup.bash
[11.993s] -- Symlinking: /home/robosync/Robot/camera_ws/install/camera_ros/share/camera_ros/local_setup.sh
[12.027s] -- Symlinking: /home/robosync/Robot/camera_ws/install/camera_ros/share/camera_ros/local_setup.zsh
[12.060s] -- Symlinking: /home/robosync/Robot/camera_ws/install/camera_ros/share/camera_ros/local_setup.dsv
[12.093s] -- Symlinking: /home/robosync/Robot/camera_ws/install/camera_ros/share/camera_ros/package.dsv
[12.128s] -- Symlinking: /home/robosync/Robot/camera_ws/install/camera_ros/share/ament_index/resource_index/packages/camera_ros
[12.163s] -- Symlinking: /home/robosync/Robot/camera_ws/install/camera_ros/share/ament_index/resource_index/rclcpp_components/camera_ros
[12.200s] -- Symlinking: /home/robosync/Robot/camera_ws/install/camera_ros/share/camera_ros/cmake/ament_cmake_export_targets-extras.cmake
[12.235s] -- Symlinking: /home/robosync/Robot/camera_ws/install/camera_ros/share/camera_ros/cmake/ament_cmake_export_dependencies-extras.cmake
[12.272s] -- Symlinking: /home/robosync/Robot/camera_ws/install/camera_ros/share/camera_ros/cmake/camera_rosConfig.cmake
[12.306s] -- Symlinking: /home/robosync/Robot/camera_ws/install/camera_ros/share/camera_ros/cmake/camera_rosConfig-version.cmake
[12.339s] -- Symlinking: /home/robosync/Robot/camera_ws/install/camera_ros/share/camera_ros/package.xml
[12.375s] -- Installing: /home/robosync/Robot/camera_ws/install/camera_ros/lib/libcamera_component.so
[12.419s] -- Set runtime path of "/home/robosync/Robot/camera_ws/install/camera_ros/lib/libcamera_component.so" to ""
[12.420s] -- Up-to-date: /home/robosync/Robot/camera_ws/install/camera_ros/share/camera_ros/cmake/camera_componentTargetsExport.cmake
[12.421s] -- Up-to-date: /home/robosync/Robot/camera_ws/install/camera_ros/share/camera_ros/cmake/camera_componentTargetsExport-noconfig.cmake
[12.428s] Invoked command in '/home/robosync/Robot/camera_ws/build/camera_ros' returned '0': CMAKE_PREFIX_PATH=${CMAKE_PREFIX_PATH}:/home/robosync/Robot/camera_ws/install/nv21_converter_pkg:/opt/ros/humble LD_LIBRARY_PATH=/home/robosync/Robot/camera_ws/install/libcamera/lib:/home/robosync/Robot/camera_ws/install/camera_ros/lib:/opt/ros/humble/opt/rviz_ogre_vendor/lib:/opt/ros/humble/lib/aarch64-linux-gnu:/opt/ros/humble/lib PATH=/home/robosync/Robot/camera_ws/install/libcamera/bin:/home/robosync/.local/bin:/home/robosync/Robot/Dojo/install/robot_perception/bin:/home/robosync/Robot/Dojo/install/robot_perception/bin:/home/robosync/.local/bin:/opt/ros/humble/bin:/home/robosync/.local/bin:/home/robosync/.local/bin:/home/robosync/.local/bin:/usr/local/sbin:/usr/local/bin:/usr/sbin:/usr/bin:/sbin:/bin:/usr/games:/usr/local/games:/snap/bin /usr/bin/cmake --install /home/robosync/Robot/camera_ws/build/camera_ros
