[4.314s] Invoking command in '/home/Dojo/Dojo/build/arduino_bridge': PYTHONPATH=/home/Dojo/Dojo/build/arduino_bridge/prefix_override:/usr/lib/python3/dist-packages/colcon_core/task/python/colcon_distutils_commands:/home/Dojo/Dojo/install/arduino_bridge/lib/python3.10/site-packages:${PYTHONPATH} /usr/bin/python3 -W ignore:setup.py install is deprecated -W ignore:easy_install command is deprecated setup.py develop --editable --build-directory /home/Dojo/Dojo/build/arduino_bridge/build --no-deps symlink_data
[4.675s] running develop
[4.887s] running egg_info
[4.887s] creating arduino_bridge.egg-info
[4.887s] writing arduino_bridge.egg-info/PKG-INFO
[4.888s] writing dependency_links to arduino_bridge.egg-info/dependency_links.txt
[4.888s] writing entry points to arduino_bridge.egg-info/entry_points.txt
[4.888s] writing requirements to arduino_bridge.egg-info/requires.txt
[4.888s] writing top-level names to arduino_bridge.egg-info/top_level.txt
[4.890s] writing manifest file 'arduino_bridge.egg-info/SOURCES.txt'
[4.891s] reading manifest file 'arduino_bridge.egg-info/SOURCES.txt'
[4.892s] writing manifest file 'arduino_bridge.egg-info/SOURCES.txt'
[4.893s] running build_ext
[4.893s] Creating /home/Dojo/Dojo/install/arduino_bridge/lib/python3.10/site-packages/arduino-bridge.egg-link (link to .)
[4.894s] Installing arduino_bridge_node script to /home/Dojo/Dojo/install/arduino_bridge/lib/arduino_bridge
[4.895s] Installing test_arduino_bridge script to /home/Dojo/Dojo/install/arduino_bridge/lib/arduino_bridge
[4.895s] 
[4.895s] Installed /home/Dojo/Dojo/build/arduino_bridge
[4.895s] running symlink_data
[4.895s] creating /home/Dojo/Dojo/install/arduino_bridge/share/ament_index
[4.895s] creating /home/Dojo/Dojo/install/arduino_bridge/share/ament_index/resource_index
[4.895s] creating /home/Dojo/Dojo/install/arduino_bridge/share/ament_index/resource_index/packages
[4.895s] symbolically linking /home/Dojo/Dojo/build/arduino_bridge/resource/arduino_bridge -> /home/Dojo/Dojo/install/arduino_bridge/share/ament_index/resource_index/packages
[4.896s] symbolically linking /home/Dojo/Dojo/build/arduino_bridge/package.xml -> /home/Dojo/Dojo/install/arduino_bridge/share/arduino_bridge
[4.896s] creating /home/Dojo/Dojo/install/arduino_bridge/share/arduino_bridge/launch
[4.896s] symbolically linking /home/Dojo/Dojo/build/arduino_bridge/launch/arduino_bridge.launch.py -> /home/Dojo/Dojo/install/arduino_bridge/share/arduino_bridge/launch
[4.896s] symbolically linking /home/Dojo/Dojo/build/arduino_bridge/launch/test_arduino.launch.py -> /home/Dojo/Dojo/install/arduino_bridge/share/arduino_bridge/launch
[4.896s] creating /home/Dojo/Dojo/install/arduino_bridge/share/arduino_bridge/config
[4.896s] symbolically linking /home/Dojo/Dojo/build/arduino_bridge/config/arduino_bridge_params.yaml -> /home/Dojo/Dojo/install/arduino_bridge/share/arduino_bridge/config
[4.958s] Invoked command in '/home/Dojo/Dojo/build/arduino_bridge' returned '0': PYTHONPATH=/home/Dojo/Dojo/build/arduino_bridge/prefix_override:/usr/lib/python3/dist-packages/colcon_core/task/python/colcon_distutils_commands:/home/Dojo/Dojo/install/arduino_bridge/lib/python3.10/site-packages:${PYTHONPATH} /usr/bin/python3 -W ignore:setup.py install is deprecated -W ignore:easy_install command is deprecated setup.py develop --editable --build-directory /home/Dojo/Dojo/build/arduino_bridge/build --no-deps symlink_data
