[1.140s] Invoking command in '/root/Dojo/build/camera_ros': CMAKE_PREFIX_PATH=${CMAKE_PREFIX_PATH}:/root/Dojo/install/robot_perception:/root/Dojo/install/robot_hardware:/root/Dojo/install/robot_control:/opt/ros/humble /usr/bin/cmake /root/Dojo/backup_packages/camera_ws/src/camera_ros -DAMENT_CMAKE_SYMLINK_INSTALL=1 -DCMAKE_INSTALL_PREFIX=/root/Dojo/install/camera_ros
[1.226s] -- The C compiler identification is GNU 11.4.0
[1.304s] -- The CXX compiler identification is GNU 11.4.0
[1.326s] -- Detecting C compiler ABI info
[1.433s] -- Detecting C compiler ABI info - done
[1.457s] -- Check for working C compiler: /usr/bin/cc - skipped
[1.458s] -- Detecting C compile features
[1.459s] -- Detecting C compile features - done
[1.463s] -- Detecting CXX compiler ABI info
[1.617s] -- Detecting CXX compiler ABI info - done
[1.632s] -- Check for working CXX compiler: /usr/bin/c++ - skipped
[1.632s] -- Detecting CXX compile features
[1.633s] -- Detecting CXX compile features - done
[1.642s] -- Found ament_cmake: 1.3.12 (/opt/ros/humble/share/ament_cmake/cmake)
[2.552s] -- Found Python3: /usr/bin/python3 (found version "3.10.12") found components: Interpreter 
[2.645s] -- Override CMake install command with custom implementation using symlinks instead of copying resources
[2.747s] -- Found PkgConfig: /usr/bin/pkg-config (found version "0.29.2") 
[2.755s] -- Found rclcpp: 16.0.14 (/opt/ros/humble/share/rclcpp/cmake)
[2.857s] -- Found rosidl_generator_c: 3.1.7 (/opt/ros/humble/share/rosidl_generator_c/cmake)
[2.869s] -- Found rosidl_adapter: 3.1.7 (/opt/ros/humble/share/rosidl_adapter/cmake)
[2.888s] -- Found rosidl_generator_cpp: 3.1.7 (/opt/ros/humble/share/rosidl_generator_cpp/cmake)
[2.915s] -- Using all available rosidl_typesupport_c: rosidl_typesupport_fastrtps_c;rosidl_typesupport_introspection_c
[2.948s] -- Using all available rosidl_typesupport_cpp: rosidl_typesupport_fastrtps_cpp;rosidl_typesupport_introspection_cpp
[3.047s] -- Found rmw_implementation_cmake: 6.1.2 (/opt/ros/humble/share/rmw_implementation_cmake/cmake)
[3.053s] -- Found rmw_fastrtps_cpp: 6.2.8 (/opt/ros/humble/share/rmw_fastrtps_cpp/cmake)
[3.209s] -- Found OpenSSL: /usr/lib/x86_64-linux-gnu/libcrypto.so (found version "3.0.2")  
[3.254s] -- Found FastRTPS: /opt/ros/humble/include  
[3.335s] -- Using RMW implementation 'rmw_fastrtps_cpp' as default
[3.355s] -- Looking for pthread.h
[3.466s] -- Looking for pthread.h - found
[3.467s] -- Performing Test CMAKE_HAVE_LIBC_PTHREAD
[3.564s] -- Performing Test CMAKE_HAVE_LIBC_PTHREAD - Success
[3.566s] -- Found Threads: TRUE  
[3.646s] -- Found rclcpp_components: 16.0.14 (/opt/ros/humble/share/rclcpp_components/cmake)
[3.696s] -- Found sensor_msgs: 4.9.0 (/opt/ros/humble/share/sensor_msgs/cmake)
[3.745s] -- Found camera_info_manager: 3.1.12 (/opt/ros/humble/share/camera_info_manager/cmake)
[3.773s] -- Found cv_bridge: 3.2.1 (/opt/ros/humble/share/cv_bridge/cmake)
[3.789s] -- Checking for module 'libcamera>=0.1'
[3.814s] --   Found libcamera, version 0.1.0
[3.881s] -- Found ament_lint_auto: 0.12.14 (/opt/ros/humble/share/ament_lint_auto/cmake)
[4.045s] -- Added test 'clang_format' to check C / C++ code style
[4.051s] -- Added test 'cppcheck' to perform static code analysis on C / C++ code
[4.051s] -- Configured cppcheck include dirs: 
[4.051s] -- Configured cppcheck exclude dirs and/or files: 
[4.053s] -- Added test 'flake8' to check Python code syntax and style conventions
[4.055s] -- Added test 'lint_cmake' to check CMake code style
[4.057s] -- Added test 'mypy' to statically type check Python code.
[4.058s] -- Added test 'pep257' to check Python code against some of the docstring style conventions in PEP 257
[4.059s] -- Added test 'pyflakes' to perform static code analysis on Python code
[4.061s] -- Added test 'xmllint' to check XML markup files
[4.064s] -- Configuring done
[4.090s] -- Generating done
[4.100s] -- Build files have been written to: /root/Dojo/build/camera_ros
[4.117s] Invoked command in '/root/Dojo/build/camera_ros' returned '0': CMAKE_PREFIX_PATH=${CMAKE_PREFIX_PATH}:/root/Dojo/install/robot_perception:/root/Dojo/install/robot_hardware:/root/Dojo/install/robot_control:/opt/ros/humble /usr/bin/cmake /root/Dojo/backup_packages/camera_ws/src/camera_ros -DAMENT_CMAKE_SYMLINK_INSTALL=1 -DCMAKE_INSTALL_PREFIX=/root/Dojo/install/camera_ros
[4.119s] Invoking command in '/root/Dojo/build/camera_ros': CMAKE_PREFIX_PATH=${CMAKE_PREFIX_PATH}:/root/Dojo/install/robot_perception:/root/Dojo/install/robot_hardware:/root/Dojo/install/robot_control:/opt/ros/humble /usr/bin/cmake --build /root/Dojo/build/camera_ros -- -j16 -l16
[4.198s] [ 23%] [32mBuilding CXX object CMakeFiles/param.dir/src/types.cpp.o[0m
[4.199s] [ 23%] [32mBuilding CXX object CMakeFiles/utils.dir/src/format_mapping.cpp.o[0m
[4.199s] [ 23%] [32mBuilding CXX object CMakeFiles/utils.dir/src/pretty_print.cpp.o[0m
[4.200s] [ 30%] [32mBuilding CXX object CMakeFiles/param.dir/src/pv_to_cv.cpp.o[0m
[4.200s] [ 38%] [32mBuilding CXX object CMakeFiles/camera_node.dir/rclcpp_components/node_main_camera_node.cpp.o[0m
[4.200s] [ 46%] [32mBuilding CXX object CMakeFiles/param.dir/src/ParameterHandler.cpp.o[0m
[4.200s] [ 53%] [32mBuilding CXX object CMakeFiles/param.dir/src/type_extent.cpp.o[0m
[4.201s] [ 61%] [32mBuilding CXX object CMakeFiles/param.dir/src/ParameterConflictHandler.cpp.o[0m
[4.215s] [ 69%] [32mBuilding CXX object CMakeFiles/param.dir/src/cv_to_pv.cpp.o[0m
[4.221s] [ 76%] [32mBuilding CXX object CMakeFiles/param.dir/src/clamp.cpp.o[0m
[6.090s] [ 76%] Built target utils
[9.655s] [ 76%] Built target param
[9.754s] [ 84%] [32mBuilding CXX object CMakeFiles/camera_component.dir/src/CameraNode.cpp.o[0m
[10.899s] [ 92%] [32m[1mLinking CXX executable camera_node[0m
[11.183s] [ 92%] Built target camera_node
[18.585s] [100%] [32m[1mLinking CXX shared library libcamera_component.so[0m
[19.026s] [100%] Built target camera_component
[19.038s] Invoked command in '/root/Dojo/build/camera_ros' returned '0': CMAKE_PREFIX_PATH=${CMAKE_PREFIX_PATH}:/root/Dojo/install/robot_perception:/root/Dojo/install/robot_hardware:/root/Dojo/install/robot_control:/opt/ros/humble /usr/bin/cmake --build /root/Dojo/build/camera_ros -- -j16 -l16
[19.040s] Invoking command in '/root/Dojo/build/camera_ros': CMAKE_PREFIX_PATH=${CMAKE_PREFIX_PATH}:/root/Dojo/install/robot_perception:/root/Dojo/install/robot_hardware:/root/Dojo/install/robot_control:/opt/ros/humble /usr/bin/cmake --install /root/Dojo/build/camera_ros
[19.048s] -- Install configuration: ""
[19.048s] -- Execute custom install script
[19.048s] -- Up-to-date symlink: /root/Dojo/install/camera_ros/lib/camera_ros/camera_node
[19.049s] -- Up-to-date symlink: /root/Dojo/install/camera_ros/share/camera_ros/environment/library_path.sh
[19.049s] -- Up-to-date symlink: /root/Dojo/install/camera_ros/share/camera_ros/environment/library_path.dsv
[19.049s] -- Up-to-date symlink: /root/Dojo/install/camera_ros/share/camera_ros//launch/camera.launch.py
[19.049s] -- Up-to-date symlink: /root/Dojo/install/camera_ros/share/ament_index/resource_index/package_run_dependencies/camera_ros
[19.050s] -- Up-to-date symlink: /root/Dojo/install/camera_ros/share/ament_index/resource_index/parent_prefix_path/camera_ros
[19.050s] -- Up-to-date symlink: /root/Dojo/install/camera_ros/share/camera_ros/environment/ament_prefix_path.sh
[19.050s] -- Up-to-date symlink: /root/Dojo/install/camera_ros/share/camera_ros/environment/ament_prefix_path.dsv
[19.050s] -- Up-to-date symlink: /root/Dojo/install/camera_ros/share/camera_ros/environment/path.sh
[19.050s] -- Up-to-date symlink: /root/Dojo/install/camera_ros/share/camera_ros/environment/path.dsv
[19.050s] -- Up-to-date symlink: /root/Dojo/install/camera_ros/share/camera_ros/local_setup.bash
[19.051s] -- Up-to-date symlink: /root/Dojo/install/camera_ros/share/camera_ros/local_setup.sh
[19.051s] -- Up-to-date symlink: /root/Dojo/install/camera_ros/share/camera_ros/local_setup.zsh
[19.051s] -- Up-to-date symlink: /root/Dojo/install/camera_ros/share/camera_ros/local_setup.dsv
[19.051s] -- Symlinking: /root/Dojo/install/camera_ros/share/camera_ros/package.dsv
[19.062s] -- Up-to-date symlink: /root/Dojo/install/camera_ros/share/ament_index/resource_index/packages/camera_ros
[19.062s] -- Up-to-date symlink: /root/Dojo/install/camera_ros/share/ament_index/resource_index/rclcpp_components/camera_ros
[19.062s] -- Up-to-date symlink: /root/Dojo/install/camera_ros/share/camera_ros/cmake/ament_cmake_export_targets-extras.cmake
[19.062s] -- Up-to-date symlink: /root/Dojo/install/camera_ros/share/camera_ros/cmake/ament_cmake_export_dependencies-extras.cmake
[19.063s] -- Up-to-date symlink: /root/Dojo/install/camera_ros/share/camera_ros/cmake/camera_rosConfig.cmake
[19.063s] -- Up-to-date symlink: /root/Dojo/install/camera_ros/share/camera_ros/cmake/camera_rosConfig-version.cmake
[19.063s] -- Up-to-date symlink: /root/Dojo/install/camera_ros/share/camera_ros/package.xml
[19.063s] -- Installing: /root/Dojo/install/camera_ros/lib/libcamera_component.so
[19.069s] -- Set runtime path of "/root/Dojo/install/camera_ros/lib/libcamera_component.so" to ""
[19.070s] -- Installing: /root/Dojo/install/camera_ros/share/camera_ros/cmake/camera_componentTargetsExport.cmake
[19.070s] -- Installing: /root/Dojo/install/camera_ros/share/camera_ros/cmake/camera_componentTargetsExport-noconfig.cmake
[19.072s] Invoked command in '/root/Dojo/build/camera_ros' returned '0': CMAKE_PREFIX_PATH=${CMAKE_PREFIX_PATH}:/root/Dojo/install/robot_perception:/root/Dojo/install/robot_hardware:/root/Dojo/install/robot_control:/opt/ros/humble /usr/bin/cmake --install /root/Dojo/build/camera_ros
