running develop
running egg_info
creating robot_sensors.egg-info
writing robot_sensors.egg-info/PKG-INFO
writing dependency_links to robot_sensors.egg-info/dependency_links.txt
writing entry points to robot_sensors.egg-info/entry_points.txt
writing requirements to robot_sensors.egg-info/requires.txt
writing top-level names to robot_sensors.egg-info/top_level.txt
writing manifest file 'robot_sensors.egg-info/SOURCES.txt'
package init file 'robot_sensors/__init__.py' not found (or not a regular file)
reading manifest file 'robot_sensors.egg-info/SOURCES.txt'
writing manifest file 'robot_sensors.egg-info/SOURCES.txt'
running build_ext
Creating /home/Dojo/Dojo/install/robot_sensors/lib/python3.10/site-packages/robot-sensors.egg-link (link to .)
Installing camera_publisher script to /home/Dojo/Dojo/install/robot_sensors/lib/robot_sensors

Installed /home/Dojo/Dojo/build/robot_sensors
running symlink_data
creating /home/Dojo/Dojo/install/robot_sensors/share/ament_index
creating /home/Dojo/Dojo/install/robot_sensors/share/ament_index/resource_index
creating /home/Dojo/Dojo/install/robot_sensors/share/ament_index/resource_index/packages
symbolically linking /home/Dojo/Dojo/build/robot_sensors/resource/robot_sensors -> /home/Dojo/Dojo/install/robot_sensors/share/ament_index/resource_index/packages
symbolically linking /home/Dojo/Dojo/build/robot_sensors/package.xml -> /home/Dojo/Dojo/install/robot_sensors/share/robot_sensors
creating /home/Dojo/Dojo/install/robot_sensors/share/robot_sensors/launch
symbolically linking /home/Dojo/Dojo/build/robot_sensors/launch/sensors.launch.py -> /home/Dojo/Dojo/install/robot_sensors/share/robot_sensors/launch
