[1.037s] Invoking command in '/home/Dojo/Dojo/build/robot_sensors': PYTHONPATH=/home/Dojo/Dojo/build/robot_sensors/prefix_override:/usr/lib/python3/dist-packages/colcon_core/task/python/colcon_distutils_commands:/home/Dojo/Dojo/install/robot_sensors/lib/python3.10/site-packages:${PYTHONPATH} /usr/bin/python3 -W ignore:setup.py install is deprecated -W ignore:easy_install command is deprecated setup.py develop --editable --build-directory /home/Dojo/Dojo/build/robot_sensors/build --no-deps symlink_data
[1.289s] running develop
[1.436s] running egg_info
[1.437s] creating robot_sensors.egg-info
[1.437s] writing robot_sensors.egg-info/PKG-INFO
[1.437s] writing dependency_links to robot_sensors.egg-info/dependency_links.txt
[1.437s] writing entry points to robot_sensors.egg-info/entry_points.txt
[1.437s] writing requirements to robot_sensors.egg-info/requires.txt
[1.437s] writing top-level names to robot_sensors.egg-info/top_level.txt
[1.438s] writing manifest file 'robot_sensors.egg-info/SOURCES.txt'
[1.439s] package init file 'robot_sensors/__init__.py' not found (or not a regular file)
[1.439s] reading manifest file 'robot_sensors.egg-info/SOURCES.txt'
[1.440s] writing manifest file 'robot_sensors.egg-info/SOURCES.txt'
[1.441s] running build_ext
[1.441s] Creating /home/Dojo/Dojo/install/robot_sensors/lib/python3.10/site-packages/robot-sensors.egg-link (link to .)
[1.442s] Installing camera_publisher script to /home/Dojo/Dojo/install/robot_sensors/lib/robot_sensors
[1.442s] 
[1.442s] Installed /home/Dojo/Dojo/build/robot_sensors
[1.442s] running symlink_data
[1.442s] creating /home/Dojo/Dojo/install/robot_sensors/share/ament_index
[1.442s] creating /home/Dojo/Dojo/install/robot_sensors/share/ament_index/resource_index
[1.442s] creating /home/Dojo/Dojo/install/robot_sensors/share/ament_index/resource_index/packages
[1.442s] symbolically linking /home/Dojo/Dojo/build/robot_sensors/resource/robot_sensors -> /home/Dojo/Dojo/install/robot_sensors/share/ament_index/resource_index/packages
[1.442s] symbolically linking /home/Dojo/Dojo/build/robot_sensors/package.xml -> /home/Dojo/Dojo/install/robot_sensors/share/robot_sensors
[1.443s] creating /home/Dojo/Dojo/install/robot_sensors/share/robot_sensors/launch
[1.443s] symbolically linking /home/Dojo/Dojo/build/robot_sensors/launch/sensors.launch.py -> /home/Dojo/Dojo/install/robot_sensors/share/robot_sensors/launch
[1.481s] Invoked command in '/home/Dojo/Dojo/build/robot_sensors' returned '0': PYTHONPATH=/home/Dojo/Dojo/build/robot_sensors/prefix_override:/usr/lib/python3/dist-packages/colcon_core/task/python/colcon_distutils_commands:/home/Dojo/Dojo/install/robot_sensors/lib/python3.10/site-packages:${PYTHONPATH} /usr/bin/python3 -W ignore:setup.py install is deprecated -W ignore:easy_install command is deprecated setup.py develop --editable --build-directory /home/Dojo/Dojo/build/robot_sensors/build --no-deps symlink_data
