[3.629s] Invoking command in '/root/Dojo/build/vision_system': PYTHONPATH=/root/Dojo/build/vision_system/prefix_override:/usr/lib/python3/dist-packages/colcon_core/task/python/colcon_distutils_commands:/root/Dojo/install/vision_system/lib/python3.10/site-packages:${PYTHONPATH} /usr/bin/python3 -W ignore:setup.py install is deprecated -W ignore:easy_install command is deprecated setup.py develop --editable --build-directory /root/Dojo/build/vision_system/build --no-deps symlink_data
[4.072s] running develop
[4.537s] running egg_info
[4.538s] creating vision_system.egg-info
[4.559s] writing vision_system.egg-info/PKG-INFO
[4.559s] writing dependency_links to vision_system.egg-info/dependency_links.txt
[4.560s] writing entry points to vision_system.egg-info/entry_points.txt
[4.560s] writing requirements to vision_system.egg-info/requires.txt
[4.560s] writing top-level names to vision_system.egg-info/top_level.txt
[4.560s] writing manifest file 'vision_system.egg-info/SOURCES.txt'
[4.616s] reading manifest file 'vision_system.egg-info/SOURCES.txt'
[4.617s] writing manifest file 'vision_system.egg-info/SOURCES.txt'
[4.652s] running build_ext
[4.652s] Creating /root/Dojo/install/vision_system/lib/python3.10/site-packages/vision-system.egg-link (link to .)
[4.662s] Installing object_detector script to /root/Dojo/install/vision_system/lib/vision_system
[4.663s] 
[4.665s] Installed /root/Dojo/build/vision_system
[4.666s] running symlink_data
[4.667s] creating /root/Dojo/install/vision_system/share/ament_index
[4.667s] creating /root/Dojo/install/vision_system/share/ament_index/resource_index
[4.669s] creating /root/Dojo/install/vision_system/share/ament_index/resource_index/packages
[4.669s] symbolically linking /root/Dojo/build/vision_system/resource/vision_system -> /root/Dojo/install/vision_system/share/ament_index/resource_index/packages
[4.669s] symbolically linking /root/Dojo/build/vision_system/package.xml -> /root/Dojo/install/vision_system/share/vision_system
[4.669s] creating /root/Dojo/install/vision_system/share/vision_system/launch
[4.669s] symbolically linking /root/Dojo/build/vision_system/launch/vision_system.launch.py -> /root/Dojo/install/vision_system/share/vision_system/launch
[4.670s] creating /root/Dojo/install/vision_system/share/vision_system/config
[4.837s] Invoked command in '/root/Dojo/build/vision_system' returned '0': PYTHONPATH=/root/Dojo/build/vision_system/prefix_override:/usr/lib/python3/dist-packages/colcon_core/task/python/colcon_distutils_commands:/root/Dojo/install/vision_system/lib/python3.10/site-packages:${PYTHONPATH} /usr/bin/python3 -W ignore:setup.py install is deprecated -W ignore:easy_install command is deprecated setup.py develop --editable --build-directory /root/Dojo/build/vision_system/build --no-deps symlink_data
