running egg_info
writing ../../build/nv21_converter_pkg/nv21_converter_pkg.egg-info/PKG-INFO
writing dependency_links to ../../build/nv21_converter_pkg/nv21_converter_pkg.egg-info/dependency_links.txt
writing entry points to ../../build/nv21_converter_pkg/nv21_converter_pkg.egg-info/entry_points.txt
writing requirements to ../../build/nv21_converter_pkg/nv21_converter_pkg.egg-info/requires.txt
writing top-level names to ../../build/nv21_converter_pkg/nv21_converter_pkg.egg-info/top_level.txt
reading manifest file '../../build/nv21_converter_pkg/nv21_converter_pkg.egg-info/SOURCES.txt'
writing manifest file '../../build/nv21_converter_pkg/nv21_converter_pkg.egg-info/SOURCES.txt'
running build
running build_py
copying nv21_converter_pkg/nv21_converter.py -> /home/robosync/Robot/camera_ws/build/nv21_converter_pkg/build/lib/nv21_converter_pkg
running install
running install_lib
copying /home/robosync/Robot/camera_ws/build/nv21_converter_pkg/build/lib/nv21_converter_pkg/nv21_converter.py -> /home/robosync/Robot/camera_ws/install/nv21_converter_pkg/lib/python3.10/site-packages/nv21_converter_pkg
byte-compiling /home/robosync/Robot/camera_ws/install/nv21_converter_pkg/lib/python3.10/site-packages/nv21_converter_pkg/nv21_converter.py to nv21_converter.cpython-310.pyc
running install_data
running install_egg_info
removing '/home/robosync/Robot/camera_ws/install/nv21_converter_pkg/lib/python3.10/site-packages/nv21_converter_pkg-0.0.0-py3.10.egg-info' (and everything under it)
Copying ../../build/nv21_converter_pkg/nv21_converter_pkg.egg-info to /home/robosync/Robot/camera_ws/install/nv21_converter_pkg/lib/python3.10/site-packages/nv21_converter_pkg-0.0.0-py3.10.egg-info
running install_scripts
Installing nv21_converter script to /home/robosync/Robot/camera_ws/install/nv21_converter_pkg/lib/nv21_converter_pkg
writing list of installed files to '/home/robosync/Robot/camera_ws/build/nv21_converter_pkg/install.log'
