[3.147s] Invoking command in '/home/robosync/Robot/camera_ws/src/nv21_converter_pkg': PYTHONPATH=/home/robosync/Robot/camera_ws/build/nv21_converter_pkg/prefix_override:/usr/lib/python3/dist-packages/colcon_core/task/python/colcon_distutils_commands:/home/robosync/Robot/camera_ws/install/nv21_converter_pkg/lib/python3.10/site-packages:${PYTHONPATH} /usr/bin/python3 -W ignore:setup.py install is deprecated -W ignore:easy_install command is deprecated setup.py egg_info --egg-base ../../build/nv21_converter_pkg build --build-base /home/robosync/Robot/camera_ws/build/nv21_converter_pkg/build install --record /home/robosync/Robot/camera_ws/build/nv21_converter_pkg/install.log --single-version-externally-managed install_data
[4.341s] running egg_info
[4.345s] writing ../../build/nv21_converter_pkg/nv21_converter_pkg.egg-info/PKG-INFO
[4.346s] writing dependency_links to ../../build/nv21_converter_pkg/nv21_converter_pkg.egg-info/dependency_links.txt
[4.347s] writing entry points to ../../build/nv21_converter_pkg/nv21_converter_pkg.egg-info/entry_points.txt
[4.348s] writing requirements to ../../build/nv21_converter_pkg/nv21_converter_pkg.egg-info/requires.txt
[4.348s] writing top-level names to ../../build/nv21_converter_pkg/nv21_converter_pkg.egg-info/top_level.txt
[4.356s] reading manifest file '../../build/nv21_converter_pkg/nv21_converter_pkg.egg-info/SOURCES.txt'
[4.360s] writing manifest file '../../build/nv21_converter_pkg/nv21_converter_pkg.egg-info/SOURCES.txt'
[4.361s] running build
[4.361s] running build_py
[4.362s] copying nv21_converter_pkg/nv21_converter.py -> /home/robosync/Robot/camera_ws/build/nv21_converter_pkg/build/lib/nv21_converter_pkg
[4.363s] running install
[4.365s] running install_lib
[4.368s] copying /home/robosync/Robot/camera_ws/build/nv21_converter_pkg/build/lib/nv21_converter_pkg/nv21_converter.py -> /home/robosync/Robot/camera_ws/install/nv21_converter_pkg/lib/python3.10/site-packages/nv21_converter_pkg
[4.371s] byte-compiling /home/robosync/Robot/camera_ws/install/nv21_converter_pkg/lib/python3.10/site-packages/nv21_converter_pkg/nv21_converter.py to nv21_converter.cpython-310.pyc
[4.374s] running install_data
[4.374s] running install_egg_info
[4.382s] removing '/home/robosync/Robot/camera_ws/install/nv21_converter_pkg/lib/python3.10/site-packages/nv21_converter_pkg-0.0.0-py3.10.egg-info' (and everything under it)
[4.384s] Copying ../../build/nv21_converter_pkg/nv21_converter_pkg.egg-info to /home/robosync/Robot/camera_ws/install/nv21_converter_pkg/lib/python3.10/site-packages/nv21_converter_pkg-0.0.0-py3.10.egg-info
[4.390s] running install_scripts
[4.485s] Installing nv21_converter script to /home/robosync/Robot/camera_ws/install/nv21_converter_pkg/lib/nv21_converter_pkg
[4.487s] writing list of installed files to '/home/robosync/Robot/camera_ws/build/nv21_converter_pkg/install.log'
[4.609s] Invoked command in '/home/robosync/Robot/camera_ws/src/nv21_converter_pkg' returned '0': PYTHONPATH=/home/robosync/Robot/camera_ws/build/nv21_converter_pkg/prefix_override:/usr/lib/python3/dist-packages/colcon_core/task/python/colcon_distutils_commands:/home/robosync/Robot/camera_ws/install/nv21_converter_pkg/lib/python3.10/site-packages:${PYTHONPATH} /usr/bin/python3 -W ignore:setup.py install is deprecated -W ignore:easy_install command is deprecated setup.py egg_info --egg-base ../../build/nv21_converter_pkg build --build-base /home/robosync/Robot/camera_ws/build/nv21_converter_pkg/build install --record /home/robosync/Robot/camera_ws/build/nv21_converter_pkg/install.log --single-version-externally-managed install_data
