[0.000000] (-) TimerEvent: {}
[0.000290] (arduino_bridge) JobQueued: {'identifier': 'arduino_bridge', 'dependencies': OrderedDict()}
[0.000579] (robot_control) JobQueued: {'identifier': 'robot_control', 'dependencies': OrderedDict()}
[0.000771] (robot_description) JobQueued: {'identifier': 'robot_description', 'dependencies': OrderedDict()}
[0.000821] (robot_navigation) JobQueued: {'identifier': 'robot_navigation', 'dependencies': OrderedDict()}
[0.000859] (robot_perception) JobQueued: {'identifier': 'robot_perception', 'dependencies': OrderedDict()}
[0.000918] (robot_sensors) JobQueued: {'identifier': 'robot_sensors', 'dependencies': OrderedDict()}
[0.000972] (ros2arduino_bridge) JobQueued: {'identifier': 'ros2arduino_bridge', 'dependencies': OrderedDict()}
[0.001004] (vision_system) JobQueued: {'identifier': 'vision_system', 'dependencies': OrderedDict()}
[0.001022] (robot_bringup) JobQueued: {'identifier': 'robot_bringup', 'dependencies': OrderedDict([('robot_control', '/home/Dojo/Dojo/install/robot_control'), ('robot_description', '/home/Dojo/Dojo/install/robot_description'), ('robot_navigation', '/home/Dojo/Dojo/install/robot_navigation'), ('robot_perception', '/home/Dojo/Dojo/install/robot_perception'), ('robot_sensors', '/home/Dojo/Dojo/install/robot_sensors')])}
[0.001112] (robot_gazebo) JobQueued: {'identifier': 'robot_gazebo', 'dependencies': OrderedDict([('robot_description', '/home/Dojo/Dojo/install/robot_description')])}
[0.001137] (robot_description) JobStarted: {'identifier': 'robot_description'}
[0.007648] (robot_control) JobStarted: {'identifier': 'robot_control'}
[0.013443] (robot_navigation) JobStarted: {'identifier': 'robot_navigation'}
[0.017265] (robot_perception) JobStarted: {'identifier': 'robot_perception'}
[0.020917] (robot_sensors) JobStarted: {'identifier': 'robot_sensors'}
[0.025976] (arduino_bridge) JobStarted: {'identifier': 'arduino_bridge'}
[0.030867] (ros2arduino_bridge) JobStarted: {'identifier': 'ros2arduino_bridge'}
[0.035811] (vision_system) JobStarted: {'identifier': 'vision_system'}
[0.042084] (robot_description) JobProgress: {'identifier': 'robot_description', 'progress': 'cmake'}
[0.042699] (robot_description) JobProgress: {'identifier': 'robot_description', 'progress': 'build'}
[0.043307] (robot_description) Command: {'cmd': ['/usr/bin/cmake', '--build', '/home/Dojo/Dojo/build/robot_description', '--', '-j16', '-l16'], 'cwd': '/home/Dojo/Dojo/build/robot_description', 'env': OrderedDict([('HOSTNAME', 'gareth-joel-HP-Pavilion-Gaming-Laptop-15-ec2xxx'), ('SHLVL', '0'), ('LD_LIBRARY_PATH', '/usr/lib/x86_64-linux-gnu/gazebo-11/plugins:/opt/ros/humble/opt/rviz_ogre_vendor/lib:/opt/ros/humble/lib/x86_64-linux-gnu:/opt/ros/humble/lib'), ('HOME', '/root'), ('OLDPWD', '/ros2_ws'), ('ROS_PYTHON_VERSION', '3'), ('ROS_DISTRO', 'humble'), ('_', '/usr/bin/colcon'), ('ROS_VERSION', '2'), ('NVIDIA_DRIVER_CAPABILITIES', 'all'), ('TERM', 'xterm'), ('ROS_LOCALHOST_ONLY', '0'), ('PATH', '/opt/ros/humble/bin:/usr/local/sbin:/usr/local/bin:/usr/sbin:/usr/bin:/sbin:/bin'), ('XDG_RUNTIME_DIR', '/tmp'), ('DISPLAY', ':0'), ('LANG', 'C.UTF-8'), ('AMENT_PREFIX_PATH', '/opt/ros/humble'), ('DEBIAN_FRONTEND', 'noninteractive'), ('PWD', '/home/Dojo/Dojo/build/robot_description'), ('LC_ALL', 'C.UTF-8'), ('PYTHONPATH', '/opt/ros/humble/lib/python3.10/site-packages:/opt/ros/humble/local/lib/python3.10/dist-packages'), ('NVIDIA_VISIBLE_DEVICES', 'all'), ('COLCON', '1'), ('CMAKE_PREFIX_PATH', '/opt/ros/humble')]), 'shell': False}
[0.099804] (-) TimerEvent: {}
[0.200070] (-) TimerEvent: {}
[0.296374] (robot_navigation) JobProgress: {'identifier': 'robot_navigation', 'progress': 'cmake'}
[0.296873] (robot_navigation) JobProgress: {'identifier': 'robot_navigation', 'progress': 'build'}
[0.297070] (robot_navigation) Command: {'cmd': ['/usr/bin/cmake', '--build', '/home/Dojo/Dojo/build/robot_navigation', '--', '-j16', '-l16'], 'cwd': '/home/Dojo/Dojo/build/robot_navigation', 'env': OrderedDict([('HOSTNAME', 'gareth-joel-HP-Pavilion-Gaming-Laptop-15-ec2xxx'), ('SHLVL', '0'), ('LD_LIBRARY_PATH', '/usr/lib/x86_64-linux-gnu/gazebo-11/plugins:/opt/ros/humble/opt/rviz_ogre_vendor/lib:/opt/ros/humble/lib/x86_64-linux-gnu:/opt/ros/humble/lib'), ('HOME', '/root'), ('OLDPWD', '/ros2_ws'), ('ROS_PYTHON_VERSION', '3'), ('ROS_DISTRO', 'humble'), ('_', '/usr/bin/colcon'), ('ROS_VERSION', '2'), ('NVIDIA_DRIVER_CAPABILITIES', 'all'), ('TERM', 'xterm'), ('ROS_LOCALHOST_ONLY', '0'), ('PATH', '/opt/ros/humble/bin:/usr/local/sbin:/usr/local/bin:/usr/sbin:/usr/bin:/sbin:/bin'), ('XDG_RUNTIME_DIR', '/tmp'), ('DISPLAY', ':0'), ('LANG', 'C.UTF-8'), ('AMENT_PREFIX_PATH', '/opt/ros/humble'), ('DEBIAN_FRONTEND', 'noninteractive'), ('PWD', '/home/Dojo/Dojo/build/robot_navigation'), ('LC_ALL', 'C.UTF-8'), ('PYTHONPATH', '/opt/ros/humble/lib/python3.10/site-packages:/opt/ros/humble/local/lib/python3.10/dist-packages'), ('NVIDIA_VISIBLE_DEVICES', 'all'), ('COLCON', '1'), ('CMAKE_PREFIX_PATH', '/opt/ros/humble')]), 'shell': False}
[0.298751] (robot_perception) JobProgress: {'identifier': 'robot_perception', 'progress': 'cmake'}
[0.298922] (robot_perception) JobProgress: {'identifier': 'robot_perception', 'progress': 'build'}
[0.299254] (robot_perception) Command: {'cmd': ['/usr/bin/cmake', '--build', '/home/Dojo/Dojo/build/robot_perception', '--', '-j16', '-l16'], 'cwd': '/home/Dojo/Dojo/build/robot_perception', 'env': OrderedDict([('HOSTNAME', 'gareth-joel-HP-Pavilion-Gaming-Laptop-15-ec2xxx'), ('SHLVL', '0'), ('LD_LIBRARY_PATH', '/usr/lib/x86_64-linux-gnu/gazebo-11/plugins:/opt/ros/humble/opt/rviz_ogre_vendor/lib:/opt/ros/humble/lib/x86_64-linux-gnu:/opt/ros/humble/lib'), ('HOME', '/root'), ('OLDPWD', '/ros2_ws'), ('ROS_PYTHON_VERSION', '3'), ('ROS_DISTRO', 'humble'), ('_', '/usr/bin/colcon'), ('ROS_VERSION', '2'), ('NVIDIA_DRIVER_CAPABILITIES', 'all'), ('TERM', 'xterm'), ('ROS_LOCALHOST_ONLY', '0'), ('PATH', '/opt/ros/humble/bin:/usr/local/sbin:/usr/local/bin:/usr/sbin:/usr/bin:/sbin:/bin'), ('XDG_RUNTIME_DIR', '/tmp'), ('DISPLAY', ':0'), ('LANG', 'C.UTF-8'), ('AMENT_PREFIX_PATH', '/opt/ros/humble'), ('DEBIAN_FRONTEND', 'noninteractive'), ('PWD', '/home/Dojo/Dojo/build/robot_perception'), ('LC_ALL', 'C.UTF-8'), ('PYTHONPATH', '/opt/ros/humble/lib/python3.10/site-packages:/opt/ros/humble/local/lib/python3.10/dist-packages'), ('NVIDIA_VISIBLE_DEVICES', 'all'), ('COLCON', '1'), ('CMAKE_PREFIX_PATH', '/opt/ros/humble')]), 'shell': False}
[0.300822] (-) TimerEvent: {}
[0.401059] (-) TimerEvent: {}
[0.501396] (-) TimerEvent: {}
[0.601727] (-) TimerEvent: {}
[0.702015] (-) TimerEvent: {}
[0.802316] (-) TimerEvent: {}
[0.902639] (-) TimerEvent: {}
[1.002949] (-) TimerEvent: {}
[1.049312] (robot_description) StdoutLine: {'line': b'Built target ament_cmake_python_symlink_robot_description\n'}
[1.050817] (robot_description) StdoutLine: {'line': b'running egg_info\n'}
[1.051173] (robot_description) StdoutLine: {'line': b'writing robot_description.egg-info/PKG-INFO\n'}
[1.051593] (robot_description) StdoutLine: {'line': b'writing dependency_links to robot_description.egg-info/dependency_links.txt\n'}
[1.052042] (robot_description) StdoutLine: {'line': b'writing top-level names to robot_description.egg-info/top_level.txt\n'}
[1.052146] (robot_description) StdoutLine: {'line': b"reading manifest file 'robot_description.egg-info/SOURCES.txt'\n"}
[1.052278] (robot_description) StdoutLine: {'line': b"writing manifest file 'robot_description.egg-info/SOURCES.txt'\n"}
[1.052340] (robot_description) StdoutLine: {'line': b'Built target ament_cmake_python_build_robot_description_egg\n'}
[1.052393] (robot_perception) StdoutLine: {'line': b'Built target ament_cmake_python_symlink_robot_perception\n'}
[1.052559] (robot_perception) StdoutLine: {'line': b'running egg_info\n'}
[1.052925] (robot_perception) StdoutLine: {'line': b'writing robot_perception.egg-info/PKG-INFO\n'}
[1.052992] (robot_perception) StdoutLine: {'line': b'writing dependency_links to robot_perception.egg-info/dependency_links.txt\n'}
[1.053060] (robot_perception) StdoutLine: {'line': b'writing top-level names to robot_perception.egg-info/top_level.txt\n'}
[1.053124] (robot_perception) StdoutLine: {'line': b"reading manifest file 'robot_perception.egg-info/SOURCES.txt'\n"}
[1.053202] (robot_perception) StdoutLine: {'line': b"writing manifest file 'robot_perception.egg-info/SOURCES.txt'\n"}
[1.053266] (robot_perception) StdoutLine: {'line': b'Built target ament_cmake_python_build_robot_perception_egg\n'}
[1.053331] (robot_navigation) CommandEnded: {'returncode': 0}
[1.053553] (robot_navigation) JobProgress: {'identifier': 'robot_navigation', 'progress': 'install'}
[1.061364] (robot_navigation) Command: {'cmd': ['/usr/bin/cmake', '--install', '/home/Dojo/Dojo/build/robot_navigation'], 'cwd': '/home/Dojo/Dojo/build/robot_navigation', 'env': OrderedDict([('HOSTNAME', 'gareth-joel-HP-Pavilion-Gaming-Laptop-15-ec2xxx'), ('SHLVL', '0'), ('LD_LIBRARY_PATH', '/usr/lib/x86_64-linux-gnu/gazebo-11/plugins:/opt/ros/humble/opt/rviz_ogre_vendor/lib:/opt/ros/humble/lib/x86_64-linux-gnu:/opt/ros/humble/lib'), ('HOME', '/root'), ('OLDPWD', '/ros2_ws'), ('ROS_PYTHON_VERSION', '3'), ('ROS_DISTRO', 'humble'), ('_', '/usr/bin/colcon'), ('ROS_VERSION', '2'), ('NVIDIA_DRIVER_CAPABILITIES', 'all'), ('TERM', 'xterm'), ('ROS_LOCALHOST_ONLY', '0'), ('PATH', '/opt/ros/humble/bin:/usr/local/sbin:/usr/local/bin:/usr/sbin:/usr/bin:/sbin:/bin'), ('XDG_RUNTIME_DIR', '/tmp'), ('DISPLAY', ':0'), ('LANG', 'C.UTF-8'), ('AMENT_PREFIX_PATH', '/opt/ros/humble'), ('DEBIAN_FRONTEND', 'noninteractive'), ('PWD', '/home/Dojo/Dojo/build/robot_navigation'), ('LC_ALL', 'C.UTF-8'), ('PYTHONPATH', '/opt/ros/humble/lib/python3.10/site-packages:/opt/ros/humble/local/lib/python3.10/dist-packages'), ('NVIDIA_VISIBLE_DEVICES', 'all'), ('COLCON', '1'), ('CMAKE_PREFIX_PATH', '/opt/ros/humble')]), 'shell': False}
[1.062479] (robot_perception) CommandEnded: {'returncode': 0}
[1.062912] (robot_perception) JobProgress: {'identifier': 'robot_perception', 'progress': 'install'}
[1.063080] (robot_perception) Command: {'cmd': ['/usr/bin/cmake', '--install', '/home/Dojo/Dojo/build/robot_perception'], 'cwd': '/home/Dojo/Dojo/build/robot_perception', 'env': OrderedDict([('HOSTNAME', 'gareth-joel-HP-Pavilion-Gaming-Laptop-15-ec2xxx'), ('SHLVL', '0'), ('LD_LIBRARY_PATH', '/usr/lib/x86_64-linux-gnu/gazebo-11/plugins:/opt/ros/humble/opt/rviz_ogre_vendor/lib:/opt/ros/humble/lib/x86_64-linux-gnu:/opt/ros/humble/lib'), ('HOME', '/root'), ('OLDPWD', '/ros2_ws'), ('ROS_PYTHON_VERSION', '3'), ('ROS_DISTRO', 'humble'), ('_', '/usr/bin/colcon'), ('ROS_VERSION', '2'), ('NVIDIA_DRIVER_CAPABILITIES', 'all'), ('TERM', 'xterm'), ('ROS_LOCALHOST_ONLY', '0'), ('PATH', '/opt/ros/humble/bin:/usr/local/sbin:/usr/local/bin:/usr/sbin:/usr/bin:/sbin:/bin'), ('XDG_RUNTIME_DIR', '/tmp'), ('DISPLAY', ':0'), ('LANG', 'C.UTF-8'), ('AMENT_PREFIX_PATH', '/opt/ros/humble'), ('DEBIAN_FRONTEND', 'noninteractive'), ('PWD', '/home/Dojo/Dojo/build/robot_perception'), ('LC_ALL', 'C.UTF-8'), ('PYTHONPATH', '/opt/ros/humble/lib/python3.10/site-packages:/opt/ros/humble/local/lib/python3.10/dist-packages'), ('NVIDIA_VISIBLE_DEVICES', 'all'), ('COLCON', '1'), ('CMAKE_PREFIX_PATH', '/opt/ros/humble')]), 'shell': False}
[1.103035] (-) TimerEvent: {}
[1.203322] (-) TimerEvent: {}
[1.298208] (robot_description) CommandEnded: {'returncode': 0}
[1.298734] (robot_description) JobProgress: {'identifier': 'robot_description', 'progress': 'install'}
[1.298898] (robot_description) Command: {'cmd': ['/usr/bin/cmake', '--install', '/home/Dojo/Dojo/build/robot_description'], 'cwd': '/home/Dojo/Dojo/build/robot_description', 'env': OrderedDict([('HOSTNAME', 'gareth-joel-HP-Pavilion-Gaming-Laptop-15-ec2xxx'), ('SHLVL', '0'), ('LD_LIBRARY_PATH', '/usr/lib/x86_64-linux-gnu/gazebo-11/plugins:/opt/ros/humble/opt/rviz_ogre_vendor/lib:/opt/ros/humble/lib/x86_64-linux-gnu:/opt/ros/humble/lib'), ('HOME', '/root'), ('OLDPWD', '/ros2_ws'), ('ROS_PYTHON_VERSION', '3'), ('ROS_DISTRO', 'humble'), ('_', '/usr/bin/colcon'), ('ROS_VERSION', '2'), ('NVIDIA_DRIVER_CAPABILITIES', 'all'), ('TERM', 'xterm'), ('ROS_LOCALHOST_ONLY', '0'), ('PATH', '/opt/ros/humble/bin:/usr/local/sbin:/usr/local/bin:/usr/sbin:/usr/bin:/sbin:/bin'), ('XDG_RUNTIME_DIR', '/tmp'), ('DISPLAY', ':0'), ('LANG', 'C.UTF-8'), ('AMENT_PREFIX_PATH', '/opt/ros/humble'), ('DEBIAN_FRONTEND', 'noninteractive'), ('PWD', '/home/Dojo/Dojo/build/robot_description'), ('LC_ALL', 'C.UTF-8'), ('PYTHONPATH', '/opt/ros/humble/lib/python3.10/site-packages:/opt/ros/humble/local/lib/python3.10/dist-packages'), ('NVIDIA_VISIBLE_DEVICES', 'all'), ('COLCON', '1'), ('CMAKE_PREFIX_PATH', '/opt/ros/humble')]), 'shell': False}
[1.300437] (robot_navigation) StdoutLine: {'line': b'-- Install configuration: ""\n'}
[1.300766] (robot_navigation) StdoutLine: {'line': b'-- Execute custom install script\n'}
[1.301062] (robot_navigation) StdoutLine: {'line': b'-- Up-to-date symlink: /home/Dojo/Dojo/install/robot_navigation/share/robot_navigation/navigation.launch.py\n'}
[1.301182] (robot_navigation) StdoutLine: {'line': b'-- Up-to-date symlink: /home/Dojo/Dojo/install/robot_navigation/share/robot_navigation/localization.launch.py\n'}
[1.301339] (robot_navigation) StdoutLine: {'line': b'-- Up-to-date symlink: /home/Dojo/Dojo/install/robot_navigation/share/robot_navigation/map_server.launch.py\n'}
[1.301488] (robot_navigation) StdoutLine: {'line': b'-- Up-to-date symlink: /home/Dojo/Dojo/install/robot_navigation/share/robot_navigation/nav2_params.yaml\n'}
[1.301560] (robot_navigation) StdoutLine: {'line': b'-- Up-to-date symlink: /home/Dojo/Dojo/install/robot_navigation/share/robot_navigation/localization_params.yaml\n'}
[1.301640] (robot_navigation) StdoutLine: {'line': b'-- Up-to-date symlink: /home/Dojo/Dojo/install/robot_navigation/share/robot_navigation/map_server_params.yaml\n'}
[1.301697] (robot_navigation) StdoutLine: {'line': b'-- Up-to-date symlink: /home/Dojo/Dojo/install/robot_navigation/share/robot_navigation/bt_navigator_params.yaml\n'}
[1.302188] (robot_navigation) StdoutLine: {'line': b'-- Up-to-date symlink: /home/Dojo/Dojo/install/robot_navigation/share/robot_navigation/planner_params.yaml\n'}
[1.302262] (robot_navigation) StdoutLine: {'line': b'-- Up-to-date symlink: /home/Dojo/Dojo/install/robot_navigation/share/robot_navigation/controller_params.yaml\n'}
[1.302480] (robot_navigation) StdoutLine: {'line': b'-- Up-to-date symlink: /home/Dojo/Dojo/install/robot_navigation/share/robot_navigation/costmap_common_params.yaml\n'}
[1.302605] (robot_navigation) StdoutLine: {'line': b'-- Up-to-date symlink: /home/Dojo/Dojo/install/robot_navigation/share/robot_navigation/global_costmap_params.yaml\n'}
[1.302684] (robot_navigation) StdoutLine: {'line': b'-- Up-to-date symlink: /home/Dojo/Dojo/install/robot_navigation/share/robot_navigation/local_costmap_params.yaml\n'}
[1.303246] (robot_navigation) StdoutLine: {'line': b'-- Up-to-date symlink: /home/Dojo/Dojo/install/robot_navigation/share/robot_navigation/launch/localization.launch.py\n'}
[1.303385] (-) TimerEvent: {}
[1.303633] (robot_navigation) StdoutLine: {'line': b'-- Up-to-date symlink: /home/Dojo/Dojo/install/robot_navigation/share/robot_navigation/launch/map_server.launch.py\n'}
[1.303935] (robot_navigation) StdoutLine: {'line': b'-- Up-to-date symlink: /home/Dojo/Dojo/install/robot_navigation/share/robot_navigation/launch/navigation.launch.py\n'}
[1.304074] (robot_navigation) StdoutLine: {'line': b'-- Up-to-date symlink: /home/Dojo/Dojo/install/robot_navigation/share/robot_navigation/config/bt_navigator_params.yaml\n'}
[1.304187] (robot_navigation) StdoutLine: {'line': b'-- Up-to-date symlink: /home/Dojo/Dojo/install/robot_navigation/share/robot_navigation/config/controller_params.yaml\n'}
[1.304454] (robot_navigation) StdoutLine: {'line': b'-- Up-to-date symlink: /home/Dojo/Dojo/install/robot_navigation/share/robot_navigation/config/costmap_common_params.yaml\n'}
[1.304523] (robot_navigation) StdoutLine: {'line': b'-- Up-to-date symlink: /home/Dojo/Dojo/install/robot_navigation/share/robot_navigation/config/global_costmap_params.yaml\n'}
[1.304584] (robot_navigation) StdoutLine: {'line': b'-- Up-to-date symlink: /home/Dojo/Dojo/install/robot_navigation/share/robot_navigation/config/local_costmap_params.yaml\n'}
[1.304639] (robot_navigation) StdoutLine: {'line': b'-- Up-to-date symlink: /home/Dojo/Dojo/install/robot_navigation/share/robot_navigation/config/localization_params.yaml\n'}
[1.304706] (robot_navigation) StdoutLine: {'line': b'-- Up-to-date symlink: /home/Dojo/Dojo/install/robot_navigation/share/robot_navigation/config/map_server_params.yaml\n'}
[1.304762] (robot_navigation) StdoutLine: {'line': b'-- Up-to-date symlink: /home/Dojo/Dojo/install/robot_navigation/share/robot_navigation/config/nav2_params.yaml\n'}
[1.304815] (robot_navigation) StdoutLine: {'line': b'-- Up-to-date symlink: /home/Dojo/Dojo/install/robot_navigation/share/robot_navigation/config/planner_params.yaml\n'}
[1.304873] (robot_navigation) StdoutLine: {'line': b'-- Up-to-date symlink: /home/Dojo/Dojo/install/robot_navigation/share/robot_navigation/config/bt_navigator_params.yaml\n'}
[1.304951] (robot_navigation) StdoutLine: {'line': b'-- Up-to-date symlink: /home/Dojo/Dojo/install/robot_navigation/share/robot_navigation/config/controller_params.yaml\n'}
[1.305070] (robot_navigation) StdoutLine: {'line': b'-- Up-to-date symlink: /home/Dojo/Dojo/install/robot_navigation/share/robot_navigation/config/costmap_common_params.yaml\n'}
[1.305128] (robot_navigation) StdoutLine: {'line': b'-- Up-to-date symlink: /home/Dojo/Dojo/install/robot_navigation/share/robot_navigation/config/global_costmap_params.yaml\n'}
[1.305194] (robot_navigation) StdoutLine: {'line': b'-- Up-to-date symlink: /home/Dojo/Dojo/install/robot_navigation/share/robot_navigation/config/local_costmap_params.yaml\n'}
[1.305278] (robot_navigation) StdoutLine: {'line': b'-- Up-to-date symlink: /home/Dojo/Dojo/install/robot_navigation/share/robot_navigation/config/localization_params.yaml\n'}
[1.305338] (robot_navigation) StdoutLine: {'line': b'-- Up-to-date symlink: /home/Dojo/Dojo/install/robot_navigation/share/robot_navigation/config/map_server_params.yaml\n'}
[1.305798] (robot_navigation) StdoutLine: {'line': b'-- Up-to-date symlink: /home/Dojo/Dojo/install/robot_navigation/share/robot_navigation/config/nav2_params.yaml\n'}
[1.305854] (robot_navigation) StdoutLine: {'line': b'-- Up-to-date symlink: /home/Dojo/Dojo/install/robot_navigation/share/robot_navigation/config/planner_params.yaml\n'}
[1.305937] (robot_navigation) StdoutLine: {'line': b'-- Up-to-date symlink: /home/Dojo/Dojo/install/robot_navigation/share/robot_navigation/launch/localization.launch.py\n'}
[1.306302] (robot_perception) StdoutLine: {'line': b'-- Install configuration: ""\n'}
[1.306444] (robot_perception) StdoutLine: {'line': b'-- Execute custom install script\n'}
[1.306544] (robot_perception) StdoutLine: {'line': b'-- Up-to-date symlink: /home/Dojo/Dojo/install/robot_perception/share/robot_perception/environment/pythonpath.sh\n'}
[1.306635] (robot_perception) StdoutLine: {'line': b'-- Up-to-date symlink: /home/Dojo/Dojo/install/robot_perception/share/robot_perception/environment/pythonpath.dsv\n'}
[1.306817] (robot_perception) StdoutLine: {'line': b'-- Up-to-date symlink: /home/Dojo/Dojo/install/robot_perception/local/lib/python3.10/dist-packages/robot_perception-0.0.1-py3.10.egg-info/PKG-INFO\n'}
[1.306913] (robot_perception) StdoutLine: {'line': b'-- Up-to-date symlink: /home/Dojo/Dojo/install/robot_perception/local/lib/python3.10/dist-packages/robot_perception-0.0.1-py3.10.egg-info/SOURCES.txt\n'}
[1.307190] (robot_perception) StdoutLine: {'line': b'-- Up-to-date symlink: /home/Dojo/Dojo/install/robot_perception/local/lib/python3.10/dist-packages/robot_perception-0.0.1-py3.10.egg-info/dependency_links.txt\n'}
[1.307292] (robot_perception) StdoutLine: {'line': b'-- Up-to-date symlink: /home/Dojo/Dojo/install/robot_perception/local/lib/python3.10/dist-packages/robot_perception-0.0.1-py3.10.egg-info/top_level.txt\n'}
[1.307382] (robot_perception) StdoutLine: {'line': b'-- Up-to-date symlink: /home/Dojo/Dojo/install/robot_perception/local/lib/python3.10/dist-packages/robot_perception/__init__.py\n'}
[1.307519] (robot_perception) StdoutLine: {'line': b'-- Up-to-date symlink: /home/Dojo/Dojo/install/robot_perception/share/robot_perception/launch/perception.launch.py\n'}
[1.307606] (robot_perception) StdoutLine: {'line': b'-- Up-to-date symlink: /home/Dojo/Dojo/install/robot_perception/share/robot_perception/launch/robot_perception.launch.py\n'}
[1.307695] (robot_perception) StdoutLine: {'line': b'-- Up-to-date symlink: /home/Dojo/Dojo/install/robot_perception/share/robot_perception/config/robot_perception_params.yaml\n'}
[1.308051] (robot_perception) StdoutLine: {'line': b'-- Up-to-date symlink: /home/Dojo/Dojo/install/robot_perception/share/ament_index/resource_index/package_run_dependencies/robot_perception\n'}
[1.308181] (robot_perception) StdoutLine: {'line': b'-- Up-to-date symlink: /home/Dojo/Dojo/install/robot_perception/share/ament_index/resource_index/parent_prefix_path/robot_perception\n'}
[1.308277] (robot_perception) StdoutLine: {'line': b'-- Up-to-date symlink: /home/Dojo/Dojo/install/robot_perception/share/robot_perception/environment/ament_prefix_path.sh\n'}
[1.308716] (robot_perception) StdoutLine: {'line': b'-- Up-to-date symlink: /home/Dojo/Dojo/install/robot_perception/share/robot_perception/environment/ament_prefix_path.dsv\n'}
[1.309206] (robot_perception) StdoutLine: {'line': b'-- Up-to-date symlink: /home/Dojo/Dojo/install/robot_perception/share/robot_perception/environment/path.sh\n'}
[1.309294] (robot_perception) StdoutLine: {'line': b'-- Up-to-date symlink: /home/Dojo/Dojo/install/robot_perception/share/robot_perception/environment/path.dsv\n'}
[1.309375] (robot_perception) StdoutLine: {'line': b'-- Up-to-date symlink: /home/Dojo/Dojo/install/robot_perception/share/robot_perception/local_setup.bash\n'}
[1.309621] (robot_perception) StdoutLine: {'line': b'-- Up-to-date symlink: /home/Dojo/Dojo/install/robot_perception/share/robot_perception/local_setup.sh\n'}
[1.309859] (robot_perception) StdoutLine: {'line': b'-- Up-to-date symlink: /home/Dojo/Dojo/install/robot_perception/share/robot_perception/local_setup.zsh\n'}
[1.309944] (robot_perception) StdoutLine: {'line': b'-- Up-to-date symlink: /home/Dojo/Dojo/install/robot_perception/share/robot_perception/local_setup.dsv\n'}
[1.310018] (robot_perception) StdoutLine: {'line': b'-- Symlinking: /home/Dojo/Dojo/install/robot_perception/share/robot_perception/package.dsv\n'}
[1.310101] (robot_perception) StdoutLine: {'line': b'-- Up-to-date symlink: /home/Dojo/Dojo/install/robot_perception/share/ament_index/resource_index/packages/robot_perception\n'}
[1.310177] (robot_perception) StdoutLine: {'line': b'-- Up-to-date symlink: /home/Dojo/Dojo/install/robot_perception/share/robot_perception/cmake/robot_perceptionConfig.cmake\n'}
[1.310332] (robot_perception) StdoutLine: {'line': b'-- Up-to-date symlink: /home/Dojo/Dojo/install/robot_perception/share/robot_perception/cmake/robot_perceptionConfig-version.cmake\n'}
[1.310446] (robot_perception) StdoutLine: {'line': b'-- Up-to-date symlink: /home/Dojo/Dojo/install/robot_perception/share/robot_perception/package.xml\n'}
[1.310672] (robot_perception) StdoutLine: {'line': b"Listing '/home/Dojo/Dojo/install/robot_perception/local/lib/python3.10/dist-packages/robot_perception'...\n"}
[1.310794] (robot_navigation) StdoutLine: {'line': b'-- Up-to-date symlink: /home/Dojo/Dojo/install/robot_navigation/share/robot_navigation/launch/map_server.launch.py\n'}
[1.311081] (robot_navigation) StdoutLine: {'line': b'-- Up-to-date symlink: /home/Dojo/Dojo/install/robot_navigation/share/robot_navigation/launch/navigation.launch.py\n'}
[1.311208] (robot_navigation) StdoutLine: {'line': b'-- Up-to-date symlink: /home/Dojo/Dojo/install/robot_navigation/share/ament_index/resource_index/package_run_dependencies/robot_navigation\n'}
[1.311293] (robot_navigation) StdoutLine: {'line': b'-- Up-to-date symlink: /home/Dojo/Dojo/install/robot_navigation/share/ament_index/resource_index/parent_prefix_path/robot_navigation\n'}
[1.311371] (robot_navigation) StdoutLine: {'line': b'-- Up-to-date symlink: /home/Dojo/Dojo/install/robot_navigation/share/robot_navigation/environment/ament_prefix_path.sh\n'}
[1.311501] (robot_navigation) StdoutLine: {'line': b'-- Up-to-date symlink: /home/Dojo/Dojo/install/robot_navigation/share/robot_navigation/environment/ament_prefix_path.dsv\n'}
[1.311595] (robot_navigation) StdoutLine: {'line': b'-- Up-to-date symlink: /home/Dojo/Dojo/install/robot_navigation/share/robot_navigation/environment/path.sh\n'}
[1.311670] (robot_navigation) StdoutLine: {'line': b'-- Up-to-date symlink: /home/Dojo/Dojo/install/robot_navigation/share/robot_navigation/environment/path.dsv\n'}
[1.312004] (robot_navigation) StdoutLine: {'line': b'-- Up-to-date symlink: /home/Dojo/Dojo/install/robot_navigation/share/robot_navigation/local_setup.bash\n'}
[1.312217] (robot_navigation) StdoutLine: {'line': b'-- Up-to-date symlink: /home/Dojo/Dojo/install/robot_navigation/share/robot_navigation/local_setup.sh\n'}
[1.312303] (robot_navigation) StdoutLine: {'line': b'-- Up-to-date symlink: /home/Dojo/Dojo/install/robot_navigation/share/robot_navigation/local_setup.zsh\n'}
[1.312378] (robot_navigation) StdoutLine: {'line': b'-- Up-to-date symlink: /home/Dojo/Dojo/install/robot_navigation/share/robot_navigation/local_setup.dsv\n'}
[1.312505] (robot_navigation) StdoutLine: {'line': b'-- Symlinking: /home/Dojo/Dojo/install/robot_navigation/share/robot_navigation/package.dsv\n'}
[1.313087] (robot_navigation) StdoutLine: {'line': b'-- Up-to-date symlink: /home/Dojo/Dojo/install/robot_navigation/share/ament_index/resource_index/packages/robot_navigation\n'}
[1.313167] (robot_navigation) StdoutLine: {'line': b'-- Up-to-date symlink: /home/Dojo/Dojo/install/robot_navigation/share/robot_navigation/cmake/robot_navigationConfig.cmake\n'}
[1.313241] (robot_navigation) StdoutLine: {'line': b'-- Up-to-date symlink: /home/Dojo/Dojo/install/robot_navigation/share/robot_navigation/cmake/robot_navigationConfig-version.cmake\n'}
[1.314054] (robot_navigation) StdoutLine: {'line': b'-- Up-to-date symlink: /home/Dojo/Dojo/install/robot_navigation/share/robot_navigation/package.xml\n'}
[1.314535] (robot_description) StdoutLine: {'line': b'-- Install configuration: ""\n'}
[1.315718] (robot_description) StdoutLine: {'line': b'-- Execute custom install script\n'}
[1.315977] (robot_description) StdoutLine: {'line': b'-- Up-to-date symlink: /home/Dojo/Dojo/install/robot_description/share/robot_description/launch/display.launch.py\n'}
[1.316166] (robot_description) StdoutLine: {'line': b'-- Up-to-date symlink: /home/Dojo/Dojo/install/robot_description/share/robot_description/launch/robot_state_publisher.launch.py\n'}
[1.316343] (robot_description) StdoutLine: {'line': b'-- Up-to-date symlink: /home/Dojo/Dojo/install/robot_description/share/robot_description/urdf/robot.urdf\n'}
[1.316549] (robot_description) StdoutLine: {'line': b'-- Up-to-date symlink: /home/Dojo/Dojo/install/robot_description/share/robot_description/urdf/robot.urdf.xacro\n'}
[1.316702] (robot_description) StdoutLine: {'line': b'-- Up-to-date symlink: /home/Dojo/Dojo/install/robot_description/share/robot_description/rviz/robot.rviz\n'}
[1.317035] (robot_description) StdoutLine: {'line': b'-- Up-to-date symlink: /home/Dojo/Dojo/install/robot_description/share/robot_description/environment/pythonpath.sh\n'}
[1.317190] (robot_description) StdoutLine: {'line': b'-- Up-to-date symlink: /home/Dojo/Dojo/install/robot_description/share/robot_description/environment/pythonpath.dsv\n'}
[1.317561] (robot_description) StdoutLine: {'line': b'-- Up-to-date symlink: /home/Dojo/Dojo/install/robot_description/local/lib/python3.10/dist-packages/robot_description-0.0.1-py3.10.egg-info/PKG-INFO\n'}
[1.317751] (robot_description) StdoutLine: {'line': b'-- Up-to-date symlink: /home/Dojo/Dojo/install/robot_description/local/lib/python3.10/dist-packages/robot_description-0.0.1-py3.10.egg-info/SOURCES.txt\n'}
[1.317933] (robot_description) StdoutLine: {'line': b'-- Up-to-date symlink: /home/Dojo/Dojo/install/robot_description/local/lib/python3.10/dist-packages/robot_description-0.0.1-py3.10.egg-info/dependency_links.txt\n'}
[1.318070] (robot_description) StdoutLine: {'line': b'-- Up-to-date symlink: /home/Dojo/Dojo/install/robot_description/local/lib/python3.10/dist-packages/robot_description-0.0.1-py3.10.egg-info/top_level.txt\n'}
[1.318237] (robot_description) StdoutLine: {'line': b'-- Up-to-date symlink: /home/Dojo/Dojo/install/robot_description/local/lib/python3.10/dist-packages/robot_description/__init__.py\n'}
[1.318411] (robot_description) StdoutLine: {'line': b'-- Up-to-date symlink: /home/Dojo/Dojo/install/robot_description/local/lib/python3.10/dist-packages/robot_description/robot_description/__init__.py\n'}
[1.318602] (robot_description) StdoutLine: {'line': b'-- Up-to-date symlink: /home/Dojo/Dojo/install/robot_description/lib/robot_description/display_robot.py\n'}
[1.318833] (robot_description) StdoutLine: {'line': b'-- Up-to-date symlink: /home/Dojo/Dojo/install/robot_description/share/ament_index/resource_index/package_run_dependencies/robot_description\n'}
[1.319025] (robot_description) StdoutLine: {'line': b'-- Up-to-date symlink: /home/Dojo/Dojo/install/robot_description/share/ament_index/resource_index/parent_prefix_path/robot_description\n'}
[1.319318] (robot_description) StdoutLine: {'line': b'-- Up-to-date symlink: /home/Dojo/Dojo/install/robot_description/share/robot_description/environment/ament_prefix_path.sh\n'}
[1.319452] (robot_description) StdoutLine: {'line': b'-- Up-to-date symlink: /home/Dojo/Dojo/install/robot_description/share/robot_description/environment/ament_prefix_path.dsv\n'}
[1.319795] (robot_description) StdoutLine: {'line': b'-- Up-to-date symlink: /home/Dojo/Dojo/install/robot_description/share/robot_description/environment/path.sh\n'}
[1.319957] (robot_description) StdoutLine: {'line': b'-- Up-to-date symlink: /home/Dojo/Dojo/install/robot_description/share/robot_description/environment/path.dsv\n'}
[1.320061] (robot_description) StdoutLine: {'line': b'-- Up-to-date symlink: /home/Dojo/Dojo/install/robot_description/share/robot_description/local_setup.bash\n'}
[1.320226] (robot_description) StdoutLine: {'line': b'-- Up-to-date symlink: /home/Dojo/Dojo/install/robot_description/share/robot_description/local_setup.sh\n'}
[1.320409] (robot_description) StdoutLine: {'line': b'-- Up-to-date symlink: /home/Dojo/Dojo/install/robot_description/share/robot_description/local_setup.zsh\n'}
[1.320609] (robot_description) StdoutLine: {'line': b'-- Up-to-date symlink: /home/Dojo/Dojo/install/robot_description/share/robot_description/local_setup.dsv\n'}
[1.320725] (robot_description) StdoutLine: {'line': b'-- Symlinking: /home/Dojo/Dojo/install/robot_description/share/robot_description/package.dsv\n'}
[1.320809] (robot_navigation) CommandEnded: {'returncode': 0}
[1.324054] (robot_description) StdoutLine: {'line': b'-- Up-to-date symlink: /home/Dojo/Dojo/install/robot_description/share/ament_index/resource_index/packages/robot_description\n'}
[1.324296] (robot_description) StdoutLine: {'line': b'-- Up-to-date symlink: /home/Dojo/Dojo/install/robot_description/share/robot_description/cmake/robot_descriptionConfig.cmake\n'}
[1.324464] (robot_description) StdoutLine: {'line': b'-- Up-to-date symlink: /home/Dojo/Dojo/install/robot_description/share/robot_description/cmake/robot_descriptionConfig-version.cmake\n'}
[1.324909] (robot_description) StdoutLine: {'line': b'-- Up-to-date symlink: /home/Dojo/Dojo/install/robot_description/share/robot_description/package.xml\n'}
[1.325133] (robot_description) StdoutLine: {'line': b'-- Up-to-date: /home/Dojo/Dojo/install/robot_description/share/robot_description\n'}
[1.325392] (robot_description) StdoutLine: {'line': b'-- Up-to-date: /home/Dojo/Dojo/install/robot_description/share/robot_description/urdf\n'}
[1.325626] (robot_description) StdoutLine: {'line': b'-- Up-to-date: /home/Dojo/Dojo/install/robot_description/share/robot_description/rviz\n'}
[1.326334] (robot_description) StdoutLine: {'line': b'-- Up-to-date: /home/Dojo/Dojo/install/robot_description/share/robot_description/src\n'}
[1.327447] (robot_description) StdoutLine: {'line': b'-- Up-to-date: /home/Dojo/Dojo/install/robot_description/share/robot_description/src/robot_description\n'}
[1.328657] (robot_description) StdoutLine: {'line': b'-- Up-to-date: /home/Dojo/Dojo/install/robot_description/share/robot_description/src/robot_description/robot_description\n'}
[1.329988] (robot_description) StdoutLine: {'line': b'-- Up-to-date: /home/Dojo/Dojo/install/robot_description/share/robot_description/meshes\n'}
[1.330193] (robot_description) StdoutLine: {'line': b'-- Up-to-date: /home/Dojo/Dojo/install/robot_description/share/robot_description/scripts\n'}
[1.330695] (robot_description) StdoutLine: {'line': b'-- Up-to-date: /home/Dojo/Dojo/install/robot_description/share/robot_description/resource\n'}
[1.330820] (robot_description) StdoutLine: {'line': b'-- Up-to-date: /home/Dojo/Dojo/install/robot_description/share/robot_description/launch\n'}
[1.330889] (robot_description) StdoutLine: {'line': b'-- Up-to-date: /home/Dojo/Dojo/install/robot_description/share/robot_description/robot_description_temp\n'}
[1.330989] (robot_description) StdoutLine: {'line': b'-- Up-to-date: /home/Dojo/Dojo/install/robot_description/share/robot_description/robot_description_temp/urdf\n'}
[1.331126] (robot_description) StdoutLine: {'line': b'-- Up-to-date: /home/Dojo/Dojo/install/robot_description/share/robot_description/robot_description_temp/build\n'}
[1.331492] (robot_description) StdoutLine: {'line': b'-- Up-to-date: /home/Dojo/Dojo/install/robot_description/share/robot_description/robot_description_temp/build/ament_cppcheck\n'}
[1.332120] (robot_description) StdoutLine: {'line': b'-- Up-to-date: /home/Dojo/Dojo/install/robot_description/share/robot_description/robot_description_temp/build/CMakeFiles\n'}
[1.332215] (robot_description) StdoutLine: {'line': b'-- Up-to-date: /home/Dojo/Dojo/install/robot_description/share/robot_description/robot_description_temp/build/CMakeFiles/uninstall.dir\n'}
[1.332320] (robot_description) StdoutLine: {'line': b'-- Up-to-date: /home/Dojo/Dojo/install/robot_description/share/robot_description/robot_description_temp/build/CMakeFiles/Robot_description_uninstall.dir\n'}
[1.332505] (robot_description) StdoutLine: {'line': b'-- Up-to-date: /home/Dojo/Dojo/install/robot_description/share/robot_description/robot_description_temp/build/CMakeFiles/3.28.3\n'}
[1.332570] (robot_description) StdoutLine: {'line': b'-- Up-to-date: /home/Dojo/Dojo/install/robot_description/share/robot_description/robot_description_temp/build/CMakeFiles/3.28.3/CompilerIdC\n'}
[1.332627] (robot_description) StdoutLine: {'line': b'-- Up-to-date: /home/Dojo/Dojo/install/robot_description/share/robot_description/robot_description_temp/build/CMakeFiles/3.28.3/CompilerIdC/tmp\n'}
[1.332754] (robot_description) StdoutLine: {'line': b'-- Up-to-date: /home/Dojo/Dojo/install/robot_description/share/robot_description/robot_description_temp/build/CMakeFiles/3.28.3/CompilerIdCXX\n'}
[1.332823] (robot_description) StdoutLine: {'line': b'-- Up-to-date: /home/Dojo/Dojo/install/robot_description/share/robot_description/robot_description_temp/build/CMakeFiles/3.28.3/CompilerIdCXX/tmp\n'}
[1.332915] (robot_description) StdoutLine: {'line': b'-- Up-to-date: /home/Dojo/Dojo/install/robot_description/share/robot_description/robot_description_temp/build/CMakeFiles/pkgRedirects\n'}
[1.333563] (robot_description) StdoutLine: {'line': b'-- Up-to-date: /home/Dojo/Dojo/install/robot_description/share/robot_description/robot_description_temp/build/ament_cmake_environment_hooks\n'}
[1.333870] (robot_description) StdoutLine: {'line': b'-- Up-to-date: /home/Dojo/Dojo/install/robot_description/share/robot_description/robot_description_temp/build/Testing\n'}
[1.334434] (robot_description) StdoutLine: {'line': b'-- Up-to-date: /home/Dojo/Dojo/install/robot_description/share/robot_description/robot_description_temp/build/Testing/Temporary\n'}
[1.334613] (robot_description) StdoutLine: {'line': b'-- Up-to-date: /home/Dojo/Dojo/install/robot_description/share/robot_description/robot_description_temp/build/Testing/20250903-0916\n'}
[1.334761] (robot_description) StdoutLine: {'line': b'-- Up-to-date: /home/Dojo/Dojo/install/robot_description/share/robot_description/robot_description_temp/build/Testing/20250904-0957\n'}
[1.334939] (robot_description) StdoutLine: {'line': b'-- Up-to-date: /home/Dojo/Dojo/install/robot_description/share/robot_description/robot_description_temp/build/ament_cmake_index\n'}
[1.335074] (robot_description) StdoutLine: {'line': b'-- Up-to-date: /home/Dojo/Dojo/install/robot_description/share/robot_description/robot_description_temp/build/ament_cmake_index/share\n'}
[1.335146] (robot_description) StdoutLine: {'line': b'-- Up-to-date: /home/Dojo/Dojo/install/robot_description/share/robot_description/robot_description_temp/build/ament_cmake_index/share/ament_index\n'}
[1.335244] (robot_description) StdoutLine: {'line': b'-- Up-to-date: /home/Dojo/Dojo/install/robot_description/share/robot_description/robot_description_temp/build/ament_cmake_index/share/ament_index/resource_index\n'}
[1.335312] (robot_description) StdoutLine: {'line': b'-- Up-to-date: /home/Dojo/Dojo/install/robot_description/share/robot_description/robot_description_temp/build/ament_cmake_index/share/ament_index/resource_index/parent_prefix_path\n'}
[1.335494] (robot_description) StdoutLine: {'line': b'-- Up-to-date: /home/Dojo/Dojo/install/robot_description/share/robot_description/robot_description_temp/build/ament_cmake_index/share/ament_index/resource_index/package_run_dependencies\n'}
[1.335633] (robot_description) StdoutLine: {'line': b'-- Up-to-date: /home/Dojo/Dojo/install/robot_description/share/robot_description/robot_description_temp/build/ament_cmake_index/share/ament_index/resource_index/packages\n'}
[1.335754] (robot_description) StdoutLine: {'line': b'-- Up-to-date: /home/Dojo/Dojo/install/robot_description/share/robot_description/robot_description_temp/build/ament_copyright\n'}
[1.335850] (robot_description) StdoutLine: {'line': b'-- Up-to-date: /home/Dojo/Dojo/install/robot_description/share/robot_description/robot_description_temp/build/ament_xmllint\n'}
[1.336236] (robot_description) StdoutLine: {'line': b'-- Up-to-date: /home/Dojo/Dojo/install/robot_description/share/robot_description/robot_description_temp/build/ament_flake8\n'}
[1.336745] (robot_description) StdoutLine: {'line': b'-- Up-to-date: /home/Dojo/Dojo/install/robot_description/share/robot_description/robot_description_temp/build/ament_cmake_package_templates\n'}
[1.336857] (robot_description) StdoutLine: {'line': b'-- Up-to-date: /home/Dojo/Dojo/install/robot_description/share/robot_description/robot_description_temp/build/ament_cpplint\n'}
[1.336951] (robot_description) StdoutLine: {'line': b'-- Up-to-date: /home/Dojo/Dojo/install/robot_description/share/robot_description/robot_description_temp/build/.cmake\n'}
[1.337059] (robot_description) StdoutLine: {'line': b'-- Up-to-date: /home/Dojo/Dojo/install/robot_description/share/robot_description/robot_description_temp/build/.cmake/api\n'}
[1.337149] (robot_description) StdoutLine: {'line': b'-- Up-to-date: /home/Dojo/Dojo/install/robot_description/share/robot_description/robot_description_temp/build/.cmake/api/v1\n'}
[1.337236] (robot_description) StdoutLine: {'line': b'-- Up-to-date: /home/Dojo/Dojo/install/robot_description/share/robot_description/robot_description_temp/build/.cmake/api/v1/reply\n'}
[1.337301] (robot_description) StdoutLine: {'line': b'-- Up-to-date: /home/Dojo/Dojo/install/robot_description/share/robot_description/robot_description_temp/build/.cmake/api/v1/query\n'}
[1.337393] (robot_description) StdoutLine: {'line': b'-- Up-to-date: /home/Dojo/Dojo/install/robot_description/share/robot_description/robot_description_temp/build/.cmake/api/v1/query/client-vscode\n'}
[1.337488] (robot_description) StdoutLine: {'line': b'-- Up-to-date: /home/Dojo/Dojo/install/robot_description/share/robot_description/robot_description_temp/build/ament_pep257\n'}
[1.337554] (robot_description) StdoutLine: {'line': b'-- Up-to-date: /home/Dojo/Dojo/install/robot_description/share/robot_description/robot_description_temp/build/ament_cmake_uninstall_target\n'}
[1.337619] (robot_description) StdoutLine: {'line': b'-- Up-to-date: /home/Dojo/Dojo/install/robot_description/share/robot_description/robot_description_temp/build/ament_uncrustify\n'}
[1.337680] (robot_description) StdoutLine: {'line': b'-- Up-to-date: /home/Dojo/Dojo/install/robot_description/share/robot_description/robot_description_temp/build/ament_cmake_core\n'}
[1.337788] (robot_description) StdoutLine: {'line': b'-- Up-to-date: /home/Dojo/Dojo/install/robot_description/share/robot_description/robot_description_temp/build/ament_cmake_core/stamps\n'}
[1.337853] (robot_description) StdoutLine: {'line': b'-- Up-to-date: /home/Dojo/Dojo/install/robot_description/share/robot_description/robot_description_temp/build/ament_lint_cmake\n'}
[1.337916] (robot_description) StdoutLine: {'line': b'-- Up-to-date: /home/Dojo/Dojo/install/robot_description/share/robot_description/robot_description_temp/worlds\n'}
[1.337978] (robot_description) StdoutLine: {'line': b'-- Up-to-date: /home/Dojo/Dojo/install/robot_description/share/robot_description/robot_description_temp/launch\n'}
[1.338038] (robot_description) StdoutLine: {'line': b'-- Up-to-date: /home/Dojo/Dojo/install/robot_description/share/robot_description/robot_description_temp/config\n'}
[1.338119] (robot_description) StdoutLine: {'line': b'-- Up-to-date: /home/Dojo/Dojo/install/robot_description/share/robot_description/robot_description_temp/package.xml\n'}
[1.338215] (robot_description) StdoutLine: {'line': b'-- Up-to-date: /home/Dojo/Dojo/install/robot_description/share/robot_description/config\n'}
[1.338314] (robot_description) StdoutLine: {'line': b'-- Up-to-date: /home/Dojo/Dojo/install/robot_description/lib/robot_description/robot_description\n'}
[1.338408] (robot_description) StdoutLine: {'line': b'-- Up-to-date: /home/Dojo/Dojo/install/robot_description/lib/robot_description/robot_description/robot_description\n'}
[1.338529] (robot_description) StdoutLine: {'line': b'-- Up-to-date: /home/Dojo/Dojo/install/robot_description/lib/robot_description/robot_description/robot_description/__init__.py\n'}
[1.338646] (robot_description) StdoutLine: {'line': b'-- Up-to-date: /home/Dojo/Dojo/install/robot_description/lib/robot_description/robot_description/__init__.py\n'}
[1.344902] (robot_navigation) JobEnded: {'identifier': 'robot_navigation', 'rc': 0}
[1.345985] (robot_perception) CommandEnded: {'returncode': 0}
[1.359644] (robot_perception) JobEnded: {'identifier': 'robot_perception', 'rc': 0}
[1.368561] (robot_description) StdoutLine: {'line': b"Listing '/home/Dojo/Dojo/install/robot_description/local/lib/python3.10/dist-packages/robot_description'...\n"}
[1.368781] (robot_description) StdoutLine: {'line': b"Listing '/home/Dojo/Dojo/install/robot_description/local/lib/python3.10/dist-packages/robot_description/robot_description'...\n"}
[1.376452] (robot_description) CommandEnded: {'returncode': 0}
[1.390744] (robot_description) JobEnded: {'identifier': 'robot_description', 'rc': 0}
[1.392105] (robot_gazebo) JobStarted: {'identifier': 'robot_gazebo'}
[1.399074] (robot_gazebo) JobProgress: {'identifier': 'robot_gazebo', 'progress': 'cmake'}
[1.400536] (robot_gazebo) JobProgress: {'identifier': 'robot_gazebo', 'progress': 'build'}
[1.401354] (robot_gazebo) Command: {'cmd': ['/usr/bin/cmake', '--build', '/home/Dojo/Dojo/build/robot_gazebo', '--', '-j16', '-l16'], 'cwd': '/home/Dojo/Dojo/build/robot_gazebo', 'env': OrderedDict([('HOSTNAME', 'gareth-joel-HP-Pavilion-Gaming-Laptop-15-ec2xxx'), ('SHLVL', '0'), ('LD_LIBRARY_PATH', '/usr/lib/x86_64-linux-gnu/gazebo-11/plugins:/opt/ros/humble/opt/rviz_ogre_vendor/lib:/opt/ros/humble/lib/x86_64-linux-gnu:/opt/ros/humble/lib'), ('HOME', '/root'), ('OLDPWD', '/ros2_ws'), ('ROS_PYTHON_VERSION', '3'), ('ROS_DISTRO', 'humble'), ('_', '/usr/bin/colcon'), ('ROS_VERSION', '2'), ('NVIDIA_DRIVER_CAPABILITIES', 'all'), ('TERM', 'xterm'), ('ROS_LOCALHOST_ONLY', '0'), ('PATH', '/opt/ros/humble/bin:/usr/local/sbin:/usr/local/bin:/usr/sbin:/usr/bin:/sbin:/bin'), ('XDG_RUNTIME_DIR', '/tmp'), ('DISPLAY', ':0'), ('LANG', 'C.UTF-8'), ('AMENT_PREFIX_PATH', '/home/Dojo/Dojo/install/robot_description:/opt/ros/humble'), ('DEBIAN_FRONTEND', 'noninteractive'), ('PWD', '/home/Dojo/Dojo/build/robot_gazebo'), ('LC_ALL', 'C.UTF-8'), ('PYTHONPATH', '/home/Dojo/Dojo/install/robot_description/local/lib/python3.10/dist-packages:/opt/ros/humble/lib/python3.10/site-packages:/opt/ros/humble/local/lib/python3.10/dist-packages'), ('NVIDIA_VISIBLE_DEVICES', 'all'), ('COLCON', '1'), ('CMAKE_PREFIX_PATH', '/home/Dojo/Dojo/install/robot_description:/opt/ros/humble')]), 'shell': False}
[1.403454] (-) TimerEvent: {}
[1.461217] (robot_gazebo) CommandEnded: {'returncode': 0}
[1.461947] (robot_gazebo) JobProgress: {'identifier': 'robot_gazebo', 'progress': 'install'}
[1.463056] (robot_gazebo) Command: {'cmd': ['/usr/bin/cmake', '--install', '/home/Dojo/Dojo/build/robot_gazebo'], 'cwd': '/home/Dojo/Dojo/build/robot_gazebo', 'env': OrderedDict([('HOSTNAME', 'gareth-joel-HP-Pavilion-Gaming-Laptop-15-ec2xxx'), ('SHLVL', '0'), ('LD_LIBRARY_PATH', '/usr/lib/x86_64-linux-gnu/gazebo-11/plugins:/opt/ros/humble/opt/rviz_ogre_vendor/lib:/opt/ros/humble/lib/x86_64-linux-gnu:/opt/ros/humble/lib'), ('HOME', '/root'), ('OLDPWD', '/ros2_ws'), ('ROS_PYTHON_VERSION', '3'), ('ROS_DISTRO', 'humble'), ('_', '/usr/bin/colcon'), ('ROS_VERSION', '2'), ('NVIDIA_DRIVER_CAPABILITIES', 'all'), ('TERM', 'xterm'), ('ROS_LOCALHOST_ONLY', '0'), ('PATH', '/opt/ros/humble/bin:/usr/local/sbin:/usr/local/bin:/usr/sbin:/usr/bin:/sbin:/bin'), ('XDG_RUNTIME_DIR', '/tmp'), ('DISPLAY', ':0'), ('LANG', 'C.UTF-8'), ('AMENT_PREFIX_PATH', '/home/Dojo/Dojo/install/robot_description:/opt/ros/humble'), ('DEBIAN_FRONTEND', 'noninteractive'), ('PWD', '/home/Dojo/Dojo/build/robot_gazebo'), ('LC_ALL', 'C.UTF-8'), ('PYTHONPATH', '/home/Dojo/Dojo/install/robot_description/local/lib/python3.10/dist-packages:/opt/ros/humble/lib/python3.10/site-packages:/opt/ros/humble/local/lib/python3.10/dist-packages'), ('NVIDIA_VISIBLE_DEVICES', 'all'), ('COLCON', '1'), ('CMAKE_PREFIX_PATH', '/home/Dojo/Dojo/install/robot_description:/opt/ros/humble')]), 'shell': False}
[1.471843] (robot_gazebo) StdoutLine: {'line': b'-- Install configuration: ""\n'}
[1.472342] (robot_gazebo) StdoutLine: {'line': b'-- Execute custom install script\n'}
[1.472804] (robot_gazebo) StdoutLine: {'line': b'-- Up-to-date symlink: /home/Dojo/Dojo/install/robot_gazebo/share/robot_gazebo/launch/gazebo.launch.py\n'}
[1.472928] (robot_gazebo) StdoutLine: {'line': b'-- Up-to-date symlink: /home/Dojo/Dojo/install/robot_gazebo/share/robot_gazebo/launch/robot_simulation.launch.py\n'}
[1.473056] (robot_gazebo) StdoutLine: {'line': b'-- Up-to-date symlink: /home/Dojo/Dojo/install/robot_gazebo/share/robot_gazebo/launch/simulation.launch.py\n'}
[1.473357] (robot_gazebo) StdoutLine: {'line': b'-- Up-to-date symlink: /home/Dojo/Dojo/install/robot_gazebo/share/robot_gazebo/config/diff_drive_controller.yaml\n'}
[1.473689] (robot_gazebo) StdoutLine: {'line': b'-- Up-to-date symlink: /home/Dojo/Dojo/install/robot_gazebo/share/robot_gazebo/rviz/robot_simulation.rviz\n'}
[1.473930] (robot_gazebo) StdoutLine: {'line': b'-- Up-to-date symlink: /home/Dojo/Dojo/install/robot_gazebo/share/robot_gazebo/worlds/empty.world\n'}
[1.474131] (robot_gazebo) StdoutLine: {'line': b'-- Up-to-date symlink: /home/Dojo/Dojo/install/robot_gazebo/share/ament_index/resource_index/package_run_dependencies/robot_gazebo\n'}
[1.474322] (robot_gazebo) StdoutLine: {'line': b'-- Up-to-date symlink: /home/Dojo/Dojo/install/robot_gazebo/share/ament_index/resource_index/parent_prefix_path/robot_gazebo\n'}
[1.474505] (robot_gazebo) StdoutLine: {'line': b'-- Up-to-date symlink: /home/Dojo/Dojo/install/robot_gazebo/share/robot_gazebo/environment/ament_prefix_path.sh\n'}
[1.474669] (robot_gazebo) StdoutLine: {'line': b'-- Up-to-date symlink: /home/Dojo/Dojo/install/robot_gazebo/share/robot_gazebo/environment/ament_prefix_path.dsv\n'}
[1.474860] (robot_gazebo) StdoutLine: {'line': b'-- Up-to-date symlink: /home/Dojo/Dojo/install/robot_gazebo/share/robot_gazebo/environment/path.sh\n'}
[1.475008] (robot_gazebo) StdoutLine: {'line': b'-- Up-to-date symlink: /home/Dojo/Dojo/install/robot_gazebo/share/robot_gazebo/environment/path.dsv\n'}
[1.475162] (robot_gazebo) StdoutLine: {'line': b'-- Up-to-date symlink: /home/Dojo/Dojo/install/robot_gazebo/share/robot_gazebo/local_setup.bash\n'}
[1.475314] (robot_gazebo) StdoutLine: {'line': b'-- Up-to-date symlink: /home/Dojo/Dojo/install/robot_gazebo/share/robot_gazebo/local_setup.sh\n'}
[1.475474] (robot_gazebo) StdoutLine: {'line': b'-- Up-to-date symlink: /home/Dojo/Dojo/install/robot_gazebo/share/robot_gazebo/local_setup.zsh\n'}
[1.475637] (robot_gazebo) StdoutLine: {'line': b'-- Up-to-date symlink: /home/Dojo/Dojo/install/robot_gazebo/share/robot_gazebo/local_setup.dsv\n'}
[1.475755] (robot_gazebo) StdoutLine: {'line': b'-- Symlinking: /home/Dojo/Dojo/install/robot_gazebo/share/robot_gazebo/package.dsv\n'}
[1.491660] (robot_gazebo) StdoutLine: {'line': b'-- Up-to-date symlink: /home/Dojo/Dojo/install/robot_gazebo/share/ament_index/resource_index/packages/robot_gazebo\n'}
[1.491982] (robot_gazebo) StdoutLine: {'line': b'-- Up-to-date symlink: /home/Dojo/Dojo/install/robot_gazebo/share/robot_gazebo/cmake/robot_gazeboConfig.cmake\n'}
[1.492146] (robot_gazebo) StdoutLine: {'line': b'-- Up-to-date symlink: /home/Dojo/Dojo/install/robot_gazebo/share/robot_gazebo/cmake/robot_gazeboConfig-version.cmake\n'}
[1.492359] (robot_gazebo) StdoutLine: {'line': b'-- Up-to-date symlink: /home/Dojo/Dojo/install/robot_gazebo/share/robot_gazebo/package.xml\n'}
[1.492535] (robot_gazebo) StdoutLine: {'line': b'-- Up-to-date: /home/Dojo/Dojo/install/robot_gazebo/lib/robot_gazebo\n'}
[1.492706] (robot_gazebo) StdoutLine: {'line': b'-- Up-to-date: /home/Dojo/Dojo/install/robot_gazebo/lib/robot_gazebo/spawn_robot.py\n'}
[1.494959] (robot_gazebo) CommandEnded: {'returncode': 0}
[1.503534] (-) TimerEvent: {}
[1.512385] (robot_gazebo) JobEnded: {'identifier': 'robot_gazebo', 'rc': 0}
[1.603627] (-) TimerEvent: {}
[1.697236] (robot_control) Command: {'cmd': ['/usr/bin/python3', '-W', 'ignore:setup.py install is deprecated', '-W', 'ignore:easy_install command is deprecated', 'setup.py', 'develop', '--editable', '--build-directory', '/home/Dojo/Dojo/build/robot_control/build', '--no-deps', 'symlink_data'], 'cwd': '/home/Dojo/Dojo/build/robot_control', 'env': {'HOSTNAME': 'gareth-joel-HP-Pavilion-Gaming-Laptop-15-ec2xxx', 'SHLVL': '0', 'LD_LIBRARY_PATH': '/usr/lib/x86_64-linux-gnu/gazebo-11/plugins:/opt/ros/humble/opt/rviz_ogre_vendor/lib:/opt/ros/humble/lib/x86_64-linux-gnu:/opt/ros/humble/lib', 'HOME': '/root', 'OLDPWD': '/ros2_ws', 'ROS_PYTHON_VERSION': '3', 'ROS_DISTRO': 'humble', '_': '/usr/bin/colcon', 'ROS_VERSION': '2', 'NVIDIA_DRIVER_CAPABILITIES': 'all', 'TERM': 'xterm', 'ROS_LOCALHOST_ONLY': '0', 'PATH': '/opt/ros/humble/bin:/usr/local/sbin:/usr/local/bin:/usr/sbin:/usr/bin:/sbin:/bin', 'XDG_RUNTIME_DIR': '/tmp', 'DISPLAY': ':0', 'LANG': 'C.UTF-8', 'AMENT_PREFIX_PATH': '/opt/ros/humble', 'DEBIAN_FRONTEND': 'noninteractive', 'PWD': '/home/Dojo/Dojo/build/robot_control', 'LC_ALL': 'C.UTF-8', 'PYTHONPATH': '/home/Dojo/Dojo/build/robot_control/prefix_override:/usr/lib/python3/dist-packages/colcon_core/task/python/colcon_distutils_commands:/home/Dojo/Dojo/install/robot_control/lib/python3.10/site-packages:/opt/ros/humble/lib/python3.10/site-packages:/opt/ros/humble/local/lib/python3.10/dist-packages', 'NVIDIA_VISIBLE_DEVICES': 'all', 'COLCON': '1'}, 'shell': False}
[1.703739] (-) TimerEvent: {}
[1.721371] (arduino_bridge) Command: {'cmd': ['/usr/bin/python3', '-W', 'ignore:setup.py install is deprecated', '-W', 'ignore:easy_install command is deprecated', 'setup.py', 'develop', '--editable', '--build-directory', '/home/Dojo/Dojo/build/arduino_bridge/build', '--no-deps', 'symlink_data'], 'cwd': '/home/Dojo/Dojo/build/arduino_bridge', 'env': {'HOSTNAME': 'gareth-joel-HP-Pavilion-Gaming-Laptop-15-ec2xxx', 'SHLVL': '0', 'LD_LIBRARY_PATH': '/usr/lib/x86_64-linux-gnu/gazebo-11/plugins:/opt/ros/humble/opt/rviz_ogre_vendor/lib:/opt/ros/humble/lib/x86_64-linux-gnu:/opt/ros/humble/lib', 'HOME': '/root', 'OLDPWD': '/ros2_ws', 'ROS_PYTHON_VERSION': '3', 'ROS_DISTRO': 'humble', '_': '/usr/bin/colcon', 'ROS_VERSION': '2', 'NVIDIA_DRIVER_CAPABILITIES': 'all', 'TERM': 'xterm', 'ROS_LOCALHOST_ONLY': '0', 'PATH': '/opt/ros/humble/bin:/usr/local/sbin:/usr/local/bin:/usr/sbin:/usr/bin:/sbin:/bin', 'XDG_RUNTIME_DIR': '/tmp', 'DISPLAY': ':0', 'LANG': 'C.UTF-8', 'AMENT_PREFIX_PATH': '/opt/ros/humble', 'DEBIAN_FRONTEND': 'noninteractive', 'PWD': '/home/Dojo/Dojo/build/arduino_bridge', 'LC_ALL': 'C.UTF-8', 'PYTHONPATH': '/home/Dojo/Dojo/build/arduino_bridge/prefix_override:/usr/lib/python3/dist-packages/colcon_core/task/python/colcon_distutils_commands:/home/Dojo/Dojo/install/arduino_bridge/lib/python3.10/site-packages:/opt/ros/humble/lib/python3.10/site-packages:/opt/ros/humble/local/lib/python3.10/dist-packages', 'NVIDIA_VISIBLE_DEVICES': 'all', 'COLCON': '1'}, 'shell': False}
[1.723708] (ros2arduino_bridge) Command: {'cmd': ['/usr/bin/python3', '-W', 'ignore:setup.py install is deprecated', '-W', 'ignore:easy_install command is deprecated', 'setup.py', 'develop', '--editable', '--build-directory', '/home/Dojo/Dojo/build/ros2arduino_bridge/build', '--no-deps', 'symlink_data'], 'cwd': '/home/Dojo/Dojo/build/ros2arduino_bridge', 'env': {'HOSTNAME': 'gareth-joel-HP-Pavilion-Gaming-Laptop-15-ec2xxx', 'SHLVL': '0', 'LD_LIBRARY_PATH': '/usr/lib/x86_64-linux-gnu/gazebo-11/plugins:/opt/ros/humble/opt/rviz_ogre_vendor/lib:/opt/ros/humble/lib/x86_64-linux-gnu:/opt/ros/humble/lib', 'HOME': '/root', 'OLDPWD': '/ros2_ws', 'ROS_PYTHON_VERSION': '3', 'ROS_DISTRO': 'humble', '_': '/usr/bin/colcon', 'ROS_VERSION': '2', 'NVIDIA_DRIVER_CAPABILITIES': 'all', 'TERM': 'xterm', 'ROS_LOCALHOST_ONLY': '0', 'PATH': '/opt/ros/humble/bin:/usr/local/sbin:/usr/local/bin:/usr/sbin:/usr/bin:/sbin:/bin', 'XDG_RUNTIME_DIR': '/tmp', 'DISPLAY': ':0', 'LANG': 'C.UTF-8', 'AMENT_PREFIX_PATH': '/opt/ros/humble', 'DEBIAN_FRONTEND': 'noninteractive', 'PWD': '/home/Dojo/Dojo/build/ros2arduino_bridge', 'LC_ALL': 'C.UTF-8', 'PYTHONPATH': '/home/Dojo/Dojo/build/ros2arduino_bridge/prefix_override:/usr/lib/python3/dist-packages/colcon_core/task/python/colcon_distutils_commands:/home/Dojo/Dojo/install/ros2arduino_bridge/lib/python3.10/site-packages:/opt/ros/humble/lib/python3.10/site-packages:/opt/ros/humble/local/lib/python3.10/dist-packages', 'NVIDIA_VISIBLE_DEVICES': 'all', 'COLCON': '1'}, 'shell': False}
[1.726387] (robot_sensors) Command: {'cmd': ['/usr/bin/python3', '-W', 'ignore:setup.py install is deprecated', '-W', 'ignore:easy_install command is deprecated', 'setup.py', 'develop', '--editable', '--build-directory', '/home/Dojo/Dojo/build/robot_sensors/build', '--no-deps', 'symlink_data'], 'cwd': '/home/Dojo/Dojo/build/robot_sensors', 'env': {'HOSTNAME': 'gareth-joel-HP-Pavilion-Gaming-Laptop-15-ec2xxx', 'SHLVL': '0', 'LD_LIBRARY_PATH': '/usr/lib/x86_64-linux-gnu/gazebo-11/plugins:/opt/ros/humble/opt/rviz_ogre_vendor/lib:/opt/ros/humble/lib/x86_64-linux-gnu:/opt/ros/humble/lib', 'HOME': '/root', 'OLDPWD': '/ros2_ws', 'ROS_PYTHON_VERSION': '3', 'ROS_DISTRO': 'humble', '_': '/usr/bin/colcon', 'ROS_VERSION': '2', 'NVIDIA_DRIVER_CAPABILITIES': 'all', 'TERM': 'xterm', 'ROS_LOCALHOST_ONLY': '0', 'PATH': '/opt/ros/humble/bin:/usr/local/sbin:/usr/local/bin:/usr/sbin:/usr/bin:/sbin:/bin', 'XDG_RUNTIME_DIR': '/tmp', 'DISPLAY': ':0', 'LANG': 'C.UTF-8', 'AMENT_PREFIX_PATH': '/opt/ros/humble', 'DEBIAN_FRONTEND': 'noninteractive', 'PWD': '/home/Dojo/Dojo/build/robot_sensors', 'LC_ALL': 'C.UTF-8', 'PYTHONPATH': '/home/Dojo/Dojo/build/robot_sensors/prefix_override:/usr/lib/python3/dist-packages/colcon_core/task/python/colcon_distutils_commands:/home/Dojo/Dojo/install/robot_sensors/lib/python3.10/site-packages:/opt/ros/humble/lib/python3.10/site-packages:/opt/ros/humble/local/lib/python3.10/dist-packages', 'NVIDIA_VISIBLE_DEVICES': 'all', 'COLCON': '1'}, 'shell': False}
[1.769810] (vision_system) Command: {'cmd': ['/usr/bin/python3', '-W', 'ignore:setup.py install is deprecated', '-W', 'ignore:easy_install command is deprecated', 'setup.py', 'develop', '--editable', '--build-directory', '/home/Dojo/Dojo/build/vision_system/build', '--no-deps', 'symlink_data'], 'cwd': '/home/Dojo/Dojo/build/vision_system', 'env': {'HOSTNAME': 'gareth-joel-HP-Pavilion-Gaming-Laptop-15-ec2xxx', 'SHLVL': '0', 'LD_LIBRARY_PATH': '/usr/lib/x86_64-linux-gnu/gazebo-11/plugins:/opt/ros/humble/opt/rviz_ogre_vendor/lib:/opt/ros/humble/lib/x86_64-linux-gnu:/opt/ros/humble/lib', 'HOME': '/root', 'OLDPWD': '/ros2_ws', 'ROS_PYTHON_VERSION': '3', 'ROS_DISTRO': 'humble', '_': '/usr/bin/colcon', 'ROS_VERSION': '2', 'NVIDIA_DRIVER_CAPABILITIES': 'all', 'TERM': 'xterm', 'ROS_LOCALHOST_ONLY': '0', 'PATH': '/opt/ros/humble/bin:/usr/local/sbin:/usr/local/bin:/usr/sbin:/usr/bin:/sbin:/bin', 'XDG_RUNTIME_DIR': '/tmp', 'DISPLAY': ':0', 'LANG': 'C.UTF-8', 'AMENT_PREFIX_PATH': '/opt/ros/humble', 'DEBIAN_FRONTEND': 'noninteractive', 'PWD': '/home/Dojo/Dojo/build/vision_system', 'LC_ALL': 'C.UTF-8', 'PYTHONPATH': '/home/Dojo/Dojo/build/vision_system/prefix_override:/usr/lib/python3/dist-packages/colcon_core/task/python/colcon_distutils_commands:/home/Dojo/Dojo/install/vision_system/lib/python3.10/site-packages:/opt/ros/humble/lib/python3.10/site-packages:/opt/ros/humble/local/lib/python3.10/dist-packages', 'NVIDIA_VISIBLE_DEVICES': 'all', 'COLCON': '1'}, 'shell': False}
[1.803839] (-) TimerEvent: {}
[1.904164] (-) TimerEvent: {}
[1.987454] (robot_control) StdoutLine: {'line': b'running develop\n'}
[2.004261] (-) TimerEvent: {}
[2.019461] (arduino_bridge) StdoutLine: {'line': b'running develop\n'}
[2.023454] (ros2arduino_bridge) StdoutLine: {'line': b'running develop\n'}
[2.025945] (robot_sensors) StdoutLine: {'line': b'running develop\n'}
[2.071002] (vision_system) StdoutLine: {'line': b'running develop\n'}
[2.104364] (-) TimerEvent: {}
[2.174936] (robot_control) StdoutLine: {'line': b'running egg_info\n'}
[2.175240] (robot_control) StdoutLine: {'line': b'writing robot_control.egg-info/PKG-INFO\n'}
[2.175498] (robot_control) StdoutLine: {'line': b'writing dependency_links to robot_control.egg-info/dependency_links.txt\n'}
[2.175683] (robot_control) StdoutLine: {'line': b'writing entry points to robot_control.egg-info/entry_points.txt\n'}
[2.175811] (robot_control) StdoutLine: {'line': b'writing requirements to robot_control.egg-info/requires.txt\n'}
[2.175936] (robot_control) StdoutLine: {'line': b'writing top-level names to robot_control.egg-info/top_level.txt\n'}
[2.177750] (robot_control) StdoutLine: {'line': b"reading manifest file 'robot_control.egg-info/SOURCES.txt'\n"}
[2.178551] (robot_control) StdoutLine: {'line': b"writing manifest file 'robot_control.egg-info/SOURCES.txt'\n"}
[2.179860] (robot_control) StdoutLine: {'line': b'running build_ext\n'}
[2.180043] (robot_control) StdoutLine: {'line': b'Creating /home/Dojo/Dojo/install/robot_control/lib/python3.10/site-packages/robot-control.egg-link (link to .)\n'}
[2.180904] (robot_control) StdoutLine: {'line': b'Installing arduino_bridge script to /home/Dojo/Dojo/install/robot_control/lib/robot_control\n'}
[2.181095] (robot_control) StdoutLine: {'line': b'Installing cmd_vel_to_motors script to /home/Dojo/Dojo/install/robot_control/lib/robot_control\n'}
[2.181351] (robot_control) StdoutLine: {'line': b'\n'}
[2.181439] (robot_control) StdoutLine: {'line': b'Installed /home/Dojo/Dojo/build/robot_control\n'}
[2.181541] (robot_control) StdoutLine: {'line': b'running symlink_data\n'}
[2.204471] (-) TimerEvent: {}
[2.211322] (arduino_bridge) StdoutLine: {'line': b'running egg_info\n'}
[2.211660] (arduino_bridge) StdoutLine: {'line': b'writing arduino_bridge.egg-info/PKG-INFO\n'}
[2.211858] (arduino_bridge) StdoutLine: {'line': b'writing dependency_links to arduino_bridge.egg-info/dependency_links.txt\n'}
[2.212544] (arduino_bridge) StdoutLine: {'line': b'writing entry points to arduino_bridge.egg-info/entry_points.txt\n'}
[2.212673] (arduino_bridge) StdoutLine: {'line': b'writing requirements to arduino_bridge.egg-info/requires.txt\n'}
[2.212781] (arduino_bridge) StdoutLine: {'line': b'writing top-level names to arduino_bridge.egg-info/top_level.txt\n'}
[2.213137] (robot_control) CommandEnded: {'returncode': 0}
[2.214351] (arduino_bridge) StdoutLine: {'line': b"reading manifest file 'arduino_bridge.egg-info/SOURCES.txt'\n"}
[2.215134] (arduino_bridge) StdoutLine: {'line': b"writing manifest file 'arduino_bridge.egg-info/SOURCES.txt'\n"}
[2.215997] (robot_sensors) StdoutLine: {'line': b'running egg_info\n'}
[2.216619] (robot_sensors) StdoutLine: {'line': b'writing robot_sensors.egg-info/PKG-INFO\n'}
[2.217225] (robot_sensors) StdoutLine: {'line': b'writing dependency_links to robot_sensors.egg-info/dependency_links.txt\n'}
[2.217306] (arduino_bridge) StdoutLine: {'line': b'running build_ext\n'}
[2.217381] (arduino_bridge) StdoutLine: {'line': b'Creating /home/Dojo/Dojo/install/arduino_bridge/lib/python3.10/site-packages/arduino-bridge.egg-link (link to .)\n'}
[2.217464] (robot_sensors) StdoutLine: {'line': b'writing entry points to robot_sensors.egg-info/entry_points.txt\n'}
[2.217539] (robot_sensors) StdoutLine: {'line': b'writing requirements to robot_sensors.egg-info/requires.txt\n'}
[2.217602] (robot_sensors) StdoutLine: {'line': b'writing top-level names to robot_sensors.egg-info/top_level.txt\n'}
[2.217699] (arduino_bridge) StdoutLine: {'line': b'Installing arduino_bridge_node script to /home/Dojo/Dojo/install/arduino_bridge/lib/arduino_bridge\n'}
[2.217870] (arduino_bridge) StdoutLine: {'line': b'Installing test_arduino_bridge script to /home/Dojo/Dojo/install/arduino_bridge/lib/arduino_bridge\n'}
[2.218172] (arduino_bridge) StdoutLine: {'line': b'\n'}
[2.218255] (arduino_bridge) StdoutLine: {'line': b'Installed /home/Dojo/Dojo/build/arduino_bridge\n'}
[2.218513] (arduino_bridge) StdoutLine: {'line': b'running symlink_data\n'}
[2.218643] (robot_sensors) StderrLine: {'line': b"package init file 'robot_sensors/__init__.py' not found (or not a regular file)\n"}
[2.218774] (robot_sensors) StdoutLine: {'line': b"reading manifest file 'robot_sensors.egg-info/SOURCES.txt'\n"}
[2.219410] (robot_sensors) StdoutLine: {'line': b"writing manifest file 'robot_sensors.egg-info/SOURCES.txt'\n"}
[2.220916] (robot_sensors) StdoutLine: {'line': b'running build_ext\n'}
[2.221115] (robot_sensors) StdoutLine: {'line': b'Creating /home/Dojo/Dojo/install/robot_sensors/lib/python3.10/site-packages/robot-sensors.egg-link (link to .)\n'}
[2.221772] (robot_sensors) StdoutLine: {'line': b'Installing camera_publisher script to /home/Dojo/Dojo/install/robot_sensors/lib/robot_sensors\n'}
[2.222044] (robot_sensors) StdoutLine: {'line': b'\n'}
[2.222401] (robot_sensors) StdoutLine: {'line': b'Installed /home/Dojo/Dojo/build/robot_sensors\n'}
[2.222518] (robot_sensors) StdoutLine: {'line': b'running symlink_data\n'}
[2.226480] (ros2arduino_bridge) StdoutLine: {'line': b'running egg_info\n'}
[2.227034] (ros2arduino_bridge) StdoutLine: {'line': b'writing ros2arduino_bridge.egg-info/PKG-INFO\n'}
[2.227217] (ros2arduino_bridge) StdoutLine: {'line': b'writing dependency_links to ros2arduino_bridge.egg-info/dependency_links.txt\n'}
[2.227341] (ros2arduino_bridge) StdoutLine: {'line': b'writing entry points to ros2arduino_bridge.egg-info/entry_points.txt\n'}
[2.227746] (ros2arduino_bridge) StdoutLine: {'line': b'writing requirements to ros2arduino_bridge.egg-info/requires.txt\n'}
[2.227865] (ros2arduino_bridge) StdoutLine: {'line': b'writing top-level names to ros2arduino_bridge.egg-info/top_level.txt\n'}
[2.229260] (robot_control) JobEnded: {'identifier': 'robot_control', 'rc': 0}
[2.230224] (ros2arduino_bridge) StdoutLine: {'line': b"reading manifest file 'ros2arduino_bridge.egg-info/SOURCES.txt'\n"}
[2.231216] (ros2arduino_bridge) StdoutLine: {'line': b"writing manifest file 'ros2arduino_bridge.egg-info/SOURCES.txt'\n"}
[2.232826] (ros2arduino_bridge) StdoutLine: {'line': b'running build_ext\n'}
[2.233065] (ros2arduino_bridge) StdoutLine: {'line': b'Creating /home/Dojo/Dojo/install/ros2arduino_bridge/lib/python3.10/site-packages/ros2arduino-bridge.egg-link (link to .)\n'}
[2.234157] (ros2arduino_bridge) StdoutLine: {'line': b'Installing arduino_bridge script to /home/Dojo/Dojo/install/ros2arduino_bridge/bin\n'}
[2.234479] (ros2arduino_bridge) StdoutLine: {'line': b'Installing arduino_bridge_tester script to /home/Dojo/Dojo/install/ros2arduino_bridge/bin\n'}
[2.234711] (ros2arduino_bridge) StdoutLine: {'line': b'Installing test_arduino_bridge script to /home/Dojo/Dojo/install/ros2arduino_bridge/bin\n'}
[2.235053] (ros2arduino_bridge) StdoutLine: {'line': b'\n'}
[2.235163] (ros2arduino_bridge) StdoutLine: {'line': b'Installed /home/Dojo/Dojo/build/ros2arduino_bridge\n'}
[2.235282] (ros2arduino_bridge) StdoutLine: {'line': b'running symlink_data\n'}
[2.258001] (arduino_bridge) CommandEnded: {'returncode': 0}
[2.267355] (arduino_bridge) JobEnded: {'identifier': 'arduino_bridge', 'rc': 0}
[2.268572] (robot_sensors) CommandEnded: {'returncode': 0}
[2.269387] (vision_system) StdoutLine: {'line': b'running egg_info\n'}
[2.269564] (vision_system) StdoutLine: {'line': b'writing vision_system.egg-info/PKG-INFO\n'}
[2.269828] (vision_system) StdoutLine: {'line': b'writing dependency_links to vision_system.egg-info/dependency_links.txt\n'}
[2.269970] (vision_system) StdoutLine: {'line': b'writing entry points to vision_system.egg-info/entry_points.txt\n'}
[2.270252] (vision_system) StdoutLine: {'line': b'writing requirements to vision_system.egg-info/requires.txt\n'}
[2.270365] (vision_system) StdoutLine: {'line': b'writing top-level names to vision_system.egg-info/top_level.txt\n'}
[2.272165] (vision_system) StdoutLine: {'line': b"reading manifest file 'vision_system.egg-info/SOURCES.txt'\n"}
[2.273050] (vision_system) StdoutLine: {'line': b"writing manifest file 'vision_system.egg-info/SOURCES.txt'\n"}
[2.275309] (vision_system) StdoutLine: {'line': b'running build_ext\n'}
[2.275562] (vision_system) StdoutLine: {'line': b'Creating /home/Dojo/Dojo/install/vision_system/lib/python3.10/site-packages/vision-system.egg-link (link to .)\n'}
[2.276002] (vision_system) StdoutLine: {'line': b'Installing object_detector script to /home/Dojo/Dojo/install/vision_system/lib/vision_system\n'}
[2.276270] (vision_system) StdoutLine: {'line': b'\n'}
[2.276682] (vision_system) StdoutLine: {'line': b'Installed /home/Dojo/Dojo/build/vision_system\n'}
[2.276756] (vision_system) StdoutLine: {'line': b'running symlink_data\n'}
[2.278381] (robot_sensors) JobEnded: {'identifier': 'robot_sensors', 'rc': 0}
[2.279597] (robot_bringup) JobStarted: {'identifier': 'robot_bringup'}
[2.283755] (ros2arduino_bridge) CommandEnded: {'returncode': 0}
[2.293941] (ros2arduino_bridge) JobEnded: {'identifier': 'ros2arduino_bridge', 'rc': 0}
[2.294733] (robot_bringup) JobProgress: {'identifier': 'robot_bringup', 'progress': 'cmake'}
[2.295198] (robot_bringup) JobProgress: {'identifier': 'robot_bringup', 'progress': 'build'}
[2.295546] (robot_bringup) Command: {'cmd': ['/usr/bin/cmake', '--build', '/home/Dojo/Dojo/build/robot_bringup', '--', '-j16', '-l16'], 'cwd': '/home/Dojo/Dojo/build/robot_bringup', 'env': OrderedDict([('HOSTNAME', 'gareth-joel-HP-Pavilion-Gaming-Laptop-15-ec2xxx'), ('SHLVL', '0'), ('LD_LIBRARY_PATH', '/usr/lib/x86_64-linux-gnu/gazebo-11/plugins:/opt/ros/humble/opt/rviz_ogre_vendor/lib:/opt/ros/humble/lib/x86_64-linux-gnu:/opt/ros/humble/lib'), ('HOME', '/root'), ('OLDPWD', '/ros2_ws'), ('ROS_PYTHON_VERSION', '3'), ('ROS_DISTRO', 'humble'), ('_', '/usr/bin/colcon'), ('ROS_VERSION', '2'), ('NVIDIA_DRIVER_CAPABILITIES', 'all'), ('TERM', 'xterm'), ('ROS_LOCALHOST_ONLY', '0'), ('PATH', '/opt/ros/humble/bin:/usr/local/sbin:/usr/local/bin:/usr/sbin:/usr/bin:/sbin:/bin'), ('XDG_RUNTIME_DIR', '/tmp'), ('DISPLAY', ':0'), ('LANG', 'C.UTF-8'), ('AMENT_PREFIX_PATH', '/home/Dojo/Dojo/install/robot_sensors:/home/Dojo/Dojo/install/robot_perception:/home/Dojo/Dojo/install/robot_navigation:/home/Dojo/Dojo/install/robot_description:/home/Dojo/Dojo/install/robot_control:/opt/ros/humble'), ('DEBIAN_FRONTEND', 'noninteractive'), ('PWD', '/home/Dojo/Dojo/build/robot_bringup'), ('LC_ALL', 'C.UTF-8'), ('PYTHONPATH', '/home/Dojo/Dojo/build/robot_sensors:/home/Dojo/Dojo/install/robot_sensors/lib/python3.10/site-packages:/home/Dojo/Dojo/install/robot_perception/local/lib/python3.10/dist-packages:/home/Dojo/Dojo/install/robot_description/local/lib/python3.10/dist-packages:/home/Dojo/Dojo/build/robot_control:/home/Dojo/Dojo/install/robot_control/lib/python3.10/site-packages:/opt/ros/humble/lib/python3.10/site-packages:/opt/ros/humble/local/lib/python3.10/dist-packages'), ('NVIDIA_VISIBLE_DEVICES', 'all'), ('COLCON', '1'), ('CMAKE_PREFIX_PATH', '/home/Dojo/Dojo/install/robot_perception:/home/Dojo/Dojo/install/robot_navigation:/home/Dojo/Dojo/install/robot_description:/opt/ros/humble')]), 'shell': False}
[2.304557] (-) TimerEvent: {}
[2.311535] (vision_system) CommandEnded: {'returncode': 0}
[2.318807] (vision_system) JobEnded: {'identifier': 'vision_system', 'rc': 0}
[2.335497] (robot_bringup) CommandEnded: {'returncode': 0}
[2.336112] (robot_bringup) JobProgress: {'identifier': 'robot_bringup', 'progress': 'install'}
[2.336469] (robot_bringup) Command: {'cmd': ['/usr/bin/cmake', '--install', '/home/Dojo/Dojo/build/robot_bringup'], 'cwd': '/home/Dojo/Dojo/build/robot_bringup', 'env': OrderedDict([('HOSTNAME', 'gareth-joel-HP-Pavilion-Gaming-Laptop-15-ec2xxx'), ('SHLVL', '0'), ('LD_LIBRARY_PATH', '/usr/lib/x86_64-linux-gnu/gazebo-11/plugins:/opt/ros/humble/opt/rviz_ogre_vendor/lib:/opt/ros/humble/lib/x86_64-linux-gnu:/opt/ros/humble/lib'), ('HOME', '/root'), ('OLDPWD', '/ros2_ws'), ('ROS_PYTHON_VERSION', '3'), ('ROS_DISTRO', 'humble'), ('_', '/usr/bin/colcon'), ('ROS_VERSION', '2'), ('NVIDIA_DRIVER_CAPABILITIES', 'all'), ('TERM', 'xterm'), ('ROS_LOCALHOST_ONLY', '0'), ('PATH', '/opt/ros/humble/bin:/usr/local/sbin:/usr/local/bin:/usr/sbin:/usr/bin:/sbin:/bin'), ('XDG_RUNTIME_DIR', '/tmp'), ('DISPLAY', ':0'), ('LANG', 'C.UTF-8'), ('AMENT_PREFIX_PATH', '/home/Dojo/Dojo/install/robot_sensors:/home/Dojo/Dojo/install/robot_perception:/home/Dojo/Dojo/install/robot_navigation:/home/Dojo/Dojo/install/robot_description:/home/Dojo/Dojo/install/robot_control:/opt/ros/humble'), ('DEBIAN_FRONTEND', 'noninteractive'), ('PWD', '/home/Dojo/Dojo/build/robot_bringup'), ('LC_ALL', 'C.UTF-8'), ('PYTHONPATH', '/home/Dojo/Dojo/build/robot_sensors:/home/Dojo/Dojo/install/robot_sensors/lib/python3.10/site-packages:/home/Dojo/Dojo/install/robot_perception/local/lib/python3.10/dist-packages:/home/Dojo/Dojo/install/robot_description/local/lib/python3.10/dist-packages:/home/Dojo/Dojo/build/robot_control:/home/Dojo/Dojo/install/robot_control/lib/python3.10/site-packages:/opt/ros/humble/lib/python3.10/site-packages:/opt/ros/humble/local/lib/python3.10/dist-packages'), ('NVIDIA_VISIBLE_DEVICES', 'all'), ('COLCON', '1'), ('CMAKE_PREFIX_PATH', '/home/Dojo/Dojo/install/robot_perception:/home/Dojo/Dojo/install/robot_navigation:/home/Dojo/Dojo/install/robot_description:/opt/ros/humble')]), 'shell': False}
[2.344076] (robot_bringup) StdoutLine: {'line': b'-- Install configuration: ""\n'}
[2.344457] (robot_bringup) StdoutLine: {'line': b'-- Execute custom install script\n'}
[2.344770] (robot_bringup) StdoutLine: {'line': b'-- Up-to-date symlink: /home/Dojo/Dojo/install/robot_bringup/share/robot_bringup/launch/bringup.launch.py\n'}
[2.344944] (robot_bringup) StdoutLine: {'line': b'-- Up-to-date symlink: /home/Dojo/Dojo/install/robot_bringup/share/ament_index/resource_index/package_run_dependencies/robot_bringup\n'}
[2.345098] (robot_bringup) StdoutLine: {'line': b'-- Up-to-date symlink: /home/Dojo/Dojo/install/robot_bringup/share/ament_index/resource_index/parent_prefix_path/robot_bringup\n'}
[2.345254] (robot_bringup) StdoutLine: {'line': b'-- Up-to-date symlink: /home/Dojo/Dojo/install/robot_bringup/share/robot_bringup/environment/ament_prefix_path.sh\n'}
[2.345384] (robot_bringup) StdoutLine: {'line': b'-- Up-to-date symlink: /home/Dojo/Dojo/install/robot_bringup/share/robot_bringup/environment/ament_prefix_path.dsv\n'}
[2.345541] (robot_bringup) StdoutLine: {'line': b'-- Up-to-date symlink: /home/Dojo/Dojo/install/robot_bringup/share/robot_bringup/environment/path.sh\n'}
[2.345675] (robot_bringup) StdoutLine: {'line': b'-- Up-to-date symlink: /home/Dojo/Dojo/install/robot_bringup/share/robot_bringup/environment/path.dsv\n'}
[2.345798] (robot_bringup) StdoutLine: {'line': b'-- Up-to-date symlink: /home/Dojo/Dojo/install/robot_bringup/share/robot_bringup/local_setup.bash\n'}
[2.345924] (robot_bringup) StdoutLine: {'line': b'-- Up-to-date symlink: /home/Dojo/Dojo/install/robot_bringup/share/robot_bringup/local_setup.sh\n'}
[2.346048] (robot_bringup) StdoutLine: {'line': b'-- Up-to-date symlink: /home/Dojo/Dojo/install/robot_bringup/share/robot_bringup/local_setup.zsh\n'}
[2.346176] (robot_bringup) StdoutLine: {'line': b'-- Up-to-date symlink: /home/Dojo/Dojo/install/robot_bringup/share/robot_bringup/local_setup.dsv\n'}
[2.346268] (robot_bringup) StdoutLine: {'line': b'-- Symlinking: /home/Dojo/Dojo/install/robot_bringup/share/robot_bringup/package.dsv\n'}
[2.355388] (robot_bringup) StdoutLine: {'line': b'-- Up-to-date symlink: /home/Dojo/Dojo/install/robot_bringup/share/ament_index/resource_index/packages/robot_bringup\n'}
[2.355589] (robot_bringup) StdoutLine: {'line': b'-- Up-to-date symlink: /home/Dojo/Dojo/install/robot_bringup/share/robot_bringup/cmake/robot_bringupConfig.cmake\n'}
[2.355718] (robot_bringup) StdoutLine: {'line': b'-- Up-to-date symlink: /home/Dojo/Dojo/install/robot_bringup/share/robot_bringup/cmake/robot_bringupConfig-version.cmake\n'}
[2.355892] (robot_bringup) StdoutLine: {'line': b'-- Up-to-date symlink: /home/Dojo/Dojo/install/robot_bringup/share/robot_bringup/package.xml\n'}
[2.358000] (robot_bringup) CommandEnded: {'returncode': 0}
[2.368302] (robot_bringup) JobEnded: {'identifier': 'robot_bringup', 'rc': 0}
[2.369050] (-) EventReactorShutdown: {}
