[0.212s] Invoking command in '/home/Dojo/Dojo/build/robot_navigation': /usr/bin/cmake /home/Dojo/Dojo/src/robot_navigation -DCMAKE_INSTALL_PREFIX=/home/Dojo/Dojo/install/robot_navigation
[0.430s] -- The C compiler identification is GNU 11.4.0
[0.431s] -- The CXX compiler identification is GNU 11.4.0
[0.431s] -- Detecting C compiler ABI info
[0.494s] -- Detecting C compiler ABI info - done
[0.501s] -- Check for working C compiler: /usr/bin/cc - skipped
[0.502s] -- Detecting C compile features
[0.503s] -- Detecting C compile features - done
[0.506s] -- Detecting CXX compiler ABI info
[0.594s] -- Detecting CXX compiler ABI info - done
[0.603s] -- Check for working CXX compiler: /usr/bin/c++ - skipped
[0.603s] -- Detecting CXX compile features
[0.603s] -- Detecting CXX compile features - done
[0.608s] -- Found ament_cmake: 1.3.11 (/opt/ros/humble/share/ament_cmake/cmake)
[0.751s] -- Found Python3: /usr/bin/python3 (found version "3.10.12") found components: Interpreter 
[0.859s] [31mCMake Error at CMakeLists.txt:14 (action):
[0.859s]   Unknown CMake command "action".
[0.859s] 
[0.859s] [0m
[0.859s] -- Configuring incomplete, errors occurred!
[0.859s] See also "/home/Dojo/Dojo/build/robot_navigation/CMakeFiles/CMakeOutput.log".
[0.865s] Invoked command in '/home/Dojo/Dojo/build/robot_navigation' returned '1': /usr/bin/cmake /home/Dojo/Dojo/src/robot_navigation -DCMAKE_INSTALL_PREFIX=/home/Dojo/Dojo/install/robot_navigation
