[0.949s] Invoking command in '/root/Dojo/build/robot_launch': AMENT_PREFIX_PATH=/root/Dojo/install/ros2arduino_bridge:/root/Dojo/install/robot_sensors:/root/Dojo/install/robot_control:/root/Dojo/install/robot_gazebo:/root/Dojo/install/vision_system:/root/Dojo/install/robot_navigation:/root/Dojo/install/robot_perception:/root/Dojo/install/arduino_bridge:/opt/ros/humble PYTHONPATH=/root/Dojo/build/robot_launch/prefix_override:/usr/lib/python3/dist-packages/colcon_core/task/python/colcon_distutils_commands:/root/Dojo/install/robot_launch/lib/python3.10/site-packages:/root/Dojo/build/ros2arduino_bridge:/root/Dojo/install/ros2arduino_bridge/lib/python3.10/site-packages:/root/Dojo/build/robot_sensors:/root/Dojo/install/robot_sensors/lib/python3.10/site-packages:/root/Dojo/build/robot_control:/root/Dojo/install/robot_control/lib/python3.10/site-packages:/root/Dojo/build/vision_system:/root/Dojo/install/vision_system/lib/python3.10/site-packages:/root/Dojo/install/robot_perception/local/lib/python3.10/dist-packages:/root/Dojo/build/arduino_bridge:/root/Dojo/install/arduino_bridge/lib/python3.10/site-packages:/opt/ros/humble/lib/python3.10/site-packages:/opt/ros/humble/local/lib/python3.10/dist-packages /usr/bin/python3 -W ignore:setup.py install is deprecated -W ignore:easy_install command is deprecated setup.py develop --editable --build-directory /root/Dojo/build/robot_launch/build --no-deps symlink_data
[1.329s] running develop
[1.571s] running egg_info
[1.572s] creating robot_launch.egg-info
[1.584s] writing robot_launch.egg-info/PKG-INFO
[1.584s] writing dependency_links to robot_launch.egg-info/dependency_links.txt
[1.585s] writing requirements to robot_launch.egg-info/requires.txt
[1.585s] writing top-level names to robot_launch.egg-info/top_level.txt
[1.585s] writing manifest file 'robot_launch.egg-info/SOURCES.txt'
[1.613s] reading manifest file 'robot_launch.egg-info/SOURCES.txt'
[1.613s] writing manifest file 'robot_launch.egg-info/SOURCES.txt'
[1.630s] running build_ext
[1.630s] Creating /root/Dojo/install/robot_launch/lib/python3.10/site-packages/robot-launch.egg-link (link to .)
[1.631s] 
[1.631s] Installed /root/Dojo/build/robot_launch
[1.631s] running symlink_data
[1.631s] creating /root/Dojo/install/robot_launch/share/ament_index
[1.631s] creating /root/Dojo/install/robot_launch/share/ament_index/resource_index
[1.631s] creating /root/Dojo/install/robot_launch/share/ament_index/resource_index/packages
[1.632s] symbolically linking /root/Dojo/build/robot_launch/resource/robot_launch -> /root/Dojo/install/robot_launch/share/ament_index/resource_index/packages
[1.632s] symbolically linking /root/Dojo/build/robot_launch/package.xml -> /root/Dojo/install/robot_launch/share/robot_launch
[1.632s] creating /root/Dojo/install/robot_launch/share/robot_launch/launch
[1.632s] symbolically linking /root/Dojo/build/robot_launch/launch/robot_complete.launch.py -> /root/Dojo/install/robot_launch/share/robot_launch/launch
[1.678s] Invoked command in '/root/Dojo/build/robot_launch' returned '0': AMENT_PREFIX_PATH=/root/Dojo/install/ros2arduino_bridge:/root/Dojo/install/robot_sensors:/root/Dojo/install/robot_control:/root/Dojo/install/robot_gazebo:/root/Dojo/install/vision_system:/root/Dojo/install/robot_navigation:/root/Dojo/install/robot_perception:/root/Dojo/install/arduino_bridge:/opt/ros/humble PYTHONPATH=/root/Dojo/build/robot_launch/prefix_override:/usr/lib/python3/dist-packages/colcon_core/task/python/colcon_distutils_commands:/root/Dojo/install/robot_launch/lib/python3.10/site-packages:/root/Dojo/build/ros2arduino_bridge:/root/Dojo/install/ros2arduino_bridge/lib/python3.10/site-packages:/root/Dojo/build/robot_sensors:/root/Dojo/install/robot_sensors/lib/python3.10/site-packages:/root/Dojo/build/robot_control:/root/Dojo/install/robot_control/lib/python3.10/site-packages:/root/Dojo/build/vision_system:/root/Dojo/install/vision_system/lib/python3.10/site-packages:/root/Dojo/install/robot_perception/local/lib/python3.10/dist-packages:/root/Dojo/build/arduino_bridge:/root/Dojo/install/arduino_bridge/lib/python3.10/site-packages:/opt/ros/humble/lib/python3.10/site-packages:/opt/ros/humble/local/lib/python3.10/dist-packages /usr/bin/python3 -W ignore:setup.py install is deprecated -W ignore:easy_install command is deprecated setup.py develop --editable --build-directory /root/Dojo/build/robot_launch/build --no-deps symlink_data
