-- Found ament_cmake: 1.3.11 (/opt/ros/humble/share/ament_cmake/cmake)
-- Found Python3: /usr/bin/python3 (found version "3.10.12") found components: Interpreter 
-- Override CMake install command with custom implementation using symlinks instead of copying resources
-- Found rclcpp: 16.0.12 (/opt/ros/humble/share/rclcpp/cmake)
-- Found rosidl_generator_c: 3.1.6 (/opt/ros/humble/share/rosidl_generator_c/cmake)
-- Found rosidl_adapter: 3.1.6 (/opt/ros/humble/share/rosidl_adapter/cmake)
-- Found rosidl_generator_cpp: 3.1.6 (/opt/ros/humble/share/rosidl_generator_cpp/cmake)
-- Using all available rosidl_typesupport_c: rosidl_typesupport_fastrtps_c;rosidl_typesupport_introspection_c
-- Using all available rosidl_typesupport_cpp: rosidl_typesupport_fastrtps_cpp;rosidl_typesupport_introspection_cpp
-- Found rmw_implementation_cmake: 6.1.2 (/opt/ros/humble/share/rmw_implementation_cmake/cmake)
-- Found rmw_fastrtps_cpp: 6.2.7 (/opt/ros/humble/share/rmw_fastrtps_cpp/cmake)
-- Found OpenSSL: /usr/lib/x86_64-linux-gnu/libcrypto.so (found version "3.0.2")  
-- Found FastRTPS: /opt/ros/humble/include  
-- Using RMW implementation 'rmw_fastrtps_cpp' as default
-- Looking for pthread.h
-- Looking for pthread.h - found
-- Performing Test CMAKE_HAVE_LIBC_PTHREAD
-- Performing Test CMAKE_HAVE_LIBC_PTHREAD - Success
-- Found Threads: TRUE  
-- Found geometry_msgs: 4.9.0 (/opt/ros/humble/share/geometry_msgs/cmake)
-- Found sensor_msgs: 4.9.0 (/opt/ros/humble/share/sensor_msgs/cmake)
-- Configuring done
-- Generating done
-- Build files have been written to: /home/Dojo/Dojo/build/ros2arduino_bridge
-- Install configuration: ""
-- Execute custom install script
-- Symlinking: /home/Dojo/Dojo/install/ros2arduino_bridge/share/ros2arduino_bridge/launch/arduino_bridge.launch.py
-- Symlinking: /home/Dojo/Dojo/install/ros2arduino_bridge/share/ros2arduino_bridge/launch/ros2arduino_bridge.launch.py
-- Symlinking: /home/Dojo/Dojo/install/ros2arduino_bridge/share/ros2arduino_bridge/config/ros2arduino_bridge_params.yaml
-- Symlinking: /home/Dojo/Dojo/install/ros2arduino_bridge/share/ament_index/resource_index/package_run_dependencies/ros2arduino_bridge
-- Symlinking: /home/Dojo/Dojo/install/ros2arduino_bridge/share/ament_index/resource_index/parent_prefix_path/ros2arduino_bridge
-- Symlinking: /home/Dojo/Dojo/install/ros2arduino_bridge/share/ros2arduino_bridge/environment/ament_prefix_path.sh
-- Symlinking: /home/Dojo/Dojo/install/ros2arduino_bridge/share/ros2arduino_bridge/environment/ament_prefix_path.dsv
-- Symlinking: /home/Dojo/Dojo/install/ros2arduino_bridge/share/ros2arduino_bridge/environment/path.sh
-- Symlinking: /home/Dojo/Dojo/install/ros2arduino_bridge/share/ros2arduino_bridge/environment/path.dsv
-- Symlinking: /home/Dojo/Dojo/install/ros2arduino_bridge/share/ros2arduino_bridge/local_setup.bash
-- Symlinking: /home/Dojo/Dojo/install/ros2arduino_bridge/share/ros2arduino_bridge/local_setup.sh
-- Symlinking: /home/Dojo/Dojo/install/ros2arduino_bridge/share/ros2arduino_bridge/local_setup.zsh
-- Symlinking: /home/Dojo/Dojo/install/ros2arduino_bridge/share/ros2arduino_bridge/local_setup.dsv
-- Symlinking: /home/Dojo/Dojo/install/ros2arduino_bridge/share/ros2arduino_bridge/package.dsv
-- Symlinking: /home/Dojo/Dojo/install/ros2arduino_bridge/share/ament_index/resource_index/packages/ros2arduino_bridge
-- Symlinking: /home/Dojo/Dojo/install/ros2arduino_bridge/share/ros2arduino_bridge/cmake/ros2arduino_bridgeConfig.cmake
-- Symlinking: /home/Dojo/Dojo/install/ros2arduino_bridge/share/ros2arduino_bridge/cmake/ros2arduino_bridgeConfig-version.cmake
-- Symlinking: /home/Dojo/Dojo/install/ros2arduino_bridge/share/ros2arduino_bridge/package.xml
