[0.229s] Invoking command in '/home/Dojo/Dojo/build/ros2arduino_bridge': CMAKE_PREFIX_PATH=/opt/ros/humble /usr/bin/cmake /home/Dojo/Dojo/src/ros2arduino_bridge -DAMENT_CMAKE_SYMLINK_INSTALL=1 -DCMAKE_INSTALL_PREFIX=/home/Dojo/Dojo/install/ros2arduino_bridge
[0.242s] -- Found ament_cmake: 1.3.11 (/opt/ros/humble/share/ament_cmake/cmake)
[0.380s] -- Found Python3: /usr/bin/python3 (found version "3.10.12") found components: Interpreter 
[0.438s] -- Override CMake install command with custom implementation using symlinks instead of copying resources
[0.476s] -- Found rclcpp: 16.0.12 (/opt/ros/humble/share/rclcpp/cmake)
[0.524s] -- Found rosidl_generator_c: 3.1.6 (/opt/ros/humble/share/rosidl_generator_c/cmake)
[0.530s] -- Found rosidl_adapter: 3.1.6 (/opt/ros/humble/share/rosidl_adapter/cmake)
[0.539s] -- Found rosidl_generator_cpp: 3.1.6 (/opt/ros/humble/share/rosidl_generator_cpp/cmake)
[0.552s] -- Using all available rosidl_typesupport_c: rosidl_typesupport_fastrtps_c;rosidl_typesupport_introspection_c
[0.570s] -- Using all available rosidl_typesupport_cpp: rosidl_typesupport_fastrtps_cpp;rosidl_typesupport_introspection_cpp
[0.621s] -- Found rmw_implementation_cmake: 6.1.2 (/opt/ros/humble/share/rmw_implementation_cmake/cmake)
[0.624s] -- Found rmw_fastrtps_cpp: 6.2.7 (/opt/ros/humble/share/rmw_fastrtps_cpp/cmake)
[0.730s] -- Found OpenSSL: /usr/lib/x86_64-linux-gnu/libcrypto.so (found version "3.0.2")  
[0.766s] -- Found FastRTPS: /opt/ros/humble/include  
[0.827s] -- Using RMW implementation 'rmw_fastrtps_cpp' as default
[0.837s] -- Looking for pthread.h
[0.911s] -- Looking for pthread.h - found
[0.911s] -- Performing Test CMAKE_HAVE_LIBC_PTHREAD
[0.982s] -- Performing Test CMAKE_HAVE_LIBC_PTHREAD - Success
[0.983s] -- Found Threads: TRUE  
[1.033s] -- Found geometry_msgs: 4.9.0 (/opt/ros/humble/share/geometry_msgs/cmake)
[1.045s] -- Found sensor_msgs: 4.9.0 (/opt/ros/humble/share/sensor_msgs/cmake)
[1.117s] -- Configuring done
[1.122s] -- Generating done
[1.124s] -- Build files have been written to: /home/Dojo/Dojo/build/ros2arduino_bridge
[1.131s] Invoked command in '/home/Dojo/Dojo/build/ros2arduino_bridge' returned '0': CMAKE_PREFIX_PATH=/opt/ros/humble /usr/bin/cmake /home/Dojo/Dojo/src/ros2arduino_bridge -DAMENT_CMAKE_SYMLINK_INSTALL=1 -DCMAKE_INSTALL_PREFIX=/home/Dojo/Dojo/install/ros2arduino_bridge
[1.133s] Invoking command in '/home/Dojo/Dojo/build/ros2arduino_bridge': CMAKE_PREFIX_PATH=/opt/ros/humble /usr/bin/cmake --build /home/Dojo/Dojo/build/ros2arduino_bridge -- -j16 -l16
[1.174s] Invoked command in '/home/Dojo/Dojo/build/ros2arduino_bridge' returned '0': CMAKE_PREFIX_PATH=/opt/ros/humble /usr/bin/cmake --build /home/Dojo/Dojo/build/ros2arduino_bridge -- -j16 -l16
[1.184s] Invoking command in '/home/Dojo/Dojo/build/ros2arduino_bridge': CMAKE_PREFIX_PATH=/opt/ros/humble /usr/bin/cmake --install /home/Dojo/Dojo/build/ros2arduino_bridge
[1.191s] -- Install configuration: ""
[1.191s] -- Execute custom install script
[1.191s] -- Symlinking: /home/Dojo/Dojo/install/ros2arduino_bridge/share/ros2arduino_bridge/launch/arduino_bridge.launch.py
[1.200s] -- Symlinking: /home/Dojo/Dojo/install/ros2arduino_bridge/share/ros2arduino_bridge/launch/ros2arduino_bridge.launch.py
[1.210s] -- Symlinking: /home/Dojo/Dojo/install/ros2arduino_bridge/share/ros2arduino_bridge/config/ros2arduino_bridge_params.yaml
[1.219s] -- Symlinking: /home/Dojo/Dojo/install/ros2arduino_bridge/share/ament_index/resource_index/package_run_dependencies/ros2arduino_bridge
[1.228s] -- Symlinking: /home/Dojo/Dojo/install/ros2arduino_bridge/share/ament_index/resource_index/parent_prefix_path/ros2arduino_bridge
[1.237s] -- Symlinking: /home/Dojo/Dojo/install/ros2arduino_bridge/share/ros2arduino_bridge/environment/ament_prefix_path.sh
[1.247s] -- Symlinking: /home/Dojo/Dojo/install/ros2arduino_bridge/share/ros2arduino_bridge/environment/ament_prefix_path.dsv
[1.255s] -- Symlinking: /home/Dojo/Dojo/install/ros2arduino_bridge/share/ros2arduino_bridge/environment/path.sh
[1.265s] -- Symlinking: /home/Dojo/Dojo/install/ros2arduino_bridge/share/ros2arduino_bridge/environment/path.dsv
[1.273s] -- Symlinking: /home/Dojo/Dojo/install/ros2arduino_bridge/share/ros2arduino_bridge/local_setup.bash
[1.283s] -- Symlinking: /home/Dojo/Dojo/install/ros2arduino_bridge/share/ros2arduino_bridge/local_setup.sh
[1.292s] -- Symlinking: /home/Dojo/Dojo/install/ros2arduino_bridge/share/ros2arduino_bridge/local_setup.zsh
[1.300s] -- Symlinking: /home/Dojo/Dojo/install/ros2arduino_bridge/share/ros2arduino_bridge/local_setup.dsv
[1.310s] -- Symlinking: /home/Dojo/Dojo/install/ros2arduino_bridge/share/ros2arduino_bridge/package.dsv
[1.319s] -- Symlinking: /home/Dojo/Dojo/install/ros2arduino_bridge/share/ament_index/resource_index/packages/ros2arduino_bridge
[1.329s] -- Symlinking: /home/Dojo/Dojo/install/ros2arduino_bridge/share/ros2arduino_bridge/cmake/ros2arduino_bridgeConfig.cmake
[1.336s] -- Symlinking: /home/Dojo/Dojo/install/ros2arduino_bridge/share/ros2arduino_bridge/cmake/ros2arduino_bridgeConfig-version.cmake
[1.345s] -- Symlinking: /home/Dojo/Dojo/install/ros2arduino_bridge/share/ros2arduino_bridge/package.xml
[1.356s] Invoked command in '/home/Dojo/Dojo/build/ros2arduino_bridge' returned '0': CMAKE_PREFIX_PATH=/opt/ros/humble /usr/bin/cmake --install /home/Dojo/Dojo/build/ros2arduino_bridge
