-- Found ament_cmake: 1.3.11 (/opt/ros/humble/share/ament_cmake/cmake)
-- Found Python3: /usr/bin/python3 (found version "3.10.12") found components: Interpreter 
-- Override CMake install command with custom implementation using symlinks instead of copying resources
-- Configuring done
-- Generating done
-- Build files have been written to: /home/Dojo/Dojo/build/robot_description
Built target ament_cmake_python_symlink_robot_description
running egg_info
creating robot_description.egg-info
writing robot_description.egg-info/PKG-INFO
writing dependency_links to robot_description.egg-info/dependency_links.txt
writing top-level names to robot_description.egg-info/top_level.txt
writing manifest file 'robot_description.egg-info/SOURCES.txt'
reading manifest file 'robot_description.egg-info/SOURCES.txt'
writing manifest file 'robot_description.egg-info/SOURCES.txt'
Built target ament_cmake_python_build_robot_description_egg
-- Install configuration: ""
-- Execute custom install script
-- Symlinking: /home/Dojo/Dojo/install/robot_description/share/robot_description/launch/display.launch.py
-- Symlinking: /home/Dojo/Dojo/install/robot_description/share/robot_description/launch/robot_state_publisher.launch.py
-- Symlinking: /home/Dojo/Dojo/install/robot_description/share/robot_description/urdf/robot.urdf.xacro
-- Symlinking: /home/Dojo/Dojo/install/robot_description/share/robot_description/rviz/robot.rviz
-- Up-to-date symlink: /home/Dojo/Dojo/install/robot_description/share/robot_description/launch//display.launch.py
-- Up-to-date symlink: /home/Dojo/Dojo/install/robot_description/share/robot_description/launch//robot_state_publisher.launch.py
-- Symlinking: /home/Dojo/Dojo/install/robot_description/share/robot_description/environment/pythonpath.sh
-- Symlinking: /home/Dojo/Dojo/install/robot_description/share/robot_description/environment/pythonpath.dsv
-- Symlinking: /home/Dojo/Dojo/install/robot_description/local/lib/python3.10/dist-packages/robot_description-0.0.1-py3.10.egg-info/PKG-INFO
-- Symlinking: /home/Dojo/Dojo/install/robot_description/local/lib/python3.10/dist-packages/robot_description-0.0.1-py3.10.egg-info/SOURCES.txt
-- Symlinking: /home/Dojo/Dojo/install/robot_description/local/lib/python3.10/dist-packages/robot_description-0.0.1-py3.10.egg-info/dependency_links.txt
-- Symlinking: /home/Dojo/Dojo/install/robot_description/local/lib/python3.10/dist-packages/robot_description-0.0.1-py3.10.egg-info/top_level.txt
-- Symlinking: /home/Dojo/Dojo/install/robot_description/local/lib/python3.10/dist-packages/robot_description/__init__.py
-- Up-to-date symlink: /home/Dojo/Dojo/install/robot_description/share/robot_description/launch/display.launch.py
-- Up-to-date symlink: /home/Dojo/Dojo/install/robot_description/share/robot_description/launch/robot_state_publisher.launch.py
-- Symlinking: /home/Dojo/Dojo/install/robot_description/share/ament_index/resource_index/package_run_dependencies/robot_description
-- Symlinking: /home/Dojo/Dojo/install/robot_description/share/ament_index/resource_index/parent_prefix_path/robot_description
-- Symlinking: /home/Dojo/Dojo/install/robot_description/share/robot_description/environment/ament_prefix_path.sh
-- Symlinking: /home/Dojo/Dojo/install/robot_description/share/robot_description/environment/ament_prefix_path.dsv
-- Symlinking: /home/Dojo/Dojo/install/robot_description/share/robot_description/environment/path.sh
-- Symlinking: /home/Dojo/Dojo/install/robot_description/share/robot_description/environment/path.dsv
-- Symlinking: /home/Dojo/Dojo/install/robot_description/share/robot_description/local_setup.bash
-- Symlinking: /home/Dojo/Dojo/install/robot_description/share/robot_description/local_setup.sh
-- Symlinking: /home/Dojo/Dojo/install/robot_description/share/robot_description/local_setup.zsh
-- Symlinking: /home/Dojo/Dojo/install/robot_description/share/robot_description/local_setup.dsv
-- Symlinking: /home/Dojo/Dojo/install/robot_description/share/robot_description/package.dsv
-- Symlinking: /home/Dojo/Dojo/install/robot_description/share/ament_index/resource_index/packages/robot_description
-- Symlinking: /home/Dojo/Dojo/install/robot_description/share/robot_description/cmake/robot_descriptionConfig.cmake
-- Symlinking: /home/Dojo/Dojo/install/robot_description/share/robot_description/cmake/robot_descriptionConfig-version.cmake
-- Symlinking: /home/Dojo/Dojo/install/robot_description/share/robot_description/package.xml
Listing '/home/Dojo/Dojo/install/robot_description/local/lib/python3.10/dist-packages/robot_description'...
Compiling '/home/Dojo/Dojo/install/robot_description/local/lib/python3.10/dist-packages/robot_description/__init__.py'...
