[0.253s] Invoking command in '/home/Dojo/Dojo/build/robot_description': CMAKE_PREFIX_PATH=/opt/ros/humble /usr/bin/cmake /home/Dojo/Dojo/src/robot_description -DAMENT_CMAKE_SYMLINK_INSTALL=1 -DCMAKE_INSTALL_PREFIX=/home/Dojo/Dojo/install/robot_description
[0.714s] -- Found ament_cmake: 1.3.11 (/opt/ros/humble/share/ament_cmake/cmake)
[0.714s] -- Found Python3: /usr/bin/python3 (found version "3.10.12") found components: Interpreter 
[0.715s] -- Override CMake install command with custom implementation using symlinks instead of copying resources
[0.715s] -- Configuring done
[0.715s] -- Generating done
[0.715s] -- Build files have been written to: /home/Dojo/Dojo/build/robot_description
[0.719s] Invoked command in '/home/Dojo/Dojo/build/robot_description' returned '0': CMAKE_PREFIX_PATH=/opt/ros/humble /usr/bin/cmake /home/Dojo/Dojo/src/robot_description -DAMENT_CMAKE_SYMLINK_INSTALL=1 -DCMAKE_INSTALL_PREFIX=/home/Dojo/Dojo/install/robot_description
[0.719s] Invoking command in '/home/Dojo/Dojo/build/robot_description': CMAKE_PREFIX_PATH=/opt/ros/humble /usr/bin/cmake --build /home/Dojo/Dojo/build/robot_description -- -j16 -l16
[0.774s] Built target ament_cmake_python_symlink_robot_description
[1.006s] running egg_info
[1.006s] creating robot_description.egg-info
[1.006s] writing robot_description.egg-info/PKG-INFO
[1.007s] writing dependency_links to robot_description.egg-info/dependency_links.txt
[1.007s] writing top-level names to robot_description.egg-info/top_level.txt
[1.007s] writing manifest file 'robot_description.egg-info/SOURCES.txt'
[1.009s] reading manifest file 'robot_description.egg-info/SOURCES.txt'
[1.010s] writing manifest file 'robot_description.egg-info/SOURCES.txt'
[1.045s] Built target ament_cmake_python_build_robot_description_egg
[1.059s] Invoked command in '/home/Dojo/Dojo/build/robot_description' returned '0': CMAKE_PREFIX_PATH=/opt/ros/humble /usr/bin/cmake --build /home/Dojo/Dojo/build/robot_description -- -j16 -l16
[1.060s] Invoking command in '/home/Dojo/Dojo/build/robot_description': CMAKE_PREFIX_PATH=/opt/ros/humble /usr/bin/cmake --install /home/Dojo/Dojo/build/robot_description
[1.067s] -- Install configuration: ""
[1.067s] -- Execute custom install script
[1.068s] -- Symlinking: /home/Dojo/Dojo/install/robot_description/share/robot_description/launch/display.launch.py
[1.076s] -- Symlinking: /home/Dojo/Dojo/install/robot_description/share/robot_description/launch/robot_state_publisher.launch.py
[1.086s] -- Symlinking: /home/Dojo/Dojo/install/robot_description/share/robot_description/urdf/robot.urdf.xacro
[1.096s] -- Symlinking: /home/Dojo/Dojo/install/robot_description/share/robot_description/rviz/robot.rviz
[1.107s] -- Up-to-date symlink: /home/Dojo/Dojo/install/robot_description/share/robot_description/launch//display.launch.py
[1.107s] -- Up-to-date symlink: /home/Dojo/Dojo/install/robot_description/share/robot_description/launch//robot_state_publisher.launch.py
[1.108s] -- Symlinking: /home/Dojo/Dojo/install/robot_description/share/robot_description/environment/pythonpath.sh
[1.118s] -- Symlinking: /home/Dojo/Dojo/install/robot_description/share/robot_description/environment/pythonpath.dsv
[1.128s] -- Symlinking: /home/Dojo/Dojo/install/robot_description/local/lib/python3.10/dist-packages/robot_description-0.0.1-py3.10.egg-info/PKG-INFO
[1.137s] -- Symlinking: /home/Dojo/Dojo/install/robot_description/local/lib/python3.10/dist-packages/robot_description-0.0.1-py3.10.egg-info/SOURCES.txt
[1.147s] -- Symlinking: /home/Dojo/Dojo/install/robot_description/local/lib/python3.10/dist-packages/robot_description-0.0.1-py3.10.egg-info/dependency_links.txt
[1.156s] -- Symlinking: /home/Dojo/Dojo/install/robot_description/local/lib/python3.10/dist-packages/robot_description-0.0.1-py3.10.egg-info/top_level.txt
[1.166s] -- Symlinking: /home/Dojo/Dojo/install/robot_description/local/lib/python3.10/dist-packages/robot_description/__init__.py
[1.175s] -- Up-to-date symlink: /home/Dojo/Dojo/install/robot_description/share/robot_description/launch/display.launch.py
[1.175s] -- Up-to-date symlink: /home/Dojo/Dojo/install/robot_description/share/robot_description/launch/robot_state_publisher.launch.py
[1.175s] -- Symlinking: /home/Dojo/Dojo/install/robot_description/share/ament_index/resource_index/package_run_dependencies/robot_description
[1.185s] -- Symlinking: /home/Dojo/Dojo/install/robot_description/share/ament_index/resource_index/parent_prefix_path/robot_description
[1.196s] -- Symlinking: /home/Dojo/Dojo/install/robot_description/share/robot_description/environment/ament_prefix_path.sh
[1.205s] -- Symlinking: /home/Dojo/Dojo/install/robot_description/share/robot_description/environment/ament_prefix_path.dsv
[1.216s] -- Symlinking: /home/Dojo/Dojo/install/robot_description/share/robot_description/environment/path.sh
[1.226s] -- Symlinking: /home/Dojo/Dojo/install/robot_description/share/robot_description/environment/path.dsv
[1.236s] -- Symlinking: /home/Dojo/Dojo/install/robot_description/share/robot_description/local_setup.bash
[1.246s] -- Symlinking: /home/Dojo/Dojo/install/robot_description/share/robot_description/local_setup.sh
[1.256s] -- Symlinking: /home/Dojo/Dojo/install/robot_description/share/robot_description/local_setup.zsh
[1.266s] -- Symlinking: /home/Dojo/Dojo/install/robot_description/share/robot_description/local_setup.dsv
[1.276s] -- Symlinking: /home/Dojo/Dojo/install/robot_description/share/robot_description/package.dsv
[1.286s] -- Symlinking: /home/Dojo/Dojo/install/robot_description/share/ament_index/resource_index/packages/robot_description
[1.296s] -- Symlinking: /home/Dojo/Dojo/install/robot_description/share/robot_description/cmake/robot_descriptionConfig.cmake
[1.307s] -- Symlinking: /home/Dojo/Dojo/install/robot_description/share/robot_description/cmake/robot_descriptionConfig-version.cmake
[1.317s] -- Symlinking: /home/Dojo/Dojo/install/robot_description/share/robot_description/package.xml
[1.357s] Listing '/home/Dojo/Dojo/install/robot_description/local/lib/python3.10/dist-packages/robot_description'...
[1.357s] Compiling '/home/Dojo/Dojo/install/robot_description/local/lib/python3.10/dist-packages/robot_description/__init__.py'...
[1.364s] Invoked command in '/home/Dojo/Dojo/build/robot_description' returned '0': CMAKE_PREFIX_PATH=/opt/ros/humble /usr/bin/cmake --install /home/Dojo/Dojo/build/robot_description
