[0.797s] Invoking command in '/home/Dojo/Dojo/build/robot_perception': CMAKE_PREFIX_PATH=/opt/ros/humble /usr/bin/cmake /home/Dojo/Dojo/src/robot_perception -DAMENT_CMAKE_SYMLINK_INSTALL=1 -DCMAKE_INSTALL_PREFIX=/home/Dojo/Dojo/install/robot_perception
[2.910s] -- The C compiler identification is GNU 11.4.0
[2.910s] -- The CXX compiler identification is GNU 11.4.0
[2.910s] -- Detecting C compiler ABI info
[2.911s] -- Detecting C compiler ABI info - done
[2.911s] -- Check for working C compiler: /usr/bin/cc - skipped
[2.911s] -- Detecting C compile features
[2.911s] -- Detecting C compile features - done
[2.911s] -- Detecting CXX compiler ABI info
[2.912s] -- Detecting CXX compiler ABI info - done
[2.912s] -- Check for working CXX compiler: /usr/bin/c++ - skipped
[2.912s] -- Detecting CXX compile features
[2.912s] -- Detecting CXX compile features - done
[2.912s] -- Found ament_cmake: 1.3.11 (/opt/ros/humble/share/ament_cmake/cmake)
[2.912s] -- Found Python3: /usr/bin/python3 (found version "3.10.12") found components: Interpreter 
[2.913s] -- Override CMake install command with custom implementation using symlinks instead of copying resources
[2.913s] -- Found rclpy: 3.3.16 (/opt/ros/humble/share/rclpy/cmake)
[2.913s] -- Found sensor_msgs: 4.9.0 (/opt/ros/humble/share/sensor_msgs/cmake)
[2.913s] -- Found rosidl_generator_c: 3.1.6 (/opt/ros/humble/share/rosidl_generator_c/cmake)
[2.913s] -- Found rosidl_adapter: 3.1.6 (/opt/ros/humble/share/rosidl_adapter/cmake)
[2.914s] -- Found rosidl_generator_cpp: 3.1.6 (/opt/ros/humble/share/rosidl_generator_cpp/cmake)
[2.914s] -- Using all available rosidl_typesupport_c: rosidl_typesupport_fastrtps_c;rosidl_typesupport_introspection_c
[2.914s] -- Using all available rosidl_typesupport_cpp: rosidl_typesupport_fastrtps_cpp;rosidl_typesupport_introspection_cpp
[2.914s] -- Found cv_bridge: 3.2.1 (/opt/ros/humble/share/cv_bridge/cmake)
[2.914s] -- Found image_transport: 3.1.12 (/opt/ros/humble/share/image_transport/cmake)
[2.914s] -- Found rmw_implementation_cmake: 6.1.2 (/opt/ros/humble/share/rmw_implementation_cmake/cmake)
[2.915s] -- Found rmw_fastrtps_cpp: 6.2.7 (/opt/ros/humble/share/rmw_fastrtps_cpp/cmake)
[3.226s] -- Found OpenSSL: /usr/lib/x86_64-linux-gnu/libcrypto.so (found version "3.0.2")  
[3.327s] -- Found FastRTPS: /opt/ros/humble/include  
[3.477s] -- Using RMW implementation 'rmw_fastrtps_cpp' as default
[3.509s] -- Looking for pthread.h
[3.674s] -- Looking for pthread.h - found
[3.675s] -- Performing Test CMAKE_HAVE_LIBC_PTHREAD
[3.843s] -- Performing Test CMAKE_HAVE_LIBC_PTHREAD - Success
[3.846s] -- Found Threads: TRUE  
[4.341s] -- Configuring done
[4.341s] -- Generating done
[4.341s] -- Build files have been written to: /home/Dojo/Dojo/build/robot_perception
[4.354s] Invoked command in '/home/Dojo/Dojo/build/robot_perception' returned '0': CMAKE_PREFIX_PATH=/opt/ros/humble /usr/bin/cmake /home/Dojo/Dojo/src/robot_perception -DAMENT_CMAKE_SYMLINK_INSTALL=1 -DCMAKE_INSTALL_PREFIX=/home/Dojo/Dojo/install/robot_perception
[4.357s] Invoking command in '/home/Dojo/Dojo/build/robot_perception': CMAKE_PREFIX_PATH=/opt/ros/humble /usr/bin/cmake --build /home/Dojo/Dojo/build/robot_perception -- -j16 -l16
[4.448s] Built target ament_cmake_python_symlink_robot_perception
[4.780s] running egg_info
[4.781s] creating robot_perception.egg-info
[4.781s] writing robot_perception.egg-info/PKG-INFO
[4.782s] writing dependency_links to robot_perception.egg-info/dependency_links.txt
[4.782s] writing top-level names to robot_perception.egg-info/top_level.txt
[4.782s] writing manifest file 'robot_perception.egg-info/SOURCES.txt'
[4.784s] reading manifest file 'robot_perception.egg-info/SOURCES.txt'
[4.785s] writing manifest file 'robot_perception.egg-info/SOURCES.txt'
[4.819s] Built target ament_cmake_python_build_robot_perception_egg
[4.836s] Invoked command in '/home/Dojo/Dojo/build/robot_perception' returned '0': CMAKE_PREFIX_PATH=/opt/ros/humble /usr/bin/cmake --build /home/Dojo/Dojo/build/robot_perception -- -j16 -l16
[4.838s] Invoking command in '/home/Dojo/Dojo/build/robot_perception': CMAKE_PREFIX_PATH=/opt/ros/humble /usr/bin/cmake --install /home/Dojo/Dojo/build/robot_perception
[4.850s] -- Install configuration: ""
[4.850s] -- Execute custom install script
[4.851s] -- Symlinking: /home/Dojo/Dojo/install/robot_perception/share/robot_perception/environment/pythonpath.sh
[4.864s] -- Symlinking: /home/Dojo/Dojo/install/robot_perception/share/robot_perception/environment/pythonpath.dsv
[4.877s] -- Symlinking: /home/Dojo/Dojo/install/robot_perception/local/lib/python3.10/dist-packages/robot_perception-0.0.1-py3.10.egg-info/PKG-INFO
[4.888s] -- Symlinking: /home/Dojo/Dojo/install/robot_perception/local/lib/python3.10/dist-packages/robot_perception-0.0.1-py3.10.egg-info/SOURCES.txt
[4.901s] -- Symlinking: /home/Dojo/Dojo/install/robot_perception/local/lib/python3.10/dist-packages/robot_perception-0.0.1-py3.10.egg-info/dependency_links.txt
[4.912s] -- Symlinking: /home/Dojo/Dojo/install/robot_perception/local/lib/python3.10/dist-packages/robot_perception-0.0.1-py3.10.egg-info/top_level.txt
[4.929s] -- Symlinking: /home/Dojo/Dojo/install/robot_perception/local/lib/python3.10/dist-packages/robot_perception/__init__.py
[4.941s] -- Symlinking: /home/Dojo/Dojo/install/robot_perception/share/robot_perception/launch/perception.launch.py
[4.954s] -- Symlinking: /home/Dojo/Dojo/install/robot_perception/share/robot_perception/launch/robot_perception.launch.py
[4.967s] -- Symlinking: /home/Dojo/Dojo/install/robot_perception/share/robot_perception/config/robot_perception_params.yaml
[4.979s] -- Symlinking: /home/Dojo/Dojo/install/robot_perception/share/ament_index/resource_index/package_run_dependencies/robot_perception
[4.990s] -- Symlinking: /home/Dojo/Dojo/install/robot_perception/share/ament_index/resource_index/parent_prefix_path/robot_perception
[5.002s] -- Symlinking: /home/Dojo/Dojo/install/robot_perception/share/robot_perception/environment/ament_prefix_path.sh
[5.012s] -- Symlinking: /home/Dojo/Dojo/install/robot_perception/share/robot_perception/environment/ament_prefix_path.dsv
[5.022s] -- Symlinking: /home/Dojo/Dojo/install/robot_perception/share/robot_perception/environment/path.sh
[5.033s] -- Symlinking: /home/Dojo/Dojo/install/robot_perception/share/robot_perception/environment/path.dsv
[5.044s] -- Symlinking: /home/Dojo/Dojo/install/robot_perception/share/robot_perception/local_setup.bash
[5.054s] -- Symlinking: /home/Dojo/Dojo/install/robot_perception/share/robot_perception/local_setup.sh
[5.066s] -- Symlinking: /home/Dojo/Dojo/install/robot_perception/share/robot_perception/local_setup.zsh
[5.077s] -- Symlinking: /home/Dojo/Dojo/install/robot_perception/share/robot_perception/local_setup.dsv
[5.088s] -- Symlinking: /home/Dojo/Dojo/install/robot_perception/share/robot_perception/package.dsv
[5.098s] -- Symlinking: /home/Dojo/Dojo/install/robot_perception/share/ament_index/resource_index/packages/robot_perception
[5.109s] -- Symlinking: /home/Dojo/Dojo/install/robot_perception/share/robot_perception/cmake/robot_perceptionConfig.cmake
[5.119s] -- Symlinking: /home/Dojo/Dojo/install/robot_perception/share/robot_perception/cmake/robot_perceptionConfig-version.cmake
[5.129s] -- Symlinking: /home/Dojo/Dojo/install/robot_perception/share/robot_perception/package.xml
[5.170s] Listing '/home/Dojo/Dojo/install/robot_perception/local/lib/python3.10/dist-packages/robot_perception'...
[5.170s] Compiling '/home/Dojo/Dojo/install/robot_perception/local/lib/python3.10/dist-packages/robot_perception/__init__.py'...
[5.178s] Invoked command in '/home/Dojo/Dojo/build/robot_perception' returned '0': CMAKE_PREFIX_PATH=/opt/ros/humble /usr/bin/cmake --install /home/Dojo/Dojo/build/robot_perception
