[0.703s] Invoking command in '/home/Dojo/Dojo/build/ros2arduino_bridge': CMAKE_PREFIX_PATH=/opt/ros/humble /usr/bin/cmake --build /home/Dojo/Dojo/build/ros2arduino_bridge -- -j16 -l16
[0.749s] Invoked command in '/home/Dojo/Dojo/build/ros2arduino_bridge' returned '0': CMAKE_PREFIX_PATH=/opt/ros/humble /usr/bin/cmake --build /home/Dojo/Dojo/build/ros2arduino_bridge -- -j16 -l16
[0.751s] Invoking command in '/home/Dojo/Dojo/build/ros2arduino_bridge': CMAKE_PREFIX_PATH=/opt/ros/humble /usr/bin/cmake --install /home/Dojo/Dojo/build/ros2arduino_bridge
[0.757s] -- Install configuration: ""
[0.758s] -- Execute custom install script
[0.758s] -- Up-to-date symlink: /home/Dojo/Dojo/install/ros2arduino_bridge/share/ros2arduino_bridge/launch/arduino_bridge.launch.py
[0.758s] -- Up-to-date symlink: /home/Dojo/Dojo/install/ros2arduino_bridge/share/ros2arduino_bridge/launch/ros2arduino_bridge.launch.py
[0.759s] -- Up-to-date symlink: /home/Dojo/Dojo/install/ros2arduino_bridge/share/ros2arduino_bridge/config/ros2arduino_bridge_params.yaml
[0.759s] -- Up-to-date symlink: /home/Dojo/Dojo/install/ros2arduino_bridge/share/ament_index/resource_index/package_run_dependencies/ros2arduino_bridge
[0.759s] -- Up-to-date symlink: /home/Dojo/Dojo/install/ros2arduino_bridge/share/ament_index/resource_index/parent_prefix_path/ros2arduino_bridge
[0.759s] -- Up-to-date symlink: /home/Dojo/Dojo/install/ros2arduino_bridge/share/ros2arduino_bridge/environment/ament_prefix_path.sh
[0.759s] -- Up-to-date symlink: /home/Dojo/Dojo/install/ros2arduino_bridge/share/ros2arduino_bridge/environment/ament_prefix_path.dsv
[0.760s] -- Up-to-date symlink: /home/Dojo/Dojo/install/ros2arduino_bridge/share/ros2arduino_bridge/environment/path.sh
[0.760s] -- Up-to-date symlink: /home/Dojo/Dojo/install/ros2arduino_bridge/share/ros2arduino_bridge/environment/path.dsv
[0.760s] -- Up-to-date symlink: /home/Dojo/Dojo/install/ros2arduino_bridge/share/ros2arduino_bridge/local_setup.bash
[0.760s] -- Up-to-date symlink: /home/Dojo/Dojo/install/ros2arduino_bridge/share/ros2arduino_bridge/local_setup.sh
[0.760s] -- Up-to-date symlink: /home/Dojo/Dojo/install/ros2arduino_bridge/share/ros2arduino_bridge/local_setup.zsh
[0.760s] -- Up-to-date symlink: /home/Dojo/Dojo/install/ros2arduino_bridge/share/ros2arduino_bridge/local_setup.dsv
[0.761s] -- Symlinking: /home/Dojo/Dojo/install/ros2arduino_bridge/share/ros2arduino_bridge/package.dsv
[0.769s] -- Up-to-date symlink: /home/Dojo/Dojo/install/ros2arduino_bridge/share/ament_index/resource_index/packages/ros2arduino_bridge
[0.770s] -- Up-to-date symlink: /home/Dojo/Dojo/install/ros2arduino_bridge/share/ros2arduino_bridge/cmake/ros2arduino_bridgeConfig.cmake
[0.770s] -- Up-to-date symlink: /home/Dojo/Dojo/install/ros2arduino_bridge/share/ros2arduino_bridge/cmake/ros2arduino_bridgeConfig-version.cmake
[0.770s] -- Up-to-date symlink: /home/Dojo/Dojo/install/ros2arduino_bridge/share/ros2arduino_bridge/package.xml
[0.772s] Invoked command in '/home/Dojo/Dojo/build/ros2arduino_bridge' returned '0': CMAKE_PREFIX_PATH=/opt/ros/humble /usr/bin/cmake --install /home/Dojo/Dojo/build/ros2arduino_bridge
