[1.688s] Invoking command in '/root/Dojo/build/robot_control': PYTHONPATH=/root/Dojo/build/robot_control/prefix_override:/usr/lib/python3/dist-packages/colcon_core/task/python/colcon_distutils_commands:/root/Dojo/install/robot_control/lib/python3.10/site-packages:${PYTHONPATH} /usr/bin/python3 -W ignore:setup.py install is deprecated -W ignore:easy_install command is deprecated setup.py develop --editable --build-directory /root/Dojo/build/robot_control/build --no-deps symlink_data
[2.071s] running develop
[2.342s] running egg_info
[2.342s] creating robot_control.egg-info
[2.357s] writing robot_control.egg-info/PKG-INFO
[2.358s] writing dependency_links to robot_control.egg-info/dependency_links.txt
[2.358s] writing entry points to robot_control.egg-info/entry_points.txt
[2.358s] writing requirements to robot_control.egg-info/requires.txt
[2.358s] writing top-level names to robot_control.egg-info/top_level.txt
[2.359s] writing manifest file 'robot_control.egg-info/SOURCES.txt'
[2.397s] reading manifest file 'robot_control.egg-info/SOURCES.txt'
[2.397s] writing manifest file 'robot_control.egg-info/SOURCES.txt'
[2.418s] running build_ext
[2.418s] Creating /root/Dojo/install/robot_control/lib/python3.10/site-packages/robot-control.egg-link (link to .)
[2.419s] Installing arduino_bridge script to /root/Dojo/install/robot_control/lib/robot_control
[2.419s] Installing cmd_vel_to_motors script to /root/Dojo/install/robot_control/lib/robot_control
[2.419s] Installing control_manager script to /root/Dojo/install/robot_control/lib/robot_control
[2.420s] 
[2.420s] Installed /root/Dojo/build/robot_control
[2.420s] running symlink_data
[2.420s] creating /root/Dojo/install/robot_control/share/ament_index
[2.420s] creating /root/Dojo/install/robot_control/share/ament_index/resource_index
[2.420s] creating /root/Dojo/install/robot_control/share/ament_index/resource_index/packages
[2.420s] symbolically linking /root/Dojo/build/robot_control/resource/robot_control -> /root/Dojo/install/robot_control/share/ament_index/resource_index/packages
[2.421s] symbolically linking /root/Dojo/build/robot_control/package.xml -> /root/Dojo/install/robot_control/share/robot_control
[2.421s] creating /root/Dojo/install/robot_control/share/robot_control/launch
[2.421s] symbolically linking /root/Dojo/build/robot_control/launch/control.launch.py -> /root/Dojo/install/robot_control/share/robot_control/launch
[2.421s] creating /root/Dojo/install/robot_control/share/robot_control/config
[2.421s] symbolically linking /root/Dojo/build/robot_control/config/arduino.yaml -> /root/Dojo/install/robot_control/share/robot_control/config
[2.549s] Invoked command in '/root/Dojo/build/robot_control' returned '0': PYTHONPATH=/root/Dojo/build/robot_control/prefix_override:/usr/lib/python3/dist-packages/colcon_core/task/python/colcon_distutils_commands:/root/Dojo/install/robot_control/lib/python3.10/site-packages:${PYTHONPATH} /usr/bin/python3 -W ignore:setup.py install is deprecated -W ignore:easy_install command is deprecated setup.py develop --editable --build-directory /root/Dojo/build/robot_control/build --no-deps symlink_data
