[0.000000] (-) TimerEvent: {}
[0.000643] (-) JobUnselected: {'identifier': 'arduino_bridge'}
[0.000691] (-) JobUnselected: {'identifier': 'camera_ros'}
[0.000855] (-) JobUnselected: {'identifier': 'nv21_converter_pkg'}
[0.000877] (-) JobUnselected: {'identifier': 'robot_bringup'}
[0.000893] (-) JobUnselected: {'identifier': 'robot_control'}
[0.000909] (-) JobUnselected: {'identifier': 'robot_hardware'}
[0.000925] (-) JobUnselected: {'identifier': 'robot_interfaces'}
[0.000939] (-) JobUnselected: {'identifier': 'robot_launch'}
[0.000955] (-) JobUnselected: {'identifier': 'robot_navigation'}
[0.000969] (-) JobUnselected: {'identifier': 'robot_perception'}
[0.000984] (-) JobUnselected: {'identifier': 'robot_sensors'}
[0.000998] (-) JobUnselected: {'identifier': 'ros2arduino_bridge'}
[0.001014] (-) JobUnselected: {'identifier': 'vision_system'}
[0.001035] (robot_description) JobQueued: {'identifier': 'robot_description', 'dependencies': OrderedDict()}
[0.001059] (robot_gazebo) JobQueued: {'identifier': 'robot_gazebo', 'dependencies': OrderedDict([('robot_control', '/root/Dojo/install/robot_control'), ('robot_description', '/root/Dojo/install/robot_description')])}
[0.001083] (robot_description) JobStarted: {'identifier': 'robot_description'}
[0.010393] (robot_description) JobProgress: {'identifier': 'robot_description', 'progress': 'cmake'}
[0.013959] (robot_description) JobProgress: {'identifier': 'robot_description', 'progress': 'build'}
[0.014767] (robot_description) Command: {'cmd': ['/usr/bin/cmake', '--build', '/root/Dojo/build/robot_description', '--', '-j16', '-l16'], 'cwd': '/root/Dojo/build/robot_description', 'env': OrderedDict([('HOSTNAME', 'gareth-joel-HP-Pavilion-Gaming-Laptop-15-ec2xxx'), ('SHLVL', '0'), ('LD_LIBRARY_PATH', '/usr/lib/x86_64-linux-gnu/gazebo-11/plugins:/opt/ros/humble/opt/rviz_ogre_vendor/lib:/opt/ros/humble/lib/x86_64-linux-gnu:/opt/ros/humble/lib'), ('HOME', '/root'), ('OLDPWD', '/'), ('ROS_PYTHON_VERSION', '3'), ('ROS_DISTRO', 'humble'), ('_', '/usr/bin/colcon'), ('ROS_VERSION', '2'), ('TERM', 'xterm'), ('ROS_LOCALHOST_ONLY', '0'), ('QT_X11_NO_MITSHM', '1'), ('PATH', '/opt/ros/humble/bin:/usr/local/sbin:/usr/local/bin:/usr/sbin:/usr/bin:/sbin:/bin'), ('DISPLAY', ':0'), ('LANG', 'C.UTF-8'), ('AMENT_PREFIX_PATH', '/opt/ros/humble'), ('PWD', '/root/Dojo/build/robot_description'), ('LC_ALL', 'C.UTF-8'), ('PYTHONPATH', '/opt/ros/humble/lib/python3.10/site-packages:/opt/ros/humble/local/lib/python3.10/dist-packages'), ('COLCON', '1'), ('CMAKE_PREFIX_PATH', '/opt/ros/humble')]), 'shell': False}
[0.088559] (robot_description) StdoutLine: {'line': b'Built target ament_cmake_python_symlink_robot_description\n'}
[0.099755] (-) TimerEvent: {}
[0.200070] (-) TimerEvent: {}
[0.300341] (-) TimerEvent: {}
[0.400632] (-) TimerEvent: {}
[0.475457] (robot_description) StdoutLine: {'line': b'running egg_info\n'}
[0.490984] (robot_description) StdoutLine: {'line': b'writing robot_description.egg-info/PKG-INFO\n'}
[0.491292] (robot_description) StdoutLine: {'line': b'writing dependency_links to robot_description.egg-info/dependency_links.txt\n'}
[0.491532] (robot_description) StdoutLine: {'line': b'writing top-level names to robot_description.egg-info/top_level.txt\n'}
[0.500730] (-) TimerEvent: {}
[0.539334] (robot_description) StdoutLine: {'line': b"reading manifest file 'robot_description.egg-info/SOURCES.txt'\n"}
[0.539986] (robot_description) StdoutLine: {'line': b"writing manifest file 'robot_description.egg-info/SOURCES.txt'\n"}
[0.588148] (robot_description) StdoutLine: {'line': b'Built target ament_cmake_python_build_robot_description_egg\n'}
[0.600829] (-) TimerEvent: {}
[0.601952] (robot_description) CommandEnded: {'returncode': 0}
[0.602395] (robot_description) JobProgress: {'identifier': 'robot_description', 'progress': 'install'}
[0.612306] (robot_description) Command: {'cmd': ['/usr/bin/cmake', '--install', '/root/Dojo/build/robot_description'], 'cwd': '/root/Dojo/build/robot_description', 'env': OrderedDict([('HOSTNAME', 'gareth-joel-HP-Pavilion-Gaming-Laptop-15-ec2xxx'), ('SHLVL', '0'), ('LD_LIBRARY_PATH', '/usr/lib/x86_64-linux-gnu/gazebo-11/plugins:/opt/ros/humble/opt/rviz_ogre_vendor/lib:/opt/ros/humble/lib/x86_64-linux-gnu:/opt/ros/humble/lib'), ('HOME', '/root'), ('OLDPWD', '/'), ('ROS_PYTHON_VERSION', '3'), ('ROS_DISTRO', 'humble'), ('_', '/usr/bin/colcon'), ('ROS_VERSION', '2'), ('TERM', 'xterm'), ('ROS_LOCALHOST_ONLY', '0'), ('QT_X11_NO_MITSHM', '1'), ('PATH', '/opt/ros/humble/bin:/usr/local/sbin:/usr/local/bin:/usr/sbin:/usr/bin:/sbin:/bin'), ('DISPLAY', ':0'), ('LANG', 'C.UTF-8'), ('AMENT_PREFIX_PATH', '/opt/ros/humble'), ('PWD', '/root/Dojo/build/robot_description'), ('LC_ALL', 'C.UTF-8'), ('PYTHONPATH', '/opt/ros/humble/lib/python3.10/site-packages:/opt/ros/humble/local/lib/python3.10/dist-packages'), ('COLCON', '1'), ('CMAKE_PREFIX_PATH', '/opt/ros/humble')]), 'shell': False}
[0.621521] (robot_description) StdoutLine: {'line': b'-- Install configuration: ""\n'}
[0.622383] (robot_description) StdoutLine: {'line': b'-- Execute custom install script\n'}
[0.622754] (robot_description) StdoutLine: {'line': b'-- Up-to-date symlink: /root/Dojo/install/robot_description/share/robot_description/launch/display.launch.py\n'}
[0.622900] (robot_description) StdoutLine: {'line': b'-- Up-to-date symlink: /root/Dojo/install/robot_description/share/robot_description/launch/robot_state_publisher.launch.py\n'}
[0.623145] (robot_description) StdoutLine: {'line': b'-- Up-to-date symlink: /root/Dojo/install/robot_description/share/robot_description/urdf/common_properties.xacro\n'}
[0.623259] (robot_description) StdoutLine: {'line': b'-- Up-to-date symlink: /root/Dojo/install/robot_description/share/robot_description/urdf/dojo_robot.gazebo\n'}
[0.623364] (robot_description) StdoutLine: {'line': b'-- Up-to-date symlink: /root/Dojo/install/robot_description/share/robot_description/urdf/dojo_robot.urdf.xacro\n'}
[0.623480] (robot_description) StdoutLine: {'line': b'-- Up-to-date symlink: /root/Dojo/install/robot_description/share/robot_description/urdf/robot.urdf\n'}
[0.623676] (robot_description) StdoutLine: {'line': b'-- Up-to-date symlink: /root/Dojo/install/robot_description/share/robot_description/urdf/robot.urdf.xacro\n'}
[0.623776] (robot_description) StdoutLine: {'line': b'-- Up-to-date symlink: /root/Dojo/install/robot_description/share/robot_description/urdf/sensors/rplidar.urdf.xacro\n'}
[0.623999] (robot_description) StdoutLine: {'line': b'-- Up-to-date symlink: /root/Dojo/install/robot_description/share/robot_description/rviz/display.rviz\n'}
[0.624093] (robot_description) StdoutLine: {'line': b'-- Up-to-date symlink: /root/Dojo/install/robot_description/share/robot_description/rviz/robot.rviz\n'}
[0.624344] (robot_description) StdoutLine: {'line': b'-- Up-to-date symlink: /root/Dojo/install/robot_description/share/robot_description/environment/pythonpath.sh\n'}
[0.624480] (robot_description) StdoutLine: {'line': b'-- Up-to-date symlink: /root/Dojo/install/robot_description/share/robot_description/environment/pythonpath.dsv\n'}
[0.624730] (robot_description) StdoutLine: {'line': b'-- Up-to-date symlink: /root/Dojo/install/robot_description/local/lib/python3.10/dist-packages/robot_description-0.0.1-py3.10.egg-info/PKG-INFO\n'}
[0.624832] (robot_description) StdoutLine: {'line': b'-- Up-to-date symlink: /root/Dojo/install/robot_description/local/lib/python3.10/dist-packages/robot_description-0.0.1-py3.10.egg-info/SOURCES.txt\n'}
[0.624934] (robot_description) StdoutLine: {'line': b'-- Up-to-date symlink: /root/Dojo/install/robot_description/local/lib/python3.10/dist-packages/robot_description-0.0.1-py3.10.egg-info/dependency_links.txt\n'}
[0.625035] (robot_description) StdoutLine: {'line': b'-- Up-to-date symlink: /root/Dojo/install/robot_description/local/lib/python3.10/dist-packages/robot_description-0.0.1-py3.10.egg-info/top_level.txt\n'}
[0.625305] (robot_description) StdoutLine: {'line': b'-- Up-to-date symlink: /root/Dojo/install/robot_description/local/lib/python3.10/dist-packages/robot_description/__init__.py\n'}
[0.625429] (robot_description) StdoutLine: {'line': b'-- Up-to-date symlink: /root/Dojo/install/robot_description/lib/robot_description/display_robot.py\n'}
[0.625598] (robot_description) StdoutLine: {'line': b'-- Up-to-date symlink: /root/Dojo/install/robot_description/share/ament_index/resource_index/package_run_dependencies/robot_description\n'}
[0.625723] (robot_description) StdoutLine: {'line': b'-- Up-to-date symlink: /root/Dojo/install/robot_description/share/ament_index/resource_index/parent_prefix_path/robot_description\n'}
[0.625865] (robot_description) StdoutLine: {'line': b'-- Up-to-date symlink: /root/Dojo/install/robot_description/share/robot_description/environment/ament_prefix_path.sh\n'}
[0.625985] (robot_description) StdoutLine: {'line': b'-- Up-to-date symlink: /root/Dojo/install/robot_description/share/robot_description/environment/ament_prefix_path.dsv\n'}
[0.626121] (robot_description) StdoutLine: {'line': b'-- Up-to-date symlink: /root/Dojo/install/robot_description/share/robot_description/environment/path.sh\n'}
[0.626241] (robot_description) StdoutLine: {'line': b'-- Up-to-date symlink: /root/Dojo/install/robot_description/share/robot_description/environment/path.dsv\n'}
[0.626360] (robot_description) StdoutLine: {'line': b'-- Up-to-date symlink: /root/Dojo/install/robot_description/share/robot_description/local_setup.bash\n'}
[0.626485] (robot_description) StdoutLine: {'line': b'-- Up-to-date symlink: /root/Dojo/install/robot_description/share/robot_description/local_setup.sh\n'}
[0.626603] (robot_description) StdoutLine: {'line': b'-- Up-to-date symlink: /root/Dojo/install/robot_description/share/robot_description/local_setup.zsh\n'}
[0.626721] (robot_description) StdoutLine: {'line': b'-- Up-to-date symlink: /root/Dojo/install/robot_description/share/robot_description/local_setup.dsv\n'}
[0.626801] (robot_description) StdoutLine: {'line': b'-- Symlinking: /root/Dojo/install/robot_description/share/robot_description/package.dsv\n'}
[0.638335] (robot_description) StdoutLine: {'line': b'-- Up-to-date symlink: /root/Dojo/install/robot_description/share/ament_index/resource_index/packages/robot_description\n'}
[0.638594] (robot_description) StdoutLine: {'line': b'-- Up-to-date symlink: /root/Dojo/install/robot_description/share/robot_description/cmake/robot_descriptionConfig.cmake\n'}
[0.638693] (robot_description) StdoutLine: {'line': b'-- Up-to-date symlink: /root/Dojo/install/robot_description/share/robot_description/cmake/robot_descriptionConfig-version.cmake\n'}
[0.638820] (robot_description) StdoutLine: {'line': b'-- Up-to-date symlink: /root/Dojo/install/robot_description/share/robot_description/package.xml\n'}
[0.638902] (robot_description) StdoutLine: {'line': b'-- Up-to-date: /root/Dojo/install/robot_description/share/robot_description\n'}
[0.638977] (robot_description) StdoutLine: {'line': b'-- Up-to-date: /root/Dojo/install/robot_description/share/robot_description/urdf\n'}
[0.639059] (robot_description) StdoutLine: {'line': b'-- Up-to-date: /root/Dojo/install/robot_description/share/robot_description/urdf/sensors\n'}
[0.639143] (robot_description) StdoutLine: {'line': b'-- Up-to-date: /root/Dojo/install/robot_description/share/robot_description/rviz\n'}
[0.639200] (robot_description) StdoutLine: {'line': b'-- Up-to-date: /root/Dojo/install/robot_description/share/robot_description/src\n'}
[0.639255] (robot_description) StdoutLine: {'line': b'-- Up-to-date: /root/Dojo/install/robot_description/share/robot_description/src/robot_description\n'}
[0.639308] (robot_description) StdoutLine: {'line': b'-- Up-to-date: /root/Dojo/install/robot_description/share/robot_description/robot_description\n'}
[0.639359] (robot_description) StdoutLine: {'line': b'-- Up-to-date: /root/Dojo/install/robot_description/share/robot_description/robot_description/robot_description\n'}
[0.639469] (robot_description) StdoutLine: {'line': b'-- Up-to-date: /root/Dojo/install/robot_description/share/robot_description/scripts\n'}
[0.639551] (robot_description) StdoutLine: {'line': b'-- Up-to-date: /root/Dojo/install/robot_description/share/robot_description/resource\n'}
[0.639606] (robot_description) StdoutLine: {'line': b'-- Up-to-date: /root/Dojo/install/robot_description/share/robot_description/launch\n'}
[0.639669] (robot_description) StdoutLine: {'line': b'-- Up-to-date: /root/Dojo/install/robot_description/share/robot_description/config\n'}
[0.639722] (robot_description) StdoutLine: {'line': b'-- Up-to-date: /root/Dojo/install/robot_description/lib/robot_description/robot_description\n'}
[0.639771] (robot_description) StdoutLine: {'line': b'-- Up-to-date: /root/Dojo/install/robot_description/lib/robot_description/robot_description/__init__.py\n'}
[0.672075] (robot_description) StdoutLine: {'line': b"Listing '/root/Dojo/install/robot_description/local/lib/python3.10/dist-packages/robot_description'...\n"}
[0.679262] (robot_description) CommandEnded: {'returncode': 0}
[0.697283] (robot_description) JobEnded: {'identifier': 'robot_description', 'rc': 0}
[0.698643] (robot_gazebo) JobStarted: {'identifier': 'robot_gazebo'}
[0.700904] (-) TimerEvent: {}
[0.707006] (robot_gazebo) JobProgress: {'identifier': 'robot_gazebo', 'progress': 'cmake'}
[0.708131] (robot_gazebo) JobProgress: {'identifier': 'robot_gazebo', 'progress': 'build'}
[0.708530] (robot_gazebo) Command: {'cmd': ['/usr/bin/cmake', '--build', '/root/Dojo/build/robot_gazebo', '--', '-j16', '-l16'], 'cwd': '/root/Dojo/build/robot_gazebo', 'env': OrderedDict([('HOSTNAME', 'gareth-joel-HP-Pavilion-Gaming-Laptop-15-ec2xxx'), ('SHLVL', '0'), ('LD_LIBRARY_PATH', '/usr/lib/x86_64-linux-gnu/gazebo-11/plugins:/opt/ros/humble/opt/rviz_ogre_vendor/lib:/opt/ros/humble/lib/x86_64-linux-gnu:/opt/ros/humble/lib'), ('HOME', '/root'), ('OLDPWD', '/'), ('ROS_PYTHON_VERSION', '3'), ('ROS_DISTRO', 'humble'), ('_', '/usr/bin/colcon'), ('ROS_VERSION', '2'), ('TERM', 'xterm'), ('ROS_LOCALHOST_ONLY', '0'), ('QT_X11_NO_MITSHM', '1'), ('PATH', '/opt/ros/humble/bin:/usr/local/sbin:/usr/local/bin:/usr/sbin:/usr/bin:/sbin:/bin'), ('DISPLAY', ':0'), ('LANG', 'C.UTF-8'), ('AMENT_PREFIX_PATH', '/root/Dojo/install/robot_description:/root/Dojo/install/robot_control:/opt/ros/humble'), ('PWD', '/root/Dojo/build/robot_gazebo'), ('LC_ALL', 'C.UTF-8'), ('PYTHONPATH', '/root/Dojo/install/robot_description/local/lib/python3.10/dist-packages:/root/Dojo/build/robot_control:/root/Dojo/install/robot_control/lib/python3.10/site-packages:/opt/ros/humble/lib/python3.10/site-packages:/opt/ros/humble/local/lib/python3.10/dist-packages'), ('COLCON', '1'), ('CMAKE_PREFIX_PATH', '/root/Dojo/install/robot_description:/opt/ros/humble')]), 'shell': False}
[0.766378] (robot_gazebo) CommandEnded: {'returncode': 0}
[0.767101] (robot_gazebo) JobProgress: {'identifier': 'robot_gazebo', 'progress': 'install'}
[0.767998] (robot_gazebo) Command: {'cmd': ['/usr/bin/cmake', '--install', '/root/Dojo/build/robot_gazebo'], 'cwd': '/root/Dojo/build/robot_gazebo', 'env': OrderedDict([('HOSTNAME', 'gareth-joel-HP-Pavilion-Gaming-Laptop-15-ec2xxx'), ('SHLVL', '0'), ('LD_LIBRARY_PATH', '/usr/lib/x86_64-linux-gnu/gazebo-11/plugins:/opt/ros/humble/opt/rviz_ogre_vendor/lib:/opt/ros/humble/lib/x86_64-linux-gnu:/opt/ros/humble/lib'), ('HOME', '/root'), ('OLDPWD', '/'), ('ROS_PYTHON_VERSION', '3'), ('ROS_DISTRO', 'humble'), ('_', '/usr/bin/colcon'), ('ROS_VERSION', '2'), ('TERM', 'xterm'), ('ROS_LOCALHOST_ONLY', '0'), ('QT_X11_NO_MITSHM', '1'), ('PATH', '/opt/ros/humble/bin:/usr/local/sbin:/usr/local/bin:/usr/sbin:/usr/bin:/sbin:/bin'), ('DISPLAY', ':0'), ('LANG', 'C.UTF-8'), ('AMENT_PREFIX_PATH', '/root/Dojo/install/robot_description:/root/Dojo/install/robot_control:/opt/ros/humble'), ('PWD', '/root/Dojo/build/robot_gazebo'), ('LC_ALL', 'C.UTF-8'), ('PYTHONPATH', '/root/Dojo/install/robot_description/local/lib/python3.10/dist-packages:/root/Dojo/build/robot_control:/root/Dojo/install/robot_control/lib/python3.10/site-packages:/opt/ros/humble/lib/python3.10/site-packages:/opt/ros/humble/local/lib/python3.10/dist-packages'), ('COLCON', '1'), ('CMAKE_PREFIX_PATH', '/root/Dojo/install/robot_description:/opt/ros/humble')]), 'shell': False}
[0.776265] (robot_gazebo) StdoutLine: {'line': b'-- Install configuration: ""\n'}
[0.776688] (robot_gazebo) StdoutLine: {'line': b'-- Execute custom install script\n'}
[0.777049] (robot_gazebo) StdoutLine: {'line': b'-- Up-to-date symlink: /root/Dojo/install/robot_gazebo/share/robot_gazebo/launch/complete_simulation.launch.py\n'}
[0.777182] (robot_gazebo) StdoutLine: {'line': b'-- Up-to-date symlink: /root/Dojo/install/robot_gazebo/share/robot_gazebo/launch/docker_simulation.launch.py\n'}
[0.777291] (robot_gazebo) StdoutLine: {'line': b'-- Up-to-date symlink: /root/Dojo/install/robot_gazebo/share/robot_gazebo/launch/full_simulation.launch.py\n'}
[0.777401] (robot_gazebo) StdoutLine: {'line': b'-- Up-to-date symlink: /root/Dojo/install/robot_gazebo/share/robot_gazebo/launch/gazebo.launch.py\n'}
[0.777524] (robot_gazebo) StdoutLine: {'line': b'-- Up-to-date symlink: /root/Dojo/install/robot_gazebo/share/robot_gazebo/launch/perception_wrapper.launch.py\n'}
[0.777627] (robot_gazebo) StdoutLine: {'line': b'-- Up-to-date symlink: /root/Dojo/install/robot_gazebo/share/robot_gazebo/launch/robot_simulation.launch.py\n'}
[0.777737] (robot_gazebo) StdoutLine: {'line': b'-- Up-to-date symlink: /root/Dojo/install/robot_gazebo/share/robot_gazebo/launch/simple_simulation.launch.py\n'}
[0.777836] (robot_gazebo) StdoutLine: {'line': b'-- Up-to-date symlink: /root/Dojo/install/robot_gazebo/share/robot_gazebo/launch/simulation.launch.py\n'}
[0.778097] (robot_gazebo) StdoutLine: {'line': b'-- Up-to-date symlink: /root/Dojo/install/robot_gazebo/share/robot_gazebo/config/diff_drive_controller.yaml\n'}
[0.778186] (robot_gazebo) StdoutLine: {'line': b'-- Up-to-date symlink: /root/Dojo/install/robot_gazebo/share/robot_gazebo/config/ekf_config.yaml\n'}
[0.778275] (robot_gazebo) StdoutLine: {'line': b'-- Up-to-date symlink: /root/Dojo/install/robot_gazebo/share/robot_gazebo/config/ros2_control.yaml\n'}
[0.778349] (robot_gazebo) StdoutLine: {'line': b'-- Up-to-date symlink: /root/Dojo/install/robot_gazebo/share/robot_gazebo/config/slam_config.yaml\n'}
[0.778675] (robot_gazebo) StdoutLine: {'line': b'-- Up-to-date symlink: /root/Dojo/install/robot_gazebo/share/robot_gazebo/rviz/complete_simulation.rviz\n'}
[0.778811] (robot_gazebo) StdoutLine: {'line': b'-- Up-to-date symlink: /root/Dojo/install/robot_gazebo/share/robot_gazebo/rviz/full_simulation.rviz\n'}
[0.778896] (robot_gazebo) StdoutLine: {'line': b'-- Up-to-date symlink: /root/Dojo/install/robot_gazebo/share/robot_gazebo/rviz/robot_simulation.rviz\n'}
[0.779033] (robot_gazebo) StdoutLine: {'line': b'-- Up-to-date symlink: /root/Dojo/install/robot_gazebo/share/robot_gazebo/rviz/simulation.rviz\n'}
[0.779953] (robot_gazebo) StdoutLine: {'line': b'-- Up-to-date symlink: /root/Dojo/install/robot_gazebo/share/robot_gazebo/worlds/agriculture.world\n'}
[0.780078] (robot_gazebo) StdoutLine: {'line': b'-- Up-to-date symlink: /root/Dojo/install/robot_gazebo/share/robot_gazebo/worlds/azcar.world\n'}
[0.780177] (robot_gazebo) StdoutLine: {'line': b'-- Up-to-date symlink: /root/Dojo/install/robot_gazebo/share/robot_gazebo/worlds/barrels.world\n'}
[0.780295] (robot_gazebo) StdoutLine: {'line': b'-- Up-to-date symlink: /root/Dojo/install/robot_gazebo/share/robot_gazebo/worlds/canyonview_field.world\n'}
[0.780414] (robot_gazebo) StdoutLine: {'line': b'-- Up-to-date symlink: /root/Dojo/install/robot_gazebo/share/robot_gazebo/worlds/city_osm_roundabout.world\n'}
[0.780592] (robot_gazebo) StdoutLine: {'line': b'-- Up-to-date symlink: /root/Dojo/install/robot_gazebo/share/robot_gazebo/worlds/city_osm_roundabout_combined.world\n'}
[0.780752] (robot_gazebo) StdoutLine: {'line': b'-- Up-to-date symlink: /root/Dojo/install/robot_gazebo/share/robot_gazebo/worlds/cyberzoo.world\n'}
[0.780885] (robot_gazebo) StdoutLine: {'line': b'-- Up-to-date symlink: /root/Dojo/install/robot_gazebo/share/robot_gazebo/worlds/cyberzoo2019_orange_poles.world\n'}
[0.781054] (robot_gazebo) StdoutLine: {'line': b'-- Up-to-date symlink: /root/Dojo/install/robot_gazebo/share/robot_gazebo/worlds/cyberzoo2019_orange_poles_panels.world\n'}
[0.781185] (robot_gazebo) StdoutLine: {'line': b'-- Up-to-date symlink: /root/Dojo/install/robot_gazebo/share/robot_gazebo/worlds/cyberzoo2019_orange_poles_panels_mats.world\n'}
[0.781308] (robot_gazebo) StdoutLine: {'line': b'-- Up-to-date symlink: /root/Dojo/install/robot_gazebo/share/robot_gazebo/worlds/cyberzoo2019_ralphthesis2020.world\n'}
[0.781416] (robot_gazebo) StdoutLine: {'line': b'-- Up-to-date symlink: /root/Dojo/install/robot_gazebo/share/robot_gazebo/worlds/cyberzoo_4_panels.world\n'}
[0.781547] (robot_gazebo) StdoutLine: {'line': b'-- Up-to-date symlink: /root/Dojo/install/robot_gazebo/share/robot_gazebo/worlds/cyberzoo_orange_poles.world\n'}
[0.781635] (robot_gazebo) StdoutLine: {'line': b'-- Up-to-date symlink: /root/Dojo/install/robot_gazebo/share/robot_gazebo/worlds/cyberzoo_panel.world\n'}
[0.781690] (robot_gazebo) StdoutLine: {'line': b'-- Up-to-date symlink: /root/Dojo/install/robot_gazebo/share/robot_gazebo/worlds/demo_world.world\n'}
[0.781744] (robot_gazebo) StdoutLine: {'line': b'-- Up-to-date symlink: /root/Dojo/install/robot_gazebo/share/robot_gazebo/worlds/dojo_world.world\n'}
[0.781838] (robot_gazebo) StdoutLine: {'line': b'-- Up-to-date symlink: /root/Dojo/install/robot_gazebo/share/robot_gazebo/worlds/drone_race_track_2018_actual.world\n'}
[0.781896] (robot_gazebo) StdoutLine: {'line': b'-- Up-to-date symlink: /root/Dojo/install/robot_gazebo/share/robot_gazebo/worlds/drone_race_track_2018_actual_with_gatepapers.world\n'}
[0.782013] (robot_gazebo) StdoutLine: {'line': b'-- Up-to-date symlink: /root/Dojo/install/robot_gazebo/share/robot_gazebo/worlds/empty.world\n'}
[0.782140] (robot_gazebo) StdoutLine: {'line': b'-- Up-to-date symlink: /root/Dojo/install/robot_gazebo/share/robot_gazebo/worlds/empty_aerial_manipulation.world\n'}
[0.782248] (robot_gazebo) StdoutLine: {'line': b'-- Up-to-date symlink: /root/Dojo/install/robot_gazebo/share/robot_gazebo/worlds/fetchit_challenge_arena_montreal2019.world\n'}
[0.782344] (robot_gazebo) StdoutLine: {'line': b'-- Up-to-date symlink: /root/Dojo/install/robot_gazebo/share/robot_gazebo/worlds/fetchit_challenge_arena_montreal2019_highlights.world\n'}
[0.782522] (robot_gazebo) StdoutLine: {'line': b'-- Up-to-date symlink: /root/Dojo/install/robot_gazebo/share/robot_gazebo/worlds/fetchit_challenge_arena_montreal2019_onlylights.world\n'}
[0.782700] (robot_gazebo) StdoutLine: {'line': b'-- Up-to-date symlink: /root/Dojo/install/robot_gazebo/share/robot_gazebo/worlds/fetchit_challenge_assembly.world\n'}
[0.782806] (robot_gazebo) StdoutLine: {'line': b'-- Up-to-date symlink: /root/Dojo/install/robot_gazebo/share/robot_gazebo/worlds/fetchit_challenge_atrezzo.world\n'}
[0.782907] (robot_gazebo) StdoutLine: {'line': b'-- Up-to-date symlink: /root/Dojo/install/robot_gazebo/share/robot_gazebo/worlds/fetchit_challenge_simple.world\n'}
[0.783008] (robot_gazebo) StdoutLine: {'line': b'-- Up-to-date symlink: /root/Dojo/install/robot_gazebo/share/robot_gazebo/worlds/fetchit_challenge_simple_highlights.world\n'}
[0.783114] (robot_gazebo) StdoutLine: {'line': b'-- Up-to-date symlink: /root/Dojo/install/robot_gazebo/share/robot_gazebo/worlds/fetchit_challenge_tests.world\n'}
[0.783204] (robot_gazebo) StdoutLine: {'line': b'-- Up-to-date symlink: /root/Dojo/install/robot_gazebo/share/robot_gazebo/worlds/fetchit_challenge_tests_lowlights.world\n'}
[0.783295] (robot_gazebo) StdoutLine: {'line': b'-- Up-to-date symlink: /root/Dojo/install/robot_gazebo/share/robot_gazebo/worlds/hemicyl.world\n'}
[0.783394] (robot_gazebo) StdoutLine: {'line': b'-- Up-to-date symlink: /root/Dojo/install/robot_gazebo/share/robot_gazebo/worlds/house.world\n'}
[0.783501] (robot_gazebo) StdoutLine: {'line': b'-- Up-to-date symlink: /root/Dojo/install/robot_gazebo/share/robot_gazebo/worlds/inspection.world\n'}
[0.783607] (robot_gazebo) StdoutLine: {'line': b'-- Up-to-date symlink: /root/Dojo/install/robot_gazebo/share/robot_gazebo/worlds/neighborhood.world\n'}
[0.783716] (robot_gazebo) StdoutLine: {'line': b'-- Up-to-date symlink: /root/Dojo/install/robot_gazebo/share/robot_gazebo/worlds/office_cpr.world\n'}
[0.783807] (robot_gazebo) StdoutLine: {'line': b'-- Up-to-date symlink: /root/Dojo/install/robot_gazebo/share/robot_gazebo/worlds/office_cpr_construction.world\n'}
[0.783928] (robot_gazebo) StdoutLine: {'line': b'-- Up-to-date symlink: /root/Dojo/install/robot_gazebo/share/robot_gazebo/worlds/office_earthquake.world\n'}
[0.784019] (robot_gazebo) StdoutLine: {'line': b'-- Up-to-date symlink: /root/Dojo/install/robot_gazebo/share/robot_gazebo/worlds/office_env_large.world\n'}
[0.784109] (robot_gazebo) StdoutLine: {'line': b'-- Up-to-date symlink: /root/Dojo/install/robot_gazebo/share/robot_gazebo/worlds/office_small.world\n'}
[0.784197] (robot_gazebo) StdoutLine: {'line': b'-- Up-to-date symlink: /root/Dojo/install/robot_gazebo/share/robot_gazebo/worlds/outdoor.world\n'}
[0.784288] (robot_gazebo) StdoutLine: {'line': b'-- Up-to-date symlink: /root/Dojo/install/robot_gazebo/share/robot_gazebo/worlds/powerplant.world\n'}
[0.784377] (robot_gazebo) StdoutLine: {'line': b'-- Up-to-date symlink: /root/Dojo/install/robot_gazebo/share/robot_gazebo/worlds/rubble.world\n'}
[0.784475] (robot_gazebo) StdoutLine: {'line': b'-- Up-to-date symlink: /root/Dojo/install/robot_gazebo/share/robot_gazebo/worlds/simple_env_1.world\n'}
[0.784574] (robot_gazebo) StdoutLine: {'line': b'-- Up-to-date symlink: /root/Dojo/install/robot_gazebo/share/robot_gazebo/worlds/simple_env_2.world\n'}
[0.784665] (robot_gazebo) StdoutLine: {'line': b'-- Up-to-date symlink: /root/Dojo/install/robot_gazebo/share/robot_gazebo/worlds/simple_env_3.world\n'}
[0.784762] (robot_gazebo) StdoutLine: {'line': b'-- Up-to-date symlink: /root/Dojo/install/robot_gazebo/share/robot_gazebo/worlds/skidpan.world\n'}
[0.784864] (robot_gazebo) StdoutLine: {'line': b'-- Up-to-date symlink: /root/Dojo/install/robot_gazebo/share/robot_gazebo/worlds/small_city.world\n'}
[0.784946] (robot_gazebo) StdoutLine: {'line': b'-- Up-to-date symlink: /root/Dojo/install/robot_gazebo/share/robot_gazebo/worlds/test_city.world\n'}
[0.785046] (robot_gazebo) StdoutLine: {'line': b'-- Up-to-date symlink: /root/Dojo/install/robot_gazebo/share/robot_gazebo/worlds/test_zone.world\n'}
[0.785133] (robot_gazebo) StdoutLine: {'line': b'-- Up-to-date symlink: /root/Dojo/install/robot_gazebo/share/robot_gazebo/worlds/wall_aerial_manipulation.world\n'}
[0.785234] (robot_gazebo) StdoutLine: {'line': b'-- Up-to-date symlink: /root/Dojo/install/robot_gazebo/share/robot_gazebo/worlds/warehouse.world\n'}
[0.785327] (robot_gazebo) StdoutLine: {'line': b'-- Up-to-date symlink: /root/Dojo/install/robot_gazebo/share/robot_gazebo/worlds/waypoint.world\n'}
[0.785417] (robot_gazebo) StdoutLine: {'line': b'-- Up-to-date symlink: /root/Dojo/install/robot_gazebo/share/robot_gazebo/worlds/workshop_example.world\n'}
[0.785518] (robot_gazebo) StdoutLine: {'line': b'-- Up-to-date symlink: /root/Dojo/install/robot_gazebo/share/robot_gazebo/worlds/yosemite.world\n'}
[0.785722] (robot_gazebo) StdoutLine: {'line': b'-- Up-to-date symlink: /root/Dojo/install/robot_gazebo/share/ament_index/resource_index/package_run_dependencies/robot_gazebo\n'}
[0.785889] (robot_gazebo) StdoutLine: {'line': b'-- Up-to-date symlink: /root/Dojo/install/robot_gazebo/share/ament_index/resource_index/parent_prefix_path/robot_gazebo\n'}
[0.786033] (robot_gazebo) StdoutLine: {'line': b'-- Up-to-date symlink: /root/Dojo/install/robot_gazebo/share/robot_gazebo/environment/ament_prefix_path.sh\n'}
[0.786167] (robot_gazebo) StdoutLine: {'line': b'-- Up-to-date symlink: /root/Dojo/install/robot_gazebo/share/robot_gazebo/environment/ament_prefix_path.dsv\n'}
[0.786319] (robot_gazebo) StdoutLine: {'line': b'-- Up-to-date symlink: /root/Dojo/install/robot_gazebo/share/robot_gazebo/environment/path.sh\n'}
[0.786460] (robot_gazebo) StdoutLine: {'line': b'-- Up-to-date symlink: /root/Dojo/install/robot_gazebo/share/robot_gazebo/environment/path.dsv\n'}
[0.786601] (robot_gazebo) StdoutLine: {'line': b'-- Up-to-date symlink: /root/Dojo/install/robot_gazebo/share/robot_gazebo/local_setup.bash\n'}
[0.786730] (robot_gazebo) StdoutLine: {'line': b'-- Up-to-date symlink: /root/Dojo/install/robot_gazebo/share/robot_gazebo/local_setup.sh\n'}
[0.786859] (robot_gazebo) StdoutLine: {'line': b'-- Up-to-date symlink: /root/Dojo/install/robot_gazebo/share/robot_gazebo/local_setup.zsh\n'}
[0.786988] (robot_gazebo) StdoutLine: {'line': b'-- Up-to-date symlink: /root/Dojo/install/robot_gazebo/share/robot_gazebo/local_setup.dsv\n'}
[0.787089] (robot_gazebo) StdoutLine: {'line': b'-- Symlinking: /root/Dojo/install/robot_gazebo/share/robot_gazebo/package.dsv\n'}
[0.801012] (-) TimerEvent: {}
[0.801380] (robot_gazebo) StdoutLine: {'line': b'-- Up-to-date symlink: /root/Dojo/install/robot_gazebo/share/ament_index/resource_index/packages/robot_gazebo\n'}
[0.801654] (robot_gazebo) StdoutLine: {'line': b'-- Up-to-date symlink: /root/Dojo/install/robot_gazebo/share/robot_gazebo/cmake/robot_gazeboConfig.cmake\n'}
[0.801859] (robot_gazebo) StdoutLine: {'line': b'-- Up-to-date symlink: /root/Dojo/install/robot_gazebo/share/robot_gazebo/cmake/robot_gazeboConfig-version.cmake\n'}
[0.802113] (robot_gazebo) StdoutLine: {'line': b'-- Up-to-date symlink: /root/Dojo/install/robot_gazebo/share/robot_gazebo/package.xml\n'}
[0.802274] (robot_gazebo) StdoutLine: {'line': b'-- Up-to-date: /root/Dojo/install/robot_gazebo/lib/robot_gazebo\n'}
[0.802428] (robot_gazebo) StdoutLine: {'line': b'-- Up-to-date: /root/Dojo/install/robot_gazebo/lib/robot_gazebo/spawn_robot.py\n'}
[0.805260] (robot_gazebo) CommandEnded: {'returncode': 0}
[0.820658] (robot_gazebo) JobEnded: {'identifier': 'robot_gazebo', 'rc': 0}
[0.821330] (-) EventReactorShutdown: {}
