[1.888s] Invoking command in '/home/Dojo/Dojo/build/arduino_bridge': PYTHONPATH=/home/Dojo/Dojo/build/arduino_bridge/prefix_override:/usr/lib/python3/dist-packages/colcon_core/task/python/colcon_distutils_commands:/home/Dojo/Dojo/install/arduino_bridge/lib/python3.10/site-packages:${PYTHONPATH} /usr/bin/python3 -W ignore:setup.py install is deprecated -W ignore:easy_install command is deprecated setup.py develop --editable --build-directory /home/Dojo/Dojo/build/arduino_bridge/build --no-deps symlink_data
[2.244s] running develop
[2.475s] running egg_info
[2.475s] creating arduino_bridge.egg-info
[2.475s] writing arduino_bridge.egg-info/PKG-INFO
[2.475s] writing dependency_links to arduino_bridge.egg-info/dependency_links.txt
[2.475s] writing entry points to arduino_bridge.egg-info/entry_points.txt
[2.476s] writing requirements to arduino_bridge.egg-info/requires.txt
[2.476s] writing top-level names to arduino_bridge.egg-info/top_level.txt
[2.476s] writing manifest file 'arduino_bridge.egg-info/SOURCES.txt'
[2.479s] reading manifest file 'arduino_bridge.egg-info/SOURCES.txt'
[2.479s] writing manifest file 'arduino_bridge.egg-info/SOURCES.txt'
[2.481s] running build_ext
[2.481s] Creating /home/Dojo/Dojo/install/arduino_bridge/lib/python3.10/site-packages/arduino-bridge.egg-link (link to .)
[2.482s] Installing arduino_bridge_node script to /home/Dojo/Dojo/install/arduino_bridge/lib/arduino_bridge
[2.482s] Installing test_arduino_bridge script to /home/Dojo/Dojo/install/arduino_bridge/lib/arduino_bridge
[2.482s] 
[2.482s] Installed /home/Dojo/Dojo/build/arduino_bridge
[2.482s] running symlink_data
[2.483s] creating /home/Dojo/Dojo/install/arduino_bridge/share/ament_index
[2.483s] creating /home/Dojo/Dojo/install/arduino_bridge/share/ament_index/resource_index
[2.483s] creating /home/Dojo/Dojo/install/arduino_bridge/share/ament_index/resource_index/packages
[2.483s] symbolically linking /home/Dojo/Dojo/build/arduino_bridge/resource/arduino_bridge -> /home/Dojo/Dojo/install/arduino_bridge/share/ament_index/resource_index/packages
[2.483s] symbolically linking /home/Dojo/Dojo/build/arduino_bridge/package.xml -> /home/Dojo/Dojo/install/arduino_bridge/share/arduino_bridge
[2.483s] creating /home/Dojo/Dojo/install/arduino_bridge/share/arduino_bridge/launch
[2.483s] symbolically linking /home/Dojo/Dojo/build/arduino_bridge/launch/arduino_bridge.launch.py -> /home/Dojo/Dojo/install/arduino_bridge/share/arduino_bridge/launch
[2.483s] symbolically linking /home/Dojo/Dojo/build/arduino_bridge/launch/test_arduino.launch.py -> /home/Dojo/Dojo/install/arduino_bridge/share/arduino_bridge/launch
[2.483s] creating /home/Dojo/Dojo/install/arduino_bridge/share/arduino_bridge/config
[2.484s] symbolically linking /home/Dojo/Dojo/build/arduino_bridge/config/arduino_bridge_params.yaml -> /home/Dojo/Dojo/install/arduino_bridge/share/arduino_bridge/config
[2.537s] Invoked command in '/home/Dojo/Dojo/build/arduino_bridge' returned '0': PYTHONPATH=/home/Dojo/Dojo/build/arduino_bridge/prefix_override:/usr/lib/python3/dist-packages/colcon_core/task/python/colcon_distutils_commands:/home/Dojo/Dojo/install/arduino_bridge/lib/python3.10/site-packages:${PYTHONPATH} /usr/bin/python3 -W ignore:setup.py install is deprecated -W ignore:easy_install command is deprecated setup.py develop --editable --build-directory /home/Dojo/Dojo/build/arduino_bridge/build --no-deps symlink_data
