[4.290s] Invoking command in '/home/Dojo/Dojo/build/vision_system': PYTHONPATH=/home/Dojo/Dojo/build/vision_system/prefix_override:/usr/lib/python3/dist-packages/colcon_core/task/python/colcon_distutils_commands:/home/Dojo/Dojo/install/vision_system/lib/python3.10/site-packages:${PYTHONPATH} /usr/bin/python3 -W ignore:setup.py install is deprecated -W ignore:easy_install command is deprecated setup.py develop --editable --build-directory /home/Dojo/Dojo/build/vision_system/build --no-deps symlink_data
[4.660s] running develop
[4.884s] running egg_info
[4.885s] creating vision_system.egg-info
[4.885s] writing vision_system.egg-info/PKG-INFO
[4.885s] writing dependency_links to vision_system.egg-info/dependency_links.txt
[4.885s] writing entry points to vision_system.egg-info/entry_points.txt
[4.886s] writing requirements to vision_system.egg-info/requires.txt
[4.886s] writing top-level names to vision_system.egg-info/top_level.txt
[4.886s] writing manifest file 'vision_system.egg-info/SOURCES.txt'
[4.889s] reading manifest file 'vision_system.egg-info/SOURCES.txt'
[4.891s] writing manifest file 'vision_system.egg-info/SOURCES.txt'
[4.892s] running build_ext
[4.892s] Creating /home/Dojo/Dojo/install/vision_system/lib/python3.10/site-packages/vision-system.egg-link (link to .)
[4.893s] Installing object_detector script to /home/Dojo/Dojo/install/vision_system/lib/vision_system
[4.893s] 
[4.894s] Installed /home/Dojo/Dojo/build/vision_system
[4.894s] running symlink_data
[4.894s] creating /home/Dojo/Dojo/install/vision_system/share/ament_index
[4.895s] creating /home/Dojo/Dojo/install/vision_system/share/ament_index/resource_index
[4.895s] creating /home/Dojo/Dojo/install/vision_system/share/ament_index/resource_index/packages
[4.895s] symbolically linking /home/Dojo/Dojo/build/vision_system/resource/vision_system -> /home/Dojo/Dojo/install/vision_system/share/ament_index/resource_index/packages
[4.895s] symbolically linking /home/Dojo/Dojo/build/vision_system/package.xml -> /home/Dojo/Dojo/install/vision_system/share/vision_system
[4.895s] creating /home/Dojo/Dojo/install/vision_system/share/vision_system/launch
[4.896s] symbolically linking /home/Dojo/Dojo/build/vision_system/launch/vision_system.launch.py -> /home/Dojo/Dojo/install/vision_system/share/vision_system/launch
[4.896s] creating /home/Dojo/Dojo/install/vision_system/share/vision_system/config
[4.941s] Invoked command in '/home/Dojo/Dojo/build/vision_system' returned '0': PYTHONPATH=/home/Dojo/Dojo/build/vision_system/prefix_override:/usr/lib/python3/dist-packages/colcon_core/task/python/colcon_distutils_commands:/home/Dojo/Dojo/install/vision_system/lib/python3.10/site-packages:${PYTHONPATH} /usr/bin/python3 -W ignore:setup.py install is deprecated -W ignore:easy_install command is deprecated setup.py develop --editable --build-directory /home/Dojo/Dojo/build/vision_system/build --no-deps symlink_data
