running develop
Removing /home/Dojo/Dojo/install/ros2arduino_bridge/lib/python3.10/site-packages/ros2arduino-bridge.egg-link (link to .)
running egg_info
writing ../../build/ros2arduino_bridge/ros2arduino_bridge.egg-info/PKG-INFO
writing dependency_links to ../../build/ros2arduino_bridge/ros2arduino_bridge.egg-info/dependency_links.txt
writing entry points to ../../build/ros2arduino_bridge/ros2arduino_bridge.egg-info/entry_points.txt
writing requirements to ../../build/ros2arduino_bridge/ros2arduino_bridge.egg-info/requires.txt
writing top-level names to ../../build/ros2arduino_bridge/ros2arduino_bridge.egg-info/top_level.txt
reading manifest file '../../build/ros2arduino_bridge/ros2arduino_bridge.egg-info/SOURCES.txt'
writing manifest file '../../build/ros2arduino_bridge/ros2arduino_bridge.egg-info/SOURCES.txt'
running build
running build_py
creating /home/Dojo/Dojo/build/ros2arduino_bridge/build
creating /home/Dojo/Dojo/build/ros2arduino_bridge/build/lib
creating /home/Dojo/Dojo/build/ros2arduino_bridge/build/lib/ros2arduino_bridge
copying ros2arduino_bridge/arduino_bridge.py -> /home/Dojo/Dojo/build/ros2arduino_bridge/build/lib/ros2arduino_bridge
copying ros2arduino_bridge/__init__.py -> /home/Dojo/Dojo/build/ros2arduino_bridge/build/lib/ros2arduino_bridge
running install
running install_lib
creating /home/Dojo/Dojo/install/ros2arduino_bridge/lib/python3.10/site-packages/ros2arduino_bridge
copying /home/Dojo/Dojo/build/ros2arduino_bridge/build/lib/ros2arduino_bridge/arduino_bridge.py -> /home/Dojo/Dojo/install/ros2arduino_bridge/lib/python3.10/site-packages/ros2arduino_bridge
copying /home/Dojo/Dojo/build/ros2arduino_bridge/build/lib/ros2arduino_bridge/__init__.py -> /home/Dojo/Dojo/install/ros2arduino_bridge/lib/python3.10/site-packages/ros2arduino_bridge
byte-compiling /home/Dojo/Dojo/install/ros2arduino_bridge/lib/python3.10/site-packages/ros2arduino_bridge/arduino_bridge.py to arduino_bridge.cpython-310.pyc
byte-compiling /home/Dojo/Dojo/install/ros2arduino_bridge/lib/python3.10/site-packages/ros2arduino_bridge/__init__.py to __init__.cpython-310.pyc
running install_data
copying resource/ros2arduino_bridge -> /home/Dojo/Dojo/install/ros2arduino_bridge/share/ament_index/resource_index/packages
copying package.xml -> /home/Dojo/Dojo/install/ros2arduino_bridge/share/ros2arduino_bridge
copying launch/ros2arduino_bridge.launch.py -> /home/Dojo/Dojo/install/ros2arduino_bridge/share/ros2arduino_bridge/launch
copying config/ros2arduino_bridge_params.yaml -> /home/Dojo/Dojo/install/ros2arduino_bridge/share/ros2arduino_bridge/config
running install_egg_info
Copying ../../build/ros2arduino_bridge/ros2arduino_bridge.egg-info to /home/Dojo/Dojo/install/ros2arduino_bridge/lib/python3.10/site-packages/ros2arduino_bridge-0.1.0-py3.10.egg-info
running install_scripts
Installing arduino_bridge script to /lib/ros2arduino_bridge
writing list of installed files to '/home/Dojo/Dojo/build/ros2arduino_bridge/install.log'
