[0.012s] Invoking command in '/root/Dojo/build/robot_gazebo': AMENT_PREFIX_PATH=/root/Dojo/install/robot_control:/root/Dojo/install/vision_system:/root/Dojo/install/robot_launch:/root/Dojo/install/ros2arduino_bridge:/root/Dojo/install/robot_sensors:/root/Dojo/install/robot_bringup:/root/Dojo/install/robot_perception:/root/Dojo/install/robot_navigation:/root/Dojo/install/robot_interfaces:/root/Dojo/install/robot_hardware:/root/Dojo/install/robot_description:/root/Dojo/install/nv21_converter_pkg:/root/Dojo/install/camera_ros:/root/Dojo/install/articubot_one:/root/Dojo/install/arduino_bridge:/opt/ros/humble CMAKE_PREFIX_PATH=/root/Dojo/install/robot_description:/root/Dojo/install/robot_bringup:/root/Dojo/install/robot_navigation:/root/Dojo/install/robot_interfaces:/root/Dojo/install/robot_gazebo:/root/Dojo/install/camera_ros:/root/Dojo/install/articubot_one:/root/Dojo/install/vision_system:/root/Dojo/install/robot_launch:/root/Dojo/install/ros2arduino_bridge:/root/Dojo/install/robot_sensors:/root/Dojo/install/robot_perception:/root/Dojo/install/robot_hardware:/root/Dojo/install/robot_control:/root/Dojo/install/nv21_converter_pkg:/root/Dojo/install/arduino_bridge:/opt/ros/humble PYTHONPATH=/root/Dojo/build/robot_control:/root/Dojo/install/robot_control/lib/python3.10/site-packages:/root/Dojo/build/vision_system:/root/Dojo/install/vision_system/lib/python3.10/site-packages:/root/Dojo/build/robot_launch:/root/Dojo/install/robot_launch/lib/python3.10/site-packages:/root/Dojo/build/ros2arduino_bridge:/root/Dojo/install/ros2arduino_bridge/lib/python3.10/site-packages:/root/Dojo/build/robot_sensors:/root/Dojo/install/robot_sensors/lib/python3.10/site-packages:/root/Dojo/build/robot_perception:/root/Dojo/install/robot_perception/lib/python3.10/site-packages:/root/Dojo/install/robot_interfaces/local/lib/python3.10/dist-packages:/root/Dojo/build/robot_hardware:/root/Dojo/install/robot_hardware/lib/python3.10/site-packages:/root/Dojo/install/robot_description/local/lib/python3.10/dist-packages:/root/Dojo/build/nv21_converter_pkg:/root/Dojo/install/nv21_converter_pkg/lib/python3.10/site-packages:/root/Dojo/build/arduino_bridge:/root/Dojo/install/arduino_bridge/lib/python3.10/site-packages:/opt/ros/humble/lib/python3.10/site-packages:/opt/ros/humble/local/lib/python3.10/dist-packages /usr/bin/cmake /root/Dojo/src/robot_gazebo -DAMENT_CMAKE_SYMLINK_INSTALL=1 -DCMAKE_INSTALL_PREFIX=/root/Dojo/install/robot_gazebo
[0.070s] -- The C compiler identification is GNU 11.4.0
[0.127s] -- The CXX compiler identification is GNU 11.4.0
[0.135s] -- Detecting C compiler ABI info
[0.205s] -- Detecting C compiler ABI info - done
[0.211s] -- Check for working C compiler: /usr/bin/cc - skipped
[0.211s] -- Detecting C compile features
[0.212s] -- Detecting C compile features - done
[0.214s] -- Detecting CXX compiler ABI info
[0.299s] -- Detecting CXX compiler ABI info - done
[0.306s] -- Check for working CXX compiler: /usr/bin/c++ - skipped
[0.306s] -- Detecting CXX compile features
[0.307s] -- Detecting CXX compile features - done
[0.311s] -- Found ament_cmake: 1.3.12 (/opt/ros/humble/share/ament_cmake/cmake)
[1.286s] -- Found Python3: /usr/bin/python3 (found version "3.10.12") found components: Interpreter 
[1.424s] -- Override CMake install command with custom implementation using symlinks instead of copying resources
[1.538s] -- Found rclcpp: 16.0.14 (/opt/ros/humble/share/rclcpp/cmake)
[1.650s] -- Found rosidl_generator_c: 3.1.7 (/opt/ros/humble/share/rosidl_generator_c/cmake)
[1.677s] -- Found rosidl_adapter: 3.1.7 (/opt/ros/humble/share/rosidl_adapter/cmake)
[1.697s] -- Found rosidl_generator_cpp: 3.1.7 (/opt/ros/humble/share/rosidl_generator_cpp/cmake)
[1.727s] -- Using all available rosidl_typesupport_c: rosidl_typesupport_fastrtps_c;rosidl_typesupport_introspection_c
[1.764s] -- Using all available rosidl_typesupport_cpp: rosidl_typesupport_fastrtps_cpp;rosidl_typesupport_introspection_cpp
[1.885s] -- Found rmw_implementation_cmake: 6.1.2 (/opt/ros/humble/share/rmw_implementation_cmake/cmake)
[1.891s] -- Found rmw_fastrtps_cpp: 6.2.8 (/opt/ros/humble/share/rmw_fastrtps_cpp/cmake)
[2.116s] -- Found OpenSSL: /usr/lib/x86_64-linux-gnu/libcrypto.so (found version "3.0.2")  
[2.168s] -- Found FastRTPS: /opt/ros/humble/include  
[2.263s] -- Using RMW implementation 'rmw_fastrtps_cpp' as default
[2.287s] -- Looking for pthread.h
[2.394s] -- Looking for pthread.h - found
[2.395s] -- Performing Test CMAKE_HAVE_LIBC_PTHREAD
[2.508s] -- Performing Test CMAKE_HAVE_LIBC_PTHREAD - Success
[2.509s] -- Found Threads: TRUE  
[2.613s] -- Found gazebo_ros: 3.9.0 (/opt/ros/humble/share/gazebo_ros/cmake)
[2.631s] -- Found PkgConfig: /usr/bin/pkg-config (found version "0.29.2") 
[2.633s] -- Checking for module 'bullet>=2.82'
[2.656s] --   Found bullet, version 3.05
[2.934s] -- Found fcl: /usr/include (found suitable version "0.7.0", minimum required is "0.5.0") 
[3.040s] -- Found assimp: /usr/include (found version "5.2.0") 
[3.087s] -- Found DART: /usr/include (Required is at least version "6.6") found components: dart 
[3.142s] -- Found Boost: /usr/lib/x86_64-linux-gnu/cmake/Boost-1.74.0/BoostConfig.cmake (found suitable version "1.74.0", minimum required is "1.40.0") found components: thread system filesystem program_options regex iostreams date_time 
[3.169s] -- Found Protobuf: /usr/lib/x86_64-linux-gnu/libprotobuf.so (found version "3.12.4") 
[3.183s] -- Looking for ignition-math6 -- found version 6.15.1
[3.199s] -- Searching for dependencies of ignition-math6
[3.201s] -- Looking for OGRE...
[3.202s] -- OGRE_PREFIX_WATCH changed.
[3.212s] -- Checking for module 'OGRE'
[3.242s] --   Found OGRE, version 1.9.0
[3.294s] -- Found Ogre Ghadamon (1.9.0)
[3.304s] -- Found OGRE: optimized;/usr/lib/x86_64-linux-gnu/libOgreMain.so;debug;/usr/lib/x86_64-linux-gnu/libOgreMain.so
[3.314s] -- Looking for OGRE_Paging...
[3.322s] -- Found OGRE_Paging: optimized;/usr/lib/x86_64-linux-gnu/libOgrePaging.so;debug;/usr/lib/x86_64-linux-gnu/libOgrePaging.so
[3.322s] -- Looking for OGRE_Terrain...
[3.328s] -- Found OGRE_Terrain: optimized;/usr/lib/x86_64-linux-gnu/libOgreTerrain.so;debug;/usr/lib/x86_64-linux-gnu/libOgreTerrain.so
[3.329s] -- Looking for OGRE_Property...
[3.340s] -- Found OGRE_Property: optimized;/usr/lib/x86_64-linux-gnu/libOgreProperty.so;debug;/usr/lib/x86_64-linux-gnu/libOgreProperty.so
[3.341s] -- Looking for OGRE_RTShaderSystem...
[3.357s] -- Found OGRE_RTShaderSystem: optimized;/usr/lib/x86_64-linux-gnu/libOgreRTShaderSystem.so;debug;/usr/lib/x86_64-linux-gnu/libOgreRTShaderSystem.so
[3.358s] -- Looking for OGRE_Volume...
[3.372s] -- Found OGRE_Volume: optimized;/usr/lib/x86_64-linux-gnu/libOgreVolume.so;debug;/usr/lib/x86_64-linux-gnu/libOgreVolume.so
[3.372s] -- Looking for OGRE_Overlay...
[3.380s] -- Found OGRE_Overlay: optimized;/usr/lib/x86_64-linux-gnu/libOgreOverlay.so;debug;/usr/lib/x86_64-linux-gnu/libOgreOverlay.so
[3.592s] -- Looking for ignition-math6 -- found version 6.15.1
[3.597s] -- Looking for ignition-transport8 -- found version 8.2.1
[3.597s] -- Searching for dependencies of ignition-transport8
[3.639s] -- Found Protobuf: /usr/lib/x86_64-linux-gnu/libprotobuf.so (found suitable version "3.12.4", minimum required is "3") 
[3.672s] -- Config-file not installed for ZeroMQ -- checking for pkg-config
[3.688s] -- Checking for module 'libzmq >= 4'
[3.724s] --   Found libzmq , version 4.3.4
[3.819s] -- Found ZeroMQ: TRUE (Required is at least version "4") 
[3.830s] -- Checking for module 'uuid'
[3.857s] --   Found uuid, version 2.37.2
[3.911s] -- Found UUID: TRUE  
[3.917s] -- Looking for ignition-msgs5 -- found version 5.8.1
[3.918s] -- Searching for dependencies of ignition-msgs5
[3.954s] -- Looking for ignition-math6 -- found version 6.15.1
[3.964s] -- Checking for module 'tinyxml2'
[3.988s] --   Found tinyxml2, version 9.0.0
[4.055s] -- Looking for ignition-msgs5 -- found version 5.8.1
[4.062s] -- Looking for ignition-common3 -- found version 3.14.0
[4.063s] -- Searching for dependencies of ignition-common3
[4.064s] -- Looking for dlfcn.h - found
[4.065s] -- Looking for libdl - found
[4.067s] -- Found DL: TRUE  
[4.091s] -- Found tinyobjloader: /usr/lib/x86_64-linux-gnu/cmake/tinyobjloader/tinyobjloader-config.cmake (found version "2.0.0") 
[4.092s] -- Searching for <ignition-common3> component [graphics]
[4.099s] -- Looking for ignition-common3-graphics -- found version 3.14.0
[4.100s] -- Searching for dependencies of ignition-common3-graphics
[4.101s] -- Looking for ignition-math6 -- found version 6.15.1
[4.110s] -- Looking for ignition-fuel_tools4 -- found version 4.4.0
[4.111s] -- Searching for dependencies of ignition-fuel_tools4
[4.275s] -- Found CURL: /usr/lib/x86_64-linux-gnu/libcurl.so (found version "7.81.0")  
[4.294s] -- Checking for module 'jsoncpp'
[4.321s] --   Found jsoncpp, version 1.9.5
[4.382s] -- Found JSONCPP: TRUE  
[4.391s] -- Checking for module 'libzip'
[4.414s] --   Found libzip, version 1.7.3
[4.493s] -- Found ZIP: TRUE  
[4.494s] -- Looking for ignition-common3 -- found version 3.14.0
[4.495s] -- Looking for ignition-math6 -- found version 6.15.1
[4.495s] -- Looking for ignition-msgs5 -- found version 5.8.1
[4.506s] -- Gazebo version: 11.10
[4.506s] -- Checking for module 'tbb'
[4.539s] --   Found tbb, version 2021.5.0
[4.619s] -- Found ros2_control: 2.51.0 (/opt/ros/humble/share/ros2_control/cmake)
[4.626s] -- Found controller_manager: 2.51.0 (/opt/ros/humble/share/controller_manager/cmake)
[5.118s] -- Found robot_state_publisher: 3.0.3 (/opt/ros/humble/share/robot_state_publisher/cmake)
[5.154s] -- Found eigen3_cmake_module: 0.1.1 (/opt/ros/humble/share/eigen3_cmake_module/cmake)
[5.157s] -- Found Eigen3: TRUE (found version "3.4.0") 
[5.161s] -- Ensuring Eigen3 include directory is part of orocos-kdl CMake target
[5.615s] -- Configuring done
[5.643s] -- Generating done
[5.651s] -- Build files have been written to: /root/Dojo/build/robot_gazebo
[5.726s] Invoked command in '/root/Dojo/build/robot_gazebo' returned '0': AMENT_PREFIX_PATH=/root/Dojo/install/robot_control:/root/Dojo/install/vision_system:/root/Dojo/install/robot_launch:/root/Dojo/install/ros2arduino_bridge:/root/Dojo/install/robot_sensors:/root/Dojo/install/robot_bringup:/root/Dojo/install/robot_perception:/root/Dojo/install/robot_navigation:/root/Dojo/install/robot_interfaces:/root/Dojo/install/robot_hardware:/root/Dojo/install/robot_description:/root/Dojo/install/nv21_converter_pkg:/root/Dojo/install/camera_ros:/root/Dojo/install/articubot_one:/root/Dojo/install/arduino_bridge:/opt/ros/humble CMAKE_PREFIX_PATH=/root/Dojo/install/robot_description:/root/Dojo/install/robot_bringup:/root/Dojo/install/robot_navigation:/root/Dojo/install/robot_interfaces:/root/Dojo/install/robot_gazebo:/root/Dojo/install/camera_ros:/root/Dojo/install/articubot_one:/root/Dojo/install/vision_system:/root/Dojo/install/robot_launch:/root/Dojo/install/ros2arduino_bridge:/root/Dojo/install/robot_sensors:/root/Dojo/install/robot_perception:/root/Dojo/install/robot_hardware:/root/Dojo/install/robot_control:/root/Dojo/install/nv21_converter_pkg:/root/Dojo/install/arduino_bridge:/opt/ros/humble PYTHONPATH=/root/Dojo/build/robot_control:/root/Dojo/install/robot_control/lib/python3.10/site-packages:/root/Dojo/build/vision_system:/root/Dojo/install/vision_system/lib/python3.10/site-packages:/root/Dojo/build/robot_launch:/root/Dojo/install/robot_launch/lib/python3.10/site-packages:/root/Dojo/build/ros2arduino_bridge:/root/Dojo/install/ros2arduino_bridge/lib/python3.10/site-packages:/root/Dojo/build/robot_sensors:/root/Dojo/install/robot_sensors/lib/python3.10/site-packages:/root/Dojo/build/robot_perception:/root/Dojo/install/robot_perception/lib/python3.10/site-packages:/root/Dojo/install/robot_interfaces/local/lib/python3.10/dist-packages:/root/Dojo/build/robot_hardware:/root/Dojo/install/robot_hardware/lib/python3.10/site-packages:/root/Dojo/install/robot_description/local/lib/python3.10/dist-packages:/root/Dojo/build/nv21_converter_pkg:/root/Dojo/install/nv21_converter_pkg/lib/python3.10/site-packages:/root/Dojo/build/arduino_bridge:/root/Dojo/install/arduino_bridge/lib/python3.10/site-packages:/opt/ros/humble/lib/python3.10/site-packages:/opt/ros/humble/local/lib/python3.10/dist-packages /usr/bin/cmake /root/Dojo/src/robot_gazebo -DAMENT_CMAKE_SYMLINK_INSTALL=1 -DCMAKE_INSTALL_PREFIX=/root/Dojo/install/robot_gazebo
[5.727s] Invoking command in '/root/Dojo/build/robot_gazebo': AMENT_PREFIX_PATH=/root/Dojo/install/robot_control:/root/Dojo/install/vision_system:/root/Dojo/install/robot_launch:/root/Dojo/install/ros2arduino_bridge:/root/Dojo/install/robot_sensors:/root/Dojo/install/robot_bringup:/root/Dojo/install/robot_perception:/root/Dojo/install/robot_navigation:/root/Dojo/install/robot_interfaces:/root/Dojo/install/robot_hardware:/root/Dojo/install/robot_description:/root/Dojo/install/nv21_converter_pkg:/root/Dojo/install/camera_ros:/root/Dojo/install/articubot_one:/root/Dojo/install/arduino_bridge:/opt/ros/humble CMAKE_PREFIX_PATH=/root/Dojo/install/robot_description:/root/Dojo/install/robot_bringup:/root/Dojo/install/robot_navigation:/root/Dojo/install/robot_interfaces:/root/Dojo/install/robot_gazebo:/root/Dojo/install/camera_ros:/root/Dojo/install/articubot_one:/root/Dojo/install/vision_system:/root/Dojo/install/robot_launch:/root/Dojo/install/ros2arduino_bridge:/root/Dojo/install/robot_sensors:/root/Dojo/install/robot_perception:/root/Dojo/install/robot_hardware:/root/Dojo/install/robot_control:/root/Dojo/install/nv21_converter_pkg:/root/Dojo/install/arduino_bridge:/opt/ros/humble PYTHONPATH=/root/Dojo/build/robot_control:/root/Dojo/install/robot_control/lib/python3.10/site-packages:/root/Dojo/build/vision_system:/root/Dojo/install/vision_system/lib/python3.10/site-packages:/root/Dojo/build/robot_launch:/root/Dojo/install/robot_launch/lib/python3.10/site-packages:/root/Dojo/build/ros2arduino_bridge:/root/Dojo/install/ros2arduino_bridge/lib/python3.10/site-packages:/root/Dojo/build/robot_sensors:/root/Dojo/install/robot_sensors/lib/python3.10/site-packages:/root/Dojo/build/robot_perception:/root/Dojo/install/robot_perception/lib/python3.10/site-packages:/root/Dojo/install/robot_interfaces/local/lib/python3.10/dist-packages:/root/Dojo/build/robot_hardware:/root/Dojo/install/robot_hardware/lib/python3.10/site-packages:/root/Dojo/install/robot_description/local/lib/python3.10/dist-packages:/root/Dojo/build/nv21_converter_pkg:/root/Dojo/install/nv21_converter_pkg/lib/python3.10/site-packages:/root/Dojo/build/arduino_bridge:/root/Dojo/install/arduino_bridge/lib/python3.10/site-packages:/opt/ros/humble/lib/python3.10/site-packages:/opt/ros/humble/local/lib/python3.10/dist-packages /usr/bin/cmake --build /root/Dojo/build/robot_gazebo -- -j16 -l16
[5.898s] Invoked command in '/root/Dojo/build/robot_gazebo' returned '0': AMENT_PREFIX_PATH=/root/Dojo/install/robot_control:/root/Dojo/install/vision_system:/root/Dojo/install/robot_launch:/root/Dojo/install/ros2arduino_bridge:/root/Dojo/install/robot_sensors:/root/Dojo/install/robot_bringup:/root/Dojo/install/robot_perception:/root/Dojo/install/robot_navigation:/root/Dojo/install/robot_interfaces:/root/Dojo/install/robot_hardware:/root/Dojo/install/robot_description:/root/Dojo/install/nv21_converter_pkg:/root/Dojo/install/camera_ros:/root/Dojo/install/articubot_one:/root/Dojo/install/arduino_bridge:/opt/ros/humble CMAKE_PREFIX_PATH=/root/Dojo/install/robot_description:/root/Dojo/install/robot_bringup:/root/Dojo/install/robot_navigation:/root/Dojo/install/robot_interfaces:/root/Dojo/install/robot_gazebo:/root/Dojo/install/camera_ros:/root/Dojo/install/articubot_one:/root/Dojo/install/vision_system:/root/Dojo/install/robot_launch:/root/Dojo/install/ros2arduino_bridge:/root/Dojo/install/robot_sensors:/root/Dojo/install/robot_perception:/root/Dojo/install/robot_hardware:/root/Dojo/install/robot_control:/root/Dojo/install/nv21_converter_pkg:/root/Dojo/install/arduino_bridge:/opt/ros/humble PYTHONPATH=/root/Dojo/build/robot_control:/root/Dojo/install/robot_control/lib/python3.10/site-packages:/root/Dojo/build/vision_system:/root/Dojo/install/vision_system/lib/python3.10/site-packages:/root/Dojo/build/robot_launch:/root/Dojo/install/robot_launch/lib/python3.10/site-packages:/root/Dojo/build/ros2arduino_bridge:/root/Dojo/install/ros2arduino_bridge/lib/python3.10/site-packages:/root/Dojo/build/robot_sensors:/root/Dojo/install/robot_sensors/lib/python3.10/site-packages:/root/Dojo/build/robot_perception:/root/Dojo/install/robot_perception/lib/python3.10/site-packages:/root/Dojo/install/robot_interfaces/local/lib/python3.10/dist-packages:/root/Dojo/build/robot_hardware:/root/Dojo/install/robot_hardware/lib/python3.10/site-packages:/root/Dojo/install/robot_description/local/lib/python3.10/dist-packages:/root/Dojo/build/nv21_converter_pkg:/root/Dojo/install/nv21_converter_pkg/lib/python3.10/site-packages:/root/Dojo/build/arduino_bridge:/root/Dojo/install/arduino_bridge/lib/python3.10/site-packages:/opt/ros/humble/lib/python3.10/site-packages:/opt/ros/humble/local/lib/python3.10/dist-packages /usr/bin/cmake --build /root/Dojo/build/robot_gazebo -- -j16 -l16
[5.904s] Invoking command in '/root/Dojo/build/robot_gazebo': AMENT_PREFIX_PATH=/root/Dojo/install/robot_control:/root/Dojo/install/vision_system:/root/Dojo/install/robot_launch:/root/Dojo/install/ros2arduino_bridge:/root/Dojo/install/robot_sensors:/root/Dojo/install/robot_bringup:/root/Dojo/install/robot_perception:/root/Dojo/install/robot_navigation:/root/Dojo/install/robot_interfaces:/root/Dojo/install/robot_hardware:/root/Dojo/install/robot_description:/root/Dojo/install/nv21_converter_pkg:/root/Dojo/install/camera_ros:/root/Dojo/install/articubot_one:/root/Dojo/install/arduino_bridge:/opt/ros/humble CMAKE_PREFIX_PATH=/root/Dojo/install/robot_description:/root/Dojo/install/robot_bringup:/root/Dojo/install/robot_navigation:/root/Dojo/install/robot_interfaces:/root/Dojo/install/robot_gazebo:/root/Dojo/install/camera_ros:/root/Dojo/install/articubot_one:/root/Dojo/install/vision_system:/root/Dojo/install/robot_launch:/root/Dojo/install/ros2arduino_bridge:/root/Dojo/install/robot_sensors:/root/Dojo/install/robot_perception:/root/Dojo/install/robot_hardware:/root/Dojo/install/robot_control:/root/Dojo/install/nv21_converter_pkg:/root/Dojo/install/arduino_bridge:/opt/ros/humble PYTHONPATH=/root/Dojo/build/robot_control:/root/Dojo/install/robot_control/lib/python3.10/site-packages:/root/Dojo/build/vision_system:/root/Dojo/install/vision_system/lib/python3.10/site-packages:/root/Dojo/build/robot_launch:/root/Dojo/install/robot_launch/lib/python3.10/site-packages:/root/Dojo/build/ros2arduino_bridge:/root/Dojo/install/ros2arduino_bridge/lib/python3.10/site-packages:/root/Dojo/build/robot_sensors:/root/Dojo/install/robot_sensors/lib/python3.10/site-packages:/root/Dojo/build/robot_perception:/root/Dojo/install/robot_perception/lib/python3.10/site-packages:/root/Dojo/install/robot_interfaces/local/lib/python3.10/dist-packages:/root/Dojo/build/robot_hardware:/root/Dojo/install/robot_hardware/lib/python3.10/site-packages:/root/Dojo/install/robot_description/local/lib/python3.10/dist-packages:/root/Dojo/build/nv21_converter_pkg:/root/Dojo/install/nv21_converter_pkg/lib/python3.10/site-packages:/root/Dojo/build/arduino_bridge:/root/Dojo/install/arduino_bridge/lib/python3.10/site-packages:/opt/ros/humble/lib/python3.10/site-packages:/opt/ros/humble/local/lib/python3.10/dist-packages /usr/bin/cmake --install /root/Dojo/build/robot_gazebo
[5.929s] -- Install configuration: ""
[5.930s] -- Execute custom install script
[5.934s] -- Symlinking: /root/Dojo/install/robot_gazebo/share/robot_gazebo/launch/gazebo.launch.py
[5.947s] -- Symlinking: /root/Dojo/install/robot_gazebo/share/robot_gazebo/launch/unified_simulation.launch.py
[5.965s] -- Symlinking: /root/Dojo/install/robot_gazebo/share/robot_gazebo/config/diff_drive_controller.yaml
[5.983s] -- Symlinking: /root/Dojo/install/robot_gazebo/share/robot_gazebo/config/ekf_config.yaml
[6.004s] -- Symlinking: /root/Dojo/install/robot_gazebo/share/robot_gazebo/config/ros2_control.yaml
[6.023s] -- Symlinking: /root/Dojo/install/robot_gazebo/share/robot_gazebo/config/slam_config.yaml
[6.043s] -- Symlinking: /root/Dojo/install/robot_gazebo/share/robot_gazebo/rviz/complete_simulation.rviz
[6.062s] -- Symlinking: /root/Dojo/install/robot_gazebo/share/robot_gazebo/rviz/full_simulation.rviz
[6.079s] -- Symlinking: /root/Dojo/install/robot_gazebo/share/robot_gazebo/rviz/robot_simulation.rviz
[6.099s] -- Symlinking: /root/Dojo/install/robot_gazebo/share/robot_gazebo/rviz/simulation.rviz
[6.113s] -- Symlinking: /root/Dojo/install/robot_gazebo/share/robot_gazebo/worlds/agriculture.world
[6.139s] -- Symlinking: /root/Dojo/install/robot_gazebo/share/robot_gazebo/worlds/azcar.world
[6.157s] -- Symlinking: /root/Dojo/install/robot_gazebo/share/robot_gazebo/worlds/barrels.world
[6.180s] -- Symlinking: /root/Dojo/install/robot_gazebo/share/robot_gazebo/worlds/canyonview_field.world
[6.193s] -- Symlinking: /root/Dojo/install/robot_gazebo/share/robot_gazebo/worlds/city_osm_roundabout.world
[6.211s] -- Symlinking: /root/Dojo/install/robot_gazebo/share/robot_gazebo/worlds/city_osm_roundabout_combined.world
[6.228s] -- Symlinking: /root/Dojo/install/robot_gazebo/share/robot_gazebo/worlds/cyberzoo.world
[6.246s] -- Symlinking: /root/Dojo/install/robot_gazebo/share/robot_gazebo/worlds/cyberzoo2019_orange_poles.world
[6.263s] -- Symlinking: /root/Dojo/install/robot_gazebo/share/robot_gazebo/worlds/cyberzoo2019_orange_poles_panels.world
[6.279s] -- Symlinking: /root/Dojo/install/robot_gazebo/share/robot_gazebo/worlds/cyberzoo2019_orange_poles_panels_mats.world
[6.293s] -- Symlinking: /root/Dojo/install/robot_gazebo/share/robot_gazebo/worlds/cyberzoo2019_ralphthesis2020.world
[6.309s] -- Symlinking: /root/Dojo/install/robot_gazebo/share/robot_gazebo/worlds/cyberzoo_4_panels.world
[6.324s] -- Symlinking: /root/Dojo/install/robot_gazebo/share/robot_gazebo/worlds/cyberzoo_orange_poles.world
[6.340s] -- Symlinking: /root/Dojo/install/robot_gazebo/share/robot_gazebo/worlds/cyberzoo_panel.world
[6.358s] -- Symlinking: /root/Dojo/install/robot_gazebo/share/robot_gazebo/worlds/demo_world.world
[6.374s] -- Symlinking: /root/Dojo/install/robot_gazebo/share/robot_gazebo/worlds/dojo_world.world
[6.391s] -- Symlinking: /root/Dojo/install/robot_gazebo/share/robot_gazebo/worlds/drone_race_track_2018_actual.world
[6.405s] -- Symlinking: /root/Dojo/install/robot_gazebo/share/robot_gazebo/worlds/drone_race_track_2018_actual_with_gatepapers.world
[6.420s] -- Symlinking: /root/Dojo/install/robot_gazebo/share/robot_gazebo/worlds/empty.world
[6.436s] -- Symlinking: /root/Dojo/install/robot_gazebo/share/robot_gazebo/worlds/empty_aerial_manipulation.world
[6.450s] -- Symlinking: /root/Dojo/install/robot_gazebo/share/robot_gazebo/worlds/fetchit_challenge_arena_montreal2019.world
[6.463s] -- Symlinking: /root/Dojo/install/robot_gazebo/share/robot_gazebo/worlds/fetchit_challenge_arena_montreal2019_highlights.world
[6.477s] -- Symlinking: /root/Dojo/install/robot_gazebo/share/robot_gazebo/worlds/fetchit_challenge_arena_montreal2019_onlylights.world
[6.490s] -- Symlinking: /root/Dojo/install/robot_gazebo/share/robot_gazebo/worlds/fetchit_challenge_assembly.world
[6.504s] -- Symlinking: /root/Dojo/install/robot_gazebo/share/robot_gazebo/worlds/fetchit_challenge_atrezzo.world
[6.518s] -- Symlinking: /root/Dojo/install/robot_gazebo/share/robot_gazebo/worlds/fetchit_challenge_simple.world
[6.529s] -- Symlinking: /root/Dojo/install/robot_gazebo/share/robot_gazebo/worlds/fetchit_challenge_simple_highlights.world
[6.542s] -- Symlinking: /root/Dojo/install/robot_gazebo/share/robot_gazebo/worlds/fetchit_challenge_tests.world
[6.554s] -- Symlinking: /root/Dojo/install/robot_gazebo/share/robot_gazebo/worlds/fetchit_challenge_tests_lowlights.world
[6.566s] -- Symlinking: /root/Dojo/install/robot_gazebo/share/robot_gazebo/worlds/hemicyl.world
[6.577s] -- Symlinking: /root/Dojo/install/robot_gazebo/share/robot_gazebo/worlds/house.world
[6.588s] -- Symlinking: /root/Dojo/install/robot_gazebo/share/robot_gazebo/worlds/inspection.world
[6.598s] -- Symlinking: /root/Dojo/install/robot_gazebo/share/robot_gazebo/worlds/neighborhood.world
[6.608s] -- Symlinking: /root/Dojo/install/robot_gazebo/share/robot_gazebo/worlds/office_cpr.world
[6.619s] -- Symlinking: /root/Dojo/install/robot_gazebo/share/robot_gazebo/worlds/office_cpr_construction.world
[6.629s] -- Symlinking: /root/Dojo/install/robot_gazebo/share/robot_gazebo/worlds/office_earthquake.world
[6.641s] -- Symlinking: /root/Dojo/install/robot_gazebo/share/robot_gazebo/worlds/office_env_large.world
[6.653s] -- Symlinking: /root/Dojo/install/robot_gazebo/share/robot_gazebo/worlds/office_small.world
[6.664s] -- Symlinking: /root/Dojo/install/robot_gazebo/share/robot_gazebo/worlds/outdoor.world
[6.674s] -- Symlinking: /root/Dojo/install/robot_gazebo/share/robot_gazebo/worlds/powerplant.world
[6.685s] -- Symlinking: /root/Dojo/install/robot_gazebo/share/robot_gazebo/worlds/rubble.world
[6.695s] -- Symlinking: /root/Dojo/install/robot_gazebo/share/robot_gazebo/worlds/simple_env_1.world
[6.705s] -- Symlinking: /root/Dojo/install/robot_gazebo/share/robot_gazebo/worlds/simple_env_2.world
[6.716s] -- Symlinking: /root/Dojo/install/robot_gazebo/share/robot_gazebo/worlds/simple_env_3.world
[6.726s] -- Symlinking: /root/Dojo/install/robot_gazebo/share/robot_gazebo/worlds/skidpan.world
[6.738s] -- Symlinking: /root/Dojo/install/robot_gazebo/share/robot_gazebo/worlds/small_city.world
[6.747s] -- Symlinking: /root/Dojo/install/robot_gazebo/share/robot_gazebo/worlds/test_city.world
[6.758s] -- Symlinking: /root/Dojo/install/robot_gazebo/share/robot_gazebo/worlds/test_zone.world
[6.769s] -- Symlinking: /root/Dojo/install/robot_gazebo/share/robot_gazebo/worlds/wall_aerial_manipulation.world
[6.778s] -- Symlinking: /root/Dojo/install/robot_gazebo/share/robot_gazebo/worlds/warehouse.world
[6.788s] -- Symlinking: /root/Dojo/install/robot_gazebo/share/robot_gazebo/worlds/waypoint.world
[6.797s] -- Symlinking: /root/Dojo/install/robot_gazebo/share/robot_gazebo/worlds/workshop_example.world
[6.807s] -- Symlinking: /root/Dojo/install/robot_gazebo/share/robot_gazebo/worlds/yosemite.world
[6.817s] -- Symlinking: /root/Dojo/install/robot_gazebo/share/ament_index/resource_index/package_run_dependencies/robot_gazebo
[6.827s] -- Symlinking: /root/Dojo/install/robot_gazebo/share/ament_index/resource_index/parent_prefix_path/robot_gazebo
[6.838s] -- Symlinking: /root/Dojo/install/robot_gazebo/share/robot_gazebo/environment/ament_prefix_path.sh
[6.849s] -- Symlinking: /root/Dojo/install/robot_gazebo/share/robot_gazebo/environment/ament_prefix_path.dsv
[6.859s] -- Symlinking: /root/Dojo/install/robot_gazebo/share/robot_gazebo/environment/path.sh
[6.869s] -- Symlinking: /root/Dojo/install/robot_gazebo/share/robot_gazebo/environment/path.dsv
[6.879s] -- Symlinking: /root/Dojo/install/robot_gazebo/share/robot_gazebo/local_setup.bash
[6.890s] -- Symlinking: /root/Dojo/install/robot_gazebo/share/robot_gazebo/local_setup.sh
[6.900s] -- Symlinking: /root/Dojo/install/robot_gazebo/share/robot_gazebo/local_setup.zsh
[6.910s] -- Symlinking: /root/Dojo/install/robot_gazebo/share/robot_gazebo/local_setup.dsv
[6.921s] -- Symlinking: /root/Dojo/install/robot_gazebo/share/robot_gazebo/package.dsv
[6.933s] -- Symlinking: /root/Dojo/install/robot_gazebo/share/ament_index/resource_index/packages/robot_gazebo
[6.943s] -- Symlinking: /root/Dojo/install/robot_gazebo/share/robot_gazebo/cmake/robot_gazeboConfig.cmake
[6.955s] -- Symlinking: /root/Dojo/install/robot_gazebo/share/robot_gazebo/cmake/robot_gazeboConfig-version.cmake
[6.965s] -- Symlinking: /root/Dojo/install/robot_gazebo/share/robot_gazebo/package.xml
[6.976s] -- Installing: /root/Dojo/install/robot_gazebo/lib/robot_gazebo
[6.976s] -- Installing: /root/Dojo/install/robot_gazebo/lib/robot_gazebo/spawn_robot.py
[6.979s] Invoked command in '/root/Dojo/build/robot_gazebo' returned '0': AMENT_PREFIX_PATH=/root/Dojo/install/robot_control:/root/Dojo/install/vision_system:/root/Dojo/install/robot_launch:/root/Dojo/install/ros2arduino_bridge:/root/Dojo/install/robot_sensors:/root/Dojo/install/robot_bringup:/root/Dojo/install/robot_perception:/root/Dojo/install/robot_navigation:/root/Dojo/install/robot_interfaces:/root/Dojo/install/robot_hardware:/root/Dojo/install/robot_description:/root/Dojo/install/nv21_converter_pkg:/root/Dojo/install/camera_ros:/root/Dojo/install/articubot_one:/root/Dojo/install/arduino_bridge:/opt/ros/humble CMAKE_PREFIX_PATH=/root/Dojo/install/robot_description:/root/Dojo/install/robot_bringup:/root/Dojo/install/robot_navigation:/root/Dojo/install/robot_interfaces:/root/Dojo/install/robot_gazebo:/root/Dojo/install/camera_ros:/root/Dojo/install/articubot_one:/root/Dojo/install/vision_system:/root/Dojo/install/robot_launch:/root/Dojo/install/ros2arduino_bridge:/root/Dojo/install/robot_sensors:/root/Dojo/install/robot_perception:/root/Dojo/install/robot_hardware:/root/Dojo/install/robot_control:/root/Dojo/install/nv21_converter_pkg:/root/Dojo/install/arduino_bridge:/opt/ros/humble PYTHONPATH=/root/Dojo/build/robot_control:/root/Dojo/install/robot_control/lib/python3.10/site-packages:/root/Dojo/build/vision_system:/root/Dojo/install/vision_system/lib/python3.10/site-packages:/root/Dojo/build/robot_launch:/root/Dojo/install/robot_launch/lib/python3.10/site-packages:/root/Dojo/build/ros2arduino_bridge:/root/Dojo/install/ros2arduino_bridge/lib/python3.10/site-packages:/root/Dojo/build/robot_sensors:/root/Dojo/install/robot_sensors/lib/python3.10/site-packages:/root/Dojo/build/robot_perception:/root/Dojo/install/robot_perception/lib/python3.10/site-packages:/root/Dojo/install/robot_interfaces/local/lib/python3.10/dist-packages:/root/Dojo/build/robot_hardware:/root/Dojo/install/robot_hardware/lib/python3.10/site-packages:/root/Dojo/install/robot_description/local/lib/python3.10/dist-packages:/root/Dojo/build/nv21_converter_pkg:/root/Dojo/install/nv21_converter_pkg/lib/python3.10/site-packages:/root/Dojo/build/arduino_bridge:/root/Dojo/install/arduino_bridge/lib/python3.10/site-packages:/opt/ros/humble/lib/python3.10/site-packages:/opt/ros/humble/local/lib/python3.10/dist-packages /usr/bin/cmake --install /root/Dojo/build/robot_gazebo
