[0.892s] Invoking command in '/root/Dojo/build/arduino_bridge': PYTHONPATH=/root/Dojo/build/arduino_bridge/prefix_override:/usr/lib/python3/dist-packages/colcon_core/task/python/colcon_distutils_commands:/root/Dojo/install/arduino_bridge/lib/python3.10/site-packages:${PYTHONPATH} /usr/bin/python3 -W ignore:setup.py install is deprecated -W ignore:easy_install command is deprecated setup.py develop --editable --build-directory /root/Dojo/build/arduino_bridge/build --no-deps symlink_data
[1.220s] running develop
[1.435s] running egg_info
[1.435s] creating arduino_bridge.egg-info
[1.448s] writing arduino_bridge.egg-info/PKG-INFO
[1.448s] writing dependency_links to arduino_bridge.egg-info/dependency_links.txt
[1.448s] writing entry points to arduino_bridge.egg-info/entry_points.txt
[1.448s] writing requirements to arduino_bridge.egg-info/requires.txt
[1.448s] writing top-level names to arduino_bridge.egg-info/top_level.txt
[1.448s] writing manifest file 'arduino_bridge.egg-info/SOURCES.txt'
[1.475s] reading manifest file 'arduino_bridge.egg-info/SOURCES.txt'
[1.476s] writing manifest file 'arduino_bridge.egg-info/SOURCES.txt'
[1.490s] running build_ext
[1.490s] Creating /root/Dojo/install/arduino_bridge/lib/python3.10/site-packages/arduino-bridge.egg-link (link to .)
[1.491s] Installing arduino_bridge_node script to /root/Dojo/install/arduino_bridge/lib/arduino_bridge
[1.491s] Installing test_arduino_bridge script to /root/Dojo/install/arduino_bridge/lib/arduino_bridge
[1.492s] 
[1.492s] Installed /root/Dojo/build/arduino_bridge
[1.492s] running symlink_data
[1.492s] creating /root/Dojo/install/arduino_bridge/share/ament_index
[1.492s] creating /root/Dojo/install/arduino_bridge/share/ament_index/resource_index
[1.492s] creating /root/Dojo/install/arduino_bridge/share/ament_index/resource_index/packages
[1.492s] symbolically linking /root/Dojo/build/arduino_bridge/resource/arduino_bridge -> /root/Dojo/install/arduino_bridge/share/ament_index/resource_index/packages
[1.492s] symbolically linking /root/Dojo/build/arduino_bridge/package.xml -> /root/Dojo/install/arduino_bridge/share/arduino_bridge
[1.493s] creating /root/Dojo/install/arduino_bridge/share/arduino_bridge/launch
[1.493s] symbolically linking /root/Dojo/build/arduino_bridge/launch/arduino_bridge.launch.py -> /root/Dojo/install/arduino_bridge/share/arduino_bridge/launch
[1.493s] symbolically linking /root/Dojo/build/arduino_bridge/launch/test_arduino.launch.py -> /root/Dojo/install/arduino_bridge/share/arduino_bridge/launch
[1.493s] creating /root/Dojo/install/arduino_bridge/share/arduino_bridge/config
[1.493s] symbolically linking /root/Dojo/build/arduino_bridge/config/arduino_bridge_params.yaml -> /root/Dojo/install/arduino_bridge/share/arduino_bridge/config
[1.534s] Invoked command in '/root/Dojo/build/arduino_bridge' returned '0': PYTHONPATH=/root/Dojo/build/arduino_bridge/prefix_override:/usr/lib/python3/dist-packages/colcon_core/task/python/colcon_distutils_commands:/root/Dojo/install/arduino_bridge/lib/python3.10/site-packages:${PYTHONPATH} /usr/bin/python3 -W ignore:setup.py install is deprecated -W ignore:easy_install command is deprecated setup.py develop --editable --build-directory /root/Dojo/build/arduino_bridge/build --no-deps symlink_data
