[0.079s] Invoking command in '/home/robosync/Robot/camera_ws/build/libcamera': /home/robosync/.local/bin/meson setup --libdir=lib --prefix=/home/robosync/Robot/camera_ws/install/libcamera --buildtype=release /home/robosync/Robot/camera_ws/build/libcamera /home/robosync/Robot/camera_ws/src/libcamera
[1.329s] [1mThe Meson build system[0m
[1.329s] Version: 1.9.0
[1.330s] Source dir: [1m/home/robosync/Robot/camera_ws/src/libcamera[0m
[1.330s] Build dir: [1m/home/robosync/Robot/camera_ws/build/libcamera[0m
[1.331s] Build type: [1mnative build[0m
[1.469s] Project name: [1mlibcamera[0m
[1.470s] Project version: [1m0.5.2[0m
[2.409s] C compiler for the host machine: [1mcc[0m (gcc 11.4.0 "cc (Ubuntu 11.4.0-1ubuntu1~22.04.2) 11.4.0")
[2.410s] C linker for the host machine: [1mcc[0m ld.bfd 2.38
[3.884s] C++ compiler for the host machine: [1mc++[0m (gcc 11.4.0 "c++ (Ubuntu 11.4.0-1ubuntu1~22.04.2) 11.4.0")
[3.885s] C++ linker for the host machine: [1mc++[0m ld.bfd 2.38
[4.720s] Host machine cpu family: [1maarch64[0m
[4.721s] Host machine cpu: [1maarch64[0m
[6.230s] Header "[1munistd.h[0m" has symbol "[1mclose_range[0m" : [1;32mYES[0m 
[6.338s] Header "[1mfcntl.h[0m" has symbol "[1mF_ADD_SEALS[0m" : [1;32mYES[0m 
[6.406s] Header "[1munistd.h[0m" has symbol "[1missetugid[0m" : [1;31mNO[0m 
[6.497s] Header "[1mlocale.h[0m" has symbol "[1mlocale_t[0m" : [1;32mYES[0m 
[6.598s] Header "[1msys/mman.h[0m" has symbol "[1mmemfd_create[0m" : [1;32mYES[0m 
[6.793s] Header "[1mstdlib.h[0m" has symbol "[1msecure_getenv[0m" : [1;32mYES[0m 
[6.834s] Compiler for C supports arguments -Wno-c99-designator: [1;31mNO[0m 
[6.906s] Found pkg-config: [1;32mYES[0m [1m(/usr/bin/pkg-config)[0m [1;34m0.29.2[0m
[7.714s] Run-time dependency [1mlttng-ust[0m found: [1;32mYES[0m [36m2.13.1[0m
[7.758s] Program [1m./parser.py[0m found: [1;32mYES[0m (/home/robosync/Robot/camera_ws/src/libcamera/utils/codegen/ipc/./parser.py)
[7.759s] Program [1m./generate.py[0m found: [1;32mYES[0m (/home/robosync/Robot/camera_ws/src/libcamera/utils/codegen/ipc/./generate.py)
[7.761s] Program [1m./extract-docs.py[0m found: [1;32mYES[0m (/home/robosync/Robot/camera_ws/src/libcamera/utils/codegen/ipc/./extract-docs.py)
[7.991s] Configuring [1mversion.h[0m using configuration
[8.022s] Program [1mopenssl[0m found: [1;32mYES[0m (/usr/bin/openssl)
[8.231s] Found CMake: [1m/usr/bin/cmake[0m (3.22.1)
[10.588s] Run-time dependency [1mlibyuv[0m found: [1;31mNO[0m (tried pkgconfig and cmake)
[10.705s] Has header "[1mlibyuv.h[0m" : [1;31mNO[0m 
[10.930s] Library [1matomic[0m found: [1;32mYES[0m
[10.940s] Run-time dependency [1mthreads[0m found: [1;32mYES[0m
[10.997s] Run-time dependency [1mlibdw[0m found: [1;32mYES[0m [36m0.186[0m
[11.028s] Run-time dependency [1mlibunwind[0m found: [1;32mYES[0m [36m1.3.2[0m
[11.125s] Header "[1mexecinfo.h[0m" has symbol "[1mbacktrace[0m" : [1;32mYES[0m 
[11.369s] Library [1mrt[0m found: [1;32mYES[0m
[11.410s] Run-time dependency [1mlibpisp[0m found: [1;32mYES[0m [36m1.2.1[0m
[11.695s] Run-time dependency [1mdl[0m found: [1;32mYES[0m
[11.728s] Run-time dependency [1mlibudev[0m found: [1;32mYES[0m [36m249[0m
[11.761s] Run-time dependency [1myaml-0.1[0m found: [1;32mYES[0m [36m0.2.2[0m
[11.800s] Run-time dependency [1mgnutls[0m found: [1;32mYES[0m [36m3.7.3[0m
[11.889s] Dependency [1mlibexif[0m skipped: feature [1mandroid[0m disabled
[11.890s] Dependency [1mlibjpeg[0m skipped: feature [1mandroid[0m disabled
[12.188s] Run-time dependency [1mlibevent_pthreads[0m found: [1;32mYES[0m [36m2.1.12-stable[0m
[12.223s] Run-time dependency [1mlibtiff-4[0m found: [1;32mYES[0m [36m4.3.0[0m
[12.296s] Run-time dependency [1mGTest[0m found: [1;32mYES[0m [36m1.11.0[0m
[12.358s] Run-time dependency [1mlibdrm[0m found: [1;32mYES[0m [36m2.4.113[0m
[12.392s] Run-time dependency [1mlibjpeg[0m found: [1;32mYES[0m [36m2.1.2[0m
[12.430s] Run-time dependency [1msdl2[0m found: [1;32mYES[0m [36m2.0.20[0m
[12.474s] Run-time dependency [1mqt6[0m (modules: Core, Gui, OpenGL, OpenGLWidgets, Widgets) found: [1;31mNO[0m (tried pkgconfig)
[12.546s] Run-time dependency [1mglib-2.0[0m found: [1;32mYES[0m [36m2.72.4[0m
[12.635s] Run-time dependency [1mgstreamer-video-1.0[0m found: [1;32mYES[0m [36m1.20.1[0m
[12.674s] Run-time dependency [1mgstreamer-allocators-1.0[0m found: [1;32mYES[0m [36m1.20.1[0m
[12.869s] Program python3 found: [1;32mYES[0m (/usr/bin/python3)
[12.881s] [1mpybind11-config[0m found: [1;31mNO[0m
[14.521s] Run-time dependency [1mpybind11[0m found: [1;32mYES[0m [36m2.9.1[0m
[14.581s] Run-time dependency [1mpython[0m found: [1;32mYES[0m [36m3.10[0m
[14.623s] Configuring [1mlibcamerify[0m using configuration
[14.665s] Program [1mdoxygen[0m found: [1;31mNO[0m
[14.667s] Program [1mdot[0m found: [1;32mYES[0m (/usr/bin/dot)
[14.670s] Program [1msphinx-build-3 sphinx-build[0m found: [1;31mNO[0m
[14.733s] Configuring [1mconfig.h[0m using configuration
[15.567s] Build targets in project: [1m78[0m
[15.568s] 
[15.569s] libcamera [36m0.5.2[0m
[15.569s] 
[15.570s]   [1mVersions[0m
[15.571s]     Sources                  : 0.5.2+46-67220496
[15.571s] 
[15.571s]   [1mPaths[0m
[15.572s]     LIBCAMERA_DATA_DIR       : "/home/robosync/Robot/camera_ws/install/libcamera/share/libcamera"
[15.572s]     LIBCAMERA_SYSCONF_DIR    : "/home/robosync/Robot/camera_ws/install/libcamera/etc/libcamera"
[15.573s]     IPA_PROXY_DIR            : "/home/robosync/Robot/camera_ws/install/libcamera/libexec/libcamera"
[15.573s]     IPA_CONFIG_DIR           : "/home/robosync/Robot/camera_ws/install/libcamera/etc/libcamera/ipa:/home/robosync/Robot/camera_ws/install/libcamera/share/libcamera/ipa"
[15.573s]     IPA_MODULE_DIR           : "/home/robosync/Robot/camera_ws/install/libcamera/lib/libcamera/ipa"
[15.574s] 
[15.574s]   [1mConfiguration[0m
[15.574s]     SoftISP support          : true
[15.575s]     IPA modules signed with  : gnutls
[15.575s]     Enabled pipelines        : imx8-isi
[15.575s]                                mali-c55
[15.576s]                                rkisp1
[15.576s]                                rpi/pisp
[15.577s]                                rpi/vc4
[15.577s]                                simple
[15.577s]                                uvcvideo
[15.578s]     Enabled IPA modules      : mali-c55
[15.578s]                                rkisp1
[15.579s]                                rpi/pisp
[15.579s]                                rpi/vc4
[15.579s]                                simple
[15.580s]     Controls files           : control_ids_core.yaml
[15.581s]                                control_ids_debug.yaml
[15.581s]                                control_ids_draft.yaml
[15.581s]                                control_ids_rpi.yaml
[15.582s]     Properties files         : property_ids_draft.yaml
[15.582s]                                property_ids_core.yaml
[15.582s]     Hotplug support          : [1;32mYES[0m
[15.582s]     Tracing support          : [1;32mYES[0m
[15.583s]     Android support          : [1;31mNO[0m
[15.583s]     GStreamer support        : [1;32mYES[0m
[15.583s]     Python bindings          : [1;32mYES[0m
[15.583s]     V4L2 emulation support   : [1;32mYES[0m
[15.584s]     cam application          : [1;32mYES[0m
[15.584s]     qcam application         : [1;31mNO[0m
[15.584s]     lc-compliance application: [1;32mYES[0m
[15.584s]     Unit tests               : [1;31mNO[0m
[15.585s] 
[15.585s]   [1mUser defined options[0m
[15.585s]     buildtype                : release
[15.585s]     libdir                   : lib
[15.586s]     prefix                   : /home/robosync/Robot/camera_ws/install/libcamera
[15.586s] 
[15.656s] Found ninja-1.13.0.git.kitware.jobserver-pipe-1 at /home/robosync/.local/bin/ninja
[17.030s] Invoked command in '/home/robosync/Robot/camera_ws/build/libcamera' returned '0': /home/robosync/.local/bin/meson setup --libdir=lib --prefix=/home/robosync/Robot/camera_ws/install/libcamera --buildtype=release /home/robosync/Robot/camera_ws/build/libcamera /home/robosync/Robot/camera_ws/src/libcamera
[17.033s] Invoking command in '/home/robosync/Robot/camera_ws/build/libcamera': /home/robosync/.local/bin/meson compile
[18.117s] [1;32mINFO:[0m autodetecting backend as ninja
[18.131s] [1;32mINFO:[0m calculating backend command to run: /home/robosync/.local/bin/ninja
[18.173s] 
[18.178s] [0/314] Generating include/libcamera/ipa/core_mojom_module with a custom command (wrapped by meson to set env)[K
[18.181s] [0/314] Generating utils/codegen/ipc/mojom_templates with a custom command (wrapped by meson to set env)[K
[18.190s] [0/314] Generating include/libcamera/control_ids_rpi.yaml_h with a custom command (wrapped by meson to set env)[K
[18.207s] [0/314] Generating include/libcamera/property_ids_core.yaml_h with a custom command (wrapped by meson to set env)[K
[18.217s] [0/314] Generating include/libcamera/formats_h with a custom command[K
[19.565s] [0/314] Generating src/ipa-priv-key with a custom command[K
[19.565s] [1/314] Generating include/libcamera/formats_h with a custom command[K
[20.890s] [1/314] Compiling C++ object src/libcamera/base/libcamera-base.so.0.5.2.p/bound_method.cpp.o[K
[20.891s] [2/314] Generating include/libcamera/property_ids_core.yaml_h with a custom command (wrapped by meson to set env)[K
[21.781s] [2/314] Compiling C++ object src/libcamera/base/libcamera-base.so.0.5.2.p/class.cpp.o[K
[21.782s] [3/314] Generating include/libcamera/control_ids_rpi.yaml_h with a custom command (wrapped by meson to set env)[K
[22.106s] [3/314] Compiling C++ object src/libcamera/base/libcamera-base.so.0.5.2.p/flags.cpp.o[K
[22.107s] [4/314] Generating include/libcamera/ipa/core_mojom_module with a custom command (wrapped by meson to set env)[K
[22.418s] [4/314] Generating include/libcamera/ipa/mali-c55_mojom_module with a custom command (wrapped by meson to set env)[K
[22.421s] [5/314] Compiling C++ object src/libcamera/base/libcamera-base.so.0.5.2.p/flags.cpp.o[K
[22.730s] [5/314] Generating include/libcamera/ipa/rkisp1_mojom_module with a custom command (wrapped by meson to set env)[K
[22.741s] [6/314] Compiling C++ object src/libcamera/base/libcamera-base.so.0.5.2.p/class.cpp.o[K
[23.503s] [6/314] Generating include/libcamera/ipa/raspberrypi_mojom_module with a custom command (wrapped by meson to set env)[K
[23.505s] [7/314] Generating utils/codegen/ipc/mojom_templates with a custom command (wrapped by meson to set env)[K
[23.997s] [7/314] Generating include/libcamera/ipa/soft_mojom_module with a custom command (wrapped by meson to set env)[K
[23.998s] [8/314] Generating src/ipa-priv-key with a custom command[K
[23.998s] ....+.+...+...........+++++++++++++++++++++++++++++++++++++++++++++++++++++++++++++++++*...+....+++++++++++++++++++++++++++++++++++++++++++++++++++++++++++++++++*...+..+.......+...+...+.........+...+........+......+.+.................+......+++++++++++++++++++++++++++++++++++++++++++++++++++++++++++++++++
[23.999s] ..+...+......+...............+.+.................+............+...+.+..+....+...+......+..............+......+.+......+............+.....+.......+......+...+.....+.......+.........+.....+.............+...+++++++++++++++++++++++++++++++++++++++++++++++++++++++++++++++++*....+..+....+.....+...+................+......+.....+.+..+.+.....+.......+...+..+++++++++++++++++++++++++++++++++++++++++++++++++++++++++++++++++*...+........+...+...+....+...+........+......+..........+........+.............+.........+.........+.....+..........+......+........+............+......+...+......+......+.......+..+......+..........+..+.+.....+.+.....+.+........+.......+...+.........+.....+...+..........+...............+..+...+.............+..+..........+...+......+..............+.+.....+...+.+......+......+.........+......+.....+...+.......+...+.........+............+...+...+..+...............+.+............+...+..+.........+.............+..+......+...............+....+...+..+..........+...+........+...+..........+.....+.........+...+.......+..+.+........+...................+......+......+...............+......+...+...............+..............+.+.....+.+........+..................+.......+...+...+.........+......+..+...+....+............+.....+.+..+.+...........+....+.....+....+.....+......+.......+...+.................+.............+..+....+...+...+..+.......+.....+.+........+.+........+.+..+..........+............+..+.........+....+..+......+.......+............+...+.....+...+...+.+......+.................+.+..+...+....+..+...+.......+.....+.+.....+............+...+............+...+.............+...............+............+..+.+..+.........+.........+....+....................+.......+...+..+...+.+.....+....+......+..+...+....+..+....+.....+................+...........+...+.+...+..+....+..+........................+...+......+.......+...............+...+......+.....+...+...+...............+.............+..+.........+++++++++++++++++++++++++++++++++++++++++++++++++++++++++++++++++
[24.000s] 
[24.893s] [8/314] Compiling C++ object src/libcamera/base/libcamera-base.so.0.5.2.p/object.cpp.o[K
[24.896s] [9/314] Generating include/libcamera/ipa/rkisp1_mojom_module with a custom command (wrapped by meson to set env)[K
[24.951s] [9/314] Compiling C++ object src/libcamera/base/libcamera-base.so.0.5.2.p/shared_fd.cpp.o[K
[24.956s] [10/314] Generating include/libcamera/ipa/mali-c55_mojom_module with a custom command (wrapped by meson to set env)[K
[25.105s] [10/314] Compiling C++ object src/libcamera/base/libcamera-base.so.0.5.2.p/signal.cpp.o[K
[25.107s] [11/314] Generating include/libcamera/ipa/raspberrypi_mojom_module with a custom command (wrapped by meson to set env)[K
[26.307s] [11/314] Compiling C++ object src/libcamera/base/libcamera-base.so.0.5.2.p/unique_fd.cpp.o[K
[26.310s] [12/314] Generating include/libcamera/ipa/soft_mojom_module with a custom command (wrapped by meson to set env)[K
[29.296s] [12/314] Compiling C++ object src/libcamera/base/libcamera-base.so.0.5.2.p/backtrace.cpp.o[K
[29.300s] [13/314] Compiling C++ object src/libcamera/base/libcamera-base.so.0.5.2.p/bound_method.cpp.o[K
[31.193s] [13/314] Compiling C++ object src/libcamera/base/libcamera-base.so.0.5.2.p/event_dispatcher.cpp.o[K
[31.195s] [14/314] Compiling C++ object src/libcamera/base/libcamera-base.so.0.5.2.p/unique_fd.cpp.o[K
[31.607s] [14/314] Compiling C++ object src/libcamera/base/libcamera-base.so.0.5.2.p/event_dispatcher_poll.cpp.o[K
[31.609s] [15/314] Compiling C++ object src/libcamera/base/libcamera-base.so.0.5.2.p/signal.cpp.o[K
[33.004s] [15/314] Compiling C++ object src/libcamera/base/libcamera-base.so.0.5.2.p/event_notifier.cpp.o[K
[33.013s] [16/314] Compiling C++ object src/libcamera/base/libcamera-base.so.0.5.2.p/shared_fd.cpp.o[K
[34.633s] [16/314] Compiling C++ object src/libcamera/base/libcamera-base.so.0.5.2.p/file.cpp.o[K
[34.637s] [17/314] Compiling C++ object src/libcamera/base/libcamera-base.so.0.5.2.p/object.cpp.o[K
[36.799s] [17/314] Compiling C++ object src/libcamera/base/libcamera-base.so.0.5.2.p/log.cpp.o[K
[36.801s] [18/314] Compiling C++ object src/libcamera/base/libcamera-base.so.0.5.2.p/event_dispatcher.cpp.o[K
[39.041s] [18/314] Compiling C++ object src/libcamera/base/libcamera-base.so.0.5.2.p/memfd.cpp.o[K
[39.043s] [19/314] Compiling C++ object src/libcamera/base/libcamera-base.so.0.5.2.p/backtrace.cpp.o[K
[41.528s] [19/314] Compiling C++ object src/libcamera/base/libcamera-base.so.0.5.2.p/message.cpp.o[K
[41.531s] [20/314] Compiling C++ object src/libcamera/base/libcamera-base.so.0.5.2.p/event_notifier.cpp.o[K
[43.874s] [20/314] Compiling C++ object src/libcamera/base/libcamera-base.so.0.5.2.p/mutex.cpp.o[K
[43.876s] [21/314] Compiling C++ object src/libcamera/base/libcamera-base.so.0.5.2.p/file.cpp.o[K
[45.398s] [21/314] Compiling C++ object src/libcamera/base/libcamera-base.so.0.5.2.p/semaphore.cpp.o[K
[45.400s] [22/314] Compiling C++ object src/libcamera/base/libcamera-base.so.0.5.2.p/mutex.cpp.o[K
[45.492s] [22/314] Compiling C++ object src/libcamera/base/libcamera-base.so.0.5.2.p/thread.cpp.o[K
[45.494s] [23/314] Compiling C++ object src/libcamera/base/libcamera-base.so.0.5.2.p/event_dispatcher_poll.cpp.o[K
[45.632s] [23/314] Compiling C++ object src/libcamera/base/libcamera-base.so.0.5.2.p/timer.cpp.o[K
[45.633s] [24/314] Compiling C++ object src/libcamera/base/libcamera-base.so.0.5.2.p/message.cpp.o[K
[46.544s] [24/314] Compiling C++ object src/libcamera/base/libcamera-base.so.0.5.2.p/utils.cpp.o[K
[46.546s] [25/314] Compiling C++ object src/libcamera/base/libcamera-base.so.0.5.2.p/memfd.cpp.o[K
[46.894s] [25/314] Generating include/libcamera/internal/tp_header with a custom command[K
[46.896s] [26/314] Compiling C++ object src/libcamera/base/libcamera-base.so.0.5.2.p/semaphore.cpp.o[K
[47.400s] [26/314] Generating include/libcamera/ipa/core_ipa_interface_h with a custom command (wrapped by meson to set env)[K
[47.403s] [27/314] Generating include/libcamera/internal/tp_header with a custom command[K
[50.323s] [27/314] Generating include/libcamera/ipa/core_ipa_serializer_h with a custom command (wrapped by meson to set env)[K
[50.324s] [28/314] Generating include/libcamera/ipa/core_ipa_interface_h with a custom command (wrapped by meson to set env)[K
[51.348s] [28/314] Generating include/libcamera/ipa/mali-c55_ipa_interface_h with a custom command (wrapped by meson to set env)[K
[51.349s] [29/314] Generating include/libcamera/ipa/core_ipa_serializer_h with a custom command (wrapped by meson to set env)[K
[53.489s] [29/314] Generating include/libcamera/ipa/mali-c55_ipa_serializer_h with a custom command (wrapped by meson to set env)[K
[53.491s] [30/314] Generating include/libcamera/ipa/mali-c55_ipa_interface_h with a custom command (wrapped by meson to set env)[K
[55.430s] [30/314] Generating include/libcamera/ipa/mali-c55_proxy_h with a custom command (wrapped by meson to set env)[K
[55.433s] [31/314] Generating include/libcamera/ipa/mali-c55_ipa_serializer_h with a custom command (wrapped by meson to set env)[K
[55.977s] [31/314] Generating include/libcamera/ipa/rkisp1_ipa_interface_h with a custom command (wrapped by meson to set env)[K
[55.979s] [32/314] Generating include/libcamera/ipa/mali-c55_proxy_h with a custom command (wrapped by meson to set env)[K
[56.270s] [32/314] Generating include/libcamera/ipa/rkisp1_ipa_serializer_h with a custom command (wrapped by meson to set env)[K
[56.272s] [33/314] Compiling C++ object src/libcamera/base/libcamera-base.so.0.5.2.p/timer.cpp.o[K
[56.294s] [33/314] Generating include/libcamera/ipa/rkisp1_proxy_h with a custom command (wrapped by meson to set env)[K
[56.301s] [34/314] Compiling C++ object src/libcamera/base/libcamera-base.so.0.5.2.p/log.cpp.o[K
[57.644s] [34/314] Generating include/libcamera/ipa/raspberrypi_ipa_interface_h with a custom command (wrapped by meson to set env)[K
[57.646s] [35/314] Generating include/libcamera/ipa/rkisp1_ipa_interface_h with a custom command (wrapped by meson to set env)[K
[58.214s] [35/314] Generating include/libcamera/ipa/raspberrypi_ipa_serializer_h with a custom command (wrapped by meson to set env)[K
[58.216s] [36/314] Generating include/libcamera/ipa/rkisp1_proxy_h with a custom command (wrapped by meson to set env)[K
[58.612s] [36/314] Generating include/libcamera/ipa/raspberrypi_proxy_h with a custom command (wrapped by meson to set env)[K
[58.614s] [37/314] Generating include/libcamera/ipa/rkisp1_ipa_serializer_h with a custom command (wrapped by meson to set env)[K
[58.755s] [37/314] Generating include/libcamera/ipa/soft_ipa_interface_h with a custom command (wrapped by meson to set env)[K
[58.757s] [38/314] Compiling C++ object src/libcamera/base/libcamera-base.so.0.5.2.p/utils.cpp.o[K
[59.440s] [38/314] Generating include/libcamera/ipa/soft_ipa_serializer_h with a custom command (wrapped by meson to set env)[K
[59.442s] [39/314] Generating include/libcamera/ipa/raspberrypi_ipa_interface_h with a custom command (wrapped by meson to set env)[K
[60.030s] [39/314] Generating include/libcamera/ipa/soft_proxy_h with a custom command (wrapped by meson to set env)[K
[60.041s] [40/314] Generating include/libcamera/ipa/raspberrypi_ipa_serializer_h with a custom command (wrapped by meson to set env)[K
[60.386s] [40/314] Generating include/libcamera/gen-header with a custom command[K
[60.388s] [41/314] Compiling C++ object src/libcamera/base/libcamera-base.so.0.5.2.p/thread.cpp.o[K
[60.543s] [41/314] Linking target src/libcamera/base/libcamera-base.so.0.5.2[K
[60.548s] [42/314] Generating include/libcamera/gen-header with a custom command[K
[60.650s] [42/314] Generating src/libcamera/proxy/mali-c55_proxy_cpp with a custom command (wrapped by meson to set env)[K
[60.652s] [43/314] Generating include/libcamera/ipa/raspberrypi_proxy_h with a custom command (wrapped by meson to set env)[K
[61.020s] [43/314] Generating src/libcamera/proxy/rkisp1_proxy_cpp with a custom command (wrapped by meson to set env)[K
[61.023s] [44/314] Linking target src/libcamera/base/libcamera-base.so.0.5.2[K
[61.222s] [44/314] Generating src/libcamera/proxy/raspberrypi_proxy_cpp with a custom command (wrapped by meson to set env)[K
[61.225s] [45/314] Generating include/libcamera/ipa/soft_ipa_interface_h with a custom command (wrapped by meson to set env)[K
[61.394s] [45/314] Generating src/libcamera/proxy/soft_proxy_cpp with a custom command (wrapped by meson to set env)[K
[61.396s] [46/314] Generating include/libcamera/ipa/soft_ipa_serializer_h with a custom command (wrapped by meson to set env)[K
[61.842s] [46/314] Generating src/libcamera/controls_ids_cpp with a custom command (wrapped by meson to set env)[K
[61.846s] [47/314] Generating include/libcamera/ipa/soft_proxy_h with a custom command (wrapped by meson to set env)[K
[62.146s] [47/314] Generating src/libcamera/properties_ids_cpp with a custom command (wrapped by meson to set env)[K
[62.148s] [48/314] Generating src/libcamera/proxy/rkisp1_proxy_cpp with a custom command (wrapped by meson to set env)[K
[62.382s] [48/314] Generating src/libcamera/version.cpp with a custom command[K
[62.382s] [49/314] Generating src/libcamera/proxy/mali-c55_proxy_cpp with a custom command (wrapped by meson to set env)[K
[63.008s] [49/314] Generating src/libcamera/ipa_pub_key_cpp with a custom command[K
[63.010s] [50/314] Generating src/libcamera/ipa_pub_key_cpp with a custom command[K
[63.010s] writing RSA key
[63.011s] 
[63.719s] [50/314] Generating symbol file src/libcamera/base/libcamera-base.so.0.5.2.p/libcamera-base.so.0.5.2.symbols[K
[63.720s] [51/314] Generating src/libcamera/proxy/raspberrypi_proxy_cpp with a custom command (wrapped by meson to set env)[K
[63.927s] [51/314] Compiling C++ object src/libcamera/libcamera.so.0.5.2.p/meson-generated_.._proxy_mali-c55_ipa_proxy.cpp.o[K
[63.928s] [52/314] Generating src/libcamera/proxy/soft_proxy_cpp with a custom command (wrapped by meson to set env)[K
[64.413s] [52/314] Compiling C++ object src/libcamera/libcamera.so.0.5.2.p/meson-generated_.._proxy_rkisp1_ipa_proxy.cpp.o[K
[64.415s] [53/314] Generating src/libcamera/version.cpp with a custom command[K
[64.661s] [53/314] Compiling C++ object src/libcamera/libcamera.so.0.5.2.p/meson-generated_.._version.cpp.o[K
[64.663s] [54/314] Generating src/libcamera/properties_ids_cpp with a custom command (wrapped by meson to set env)[K
[64.852s] [54/314] Compiling C++ object src/libcamera/libcamera.so.0.5.2.p/meson-generated_.._property_ids.cpp.o[K
[64.853s] [55/314] Generating src/libcamera/controls_ids_cpp with a custom command (wrapped by meson to set env)[K
[67.015s] [55/314] Compiling C++ object src/libcamera/libcamera.so.0.5.2.p/meson-generated_.._control_ids.cpp.o[K
[67.021s] [56/314] Generating symbol file src/libcamera/base/libcamera-base.so.0.5.2.p/libcamera-base.so.0.5.2.symbols[K
[71.369s] [56/314] Compiling C++ object src/libcamera/libcamera.so.0.5.2.p/meson-generated_.._proxy_raspberrypi_ipa_proxy.cpp.o[K
[71.370s] [57/314] Compiling C++ object src/libcamera/libcamera.so.0.5.2.p/meson-generated_.._version.cpp.o[K
[78.664s] [57/314] Compiling C++ object src/libcamera/libcamera.so.0.5.2.p/meson-generated_.._proxy_soft_ipa_proxy.cpp.o[K
[78.665s] [58/314] Compiling C++ object src/libcamera/libcamera.so.0.5.2.p/meson-generated_.._property_ids.cpp.o[K
[90.895s] [58/314] Compiling C++ object src/libcamera/libcamera.so.0.5.2.p/meson-generated_.._ipa_pub_key.cpp.o[K
[90.897s] [59/314] Compiling C++ object src/libcamera/libcamera.so.0.5.2.p/meson-generated_.._ipa_pub_key.cpp.o[K
[92.951s] [59/314] Compiling C++ object src/libcamera/libcamera.so.0.5.2.p/camera.cpp.o[K
[92.953s] [60/314] Compiling C++ object src/libcamera/libcamera.so.0.5.2.p/meson-generated_.._control_ids.cpp.o[K
[103.110s] [60/314] Compiling C++ object src/libcamera/libcamera.so.0.5.2.p/camera_manager.cpp.o[K
[103.112s] [61/314] Compiling C++ object src/libcamera/libcamera.so.0.5.2.p/meson-generated_.._proxy_rkisp1_ipa_proxy.cpp.o[K
[105.828s] [61/314] Compiling C++ object src/libcamera/libcamera.so.0.5.2.p/color_space.cpp.o[K
[105.830s] [62/314] Compiling C++ object src/libcamera/libcamera.so.0.5.2.p/meson-generated_.._proxy_mali-c55_ipa_proxy.cpp.o[K
[111.879s] [62/314] Compiling C++ object src/libcamera/libcamera.so.0.5.2.p/controls.cpp.o[K
[111.881s] [63/314] Compiling C++ object src/libcamera/libcamera.so.0.5.2.p/camera_manager.cpp.o[K
[113.041s] [63/314] Compiling C++ object src/libcamera/libcamera.so.0.5.2.p/fence.cpp.o[K
[113.043s] [64/314] Compiling C++ object src/libcamera/libcamera.so.0.5.2.p/meson-generated_.._proxy_raspberrypi_ipa_proxy.cpp.o[K
[114.673s] [64/314] Compiling C++ object src/libcamera/libcamera.so.0.5.2.p/framebuffer.cpp.o[K
[114.675s] [65/314] Compiling C++ object src/libcamera/libcamera.so.0.5.2.p/fence.cpp.o[K
[114.690s] [65/314] Compiling C++ object src/libcamera/libcamera.so.0.5.2.p/framebuffer_allocator.cpp.o[K
[114.692s] [66/314] Compiling C++ object src/libcamera/libcamera.so.0.5.2.p/meson-generated_.._proxy_soft_ipa_proxy.cpp.o[K
[122.272s] [66/314] Compiling C++ object src/libcamera/libcamera.so.0.5.2.p/geometry.cpp.o[K
[122.274s] [67/314] Compiling C++ object src/libcamera/libcamera.so.0.5.2.p/color_space.cpp.o[K
[123.001s] [67/314] Compiling C++ object src/libcamera/libcamera.so.0.5.2.p/orientation.cpp.o[K
[123.002s] [68/314] Compiling C++ object src/libcamera/libcamera.so.0.5.2.p/framebuffer.cpp.o[K
[125.675s] [68/314] Compiling C++ object src/libcamera/libcamera.so.0.5.2.p/pixel_format.cpp.o[K
[125.676s] [69/314] Compiling C++ object src/libcamera/libcamera.so.0.5.2.p/geometry.cpp.o[K
[126.842s] [69/314] Compiling C++ object src/libcamera/libcamera.so.0.5.2.p/request.cpp.o[K
[126.842s] [70/314] Compiling C++ object src/libcamera/libcamera.so.0.5.2.p/controls.cpp.o[K
[126.928s] [70/314] Compiling C++ object src/libcamera/libcamera.so.0.5.2.p/stream.cpp.o[K
[126.930s] [71/314] Compiling C++ object src/libcamera/libcamera.so.0.5.2.p/orientation.cpp.o[K
[126.941s] [71/314] Compiling C++ object src/libcamera/libcamera.so.0.5.2.p/transform.cpp.o[K
[126.942s] [72/314] Compiling C++ object src/libcamera/libcamera.so.0.5.2.p/camera.cpp.o[K
[127.774s] [72/314] Compiling C++ object src/libcamera/libcamera.so.0.5.2.p/bayer_format.cpp.o[K
[127.775s] [73/314] Compiling C++ object src/libcamera/libcamera.so.0.5.2.p/framebuffer_allocator.cpp.o[K
[130.443s] [73/314] Compiling C++ object src/libcamera/libcamera.so.0.5.2.p/byte_stream_buffer.cpp.o[K
[130.445s] [74/314] Compiling C++ object src/libcamera/libcamera.so.0.5.2.p/pixel_format.cpp.o[K
[131.619s] [74/314] Compiling C++ object src/libcamera/libcamera.so.0.5.2.p/camera_controls.cpp.o[K
[131.621s] [75/314] Compiling C++ object src/libcamera/libcamera.so.0.5.2.p/transform.cpp.o[K
[136.380s] [75/314] Compiling C++ object src/libcamera/libcamera.so.0.5.2.p/camera_lens.cpp.o[K
[136.382s] [76/314] Compiling C++ object src/libcamera/libcamera.so.0.5.2.p/byte_stream_buffer.cpp.o[K
[137.974s] [76/314] Compiling C++ object src/libcamera/libcamera.so.0.5.2.p/clock_recovery.cpp.o[K
[137.975s] [77/314] Compiling C++ object src/libcamera/libcamera.so.0.5.2.p/bayer_format.cpp.o[K
[138.220s] [77/314] Compiling C++ object src/libcamera/libcamera.so.0.5.2.p/control_serializer.cpp.o[K
[138.222s] [78/314] Compiling C++ object src/libcamera/libcamera.so.0.5.2.p/camera_controls.cpp.o[K
[139.647s] [78/314] Compiling C++ object src/libcamera/libcamera.so.0.5.2.p/control_validator.cpp.o[K
[139.652s] [79/314] Compiling C++ object src/libcamera/libcamera.so.0.5.2.p/stream.cpp.o[K
[140.446s] [79/314] Compiling C++ object src/libcamera/libcamera.so.0.5.2.p/converter.cpp.o[K
[140.448s] [80/314] Compiling C++ object src/libcamera/libcamera.so.0.5.2.p/control_validator.cpp.o[K
[142.594s] [80/314] Compiling C++ object src/libcamera/libcamera.so.0.5.2.p/debug_controls.cpp.o[K
[142.595s] [81/314] Compiling C++ object src/libcamera/libcamera.so.0.5.2.p/camera_lens.cpp.o[K
[145.747s] [81/314] Compiling C++ object src/libcamera/libcamera.so.0.5.2.p/delayed_controls.cpp.o[K
[145.749s] [82/314] Compiling C++ object src/libcamera/libcamera.so.0.5.2.p/clock_recovery.cpp.o[K
[149.089s] [82/314] Compiling C++ object src/libcamera/libcamera.so.0.5.2.p/device_enumerator.cpp.o[K
[149.091s] [83/314] Compiling C++ object src/libcamera/libcamera.so.0.5.2.p/request.cpp.o[K
[152.036s] [83/314] Compiling C++ object src/libcamera/libcamera.so.0.5.2.p/device_enumerator_sysfs.cpp.o[K
[152.038s] [84/314] Compiling C++ object src/libcamera/libcamera.so.0.5.2.p/debug_controls.cpp.o[K
[154.438s] [84/314] Compiling C++ object src/libcamera/libcamera.so.0.5.2.p/dma_buf_allocator.cpp.o[K
[154.439s] [85/314] Compiling C++ object src/libcamera/libcamera.so.0.5.2.p/converter.cpp.o[K
[157.018s] [85/314] Compiling C++ object src/libcamera/libcamera.so.0.5.2.p/formats.cpp.o[K
[157.021s] [86/314] Compiling C++ object src/libcamera/libcamera.so.0.5.2.p/delayed_controls.cpp.o[K
[157.192s] [86/314] Compiling C++ object src/libcamera/libcamera.so.0.5.2.p/ipa_controls.cpp.o[K
[157.194s] [87/314] Compiling C++ object src/libcamera/libcamera.so.0.5.2.p/ipa_controls.cpp.o[K
[159.422s] [87/314] Compiling C++ object src/libcamera/libcamera.so.0.5.2.p/ipa_data_serializer.cpp.o[K
[159.423s] [88/314] Compiling C++ object src/libcamera/libcamera.so.0.5.2.p/device_enumerator.cpp.o[K
[159.568s] [88/314] Compiling C++ object src/libcamera/libcamera.so.0.5.2.p/ipa_interface.cpp.o[K
[159.570s] [89/314] Compiling C++ object src/libcamera/libcamera.so.0.5.2.p/ipa_interface.cpp.o[K
[160.147s] [89/314] Compiling C++ object src/libcamera/libcamera.so.0.5.2.p/ipa_manager.cpp.o[K
[160.149s] [90/314] Compiling C++ object src/libcamera/libcamera.so.0.5.2.p/control_serializer.cpp.o[K
[161.749s] [90/314] Compiling C++ object src/libcamera/libcamera.so.0.5.2.p/ipa_module.cpp.o[K
[161.751s] [91/314] Compiling C++ object src/libcamera/libcamera.so.0.5.2.p/device_enumerator_sysfs.cpp.o[K
[166.126s] [91/314] Compiling C++ object src/libcamera/libcamera.so.0.5.2.p/ipa_proxy.cpp.o[K
[166.128s] [92/314] Compiling C++ object src/libcamera/libcamera.so.0.5.2.p/dma_buf_allocator.cpp.o[K
[173.304s] [92/314] Compiling C++ object src/libcamera/libcamera.so.0.5.2.p/ipc_pipe.cpp.o[K
[173.311s] [93/314] Compiling C++ object src/libcamera/libcamera.so.0.5.2.p/ipa_proxy.cpp.o[K
[173.338s] [93/314] Compiling C++ object src/libcamera/libcamera.so.0.5.2.p/ipc_pipe_unixsocket.cpp.o[K
[173.340s] [94/314] Compiling C++ object src/libcamera/libcamera.so.0.5.2.p/ipa_module.cpp.o[K
[176.255s] [94/314] Compiling C++ object src/libcamera/libcamera.so.0.5.2.p/ipc_unixsocket.cpp.o[K
[176.257s] [95/314] Compiling C++ object src/libcamera/libcamera.so.0.5.2.p/formats.cpp.o[K
[178.346s] [95/314] Compiling C++ object src/libcamera/libcamera.so.0.5.2.p/mapped_framebuffer.cpp.o[K
[178.348s] [96/314] Compiling C++ object src/libcamera/libcamera.so.0.5.2.p/ipc_pipe.cpp.o[K
[178.987s] [96/314] Compiling C++ object src/libcamera/libcamera.so.0.5.2.p/matrix.cpp.o[K
[178.989s] [97/314] Compiling C++ object src/libcamera/libcamera.so.0.5.2.p/ipa_manager.cpp.o[K
[179.131s] [97/314] Compiling C++ object src/libcamera/libcamera.so.0.5.2.p/media_device.cpp.o[K
[179.132s] [98/314] Compiling C++ object src/libcamera/libcamera.so.0.5.2.p/ipa_data_serializer.cpp.o[K
[185.836s] [98/314] Compiling C++ object src/libcamera/libcamera.so.0.5.2.p/media_object.cpp.o[K
[185.838s] [99/314] Compiling C++ object src/libcamera/libcamera.so.0.5.2.p/ipc_unixsocket.cpp.o[K
[188.052s] [99/314] Compiling C++ object src/libcamera/libcamera.so.0.5.2.p/media_pipeline.cpp.o[K
[188.055s] [100/314] Compiling C++ object src/libcamera/libcamera.so.0.5.2.p/mapped_framebuffer.cpp.o[K
[188.820s] [100/314] Compiling C++ object src/libcamera/libcamera.so.0.5.2.p/pipeline_handler.cpp.o[K
[188.823s] [101/314] Compiling C++ object src/libcamera/libcamera.so.0.5.2.p/ipc_pipe_unixsocket.cpp.o[K
[189.831s] [101/314] Compiling C++ object src/libcamera/libcamera.so.0.5.2.p/process.cpp.o[K
[189.832s] [102/314] Compiling C++ object src/libcamera/libcamera.so.0.5.2.p/matrix.cpp.o[K
[190.938s] [102/314] Compiling C++ object src/libcamera/libcamera.so.0.5.2.p/pub_key.cpp.o[K
[190.939s] [103/314] Compiling C++ object src/libcamera/libcamera.so.0.5.2.p/media_object.cpp.o[K
[192.414s] [103/314] Compiling C++ object src/libcamera/libcamera.so.0.5.2.p/shared_mem_object.cpp.o[K
[192.415s] [104/314] Compiling C++ object src/libcamera/libcamera.so.0.5.2.p/media_device.cpp.o[K
[194.014s] [104/314] Compiling C++ object src/libcamera/libcamera.so.0.5.2.p/source_paths.cpp.o[K
[194.016s] [105/314] Compiling C++ object src/libcamera/libcamera.so.0.5.2.p/pub_key.cpp.o[K
[196.723s] [105/314] Compiling C++ object src/libcamera/libcamera.so.0.5.2.p/sysfs.cpp.o[K
[196.724s] [106/314] Compiling C++ object src/libcamera/libcamera.so.0.5.2.p/shared_mem_object.cpp.o[K
[199.915s] [106/314] Compiling C++ object src/libcamera/libcamera.so.0.5.2.p/v4l2_device.cpp.o[K
[199.917s] [107/314] Compiling C++ object src/libcamera/libcamera.so.0.5.2.p/source_paths.cpp.o[K
[202.097s] [107/314] Compiling C++ object src/libcamera/libcamera.so.0.5.2.p/v4l2_pixelformat.cpp.o[K
[202.101s] [108/314] Compiling C++ object src/libcamera/libcamera.so.0.5.2.p/sysfs.cpp.o[K
[202.864s] [108/314] Compiling C++ object src/libcamera/libcamera.so.0.5.2.p/v4l2_subdevice.cpp.o[K
[202.866s] [109/314] Compiling C++ object src/libcamera/libcamera.so.0.5.2.p/process.cpp.o[K
[207.726s] [109/314] Compiling C++ object src/libcamera/libcamera.so.0.5.2.p/v4l2_videodevice.cpp.o[K
[207.729s] [110/314] Compiling C++ object src/libcamera/libcamera.so.0.5.2.p/media_pipeline.cpp.o[K
[210.584s] [110/314] Compiling C++ object src/libcamera/libcamera.so.0.5.2.p/vector.cpp.o[K
[210.585s] [111/314] Compiling C++ object src/libcamera/libcamera.so.0.5.2.p/pipeline_handler.cpp.o[K
[215.899s] [111/314] Compiling C++ object src/libcamera/libcamera.so.0.5.2.p/yaml_parser.cpp.o[K
[215.904s] [112/314] Compiling C++ object src/libcamera/libcamera.so.0.5.2.p/v4l2_pixelformat.cpp.o[K
[219.073s] [112/314] Compiling C++ object src/libcamera/libcamera.so.0.5.2.p/converter_converter_v4l2_m2m.cpp.o[K
[219.074s] [113/314] Compiling C++ object src/libcamera/libcamera.so.0.5.2.p/vector.cpp.o[K
[236.233s] [113/314] Compiling C++ object src/libcamera/libcamera.so.0.5.2.p/pipeline_imx8-isi_imx8-isi.cpp.o[K
[236.235s] [114/314] Compiling C++ object src/libcamera/libcamera.so.0.5.2.p/v4l2_device.cpp.o[K
[236.805s] [114/314] Compiling C++ object src/libcamera/libcamera.so.0.5.2.p/pipeline_mali-c55_mali-c55.cpp.o[K
[236.806s] [115/314] Compiling C++ object src/libcamera/libcamera.so.0.5.2.p/yaml_parser.cpp.o[K
[237.578s] [115/314] Compiling C++ object src/libcamera/libcamera.so.0.5.2.p/pipeline_rkisp1_rkisp1.cpp.o[K
[237.579s] [116/314] Compiling C++ object src/libcamera/libcamera.so.0.5.2.p/v4l2_videodevice.cpp.o[K
[240.689s] [116/314] Compiling C++ object src/libcamera/libcamera.so.0.5.2.p/pipeline_rkisp1_rkisp1_path.cpp.o[K
[240.690s] [117/314] Compiling C++ object src/libcamera/libcamera.so.0.5.2.p/converter_converter_v4l2_m2m.cpp.o[K
[256.108s] [117/314] Compiling C++ object src/libcamera/libcamera.so.0.5.2.p/pipeline_rpi_common_delayed_controls.cpp.o[K
[256.109s] [118/314] Compiling C++ object src/libcamera/libcamera.so.0.5.2.p/pipeline_imx8-isi_imx8-isi.cpp.o[K
[256.767s] [118/314] Compiling C++ object src/libcamera/libcamera.so.0.5.2.p/pipeline_rpi_common_pipeline_base.cpp.o[K
[256.771s] [119/314] Compiling C++ object src/libcamera/libcamera.so.0.5.2.p/pipeline_rpi_common_delayed_controls.cpp.o[K
[262.274s] [119/314] Compiling C++ object src/libcamera/libcamera.so.0.5.2.p/pipeline_rpi_common_rpi_stream.cpp.o[K
[262.276s] [120/314] Compiling C++ object src/libcamera/libcamera.so.0.5.2.p/pipeline_rkisp1_rkisp1_path.cpp.o[K
[273.981s] [120/314] Compiling C++ object src/libcamera/libcamera.so.0.5.2.p/pipeline_rpi_pisp_pisp.cpp.o[K
[273.982s] [121/314] Compiling C++ object src/libcamera/libcamera.so.0.5.2.p/pipeline_rpi_common_rpi_stream.cpp.o[K
[274.293s] [121/314] Compiling C++ object src/libcamera/libcamera.so.0.5.2.p/pipeline_rpi_vc4_vc4.cpp.o[K
[274.295s] [122/314] Compiling C++ object src/libcamera/libcamera.so.0.5.2.p/v4l2_subdevice.cpp.o[K
[295.501s] [122/314] Compiling C++ object src/libcamera/libcamera.so.0.5.2.p/pipeline_simple_simple.cpp.o[K
[295.502s] [123/314] Compiling C++ object src/libcamera/libcamera.so.0.5.2.p/pipeline_mali-c55_mali-c55.cpp.o[K
[299.310s] [123/314] Compiling C++ object src/libcamera/libcamera.so.0.5.2.p/pipeline_uvcvideo_uvcvideo.cpp.o[K
[299.317s] [124/314] Compiling C++ object src/libcamera/libcamera.so.0.5.2.p/pipeline_rkisp1_rkisp1.cpp.o[K
[312.225s] [124/314] Compiling C++ object src/libcamera/libcamera.so.0.5.2.p/sensor_camera_sensor.cpp.o[K
[312.227s] [125/314] Compiling C++ object src/libcamera/libcamera.so.0.5.2.p/pipeline_rpi_common_pipeline_base.cpp.o[K
[313.026s] [125/314] Compiling C++ object src/libcamera/libcamera.so.0.5.2.p/sensor_camera_sensor_legacy.cpp.o[K
[313.027s] [126/314] Compiling C++ object src/libcamera/libcamera.so.0.5.2.p/sensor_camera_sensor.cpp.o[K
[330.509s] [126/314] Compiling C++ object src/libcamera/libcamera.so.0.5.2.p/sensor_camera_sensor_properties.cpp.o[K
[330.511s] [127/314] Compiling C++ object src/libcamera/libcamera.so.0.5.2.p/pipeline_rpi_vc4_vc4.cpp.o[K
[332.988s] [127/314] Compiling C++ object src/libcamera/libcamera.so.0.5.2.p/sensor_camera_sensor_raw.cpp.o[K
[332.990s] [128/314] Compiling C++ object src/libcamera/libcamera.so.0.5.2.p/pipeline_rpi_pisp_pisp.cpp.o[K
[333.040s] [128/314] Compiling C++ object src/libcamera/libcamera.so.0.5.2.p/software_isp_debayer.cpp.o[K
[333.045s] [129/314] Compiling C++ object src/libcamera/libcamera.so.0.5.2.p/sensor_camera_sensor_properties.cpp.o[K
[336.304s] [129/314] Compiling C++ object src/libcamera/libcamera.so.0.5.2.p/software_isp_debayer_cpu.cpp.o[K
[336.306s] [130/314] Compiling C++ object src/libcamera/libcamera.so.0.5.2.p/pipeline_uvcvideo_uvcvideo.cpp.o[K
[343.098s] [130/314] Compiling C++ object src/libcamera/libcamera.so.0.5.2.p/software_isp_software_isp.cpp.o[K
[343.104s] [131/314] Compiling C++ object src/libcamera/libcamera.so.0.5.2.p/software_isp_debayer.cpp.o[K
[344.181s] [131/314] Compiling C++ object src/libcamera/libcamera.so.0.5.2.p/software_isp_swstats_cpu.cpp.o[K
[344.183s] [132/314] Compiling C++ object src/libcamera/libcamera.so.0.5.2.p/pipeline_simple_simple.cpp.o[K
[344.340s] [132/314] Compiling C++ object src/libcamera/libcamera.so.0.5.2.p/tracepoints.cpp.o[K
[344.341s] [133/314] Compiling C++ object src/libcamera/libcamera.so.0.5.2.p/sensor_camera_sensor_legacy.cpp.o[K
[353.760s] [133/314] Compiling C++ object src/libcamera/libcamera.so.0.5.2.p/device_enumerator_udev.cpp.o[K
[353.762s] [134/314] Compiling C++ object src/libcamera/libcamera.so.0.5.2.p/software_isp_swstats_cpu.cpp.o[K
[355.367s] [134/314] Compiling C++ object src/ipa/libipa/libipa.a.p/agc_mean_luminance.cpp.o[K
[355.368s] [135/314] Compiling C++ object src/libcamera/libcamera.so.0.5.2.p/tracepoints.cpp.o[K
[361.188s] [135/314] Compiling C++ object src/ipa/libipa/libipa.a.p/algorithm.cpp.o[K
[361.189s] [136/314] Compiling C++ object src/libcamera/libcamera.so.0.5.2.p/sensor_camera_sensor_raw.cpp.o[K
[362.100s] [136/314] Compiling C++ object src/ipa/libipa/libipa.a.p/awb_bayes.cpp.o[K
[362.102s] [137/314] Compiling C++ object src/libcamera/libcamera.so.0.5.2.p/software_isp_debayer_cpu.cpp.o[K
[363.492s] [137/314] Compiling C++ object src/ipa/libipa/libipa.a.p/awb_grey.cpp.o[K
[363.495s] [138/314] Compiling C++ object src/libcamera/libcamera.so.0.5.2.p/device_enumerator_udev.cpp.o[K
[364.588s] [138/314] Compiling C++ object src/ipa/libipa/libipa.a.p/awb.cpp.o[K
[364.589s] [139/314] Compiling C++ object src/ipa/libipa/libipa.a.p/algorithm.cpp.o[K
[368.068s] [139/314] Compiling C++ object src/ipa/libipa/libipa.a.p/camera_sensor_helper.cpp.o[K
[368.070s] [140/314] Compiling C++ object src/libcamera/libcamera.so.0.5.2.p/software_isp_software_isp.cpp.o[K
[370.453s] [140/314] Linking target src/libcamera/libcamera.so.0.5.2[K
[370.455s] [141/314] Linking target src/libcamera/libcamera.so.0.5.2[K
[377.808s] [141/314] Compiling C++ object src/ipa/libipa/libipa.a.p/colours.cpp.o[K
[377.809s] [142/314] Compiling C++ object src/ipa/libipa/libipa.a.p/awb_grey.cpp.o[K
[379.600s] [142/314] Compiling C++ object src/ipa/libipa/libipa.a.p/exposure_mode_helper.cpp.o[K
[379.601s] [143/314] Compiling C++ object src/ipa/libipa/libipa.a.p/awb.cpp.o[K
[379.884s] [143/314] Compiling C++ object src/ipa/libipa/libipa.a.p/fc_queue.cpp.o[K
[379.886s] [144/314] Compiling C++ object src/ipa/libipa/libipa.a.p/agc_mean_luminance.cpp.o[K
[381.407s] [144/314] Compiling C++ object src/ipa/libipa/libipa.a.p/fixedpoint.cpp.o[K
[381.409s] [145/314] Compiling C++ object src/ipa/libipa/libipa.a.p/fixedpoint.cpp.o[K
[381.676s] [145/314] Compiling C++ object src/ipa/libipa/libipa.a.p/histogram.cpp.o[K
[381.678s] [146/314] Compiling C++ object src/ipa/libipa/libipa.a.p/colours.cpp.o[K
[382.626s] [146/314] Compiling C++ object src/ipa/libipa/libipa.a.p/interpolator.cpp.o[K
[382.628s] [147/314] Compiling C++ object src/ipa/libipa/libipa.a.p/awb_bayes.cpp.o[K
[386.566s] [147/314] Compiling C++ object src/ipa/libipa/libipa.a.p/lsc_polynomial.cpp.o[K
[386.568s] [148/314] Compiling C++ object src/ipa/libipa/libipa.a.p/fc_queue.cpp.o[K
[388.969s] [148/314] Compiling C++ object src/ipa/libipa/libipa.a.p/lux.cpp.o[K
[388.970s] [149/314] Compiling C++ object src/ipa/libipa/libipa.a.p/exposure_mode_helper.cpp.o[K
[391.607s] [149/314] Compiling C++ object src/ipa/libipa/libipa.a.p/module.cpp.o[K
[391.608s] [150/314] Compiling C++ object src/ipa/libipa/libipa.a.p/camera_sensor_helper.cpp.o[K
[393.234s] [150/314] Compiling C++ object src/ipa/libipa/libipa.a.p/pwl.cpp.o[K
[393.240s] [151/314] Compiling C++ object src/ipa/libipa/libipa.a.p/histogram.cpp.o[K
[394.121s] [151/314] Compiling C++ object src/ipa/rpi/cam_helper/librpi_ipa_cam_helper.a.p/cam_helper.cpp.o[K
[394.122s] [152/314] Compiling C++ object src/ipa/libipa/libipa.a.p/interpolator.cpp.o[K
[394.387s] [152/314] Compiling C++ object src/ipa/rpi/cam_helper/librpi_ipa_cam_helper.a.p/cam_helper_ov5647.cpp.o[K
[394.388s] [153/314] Compiling C++ object src/ipa/libipa/libipa.a.p/lsc_polynomial.cpp.o[K
[396.629s] [153/314] Compiling C++ object src/ipa/rpi/cam_helper/librpi_ipa_cam_helper.a.p/cam_helper_imx219.cpp.o[K
[396.630s] [154/314] Compiling C++ object src/ipa/libipa/libipa.a.p/lux.cpp.o[K
[398.978s] [154/314] Compiling C++ object src/ipa/rpi/cam_helper/librpi_ipa_cam_helper.a.p/cam_helper_imx283.cpp.o[K
[398.985s] [155/314] Compiling C++ object src/ipa/libipa/libipa.a.p/module.cpp.o[K
[406.986s] [155/314] Compiling C++ object src/ipa/rpi/cam_helper/librpi_ipa_cam_helper.a.p/cam_helper_imx290.cpp.o[K
[406.988s] [156/314] Compiling C++ object src/ipa/rpi/cam_helper/librpi_ipa_cam_helper.a.p/cam_helper_ov5647.cpp.o[K
[407.443s] [156/314] Compiling C++ object src/ipa/rpi/cam_helper/librpi_ipa_cam_helper.a.p/cam_helper_imx296.cpp.o[K
[407.445s] [157/314] Compiling C++ object src/ipa/libipa/libipa.a.p/pwl.cpp.o[K
[408.089s] [157/314] Compiling C++ object src/ipa/rpi/cam_helper/librpi_ipa_cam_helper.a.p/cam_helper_imx415.cpp.o[K
[408.090s] [158/314] Compiling C++ object src/ipa/rpi/cam_helper/librpi_ipa_cam_helper.a.p/cam_helper_imx219.cpp.o[K
[410.332s] [158/314] Compiling C++ object src/ipa/rpi/cam_helper/librpi_ipa_cam_helper.a.p/cam_helper_imx477.cpp.o[K
[410.336s] [159/314] Compiling C++ object src/ipa/rpi/cam_helper/librpi_ipa_cam_helper.a.p/cam_helper_imx283.cpp.o[K
[412.148s] [159/314] Compiling C++ object src/ipa/rpi/cam_helper/librpi_ipa_cam_helper.a.p/cam_helper_imx519.cpp.o[K
[412.150s] [160/314] Compiling C++ object src/ipa/rpi/cam_helper/librpi_ipa_cam_helper.a.p/cam_helper.cpp.o[K
[412.604s] [160/314] Compiling C++ object src/ipa/rpi/cam_helper/librpi_ipa_cam_helper.a.p/cam_helper_imx708.cpp.o[K
[412.606s] [161/314] Compiling C++ object src/ipa/rpi/cam_helper/librpi_ipa_cam_helper.a.p/cam_helper_imx290.cpp.o[K
[420.884s] [161/314] Compiling C++ object src/ipa/rpi/cam_helper/librpi_ipa_cam_helper.a.p/cam_helper_ov64a40.cpp.o[K
[420.885s] [162/314] Compiling C++ object src/ipa/rpi/cam_helper/librpi_ipa_cam_helper.a.p/cam_helper_imx296.cpp.o[K
[422.604s] [162/314] Compiling C++ object src/ipa/rpi/cam_helper/librpi_ipa_cam_helper.a.p/cam_helper_ov7251.cpp.o[K
[422.605s] [163/314] Compiling C++ object src/ipa/rpi/cam_helper/librpi_ipa_cam_helper.a.p/cam_helper_imx415.cpp.o[K
[424.705s] [163/314] Compiling C++ object src/ipa/rpi/cam_helper/librpi_ipa_cam_helper.a.p/cam_helper_ov9281.cpp.o[K
[424.706s] [164/314] Compiling C++ object src/ipa/rpi/cam_helper/librpi_ipa_cam_helper.a.p/cam_helper_imx477.cpp.o[K
[426.048s] [164/314] Compiling C++ object src/ipa/rpi/cam_helper/librpi_ipa_cam_helper.a.p/cam_helper_vd56g3.cpp.o[K
[426.052s] [165/314] Compiling C++ object src/ipa/rpi/cam_helper/librpi_ipa_cam_helper.a.p/cam_helper_ov64a40.cpp.o[K
[428.895s] [165/314] Compiling C++ object src/ipa/rpi/cam_helper/librpi_ipa_cam_helper.a.p/md_parser_smia.cpp.o[K
[428.896s] [166/314] Compiling C++ object src/ipa/rpi/cam_helper/librpi_ipa_cam_helper.a.p/cam_helper_imx519.cpp.o[K
[434.380s] [166/314] Compiling C++ object src/ipa/rpi/common/librpi_ipa_common.a.p/ipa_base.cpp.o[K
[434.381s] [167/314] Compiling C++ object src/ipa/rpi/cam_helper/librpi_ipa_cam_helper.a.p/cam_helper_ov7251.cpp.o[K
[435.260s] [167/314] Compiling C++ object src/ipa/rpi/controller/librpi_ipa_controller.a.p/algorithm.cpp.o[K
[435.262s] [168/314] Compiling C++ object src/ipa/rpi/cam_helper/librpi_ipa_cam_helper.a.p/cam_helper_imx708.cpp.o[K
[436.136s] [168/314] Compiling C++ object src/ipa/rpi/controller/librpi_ipa_controller.a.p/controller.cpp.o[K
[436.139s] [169/314] Compiling C++ object src/ipa/rpi/cam_helper/librpi_ipa_cam_helper.a.p/cam_helper_ov9281.cpp.o[K
[437.350s] [169/314] Compiling C++ object src/ipa/rpi/controller/librpi_ipa_controller.a.p/device_status.cpp.o[K
[437.350s] [170/314] Compiling C++ object src/ipa/rpi/cam_helper/librpi_ipa_cam_helper.a.p/md_parser_smia.cpp.o[K
[437.951s] [170/314] Compiling C++ object src/ipa/rpi/controller/librpi_ipa_controller.a.p/histogram.cpp.o[K
[437.953s] [171/314] Compiling C++ object src/ipa/rpi/cam_helper/librpi_ipa_cam_helper.a.p/cam_helper_vd56g3.cpp.o[K
[440.814s] [171/314] Compiling C++ object src/ipa/rpi/controller/librpi_ipa_controller.a.p/rpi_af.cpp.o[K
[440.816s] [172/314] Compiling C++ object src/ipa/rpi/controller/librpi_ipa_controller.a.p/histogram.cpp.o[K
[443.386s] [172/314] Compiling C++ object src/ipa/rpi/controller/librpi_ipa_controller.a.p/rpi_agc.cpp.o[K
[443.389s] [173/314] Compiling C++ object src/ipa/rpi/controller/librpi_ipa_controller.a.p/device_status.cpp.o[K
[445.264s] [173/314] Compiling C++ object src/ipa/rpi/controller/librpi_ipa_controller.a.p/rpi_agc_channel.cpp.o[K
[445.266s] [174/314] Compiling C++ object src/ipa/rpi/controller/librpi_ipa_controller.a.p/algorithm.cpp.o[K
[450.513s] [174/314] Compiling C++ object src/ipa/rpi/controller/librpi_ipa_controller.a.p/rpi_alsc.cpp.o[K
[450.515s] [175/314] Compiling C++ object src/ipa/rpi/controller/librpi_ipa_controller.a.p/controller.cpp.o[K
[464.743s] [175/314] Compiling C++ object src/ipa/rpi/controller/librpi_ipa_controller.a.p/rpi_awb.cpp.o[K
[464.744s] [176/314] Compiling C++ object src/ipa/rpi/controller/librpi_ipa_controller.a.p/rpi_af.cpp.o[K
[467.098s] [176/314] Compiling C++ object src/ipa/rpi/controller/librpi_ipa_controller.a.p/rpi_black_level.cpp.o[K
[467.100s] [177/314] Compiling C++ object src/ipa/rpi/controller/librpi_ipa_controller.a.p/rpi_agc.cpp.o[K
[474.331s] [177/314] Compiling C++ object src/ipa/rpi/controller/librpi_ipa_controller.a.p/rpi_cac.cpp.o[K
[474.333s] [178/314] Compiling C++ object src/ipa/rpi/controller/librpi_ipa_controller.a.p/rpi_alsc.cpp.o[K
[477.107s] [178/314] Compiling C++ object src/ipa/rpi/controller/librpi_ipa_controller.a.p/rpi_ccm.cpp.o[K
[477.109s] [179/314] Compiling C++ object src/ipa/rpi/controller/librpi_ipa_controller.a.p/rpi_black_level.cpp.o[K
[478.486s] [179/314] Compiling C++ object src/ipa/rpi/controller/librpi_ipa_controller.a.p/rpi_contrast.cpp.o[K
[478.488s] [180/314] Compiling C++ object src/ipa/rpi/controller/librpi_ipa_controller.a.p/rpi_agc_channel.cpp.o[K
[481.829s] [180/314] Compiling C++ object src/ipa/rpi/controller/librpi_ipa_controller.a.p/rpi_denoise.cpp.o[K
[481.830s] [181/314] Compiling C++ object src/ipa/rpi/controller/librpi_ipa_controller.a.p/rpi_awb.cpp.o[K
[483.100s] [181/314] Compiling C++ object src/ipa/rpi/controller/librpi_ipa_controller.a.p/rpi_dpc.cpp.o[K
[483.102s] [182/314] Compiling C++ object src/ipa/rpi/controller/librpi_ipa_controller.a.p/rpi_cac.cpp.o[K
[494.641s] [182/314] Compiling C++ object src/ipa/rpi/controller/librpi_ipa_controller.a.p/rpi_geq.cpp.o[K
[494.641s] [183/314] Compiling C++ object src/ipa/rpi/controller/librpi_ipa_controller.a.p/rpi_contrast.cpp.o[K
[494.909s] [183/314] Compiling C++ object src/ipa/rpi/controller/librpi_ipa_controller.a.p/rpi_hdr.cpp.o[K
[494.910s] [184/314] Compiling C++ object src/ipa/rpi/controller/librpi_ipa_controller.a.p/rpi_dpc.cpp.o[K
[495.145s] [184/314] Compiling C++ object src/ipa/rpi/controller/librpi_ipa_controller.a.p/rpi_lux.cpp.o[K
[495.146s] [185/314] Compiling C++ object src/ipa/rpi/controller/librpi_ipa_controller.a.p/rpi_ccm.cpp.o[K
[496.998s] [185/314] Compiling C++ object src/ipa/rpi/controller/librpi_ipa_controller.a.p/rpi_noise.cpp.o[K
[497.000s] [186/314] Compiling C++ object src/ipa/rpi/controller/librpi_ipa_controller.a.p/rpi_geq.cpp.o[K
[497.987s] [186/314] Compiling C++ object src/ipa/rpi/controller/librpi_ipa_controller.a.p/rpi_saturation.cpp.o[K
[497.988s] [187/314] Compiling C++ object src/ipa/rpi/controller/librpi_ipa_controller.a.p/rpi_denoise.cpp.o[K
[498.442s] [187/314] Compiling C++ object src/ipa/rpi/controller/librpi_ipa_controller.a.p/rpi_sdn.cpp.o[K
[498.444s] [188/314] Compiling C++ object src/ipa/rpi/common/librpi_ipa_common.a.p/ipa_base.cpp.o[K
[506.664s] [188/314] Compiling C++ object src/ipa/rpi/controller/librpi_ipa_controller.a.p/rpi_sharpen.cpp.o[K
[506.669s] [189/314] Compiling C++ object src/ipa/rpi/controller/librpi_ipa_controller.a.p/rpi_saturation.cpp.o[K
[508.206s] [189/314] Compiling C++ object src/ipa/rpi/controller/librpi_ipa_controller.a.p/rpi_tonemap.cpp.o[K
[508.207s] [190/314] Compiling C++ object src/ipa/rpi/controller/librpi_ipa_controller.a.p/rpi_lux.cpp.o[K
[509.270s] [190/314] Generating symbol file src/libcamera/libcamera.so.0.5.2.p/libcamera.so.0.5.2.symbols[K
[509.272s] [191/314] Compiling C++ object src/ipa/rpi/controller/librpi_ipa_controller.a.p/rpi_noise.cpp.o[K
[509.423s] [191/314] Generating src/libcamera/proxy/worker/mali-c55_proxy_worker with a custom command (wrapped by meson to set env)[K
[509.431s] [192/314] Compiling C++ object src/ipa/rpi/controller/librpi_ipa_controller.a.p/rpi_sdn.cpp.o[K
[510.133s] [192/314] Generating src/libcamera/proxy/worker/rkisp1_proxy_worker with a custom command (wrapped by meson to set env)[K
[510.136s] [193/314] Generating symbol file src/libcamera/libcamera.so.0.5.2.p/libcamera.so.0.5.2.symbols[K
[512.446s] [193/314] Generating src/libcamera/proxy/worker/raspberrypi_proxy_worker with a custom command (wrapped by meson to set env)[K
[512.449s] [194/314] Compiling C++ object src/ipa/rpi/controller/librpi_ipa_controller.a.p/rpi_sharpen.cpp.o[K
[512.606s] [194/314] Generating src/libcamera/proxy/worker/soft_proxy_worker with a custom command (wrapped by meson to set env)[K
[512.610s] [195/314] Generating src/libcamera/proxy/worker/rkisp1_proxy_worker with a custom command (wrapped by meson to set env)[K
[512.836s] [195/314] Linking static target src/ipa/libipa/libipa.a[K
[512.843s] [196/314] Linking static target src/ipa/libipa/libipa.a[K
[512.907s] [196/314] Compiling C++ object src/ipa/mali-c55/ipa_mali_c55.so.p/ipa_context.cpp.o[K
[512.908s] [197/314] Generating src/libcamera/proxy/worker/mali-c55_proxy_worker with a custom command (wrapped by meson to set env)[K
[513.427s] [197/314] Compiling C++ object src/ipa/mali-c55/ipa_mali_c55.so.p/mali-c55.cpp.o[K
[513.427s] [198/314] Generating src/libcamera/proxy/worker/raspberrypi_proxy_worker with a custom command (wrapped by meson to set env)[K
[515.474s] [198/314] Compiling C++ object src/ipa/mali-c55/ipa_mali_c55.so.p/algorithms_agc.cpp.o[K
[515.476s] [199/314] Generating src/libcamera/proxy/worker/soft_proxy_worker with a custom command (wrapped by meson to set env)[K
[520.197s] [199/314] Compiling C++ object src/ipa/mali-c55/ipa_mali_c55.so.p/algorithms_awb.cpp.o[K
[520.197s] [200/314] Compiling C++ object src/ipa/mali-c55/ipa_mali_c55.so.p/ipa_context.cpp.o[K
[523.193s] [200/314] Compiling C++ object src/ipa/mali-c55/ipa_mali_c55.so.p/algorithms_blc.cpp.o[K
[523.195s] [201/314] Compiling C++ object src/ipa/rpi/controller/librpi_ipa_controller.a.p/rpi_tonemap.cpp.o[K
[529.080s] [201/314] Compiling C++ object src/ipa/mali-c55/ipa_mali_c55.so.p/algorithms_lsc.cpp.o[K
[529.081s] [202/314] Compiling C++ object src/ipa/rpi/controller/librpi_ipa_controller.a.p/rpi_hdr.cpp.o[K
[529.768s] [202/314] Compiling C++ object src/ipa/rkisp1/ipa_rkisp1.so.p/ipa_context.cpp.o[K
[529.769s] [203/314] Compiling C++ object src/ipa/mali-c55/ipa_mali_c55.so.p/algorithms_awb.cpp.o[K
[533.848s] [203/314] Compiling C++ object src/ipa/rkisp1/ipa_rkisp1.so.p/params.cpp.o[K
[533.850s] [204/314] Compiling C++ object src/ipa/mali-c55/ipa_mali_c55.so.p/algorithms_blc.cpp.o[K
[534.016s] [204/314] Compiling C++ object src/ipa/rkisp1/ipa_rkisp1.so.p/rkisp1.cpp.o[K
[534.018s] [205/314] Compiling C++ object src/ipa/mali-c55/ipa_mali_c55.so.p/algorithms_agc.cpp.o[K
[538.357s] [205/314] Compiling C++ object src/ipa/rkisp1/ipa_rkisp1.so.p/algorithms_agc.cpp.o[K
[538.360s] [206/314] Compiling C++ object src/ipa/mali-c55/ipa_mali_c55.so.p/algorithms_lsc.cpp.o[K
[538.802s] [206/314] Compiling C++ object src/ipa/rkisp1/ipa_rkisp1.so.p/algorithms_awb.cpp.o[K
[538.803s] [207/314] Compiling C++ object src/ipa/mali-c55/ipa_mali_c55.so.p/mali-c55.cpp.o[K
[540.030s] [207/314] Compiling C++ object src/ipa/rkisp1/ipa_rkisp1.so.p/algorithms_blc.cpp.o[K
[540.032s] [208/314] Compiling C++ object src/ipa/rkisp1/ipa_rkisp1.so.p/ipa_context.cpp.o[K
[540.472s] [208/314] Compiling C++ object src/ipa/rkisp1/ipa_rkisp1.so.p/algorithms_ccm.cpp.o[K
[540.473s] [209/314] Compiling C++ object src/ipa/rkisp1/ipa_rkisp1.so.p/params.cpp.o[K
[555.586s] [209/314] Compiling C++ object src/ipa/rkisp1/ipa_rkisp1.so.p/algorithms_cproc.cpp.o[K
[555.588s] [210/314] Compiling C++ object src/ipa/rkisp1/ipa_rkisp1.so.p/algorithms_blc.cpp.o[K
[556.170s] [210/314] Compiling C++ object src/ipa/rkisp1/ipa_rkisp1.so.p/algorithms_dpcc.cpp.o[K
[556.171s] [211/314] Compiling C++ object src/ipa/rkisp1/ipa_rkisp1.so.p/algorithms_cproc.cpp.o[K
[561.062s] [211/314] Compiling C++ object src/ipa/rkisp1/ipa_rkisp1.so.p/algorithms_dpf.cpp.o[K
[561.064s] [212/314] Compiling C++ object src/ipa/rkisp1/ipa_rkisp1.so.p/algorithms_awb.cpp.o[K
[563.840s] [212/314] Compiling C++ object src/ipa/rkisp1/ipa_rkisp1.so.p/algorithms_filter.cpp.o[K
[563.842s] [213/314] Compiling C++ object src/ipa/rkisp1/ipa_rkisp1.so.p/algorithms_agc.cpp.o[K
[565.004s] [213/314] Compiling C++ object src/ipa/rkisp1/ipa_rkisp1.so.p/algorithms_goc.cpp.o[K
[565.006s] [214/314] Compiling C++ object src/ipa/rkisp1/ipa_rkisp1.so.p/algorithms_ccm.cpp.o[K
[567.958s] [214/314] Compiling C++ object src/ipa/rkisp1/ipa_rkisp1.so.p/algorithms_gsl.cpp.o[K
[567.962s] [215/314] Compiling C++ object src/ipa/rkisp1/ipa_rkisp1.so.p/rkisp1.cpp.o[K
[571.438s] [215/314] Compiling C++ object src/ipa/rkisp1/ipa_rkisp1.so.p/algorithms_lsc.cpp.o[K
[571.440s] [216/314] Compiling C++ object src/ipa/rkisp1/ipa_rkisp1.so.p/algorithms_dpcc.cpp.o[K
[573.329s] [216/314] Compiling C++ object src/ipa/rkisp1/ipa_rkisp1.so.p/algorithms_lux.cpp.o[K
[573.332s] [217/314] Compiling C++ object src/ipa/rkisp1/ipa_rkisp1.so.p/algorithms_dpf.cpp.o[K
[573.515s] [217/314] Linking static target src/ipa/rpi/cam_helper/librpi_ipa_cam_helper.a[K
[573.516s] [218/314] Linking static target src/ipa/rpi/cam_helper/librpi_ipa_cam_helper.a[K
[573.642s] [218/314] Linking static target src/ipa/rpi/common/librpi_ipa_common.a[K
[573.643s] [219/314] Linking static target src/ipa/rpi/common/librpi_ipa_common.a[K
[573.778s] [219/314] Linking static target src/ipa/rpi/controller/librpi_ipa_controller.a[K
[573.778s] [220/314] Linking static target src/ipa/rpi/controller/librpi_ipa_controller.a[K
[578.706s] [220/314] Compiling C++ object src/ipa/rpi/pisp/ipa_rpi_pisp.so.p/pisp.cpp.o[K
[578.708s] [221/314] Compiling C++ object src/ipa/rkisp1/ipa_rkisp1.so.p/algorithms_filter.cpp.o[K
[579.783s] [221/314] Compiling C++ object src/ipa/rpi/vc4/ipa_rpi_vc4.so.p/vc4.cpp.o[K
[579.785s] [222/314] Compiling C++ object src/ipa/rkisp1/ipa_rkisp1.so.p/algorithms_gsl.cpp.o[K
[581.622s] [222/314] Compiling C++ object src/ipa/simple/ipa_soft_simple.so.p/ipa_context.cpp.o[K
[581.629s] [223/314] Compiling C++ object src/ipa/rkisp1/ipa_rkisp1.so.p/algorithms_goc.cpp.o[K
[587.382s] [223/314] Compiling C++ object src/ipa/simple/ipa_soft_simple.so.p/soft_simple.cpp.o[K
[587.384s] [224/314] Compiling C++ object src/ipa/rkisp1/ipa_rkisp1.so.p/algorithms_lux.cpp.o[K
[591.732s] [224/314] Compiling C++ object src/ipa/simple/ipa_soft_simple.so.p/algorithms_awb.cpp.o[K
[591.734s] [225/314] Compiling C++ object src/ipa/simple/ipa_soft_simple.so.p/ipa_context.cpp.o[K
[593.476s] [225/314] Compiling C++ object src/ipa/simple/ipa_soft_simple.so.p/algorithms_agc.cpp.o[K
[593.478s] [226/314] Compiling C++ object src/ipa/rkisp1/ipa_rkisp1.so.p/algorithms_lsc.cpp.o[K
[599.451s] [226/314] Compiling C++ object src/ipa/simple/ipa_soft_simple.so.p/algorithms_blc.cpp.o[K
[599.451s] [227/314] Compiling C++ object src/ipa/simple/ipa_soft_simple.so.p/algorithms_awb.cpp.o[K
[604.727s] [227/314] Compiling C++ object src/ipa/simple/ipa_soft_simple.so.p/algorithms_ccm.cpp.o[K
[604.729s] [228/314] Compiling C++ object src/ipa/rpi/pisp/ipa_rpi_pisp.so.p/pisp.cpp.o[K
[605.506s] [228/314] Compiling C++ object src/ipa/simple/ipa_soft_simple.so.p/algorithms_lut.cpp.o[K
[605.507s] [229/314] Compiling C++ object src/ipa/simple/ipa_soft_simple.so.p/soft_simple.cpp.o[K
[607.138s] [229/314] Compiling C++ object src/apps/common/libapps.a.p/image.cpp.o[K
[607.139s] [230/314] Compiling C++ object src/ipa/rpi/vc4/ipa_rpi_vc4.so.p/vc4.cpp.o[K
[608.456s] [230/314] Compiling C++ object src/apps/common/libapps.a.p/options.cpp.o[K
[608.459s] [231/314] Compiling C++ object src/ipa/simple/ipa_soft_simple.so.p/algorithms_agc.cpp.o[K
[609.320s] [231/314] Compiling C++ object src/apps/common/libapps.a.p/ppm_writer.cpp.o[K
[609.322s] [232/314] Compiling C++ object src/ipa/simple/ipa_soft_simple.so.p/algorithms_blc.cpp.o[K
[617.155s] [232/314] Compiling C++ object src/apps/common/libapps.a.p/stream_options.cpp.o[K
[617.157s] [233/314] Compiling C++ object src/apps/common/libapps.a.p/image.cpp.o[K
[618.160s] [233/314] Compiling C++ object src/apps/common/libapps.a.p/event_loop.cpp.o[K
[618.162s] [234/314] Compiling C++ object src/apps/common/libapps.a.p/ppm_writer.cpp.o[K
[619.235s] [234/314] Compiling C++ object src/apps/common/libapps.a.p/dng_writer.cpp.o[K
[619.237s] [235/314] Compiling C++ object src/ipa/simple/ipa_soft_simple.so.p/algorithms_ccm.cpp.o[K
[621.612s] [235/314] Generating src/gstreamer/gstlibcamera-controls.cpp with a custom command (wrapped by meson to set env)[K
[621.613s] [236/314] Compiling C++ object src/ipa/simple/ipa_soft_simple.so.p/algorithms_lut.cpp.o[K
[623.081s] [236/314] Generating src/py/libcamera/py_gen_controls with a custom command (wrapped by meson to set env)[K
[623.088s] [237/314] Generating src/gstreamer/gstlibcamera-controls.cpp with a custom command (wrapped by meson to set env)[K
[624.810s] [237/314] Generating src/py/libcamera/py_gen_properties with a custom command (wrapped by meson to set env)[K
[624.812s] [238/314] Generating src/py/libcamera/py_gen_controls with a custom command (wrapped by meson to set env)[K
[625.102s] [238/314] Generating src/py/libcamera/py_gen_formats with a custom command[K
[625.104s] [239/314] Generating src/py/libcamera/py_gen_properties with a custom command (wrapped by meson to set env)[K
[625.635s] [239/314] Compiling C object utils/ipu3/ipu3-pack.p/ipu3-pack.c.o[K
[625.636s] [240/314] Generating src/py/libcamera/py_gen_formats with a custom command[K
[625.764s] [240/314] Compiling C object utils/ipu3/ipu3-unpack.p/ipu3-unpack.c.o[K
[625.765s] [241/314] Compiling C object utils/ipu3/ipu3-pack.p/ipu3-pack.c.o[K
[625.782s] [241/314] Compiling C++ object src/libcamera/proxy/worker/mali-c55_ipa_proxy.p/meson-generated_.._mali-c55_ipa_proxy_worker.cpp.o[K
[625.783s] [242/314] Compiling C++ object src/apps/common/libapps.a.p/stream_options.cpp.o[K
[626.259s] [242/314] Compiling C++ object src/libcamera/proxy/worker/rkisp1_ipa_proxy.p/meson-generated_.._rkisp1_ipa_proxy_worker.cpp.o[K
[626.259s] [243/314] Compiling C object utils/ipu3/ipu3-unpack.p/ipu3-unpack.c.o[K
[627.753s] [243/314] Compiling C++ object src/libcamera/proxy/worker/raspberrypi_ipa_proxy.p/meson-generated_.._raspberrypi_ipa_proxy_worker.cpp.o[K
[627.755s] [244/314] Compiling C++ object src/apps/common/libapps.a.p/event_loop.cpp.o[K
[635.639s] [244/314] Compiling C++ object src/libcamera/proxy/worker/soft_ipa_proxy.p/meson-generated_.._soft_ipa_proxy_worker.cpp.o[K
[635.643s] [245/314] Compiling C++ object src/apps/common/libapps.a.p/dng_writer.cpp.o[K
[636.911s] [245/314] Linking target src/ipa/mali-c55/ipa_mali_c55.so[K
[636.914s] [246/314] Linking target src/ipa/mali-c55/ipa_mali_c55.so[K
[637.607s] [246/314] Linking target src/ipa/rkisp1/ipa_rkisp1.so[K
[637.613s] [247/314] Linking target src/ipa/rkisp1/ipa_rkisp1.so[K
[638.944s] [247/314] Linking target src/ipa/rpi/pisp/ipa_rpi_pisp.so[K
[638.947s] [248/314] Linking target src/ipa/rpi/pisp/ipa_rpi_pisp.so[K
[639.979s] [248/314] Linking target src/ipa/rpi/vc4/ipa_rpi_vc4.so[K
[639.981s] [249/314] Linking target src/ipa/rpi/vc4/ipa_rpi_vc4.so[K
[641.011s] [249/314] Linking target src/ipa/simple/ipa_soft_simple.so[K
[641.018s] [250/314] Linking target src/ipa/simple/ipa_soft_simple.so[K
[641.664s] [250/314] Compiling C++ object src/apps/lc-compliance/lc-compliance.p/environment.cpp.o[K
[641.669s] [251/314] Compiling C++ object src/apps/common/libapps.a.p/options.cpp.o[K
[641.737s] [251/314] Linking static target src/apps/common/libapps.a[K
[641.738s] [252/314] Linking static target src/apps/common/libapps.a[K
[652.176s] [252/314] Compiling C++ object src/apps/lc-compliance/lc-compliance.p/helpers_capture.cpp.o[K
[652.179s] [253/314] Compiling C++ object src/apps/lc-compliance/lc-compliance.p/environment.cpp.o[K
[662.923s] [253/314] Compiling C++ object src/apps/lc-compliance/lc-compliance.p/main.cpp.o[K
[662.924s] [254/314] Compiling C++ object src/libcamera/proxy/worker/soft_ipa_proxy.p/meson-generated_.._soft_ipa_proxy_worker.cpp.o[K
[665.927s] [254/314] Compiling C++ object src/apps/lc-compliance/lc-compliance.p/test_base.cpp.o[K
[665.933s] [255/314] Compiling C++ object src/libcamera/proxy/worker/rkisp1_ipa_proxy.p/meson-generated_.._rkisp1_ipa_proxy_worker.cpp.o[K
[668.204s] [255/314] Compiling C++ object src/apps/lc-compliance/lc-compliance.p/tests_capture_test.cpp.o[K
[668.206s] [256/314] Compiling C++ object src/libcamera/proxy/worker/mali-c55_ipa_proxy.p/meson-generated_.._mali-c55_ipa_proxy_worker.cpp.o[K
[673.906s] [256/314] Compiling C++ object src/apps/cam/cam.p/camera_session.cpp.o[K
[673.910s] [257/314] Compiling C++ object src/libcamera/proxy/worker/raspberrypi_ipa_proxy.p/meson-generated_.._raspberrypi_ipa_proxy_worker.cpp.o[K
[676.039s] [257/314] Compiling C++ object src/apps/cam/cam.p/capture_script.cpp.o[K
[676.041s] [258/314] Compiling C++ object src/apps/lc-compliance/lc-compliance.p/helpers_capture.cpp.o[K
[676.998s] [258/314] Compiling C++ object src/apps/cam/cam.p/file_sink.cpp.o[K
[677.000s] [259/314] Compiling C++ object src/apps/lc-compliance/lc-compliance.p/main.cpp.o[K
[681.469s] [259/314] Compiling C++ object src/apps/cam/cam.p/frame_sink.cpp.o[K
[681.470s] [260/314] Compiling C++ object src/apps/cam/cam.p/frame_sink.cpp.o[K
[683.663s] [260/314] Compiling C++ object src/apps/cam/cam.p/main.cpp.o[K
[683.666s] [261/314] Compiling C++ object src/apps/lc-compliance/lc-compliance.p/test_base.cpp.o[K
[691.209s] [261/314] Compiling C++ object src/apps/cam/cam.p/drm.cpp.o[K
[691.210s] [262/314] Compiling C++ object src/apps/cam/cam.p/file_sink.cpp.o[K
[703.238s] [262/314] Compiling C++ object src/apps/cam/cam.p/kms_sink.cpp.o[K
[703.240s] [263/314] Compiling C++ object src/apps/cam/cam.p/main.cpp.o[K
[704.574s] [263/314] Compiling C++ object src/apps/cam/cam.p/sdl_sink.cpp.o[K
[704.575s] [264/314] Compiling C++ object src/apps/cam/cam.p/capture_script.cpp.o[K
[714.289s] [264/314] Compiling C++ object src/apps/cam/cam.p/sdl_texture.cpp.o[K
[714.290s] [265/314] Compiling C++ object src/apps/lc-compliance/lc-compliance.p/tests_capture_test.cpp.o[K
[714.828s] [265/314] Compiling C++ object src/apps/cam/cam.p/sdl_texture_1plane.cpp.o[K
[714.836s] [266/314] Compiling C++ object src/apps/cam/cam.p/camera_session.cpp.o[K
[715.072s] [266/314] Compiling C++ object src/apps/cam/cam.p/sdl_texture_yuv.cpp.o[K
[715.073s] [267/314] Compiling C++ object src/apps/cam/cam.p/drm.cpp.o[K
[715.772s] [267/314] Compiling C++ object src/apps/cam/cam.p/sdl_texture_mjpg.cpp.o[K
[715.774s] [268/314] Compiling C++ object src/apps/cam/cam.p/kms_sink.cpp.o[K
[716.988s] [268/314] Compiling C++ object src/apps/ipa-verify/ipa_verify.p/main.cpp.o[K
[716.989s] [269/314] Compiling C++ object src/apps/cam/cam.p/sdl_texture.cpp.o[K
[723.183s] [269/314] Compiling C++ object src/gstreamer/libgstlibcamera.so.p/meson-generated_.._gstlibcamera-controls.cpp.o[K
[723.184s] [270/314] Compiling C++ object src/apps/cam/cam.p/sdl_texture_1plane.cpp.o[K
[725.117s] [270/314] Compiling C++ object src/gstreamer/libgstlibcamera.so.p/gstlibcamera-utils.cpp.o[K
[725.119s] [271/314] Compiling C++ object src/apps/cam/cam.p/sdl_texture_mjpg.cpp.o[K
[726.627s] [271/314] Compiling C++ object src/gstreamer/libgstlibcamera.so.p/gstlibcamera.cpp.o[K
[726.629s] [272/314] Compiling C++ object src/apps/ipa-verify/ipa_verify.p/main.cpp.o[K
[726.649s] [272/314] Compiling C++ object src/gstreamer/libgstlibcamera.so.p/gstlibcameraallocator.cpp.o[K
[726.650s] [273/314] Compiling C++ object src/apps/cam/cam.p/sdl_sink.cpp.o[K
[727.802s] [273/314] Compiling C++ object src/gstreamer/libgstlibcamera.so.p/gstlibcamerapad.cpp.o[K
[727.803s] [274/314] Compiling C++ object src/apps/cam/cam.p/sdl_texture_yuv.cpp.o[K
[727.814s] [274/314] Compiling C++ object src/gstreamer/libgstlibcamera.so.p/gstlibcamerapool.cpp.o[K
[727.818s] [275/314] Compiling C++ object src/gstreamer/libgstlibcamera.so.p/gstlibcamera.cpp.o[K
[737.705s] [275/314] Compiling C++ object src/gstreamer/libgstlibcamera.so.p/gstlibcameraprovider.cpp.o[K
[737.707s] [276/314] Compiling C++ object src/gstreamer/libgstlibcamera.so.p/meson-generated_.._gstlibcamera-controls.cpp.o[K
[739.667s] [276/314] Compiling C++ object src/gstreamer/libgstlibcamera.so.p/gstlibcamerasrc.cpp.o[K
[739.669s] [277/314] Compiling C++ object src/gstreamer/libgstlibcamera.so.p/gstlibcamerapad.cpp.o[K
[740.645s] [277/314] Compiling C++ object src/py/libcamera/_libcamera.cpython-310-aarch64-linux-gnu.so.p/meson-generated_.._py_controls_generated.cpp.o[K
[740.646s] [278/314] Compiling C++ object src/gstreamer/libgstlibcamera.so.p/gstlibcamera-utils.cpp.o[K
[741.280s] [278/314] Compiling C++ object src/py/libcamera/_libcamera.cpython-310-aarch64-linux-gnu.so.p/meson-generated_.._py_properties_generated.cpp.o[K
[741.282s] [279/314] Compiling C++ object src/gstreamer/libgstlibcamera.so.p/gstlibcamerapool.cpp.o[K
[741.527s] [279/314] Compiling C++ object src/py/libcamera/_libcamera.cpython-310-aarch64-linux-gnu.so.p/meson-generated_.._py_formats_generated.cpp.o[K
[741.529s] [280/314] Compiling C++ object src/gstreamer/libgstlibcamera.so.p/gstlibcameraprovider.cpp.o[K
[741.720s] [280/314] Compiling C++ object src/py/libcamera/_libcamera.cpython-310-aarch64-linux-gnu.so.p/py_camera_manager.cpp.o[K
[741.721s] [281/314] Compiling C++ object src/gstreamer/libgstlibcamera.so.p/gstlibcameraallocator.cpp.o[K
[766.487s] [281/314] Compiling C++ object src/py/libcamera/_libcamera.cpython-310-aarch64-linux-gnu.so.p/py_color_space.cpp.o[K
[766.488s] [282/314] Compiling C++ object src/gstreamer/libgstlibcamera.so.p/gstlibcamerasrc.cpp.o[K
[812.962s] [282/314] Compiling C++ object src/py/libcamera/_libcamera.cpython-310-aarch64-linux-gnu.so.p/py_enums.cpp.o[K
[812.967s] [283/314] Compiling C++ object src/py/libcamera/_libcamera.cpython-310-aarch64-linux-gnu.so.p/meson-generated_.._py_formats_generated.cpp.o[K
[813.956s] [283/314] Compiling C++ object src/py/libcamera/_libcamera.cpython-310-aarch64-linux-gnu.so.p/py_geometry.cpp.o[K
[813.958s] [284/314] Compiling C++ object src/py/libcamera/_libcamera.cpython-310-aarch64-linux-gnu.so.p/py_camera_manager.cpp.o[K
[839.779s] [284/314] Compiling C++ object src/py/libcamera/_libcamera.cpython-310-aarch64-linux-gnu.so.p/py_helpers.cpp.o[K
[839.781s] [285/314] Compiling C++ object src/py/libcamera/_libcamera.cpython-310-aarch64-linux-gnu.so.p/meson-generated_.._py_properties_generated.cpp.o[K
[862.264s] [285/314] Compiling C++ object src/py/libcamera/_libcamera.cpython-310-aarch64-linux-gnu.so.p/py_main.cpp.o[K
[862.269s] [286/314] Compiling C++ object src/py/libcamera/_libcamera.cpython-310-aarch64-linux-gnu.so.p/py_color_space.cpp.o[K
[864.653s] [286/314] Compiling C++ object src/py/libcamera/_libcamera.cpython-310-aarch64-linux-gnu.so.p/py_transform.cpp.o[K
[864.656s] [287/314] Compiling C++ object src/py/libcamera/_libcamera.cpython-310-aarch64-linux-gnu.so.p/py_enums.cpp.o[K
[887.189s] [287/314] Compiling C++ object src/v4l2/v4l2-compat.so.p/v4l2_camera.cpp.o[K
[887.193s] [288/314] Compiling C++ object src/v4l2/v4l2-compat.so.p/v4l2_camera.cpp.o[K
[900.640s] [288/314] Compiling C++ object src/v4l2/v4l2-compat.so.p/v4l2_camera_file.cpp.o[K
[900.642s] [289/314] Compiling C++ object src/v4l2/v4l2-compat.so.p/v4l2_camera_file.cpp.o[K
[903.582s] [289/314] Compiling C++ object src/v4l2/v4l2-compat.so.p/v4l2_camera_proxy.cpp.o[K
[903.588s] [290/314] Compiling C++ object src/py/libcamera/_libcamera.cpython-310-aarch64-linux-gnu.so.p/py_helpers.cpp.o[K
[917.338s] [290/314] Compiling C++ object src/v4l2/v4l2-compat.so.p/v4l2_compat.cpp.o[K
[917.339s] [291/314] Compiling C++ object src/v4l2/v4l2-compat.so.p/v4l2_compat.cpp.o[K
[926.652s] [291/314] Compiling C++ object src/v4l2/v4l2-compat.so.p/v4l2_compat_manager.cpp.o[K
[926.653s] [292/314] Compiling C++ object src/v4l2/v4l2-compat.so.p/v4l2_camera_proxy.cpp.o[K
[926.957s] [292/314] Linking target utils/ipu3/ipu3-pack[K
[926.959s] [293/314] Linking target utils/ipu3/ipu3-pack[K
[927.310s] [293/314] Linking target utils/ipu3/ipu3-unpack[K
[927.313s] [294/314] Compiling C++ object src/py/libcamera/_libcamera.cpython-310-aarch64-linux-gnu.so.p/meson-generated_.._py_controls_generated.cpp.o[K
[927.363s] [294/314] Linking target src/libcamera/proxy/worker/mali-c55_ipa_proxy[K
[927.370s] [295/314] Linking target utils/ipu3/ipu3-unpack[K
[928.565s] [295/314] Linking target src/libcamera/proxy/worker/rkisp1_ipa_proxy[K
[928.568s] [296/314] Linking target src/libcamera/proxy/worker/mali-c55_ipa_proxy[K
[928.570s] [296/314] Linking target src/libcamera/proxy/worker/raspberrypi_ipa_proxy[K
[928.571s] [297/314] Linking target src/libcamera/proxy/worker/rkisp1_ipa_proxy[K
[929.300s] [297/314] Linking target src/libcamera/proxy/worker/soft_ipa_proxy[K
[929.301s] [298/314] Linking target src/libcamera/proxy/worker/raspberrypi_ipa_proxy[K
[929.314s] [298/314] Generating src/ipa/mali-c55/ipa_mali_c55.so.sign with a custom command[K
[929.315s] [299/314] Linking target src/libcamera/proxy/worker/soft_ipa_proxy[K
[929.387s] [299/314] Generating src/ipa/rkisp1/ipa_rkisp1.so.sign with a custom command[K
[929.389s] [300/314] Generating src/ipa/mali-c55/ipa_mali_c55.so.sign with a custom command[K
[929.399s] [300/314] Generating src/ipa/rpi/pisp/ipa_rpi_pisp.so.sign with a custom command[K
[929.401s] [301/314] Generating src/ipa/rkisp1/ipa_rkisp1.so.sign with a custom command[K
[929.457s] [301/314] Generating src/ipa/rpi/vc4/ipa_rpi_vc4.so.sign with a custom command[K
[929.460s] [302/314] Generating src/ipa/rpi/vc4/ipa_rpi_vc4.so.sign with a custom command[K
[929.483s] [302/314] Generating src/ipa/simple/ipa_soft_simple.so.sign with a custom command[K
[929.485s] [303/314] Generating src/ipa/rpi/pisp/ipa_rpi_pisp.so.sign with a custom command[K
[929.542s] [303/314] Linking target src/apps/lc-compliance/lc-compliance[K
[929.544s] [304/314] Generating src/ipa/simple/ipa_soft_simple.so.sign with a custom command[K
[931.630s] [304/314] Linking target src/apps/cam/cam[K
[931.632s] [305/314] Linking target src/apps/lc-compliance/lc-compliance[K
[932.137s] [305/314] Linking target src/apps/ipa-verify/ipa_verify[K
[932.139s] [306/314] Linking target src/apps/cam/cam[K
[932.998s] [306/314] Linking target src/gstreamer/libgstlibcamera.so[K
[933.422s] [307/314] Linking target src/apps/ipa-verify/ipa_verify[K
[938.006s] [308/314] Linking target src/gstreamer/libgstlibcamera.so[K
[940.056s] [309/314] Compiling C++ object src/py/libcamera/_libcamera.cpython-310-aarch64-linux-gnu.so.p/py_geometry.cpp.o[K
[940.059s] [310/314] Compiling C++ object src/v4l2/v4l2-compat.so.p/v4l2_compat_manager.cpp.o[K
[940.561s] [310/314] Linking target src/v4l2/v4l2-compat.so[K
[945.436s] [311/314] Linking target src/v4l2/v4l2-compat.so[K
[979.734s] [312/314] Compiling C++ object src/py/libcamera/_libcamera.cpython-310-aarch64-linux-gnu.so.p/py_transform.cpp.o[K
[979.734s] [313/314] Compiling C++ object src/py/libcamera/_libcamera.cpython-310-aarch64-linux-gnu.so.p/py_main.cpp.o[K
[980.512s] [313/314] Linking target src/py/libcamera/_libcamera.cpython-310-aarch64-linux-gnu.so[K
[980.513s] [314/314] Linking target src/py/libcamera/_libcamera.cpython-310-aarch64-linux-gnu.so[K
[980.740s] Invoked command in '/home/robosync/Robot/camera_ws/build/libcamera' returned '0': /home/robosync/.local/bin/meson compile
[980.743s] Invoking command in '/home/robosync/Robot/camera_ws/build/libcamera': /home/robosync/.local/bin/meson install
[981.885s] ninja: Entering directory `/home/robosync/Robot/camera_ws/build/libcamera'
[981.945s] 
[982.473s] [0/24] Generating src/libcamera/version.cpp with a custom command[K
[982.474s] [1/24] Generating src/libcamera/version.cpp with a custom command[K
[982.478s] Installing include/libcamera/ipa/core_ipa_interface.h to /home/robosync/Robot/camera_ws/install/libcamera/include/libcamera/libcamera/ipa
[982.480s] Installing include/libcamera/ipa/mali-c55_ipa_interface.h to /home/robosync/Robot/camera_ws/install/libcamera/include/libcamera/libcamera/ipa
[982.482s] Installing include/libcamera/ipa/rkisp1_ipa_interface.h to /home/robosync/Robot/camera_ws/install/libcamera/include/libcamera/libcamera/ipa
[982.483s] Installing include/libcamera/ipa/raspberrypi_ipa_interface.h to /home/robosync/Robot/camera_ws/install/libcamera/include/libcamera/libcamera/ipa
[982.485s] Installing include/libcamera/ipa/soft_ipa_interface.h to /home/robosync/Robot/camera_ws/install/libcamera/include/libcamera/libcamera/ipa
[982.486s] Installing include/libcamera/control_ids.h to /home/robosync/Robot/camera_ws/install/libcamera/include/libcamera/libcamera
[982.488s] Installing include/libcamera/property_ids.h to /home/robosync/Robot/camera_ws/install/libcamera/include/libcamera/libcamera
[982.489s] Installing include/libcamera/formats.h to /home/robosync/Robot/camera_ws/install/libcamera/include/libcamera/libcamera
[982.490s] Installing include/libcamera/libcamera.h to /home/robosync/Robot/camera_ws/install/libcamera/include/libcamera/libcamera
[982.491s] Installing src/libcamera/base/libcamera-base.so.0.5.2 to /home/robosync/Robot/camera_ws/install/libcamera/lib
[982.496s] Installing src/libcamera/libcamera.so.0.5.2 to /home/robosync/Robot/camera_ws/install/libcamera/lib
[982.510s] Installing src/libcamera/proxy/worker/mali-c55_ipa_proxy to /home/robosync/Robot/camera_ws/install/libcamera/libexec/libcamera
[982.514s] Installing src/libcamera/proxy/worker/rkisp1_ipa_proxy to /home/robosync/Robot/camera_ws/install/libcamera/libexec/libcamera
[982.519s] Installing src/libcamera/proxy/worker/raspberrypi_ipa_proxy to /home/robosync/Robot/camera_ws/install/libcamera/libexec/libcamera
[982.524s] Installing src/libcamera/proxy/worker/soft_ipa_proxy to /home/robosync/Robot/camera_ws/install/libcamera/libexec/libcamera
[982.528s] Installing src/ipa/mali-c55/ipa_mali_c55.so to /home/robosync/Robot/camera_ws/install/libcamera/lib/libcamera/ipa
[982.533s] Installing src/ipa/rkisp1/ipa_rkisp1.so to /home/robosync/Robot/camera_ws/install/libcamera/lib/libcamera/ipa
[982.538s] Installing src/ipa/rpi/pisp/ipa_rpi_pisp.so to /home/robosync/Robot/camera_ws/install/libcamera/lib/libcamera/ipa
[982.545s] Installing src/ipa/rpi/vc4/ipa_rpi_vc4.so to /home/robosync/Robot/camera_ws/install/libcamera/lib/libcamera/ipa
[982.551s] Installing src/ipa/simple/ipa_soft_simple.so to /home/robosync/Robot/camera_ws/install/libcamera/lib/libcamera/ipa
[982.555s] Installing src/apps/lc-compliance/lc-compliance to /home/robosync/Robot/camera_ws/install/libcamera/bin
[982.561s] Installing src/apps/cam/cam to /home/robosync/Robot/camera_ws/install/libcamera/bin
[982.567s] Installing src/gstreamer/libgstlibcamera.so to /home/robosync/Robot/camera_ws/install/libcamera/lib/gstreamer-1.0
[982.571s] Installing src/py/libcamera/_libcamera.cpython-310-aarch64-linux-gnu.so to /home/robosync/Robot/camera_ws/install/libcamera/lib/python3/dist-packages/libcamera
[982.582s] Installing src/v4l2/v4l2-compat.so to /home/robosync/Robot/camera_ws/install/libcamera/libexec/libcamera
[982.587s] Installing /home/robosync/Robot/camera_ws/src/libcamera/include/libcamera/base/bound_method.h to /home/robosync/Robot/camera_ws/install/libcamera/include/libcamera/libcamera/base
[982.589s] Installing /home/robosync/Robot/camera_ws/src/libcamera/include/libcamera/base/class.h to /home/robosync/Robot/camera_ws/install/libcamera/include/libcamera/libcamera/base
[982.590s] Installing /home/robosync/Robot/camera_ws/src/libcamera/include/libcamera/base/flags.h to /home/robosync/Robot/camera_ws/install/libcamera/include/libcamera/libcamera/base
[982.592s] Installing /home/robosync/Robot/camera_ws/src/libcamera/include/libcamera/base/object.h to /home/robosync/Robot/camera_ws/install/libcamera/include/libcamera/libcamera/base
[982.593s] Installing /home/robosync/Robot/camera_ws/src/libcamera/include/libcamera/base/shared_fd.h to /home/robosync/Robot/camera_ws/install/libcamera/include/libcamera/libcamera/base
[982.594s] Installing /home/robosync/Robot/camera_ws/src/libcamera/include/libcamera/base/signal.h to /home/robosync/Robot/camera_ws/install/libcamera/include/libcamera/libcamera/base
[982.595s] Installing /home/robosync/Robot/camera_ws/src/libcamera/include/libcamera/base/span.h to /home/robosync/Robot/camera_ws/install/libcamera/include/libcamera/libcamera/base
[982.597s] Installing /home/robosync/Robot/camera_ws/src/libcamera/include/libcamera/base/unique_fd.h to /home/robosync/Robot/camera_ws/install/libcamera/include/libcamera/libcamera/base
[982.598s] Installing /home/robosync/Robot/camera_ws/src/libcamera/include/libcamera/ipa/ipa_controls.h to /home/robosync/Robot/camera_ws/install/libcamera/include/libcamera/libcamera/ipa
[982.602s] Installing /home/robosync/Robot/camera_ws/src/libcamera/include/libcamera/ipa/ipa_interface.h to /home/robosync/Robot/camera_ws/install/libcamera/include/libcamera/libcamera/ipa
[982.602s] Installing /home/robosync/Robot/camera_ws/src/libcamera/include/libcamera/ipa/ipa_module_info.h to /home/robosync/Robot/camera_ws/install/libcamera/include/libcamera/libcamera/ipa
[982.605s] Installing /home/robosync/Robot/camera_ws/src/libcamera/include/libcamera/camera.h to /home/robosync/Robot/camera_ws/install/libcamera/include/libcamera/libcamera
[982.608s] Installing /home/robosync/Robot/camera_ws/src/libcamera/include/libcamera/camera_manager.h to /home/robosync/Robot/camera_ws/install/libcamera/include/libcamera/libcamera
[982.610s] Installing /home/robosync/Robot/camera_ws/src/libcamera/include/libcamera/color_space.h to /home/robosync/Robot/camera_ws/install/libcamera/include/libcamera/libcamera
[982.611s] Installing /home/robosync/Robot/camera_ws/src/libcamera/include/libcamera/controls.h to /home/robosync/Robot/camera_ws/install/libcamera/include/libcamera/libcamera
[982.612s] Installing /home/robosync/Robot/camera_ws/src/libcamera/include/libcamera/fence.h to /home/robosync/Robot/camera_ws/install/libcamera/include/libcamera/libcamera
[982.613s] Installing /home/robosync/Robot/camera_ws/src/libcamera/include/libcamera/framebuffer.h to /home/robosync/Robot/camera_ws/install/libcamera/include/libcamera/libcamera
[982.613s] Installing /home/robosync/Robot/camera_ws/src/libcamera/include/libcamera/framebuffer_allocator.h to /home/robosync/Robot/camera_ws/install/libcamera/include/libcamera/libcamera
[982.614s] Installing /home/robosync/Robot/camera_ws/src/libcamera/include/libcamera/geometry.h to /home/robosync/Robot/camera_ws/install/libcamera/include/libcamera/libcamera
[982.616s] Installing /home/robosync/Robot/camera_ws/src/libcamera/include/libcamera/logging.h to /home/robosync/Robot/camera_ws/install/libcamera/include/libcamera/libcamera
[982.621s] Installing /home/robosync/Robot/camera_ws/src/libcamera/include/libcamera/orientation.h to /home/robosync/Robot/camera_ws/install/libcamera/include/libcamera/libcamera
[982.621s] Installing /home/robosync/Robot/camera_ws/src/libcamera/include/libcamera/pixel_format.h to /home/robosync/Robot/camera_ws/install/libcamera/include/libcamera/libcamera
[982.622s] Installing /home/robosync/Robot/camera_ws/src/libcamera/include/libcamera/request.h to /home/robosync/Robot/camera_ws/install/libcamera/include/libcamera/libcamera
[982.624s] Installing /home/robosync/Robot/camera_ws/src/libcamera/include/libcamera/stream.h to /home/robosync/Robot/camera_ws/install/libcamera/include/libcamera/libcamera
[982.625s] Installing /home/robosync/Robot/camera_ws/src/libcamera/include/libcamera/transform.h to /home/robosync/Robot/camera_ws/install/libcamera/include/libcamera/libcamera
[982.627s] Installing /home/robosync/Robot/camera_ws/build/libcamera/include/libcamera/version.h to /home/robosync/Robot/camera_ws/install/libcamera/include/libcamera/libcamera
[982.629s] Installing /home/robosync/Robot/camera_ws/build/libcamera/meson-private/libcamera-base.pc to /home/robosync/Robot/camera_ws/install/libcamera/lib/pkgconfig
[982.631s] Installing /home/robosync/Robot/camera_ws/src/libcamera/src/libcamera/pipeline/rpi/pisp/data/example.yaml to /home/robosync/Robot/camera_ws/install/libcamera/share/libcamera/pipeline/rpi/pisp
[982.633s] Installing /home/robosync/Robot/camera_ws/src/libcamera/src/libcamera/pipeline/rpi/vc4/data/example.yaml to /home/robosync/Robot/camera_ws/install/libcamera/share/libcamera/pipeline/rpi/vc4
[982.635s] Installing /home/robosync/Robot/camera_ws/build/libcamera/meson-private/libcamera.pc to /home/robosync/Robot/camera_ws/install/libcamera/lib/pkgconfig
[982.636s] Installing /home/robosync/Robot/camera_ws/src/libcamera/src/ipa/mali-c55/data/imx415.yaml to /home/robosync/Robot/camera_ws/install/libcamera/share/libcamera/ipa/mali-c55
[982.643s] Installing /home/robosync/Robot/camera_ws/src/libcamera/src/ipa/mali-c55/data/uncalibrated.yaml to /home/robosync/Robot/camera_ws/install/libcamera/share/libcamera/ipa/mali-c55
[982.643s] Installing /home/robosync/Robot/camera_ws/src/libcamera/src/ipa/rkisp1/data/imx219.yaml to /home/robosync/Robot/camera_ws/install/libcamera/share/libcamera/ipa/rkisp1
[982.644s] Installing /home/robosync/Robot/camera_ws/src/libcamera/src/ipa/rkisp1/data/imx258.yaml to /home/robosync/Robot/camera_ws/install/libcamera/share/libcamera/ipa/rkisp1
[982.644s] Installing /home/robosync/Robot/camera_ws/src/libcamera/src/ipa/rkisp1/data/ov2685.yaml to /home/robosync/Robot/camera_ws/install/libcamera/share/libcamera/ipa/rkisp1
[982.646s] Installing /home/robosync/Robot/camera_ws/src/libcamera/src/ipa/rkisp1/data/ov4689.yaml to /home/robosync/Robot/camera_ws/install/libcamera/share/libcamera/ipa/rkisp1
[982.647s] Installing /home/robosync/Robot/camera_ws/src/libcamera/src/ipa/rkisp1/data/ov5640.yaml to /home/robosync/Robot/camera_ws/install/libcamera/share/libcamera/ipa/rkisp1
[982.649s] Installing /home/robosync/Robot/camera_ws/src/libcamera/src/ipa/rkisp1/data/ov5695.yaml to /home/robosync/Robot/camera_ws/install/libcamera/share/libcamera/ipa/rkisp1
[982.650s] Installing /home/robosync/Robot/camera_ws/src/libcamera/src/ipa/rkisp1/data/ov8858.yaml to /home/robosync/Robot/camera_ws/install/libcamera/share/libcamera/ipa/rkisp1
[982.652s] Installing /home/robosync/Robot/camera_ws/src/libcamera/src/ipa/rkisp1/data/uncalibrated.yaml to /home/robosync/Robot/camera_ws/install/libcamera/share/libcamera/ipa/rkisp1
[982.653s] Installing /home/robosync/Robot/camera_ws/src/libcamera/src/ipa/rpi/pisp/data/imx219.json to /home/robosync/Robot/camera_ws/install/libcamera/share/libcamera/ipa/rpi/pisp
[982.655s] Installing /home/robosync/Robot/camera_ws/src/libcamera/src/ipa/rpi/pisp/data/imx219_noir.json to /home/robosync/Robot/camera_ws/install/libcamera/share/libcamera/ipa/rpi/pisp
[982.657s] Installing /home/robosync/Robot/camera_ws/src/libcamera/src/ipa/rpi/pisp/data/imx283.json to /home/robosync/Robot/camera_ws/install/libcamera/share/libcamera/ipa/rpi/pisp
[982.659s] Installing /home/robosync/Robot/camera_ws/src/libcamera/src/ipa/rpi/pisp/data/imx290.json to /home/robosync/Robot/camera_ws/install/libcamera/share/libcamera/ipa/rpi/pisp
[982.661s] Installing /home/robosync/Robot/camera_ws/src/libcamera/src/ipa/rpi/pisp/data/imx296.json to /home/robosync/Robot/camera_ws/install/libcamera/share/libcamera/ipa/rpi/pisp
[982.663s] Installing /home/robosync/Robot/camera_ws/src/libcamera/src/ipa/rpi/pisp/data/imx296_mono.json to /home/robosync/Robot/camera_ws/install/libcamera/share/libcamera/ipa/rpi/pisp
[982.665s] Installing /home/robosync/Robot/camera_ws/src/libcamera/src/ipa/rpi/pisp/data/imx335.json to /home/robosync/Robot/camera_ws/install/libcamera/share/libcamera/ipa/rpi/pisp
[982.666s] Installing /home/robosync/Robot/camera_ws/src/libcamera/src/ipa/rpi/pisp/data/imx378.json to /home/robosync/Robot/camera_ws/install/libcamera/share/libcamera/ipa/rpi/pisp
[982.669s] Installing /home/robosync/Robot/camera_ws/src/libcamera/src/ipa/rpi/pisp/data/imx415.json to /home/robosync/Robot/camera_ws/install/libcamera/share/libcamera/ipa/rpi/pisp
[982.670s] Installing /home/robosync/Robot/camera_ws/src/libcamera/src/ipa/rpi/pisp/data/imx415_b0569.json to /home/robosync/Robot/camera_ws/install/libcamera/share/libcamera/ipa/rpi/pisp
[982.672s] Installing /home/robosync/Robot/camera_ws/src/libcamera/src/ipa/rpi/pisp/data/imx462.json to /home/robosync/Robot/camera_ws/install/libcamera/share/libcamera/ipa/rpi/pisp
[982.673s] Installing /home/robosync/Robot/camera_ws/src/libcamera/src/ipa/rpi/pisp/data/imx477.json to /home/robosync/Robot/camera_ws/install/libcamera/share/libcamera/ipa/rpi/pisp
[982.675s] Installing /home/robosync/Robot/camera_ws/src/libcamera/src/ipa/rpi/pisp/data/imx477_noir.json to /home/robosync/Robot/camera_ws/install/libcamera/share/libcamera/ipa/rpi/pisp
[982.677s] Installing /home/robosync/Robot/camera_ws/src/libcamera/src/ipa/rpi/pisp/data/imx477_scientific.json to /home/robosync/Robot/camera_ws/install/libcamera/share/libcamera/ipa/rpi/pisp
[982.678s] Installing /home/robosync/Robot/camera_ws/src/libcamera/src/ipa/rpi/pisp/data/imx519.json to /home/robosync/Robot/camera_ws/install/libcamera/share/libcamera/ipa/rpi/pisp
[982.680s] Installing /home/robosync/Robot/camera_ws/src/libcamera/src/ipa/rpi/pisp/data/imx708.json to /home/robosync/Robot/camera_ws/install/libcamera/share/libcamera/ipa/rpi/pisp
[982.683s] Installing /home/robosync/Robot/camera_ws/src/libcamera/src/ipa/rpi/pisp/data/imx708_noir.json to /home/robosync/Robot/camera_ws/install/libcamera/share/libcamera/ipa/rpi/pisp
[982.684s] Installing /home/robosync/Robot/camera_ws/src/libcamera/src/ipa/rpi/pisp/data/imx708_wide.json to /home/robosync/Robot/camera_ws/install/libcamera/share/libcamera/ipa/rpi/pisp
[982.689s] Installing /home/robosync/Robot/camera_ws/src/libcamera/src/ipa/rpi/pisp/data/imx708_wide_noir.json to /home/robosync/Robot/camera_ws/install/libcamera/share/libcamera/ipa/rpi/pisp
[982.689s] Installing /home/robosync/Robot/camera_ws/src/libcamera/src/ipa/rpi/pisp/data/ov5647.json to /home/robosync/Robot/camera_ws/install/libcamera/share/libcamera/ipa/rpi/pisp
[982.690s] Installing /home/robosync/Robot/camera_ws/src/libcamera/src/ipa/rpi/pisp/data/ov5647_noir.json to /home/robosync/Robot/camera_ws/install/libcamera/share/libcamera/ipa/rpi/pisp
[982.691s] Installing /home/robosync/Robot/camera_ws/src/libcamera/src/ipa/rpi/pisp/data/ov64a40.json to /home/robosync/Robot/camera_ws/install/libcamera/share/libcamera/ipa/rpi/pisp
[982.693s] Installing /home/robosync/Robot/camera_ws/src/libcamera/src/ipa/rpi/pisp/data/ov9281_mono.json to /home/robosync/Robot/camera_ws/install/libcamera/share/libcamera/ipa/rpi/pisp
[982.694s] Installing /home/robosync/Robot/camera_ws/src/libcamera/src/ipa/rpi/pisp/data/se327m12.json to /home/robosync/Robot/camera_ws/install/libcamera/share/libcamera/ipa/rpi/pisp
[982.696s] Installing /home/robosync/Robot/camera_ws/src/libcamera/src/ipa/rpi/pisp/data/uncalibrated.json to /home/robosync/Robot/camera_ws/install/libcamera/share/libcamera/ipa/rpi/pisp
[982.697s] Installing /home/robosync/Robot/camera_ws/src/libcamera/src/ipa/rpi/pisp/data/vd56g3.json to /home/robosync/Robot/camera_ws/install/libcamera/share/libcamera/ipa/rpi/pisp
[982.698s] Installing /home/robosync/Robot/camera_ws/src/libcamera/src/ipa/rpi/pisp/data/vd56g3_mono.json to /home/robosync/Robot/camera_ws/install/libcamera/share/libcamera/ipa/rpi/pisp
[982.700s] Installing /home/robosync/Robot/camera_ws/src/libcamera/src/ipa/rpi/vc4/data/imx219.json to /home/robosync/Robot/camera_ws/install/libcamera/share/libcamera/ipa/rpi/vc4
[982.702s] Installing /home/robosync/Robot/camera_ws/src/libcamera/src/ipa/rpi/vc4/data/imx219_noir.json to /home/robosync/Robot/camera_ws/install/libcamera/share/libcamera/ipa/rpi/vc4
[982.703s] Installing /home/robosync/Robot/camera_ws/src/libcamera/src/ipa/rpi/vc4/data/imx283.json to /home/robosync/Robot/camera_ws/install/libcamera/share/libcamera/ipa/rpi/vc4
[982.704s] Installing /home/robosync/Robot/camera_ws/src/libcamera/src/ipa/rpi/vc4/data/imx290.json to /home/robosync/Robot/camera_ws/install/libcamera/share/libcamera/ipa/rpi/vc4
[982.705s] Installing /home/robosync/Robot/camera_ws/src/libcamera/src/ipa/rpi/vc4/data/imx296.json to /home/robosync/Robot/camera_ws/install/libcamera/share/libcamera/ipa/rpi/vc4
[982.707s] Installing /home/robosync/Robot/camera_ws/src/libcamera/src/ipa/rpi/vc4/data/imx296_mono.json to /home/robosync/Robot/camera_ws/install/libcamera/share/libcamera/ipa/rpi/vc4
[982.709s] Installing /home/robosync/Robot/camera_ws/src/libcamera/src/ipa/rpi/vc4/data/imx327.json to /home/robosync/Robot/camera_ws/install/libcamera/share/libcamera/ipa/rpi/vc4
[982.710s] Installing /home/robosync/Robot/camera_ws/src/libcamera/src/ipa/rpi/vc4/data/imx335.json to /home/robosync/Robot/camera_ws/install/libcamera/share/libcamera/ipa/rpi/vc4
[982.712s] Installing /home/robosync/Robot/camera_ws/src/libcamera/src/ipa/rpi/vc4/data/imx378.json to /home/robosync/Robot/camera_ws/install/libcamera/share/libcamera/ipa/rpi/vc4
[982.713s] Installing /home/robosync/Robot/camera_ws/src/libcamera/src/ipa/rpi/vc4/data/imx415.json to /home/robosync/Robot/camera_ws/install/libcamera/share/libcamera/ipa/rpi/vc4
[982.714s] Installing /home/robosync/Robot/camera_ws/src/libcamera/src/ipa/rpi/vc4/data/imx415_b0569.json to /home/robosync/Robot/camera_ws/install/libcamera/share/libcamera/ipa/rpi/vc4
[982.715s] Installing /home/robosync/Robot/camera_ws/src/libcamera/src/ipa/rpi/vc4/data/imx462.json to /home/robosync/Robot/camera_ws/install/libcamera/share/libcamera/ipa/rpi/vc4
[982.717s] Installing /home/robosync/Robot/camera_ws/src/libcamera/src/ipa/rpi/vc4/data/imx477.json to /home/robosync/Robot/camera_ws/install/libcamera/share/libcamera/ipa/rpi/vc4
[982.718s] Installing /home/robosync/Robot/camera_ws/src/libcamera/src/ipa/rpi/vc4/data/imx477_noir.json to /home/robosync/Robot/camera_ws/install/libcamera/share/libcamera/ipa/rpi/vc4
[982.719s] Installing /home/robosync/Robot/camera_ws/src/libcamera/src/ipa/rpi/vc4/data/imx477_scientific.json to /home/robosync/Robot/camera_ws/install/libcamera/share/libcamera/ipa/rpi/vc4
[982.721s] Installing /home/robosync/Robot/camera_ws/src/libcamera/src/ipa/rpi/vc4/data/imx519.json to /home/robosync/Robot/camera_ws/install/libcamera/share/libcamera/ipa/rpi/vc4
[982.722s] Installing /home/robosync/Robot/camera_ws/src/libcamera/src/ipa/rpi/vc4/data/imx708.json to /home/robosync/Robot/camera_ws/install/libcamera/share/libcamera/ipa/rpi/vc4
[982.723s] Installing /home/robosync/Robot/camera_ws/src/libcamera/src/ipa/rpi/vc4/data/imx708_noir.json to /home/robosync/Robot/camera_ws/install/libcamera/share/libcamera/ipa/rpi/vc4
[982.725s] Installing /home/robosync/Robot/camera_ws/src/libcamera/src/ipa/rpi/vc4/data/imx708_wide.json to /home/robosync/Robot/camera_ws/install/libcamera/share/libcamera/ipa/rpi/vc4
[982.726s] Installing /home/robosync/Robot/camera_ws/src/libcamera/src/ipa/rpi/vc4/data/imx708_wide_noir.json to /home/robosync/Robot/camera_ws/install/libcamera/share/libcamera/ipa/rpi/vc4
[982.727s] Installing /home/robosync/Robot/camera_ws/src/libcamera/src/ipa/rpi/vc4/data/ov5647.json to /home/robosync/Robot/camera_ws/install/libcamera/share/libcamera/ipa/rpi/vc4
[982.729s] Installing /home/robosync/Robot/camera_ws/src/libcamera/src/ipa/rpi/vc4/data/ov5647_noir.json to /home/robosync/Robot/camera_ws/install/libcamera/share/libcamera/ipa/rpi/vc4
[982.731s] Installing /home/robosync/Robot/camera_ws/src/libcamera/src/ipa/rpi/vc4/data/ov64a40.json to /home/robosync/Robot/camera_ws/install/libcamera/share/libcamera/ipa/rpi/vc4
[982.732s] Installing /home/robosync/Robot/camera_ws/src/libcamera/src/ipa/rpi/vc4/data/ov7251_mono.json to /home/robosync/Robot/camera_ws/install/libcamera/share/libcamera/ipa/rpi/vc4
[982.733s] Installing /home/robosync/Robot/camera_ws/src/libcamera/src/ipa/rpi/vc4/data/ov9281_mono.json to /home/robosync/Robot/camera_ws/install/libcamera/share/libcamera/ipa/rpi/vc4
[982.734s] Installing /home/robosync/Robot/camera_ws/src/libcamera/src/ipa/rpi/vc4/data/se327m12.json to /home/robosync/Robot/camera_ws/install/libcamera/share/libcamera/ipa/rpi/vc4
[982.735s] Installing /home/robosync/Robot/camera_ws/src/libcamera/src/ipa/rpi/vc4/data/uncalibrated.json to /home/robosync/Robot/camera_ws/install/libcamera/share/libcamera/ipa/rpi/vc4
[982.737s] Installing /home/robosync/Robot/camera_ws/src/libcamera/src/ipa/rpi/vc4/data/vd56g3.json to /home/robosync/Robot/camera_ws/install/libcamera/share/libcamera/ipa/rpi/vc4
[982.738s] Installing /home/robosync/Robot/camera_ws/src/libcamera/src/ipa/rpi/vc4/data/vd56g3_mono.json to /home/robosync/Robot/camera_ws/install/libcamera/share/libcamera/ipa/rpi/vc4
[982.739s] Installing /home/robosync/Robot/camera_ws/src/libcamera/src/ipa/simple/data/uncalibrated.yaml to /home/robosync/Robot/camera_ws/install/libcamera/share/libcamera/ipa/simple
[982.741s] Installing /home/robosync/Robot/camera_ws/src/libcamera/src/py/libcamera/__init__.py to /home/robosync/Robot/camera_ws/install/libcamera/lib/python3/dist-packages/libcamera
[982.742s] Installing /home/robosync/Robot/camera_ws/build/libcamera/src/v4l2/libcamerify to /home/robosync/Robot/camera_ws/install/libcamera/bin
[982.745s] Installing symlink pointing to libcamera-base.so.0.5.2 to /home/robosync/Robot/camera_ws/install/libcamera/lib/libcamera-base.so.0.5
[982.745s] Installing symlink pointing to libcamera-base.so.0.5 to /home/robosync/Robot/camera_ws/install/libcamera/lib/libcamera-base.so
[982.746s] Installing symlink pointing to libcamera.so.0.5.2 to /home/robosync/Robot/camera_ws/install/libcamera/lib/libcamera.so.0.5
[982.746s] Installing symlink pointing to libcamera.so.0.5 to /home/robosync/Robot/camera_ws/install/libcamera/lib/libcamera.so
[982.761s] Running custom install script '/home/robosync/Robot/camera_ws/src/libcamera/src/ipa/ipa-sign-install.sh /home/robosync/Robot/camera_ws/build/libcamera/src/ipa-priv-key.pem lib/libcamera/ipa/ipa_mali_c55.so lib/libcamera/ipa/ipa_rkisp1.so lib/libcamera/ipa/ipa_rpi_pisp.so lib/libcamera/ipa/ipa_rpi_vc4.so lib/libcamera/ipa/ipa_soft_simple.so'
[982.770s] Regenerating IPA modules signatures
[982.948s] Running custom install script '/usr/bin/python3 /home/robosync/Robot/camera_ws/build/libcamera/meson-private/pycompile.py python-3.10-installed.json 0'
[983.097s] Compiling '/home/robosync/Robot/camera_ws/install/libcamera/lib/python3/dist-packages/libcamera/__init__.py'...
[983.298s] Invoked command in '/home/robosync/Robot/camera_ws/build/libcamera' returned '0': /home/robosync/.local/bin/meson install
