[0.023s] Invoking command in '/root/Dojo/build/robot_bringup': AMENT_PREFIX_PATH=/root/Dojo/install/robot_perception:/root/Dojo/install/robot_hardware:/root/Dojo/install/robot_control:/root/Dojo/install/robot_bringup:/root/Dojo/install/robot_navigation:/root/Dojo/install/robot_interfaces:/root/Dojo/install/robot_gazebo:/root/Dojo/install/robot_description:/root/Dojo/install/camera_ros:/opt/ros/humble CMAKE_PREFIX_PATH=/root/Dojo/install/robot_navigation:/root/Dojo/install/robot_description:/root/Dojo/install/robot_bringup:/root/Dojo/install/robot_interfaces:/root/Dojo/install/robot_gazebo:/root/Dojo/install/camera_ros:/root/Dojo/install/robot_perception:/root/Dojo/install/robot_hardware:/root/Dojo/install/robot_control:/opt/ros/humble PYTHONPATH=/root/Dojo/build/robot_perception:/root/Dojo/install/robot_perception/lib/python3.10/site-packages:/root/Dojo/build/robot_hardware:/root/Dojo/install/robot_hardware/lib/python3.10/site-packages:/root/Dojo/build/robot_control:/root/Dojo/install/robot_control/lib/python3.10/site-packages:/root/Dojo/install/robot_interfaces/local/lib/python3.10/dist-packages:/root/Dojo/install/robot_description/local/lib/python3.10/dist-packages:/opt/ros/humble/lib/python3.10/site-packages:/opt/ros/humble/local/lib/python3.10/dist-packages /usr/bin/cmake /root/Dojo/src/robot_bringup -DAMENT_CMAKE_SYMLINK_INSTALL=1 -DCMAKE_INSTALL_PREFIX=/root/Dojo/install/robot_bringup
[0.098s] -- The C compiler identification is GNU 11.4.0
[0.177s] -- The CXX compiler identification is GNU 11.4.0
[0.187s] -- Detecting C compiler ABI info
[0.278s] -- Detecting C compiler ABI info - done
[0.287s] -- Check for working C compiler: /usr/bin/cc - skipped
[0.288s] -- Detecting C compile features
[0.288s] -- Detecting C compile features - done
[0.292s] -- Detecting CXX compiler ABI info
[0.397s] -- Detecting CXX compiler ABI info - done
[0.405s] -- Check for working CXX compiler: /usr/bin/c++ - skipped
[0.406s] -- Detecting CXX compile features
[0.406s] -- Detecting CXX compile features - done
[0.411s] -- Found ament_cmake: 1.3.12 (/opt/ros/humble/share/ament_cmake/cmake)
[1.640s] -- Found Python3: /usr/bin/python3 (found version "3.10.12") found components: Interpreter 
[1.789s] -- Override CMake install command with custom implementation using symlinks instead of copying resources
[2.067s] -- Configuring done
[2.074s] -- Generating done
[2.077s] -- Build files have been written to: /root/Dojo/build/robot_bringup
[2.090s] Invoked command in '/root/Dojo/build/robot_bringup' returned '0': AMENT_PREFIX_PATH=/root/Dojo/install/robot_perception:/root/Dojo/install/robot_hardware:/root/Dojo/install/robot_control:/root/Dojo/install/robot_bringup:/root/Dojo/install/robot_navigation:/root/Dojo/install/robot_interfaces:/root/Dojo/install/robot_gazebo:/root/Dojo/install/robot_description:/root/Dojo/install/camera_ros:/opt/ros/humble CMAKE_PREFIX_PATH=/root/Dojo/install/robot_navigation:/root/Dojo/install/robot_description:/root/Dojo/install/robot_bringup:/root/Dojo/install/robot_interfaces:/root/Dojo/install/robot_gazebo:/root/Dojo/install/camera_ros:/root/Dojo/install/robot_perception:/root/Dojo/install/robot_hardware:/root/Dojo/install/robot_control:/opt/ros/humble PYTHONPATH=/root/Dojo/build/robot_perception:/root/Dojo/install/robot_perception/lib/python3.10/site-packages:/root/Dojo/build/robot_hardware:/root/Dojo/install/robot_hardware/lib/python3.10/site-packages:/root/Dojo/build/robot_control:/root/Dojo/install/robot_control/lib/python3.10/site-packages:/root/Dojo/install/robot_interfaces/local/lib/python3.10/dist-packages:/root/Dojo/install/robot_description/local/lib/python3.10/dist-packages:/opt/ros/humble/lib/python3.10/site-packages:/opt/ros/humble/local/lib/python3.10/dist-packages /usr/bin/cmake /root/Dojo/src/robot_bringup -DAMENT_CMAKE_SYMLINK_INSTALL=1 -DCMAKE_INSTALL_PREFIX=/root/Dojo/install/robot_bringup
[2.094s] Invoking command in '/root/Dojo/build/robot_bringup': AMENT_PREFIX_PATH=/root/Dojo/install/robot_perception:/root/Dojo/install/robot_hardware:/root/Dojo/install/robot_control:/root/Dojo/install/robot_bringup:/root/Dojo/install/robot_navigation:/root/Dojo/install/robot_interfaces:/root/Dojo/install/robot_gazebo:/root/Dojo/install/robot_description:/root/Dojo/install/camera_ros:/opt/ros/humble CMAKE_PREFIX_PATH=/root/Dojo/install/robot_navigation:/root/Dojo/install/robot_description:/root/Dojo/install/robot_bringup:/root/Dojo/install/robot_interfaces:/root/Dojo/install/robot_gazebo:/root/Dojo/install/camera_ros:/root/Dojo/install/robot_perception:/root/Dojo/install/robot_hardware:/root/Dojo/install/robot_control:/opt/ros/humble PYTHONPATH=/root/Dojo/build/robot_perception:/root/Dojo/install/robot_perception/lib/python3.10/site-packages:/root/Dojo/build/robot_hardware:/root/Dojo/install/robot_hardware/lib/python3.10/site-packages:/root/Dojo/build/robot_control:/root/Dojo/install/robot_control/lib/python3.10/site-packages:/root/Dojo/install/robot_interfaces/local/lib/python3.10/dist-packages:/root/Dojo/install/robot_description/local/lib/python3.10/dist-packages:/opt/ros/humble/lib/python3.10/site-packages:/opt/ros/humble/local/lib/python3.10/dist-packages /usr/bin/cmake --build /root/Dojo/build/robot_bringup -- -j16 -l16
[2.189s] Invoked command in '/root/Dojo/build/robot_bringup' returned '0': AMENT_PREFIX_PATH=/root/Dojo/install/robot_perception:/root/Dojo/install/robot_hardware:/root/Dojo/install/robot_control:/root/Dojo/install/robot_bringup:/root/Dojo/install/robot_navigation:/root/Dojo/install/robot_interfaces:/root/Dojo/install/robot_gazebo:/root/Dojo/install/robot_description:/root/Dojo/install/camera_ros:/opt/ros/humble CMAKE_PREFIX_PATH=/root/Dojo/install/robot_navigation:/root/Dojo/install/robot_description:/root/Dojo/install/robot_bringup:/root/Dojo/install/robot_interfaces:/root/Dojo/install/robot_gazebo:/root/Dojo/install/camera_ros:/root/Dojo/install/robot_perception:/root/Dojo/install/robot_hardware:/root/Dojo/install/robot_control:/opt/ros/humble PYTHONPATH=/root/Dojo/build/robot_perception:/root/Dojo/install/robot_perception/lib/python3.10/site-packages:/root/Dojo/build/robot_hardware:/root/Dojo/install/robot_hardware/lib/python3.10/site-packages:/root/Dojo/build/robot_control:/root/Dojo/install/robot_control/lib/python3.10/site-packages:/root/Dojo/install/robot_interfaces/local/lib/python3.10/dist-packages:/root/Dojo/install/robot_description/local/lib/python3.10/dist-packages:/opt/ros/humble/lib/python3.10/site-packages:/opt/ros/humble/local/lib/python3.10/dist-packages /usr/bin/cmake --build /root/Dojo/build/robot_bringup -- -j16 -l16
[2.194s] Invoking command in '/root/Dojo/build/robot_bringup': AMENT_PREFIX_PATH=/root/Dojo/install/robot_perception:/root/Dojo/install/robot_hardware:/root/Dojo/install/robot_control:/root/Dojo/install/robot_bringup:/root/Dojo/install/robot_navigation:/root/Dojo/install/robot_interfaces:/root/Dojo/install/robot_gazebo:/root/Dojo/install/robot_description:/root/Dojo/install/camera_ros:/opt/ros/humble CMAKE_PREFIX_PATH=/root/Dojo/install/robot_navigation:/root/Dojo/install/robot_description:/root/Dojo/install/robot_bringup:/root/Dojo/install/robot_interfaces:/root/Dojo/install/robot_gazebo:/root/Dojo/install/camera_ros:/root/Dojo/install/robot_perception:/root/Dojo/install/robot_hardware:/root/Dojo/install/robot_control:/opt/ros/humble PYTHONPATH=/root/Dojo/build/robot_perception:/root/Dojo/install/robot_perception/lib/python3.10/site-packages:/root/Dojo/build/robot_hardware:/root/Dojo/install/robot_hardware/lib/python3.10/site-packages:/root/Dojo/build/robot_control:/root/Dojo/install/robot_control/lib/python3.10/site-packages:/root/Dojo/install/robot_interfaces/local/lib/python3.10/dist-packages:/root/Dojo/install/robot_description/local/lib/python3.10/dist-packages:/opt/ros/humble/lib/python3.10/site-packages:/opt/ros/humble/local/lib/python3.10/dist-packages /usr/bin/cmake --install /root/Dojo/build/robot_bringup
[2.214s] -- Install configuration: ""
[2.215s] -- Execute custom install script
[2.221s] -- Symlinking: /root/Dojo/install/robot_bringup/share/robot_bringup/launch/bringup.launch.py
[2.252s] -- Symlinking: /root/Dojo/install/robot_bringup/share/robot_bringup/launch/modified_bringup.launch.py
[2.274s] -- Symlinking: /root/Dojo/install/robot_bringup/share/ament_index/resource_index/package_run_dependencies/robot_bringup
[2.300s] -- Symlinking: /root/Dojo/install/robot_bringup/share/ament_index/resource_index/parent_prefix_path/robot_bringup
[2.324s] -- Symlinking: /root/Dojo/install/robot_bringup/share/robot_bringup/environment/ament_prefix_path.sh
[2.351s] -- Symlinking: /root/Dojo/install/robot_bringup/share/robot_bringup/environment/ament_prefix_path.dsv
[2.375s] -- Symlinking: /root/Dojo/install/robot_bringup/share/robot_bringup/environment/path.sh
[2.402s] -- Symlinking: /root/Dojo/install/robot_bringup/share/robot_bringup/environment/path.dsv
[2.426s] -- Symlinking: /root/Dojo/install/robot_bringup/share/robot_bringup/local_setup.bash
[2.448s] -- Symlinking: /root/Dojo/install/robot_bringup/share/robot_bringup/local_setup.sh
[2.485s] -- Symlinking: /root/Dojo/install/robot_bringup/share/robot_bringup/local_setup.zsh
[2.572s] -- Symlinking: /root/Dojo/install/robot_bringup/share/robot_bringup/local_setup.dsv
[2.641s] -- Symlinking: /root/Dojo/install/robot_bringup/share/robot_bringup/package.dsv
[2.694s] -- Symlinking: /root/Dojo/install/robot_bringup/share/ament_index/resource_index/packages/robot_bringup
[2.747s] -- Symlinking: /root/Dojo/install/robot_bringup/share/robot_bringup/cmake/robot_bringupConfig.cmake
[2.778s] -- Symlinking: /root/Dojo/install/robot_bringup/share/robot_bringup/cmake/robot_bringupConfig-version.cmake
[2.827s] -- Symlinking: /root/Dojo/install/robot_bringup/share/robot_bringup/package.xml
[2.876s] Invoked command in '/root/Dojo/build/robot_bringup' returned '0': AMENT_PREFIX_PATH=/root/Dojo/install/robot_perception:/root/Dojo/install/robot_hardware:/root/Dojo/install/robot_control:/root/Dojo/install/robot_bringup:/root/Dojo/install/robot_navigation:/root/Dojo/install/robot_interfaces:/root/Dojo/install/robot_gazebo:/root/Dojo/install/robot_description:/root/Dojo/install/camera_ros:/opt/ros/humble CMAKE_PREFIX_PATH=/root/Dojo/install/robot_navigation:/root/Dojo/install/robot_description:/root/Dojo/install/robot_bringup:/root/Dojo/install/robot_interfaces:/root/Dojo/install/robot_gazebo:/root/Dojo/install/camera_ros:/root/Dojo/install/robot_perception:/root/Dojo/install/robot_hardware:/root/Dojo/install/robot_control:/opt/ros/humble PYTHONPATH=/root/Dojo/build/robot_perception:/root/Dojo/install/robot_perception/lib/python3.10/site-packages:/root/Dojo/build/robot_hardware:/root/Dojo/install/robot_hardware/lib/python3.10/site-packages:/root/Dojo/build/robot_control:/root/Dojo/install/robot_control/lib/python3.10/site-packages:/root/Dojo/install/robot_interfaces/local/lib/python3.10/dist-packages:/root/Dojo/install/robot_description/local/lib/python3.10/dist-packages:/opt/ros/humble/lib/python3.10/site-packages:/opt/ros/humble/local/lib/python3.10/dist-packages /usr/bin/cmake --install /root/Dojo/build/robot_bringup
