[4.582s] Invoking command in '/root/Dojo/build/robot_hardware': PYTHONPATH=/root/Dojo/build/robot_hardware/prefix_override:/usr/lib/python3/dist-packages/colcon_core/task/python/colcon_distutils_commands:/root/Dojo/install/robot_hardware/lib/python3.10/site-packages:${PYTHONPATH} /usr/bin/python3 -W ignore:setup.py install is deprecated -W ignore:easy_install command is deprecated setup.py develop --editable --build-directory /root/Dojo/build/robot_hardware/build --no-deps symlink_data
[5.411s] running develop
[5.802s] running egg_info
[5.825s] writing robot_hardware.egg-info/PKG-INFO
[5.825s] writing dependency_links to robot_hardware.egg-info/dependency_links.txt
[5.825s] writing entry points to robot_hardware.egg-info/entry_points.txt
[5.826s] writing requirements to robot_hardware.egg-info/requires.txt
[5.826s] writing top-level names to robot_hardware.egg-info/top_level.txt
[5.876s] reading manifest file 'robot_hardware.egg-info/SOURCES.txt'
[5.878s] writing manifest file 'robot_hardware.egg-info/SOURCES.txt'
[5.904s] running build_ext
[5.904s] Creating /root/Dojo/install/robot_hardware/lib/python3.10/site-packages/robot-hardware.egg-link (link to .)
[5.905s] Installing arduino_driver script to /root/Dojo/install/robot_hardware/lib/robot_hardware
[5.905s] Installing camera_driver script to /root/Dojo/install/robot_hardware/lib/robot_hardware
[5.906s] Installing hardware_manager script to /root/Dojo/install/robot_hardware/lib/robot_hardware
[5.906s] Installing lidar_driver script to /root/Dojo/install/robot_hardware/lib/robot_hardware
[5.906s] 
[5.907s] Installed /root/Dojo/build/robot_hardware
[5.907s] running symlink_data
[6.463s] Invoked command in '/root/Dojo/build/robot_hardware' returned '0': PYTHONPATH=/root/Dojo/build/robot_hardware/prefix_override:/usr/lib/python3/dist-packages/colcon_core/task/python/colcon_distutils_commands:/root/Dojo/install/robot_hardware/lib/python3.10/site-packages:${PYTHONPATH} /usr/bin/python3 -W ignore:setup.py install is deprecated -W ignore:easy_install command is deprecated setup.py develop --editable --build-directory /root/Dojo/build/robot_hardware/build --no-deps symlink_data
