running develop
running egg_info
creating ros2arduino_bridge.egg-info
writing ros2arduino_bridge.egg-info/PKG-INFO
writing dependency_links to ros2arduino_bridge.egg-info/dependency_links.txt
writing entry points to ros2arduino_bridge.egg-info/entry_points.txt
writing requirements to ros2arduino_bridge.egg-info/requires.txt
writing top-level names to ros2arduino_bridge.egg-info/top_level.txt
writing manifest file 'ros2arduino_bridge.egg-info/SOURCES.txt'
reading manifest file 'ros2arduino_bridge.egg-info/SOURCES.txt'
writing manifest file 'ros2arduino_bridge.egg-info/SOURCES.txt'
running build_ext
Creating /home/Dojo/Dojo/install/ros2arduino_bridge/lib/python3.10/site-packages/ros2arduino-bridge.egg-link (link to .)
Installing arduino_bridge script to /lib/ros2arduino_bridge

Installed /home/Dojo/Dojo/build/ros2arduino_bridge
running symlink_data
creating /home/Dojo/Dojo/install/ros2arduino_bridge/share/ament_index
creating /home/Dojo/Dojo/install/ros2arduino_bridge/share/ament_index/resource_index
creating /home/Dojo/Dojo/install/ros2arduino_bridge/share/ament_index/resource_index/packages
symbolically linking /home/Dojo/Dojo/build/ros2arduino_bridge/resource/ros2arduino_bridge -> /home/Dojo/Dojo/install/ros2arduino_bridge/share/ament_index/resource_index/packages
symbolically linking /home/Dojo/Dojo/build/ros2arduino_bridge/package.xml -> /home/Dojo/Dojo/install/ros2arduino_bridge/share/ros2arduino_bridge
creating /home/Dojo/Dojo/install/ros2arduino_bridge/share/ros2arduino_bridge/launch
symbolically linking /home/Dojo/Dojo/build/ros2arduino_bridge/launch/ros2arduino_bridge.launch.py -> /home/Dojo/Dojo/install/ros2arduino_bridge/share/ros2arduino_bridge/launch
creating /home/Dojo/Dojo/install/ros2arduino_bridge/share/ros2arduino_bridge/config
symbolically linking /home/Dojo/Dojo/build/ros2arduino_bridge/config/ros2arduino_bridge_params.yaml -> /home/Dojo/Dojo/install/ros2arduino_bridge/share/ros2arduino_bridge/config
