[1.869s] Invoking command in '/home/Dojo/Dojo/build/ros2arduino_bridge': PYTHONPATH=/home/Dojo/Dojo/build/ros2arduino_bridge/prefix_override:/usr/lib/python3/dist-packages/colcon_core/task/python/colcon_distutils_commands:/home/Dojo/Dojo/install/ros2arduino_bridge/lib/python3.10/site-packages:${PYTHONPATH} /usr/bin/python3 -W ignore:setup.py install is deprecated -W ignore:easy_install command is deprecated setup.py develop --editable --build-directory /home/Dojo/Dojo/build/ros2arduino_bridge/build --no-deps symlink_data
[2.189s] /usr/lib/python3/dist-packages/setuptools/dist.py:723: UserWarning: Usage of dash-separated 'script-dir' will not be supported in future versions. Please use the underscore name 'script_dir' instead
[2.189s]   warnings.warn(
[2.226s] running develop
[2.449s] running egg_info
[2.449s] creating ros2arduino_bridge.egg-info
[2.450s] writing ros2arduino_bridge.egg-info/PKG-INFO
[2.450s] writing dependency_links to ros2arduino_bridge.egg-info/dependency_links.txt
[2.450s] writing entry points to ros2arduino_bridge.egg-info/entry_points.txt
[2.450s] writing requirements to ros2arduino_bridge.egg-info/requires.txt
[2.450s] writing top-level names to ros2arduino_bridge.egg-info/top_level.txt
[2.451s] writing manifest file 'ros2arduino_bridge.egg-info/SOURCES.txt'
[2.454s] reading manifest file 'ros2arduino_bridge.egg-info/SOURCES.txt'
[2.455s] writing manifest file 'ros2arduino_bridge.egg-info/SOURCES.txt'
[2.456s] running build_ext
[2.456s] Creating /home/Dojo/Dojo/install/ros2arduino_bridge/lib/python3.10/site-packages/ros2arduino-bridge.egg-link (link to .)
[2.457s] Installing arduino_bridge script to /lib/ros2arduino_bridge
[2.457s] 
[2.458s] Installed /home/Dojo/Dojo/build/ros2arduino_bridge
[2.458s] running symlink_data
[2.458s] creating /home/Dojo/Dojo/install/ros2arduino_bridge/share/ament_index
[2.458s] creating /home/Dojo/Dojo/install/ros2arduino_bridge/share/ament_index/resource_index
[2.458s] creating /home/Dojo/Dojo/install/ros2arduino_bridge/share/ament_index/resource_index/packages
[2.458s] symbolically linking /home/Dojo/Dojo/build/ros2arduino_bridge/resource/ros2arduino_bridge -> /home/Dojo/Dojo/install/ros2arduino_bridge/share/ament_index/resource_index/packages
[2.459s] symbolically linking /home/Dojo/Dojo/build/ros2arduino_bridge/package.xml -> /home/Dojo/Dojo/install/ros2arduino_bridge/share/ros2arduino_bridge
[2.459s] creating /home/Dojo/Dojo/install/ros2arduino_bridge/share/ros2arduino_bridge/launch
[2.459s] symbolically linking /home/Dojo/Dojo/build/ros2arduino_bridge/launch/ros2arduino_bridge.launch.py -> /home/Dojo/Dojo/install/ros2arduino_bridge/share/ros2arduino_bridge/launch
[2.459s] creating /home/Dojo/Dojo/install/ros2arduino_bridge/share/ros2arduino_bridge/config
[2.459s] symbolically linking /home/Dojo/Dojo/build/ros2arduino_bridge/config/ros2arduino_bridge_params.yaml -> /home/Dojo/Dojo/install/ros2arduino_bridge/share/ros2arduino_bridge/config
[2.508s] Invoked command in '/home/Dojo/Dojo/build/ros2arduino_bridge' returned '0': PYTHONPATH=/home/Dojo/Dojo/build/ros2arduino_bridge/prefix_override:/usr/lib/python3/dist-packages/colcon_core/task/python/colcon_distutils_commands:/home/Dojo/Dojo/install/ros2arduino_bridge/lib/python3.10/site-packages:${PYTHONPATH} /usr/bin/python3 -W ignore:setup.py install is deprecated -W ignore:easy_install command is deprecated setup.py develop --editable --build-directory /home/Dojo/Dojo/build/ros2arduino_bridge/build --no-deps symlink_data
