[0.389s] Invoking command in '/root/Dojo/build/robot_description': CMAKE_PREFIX_PATH=${CMAKE_PREFIX_PATH}:/root/Dojo/install/vision_system:/root/Dojo/install/robot_launch:/root/Dojo/install/ros2arduino_bridge:/root/Dojo/install/robot_sensors:/root/Dojo/install/robot_perception:/root/Dojo/install/robot_hardware:/root/Dojo/install/robot_control:/root/Dojo/install/nv21_converter_pkg:/root/Dojo/install/arduino_bridge:/opt/ros/humble /usr/bin/cmake --build /root/Dojo/build/robot_description -- -j16 -l16
[2.390s] Built target ament_cmake_python_symlink_robot_description
[2.391s] running egg_info
[2.391s] writing robot_description.egg-info/PKG-INFO
[2.392s] writing dependency_links to robot_description.egg-info/dependency_links.txt
[2.392s] writing top-level names to robot_description.egg-info/top_level.txt
[2.392s] reading manifest file 'robot_description.egg-info/SOURCES.txt'
[2.392s] writing manifest file 'robot_description.egg-info/SOURCES.txt'
[2.392s] Built target ament_cmake_python_build_robot_description_egg
[2.773s] Invoked command in '/root/Dojo/build/robot_description' returned '0': CMAKE_PREFIX_PATH=${CMAKE_PREFIX_PATH}:/root/Dojo/install/vision_system:/root/Dojo/install/robot_launch:/root/Dojo/install/ros2arduino_bridge:/root/Dojo/install/robot_sensors:/root/Dojo/install/robot_perception:/root/Dojo/install/robot_hardware:/root/Dojo/install/robot_control:/root/Dojo/install/nv21_converter_pkg:/root/Dojo/install/arduino_bridge:/opt/ros/humble /usr/bin/cmake --build /root/Dojo/build/robot_description -- -j16 -l16
[2.774s] Invoking command in '/root/Dojo/build/robot_description': CMAKE_PREFIX_PATH=${CMAKE_PREFIX_PATH}:/root/Dojo/install/vision_system:/root/Dojo/install/robot_launch:/root/Dojo/install/ros2arduino_bridge:/root/Dojo/install/robot_sensors:/root/Dojo/install/robot_perception:/root/Dojo/install/robot_hardware:/root/Dojo/install/robot_control:/root/Dojo/install/nv21_converter_pkg:/root/Dojo/install/arduino_bridge:/opt/ros/humble /usr/bin/cmake --install /root/Dojo/build/robot_description
[2.788s] -- Install configuration: ""
[2.790s] -- Execute custom install script
[2.791s] -- Up-to-date symlink: /root/Dojo/install/robot_description/share/robot_description/launch/display.launch.py
[2.792s] -- Up-to-date symlink: /root/Dojo/install/robot_description/share/robot_description/launch/robot_state_publisher.launch.py
[2.797s] -- Up-to-date symlink: /root/Dojo/install/robot_description/share/robot_description/urdf/common_properties.xacro
[2.798s] -- Up-to-date symlink: /root/Dojo/install/robot_description/share/robot_description/urdf/dojo_robot.gazebo
[2.800s] -- Up-to-date symlink: /root/Dojo/install/robot_description/share/robot_description/urdf/dojo_robot.urdf.xacro
[2.801s] -- Up-to-date symlink: /root/Dojo/install/robot_description/share/robot_description/urdf/robot.urdf
[2.801s] -- Up-to-date symlink: /root/Dojo/install/robot_description/share/robot_description/urdf/robot.urdf.xacro
[2.801s] -- Up-to-date symlink: /root/Dojo/install/robot_description/share/robot_description/urdf/sensors/rplidar.urdf.xacro
[2.801s] -- Up-to-date symlink: /root/Dojo/install/robot_description/share/robot_description/rviz/display.rviz
[2.801s] -- Up-to-date symlink: /root/Dojo/install/robot_description/share/robot_description/rviz/dojo_robot.rviz
[2.801s] -- Up-to-date symlink: /root/Dojo/install/robot_description/share/robot_description/rviz/robot.rviz
[2.802s] -- Up-to-date symlink: /root/Dojo/install/robot_description/share/robot_description/environment/pythonpath.sh
[2.802s] -- Up-to-date symlink: /root/Dojo/install/robot_description/share/robot_description/environment/pythonpath.dsv
[2.802s] -- Up-to-date symlink: /root/Dojo/install/robot_description/local/lib/python3.10/dist-packages/robot_description-0.0.1-py3.10.egg-info/PKG-INFO
[2.802s] -- Up-to-date symlink: /root/Dojo/install/robot_description/local/lib/python3.10/dist-packages/robot_description-0.0.1-py3.10.egg-info/SOURCES.txt
[2.802s] -- Up-to-date symlink: /root/Dojo/install/robot_description/local/lib/python3.10/dist-packages/robot_description-0.0.1-py3.10.egg-info/dependency_links.txt
[2.803s] -- Up-to-date symlink: /root/Dojo/install/robot_description/local/lib/python3.10/dist-packages/robot_description-0.0.1-py3.10.egg-info/top_level.txt
[2.803s] -- Up-to-date symlink: /root/Dojo/install/robot_description/local/lib/python3.10/dist-packages/robot_description/__init__.py
[2.803s] -- Up-to-date symlink: /root/Dojo/install/robot_description/lib/robot_description/display_robot.py
[2.803s] -- Up-to-date symlink: /root/Dojo/install/robot_description/share/ament_index/resource_index/package_run_dependencies/robot_description
[2.803s] -- Up-to-date symlink: /root/Dojo/install/robot_description/share/ament_index/resource_index/parent_prefix_path/robot_description
[2.803s] -- Up-to-date symlink: /root/Dojo/install/robot_description/share/robot_description/environment/ament_prefix_path.sh
[2.804s] -- Up-to-date symlink: /root/Dojo/install/robot_description/share/robot_description/environment/ament_prefix_path.dsv
[2.804s] -- Up-to-date symlink: /root/Dojo/install/robot_description/share/robot_description/environment/path.sh
[2.804s] -- Up-to-date symlink: /root/Dojo/install/robot_description/share/robot_description/environment/path.dsv
[2.804s] -- Up-to-date symlink: /root/Dojo/install/robot_description/share/robot_description/local_setup.bash
[2.804s] -- Up-to-date symlink: /root/Dojo/install/robot_description/share/robot_description/local_setup.sh
[2.805s] -- Up-to-date symlink: /root/Dojo/install/robot_description/share/robot_description/local_setup.zsh
[2.806s] -- Up-to-date symlink: /root/Dojo/install/robot_description/share/robot_description/local_setup.dsv
[2.806s] -- Symlinking: /root/Dojo/install/robot_description/share/robot_description/package.dsv
[2.809s] -- Up-to-date symlink: /root/Dojo/install/robot_description/share/ament_index/resource_index/packages/robot_description
[2.809s] -- Up-to-date symlink: /root/Dojo/install/robot_description/share/robot_description/cmake/robot_descriptionConfig.cmake
[2.810s] -- Up-to-date symlink: /root/Dojo/install/robot_description/share/robot_description/cmake/robot_descriptionConfig-version.cmake
[2.810s] -- Up-to-date symlink: /root/Dojo/install/robot_description/share/robot_description/package.xml
[2.810s] -- Up-to-date: /root/Dojo/install/robot_description/share/robot_description
[2.810s] -- Up-to-date: /root/Dojo/install/robot_description/share/robot_description/urdf
[2.810s] -- Up-to-date: /root/Dojo/install/robot_description/share/robot_description/urdf/sensors
[2.810s] -- Up-to-date: /root/Dojo/install/robot_description/share/robot_description/rviz
[2.810s] -- Up-to-date: /root/Dojo/install/robot_description/share/robot_description/src
[2.810s] -- Up-to-date: /root/Dojo/install/robot_description/share/robot_description/src/robot_description
[2.810s] -- Up-to-date: /root/Dojo/install/robot_description/share/robot_description/robot_description
[2.810s] -- Up-to-date: /root/Dojo/install/robot_description/share/robot_description/robot_description/robot_description
[2.810s] -- Up-to-date: /root/Dojo/install/robot_description/share/robot_description/scripts
[2.810s] -- Up-to-date: /root/Dojo/install/robot_description/share/robot_description/resource
[2.811s] -- Up-to-date: /root/Dojo/install/robot_description/share/robot_description/launch
[2.811s] -- Up-to-date: /root/Dojo/install/robot_description/share/robot_description/config
[2.811s] -- Up-to-date: /root/Dojo/install/robot_description/share/robot_description
[2.811s] -- Up-to-date: /root/Dojo/install/robot_description/share/robot_description/urdf
[2.811s] -- Up-to-date: /root/Dojo/install/robot_description/share/robot_description/urdf/sensors
[2.811s] -- Up-to-date: /root/Dojo/install/robot_description/share/robot_description/rviz
[2.811s] -- Up-to-date: /root/Dojo/install/robot_description/share/robot_description/src
[2.811s] -- Up-to-date: /root/Dojo/install/robot_description/share/robot_description/src/robot_description
[2.811s] -- Up-to-date: /root/Dojo/install/robot_description/share/robot_description/robot_description
[2.811s] -- Up-to-date: /root/Dojo/install/robot_description/share/robot_description/robot_description/robot_description
[2.811s] -- Up-to-date: /root/Dojo/install/robot_description/share/robot_description/scripts
[2.812s] -- Up-to-date: /root/Dojo/install/robot_description/share/robot_description/resource
[2.812s] -- Up-to-date: /root/Dojo/install/robot_description/share/robot_description/launch
[2.812s] -- Up-to-date: /root/Dojo/install/robot_description/share/robot_description/config
[2.812s] -- Up-to-date: /root/Dojo/install/robot_description/lib/robot_description/robot_description
[2.812s] -- Up-to-date: /root/Dojo/install/robot_description/lib/robot_description/robot_description/__init__.py
[2.856s] Listing '/root/Dojo/install/robot_description/local/lib/python3.10/dist-packages/robot_description'...
[2.863s] Invoked command in '/root/Dojo/build/robot_description' returned '0': CMAKE_PREFIX_PATH=${CMAKE_PREFIX_PATH}:/root/Dojo/install/vision_system:/root/Dojo/install/robot_launch:/root/Dojo/install/ros2arduino_bridge:/root/Dojo/install/robot_sensors:/root/Dojo/install/robot_perception:/root/Dojo/install/robot_hardware:/root/Dojo/install/robot_control:/root/Dojo/install/nv21_converter_pkg:/root/Dojo/install/arduino_bridge:/opt/ros/humble /usr/bin/cmake --install /root/Dojo/build/robot_description
