[3.646s] Invoking command in '/home/robosync/Robot/camera_ws/src/nv21_converter_pkg': PYTHONPATH=/home/robosync/Robot/camera_ws/build/nv21_converter_pkg/prefix_override:/usr/lib/python3/dist-packages/colcon_core/task/python/colcon_distutils_commands:/home/robosync/Robot/camera_ws/install/nv21_converter_pkg/lib/python3.10/site-packages:${PYTHONPATH} /usr/bin/python3 -W ignore:setup.py install is deprecated -W ignore:easy_install command is deprecated setup.py egg_info --egg-base ../../build/nv21_converter_pkg build --build-base /home/robosync/Robot/camera_ws/build/nv21_converter_pkg/build install --record /home/robosync/Robot/camera_ws/build/nv21_converter_pkg/install.log --single-version-externally-managed install_data
[4.916s] running egg_info
[4.919s] creating ../../build/nv21_converter_pkg/nv21_converter_pkg.egg-info
[4.920s] writing ../../build/nv21_converter_pkg/nv21_converter_pkg.egg-info/PKG-INFO
[4.921s] writing dependency_links to ../../build/nv21_converter_pkg/nv21_converter_pkg.egg-info/dependency_links.txt
[4.921s] writing entry points to ../../build/nv21_converter_pkg/nv21_converter_pkg.egg-info/entry_points.txt
[4.922s] writing requirements to ../../build/nv21_converter_pkg/nv21_converter_pkg.egg-info/requires.txt
[4.922s] writing top-level names to ../../build/nv21_converter_pkg/nv21_converter_pkg.egg-info/top_level.txt
[4.923s] writing manifest file '../../build/nv21_converter_pkg/nv21_converter_pkg.egg-info/SOURCES.txt'
[4.932s] reading manifest file '../../build/nv21_converter_pkg/nv21_converter_pkg.egg-info/SOURCES.txt'
[4.936s] writing manifest file '../../build/nv21_converter_pkg/nv21_converter_pkg.egg-info/SOURCES.txt'
[4.936s] running build
[4.937s] running build_py
[4.937s] creating /home/robosync/Robot/camera_ws/build/nv21_converter_pkg/build
[4.938s] creating /home/robosync/Robot/camera_ws/build/nv21_converter_pkg/build/lib
[4.938s] creating /home/robosync/Robot/camera_ws/build/nv21_converter_pkg/build/lib/nv21_converter_pkg
[4.939s] copying nv21_converter_pkg/__init__.py -> /home/robosync/Robot/camera_ws/build/nv21_converter_pkg/build/lib/nv21_converter_pkg
[4.939s] copying nv21_converter_pkg/nv21_converter.py -> /home/robosync/Robot/camera_ws/build/nv21_converter_pkg/build/lib/nv21_converter_pkg
[4.940s] running install
[4.942s] running install_lib
[4.945s] creating /home/robosync/Robot/camera_ws/install/nv21_converter_pkg/lib/python3.10/site-packages/nv21_converter_pkg
[4.946s] copying /home/robosync/Robot/camera_ws/build/nv21_converter_pkg/build/lib/nv21_converter_pkg/__init__.py -> /home/robosync/Robot/camera_ws/install/nv21_converter_pkg/lib/python3.10/site-packages/nv21_converter_pkg
[4.946s] copying /home/robosync/Robot/camera_ws/build/nv21_converter_pkg/build/lib/nv21_converter_pkg/nv21_converter.py -> /home/robosync/Robot/camera_ws/install/nv21_converter_pkg/lib/python3.10/site-packages/nv21_converter_pkg
[4.949s] byte-compiling /home/robosync/Robot/camera_ws/install/nv21_converter_pkg/lib/python3.10/site-packages/nv21_converter_pkg/__init__.py to __init__.cpython-310.pyc
[4.950s] byte-compiling /home/robosync/Robot/camera_ws/install/nv21_converter_pkg/lib/python3.10/site-packages/nv21_converter_pkg/nv21_converter.py to nv21_converter.cpython-310.pyc
[4.953s] running install_data
[4.954s] creating /home/robosync/Robot/camera_ws/install/nv21_converter_pkg/share/ament_index
[4.954s] creating /home/robosync/Robot/camera_ws/install/nv21_converter_pkg/share/ament_index/resource_index
[4.955s] creating /home/robosync/Robot/camera_ws/install/nv21_converter_pkg/share/ament_index/resource_index/packages
[4.955s] copying resource/nv21_converter_pkg -> /home/robosync/Robot/camera_ws/install/nv21_converter_pkg/share/ament_index/resource_index/packages
[4.956s] copying package.xml -> /home/robosync/Robot/camera_ws/install/nv21_converter_pkg/share/nv21_converter_pkg
[4.956s] running install_egg_info
[4.964s] Copying ../../build/nv21_converter_pkg/nv21_converter_pkg.egg-info to /home/robosync/Robot/camera_ws/install/nv21_converter_pkg/lib/python3.10/site-packages/nv21_converter_pkg-0.0.0-py3.10.egg-info
[4.970s] running install_scripts
[5.058s] Installing nv21_converter script to /home/robosync/Robot/camera_ws/install/nv21_converter_pkg/lib/nv21_converter_pkg
[5.059s] writing list of installed files to '/home/robosync/Robot/camera_ws/build/nv21_converter_pkg/install.log'
[5.205s] Invoked command in '/home/robosync/Robot/camera_ws/src/nv21_converter_pkg' returned '0': PYTHONPATH=/home/robosync/Robot/camera_ws/build/nv21_converter_pkg/prefix_override:/usr/lib/python3/dist-packages/colcon_core/task/python/colcon_distutils_commands:/home/robosync/Robot/camera_ws/install/nv21_converter_pkg/lib/python3.10/site-packages:${PYTHONPATH} /usr/bin/python3 -W ignore:setup.py install is deprecated -W ignore:easy_install command is deprecated setup.py egg_info --egg-base ../../build/nv21_converter_pkg build --build-base /home/robosync/Robot/camera_ws/build/nv21_converter_pkg/build install --record /home/robosync/Robot/camera_ws/build/nv21_converter_pkg/install.log --single-version-externally-managed install_data
