[2.515s] Invoking command in '/root/Dojo/build/robot_interfaces': CMAKE_PREFIX_PATH=${CMAKE_PREFIX_PATH}:/root/Dojo/install/vision_system:/root/Dojo/install/robot_launch:/root/Dojo/install/ros2arduino_bridge:/root/Dojo/install/robot_sensors:/root/Dojo/install/robot_perception:/root/Dojo/install/robot_hardware:/root/Dojo/install/robot_control:/root/Dojo/install/nv21_converter_pkg:/root/Dojo/install/arduino_bridge:/opt/ros/humble /usr/bin/cmake --build /root/Dojo/build/robot_interfaces -- -j16 -l16
[2.544s] [  1%] Built target robot_interfaces__cpp
[2.546s] [ 12%] Built target robot_interfaces__rosidl_generator_c
[2.554s] [ 12%] Built target ament_cmake_python_symlink_robot_interfaces
[2.574s] [ 37%] Built target robot_interfaces__rosidl_typesupport_introspection_c
[2.574s] [ 37%] Built target robot_interfaces__rosidl_typesupport_cpp
[2.574s] [ 53%] Built target robot_interfaces__rosidl_typesupport_fastrtps_cpp
[2.574s] [ 58%] Built target robot_interfaces__rosidl_typesupport_introspection_cpp
[2.576s] [ 69%] Built target robot_interfaces__rosidl_typesupport_c
[2.577s] [ 81%] Built target robot_interfaces__rosidl_typesupport_fastrtps_c
[2.601s] [ 81%] Built target robot_interfaces
[2.624s] [ 82%] Built target robot_interfaces__py
[2.652s] [ 92%] Built target robot_interfaces__rosidl_generator_py
[2.677s] [100%] Built target robot_interfaces__rosidl_typesupport_c__pyext
[2.677s] [100%] Built target robot_interfaces__rosidl_typesupport_fastrtps_c__pyext
[2.678s] [100%] Built target robot_interfaces__rosidl_typesupport_introspection_c__pyext
[2.909s] running egg_info
[2.944s] writing robot_interfaces.egg-info/PKG-INFO
[2.945s] writing dependency_links to robot_interfaces.egg-info/dependency_links.txt
[2.949s] writing top-level names to robot_interfaces.egg-info/top_level.txt
[3.009s] reading manifest file 'robot_interfaces.egg-info/SOURCES.txt'
[3.010s] writing manifest file 'robot_interfaces.egg-info/SOURCES.txt'
[3.109s] [100%] Built target ament_cmake_python_build_robot_interfaces_egg
[3.134s] Invoked command in '/root/Dojo/build/robot_interfaces' returned '0': CMAKE_PREFIX_PATH=${CMAKE_PREFIX_PATH}:/root/Dojo/install/vision_system:/root/Dojo/install/robot_launch:/root/Dojo/install/ros2arduino_bridge:/root/Dojo/install/robot_sensors:/root/Dojo/install/robot_perception:/root/Dojo/install/robot_hardware:/root/Dojo/install/robot_control:/root/Dojo/install/nv21_converter_pkg:/root/Dojo/install/arduino_bridge:/opt/ros/humble /usr/bin/cmake --build /root/Dojo/build/robot_interfaces -- -j16 -l16
[3.136s] Invoking command in '/root/Dojo/build/robot_interfaces': CMAKE_PREFIX_PATH=${CMAKE_PREFIX_PATH}:/root/Dojo/install/vision_system:/root/Dojo/install/robot_launch:/root/Dojo/install/ros2arduino_bridge:/root/Dojo/install/robot_sensors:/root/Dojo/install/robot_perception:/root/Dojo/install/robot_hardware:/root/Dojo/install/robot_control:/root/Dojo/install/nv21_converter_pkg:/root/Dojo/install/arduino_bridge:/opt/ros/humble /usr/bin/cmake --install /root/Dojo/build/robot_interfaces
[3.151s] -- Install configuration: ""
[3.152s] -- Execute custom install script
[3.153s] -- Up-to-date symlink: /root/Dojo/install/robot_interfaces/share/ament_index/resource_index/rosidl_interfaces/robot_interfaces
[3.154s] -- Up-to-date symlink: /root/Dojo/install/robot_interfaces/include/robot_interfaces/robot_interfaces/action/detail/navigation__functions.h
[3.155s] -- Up-to-date symlink: /root/Dojo/install/robot_interfaces/include/robot_interfaces/robot_interfaces/action/detail/navigation__struct.h
[3.157s] -- Up-to-date symlink: /root/Dojo/install/robot_interfaces/include/robot_interfaces/robot_interfaces/action/detail/navigation__type_support.h
[3.158s] -- Up-to-date symlink: /root/Dojo/install/robot_interfaces/include/robot_interfaces/robot_interfaces/action/navigation.h
[3.159s] -- Up-to-date symlink: /root/Dojo/install/robot_interfaces/include/robot_interfaces/robot_interfaces/msg/detail/hardware_status__functions.h
[3.160s] -- Up-to-date symlink: /root/Dojo/install/robot_interfaces/include/robot_interfaces/robot_interfaces/msg/detail/hardware_status__struct.h
[3.161s] -- Up-to-date symlink: /root/Dojo/install/robot_interfaces/include/robot_interfaces/robot_interfaces/msg/detail/hardware_status__type_support.h
[3.162s] -- Up-to-date symlink: /root/Dojo/install/robot_interfaces/include/robot_interfaces/robot_interfaces/msg/detail/motor_command__functions.h
[3.163s] -- Up-to-date symlink: /root/Dojo/install/robot_interfaces/include/robot_interfaces/robot_interfaces/msg/detail/motor_command__struct.h
[3.164s] -- Up-to-date symlink: /root/Dojo/install/robot_interfaces/include/robot_interfaces/robot_interfaces/msg/detail/motor_command__type_support.h
[3.164s] -- Up-to-date symlink: /root/Dojo/install/robot_interfaces/include/robot_interfaces/robot_interfaces/msg/detail/robot_state__functions.h
[3.164s] -- Up-to-date symlink: /root/Dojo/install/robot_interfaces/include/robot_interfaces/robot_interfaces/msg/detail/robot_state__struct.h
[3.164s] -- Up-to-date symlink: /root/Dojo/install/robot_interfaces/include/robot_interfaces/robot_interfaces/msg/detail/robot_state__type_support.h
[3.164s] -- Up-to-date symlink: /root/Dojo/install/robot_interfaces/include/robot_interfaces/robot_interfaces/msg/detail/sensor_data__functions.h
[3.164s] -- Up-to-date symlink: /root/Dojo/install/robot_interfaces/include/robot_interfaces/robot_interfaces/msg/detail/sensor_data__struct.h
[3.164s] -- Up-to-date symlink: /root/Dojo/install/robot_interfaces/include/robot_interfaces/robot_interfaces/msg/detail/sensor_data__type_support.h
[3.164s] -- Up-to-date symlink: /root/Dojo/install/robot_interfaces/include/robot_interfaces/robot_interfaces/msg/hardware_status.h
[3.165s] -- Up-to-date symlink: /root/Dojo/install/robot_interfaces/include/robot_interfaces/robot_interfaces/msg/motor_command.h
[3.165s] -- Up-to-date symlink: /root/Dojo/install/robot_interfaces/include/robot_interfaces/robot_interfaces/msg/robot_state.h
[3.165s] -- Up-to-date symlink: /root/Dojo/install/robot_interfaces/include/robot_interfaces/robot_interfaces/msg/rosidl_generator_c__visibility_control.h
[3.165s] -- Up-to-date symlink: /root/Dojo/install/robot_interfaces/include/robot_interfaces/robot_interfaces/msg/sensor_data.h
[3.165s] -- Up-to-date symlink: /root/Dojo/install/robot_interfaces/include/robot_interfaces/robot_interfaces/srv/calibration.h
[3.165s] -- Up-to-date symlink: /root/Dojo/install/robot_interfaces/include/robot_interfaces/robot_interfaces/srv/detail/calibration__functions.h
[3.165s] -- Up-to-date symlink: /root/Dojo/install/robot_interfaces/include/robot_interfaces/robot_interfaces/srv/detail/calibration__struct.h
[3.165s] -- Up-to-date symlink: /root/Dojo/install/robot_interfaces/include/robot_interfaces/robot_interfaces/srv/detail/calibration__type_support.h
[3.166s] -- Up-to-date symlink: /root/Dojo/install/robot_interfaces/include/robot_interfaces/robot_interfaces/srv/detail/set_mode__functions.h
[3.166s] -- Up-to-date symlink: /root/Dojo/install/robot_interfaces/include/robot_interfaces/robot_interfaces/srv/detail/set_mode__struct.h
[3.166s] -- Up-to-date symlink: /root/Dojo/install/robot_interfaces/include/robot_interfaces/robot_interfaces/srv/detail/set_mode__type_support.h
[3.166s] -- Up-to-date symlink: /root/Dojo/install/robot_interfaces/include/robot_interfaces/robot_interfaces/srv/set_mode.h
[3.166s] -- Up-to-date symlink: /root/Dojo/install/robot_interfaces/share/robot_interfaces/environment/library_path.sh
[3.166s] -- Up-to-date symlink: /root/Dojo/install/robot_interfaces/share/robot_interfaces/environment/library_path.dsv
[3.166s] -- Up-to-date symlink: /root/Dojo/install/robot_interfaces/include/robot_interfaces/robot_interfaces/action/detail/navigation__rosidl_typesupport_fastrtps_c.h
[3.166s] -- Up-to-date symlink: /root/Dojo/install/robot_interfaces/include/robot_interfaces/robot_interfaces/msg/detail/hardware_status__rosidl_typesupport_fastrtps_c.h
[3.167s] -- Up-to-date symlink: /root/Dojo/install/robot_interfaces/include/robot_interfaces/robot_interfaces/msg/detail/motor_command__rosidl_typesupport_fastrtps_c.h
[3.167s] -- Up-to-date symlink: /root/Dojo/install/robot_interfaces/include/robot_interfaces/robot_interfaces/msg/detail/robot_state__rosidl_typesupport_fastrtps_c.h
[3.167s] -- Up-to-date symlink: /root/Dojo/install/robot_interfaces/include/robot_interfaces/robot_interfaces/msg/detail/sensor_data__rosidl_typesupport_fastrtps_c.h
[3.167s] -- Up-to-date symlink: /root/Dojo/install/robot_interfaces/include/robot_interfaces/robot_interfaces/msg/rosidl_typesupport_fastrtps_c__visibility_control.h
[3.167s] -- Up-to-date symlink: /root/Dojo/install/robot_interfaces/include/robot_interfaces/robot_interfaces/srv/detail/calibration__rosidl_typesupport_fastrtps_c.h
[3.167s] -- Up-to-date symlink: /root/Dojo/install/robot_interfaces/include/robot_interfaces/robot_interfaces/srv/detail/set_mode__rosidl_typesupport_fastrtps_c.h
[3.167s] -- Up-to-date symlink: /root/Dojo/install/robot_interfaces/include/robot_interfaces/robot_interfaces/action/detail/navigation__builder.hpp
[3.167s] -- Up-to-date symlink: /root/Dojo/install/robot_interfaces/include/robot_interfaces/robot_interfaces/action/detail/navigation__struct.hpp
[3.167s] -- Up-to-date symlink: /root/Dojo/install/robot_interfaces/include/robot_interfaces/robot_interfaces/action/detail/navigation__traits.hpp
[3.168s] -- Up-to-date symlink: /root/Dojo/install/robot_interfaces/include/robot_interfaces/robot_interfaces/action/detail/navigation__type_support.hpp
[3.168s] -- Up-to-date symlink: /root/Dojo/install/robot_interfaces/include/robot_interfaces/robot_interfaces/action/navigation.hpp
[3.168s] -- Up-to-date symlink: /root/Dojo/install/robot_interfaces/include/robot_interfaces/robot_interfaces/msg/detail/hardware_status__builder.hpp
[3.168s] -- Up-to-date symlink: /root/Dojo/install/robot_interfaces/include/robot_interfaces/robot_interfaces/msg/detail/hardware_status__struct.hpp
[3.168s] -- Up-to-date symlink: /root/Dojo/install/robot_interfaces/include/robot_interfaces/robot_interfaces/msg/detail/hardware_status__traits.hpp
[3.168s] -- Up-to-date symlink: /root/Dojo/install/robot_interfaces/include/robot_interfaces/robot_interfaces/msg/detail/hardware_status__type_support.hpp
[3.168s] -- Up-to-date symlink: /root/Dojo/install/robot_interfaces/include/robot_interfaces/robot_interfaces/msg/detail/motor_command__builder.hpp
[3.168s] -- Up-to-date symlink: /root/Dojo/install/robot_interfaces/include/robot_interfaces/robot_interfaces/msg/detail/motor_command__struct.hpp
[3.169s] -- Up-to-date symlink: /root/Dojo/install/robot_interfaces/include/robot_interfaces/robot_interfaces/msg/detail/motor_command__traits.hpp
[3.169s] -- Up-to-date symlink: /root/Dojo/install/robot_interfaces/include/robot_interfaces/robot_interfaces/msg/detail/motor_command__type_support.hpp
[3.169s] -- Up-to-date symlink: /root/Dojo/install/robot_interfaces/include/robot_interfaces/robot_interfaces/msg/detail/robot_state__builder.hpp
[3.169s] -- Up-to-date symlink: /root/Dojo/install/robot_interfaces/include/robot_interfaces/robot_interfaces/msg/detail/robot_state__struct.hpp
[3.169s] -- Up-to-date symlink: /root/Dojo/install/robot_interfaces/include/robot_interfaces/robot_interfaces/msg/detail/robot_state__traits.hpp
[3.169s] -- Up-to-date symlink: /root/Dojo/install/robot_interfaces/include/robot_interfaces/robot_interfaces/msg/detail/robot_state__type_support.hpp
[3.169s] -- Up-to-date symlink: /root/Dojo/install/robot_interfaces/include/robot_interfaces/robot_interfaces/msg/detail/sensor_data__builder.hpp
[3.169s] -- Up-to-date symlink: /root/Dojo/install/robot_interfaces/include/robot_interfaces/robot_interfaces/msg/detail/sensor_data__struct.hpp
[3.169s] -- Up-to-date symlink: /root/Dojo/install/robot_interfaces/include/robot_interfaces/robot_interfaces/msg/detail/sensor_data__traits.hpp
[3.170s] -- Up-to-date symlink: /root/Dojo/install/robot_interfaces/include/robot_interfaces/robot_interfaces/msg/detail/sensor_data__type_support.hpp
[3.170s] -- Up-to-date symlink: /root/Dojo/install/robot_interfaces/include/robot_interfaces/robot_interfaces/msg/hardware_status.hpp
[3.170s] -- Up-to-date symlink: /root/Dojo/install/robot_interfaces/include/robot_interfaces/robot_interfaces/msg/motor_command.hpp
[3.170s] -- Up-to-date symlink: /root/Dojo/install/robot_interfaces/include/robot_interfaces/robot_interfaces/msg/robot_state.hpp
[3.170s] -- Up-to-date symlink: /root/Dojo/install/robot_interfaces/include/robot_interfaces/robot_interfaces/msg/rosidl_generator_cpp__visibility_control.hpp
[3.171s] -- Up-to-date symlink: /root/Dojo/install/robot_interfaces/include/robot_interfaces/robot_interfaces/msg/sensor_data.hpp
[3.171s] -- Up-to-date symlink: /root/Dojo/install/robot_interfaces/include/robot_interfaces/robot_interfaces/srv/calibration.hpp
[3.171s] -- Up-to-date symlink: /root/Dojo/install/robot_interfaces/include/robot_interfaces/robot_interfaces/srv/detail/calibration__builder.hpp
[3.171s] -- Up-to-date symlink: /root/Dojo/install/robot_interfaces/include/robot_interfaces/robot_interfaces/srv/detail/calibration__struct.hpp
[3.171s] -- Up-to-date symlink: /root/Dojo/install/robot_interfaces/include/robot_interfaces/robot_interfaces/srv/detail/calibration__traits.hpp
[3.172s] -- Up-to-date symlink: /root/Dojo/install/robot_interfaces/include/robot_interfaces/robot_interfaces/srv/detail/calibration__type_support.hpp
[3.172s] -- Up-to-date symlink: /root/Dojo/install/robot_interfaces/include/robot_interfaces/robot_interfaces/srv/detail/set_mode__builder.hpp
[3.172s] -- Up-to-date symlink: /root/Dojo/install/robot_interfaces/include/robot_interfaces/robot_interfaces/srv/detail/set_mode__struct.hpp
[3.172s] -- Up-to-date symlink: /root/Dojo/install/robot_interfaces/include/robot_interfaces/robot_interfaces/srv/detail/set_mode__traits.hpp
[3.173s] -- Up-to-date symlink: /root/Dojo/install/robot_interfaces/include/robot_interfaces/robot_interfaces/srv/detail/set_mode__type_support.hpp
[3.173s] -- Up-to-date symlink: /root/Dojo/install/robot_interfaces/include/robot_interfaces/robot_interfaces/srv/set_mode.hpp
[3.174s] -- Up-to-date symlink: /root/Dojo/install/robot_interfaces/include/robot_interfaces/robot_interfaces/action/detail/navigation__rosidl_typesupport_fastrtps_cpp.hpp
[3.175s] -- Up-to-date symlink: /root/Dojo/install/robot_interfaces/include/robot_interfaces/robot_interfaces/msg/detail/hardware_status__rosidl_typesupport_fastrtps_cpp.hpp
[3.175s] -- Up-to-date symlink: /root/Dojo/install/robot_interfaces/include/robot_interfaces/robot_interfaces/msg/detail/motor_command__rosidl_typesupport_fastrtps_cpp.hpp
[3.175s] -- Up-to-date symlink: /root/Dojo/install/robot_interfaces/include/robot_interfaces/robot_interfaces/msg/detail/robot_state__rosidl_typesupport_fastrtps_cpp.hpp
[3.175s] -- Up-to-date symlink: /root/Dojo/install/robot_interfaces/include/robot_interfaces/robot_interfaces/msg/detail/sensor_data__rosidl_typesupport_fastrtps_cpp.hpp
[3.176s] -- Up-to-date symlink: /root/Dojo/install/robot_interfaces/include/robot_interfaces/robot_interfaces/msg/rosidl_typesupport_fastrtps_cpp__visibility_control.h
[3.176s] -- Up-to-date symlink: /root/Dojo/install/robot_interfaces/include/robot_interfaces/robot_interfaces/srv/detail/calibration__rosidl_typesupport_fastrtps_cpp.hpp
[3.176s] -- Up-to-date symlink: /root/Dojo/install/robot_interfaces/include/robot_interfaces/robot_interfaces/srv/detail/set_mode__rosidl_typesupport_fastrtps_cpp.hpp
[3.177s] -- Up-to-date symlink: /root/Dojo/install/robot_interfaces/include/robot_interfaces/robot_interfaces/action/detail/navigation__rosidl_typesupport_introspection_c.h
[3.177s] -- Up-to-date symlink: /root/Dojo/install/robot_interfaces/include/robot_interfaces/robot_interfaces/msg/detail/hardware_status__rosidl_typesupport_introspection_c.h
[3.177s] -- Up-to-date symlink: /root/Dojo/install/robot_interfaces/include/robot_interfaces/robot_interfaces/msg/detail/motor_command__rosidl_typesupport_introspection_c.h
[3.178s] -- Up-to-date symlink: /root/Dojo/install/robot_interfaces/include/robot_interfaces/robot_interfaces/msg/detail/robot_state__rosidl_typesupport_introspection_c.h
[3.178s] -- Up-to-date symlink: /root/Dojo/install/robot_interfaces/include/robot_interfaces/robot_interfaces/msg/detail/sensor_data__rosidl_typesupport_introspection_c.h
[3.178s] -- Up-to-date symlink: /root/Dojo/install/robot_interfaces/include/robot_interfaces/robot_interfaces/msg/rosidl_typesupport_introspection_c__visibility_control.h
[3.178s] -- Up-to-date symlink: /root/Dojo/install/robot_interfaces/include/robot_interfaces/robot_interfaces/srv/detail/calibration__rosidl_typesupport_introspection_c.h
[3.179s] -- Up-to-date symlink: /root/Dojo/install/robot_interfaces/include/robot_interfaces/robot_interfaces/srv/detail/set_mode__rosidl_typesupport_introspection_c.h
[3.180s] -- Up-to-date symlink: /root/Dojo/install/robot_interfaces/include/robot_interfaces/robot_interfaces/action/detail/navigation__rosidl_typesupport_introspection_cpp.hpp
[3.180s] -- Up-to-date symlink: /root/Dojo/install/robot_interfaces/include/robot_interfaces/robot_interfaces/msg/detail/hardware_status__rosidl_typesupport_introspection_cpp.hpp
[3.180s] -- Up-to-date symlink: /root/Dojo/install/robot_interfaces/include/robot_interfaces/robot_interfaces/msg/detail/motor_command__rosidl_typesupport_introspection_cpp.hpp
[3.180s] -- Up-to-date symlink: /root/Dojo/install/robot_interfaces/include/robot_interfaces/robot_interfaces/msg/detail/robot_state__rosidl_typesupport_introspection_cpp.hpp
[3.180s] -- Up-to-date symlink: /root/Dojo/install/robot_interfaces/include/robot_interfaces/robot_interfaces/msg/detail/sensor_data__rosidl_typesupport_introspection_cpp.hpp
[3.181s] -- Up-to-date symlink: /root/Dojo/install/robot_interfaces/include/robot_interfaces/robot_interfaces/srv/detail/calibration__rosidl_typesupport_introspection_cpp.hpp
[3.181s] -- Up-to-date symlink: /root/Dojo/install/robot_interfaces/include/robot_interfaces/robot_interfaces/srv/detail/set_mode__rosidl_typesupport_introspection_cpp.hpp
[3.181s] -- Up-to-date symlink: /root/Dojo/install/robot_interfaces/share/robot_interfaces/environment/pythonpath.sh
[3.182s] -- Up-to-date symlink: /root/Dojo/install/robot_interfaces/share/robot_interfaces/environment/pythonpath.dsv
[3.182s] -- Up-to-date symlink: /root/Dojo/install/robot_interfaces/local/lib/python3.10/dist-packages/robot_interfaces-1.0.0-py3.10.egg-info/PKG-INFO
[3.182s] -- Up-to-date symlink: /root/Dojo/install/robot_interfaces/local/lib/python3.10/dist-packages/robot_interfaces-1.0.0-py3.10.egg-info/SOURCES.txt
[3.182s] -- Up-to-date symlink: /root/Dojo/install/robot_interfaces/local/lib/python3.10/dist-packages/robot_interfaces-1.0.0-py3.10.egg-info/dependency_links.txt
[3.183s] -- Up-to-date symlink: /root/Dojo/install/robot_interfaces/local/lib/python3.10/dist-packages/robot_interfaces-1.0.0-py3.10.egg-info/top_level.txt
[3.184s] -- Up-to-date symlink: /root/Dojo/install/robot_interfaces/local/lib/python3.10/dist-packages/robot_interfaces/__init__.py
[3.184s] -- Up-to-date symlink: /root/Dojo/install/robot_interfaces/local/lib/python3.10/dist-packages/robot_interfaces/_robot_interfaces_s.ep.rosidl_typesupport_c.c
[3.185s] -- Up-to-date symlink: /root/Dojo/install/robot_interfaces/local/lib/python3.10/dist-packages/robot_interfaces/_robot_interfaces_s.ep.rosidl_typesupport_fastrtps_c.c
[3.185s] -- Up-to-date symlink: /root/Dojo/install/robot_interfaces/local/lib/python3.10/dist-packages/robot_interfaces/_robot_interfaces_s.ep.rosidl_typesupport_introspection_c.c
[3.185s] -- Up-to-date symlink: /root/Dojo/install/robot_interfaces/local/lib/python3.10/dist-packages/robot_interfaces/action/__init__.py
[3.185s] -- Up-to-date symlink: /root/Dojo/install/robot_interfaces/local/lib/python3.10/dist-packages/robot_interfaces/action/_navigation.py
[3.185s] -- Up-to-date symlink: /root/Dojo/install/robot_interfaces/local/lib/python3.10/dist-packages/robot_interfaces/action/_navigation_s.c
[3.186s] -- Up-to-date symlink: /root/Dojo/install/robot_interfaces/local/lib/python3.10/dist-packages/robot_interfaces/librobot_interfaces__rosidl_generator_py.so
[3.186s] -- Up-to-date symlink: /root/Dojo/install/robot_interfaces/local/lib/python3.10/dist-packages/robot_interfaces/msg/__init__.py
[3.186s] -- Up-to-date symlink: /root/Dojo/install/robot_interfaces/local/lib/python3.10/dist-packages/robot_interfaces/msg/_hardware_status.py
[3.186s] -- Up-to-date symlink: /root/Dojo/install/robot_interfaces/local/lib/python3.10/dist-packages/robot_interfaces/msg/_hardware_status_s.c
[3.187s] -- Up-to-date symlink: /root/Dojo/install/robot_interfaces/local/lib/python3.10/dist-packages/robot_interfaces/msg/_motor_command.py
[3.187s] -- Up-to-date symlink: /root/Dojo/install/robot_interfaces/local/lib/python3.10/dist-packages/robot_interfaces/msg/_motor_command_s.c
[3.187s] -- Up-to-date symlink: /root/Dojo/install/robot_interfaces/local/lib/python3.10/dist-packages/robot_interfaces/msg/_robot_state.py
[3.187s] -- Up-to-date symlink: /root/Dojo/install/robot_interfaces/local/lib/python3.10/dist-packages/robot_interfaces/msg/_robot_state_s.c
[3.187s] -- Up-to-date symlink: /root/Dojo/install/robot_interfaces/local/lib/python3.10/dist-packages/robot_interfaces/msg/_sensor_data.py
[3.188s] -- Up-to-date symlink: /root/Dojo/install/robot_interfaces/local/lib/python3.10/dist-packages/robot_interfaces/msg/_sensor_data_s.c
[3.188s] -- Up-to-date symlink: /root/Dojo/install/robot_interfaces/local/lib/python3.10/dist-packages/robot_interfaces/robot_interfaces_s__rosidl_typesupport_c.cpython-310-x86_64-linux-gnu.so
[3.188s] -- Up-to-date symlink: /root/Dojo/install/robot_interfaces/local/lib/python3.10/dist-packages/robot_interfaces/robot_interfaces_s__rosidl_typesupport_fastrtps_c.cpython-310-x86_64-linux-gnu.so
[3.188s] -- Up-to-date symlink: /root/Dojo/install/robot_interfaces/local/lib/python3.10/dist-packages/robot_interfaces/robot_interfaces_s__rosidl_typesupport_introspection_c.cpython-310-x86_64-linux-gnu.so
[3.189s] -- Up-to-date symlink: /root/Dojo/install/robot_interfaces/local/lib/python3.10/dist-packages/robot_interfaces/srv/__init__.py
[3.189s] -- Up-to-date symlink: /root/Dojo/install/robot_interfaces/local/lib/python3.10/dist-packages/robot_interfaces/srv/_calibration.py
[3.190s] -- Up-to-date symlink: /root/Dojo/install/robot_interfaces/local/lib/python3.10/dist-packages/robot_interfaces/srv/_calibration_s.c
[3.190s] -- Up-to-date symlink: /root/Dojo/install/robot_interfaces/local/lib/python3.10/dist-packages/robot_interfaces/srv/_set_mode.py
[3.190s] -- Up-to-date symlink: /root/Dojo/install/robot_interfaces/local/lib/python3.10/dist-packages/robot_interfaces/srv/_set_mode_s.c
[3.190s] -- Up-to-date symlink: /root/Dojo/install/robot_interfaces/local/lib/python3.10/dist-packages/robot_interfaces/robot_interfaces_s__rosidl_typesupport_fastrtps_c.cpython-310-x86_64-linux-gnu.so
[3.191s] -- Up-to-date symlink: /root/Dojo/install/robot_interfaces/local/lib/python3.10/dist-packages/robot_interfaces/robot_interfaces_s__rosidl_typesupport_introspection_c.cpython-310-x86_64-linux-gnu.so
[3.191s] -- Up-to-date symlink: /root/Dojo/install/robot_interfaces/local/lib/python3.10/dist-packages/robot_interfaces/robot_interfaces_s__rosidl_typesupport_c.cpython-310-x86_64-linux-gnu.so
[3.191s] -- Up-to-date symlink: /root/Dojo/install/robot_interfaces/share/robot_interfaces/msg/HardwareStatus.idl
[3.192s] -- Up-to-date symlink: /root/Dojo/install/robot_interfaces/share/robot_interfaces/msg/SensorData.idl
[3.192s] -- Up-to-date symlink: /root/Dojo/install/robot_interfaces/share/robot_interfaces/msg/MotorCommand.idl
[3.192s] -- Up-to-date symlink: /root/Dojo/install/robot_interfaces/share/robot_interfaces/msg/RobotState.idl
[3.192s] -- Up-to-date symlink: /root/Dojo/install/robot_interfaces/share/robot_interfaces/srv/Calibration.idl
[3.193s] -- Up-to-date symlink: /root/Dojo/install/robot_interfaces/share/robot_interfaces/srv/SetMode.idl
[3.193s] -- Up-to-date symlink: /root/Dojo/install/robot_interfaces/share/robot_interfaces/action/Navigation.idl
[3.193s] -- Up-to-date symlink: /root/Dojo/install/robot_interfaces/share/robot_interfaces/msg/HardwareStatus.msg
[3.193s] -- Up-to-date symlink: /root/Dojo/install/robot_interfaces/share/robot_interfaces/msg/SensorData.msg
[3.194s] -- Up-to-date symlink: /root/Dojo/install/robot_interfaces/share/robot_interfaces/msg/MotorCommand.msg
[3.194s] -- Up-to-date symlink: /root/Dojo/install/robot_interfaces/share/robot_interfaces/msg/RobotState.msg
[3.194s] -- Up-to-date symlink: /root/Dojo/install/robot_interfaces/share/robot_interfaces/srv/Calibration.srv
[3.195s] -- Up-to-date symlink: /root/Dojo/install/robot_interfaces/share/robot_interfaces/srv/Calibration_Request.msg
[3.195s] -- Up-to-date symlink: /root/Dojo/install/robot_interfaces/share/robot_interfaces/srv/Calibration_Response.msg
[3.195s] -- Up-to-date symlink: /root/Dojo/install/robot_interfaces/share/robot_interfaces/srv/SetMode.srv
[3.195s] -- Up-to-date symlink: /root/Dojo/install/robot_interfaces/share/robot_interfaces/srv/SetMode_Request.msg
[3.196s] -- Up-to-date symlink: /root/Dojo/install/robot_interfaces/share/robot_interfaces/srv/SetMode_Response.msg
[3.196s] -- Up-to-date symlink: /root/Dojo/install/robot_interfaces/share/robot_interfaces/action/Navigation.action
[3.196s] -- Up-to-date symlink: /root/Dojo/install/robot_interfaces/share/ament_index/resource_index/package_run_dependencies/robot_interfaces
[3.197s] -- Up-to-date symlink: /root/Dojo/install/robot_interfaces/share/ament_index/resource_index/parent_prefix_path/robot_interfaces
[3.197s] -- Up-to-date symlink: /root/Dojo/install/robot_interfaces/share/robot_interfaces/environment/ament_prefix_path.sh
[3.197s] -- Up-to-date symlink: /root/Dojo/install/robot_interfaces/share/robot_interfaces/environment/ament_prefix_path.dsv
[3.198s] -- Up-to-date symlink: /root/Dojo/install/robot_interfaces/share/robot_interfaces/environment/path.sh
[3.198s] -- Up-to-date symlink: /root/Dojo/install/robot_interfaces/share/robot_interfaces/environment/path.dsv
[3.198s] -- Up-to-date symlink: /root/Dojo/install/robot_interfaces/share/robot_interfaces/local_setup.bash
[3.198s] -- Up-to-date symlink: /root/Dojo/install/robot_interfaces/share/robot_interfaces/local_setup.sh
[3.199s] -- Up-to-date symlink: /root/Dojo/install/robot_interfaces/share/robot_interfaces/local_setup.zsh
[3.199s] -- Up-to-date symlink: /root/Dojo/install/robot_interfaces/share/robot_interfaces/local_setup.dsv
[3.199s] -- Symlinking: /root/Dojo/install/robot_interfaces/share/robot_interfaces/package.dsv
[3.211s] -- Up-to-date symlink: /root/Dojo/install/robot_interfaces/share/ament_index/resource_index/packages/robot_interfaces
[3.212s] -- Up-to-date symlink: /root/Dojo/install/robot_interfaces/share/robot_interfaces/cmake/rosidl_cmake-extras.cmake
[3.212s] -- Up-to-date symlink: /root/Dojo/install/robot_interfaces/share/robot_interfaces/cmake/ament_cmake_export_dependencies-extras.cmake
[3.212s] -- Up-to-date symlink: /root/Dojo/install/robot_interfaces/share/robot_interfaces/cmake/ament_cmake_export_include_directories-extras.cmake
[3.212s] -- Up-to-date symlink: /root/Dojo/install/robot_interfaces/share/robot_interfaces/cmake/ament_cmake_export_libraries-extras.cmake
[3.212s] -- Up-to-date symlink: /root/Dojo/install/robot_interfaces/share/robot_interfaces/cmake/ament_cmake_export_targets-extras.cmake
[3.213s] -- Up-to-date symlink: /root/Dojo/install/robot_interfaces/share/robot_interfaces/cmake/rosidl_cmake_export_typesupport_targets-extras.cmake
[3.213s] -- Up-to-date symlink: /root/Dojo/install/robot_interfaces/share/robot_interfaces/cmake/rosidl_cmake_export_typesupport_libraries-extras.cmake
[3.213s] -- Up-to-date symlink: /root/Dojo/install/robot_interfaces/share/robot_interfaces/cmake/robot_interfacesConfig.cmake
[3.213s] -- Up-to-date symlink: /root/Dojo/install/robot_interfaces/share/robot_interfaces/cmake/robot_interfacesConfig-version.cmake
[3.213s] -- Up-to-date symlink: /root/Dojo/install/robot_interfaces/share/robot_interfaces/package.xml
[3.213s] -- Up-to-date: /root/Dojo/install/robot_interfaces/lib/librobot_interfaces__rosidl_generator_c.so
[3.214s] -- Up-to-date: /root/Dojo/install/robot_interfaces/lib/librobot_interfaces__rosidl_typesupport_fastrtps_c.so
[3.214s] -- Up-to-date: /root/Dojo/install/robot_interfaces/lib/librobot_interfaces__rosidl_typesupport_fastrtps_cpp.so
[3.214s] -- Up-to-date: /root/Dojo/install/robot_interfaces/lib/librobot_interfaces__rosidl_typesupport_introspection_c.so
[3.215s] -- Up-to-date: /root/Dojo/install/robot_interfaces/lib/librobot_interfaces__rosidl_typesupport_c.so
[3.215s] -- Up-to-date: /root/Dojo/install/robot_interfaces/lib/librobot_interfaces__rosidl_typesupport_introspection_cpp.so
[3.215s] -- Up-to-date: /root/Dojo/install/robot_interfaces/lib/librobot_interfaces__rosidl_typesupport_cpp.so
[3.264s] Listing '/root/Dojo/install/robot_interfaces/local/lib/python3.10/dist-packages/robot_interfaces'...
[3.264s] Listing '/root/Dojo/install/robot_interfaces/local/lib/python3.10/dist-packages/robot_interfaces/action'...
[3.264s] Listing '/root/Dojo/install/robot_interfaces/local/lib/python3.10/dist-packages/robot_interfaces/msg'...
[3.264s] Listing '/root/Dojo/install/robot_interfaces/local/lib/python3.10/dist-packages/robot_interfaces/srv'...
[3.270s] -- Up-to-date: /root/Dojo/install/robot_interfaces/lib/librobot_interfaces__rosidl_generator_py.so
[3.270s] -- Up-to-date: /root/Dojo/install/robot_interfaces/share/robot_interfaces/cmake/export_robot_interfaces__rosidl_generator_cExport.cmake
[3.270s] -- Up-to-date: /root/Dojo/install/robot_interfaces/share/robot_interfaces/cmake/export_robot_interfaces__rosidl_generator_cExport-noconfig.cmake
[3.270s] -- Up-to-date: /root/Dojo/install/robot_interfaces/share/robot_interfaces/cmake/export_robot_interfaces__rosidl_typesupport_fastrtps_cExport.cmake
[3.270s] -- Up-to-date: /root/Dojo/install/robot_interfaces/share/robot_interfaces/cmake/export_robot_interfaces__rosidl_typesupport_fastrtps_cExport-noconfig.cmake
[3.271s] -- Up-to-date: /root/Dojo/install/robot_interfaces/share/robot_interfaces/cmake/export_robot_interfaces__rosidl_generator_cppExport.cmake
[3.271s] -- Up-to-date: /root/Dojo/install/robot_interfaces/share/robot_interfaces/cmake/export_robot_interfaces__rosidl_typesupport_fastrtps_cppExport.cmake
[3.271s] -- Up-to-date: /root/Dojo/install/robot_interfaces/share/robot_interfaces/cmake/export_robot_interfaces__rosidl_typesupport_fastrtps_cppExport-noconfig.cmake
[3.271s] -- Up-to-date: /root/Dojo/install/robot_interfaces/share/robot_interfaces/cmake/robot_interfaces__rosidl_typesupport_introspection_cExport.cmake
[3.271s] -- Up-to-date: /root/Dojo/install/robot_interfaces/share/robot_interfaces/cmake/robot_interfaces__rosidl_typesupport_introspection_cExport-noconfig.cmake
[3.271s] -- Up-to-date: /root/Dojo/install/robot_interfaces/share/robot_interfaces/cmake/robot_interfaces__rosidl_typesupport_cExport.cmake
[3.272s] -- Up-to-date: /root/Dojo/install/robot_interfaces/share/robot_interfaces/cmake/robot_interfaces__rosidl_typesupport_cExport-noconfig.cmake
[3.272s] -- Up-to-date: /root/Dojo/install/robot_interfaces/share/robot_interfaces/cmake/robot_interfaces__rosidl_typesupport_introspection_cppExport.cmake
[3.272s] -- Up-to-date: /root/Dojo/install/robot_interfaces/share/robot_interfaces/cmake/robot_interfaces__rosidl_typesupport_introspection_cppExport-noconfig.cmake
[3.272s] -- Up-to-date: /root/Dojo/install/robot_interfaces/share/robot_interfaces/cmake/robot_interfaces__rosidl_typesupport_cppExport.cmake
[3.272s] -- Up-to-date: /root/Dojo/install/robot_interfaces/share/robot_interfaces/cmake/robot_interfaces__rosidl_typesupport_cppExport-noconfig.cmake
[3.272s] -- Up-to-date: /root/Dojo/install/robot_interfaces/share/robot_interfaces/cmake/export_robot_interfaces__rosidl_generator_pyExport.cmake
[3.272s] -- Up-to-date: /root/Dojo/install/robot_interfaces/share/robot_interfaces/cmake/export_robot_interfaces__rosidl_generator_pyExport-noconfig.cmake
[3.275s] Invoked command in '/root/Dojo/build/robot_interfaces' returned '0': CMAKE_PREFIX_PATH=${CMAKE_PREFIX_PATH}:/root/Dojo/install/vision_system:/root/Dojo/install/robot_launch:/root/Dojo/install/ros2arduino_bridge:/root/Dojo/install/robot_sensors:/root/Dojo/install/robot_perception:/root/Dojo/install/robot_hardware:/root/Dojo/install/robot_control:/root/Dojo/install/nv21_converter_pkg:/root/Dojo/install/arduino_bridge:/opt/ros/humble /usr/bin/cmake --install /root/Dojo/build/robot_interfaces
