-- Install configuration: ""
-- Execute custom install script
-- Up-to-date symlink: /root/Dojo/install/robot_gazebo/share/robot_gazebo/launch/gazebo.launch.py
-- Up-to-date symlink: /root/Dojo/install/robot_gazebo/share/robot_gazebo/launch/robot_simulation.launch.py
-- Up-to-date symlink: /root/Dojo/install/robot_gazebo/share/robot_gazebo/config/diff_drive_controller.yaml
-- Up-to-date symlink: /root/Dojo/install/robot_gazebo/share/robot_gazebo/rviz/robot_simulation.rviz
-- Up-to-date symlink: /root/Dojo/install/robot_gazebo/share/robot_gazebo/worlds/empty.world
-- Up-to-date symlink: /root/Dojo/install/robot_gazebo/share/ament_index/resource_index/package_run_dependencies/robot_gazebo
-- Up-to-date symlink: /root/Dojo/install/robot_gazebo/share/ament_index/resource_index/parent_prefix_path/robot_gazebo
-- Up-to-date symlink: /root/Dojo/install/robot_gazebo/share/robot_gazebo/environment/ament_prefix_path.sh
-- Up-to-date symlink: /root/Dojo/install/robot_gazebo/share/robot_gazebo/environment/ament_prefix_path.dsv
-- Up-to-date symlink: /root/Dojo/install/robot_gazebo/share/robot_gazebo/environment/path.sh
-- Up-to-date symlink: /root/Dojo/install/robot_gazebo/share/robot_gazebo/environment/path.dsv
-- Up-to-date symlink: /root/Dojo/install/robot_gazebo/share/robot_gazebo/local_setup.bash
-- Up-to-date symlink: /root/Dojo/install/robot_gazebo/share/robot_gazebo/local_setup.sh
-- Up-to-date symlink: /root/Dojo/install/robot_gazebo/share/robot_gazebo/local_setup.zsh
-- Up-to-date symlink: /root/Dojo/install/robot_gazebo/share/robot_gazebo/local_setup.dsv
-- Symlinking: /root/Dojo/install/robot_gazebo/share/robot_gazebo/package.dsv
-- Up-to-date symlink: /root/Dojo/install/robot_gazebo/share/ament_index/resource_index/packages/robot_gazebo
-- Up-to-date symlink: /root/Dojo/install/robot_gazebo/share/robot_gazebo/cmake/robot_gazeboConfig.cmake
-- Up-to-date symlink: /root/Dojo/install/robot_gazebo/share/robot_gazebo/cmake/robot_gazeboConfig-version.cmake
-- Up-to-date symlink: /root/Dojo/install/robot_gazebo/share/robot_gazebo/package.xml
-- Up-to-date: /root/Dojo/install/robot_gazebo/lib/robot_gazebo
-- Up-to-date: /root/Dojo/install/robot_gazebo/lib/robot_gazebo/spawn_robot.py
