[2.180s] Invoking command in '/root/Dojo/build/camera_ros': CMAKE_PREFIX_PATH=${CMAKE_PREFIX_PATH}:/root/Dojo/install/vision_system:/root/Dojo/install/robot_launch:/root/Dojo/install/ros2arduino_bridge:/root/Dojo/install/robot_sensors:/root/Dojo/install/robot_perception:/root/Dojo/install/robot_hardware:/root/Dojo/install/robot_control:/root/Dojo/install/nv21_converter_pkg:/root/Dojo/install/arduino_bridge:/opt/ros/humble /usr/bin/cmake --build /root/Dojo/build/camera_ros -- -j16 -l16
[2.576s] [ 15%] Built target utils
[2.576s] [ 46%] Built target camera_node
[2.576s] [ 84%] Built target param
[2.576s] [100%] Built target camera_component
[2.997s] Invoked command in '/root/Dojo/build/camera_ros' returned '0': CMAKE_PREFIX_PATH=${CMAKE_PREFIX_PATH}:/root/Dojo/install/vision_system:/root/Dojo/install/robot_launch:/root/Dojo/install/ros2arduino_bridge:/root/Dojo/install/robot_sensors:/root/Dojo/install/robot_perception:/root/Dojo/install/robot_hardware:/root/Dojo/install/robot_control:/root/Dojo/install/nv21_converter_pkg:/root/Dojo/install/arduino_bridge:/opt/ros/humble /usr/bin/cmake --build /root/Dojo/build/camera_ros -- -j16 -l16
[2.998s] Invoking command in '/root/Dojo/build/camera_ros': CMAKE_PREFIX_PATH=${CMAKE_PREFIX_PATH}:/root/Dojo/install/vision_system:/root/Dojo/install/robot_launch:/root/Dojo/install/ros2arduino_bridge:/root/Dojo/install/robot_sensors:/root/Dojo/install/robot_perception:/root/Dojo/install/robot_hardware:/root/Dojo/install/robot_control:/root/Dojo/install/nv21_converter_pkg:/root/Dojo/install/arduino_bridge:/opt/ros/humble /usr/bin/cmake --install /root/Dojo/build/camera_ros
[3.008s] -- Install configuration: ""
[3.008s] -- Execute custom install script
[3.009s] -- Up-to-date symlink: /root/Dojo/install/camera_ros/lib/camera_ros/camera_node
[3.009s] -- Up-to-date symlink: /root/Dojo/install/camera_ros/share/camera_ros/environment/library_path.sh
[3.009s] -- Up-to-date symlink: /root/Dojo/install/camera_ros/share/camera_ros/environment/library_path.dsv
[3.010s] -- Up-to-date symlink: /root/Dojo/install/camera_ros/share/camera_ros//launch/camera.launch.py
[3.010s] -- Up-to-date symlink: /root/Dojo/install/camera_ros/share/ament_index/resource_index/package_run_dependencies/camera_ros
[3.010s] -- Up-to-date symlink: /root/Dojo/install/camera_ros/share/ament_index/resource_index/parent_prefix_path/camera_ros
[3.010s] -- Up-to-date symlink: /root/Dojo/install/camera_ros/share/camera_ros/environment/ament_prefix_path.sh
[3.011s] -- Up-to-date symlink: /root/Dojo/install/camera_ros/share/camera_ros/environment/ament_prefix_path.dsv
[3.014s] -- Up-to-date symlink: /root/Dojo/install/camera_ros/share/camera_ros/environment/path.sh
[3.014s] -- Up-to-date symlink: /root/Dojo/install/camera_ros/share/camera_ros/environment/path.dsv
[3.017s] -- Up-to-date symlink: /root/Dojo/install/camera_ros/share/camera_ros/local_setup.bash
[3.018s] -- Up-to-date symlink: /root/Dojo/install/camera_ros/share/camera_ros/local_setup.sh
[3.019s] -- Up-to-date symlink: /root/Dojo/install/camera_ros/share/camera_ros/local_setup.zsh
[3.023s] -- Up-to-date symlink: /root/Dojo/install/camera_ros/share/camera_ros/local_setup.dsv
[3.030s] -- Symlinking: /root/Dojo/install/camera_ros/share/camera_ros/package.dsv
[3.040s] -- Up-to-date symlink: /root/Dojo/install/camera_ros/share/ament_index/resource_index/packages/camera_ros
[3.041s] -- Up-to-date symlink: /root/Dojo/install/camera_ros/share/ament_index/resource_index/rclcpp_components/camera_ros
[3.041s] -- Up-to-date symlink: /root/Dojo/install/camera_ros/share/camera_ros/cmake/ament_cmake_export_targets-extras.cmake
[3.041s] -- Up-to-date symlink: /root/Dojo/install/camera_ros/share/camera_ros/cmake/ament_cmake_export_dependencies-extras.cmake
[3.041s] -- Up-to-date symlink: /root/Dojo/install/camera_ros/share/camera_ros/cmake/camera_rosConfig.cmake
[3.042s] -- Up-to-date symlink: /root/Dojo/install/camera_ros/share/camera_ros/cmake/camera_rosConfig-version.cmake
[3.042s] -- Up-to-date symlink: /root/Dojo/install/camera_ros/share/camera_ros/package.xml
[3.042s] -- Up-to-date: /root/Dojo/install/camera_ros/lib/libcamera_component.so
[3.042s] -- Up-to-date: /root/Dojo/install/camera_ros/share/camera_ros/cmake/camera_componentTargetsExport.cmake
[3.043s] -- Up-to-date: /root/Dojo/install/camera_ros/share/camera_ros/cmake/camera_componentTargetsExport-noconfig.cmake
[3.062s] Invoked command in '/root/Dojo/build/camera_ros' returned '0': CMAKE_PREFIX_PATH=${CMAKE_PREFIX_PATH}:/root/Dojo/install/vision_system:/root/Dojo/install/robot_launch:/root/Dojo/install/ros2arduino_bridge:/root/Dojo/install/robot_sensors:/root/Dojo/install/robot_perception:/root/Dojo/install/robot_hardware:/root/Dojo/install/robot_control:/root/Dojo/install/nv21_converter_pkg:/root/Dojo/install/arduino_bridge:/opt/ros/humble /usr/bin/cmake --install /root/Dojo/build/camera_ros
