[2.171s] Invoking command in '/root/Dojo/build/robot_control': PYTHONPATH=/root/Dojo/build/robot_control/prefix_override:/usr/lib/python3/dist-packages/colcon_core/task/python/colcon_distutils_commands:/root/Dojo/install/robot_control/lib/python3.10/site-packages:${PYTHONPATH} /usr/bin/python3 -W ignore:setup.py install is deprecated -W ignore:easy_install command is deprecated setup.py develop --editable --build-directory /root/Dojo/build/robot_control/build --no-deps symlink_data
[2.762s] running develop
[3.146s] running egg_info
[3.146s] creating robot_control.egg-info
[3.173s] writing robot_control.egg-info/PKG-INFO
[3.173s] writing dependency_links to robot_control.egg-info/dependency_links.txt
[3.174s] writing entry points to robot_control.egg-info/entry_points.txt
[3.174s] writing requirements to robot_control.egg-info/requires.txt
[3.174s] writing top-level names to robot_control.egg-info/top_level.txt
[3.174s] writing manifest file 'robot_control.egg-info/SOURCES.txt'
[3.223s] reading manifest file 'robot_control.egg-info/SOURCES.txt'
[3.224s] writing manifest file 'robot_control.egg-info/SOURCES.txt'
[3.252s] running build_ext
[3.252s] Creating /root/Dojo/install/robot_control/lib/python3.10/site-packages/robot-control.egg-link (link to .)
[3.253s] Installing arduino_bridge script to /root/Dojo/install/robot_control/lib/robot_control
[3.253s] Installing cmd_vel_to_motors script to /root/Dojo/install/robot_control/lib/robot_control
[3.254s] Installing control_manager script to /root/Dojo/install/robot_control/lib/robot_control
[3.254s] 
[3.254s] Installed /root/Dojo/build/robot_control
[3.254s] running symlink_data
[3.255s] creating /root/Dojo/install/robot_control/share/ament_index
[3.255s] creating /root/Dojo/install/robot_control/share/ament_index/resource_index
[3.255s] creating /root/Dojo/install/robot_control/share/ament_index/resource_index/packages
[3.255s] symbolically linking /root/Dojo/build/robot_control/resource/robot_control -> /root/Dojo/install/robot_control/share/ament_index/resource_index/packages
[3.255s] symbolically linking /root/Dojo/build/robot_control/package.xml -> /root/Dojo/install/robot_control/share/robot_control
[3.256s] creating /root/Dojo/install/robot_control/share/robot_control/launch
[3.256s] symbolically linking /root/Dojo/build/robot_control/launch/control.launch.py -> /root/Dojo/install/robot_control/share/robot_control/launch
[3.256s] creating /root/Dojo/install/robot_control/share/robot_control/config
[3.256s] symbolically linking /root/Dojo/build/robot_control/config/arduino.yaml -> /root/Dojo/install/robot_control/share/robot_control/config
[3.397s] Invoked command in '/root/Dojo/build/robot_control' returned '0': PYTHONPATH=/root/Dojo/build/robot_control/prefix_override:/usr/lib/python3/dist-packages/colcon_core/task/python/colcon_distutils_commands:/root/Dojo/install/robot_control/lib/python3.10/site-packages:${PYTHONPATH} /usr/bin/python3 -W ignore:setup.py install is deprecated -W ignore:easy_install command is deprecated setup.py develop --editable --build-directory /root/Dojo/build/robot_control/build --no-deps symlink_data
