[0.191s] Invoking command in '/root/Dojo/build/robot_perception': /usr/bin/cmake /root/Dojo/src/robot_perception -DCMAKE_INSTALL_PREFIX=/root/Dojo/install/robot_perception
[0.748s] -- Found ament_cmake: 1.3.12 (/opt/ros/humble/share/ament_cmake/cmake)
[0.748s] -- Configuring incomplete, errors occurred!
[0.748s] See also "/root/Dojo/build/robot_perception/CMakeFiles/CMakeOutput.log".
[0.748s] Traceback (most recent call last):
[0.748s]   File "/opt/ros/humble/share/ament_cmake_core/cmake/package_templates/templates_2_cmake.py", line 21, in <module>
[0.748s]     from ament_package.templates import get_environment_hook_template_path
[0.749s] ModuleNotFoundError: No module named 'ament_package'
[0.749s] [31mCMake Error at /opt/ros/humble/share/ament_cmake_core/cmake/ament_cmake_package_templates-extras.cmake:41 (message):
[0.749s]   execute_process(/usr/bin/python3
[0.749s]   /opt/ros/humble/share/ament_cmake_core/cmake/package_templates/templates_2_cmake.py
[0.749s]   /root/Dojo/build/robot_perception/ament_cmake_package_templates/templates.cmake)
[0.749s]   returned error code 1
[0.749s] Call Stack (most recent call first):
[0.749s]   /opt/ros/humble/share/ament_cmake_core/cmake/ament_cmake_coreConfig.cmake:41 (include)
[0.749s]   /opt/ros/humble/share/ament_cmake/cmake/ament_cmake_export_dependencies-extras.cmake:15 (find_package)
[0.749s]   /opt/ros/humble/share/ament_cmake/cmake/ament_cmakeConfig.cmake:41 (include)
[0.749s]   CMakeLists.txt:10 (find_package)
[0.749s] 
[0.749s] [0m
[0.937s] Invoked command in '/root/Dojo/build/robot_perception' returned '1': /usr/bin/cmake /root/Dojo/src/robot_perception -DCMAKE_INSTALL_PREFIX=/root/Dojo/install/robot_perception
