running develop
running egg_info
creating robot_sensors.egg-info
writing robot_sensors.egg-info/PKG-INFO
writing dependency_links to robot_sensors.egg-info/dependency_links.txt
writing entry points to robot_sensors.egg-info/entry_points.txt
writing requirements to robot_sensors.egg-info/requires.txt
writing top-level names to robot_sensors.egg-info/top_level.txt
writing manifest file 'robot_sensors.egg-info/SOURCES.txt'
reading manifest file 'robot_sensors.egg-info/SOURCES.txt'
writing manifest file 'robot_sensors.egg-info/SOURCES.txt'
running build_ext
Creating /root/Dojo/install/robot_sensors/lib/python3.10/site-packages/robot-sensors.egg-link (link to .)
Installing camera_node script to /root/Dojo/install/robot_sensors/lib/robot_sensors

Installed /root/Dojo/build/robot_sensors
running symlink_data
creating /root/Dojo/install/robot_sensors/share/ament_index
creating /root/Dojo/install/robot_sensors/share/ament_index/resource_index
creating /root/Dojo/install/robot_sensors/share/ament_index/resource_index/packages
symbolically linking /root/Dojo/build/robot_sensors/resource/robot_sensors -> /root/Dojo/install/robot_sensors/share/ament_index/resource_index/packages
symbolically linking /root/Dojo/build/robot_sensors/package.xml -> /root/Dojo/install/robot_sensors/share/robot_sensors
creating /root/Dojo/install/robot_sensors/share/robot_sensors/launch
symbolically linking /root/Dojo/build/robot_sensors/launch/test_lidar.launch.py -> /root/Dojo/install/robot_sensors/share/robot_sensors/launch
symbolically linking /root/Dojo/build/robot_sensors/launch/sensors.launch.py -> /root/Dojo/install/robot_sensors/share/robot_sensors/launch
symbolically linking /root/Dojo/build/robot_sensors/launch/camera.launch.py -> /root/Dojo/install/robot_sensors/share/robot_sensors/launch
creating /root/Dojo/install/robot_sensors/share/robot_sensors/config
symbolically linking /root/Dojo/build/robot_sensors/config/robot_sensors_params.yaml -> /root/Dojo/install/robot_sensors/share/robot_sensors/config
symbolically linking /root/Dojo/build/robot_sensors/config/laser_filter_config.yaml -> /root/Dojo/install/robot_sensors/share/robot_sensors/config
