[0.500s] Invoking command in '/root/Dojo/build/robot_description': CMAKE_PREFIX_PATH=/opt/ros/humble /usr/bin/cmake /root/Dojo/src/robot_description -DAMENT_CMAKE_SYMLINK_INSTALL=1 -DCMAKE_INSTALL_PREFIX=/root/Dojo/install/robot_description
[2.394s] -- Found ament_cmake: 1.3.12 (/opt/ros/humble/share/ament_cmake/cmake)
[2.394s] -- Override CMake install command with custom implementation using symlinks instead of copying resources
[2.394s] -- Configuring done
[2.394s] -- Generating done
[2.394s] -- Build files have been written to: /root/Dojo/build/robot_description
[2.714s] Invoked command in '/root/Dojo/build/robot_description' returned '0': CMAKE_PREFIX_PATH=/opt/ros/humble /usr/bin/cmake /root/Dojo/src/robot_description -DAMENT_CMAKE_SYMLINK_INSTALL=1 -DCMAKE_INSTALL_PREFIX=/root/Dojo/install/robot_description
[2.715s] Invoking command in '/root/Dojo/build/robot_description': CMAKE_PREFIX_PATH=/opt/ros/humble /usr/bin/cmake --build /root/Dojo/build/robot_description -- -j16 -l16
[2.788s] Built target ament_cmake_python_symlink_robot_description
[3.203s] running egg_info
[3.220s] writing robot_description.egg-info/PKG-INFO
[3.220s] writing dependency_links to robot_description.egg-info/dependency_links.txt
[3.220s] writing top-level names to robot_description.egg-info/top_level.txt
[3.267s] reading manifest file 'robot_description.egg-info/SOURCES.txt'
[3.268s] writing manifest file 'robot_description.egg-info/SOURCES.txt'
[3.316s] Built target ament_cmake_python_build_robot_description_egg
[3.331s] Invoked command in '/root/Dojo/build/robot_description' returned '0': CMAKE_PREFIX_PATH=/opt/ros/humble /usr/bin/cmake --build /root/Dojo/build/robot_description -- -j16 -l16
[3.333s] Invoking command in '/root/Dojo/build/robot_description': CMAKE_PREFIX_PATH=/opt/ros/humble /usr/bin/cmake --install /root/Dojo/build/robot_description
[3.342s] -- Install configuration: ""
[3.343s] -- Execute custom install script
[3.343s] -- Up-to-date symlink: /root/Dojo/install/robot_description/share/robot_description/launch/display.launch.py
[3.343s] -- Up-to-date symlink: /root/Dojo/install/robot_description/share/robot_description/launch/robot_state_publisher.launch.py
[3.344s] -- Up-to-date symlink: /root/Dojo/install/robot_description/share/robot_description/urdf/common_properties.xacro
[3.344s] -- Up-to-date symlink: /root/Dojo/install/robot_description/share/robot_description/urdf/dojo_robot.gazebo
[3.344s] -- Up-to-date symlink: /root/Dojo/install/robot_description/share/robot_description/urdf/dojo_robot.urdf.xacro
[3.344s] -- Up-to-date symlink: /root/Dojo/install/robot_description/share/robot_description/urdf/robot.urdf
[3.344s] -- Up-to-date symlink: /root/Dojo/install/robot_description/share/robot_description/urdf/robot.urdf.xacro
[3.344s] -- Up-to-date symlink: /root/Dojo/install/robot_description/share/robot_description/urdf/sensors/rplidar.urdf.xacro
[3.345s] -- Up-to-date symlink: /root/Dojo/install/robot_description/share/robot_description/rviz/display.rviz
[3.345s] -- Up-to-date symlink: /root/Dojo/install/robot_description/share/robot_description/rviz/dojo_robot.rviz
[3.345s] -- Up-to-date symlink: /root/Dojo/install/robot_description/share/robot_description/rviz/robot.rviz
[3.346s] -- Up-to-date symlink: /root/Dojo/install/robot_description/share/robot_description/environment/pythonpath.sh
[3.346s] -- Up-to-date symlink: /root/Dojo/install/robot_description/share/robot_description/environment/pythonpath.dsv
[3.346s] -- Up-to-date symlink: /root/Dojo/install/robot_description/local/lib/python3.10/dist-packages/robot_description-0.0.1-py3.10.egg-info/PKG-INFO
[3.347s] -- Up-to-date symlink: /root/Dojo/install/robot_description/local/lib/python3.10/dist-packages/robot_description-0.0.1-py3.10.egg-info/SOURCES.txt
[3.347s] -- Up-to-date symlink: /root/Dojo/install/robot_description/local/lib/python3.10/dist-packages/robot_description-0.0.1-py3.10.egg-info/dependency_links.txt
[3.347s] -- Up-to-date symlink: /root/Dojo/install/robot_description/local/lib/python3.10/dist-packages/robot_description-0.0.1-py3.10.egg-info/top_level.txt
[3.347s] -- Up-to-date symlink: /root/Dojo/install/robot_description/local/lib/python3.10/dist-packages/robot_description/__init__.py
[3.348s] -- Up-to-date symlink: /root/Dojo/install/robot_description/lib/robot_description/display_robot.py
[3.348s] -- Up-to-date symlink: /root/Dojo/install/robot_description/share/ament_index/resource_index/package_run_dependencies/robot_description
[3.348s] -- Up-to-date symlink: /root/Dojo/install/robot_description/share/ament_index/resource_index/parent_prefix_path/robot_description
[3.349s] -- Up-to-date symlink: /root/Dojo/install/robot_description/share/robot_description/environment/ament_prefix_path.sh
[3.349s] -- Up-to-date symlink: /root/Dojo/install/robot_description/share/robot_description/environment/ament_prefix_path.dsv
[3.349s] -- Up-to-date symlink: /root/Dojo/install/robot_description/share/robot_description/environment/path.sh
[3.349s] -- Up-to-date symlink: /root/Dojo/install/robot_description/share/robot_description/environment/path.dsv
[3.350s] -- Up-to-date symlink: /root/Dojo/install/robot_description/share/robot_description/local_setup.bash
[3.350s] -- Up-to-date symlink: /root/Dojo/install/robot_description/share/robot_description/local_setup.sh
[3.350s] -- Up-to-date symlink: /root/Dojo/install/robot_description/share/robot_description/local_setup.zsh
[3.350s] -- Up-to-date symlink: /root/Dojo/install/robot_description/share/robot_description/local_setup.dsv
[3.351s] -- Symlinking: /root/Dojo/install/robot_description/share/robot_description/package.dsv
[3.367s] -- Up-to-date symlink: /root/Dojo/install/robot_description/share/ament_index/resource_index/packages/robot_description
[3.367s] -- Up-to-date symlink: /root/Dojo/install/robot_description/share/robot_description/cmake/robot_descriptionConfig.cmake
[3.367s] -- Up-to-date symlink: /root/Dojo/install/robot_description/share/robot_description/cmake/robot_descriptionConfig-version.cmake
[3.368s] -- Up-to-date symlink: /root/Dojo/install/robot_description/share/robot_description/package.xml
[3.368s] -- Up-to-date: /root/Dojo/install/robot_description/share/robot_description
[3.368s] -- Up-to-date: /root/Dojo/install/robot_description/share/robot_description/urdf
[3.368s] -- Up-to-date: /root/Dojo/install/robot_description/share/robot_description/urdf/sensors
[3.368s] -- Up-to-date: /root/Dojo/install/robot_description/share/robot_description/rviz
[3.369s] -- Up-to-date: /root/Dojo/install/robot_description/share/robot_description/src
[3.369s] -- Up-to-date: /root/Dojo/install/robot_description/share/robot_description/src/robot_description
[3.369s] -- Up-to-date: /root/Dojo/install/robot_description/share/robot_description/robot_description
[3.369s] -- Up-to-date: /root/Dojo/install/robot_description/share/robot_description/robot_description/robot_description
[3.369s] -- Up-to-date: /root/Dojo/install/robot_description/share/robot_description/scripts
[3.369s] -- Up-to-date: /root/Dojo/install/robot_description/share/robot_description/resource
[3.370s] -- Up-to-date: /root/Dojo/install/robot_description/share/robot_description/launch
[3.370s] -- Up-to-date: /root/Dojo/install/robot_description/share/robot_description/config
[3.370s] -- Up-to-date: /root/Dojo/install/robot_description/share/robot_description
[3.370s] -- Up-to-date: /root/Dojo/install/robot_description/share/robot_description/urdf
[3.370s] -- Up-to-date: /root/Dojo/install/robot_description/share/robot_description/urdf/sensors
[3.370s] -- Up-to-date: /root/Dojo/install/robot_description/share/robot_description/rviz
[3.370s] -- Up-to-date: /root/Dojo/install/robot_description/share/robot_description/src
[3.370s] -- Up-to-date: /root/Dojo/install/robot_description/share/robot_description/src/robot_description
[3.371s] -- Up-to-date: /root/Dojo/install/robot_description/share/robot_description/robot_description
[3.371s] -- Up-to-date: /root/Dojo/install/robot_description/share/robot_description/robot_description/robot_description
[3.371s] -- Up-to-date: /root/Dojo/install/robot_description/share/robot_description/scripts
[3.371s] -- Up-to-date: /root/Dojo/install/robot_description/share/robot_description/resource
[3.371s] -- Up-to-date: /root/Dojo/install/robot_description/share/robot_description/launch
[3.371s] -- Up-to-date: /root/Dojo/install/robot_description/share/robot_description/config
[3.371s] -- Up-to-date: /root/Dojo/install/robot_description/lib/robot_description/robot_description
[3.371s] -- Up-to-date: /root/Dojo/install/robot_description/lib/robot_description/robot_description/__init__.py
[3.404s] Listing '/root/Dojo/install/robot_description/local/lib/python3.10/dist-packages/robot_description'...
[3.413s] Invoked command in '/root/Dojo/build/robot_description' returned '0': CMAKE_PREFIX_PATH=/opt/ros/humble /usr/bin/cmake --install /root/Dojo/build/robot_description
