[0.097s] DEBUG:colcon:Command line arguments: ['/usr/bin/colcon', 'build', '--symlink-install']
[0.098s] DEBUG:colcon:Parsed command line arguments: Namespace(log_base=None, log_level=None, verb_name='build', build_base='build', install_base='install', merge_install=False, symlink_install=True, test_result_base=None, continue_on_error=False, executor='parallel', parallel_workers=16, event_handlers=None, ignore_user_meta=False, metas=['./colcon.meta'], base_paths=['.'], packages_ignore=None, packages_ignore_regex=None, paths=None, packages_up_to=None, packages_up_to_regex=None, packages_above=None, packages_above_and_dependencies=None, packages_above_depth=None, packages_select_by_dep=None, packages_skip_by_dep=None, packages_skip_up_to=None, packages_select_build_failed=False, packages_skip_build_finished=False, packages_select_test_failures=False, packages_skip_test_passed=False, packages_select=None, packages_skip=None, packages_select_regex=None, packages_skip_regex=None, packages_start=None, packages_end=None, cmake_args=None, cmake_target=None, cmake_target_skip_unavailable=False, cmake_clean_cache=False, cmake_clean_first=False, cmake_force_configure=False, ament_cmake_args=None, catkin_cmake_args=None, catkin_skip_building_tests=False, mixin_files=None, mixin=None, verb_parser=<colcon_mixin.mixin.mixin_argument.MixinArgumentDecorator object at 0x79637ac540d0>, verb_extension=<colcon_core.verb.build.BuildVerb object at 0x79637adb97b0>, main=<bound method BuildVerb.main of <colcon_core.verb.build.BuildVerb object at 0x79637adb97b0>>, mixin_verb=('build',))
[0.229s] Level 1:colcon.colcon_core.package_discovery:discover_packages(colcon_meta) check parameters
[0.230s] INFO:colcon.colcon_metadata.package_discovery.colcon_meta:Using configuration from '/root/.colcon/metadata/default/Gazebo.meta'
[0.230s] INFO:colcon.colcon_metadata.package_discovery.colcon_meta:Using configuration from '/root/.colcon/metadata/default/fastdds.meta'
[0.231s] INFO:colcon.colcon_metadata.package_discovery.colcon_meta:Using configuration from '/root/.colcon/metadata/default/fastrtps.meta'
[0.231s] Level 1:colcon.colcon_core.package_discovery:discover_packages(recursive) check parameters
[0.231s] Level 1:colcon.colcon_core.package_discovery:discover_packages(ignore) check parameters
[0.231s] Level 1:colcon.colcon_core.package_discovery:discover_packages(path) check parameters
[0.231s] Level 1:colcon.colcon_core.package_discovery:discover_packages(colcon_meta) discover
[0.231s] Level 1:colcon.colcon_core.package_discovery:discover_packages(recursive) discover
[0.231s] INFO:colcon.colcon_core.package_discovery:Crawling recursively for packages in '/home/Dojo/Dojo'
[0.231s] Level 1:colcon.colcon_core.package_identification:_identify(.) by extensions ['ignore', 'ignore_ament_install']
[0.231s] Level 1:colcon.colcon_core.package_identification:_identify(.) by extension 'ignore'
[0.231s] Level 1:colcon.colcon_core.package_identification:_identify(.) by extension 'ignore_ament_install'
[0.231s] Level 1:colcon.colcon_core.package_identification:_identify(.) by extensions ['colcon_pkg']
[0.231s] Level 1:colcon.colcon_core.package_identification:_identify(.) by extension 'colcon_pkg'
[0.231s] Level 1:colcon.colcon_core.package_identification:_identify(.) by extensions ['colcon_meta']
[0.231s] Level 1:colcon.colcon_core.package_identification:_identify(.) by extension 'colcon_meta'
[0.231s] Level 1:colcon.colcon_core.package_identification:_identify(.) by extensions ['ros']
[0.231s] Level 1:colcon.colcon_core.package_identification:_identify(.) by extension 'ros'
[0.240s] Level 1:colcon.colcon_core.package_identification:_identify(.) by extensions ['cmake', 'python']
[0.240s] Level 1:colcon.colcon_core.package_identification:_identify(.) by extension 'cmake'
[0.240s] Level 1:colcon.colcon_core.package_identification:_identify(.) by extension 'python'
[0.240s] Level 1:colcon.colcon_core.package_identification:_identify(.) by extensions ['python_setup_py']
[0.240s] Level 1:colcon.colcon_core.package_identification:_identify(.) by extension 'python_setup_py'
[0.240s] Level 1:colcon.colcon_core.package_identification:_identify(build) by extensions ['ignore', 'ignore_ament_install']
[0.241s] Level 1:colcon.colcon_core.package_identification:_identify(build) by extension 'ignore'
[0.241s] Level 1:colcon.colcon_core.package_identification:_identify(build) ignored
[0.241s] Level 1:colcon.colcon_core.package_identification:_identify(install) by extensions ['ignore', 'ignore_ament_install']
[0.241s] Level 1:colcon.colcon_core.package_identification:_identify(install) by extension 'ignore'
[0.241s] Level 1:colcon.colcon_core.package_identification:_identify(install) ignored
[0.241s] Level 1:colcon.colcon_core.package_identification:_identify(log) by extensions ['ignore', 'ignore_ament_install']
[0.241s] Level 1:colcon.colcon_core.package_identification:_identify(log) by extension 'ignore'
[0.241s] Level 1:colcon.colcon_core.package_identification:_identify(log) ignored
[0.241s] Level 1:colcon.colcon_core.package_identification:_identify(src) by extensions ['ignore', 'ignore_ament_install']
[0.241s] Level 1:colcon.colcon_core.package_identification:_identify(src) by extension 'ignore'
[0.241s] Level 1:colcon.colcon_core.package_identification:_identify(src) by extension 'ignore_ament_install'
[0.241s] Level 1:colcon.colcon_core.package_identification:_identify(src) by extensions ['colcon_pkg']
[0.241s] Level 1:colcon.colcon_core.package_identification:_identify(src) by extension 'colcon_pkg'
[0.241s] Level 1:colcon.colcon_core.package_identification:_identify(src) by extensions ['colcon_meta']
[0.241s] Level 1:colcon.colcon_core.package_identification:_identify(src) by extension 'colcon_meta'
[0.241s] Level 1:colcon.colcon_core.package_identification:_identify(src) by extensions ['ros']
[0.241s] Level 1:colcon.colcon_core.package_identification:_identify(src) by extension 'ros'
[0.241s] Level 1:colcon.colcon_core.package_identification:_identify(src) by extensions ['cmake', 'python']
[0.241s] Level 1:colcon.colcon_core.package_identification:_identify(src) by extension 'cmake'
[0.241s] Level 1:colcon.colcon_core.package_identification:_identify(src) by extension 'python'
[0.242s] Level 1:colcon.colcon_core.package_identification:_identify(src) by extensions ['python_setup_py']
[0.242s] Level 1:colcon.colcon_core.package_identification:_identify(src) by extension 'python_setup_py'
[0.242s] Level 1:colcon.colcon_core.package_identification:_identify(src/arduino_bridge) by extensions ['ignore', 'ignore_ament_install']
[0.242s] Level 1:colcon.colcon_core.package_identification:_identify(src/arduino_bridge) by extension 'ignore'
[0.242s] Level 1:colcon.colcon_core.package_identification:_identify(src/arduino_bridge) by extension 'ignore_ament_install'
[0.242s] Level 1:colcon.colcon_core.package_identification:_identify(src/arduino_bridge) by extensions ['colcon_pkg']
[0.242s] Level 1:colcon.colcon_core.package_identification:_identify(src/arduino_bridge) by extension 'colcon_pkg'
[0.242s] Level 1:colcon.colcon_core.package_identification:_identify(src/arduino_bridge) by extensions ['colcon_meta']
[0.242s] Level 1:colcon.colcon_core.package_identification:_identify(src/arduino_bridge) by extension 'colcon_meta'
[0.242s] Level 1:colcon.colcon_core.package_identification:_identify(src/arduino_bridge) by extensions ['ros']
[0.242s] Level 1:colcon.colcon_core.package_identification:_identify(src/arduino_bridge) by extension 'ros'
[0.244s] DEBUG:colcon.colcon_core.package_identification:Package 'src/arduino_bridge' with type 'ros.ament_python' and name 'arduino_bridge'
[0.244s] Level 1:colcon.colcon_core.package_identification:_identify(src/robot_bringup) by extensions ['ignore', 'ignore_ament_install']
[0.244s] Level 1:colcon.colcon_core.package_identification:_identify(src/robot_bringup) by extension 'ignore'
[0.244s] Level 1:colcon.colcon_core.package_identification:_identify(src/robot_bringup) by extension 'ignore_ament_install'
[0.244s] Level 1:colcon.colcon_core.package_identification:_identify(src/robot_bringup) by extensions ['colcon_pkg']
[0.244s] Level 1:colcon.colcon_core.package_identification:_identify(src/robot_bringup) by extension 'colcon_pkg'
[0.244s] Level 1:colcon.colcon_core.package_identification:_identify(src/robot_bringup) by extensions ['colcon_meta']
[0.244s] Level 1:colcon.colcon_core.package_identification:_identify(src/robot_bringup) by extension 'colcon_meta'
[0.244s] Level 1:colcon.colcon_core.package_identification:_identify(src/robot_bringup) by extensions ['ros']
[0.244s] Level 1:colcon.colcon_core.package_identification:_identify(src/robot_bringup) by extension 'ros'
[0.245s] DEBUG:colcon.colcon_core.package_identification:Package 'src/robot_bringup' with type 'ros.ament_cmake' and name 'robot_bringup'
[0.245s] Level 1:colcon.colcon_core.package_identification:_identify(src/robot_control) by extensions ['ignore', 'ignore_ament_install']
[0.245s] Level 1:colcon.colcon_core.package_identification:_identify(src/robot_control) by extension 'ignore'
[0.245s] Level 1:colcon.colcon_core.package_identification:_identify(src/robot_control) by extension 'ignore_ament_install'
[0.245s] Level 1:colcon.colcon_core.package_identification:_identify(src/robot_control) by extensions ['colcon_pkg']
[0.245s] Level 1:colcon.colcon_core.package_identification:_identify(src/robot_control) by extension 'colcon_pkg'
[0.245s] Level 1:colcon.colcon_core.package_identification:_identify(src/robot_control) by extensions ['colcon_meta']
[0.245s] Level 1:colcon.colcon_core.package_identification:_identify(src/robot_control) by extension 'colcon_meta'
[0.245s] Level 1:colcon.colcon_core.package_identification:_identify(src/robot_control) by extensions ['ros']
[0.245s] Level 1:colcon.colcon_core.package_identification:_identify(src/robot_control) by extension 'ros'
[0.246s] DEBUG:colcon.colcon_core.package_identification:Package 'src/robot_control' with type 'ros.ament_python' and name 'robot_control'
[0.246s] Level 1:colcon.colcon_core.package_identification:_identify(src/robot_description) by extensions ['ignore', 'ignore_ament_install']
[0.246s] Level 1:colcon.colcon_core.package_identification:_identify(src/robot_description) by extension 'ignore'
[0.246s] Level 1:colcon.colcon_core.package_identification:_identify(src/robot_description) by extension 'ignore_ament_install'
[0.246s] Level 1:colcon.colcon_core.package_identification:_identify(src/robot_description) by extensions ['colcon_pkg']
[0.246s] Level 1:colcon.colcon_core.package_identification:_identify(src/robot_description) by extension 'colcon_pkg'
[0.246s] Level 1:colcon.colcon_core.package_identification:_identify(src/robot_description) by extensions ['colcon_meta']
[0.246s] Level 1:colcon.colcon_core.package_identification:_identify(src/robot_description) by extension 'colcon_meta'
[0.246s] Level 1:colcon.colcon_core.package_identification:_identify(src/robot_description) by extensions ['ros']
[0.246s] Level 1:colcon.colcon_core.package_identification:_identify(src/robot_description) by extension 'ros'
[0.247s] DEBUG:colcon.colcon_core.package_identification:Package 'src/robot_description' with type 'ros.ament_cmake' and name 'robot_description'
[0.247s] Level 1:colcon.colcon_core.package_identification:_identify(src/robot_navigation) by extensions ['ignore', 'ignore_ament_install']
[0.247s] Level 1:colcon.colcon_core.package_identification:_identify(src/robot_navigation) by extension 'ignore'
[0.247s] Level 1:colcon.colcon_core.package_identification:_identify(src/robot_navigation) by extension 'ignore_ament_install'
[0.247s] Level 1:colcon.colcon_core.package_identification:_identify(src/robot_navigation) by extensions ['colcon_pkg']
[0.247s] Level 1:colcon.colcon_core.package_identification:_identify(src/robot_navigation) by extension 'colcon_pkg'
[0.247s] Level 1:colcon.colcon_core.package_identification:_identify(src/robot_navigation) by extensions ['colcon_meta']
[0.247s] Level 1:colcon.colcon_core.package_identification:_identify(src/robot_navigation) by extension 'colcon_meta'
[0.247s] Level 1:colcon.colcon_core.package_identification:_identify(src/robot_navigation) by extensions ['ros']
[0.247s] Level 1:colcon.colcon_core.package_identification:_identify(src/robot_navigation) by extension 'ros'
[0.248s] DEBUG:colcon.colcon_core.package_identification:Package 'src/robot_navigation' with type 'ros.ament_cmake' and name 'robot_navigation'
[0.248s] Level 1:colcon.colcon_core.package_identification:_identify(src/robot_perception) by extensions ['ignore', 'ignore_ament_install']
[0.248s] Level 1:colcon.colcon_core.package_identification:_identify(src/robot_perception) by extension 'ignore'
[0.248s] Level 1:colcon.colcon_core.package_identification:_identify(src/robot_perception) by extension 'ignore_ament_install'
[0.248s] Level 1:colcon.colcon_core.package_identification:_identify(src/robot_perception) by extensions ['colcon_pkg']
[0.248s] Level 1:colcon.colcon_core.package_identification:_identify(src/robot_perception) by extension 'colcon_pkg'
[0.248s] Level 1:colcon.colcon_core.package_identification:_identify(src/robot_perception) by extensions ['colcon_meta']
[0.248s] Level 1:colcon.colcon_core.package_identification:_identify(src/robot_perception) by extension 'colcon_meta'
[0.248s] Level 1:colcon.colcon_core.package_identification:_identify(src/robot_perception) by extensions ['ros']
[0.248s] Level 1:colcon.colcon_core.package_identification:_identify(src/robot_perception) by extension 'ros'
[0.249s] DEBUG:colcon.colcon_core.package_identification:Package 'src/robot_perception' with type 'ros.ament_cmake' and name 'robot_perception'
[0.249s] Level 1:colcon.colcon_core.package_identification:_identify(src/robot_sensors) by extensions ['ignore', 'ignore_ament_install']
[0.249s] Level 1:colcon.colcon_core.package_identification:_identify(src/robot_sensors) by extension 'ignore'
[0.249s] Level 1:colcon.colcon_core.package_identification:_identify(src/robot_sensors) by extension 'ignore_ament_install'
[0.249s] Level 1:colcon.colcon_core.package_identification:_identify(src/robot_sensors) by extensions ['colcon_pkg']
[0.249s] Level 1:colcon.colcon_core.package_identification:_identify(src/robot_sensors) by extension 'colcon_pkg'
[0.249s] Level 1:colcon.colcon_core.package_identification:_identify(src/robot_sensors) by extensions ['colcon_meta']
[0.249s] Level 1:colcon.colcon_core.package_identification:_identify(src/robot_sensors) by extension 'colcon_meta'
[0.249s] Level 1:colcon.colcon_core.package_identification:_identify(src/robot_sensors) by extensions ['ros']
[0.249s] Level 1:colcon.colcon_core.package_identification:_identify(src/robot_sensors) by extension 'ros'
[0.250s] DEBUG:colcon.colcon_core.package_identification:Package 'src/robot_sensors' with type 'ros.ament_python' and name 'robot_sensors'
[0.250s] Level 1:colcon.colcon_core.package_identification:_identify(src/ros2arduino_bridge) by extensions ['ignore', 'ignore_ament_install']
[0.250s] Level 1:colcon.colcon_core.package_identification:_identify(src/ros2arduino_bridge) by extension 'ignore'
[0.250s] Level 1:colcon.colcon_core.package_identification:_identify(src/ros2arduino_bridge) by extension 'ignore_ament_install'
[0.250s] Level 1:colcon.colcon_core.package_identification:_identify(src/ros2arduino_bridge) by extensions ['colcon_pkg']
[0.250s] Level 1:colcon.colcon_core.package_identification:_identify(src/ros2arduino_bridge) by extension 'colcon_pkg'
[0.250s] Level 1:colcon.colcon_core.package_identification:_identify(src/ros2arduino_bridge) by extensions ['colcon_meta']
[0.250s] Level 1:colcon.colcon_core.package_identification:_identify(src/ros2arduino_bridge) by extension 'colcon_meta'
[0.250s] Level 1:colcon.colcon_core.package_identification:_identify(src/ros2arduino_bridge) by extensions ['ros']
[0.250s] Level 1:colcon.colcon_core.package_identification:_identify(src/ros2arduino_bridge) by extension 'ros'
[0.250s] DEBUG:colcon.colcon_core.package_identification:Package 'src/ros2arduino_bridge' with type 'ros.ament_cmake' and name 'ros2arduino_bridge'
[0.250s] Level 1:colcon.colcon_core.package_discovery:discover_packages(recursive) using defaults
[0.250s] Level 1:colcon.colcon_core.package_discovery:discover_packages(ignore) discover
[0.250s] Level 1:colcon.colcon_core.package_discovery:discover_packages(ignore) using defaults
[0.251s] Level 1:colcon.colcon_core.package_discovery:discover_packages(path) discover
[0.251s] Level 1:colcon.colcon_core.package_discovery:discover_packages(path) using defaults
[0.267s] Level 5:colcon.colcon_core.verb:set package 'arduino_bridge' build argument 'cmake_args' from command line to 'None'
[0.267s] Level 5:colcon.colcon_core.verb:set package 'arduino_bridge' build argument 'cmake_target' from command line to 'None'
[0.267s] Level 5:colcon.colcon_core.verb:set package 'arduino_bridge' build argument 'cmake_target_skip_unavailable' from command line to 'False'
[0.267s] Level 5:colcon.colcon_core.verb:set package 'arduino_bridge' build argument 'cmake_clean_cache' from command line to 'False'
[0.268s] Level 5:colcon.colcon_core.verb:set package 'arduino_bridge' build argument 'cmake_clean_first' from command line to 'False'
[0.268s] Level 5:colcon.colcon_core.verb:set package 'arduino_bridge' build argument 'cmake_force_configure' from command line to 'False'
[0.268s] Level 5:colcon.colcon_core.verb:set package 'arduino_bridge' build argument 'ament_cmake_args' from command line to 'None'
[0.268s] Level 5:colcon.colcon_core.verb:set package 'arduino_bridge' build argument 'catkin_cmake_args' from command line to 'None'
[0.268s] Level 5:colcon.colcon_core.verb:set package 'arduino_bridge' build argument 'catkin_skip_building_tests' from command line to 'False'
[0.268s] DEBUG:colcon.colcon_core.verb:Building package 'arduino_bridge' with the following arguments: {'ament_cmake_args': None, 'build_base': '/home/Dojo/Dojo/build/arduino_bridge', 'catkin_cmake_args': None, 'catkin_skip_building_tests': False, 'cmake_args': None, 'cmake_clean_cache': False, 'cmake_clean_first': False, 'cmake_force_configure': False, 'cmake_target': None, 'cmake_target_skip_unavailable': False, 'install_base': '/home/Dojo/Dojo/install/arduino_bridge', 'merge_install': False, 'path': '/home/Dojo/Dojo/src/arduino_bridge', 'symlink_install': True, 'test_result_base': None}
[0.268s] Level 5:colcon.colcon_core.verb:set package 'robot_control' build argument 'cmake_args' from command line to 'None'
[0.268s] Level 5:colcon.colcon_core.verb:set package 'robot_control' build argument 'cmake_target' from command line to 'None'
[0.268s] Level 5:colcon.colcon_core.verb:set package 'robot_control' build argument 'cmake_target_skip_unavailable' from command line to 'False'
[0.268s] Level 5:colcon.colcon_core.verb:set package 'robot_control' build argument 'cmake_clean_cache' from command line to 'False'
[0.268s] Level 5:colcon.colcon_core.verb:set package 'robot_control' build argument 'cmake_clean_first' from command line to 'False'
[0.268s] Level 5:colcon.colcon_core.verb:set package 'robot_control' build argument 'cmake_force_configure' from command line to 'False'
[0.268s] Level 5:colcon.colcon_core.verb:set package 'robot_control' build argument 'ament_cmake_args' from command line to 'None'
[0.268s] Level 5:colcon.colcon_core.verb:set package 'robot_control' build argument 'catkin_cmake_args' from command line to 'None'
[0.268s] Level 5:colcon.colcon_core.verb:set package 'robot_control' build argument 'catkin_skip_building_tests' from command line to 'False'
[0.268s] DEBUG:colcon.colcon_core.verb:Building package 'robot_control' with the following arguments: {'ament_cmake_args': None, 'build_base': '/home/Dojo/Dojo/build/robot_control', 'catkin_cmake_args': None, 'catkin_skip_building_tests': False, 'cmake_args': None, 'cmake_clean_cache': False, 'cmake_clean_first': False, 'cmake_force_configure': False, 'cmake_target': None, 'cmake_target_skip_unavailable': False, 'install_base': '/home/Dojo/Dojo/install/robot_control', 'merge_install': False, 'path': '/home/Dojo/Dojo/src/robot_control', 'symlink_install': True, 'test_result_base': None}
[0.268s] Level 5:colcon.colcon_core.verb:set package 'robot_description' build argument 'cmake_args' from command line to 'None'
[0.268s] Level 5:colcon.colcon_core.verb:set package 'robot_description' build argument 'cmake_target' from command line to 'None'
[0.268s] Level 5:colcon.colcon_core.verb:set package 'robot_description' build argument 'cmake_target_skip_unavailable' from command line to 'False'
[0.268s] Level 5:colcon.colcon_core.verb:set package 'robot_description' build argument 'cmake_clean_cache' from command line to 'False'
[0.268s] Level 5:colcon.colcon_core.verb:set package 'robot_description' build argument 'cmake_clean_first' from command line to 'False'
[0.268s] Level 5:colcon.colcon_core.verb:set package 'robot_description' build argument 'cmake_force_configure' from command line to 'False'
[0.269s] Level 5:colcon.colcon_core.verb:set package 'robot_description' build argument 'ament_cmake_args' from command line to 'None'
[0.269s] Level 5:colcon.colcon_core.verb:set package 'robot_description' build argument 'catkin_cmake_args' from command line to 'None'
[0.269s] Level 5:colcon.colcon_core.verb:set package 'robot_description' build argument 'catkin_skip_building_tests' from command line to 'False'
[0.269s] DEBUG:colcon.colcon_core.verb:Building package 'robot_description' with the following arguments: {'ament_cmake_args': None, 'build_base': '/home/Dojo/Dojo/build/robot_description', 'catkin_cmake_args': None, 'catkin_skip_building_tests': False, 'cmake_args': None, 'cmake_clean_cache': False, 'cmake_clean_first': False, 'cmake_force_configure': False, 'cmake_target': None, 'cmake_target_skip_unavailable': False, 'install_base': '/home/Dojo/Dojo/install/robot_description', 'merge_install': False, 'path': '/home/Dojo/Dojo/src/robot_description', 'symlink_install': True, 'test_result_base': None}
[0.269s] Level 5:colcon.colcon_core.verb:set package 'robot_navigation' build argument 'cmake_args' from command line to 'None'
[0.269s] Level 5:colcon.colcon_core.verb:set package 'robot_navigation' build argument 'cmake_target' from command line to 'None'
[0.269s] Level 5:colcon.colcon_core.verb:set package 'robot_navigation' build argument 'cmake_target_skip_unavailable' from command line to 'False'
[0.269s] Level 5:colcon.colcon_core.verb:set package 'robot_navigation' build argument 'cmake_clean_cache' from command line to 'False'
[0.269s] Level 5:colcon.colcon_core.verb:set package 'robot_navigation' build argument 'cmake_clean_first' from command line to 'False'
[0.269s] Level 5:colcon.colcon_core.verb:set package 'robot_navigation' build argument 'cmake_force_configure' from command line to 'False'
[0.269s] Level 5:colcon.colcon_core.verb:set package 'robot_navigation' build argument 'ament_cmake_args' from command line to 'None'
[0.269s] Level 5:colcon.colcon_core.verb:set package 'robot_navigation' build argument 'catkin_cmake_args' from command line to 'None'
[0.269s] Level 5:colcon.colcon_core.verb:set package 'robot_navigation' build argument 'catkin_skip_building_tests' from command line to 'False'
[0.269s] DEBUG:colcon.colcon_core.verb:Building package 'robot_navigation' with the following arguments: {'ament_cmake_args': None, 'build_base': '/home/Dojo/Dojo/build/robot_navigation', 'catkin_cmake_args': None, 'catkin_skip_building_tests': False, 'cmake_args': None, 'cmake_clean_cache': False, 'cmake_clean_first': False, 'cmake_force_configure': False, 'cmake_target': None, 'cmake_target_skip_unavailable': False, 'install_base': '/home/Dojo/Dojo/install/robot_navigation', 'merge_install': False, 'path': '/home/Dojo/Dojo/src/robot_navigation', 'symlink_install': True, 'test_result_base': None}
[0.269s] Level 5:colcon.colcon_core.verb:set package 'robot_perception' build argument 'cmake_args' from command line to 'None'
[0.269s] Level 5:colcon.colcon_core.verb:set package 'robot_perception' build argument 'cmake_target' from command line to 'None'
[0.269s] Level 5:colcon.colcon_core.verb:set package 'robot_perception' build argument 'cmake_target_skip_unavailable' from command line to 'False'
[0.269s] Level 5:colcon.colcon_core.verb:set package 'robot_perception' build argument 'cmake_clean_cache' from command line to 'False'
[0.269s] Level 5:colcon.colcon_core.verb:set package 'robot_perception' build argument 'cmake_clean_first' from command line to 'False'
[0.269s] Level 5:colcon.colcon_core.verb:set package 'robot_perception' build argument 'cmake_force_configure' from command line to 'False'
[0.269s] Level 5:colcon.colcon_core.verb:set package 'robot_perception' build argument 'ament_cmake_args' from command line to 'None'
[0.269s] Level 5:colcon.colcon_core.verb:set package 'robot_perception' build argument 'catkin_cmake_args' from command line to 'None'
[0.269s] Level 5:colcon.colcon_core.verb:set package 'robot_perception' build argument 'catkin_skip_building_tests' from command line to 'False'
[0.269s] DEBUG:colcon.colcon_core.verb:Building package 'robot_perception' with the following arguments: {'ament_cmake_args': None, 'build_base': '/home/Dojo/Dojo/build/robot_perception', 'catkin_cmake_args': None, 'catkin_skip_building_tests': False, 'cmake_args': None, 'cmake_clean_cache': False, 'cmake_clean_first': False, 'cmake_force_configure': False, 'cmake_target': None, 'cmake_target_skip_unavailable': False, 'install_base': '/home/Dojo/Dojo/install/robot_perception', 'merge_install': False, 'path': '/home/Dojo/Dojo/src/robot_perception', 'symlink_install': True, 'test_result_base': None}
[0.278s] Level 5:colcon.colcon_core.verb:set package 'robot_sensors' build argument 'cmake_args' from command line to 'None'
[0.278s] Level 5:colcon.colcon_core.verb:set package 'robot_sensors' build argument 'cmake_target' from command line to 'None'
[0.278s] Level 5:colcon.colcon_core.verb:set package 'robot_sensors' build argument 'cmake_target_skip_unavailable' from command line to 'False'
[0.278s] Level 5:colcon.colcon_core.verb:set package 'robot_sensors' build argument 'cmake_clean_cache' from command line to 'False'
[0.278s] Level 5:colcon.colcon_core.verb:set package 'robot_sensors' build argument 'cmake_clean_first' from command line to 'False'
[0.278s] Level 5:colcon.colcon_core.verb:set package 'robot_sensors' build argument 'cmake_force_configure' from command line to 'False'
[0.278s] Level 5:colcon.colcon_core.verb:set package 'robot_sensors' build argument 'ament_cmake_args' from command line to 'None'
[0.278s] Level 5:colcon.colcon_core.verb:set package 'robot_sensors' build argument 'catkin_cmake_args' from command line to 'None'
[0.278s] Level 5:colcon.colcon_core.verb:set package 'robot_sensors' build argument 'catkin_skip_building_tests' from command line to 'False'
[0.278s] DEBUG:colcon.colcon_core.verb:Building package 'robot_sensors' with the following arguments: {'ament_cmake_args': None, 'build_base': '/home/Dojo/Dojo/build/robot_sensors', 'catkin_cmake_args': None, 'catkin_skip_building_tests': False, 'cmake_args': None, 'cmake_clean_cache': False, 'cmake_clean_first': False, 'cmake_force_configure': False, 'cmake_target': None, 'cmake_target_skip_unavailable': False, 'install_base': '/home/Dojo/Dojo/install/robot_sensors', 'merge_install': False, 'path': '/home/Dojo/Dojo/src/robot_sensors', 'symlink_install': True, 'test_result_base': None}
[0.278s] Level 5:colcon.colcon_core.verb:set package 'ros2arduino_bridge' build argument 'cmake_args' from command line to 'None'
[0.278s] Level 5:colcon.colcon_core.verb:set package 'ros2arduino_bridge' build argument 'cmake_target' from command line to 'None'
[0.278s] Level 5:colcon.colcon_core.verb:set package 'ros2arduino_bridge' build argument 'cmake_target_skip_unavailable' from command line to 'False'
[0.278s] Level 5:colcon.colcon_core.verb:set package 'ros2arduino_bridge' build argument 'cmake_clean_cache' from command line to 'False'
[0.278s] Level 5:colcon.colcon_core.verb:set package 'ros2arduino_bridge' build argument 'cmake_clean_first' from command line to 'False'
[0.278s] Level 5:colcon.colcon_core.verb:set package 'ros2arduino_bridge' build argument 'cmake_force_configure' from command line to 'False'
[0.278s] Level 5:colcon.colcon_core.verb:set package 'ros2arduino_bridge' build argument 'ament_cmake_args' from command line to 'None'
[0.278s] Level 5:colcon.colcon_core.verb:set package 'ros2arduino_bridge' build argument 'catkin_cmake_args' from command line to 'None'
[0.278s] Level 5:colcon.colcon_core.verb:set package 'ros2arduino_bridge' build argument 'catkin_skip_building_tests' from command line to 'False'
[0.279s] DEBUG:colcon.colcon_core.verb:Building package 'ros2arduino_bridge' with the following arguments: {'ament_cmake_args': None, 'build_base': '/home/Dojo/Dojo/build/ros2arduino_bridge', 'catkin_cmake_args': None, 'catkin_skip_building_tests': False, 'cmake_args': None, 'cmake_clean_cache': False, 'cmake_clean_first': False, 'cmake_force_configure': False, 'cmake_target': None, 'cmake_target_skip_unavailable': False, 'install_base': '/home/Dojo/Dojo/install/ros2arduino_bridge', 'merge_install': False, 'path': '/home/Dojo/Dojo/src/ros2arduino_bridge', 'symlink_install': True, 'test_result_base': None}
[0.279s] Level 5:colcon.colcon_core.verb:set package 'robot_bringup' build argument 'cmake_args' from command line to 'None'
[0.279s] Level 5:colcon.colcon_core.verb:set package 'robot_bringup' build argument 'cmake_target' from command line to 'None'
[0.279s] Level 5:colcon.colcon_core.verb:set package 'robot_bringup' build argument 'cmake_target_skip_unavailable' from command line to 'False'
[0.279s] Level 5:colcon.colcon_core.verb:set package 'robot_bringup' build argument 'cmake_clean_cache' from command line to 'False'
[0.279s] Level 5:colcon.colcon_core.verb:set package 'robot_bringup' build argument 'cmake_clean_first' from command line to 'False'
[0.279s] Level 5:colcon.colcon_core.verb:set package 'robot_bringup' build argument 'cmake_force_configure' from command line to 'False'
[0.279s] Level 5:colcon.colcon_core.verb:set package 'robot_bringup' build argument 'ament_cmake_args' from command line to 'None'
[0.279s] Level 5:colcon.colcon_core.verb:set package 'robot_bringup' build argument 'catkin_cmake_args' from command line to 'None'
[0.279s] Level 5:colcon.colcon_core.verb:set package 'robot_bringup' build argument 'catkin_skip_building_tests' from command line to 'False'
[0.279s] DEBUG:colcon.colcon_core.verb:Building package 'robot_bringup' with the following arguments: {'ament_cmake_args': None, 'build_base': '/home/Dojo/Dojo/build/robot_bringup', 'catkin_cmake_args': None, 'catkin_skip_building_tests': False, 'cmake_args': None, 'cmake_clean_cache': False, 'cmake_clean_first': False, 'cmake_force_configure': False, 'cmake_target': None, 'cmake_target_skip_unavailable': False, 'install_base': '/home/Dojo/Dojo/install/robot_bringup', 'merge_install': False, 'path': '/home/Dojo/Dojo/src/robot_bringup', 'symlink_install': True, 'test_result_base': None}
[0.279s] INFO:colcon.colcon_core.executor:Executing jobs using 'parallel' executor
[0.280s] DEBUG:colcon.colcon_parallel_executor.executor.parallel:run_until_complete
[0.280s] INFO:colcon.colcon_ros.task.ament_python.build:Building ROS package in '/home/Dojo/Dojo/src/robot_control' with build type 'ament_python'
[0.280s] Level 1:colcon.colcon_core.shell:create_environment_hook('robot_control', 'ament_prefix_path')
[0.283s] INFO:colcon.colcon_core.plugin_system:Skipping extension 'colcon_core.shell.bat': Not used on non-Windows systems
[0.283s] INFO:colcon.colcon_core.shell:Creating environment hook '/home/Dojo/Dojo/install/robot_control/share/robot_control/hook/ament_prefix_path.ps1'
[0.283s] INFO:colcon.colcon_core.shell:Creating environment descriptor '/home/Dojo/Dojo/install/robot_control/share/robot_control/hook/ament_prefix_path.dsv'
[0.284s] INFO:colcon.colcon_core.shell:Creating environment hook '/home/Dojo/Dojo/install/robot_control/share/robot_control/hook/ament_prefix_path.sh'
[0.284s] INFO:colcon.colcon_core.shell:Skip shell extension 'powershell' for command environment: Not usable outside of PowerShell
[0.284s] DEBUG:colcon.colcon_core.shell:Skip shell extension 'dsv' for command environment
[0.289s] INFO:colcon.colcon_ros.task.ament_cmake.build:Building ROS package in '/home/Dojo/Dojo/src/robot_description' with build type 'ament_cmake'
[0.289s] INFO:colcon.colcon_cmake.task.cmake.build:Building CMake package in '/home/Dojo/Dojo/src/robot_description'
[0.289s] INFO:colcon.colcon_core.shell:Skip shell extension 'powershell' for command environment: Not usable outside of PowerShell
[0.289s] DEBUG:colcon.colcon_core.shell:Skip shell extension 'dsv' for command environment
[0.292s] INFO:colcon.colcon_ros.task.ament_cmake.build:Building ROS package in '/home/Dojo/Dojo/src/robot_navigation' with build type 'ament_cmake'
[0.292s] INFO:colcon.colcon_cmake.task.cmake.build:Building CMake package in '/home/Dojo/Dojo/src/robot_navigation'
[0.292s] INFO:colcon.colcon_core.shell:Skip shell extension 'powershell' for command environment: Not usable outside of PowerShell
[0.292s] DEBUG:colcon.colcon_core.shell:Skip shell extension 'dsv' for command environment
[0.296s] INFO:colcon.colcon_ros.task.ament_cmake.build:Building ROS package in '/home/Dojo/Dojo/src/robot_perception' with build type 'ament_cmake'
[0.296s] INFO:colcon.colcon_cmake.task.cmake.build:Building CMake package in '/home/Dojo/Dojo/src/robot_perception'
[0.296s] INFO:colcon.colcon_core.shell:Skip shell extension 'powershell' for command environment: Not usable outside of PowerShell
[0.296s] DEBUG:colcon.colcon_core.shell:Skip shell extension 'dsv' for command environment
[0.299s] INFO:colcon.colcon_ros.task.ament_python.build:Building ROS package in '/home/Dojo/Dojo/src/robot_sensors' with build type 'ament_python'
[0.299s] Level 1:colcon.colcon_core.shell:create_environment_hook('robot_sensors', 'ament_prefix_path')
[0.300s] INFO:colcon.colcon_core.shell:Creating environment hook '/home/Dojo/Dojo/install/robot_sensors/share/robot_sensors/hook/ament_prefix_path.ps1'
[0.300s] INFO:colcon.colcon_core.shell:Creating environment descriptor '/home/Dojo/Dojo/install/robot_sensors/share/robot_sensors/hook/ament_prefix_path.dsv'
[0.300s] INFO:colcon.colcon_core.shell:Creating environment hook '/home/Dojo/Dojo/install/robot_sensors/share/robot_sensors/hook/ament_prefix_path.sh'
[0.301s] INFO:colcon.colcon_core.shell:Skip shell extension 'powershell' for command environment: Not usable outside of PowerShell
[0.301s] DEBUG:colcon.colcon_core.shell:Skip shell extension 'dsv' for command environment
[0.304s] INFO:colcon.colcon_ros.task.ament_python.build:Building ROS package in '/home/Dojo/Dojo/src/arduino_bridge' with build type 'ament_python'
[0.304s] Level 1:colcon.colcon_core.shell:create_environment_hook('arduino_bridge', 'ament_prefix_path')
[0.304s] INFO:colcon.colcon_core.shell:Creating environment hook '/home/Dojo/Dojo/install/arduino_bridge/share/arduino_bridge/hook/ament_prefix_path.ps1'
[0.304s] INFO:colcon.colcon_core.shell:Creating environment descriptor '/home/Dojo/Dojo/install/arduino_bridge/share/arduino_bridge/hook/ament_prefix_path.dsv'
[0.305s] INFO:colcon.colcon_core.shell:Creating environment hook '/home/Dojo/Dojo/install/arduino_bridge/share/arduino_bridge/hook/ament_prefix_path.sh'
[0.305s] INFO:colcon.colcon_core.shell:Skip shell extension 'powershell' for command environment: Not usable outside of PowerShell
[0.305s] DEBUG:colcon.colcon_core.shell:Skip shell extension 'dsv' for command environment
[0.308s] INFO:colcon.colcon_ros.task.ament_cmake.build:Building ROS package in '/home/Dojo/Dojo/src/ros2arduino_bridge' with build type 'ament_cmake'
[0.308s] INFO:colcon.colcon_cmake.task.cmake.build:Building CMake package in '/home/Dojo/Dojo/src/ros2arduino_bridge'
[0.308s] INFO:colcon.colcon_core.shell:Skip shell extension 'powershell' for command environment: Not usable outside of PowerShell
[0.308s] DEBUG:colcon.colcon_core.shell:Skip shell extension 'dsv' for command environment
[0.536s] INFO:colcon.colcon_core.task.python.build:Building Python package in '/home/Dojo/Dojo/src/robot_control'
[0.536s] INFO:colcon.colcon_core.shell:Skip shell extension 'powershell' for command environment: Not usable outside of PowerShell
[0.536s] DEBUG:colcon.colcon_core.shell:Skip shell extension 'dsv' for command environment
[0.542s] DEBUG:colcon.colcon_core.event_handler.log_command:Invoking command in '/home/Dojo/Dojo/build/robot_description': CMAKE_PREFIX_PATH=/opt/ros/humble /usr/bin/cmake /home/Dojo/Dojo/src/robot_description -DAMENT_CMAKE_SYMLINK_INSTALL=1 -DCMAKE_INSTALL_PREFIX=/home/Dojo/Dojo/install/robot_description
[0.545s] DEBUG:colcon.colcon_core.event_handler.log_command:Invoking command in '/home/Dojo/Dojo/build/robot_navigation': CMAKE_PREFIX_PATH=/opt/ros/humble /usr/bin/cmake /home/Dojo/Dojo/src/robot_navigation -DAMENT_CMAKE_SYMLINK_INSTALL=1 -DCMAKE_INSTALL_PREFIX=/home/Dojo/Dojo/install/robot_navigation
[0.547s] DEBUG:colcon.colcon_core.event_handler.log_command:Invoking command in '/home/Dojo/Dojo/build/robot_perception': CMAKE_PREFIX_PATH=/opt/ros/humble /usr/bin/cmake /home/Dojo/Dojo/src/robot_perception -DAMENT_CMAKE_SYMLINK_INSTALL=1 -DCMAKE_INSTALL_PREFIX=/home/Dojo/Dojo/install/robot_perception
[0.765s] INFO:colcon.colcon_core.task.python.build:Building Python package in '/home/Dojo/Dojo/src/robot_sensors'
[0.765s] INFO:colcon.colcon_core.shell:Skip shell extension 'powershell' for command environment: Not usable outside of PowerShell
[0.765s] DEBUG:colcon.colcon_core.shell:Skip shell extension 'dsv' for command environment
[0.997s] INFO:colcon.colcon_core.task.python.build:Building Python package in '/home/Dojo/Dojo/src/arduino_bridge'
[0.998s] INFO:colcon.colcon_core.shell:Skip shell extension 'powershell' for command environment: Not usable outside of PowerShell
[0.998s] DEBUG:colcon.colcon_core.shell:Skip shell extension 'dsv' for command environment
[1.008s] DEBUG:colcon.colcon_core.event_handler.log_command:Invoked command in '/home/Dojo/Dojo/build/robot_description' returned '0': CMAKE_PREFIX_PATH=/opt/ros/humble /usr/bin/cmake /home/Dojo/Dojo/src/robot_description -DAMENT_CMAKE_SYMLINK_INSTALL=1 -DCMAKE_INSTALL_PREFIX=/home/Dojo/Dojo/install/robot_description
[1.008s] DEBUG:colcon.colcon_core.event_handler.log_command:Invoking command in '/home/Dojo/Dojo/build/robot_description': CMAKE_PREFIX_PATH=/opt/ros/humble /usr/bin/cmake --build /home/Dojo/Dojo/build/robot_description -- -j16 -l16
[1.011s] DEBUG:colcon.colcon_core.event_handler.log_command:Invoking command in '/home/Dojo/Dojo/build/ros2arduino_bridge': CMAKE_PREFIX_PATH=/opt/ros/humble /usr/bin/cmake --build /home/Dojo/Dojo/build/ros2arduino_bridge -- -j16 -l16
[1.012s] DEBUG:colcon.colcon_core.event_handler.log_command:Invoked command in '/home/Dojo/Dojo/build/robot_navigation' returned '0': CMAKE_PREFIX_PATH=/opt/ros/humble /usr/bin/cmake /home/Dojo/Dojo/src/robot_navigation -DAMENT_CMAKE_SYMLINK_INSTALL=1 -DCMAKE_INSTALL_PREFIX=/home/Dojo/Dojo/install/robot_navigation
[1.012s] DEBUG:colcon.colcon_core.event_handler.log_command:Invoking command in '/home/Dojo/Dojo/build/robot_navigation': CMAKE_PREFIX_PATH=/opt/ros/humble /usr/bin/cmake --build /home/Dojo/Dojo/build/robot_navigation -- -j16 -l16
[1.046s] DEBUG:colcon.colcon_core.event_handler.log_command:Invoked command in '/home/Dojo/Dojo/build/robot_navigation' returned '0': CMAKE_PREFIX_PATH=/opt/ros/humble /usr/bin/cmake --build /home/Dojo/Dojo/build/robot_navigation -- -j16 -l16
[1.056s] DEBUG:colcon.colcon_core.event_handler.log_command:Invoking command in '/home/Dojo/Dojo/build/robot_navigation': CMAKE_PREFIX_PATH=/opt/ros/humble /usr/bin/cmake --install /home/Dojo/Dojo/build/robot_navigation
[1.057s] DEBUG:colcon.colcon_core.event_handler.log_command:Invoked command in '/home/Dojo/Dojo/build/ros2arduino_bridge' returned '0': CMAKE_PREFIX_PATH=/opt/ros/humble /usr/bin/cmake --build /home/Dojo/Dojo/build/ros2arduino_bridge -- -j16 -l16
[1.059s] DEBUG:colcon.colcon_core.event_handler.log_command:Invoking command in '/home/Dojo/Dojo/build/ros2arduino_bridge': CMAKE_PREFIX_PATH=/opt/ros/humble /usr/bin/cmake --install /home/Dojo/Dojo/build/ros2arduino_bridge
[1.080s] Level 1:colcon.colcon_core.environment:create_environment_scripts_only(ros2arduino_bridge)
[1.080s] DEBUG:colcon.colcon_core.event_handler.log_command:Invoked command in '/home/Dojo/Dojo/build/ros2arduino_bridge' returned '0': CMAKE_PREFIX_PATH=/opt/ros/humble /usr/bin/cmake --install /home/Dojo/Dojo/build/ros2arduino_bridge
[1.083s] Level 1:colcon.colcon_core.environment:checking '/home/Dojo/Dojo/install/ros2arduino_bridge' for CMake module files
[1.084s] Level 1:colcon.colcon_core.environment:checking '/home/Dojo/Dojo/install/ros2arduino_bridge' for CMake config files
[1.085s] Level 1:colcon.colcon_core.shell:create_environment_hook('ros2arduino_bridge', 'cmake_prefix_path')
[1.085s] INFO:colcon.colcon_core.shell:Creating environment hook '/home/Dojo/Dojo/install/ros2arduino_bridge/share/ros2arduino_bridge/hook/cmake_prefix_path.ps1'
[1.086s] INFO:colcon.colcon_core.shell:Creating environment descriptor '/home/Dojo/Dojo/install/ros2arduino_bridge/share/ros2arduino_bridge/hook/cmake_prefix_path.dsv'
[1.086s] INFO:colcon.colcon_core.shell:Creating environment hook '/home/Dojo/Dojo/install/ros2arduino_bridge/share/ros2arduino_bridge/hook/cmake_prefix_path.sh'
[1.087s] Level 1:colcon.colcon_core.environment:checking '/home/Dojo/Dojo/install/ros2arduino_bridge/bin'
[1.087s] Level 1:colcon.colcon_core.environment:checking '/home/Dojo/Dojo/install/ros2arduino_bridge/lib/pkgconfig/ros2arduino_bridge.pc'
[1.087s] Level 1:colcon.colcon_core.environment:checking '/home/Dojo/Dojo/install/ros2arduino_bridge/lib/python3.10/site-packages'
[1.087s] Level 1:colcon.colcon_core.environment:checking '/home/Dojo/Dojo/install/ros2arduino_bridge/bin'
[1.087s] INFO:colcon.colcon_core.shell:Creating package script '/home/Dojo/Dojo/install/ros2arduino_bridge/share/ros2arduino_bridge/package.ps1'
[1.088s] INFO:colcon.colcon_core.shell:Creating package descriptor '/home/Dojo/Dojo/install/ros2arduino_bridge/share/ros2arduino_bridge/package.dsv'
[1.089s] INFO:colcon.colcon_core.shell:Creating package script '/home/Dojo/Dojo/install/ros2arduino_bridge/share/ros2arduino_bridge/package.sh'
[1.090s] INFO:colcon.colcon_core.shell:Creating package script '/home/Dojo/Dojo/install/ros2arduino_bridge/share/ros2arduino_bridge/package.bash'
[1.090s] INFO:colcon.colcon_core.shell:Creating package script '/home/Dojo/Dojo/install/ros2arduino_bridge/share/ros2arduino_bridge/package.zsh'
[1.091s] Level 1:colcon.colcon_core.environment:create_file_with_runtime_dependencies(/home/Dojo/Dojo/install/ros2arduino_bridge/share/colcon-core/packages/ros2arduino_bridge)
[1.092s] Level 1:colcon.colcon_core.environment:create_environment_scripts_only(ros2arduino_bridge)
[1.092s] Level 1:colcon.colcon_core.environment:checking '/home/Dojo/Dojo/install/ros2arduino_bridge' for CMake module files
[1.093s] Level 1:colcon.colcon_core.environment:checking '/home/Dojo/Dojo/install/ros2arduino_bridge' for CMake config files
[1.093s] Level 1:colcon.colcon_core.shell:create_environment_hook('ros2arduino_bridge', 'cmake_prefix_path')
[1.093s] INFO:colcon.colcon_core.shell:Creating environment hook '/home/Dojo/Dojo/install/ros2arduino_bridge/share/ros2arduino_bridge/hook/cmake_prefix_path.ps1'
[1.094s] INFO:colcon.colcon_core.shell:Creating environment descriptor '/home/Dojo/Dojo/install/ros2arduino_bridge/share/ros2arduino_bridge/hook/cmake_prefix_path.dsv'
[1.094s] INFO:colcon.colcon_core.shell:Creating environment hook '/home/Dojo/Dojo/install/ros2arduino_bridge/share/ros2arduino_bridge/hook/cmake_prefix_path.sh'
[1.095s] Level 1:colcon.colcon_core.environment:checking '/home/Dojo/Dojo/install/ros2arduino_bridge/bin'
[1.095s] Level 1:colcon.colcon_core.environment:checking '/home/Dojo/Dojo/install/ros2arduino_bridge/lib/pkgconfig/ros2arduino_bridge.pc'
[1.095s] Level 1:colcon.colcon_core.environment:checking '/home/Dojo/Dojo/install/ros2arduino_bridge/lib/python3.10/site-packages'
[1.095s] Level 1:colcon.colcon_core.environment:checking '/home/Dojo/Dojo/install/ros2arduino_bridge/bin'
[1.096s] INFO:colcon.colcon_core.shell:Creating package script '/home/Dojo/Dojo/install/ros2arduino_bridge/share/ros2arduino_bridge/package.ps1'
[1.096s] INFO:colcon.colcon_core.shell:Creating package descriptor '/home/Dojo/Dojo/install/ros2arduino_bridge/share/ros2arduino_bridge/package.dsv'
[1.097s] INFO:colcon.colcon_core.shell:Creating package script '/home/Dojo/Dojo/install/ros2arduino_bridge/share/ros2arduino_bridge/package.sh'
[1.097s] INFO:colcon.colcon_core.shell:Creating package script '/home/Dojo/Dojo/install/ros2arduino_bridge/share/ros2arduino_bridge/package.bash'
[1.098s] INFO:colcon.colcon_core.shell:Creating package script '/home/Dojo/Dojo/install/ros2arduino_bridge/share/ros2arduino_bridge/package.zsh'
[1.098s] Level 1:colcon.colcon_core.environment:create_file_with_runtime_dependencies(/home/Dojo/Dojo/install/ros2arduino_bridge/share/colcon-core/packages/ros2arduino_bridge)
[1.337s] DEBUG:colcon.colcon_core.event_handler.log_command:Invoking command in '/home/Dojo/Dojo/build/robot_sensors': PYTHONPATH=/home/Dojo/Dojo/build/robot_sensors/prefix_override:/usr/lib/python3/dist-packages/colcon_core/task/python/colcon_distutils_commands:/home/Dojo/Dojo/install/robot_sensors/lib/python3.10/site-packages:${PYTHONPATH} /usr/bin/python3 -W ignore:setup.py install is deprecated -W ignore:easy_install command is deprecated setup.py develop --editable --build-directory /home/Dojo/Dojo/build/robot_sensors/build --no-deps symlink_data
[1.340s] DEBUG:colcon.colcon_core.event_handler.log_command:Invoking command in '/home/Dojo/Dojo/build/robot_control': PYTHONPATH=/home/Dojo/Dojo/build/robot_control/prefix_override:/usr/lib/python3/dist-packages/colcon_core/task/python/colcon_distutils_commands:/home/Dojo/Dojo/install/robot_control/lib/python3.10/site-packages:${PYTHONPATH} /usr/bin/python3 -W ignore:setup.py install is deprecated -W ignore:easy_install command is deprecated setup.py develop --editable --build-directory /home/Dojo/Dojo/build/robot_control/build --no-deps symlink_data
[1.347s] DEBUG:colcon.colcon_core.event_handler.log_command:Invoking command in '/home/Dojo/Dojo/build/arduino_bridge': PYTHONPATH=/home/Dojo/Dojo/build/arduino_bridge/prefix_override:/usr/lib/python3/dist-packages/colcon_core/task/python/colcon_distutils_commands:/home/Dojo/Dojo/install/arduino_bridge/lib/python3.10/site-packages:${PYTHONPATH} /usr/bin/python3 -W ignore:setup.py install is deprecated -W ignore:easy_install command is deprecated setup.py develop --editable --build-directory /home/Dojo/Dojo/build/arduino_bridge/build --no-deps symlink_data
[1.348s] DEBUG:colcon.colcon_core.event_handler.log_command:Invoked command in '/home/Dojo/Dojo/build/robot_description' returned '0': CMAKE_PREFIX_PATH=/opt/ros/humble /usr/bin/cmake --build /home/Dojo/Dojo/build/robot_description -- -j16 -l16
[1.350s] DEBUG:colcon.colcon_core.event_handler.log_command:Invoking command in '/home/Dojo/Dojo/build/robot_description': CMAKE_PREFIX_PATH=/opt/ros/humble /usr/bin/cmake --install /home/Dojo/Dojo/build/robot_description
[1.446s] Level 1:colcon.colcon_core.environment:create_environment_scripts_only(robot_navigation)
[1.447s] Level 1:colcon.colcon_core.environment:checking '/home/Dojo/Dojo/install/robot_navigation' for CMake module files
[1.447s] DEBUG:colcon.colcon_core.event_handler.log_command:Invoked command in '/home/Dojo/Dojo/build/robot_navigation' returned '0': CMAKE_PREFIX_PATH=/opt/ros/humble /usr/bin/cmake --install /home/Dojo/Dojo/build/robot_navigation
[1.448s] Level 1:colcon.colcon_core.environment:checking '/home/Dojo/Dojo/install/robot_navigation' for CMake config files
[1.448s] Level 1:colcon.colcon_core.shell:create_environment_hook('robot_navigation', 'cmake_prefix_path')
[1.449s] INFO:colcon.colcon_core.shell:Creating environment hook '/home/Dojo/Dojo/install/robot_navigation/share/robot_navigation/hook/cmake_prefix_path.ps1'
[1.449s] INFO:colcon.colcon_core.shell:Creating environment descriptor '/home/Dojo/Dojo/install/robot_navigation/share/robot_navigation/hook/cmake_prefix_path.dsv'
[1.449s] INFO:colcon.colcon_core.shell:Creating environment hook '/home/Dojo/Dojo/install/robot_navigation/share/robot_navigation/hook/cmake_prefix_path.sh'
[1.450s] Level 1:colcon.colcon_core.environment:checking '/home/Dojo/Dojo/install/robot_navigation/bin'
[1.450s] Level 1:colcon.colcon_core.environment:checking '/home/Dojo/Dojo/install/robot_navigation/lib/pkgconfig/robot_navigation.pc'
[1.450s] Level 1:colcon.colcon_core.environment:checking '/home/Dojo/Dojo/install/robot_navigation/lib/python3.10/site-packages'
[1.450s] Level 1:colcon.colcon_core.environment:checking '/home/Dojo/Dojo/install/robot_navigation/bin'
[1.450s] INFO:colcon.colcon_core.shell:Creating package script '/home/Dojo/Dojo/install/robot_navigation/share/robot_navigation/package.ps1'
[1.451s] INFO:colcon.colcon_core.shell:Creating package descriptor '/home/Dojo/Dojo/install/robot_navigation/share/robot_navigation/package.dsv'
[1.451s] INFO:colcon.colcon_core.shell:Creating package script '/home/Dojo/Dojo/install/robot_navigation/share/robot_navigation/package.sh'
[1.452s] INFO:colcon.colcon_core.shell:Creating package script '/home/Dojo/Dojo/install/robot_navigation/share/robot_navigation/package.bash'
[1.452s] INFO:colcon.colcon_core.shell:Creating package script '/home/Dojo/Dojo/install/robot_navigation/share/robot_navigation/package.zsh'
[1.452s] Level 1:colcon.colcon_core.environment:create_file_with_runtime_dependencies(/home/Dojo/Dojo/install/robot_navigation/share/colcon-core/packages/robot_navigation)
[1.453s] Level 1:colcon.colcon_core.environment:create_environment_scripts_only(robot_navigation)
[1.453s] Level 1:colcon.colcon_core.environment:checking '/home/Dojo/Dojo/install/robot_navigation' for CMake module files
[1.453s] Level 1:colcon.colcon_core.environment:checking '/home/Dojo/Dojo/install/robot_navigation' for CMake config files
[1.454s] Level 1:colcon.colcon_core.shell:create_environment_hook('robot_navigation', 'cmake_prefix_path')
[1.454s] INFO:colcon.colcon_core.shell:Creating environment hook '/home/Dojo/Dojo/install/robot_navigation/share/robot_navigation/hook/cmake_prefix_path.ps1'
[1.454s] INFO:colcon.colcon_core.shell:Creating environment descriptor '/home/Dojo/Dojo/install/robot_navigation/share/robot_navigation/hook/cmake_prefix_path.dsv'
[1.455s] INFO:colcon.colcon_core.shell:Creating environment hook '/home/Dojo/Dojo/install/robot_navigation/share/robot_navigation/hook/cmake_prefix_path.sh'
[1.455s] Level 1:colcon.colcon_core.environment:checking '/home/Dojo/Dojo/install/robot_navigation/bin'
[1.455s] Level 1:colcon.colcon_core.environment:checking '/home/Dojo/Dojo/install/robot_navigation/lib/pkgconfig/robot_navigation.pc'
[1.456s] Level 1:colcon.colcon_core.environment:checking '/home/Dojo/Dojo/install/robot_navigation/lib/python3.10/site-packages'
[1.456s] Level 1:colcon.colcon_core.environment:checking '/home/Dojo/Dojo/install/robot_navigation/bin'
[1.456s] INFO:colcon.colcon_core.shell:Creating package script '/home/Dojo/Dojo/install/robot_navigation/share/robot_navigation/package.ps1'
[1.456s] INFO:colcon.colcon_core.shell:Creating package descriptor '/home/Dojo/Dojo/install/robot_navigation/share/robot_navigation/package.dsv'
[1.457s] INFO:colcon.colcon_core.shell:Creating package script '/home/Dojo/Dojo/install/robot_navigation/share/robot_navigation/package.sh'
[1.457s] INFO:colcon.colcon_core.shell:Creating package script '/home/Dojo/Dojo/install/robot_navigation/share/robot_navigation/package.bash'
[1.458s] INFO:colcon.colcon_core.shell:Creating package script '/home/Dojo/Dojo/install/robot_navigation/share/robot_navigation/package.zsh'
[1.458s] Level 1:colcon.colcon_core.environment:create_file_with_runtime_dependencies(/home/Dojo/Dojo/install/robot_navigation/share/colcon-core/packages/robot_navigation)
[1.613s] DEBUG:colcon.colcon_core.event_handler.log_command:Invoked command in '/home/Dojo/Dojo/build/robot_perception' returned '0': CMAKE_PREFIX_PATH=/opt/ros/humble /usr/bin/cmake /home/Dojo/Dojo/src/robot_perception -DAMENT_CMAKE_SYMLINK_INSTALL=1 -DCMAKE_INSTALL_PREFIX=/home/Dojo/Dojo/install/robot_perception
[1.614s] DEBUG:colcon.colcon_core.event_handler.log_command:Invoking command in '/home/Dojo/Dojo/build/robot_perception': CMAKE_PREFIX_PATH=/opt/ros/humble /usr/bin/cmake --build /home/Dojo/Dojo/build/robot_perception -- -j16 -l16
[1.652s] Level 1:colcon.colcon_core.environment:create_environment_scripts_only(robot_description)
[1.652s] Level 1:colcon.colcon_core.environment:checking '/home/Dojo/Dojo/install/robot_description' for CMake module files
[1.653s] DEBUG:colcon.colcon_core.event_handler.log_command:Invoked command in '/home/Dojo/Dojo/build/robot_description' returned '0': CMAKE_PREFIX_PATH=/opt/ros/humble /usr/bin/cmake --install /home/Dojo/Dojo/build/robot_description
[1.653s] Level 1:colcon.colcon_core.environment:checking '/home/Dojo/Dojo/install/robot_description' for CMake config files
[1.653s] Level 1:colcon.colcon_core.shell:create_environment_hook('robot_description', 'cmake_prefix_path')
[1.653s] INFO:colcon.colcon_core.shell:Creating environment hook '/home/Dojo/Dojo/install/robot_description/share/robot_description/hook/cmake_prefix_path.ps1'
[1.654s] INFO:colcon.colcon_core.shell:Creating environment descriptor '/home/Dojo/Dojo/install/robot_description/share/robot_description/hook/cmake_prefix_path.dsv'
[1.654s] INFO:colcon.colcon_core.shell:Creating environment hook '/home/Dojo/Dojo/install/robot_description/share/robot_description/hook/cmake_prefix_path.sh'
[1.655s] Level 1:colcon.colcon_core.environment:checking '/home/Dojo/Dojo/install/robot_description/bin'
[1.655s] Level 1:colcon.colcon_core.environment:checking '/home/Dojo/Dojo/install/robot_description/lib/pkgconfig/robot_description.pc'
[1.655s] Level 1:colcon.colcon_core.environment:checking '/home/Dojo/Dojo/install/robot_description/lib/python3.10/site-packages'
[1.655s] Level 1:colcon.colcon_core.environment:checking '/home/Dojo/Dojo/install/robot_description/bin'
[1.655s] INFO:colcon.colcon_core.shell:Creating package script '/home/Dojo/Dojo/install/robot_description/share/robot_description/package.ps1'
[1.656s] INFO:colcon.colcon_core.shell:Creating package descriptor '/home/Dojo/Dojo/install/robot_description/share/robot_description/package.dsv'
[1.656s] INFO:colcon.colcon_core.shell:Creating package script '/home/Dojo/Dojo/install/robot_description/share/robot_description/package.sh'
[1.657s] INFO:colcon.colcon_core.shell:Creating package script '/home/Dojo/Dojo/install/robot_description/share/robot_description/package.bash'
[1.657s] INFO:colcon.colcon_core.shell:Creating package script '/home/Dojo/Dojo/install/robot_description/share/robot_description/package.zsh'
[1.657s] Level 1:colcon.colcon_core.environment:create_file_with_runtime_dependencies(/home/Dojo/Dojo/install/robot_description/share/colcon-core/packages/robot_description)
[1.658s] Level 1:colcon.colcon_core.environment:create_environment_scripts_only(robot_description)
[1.658s] Level 1:colcon.colcon_core.environment:checking '/home/Dojo/Dojo/install/robot_description' for CMake module files
[1.658s] Level 1:colcon.colcon_core.environment:checking '/home/Dojo/Dojo/install/robot_description' for CMake config files
[1.659s] Level 1:colcon.colcon_core.shell:create_environment_hook('robot_description', 'cmake_prefix_path')
[1.659s] INFO:colcon.colcon_core.shell:Creating environment hook '/home/Dojo/Dojo/install/robot_description/share/robot_description/hook/cmake_prefix_path.ps1'
[1.659s] INFO:colcon.colcon_core.shell:Creating environment descriptor '/home/Dojo/Dojo/install/robot_description/share/robot_description/hook/cmake_prefix_path.dsv'
[1.660s] INFO:colcon.colcon_core.shell:Creating environment hook '/home/Dojo/Dojo/install/robot_description/share/robot_description/hook/cmake_prefix_path.sh'
[1.660s] Level 1:colcon.colcon_core.environment:checking '/home/Dojo/Dojo/install/robot_description/bin'
[1.660s] Level 1:colcon.colcon_core.environment:checking '/home/Dojo/Dojo/install/robot_description/lib/pkgconfig/robot_description.pc'
[1.660s] Level 1:colcon.colcon_core.environment:checking '/home/Dojo/Dojo/install/robot_description/lib/python3.10/site-packages'
[1.661s] Level 1:colcon.colcon_core.environment:checking '/home/Dojo/Dojo/install/robot_description/bin'
[1.661s] INFO:colcon.colcon_core.shell:Creating package script '/home/Dojo/Dojo/install/robot_description/share/robot_description/package.ps1'
[1.661s] INFO:colcon.colcon_core.shell:Creating package descriptor '/home/Dojo/Dojo/install/robot_description/share/robot_description/package.dsv'
[1.662s] INFO:colcon.colcon_core.shell:Creating package script '/home/Dojo/Dojo/install/robot_description/share/robot_description/package.sh'
[1.662s] INFO:colcon.colcon_core.shell:Creating package script '/home/Dojo/Dojo/install/robot_description/share/robot_description/package.bash'
[1.663s] INFO:colcon.colcon_core.shell:Creating package script '/home/Dojo/Dojo/install/robot_description/share/robot_description/package.zsh'
[1.663s] Level 1:colcon.colcon_core.environment:create_file_with_runtime_dependencies(/home/Dojo/Dojo/install/robot_description/share/colcon-core/packages/robot_description)
[1.773s] Level 1:colcon.colcon_core.shell:create_environment_hook('robot_control', 'pythonpath_develop')
[1.773s] INFO:colcon.colcon_core.shell:Creating environment hook '/home/Dojo/Dojo/build/robot_control/share/robot_control/hook/pythonpath_develop.ps1'
[1.773s] DEBUG:colcon.colcon_core.event_handler.log_command:Invoked command in '/home/Dojo/Dojo/build/robot_control' returned '0': PYTHONPATH=/home/Dojo/Dojo/build/robot_control/prefix_override:/usr/lib/python3/dist-packages/colcon_core/task/python/colcon_distutils_commands:/home/Dojo/Dojo/install/robot_control/lib/python3.10/site-packages:${PYTHONPATH} /usr/bin/python3 -W ignore:setup.py install is deprecated -W ignore:easy_install command is deprecated setup.py develop --editable --build-directory /home/Dojo/Dojo/build/robot_control/build --no-deps symlink_data
[1.774s] INFO:colcon.colcon_core.shell:Creating environment descriptor '/home/Dojo/Dojo/build/robot_control/share/robot_control/hook/pythonpath_develop.dsv'
[1.774s] INFO:colcon.colcon_core.shell:Creating environment hook '/home/Dojo/Dojo/build/robot_control/share/robot_control/hook/pythonpath_develop.sh'
[1.775s] Level 1:colcon.colcon_core.environment:checking '/home/Dojo/Dojo/install/robot_control' for CMake module files
[1.775s] Level 1:colcon.colcon_core.environment:checking '/home/Dojo/Dojo/install/robot_control' for CMake config files
[1.776s] Level 1:colcon.colcon_core.environment:checking '/home/Dojo/Dojo/install/robot_control/lib'
[1.776s] Level 1:colcon.colcon_core.environment:checking '/home/Dojo/Dojo/install/robot_control/bin'
[1.776s] Level 1:colcon.colcon_core.environment:checking '/home/Dojo/Dojo/install/robot_control/lib/pkgconfig/robot_control.pc'
[1.776s] Level 1:colcon.colcon_core.environment:checking '/home/Dojo/Dojo/install/robot_control/lib/python3.10/site-packages'
[1.776s] Level 1:colcon.colcon_core.shell:create_environment_hook('robot_control', 'pythonpath')
[1.776s] INFO:colcon.colcon_core.shell:Creating environment hook '/home/Dojo/Dojo/install/robot_control/share/robot_control/hook/pythonpath.ps1'
[1.777s] INFO:colcon.colcon_core.shell:Creating environment descriptor '/home/Dojo/Dojo/install/robot_control/share/robot_control/hook/pythonpath.dsv'
[1.777s] INFO:colcon.colcon_core.shell:Creating environment hook '/home/Dojo/Dojo/install/robot_control/share/robot_control/hook/pythonpath.sh'
[1.777s] Level 1:colcon.colcon_core.environment:checking '/home/Dojo/Dojo/install/robot_control/bin'
[1.777s] Level 1:colcon.colcon_core.environment:create_environment_scripts_only(robot_control)
[1.778s] INFO:colcon.colcon_core.shell:Creating package script '/home/Dojo/Dojo/install/robot_control/share/robot_control/package.ps1'
[1.778s] INFO:colcon.colcon_core.shell:Creating package descriptor '/home/Dojo/Dojo/install/robot_control/share/robot_control/package.dsv'
[1.778s] INFO:colcon.colcon_core.shell:Creating package script '/home/Dojo/Dojo/install/robot_control/share/robot_control/package.sh'
[1.779s] INFO:colcon.colcon_core.shell:Creating package script '/home/Dojo/Dojo/install/robot_control/share/robot_control/package.bash'
[1.779s] INFO:colcon.colcon_core.shell:Creating package script '/home/Dojo/Dojo/install/robot_control/share/robot_control/package.zsh'
[1.779s] Level 1:colcon.colcon_core.environment:create_file_with_runtime_dependencies(/home/Dojo/Dojo/install/robot_control/share/colcon-core/packages/robot_control)
[1.780s] Level 1:colcon.colcon_core.shell:create_environment_hook('robot_sensors', 'pythonpath_develop')
[1.780s] INFO:colcon.colcon_core.shell:Creating environment hook '/home/Dojo/Dojo/build/robot_sensors/share/robot_sensors/hook/pythonpath_develop.ps1'
[1.781s] DEBUG:colcon.colcon_core.event_handler.log_command:Invoked command in '/home/Dojo/Dojo/build/robot_sensors' returned '0': PYTHONPATH=/home/Dojo/Dojo/build/robot_sensors/prefix_override:/usr/lib/python3/dist-packages/colcon_core/task/python/colcon_distutils_commands:/home/Dojo/Dojo/install/robot_sensors/lib/python3.10/site-packages:${PYTHONPATH} /usr/bin/python3 -W ignore:setup.py install is deprecated -W ignore:easy_install command is deprecated setup.py develop --editable --build-directory /home/Dojo/Dojo/build/robot_sensors/build --no-deps symlink_data
[1.781s] INFO:colcon.colcon_core.shell:Creating environment descriptor '/home/Dojo/Dojo/build/robot_sensors/share/robot_sensors/hook/pythonpath_develop.dsv'
[1.781s] INFO:colcon.colcon_core.shell:Creating environment hook '/home/Dojo/Dojo/build/robot_sensors/share/robot_sensors/hook/pythonpath_develop.sh'
[1.782s] Level 1:colcon.colcon_core.environment:checking '/home/Dojo/Dojo/install/robot_sensors' for CMake module files
[1.782s] Level 1:colcon.colcon_core.environment:checking '/home/Dojo/Dojo/install/robot_sensors' for CMake config files
[1.783s] Level 1:colcon.colcon_core.environment:checking '/home/Dojo/Dojo/install/robot_sensors/lib'
[1.783s] Level 1:colcon.colcon_core.environment:checking '/home/Dojo/Dojo/install/robot_sensors/bin'
[1.783s] Level 1:colcon.colcon_core.environment:checking '/home/Dojo/Dojo/install/robot_sensors/lib/pkgconfig/robot_sensors.pc'
[1.783s] Level 1:colcon.colcon_core.environment:checking '/home/Dojo/Dojo/install/robot_sensors/lib/python3.10/site-packages'
[1.783s] Level 1:colcon.colcon_core.shell:create_environment_hook('robot_sensors', 'pythonpath')
[1.783s] INFO:colcon.colcon_core.shell:Creating environment hook '/home/Dojo/Dojo/install/robot_sensors/share/robot_sensors/hook/pythonpath.ps1'
[1.783s] INFO:colcon.colcon_core.shell:Creating environment descriptor '/home/Dojo/Dojo/install/robot_sensors/share/robot_sensors/hook/pythonpath.dsv'
[1.784s] INFO:colcon.colcon_core.shell:Creating environment hook '/home/Dojo/Dojo/install/robot_sensors/share/robot_sensors/hook/pythonpath.sh'
[1.784s] Level 1:colcon.colcon_core.environment:checking '/home/Dojo/Dojo/install/robot_sensors/bin'
[1.784s] Level 1:colcon.colcon_core.environment:create_environment_scripts_only(robot_sensors)
[1.785s] INFO:colcon.colcon_core.shell:Creating package script '/home/Dojo/Dojo/install/robot_sensors/share/robot_sensors/package.ps1'
[1.785s] INFO:colcon.colcon_core.shell:Creating package descriptor '/home/Dojo/Dojo/install/robot_sensors/share/robot_sensors/package.dsv'
[1.785s] INFO:colcon.colcon_core.shell:Creating package script '/home/Dojo/Dojo/install/robot_sensors/share/robot_sensors/package.sh'
[1.786s] INFO:colcon.colcon_core.shell:Creating package script '/home/Dojo/Dojo/install/robot_sensors/share/robot_sensors/package.bash'
[1.786s] INFO:colcon.colcon_core.shell:Creating package script '/home/Dojo/Dojo/install/robot_sensors/share/robot_sensors/package.zsh'
[1.786s] Level 1:colcon.colcon_core.environment:create_file_with_runtime_dependencies(/home/Dojo/Dojo/install/robot_sensors/share/colcon-core/packages/robot_sensors)
[1.787s] Level 1:colcon.colcon_core.shell:create_environment_hook('arduino_bridge', 'pythonpath_develop')
[1.787s] INFO:colcon.colcon_core.shell:Creating environment hook '/home/Dojo/Dojo/build/arduino_bridge/share/arduino_bridge/hook/pythonpath_develop.ps1'
[1.788s] INFO:colcon.colcon_core.shell:Creating environment descriptor '/home/Dojo/Dojo/build/arduino_bridge/share/arduino_bridge/hook/pythonpath_develop.dsv'
[1.788s] DEBUG:colcon.colcon_core.event_handler.log_command:Invoked command in '/home/Dojo/Dojo/build/arduino_bridge' returned '0': PYTHONPATH=/home/Dojo/Dojo/build/arduino_bridge/prefix_override:/usr/lib/python3/dist-packages/colcon_core/task/python/colcon_distutils_commands:/home/Dojo/Dojo/install/arduino_bridge/lib/python3.10/site-packages:${PYTHONPATH} /usr/bin/python3 -W ignore:setup.py install is deprecated -W ignore:easy_install command is deprecated setup.py develop --editable --build-directory /home/Dojo/Dojo/build/arduino_bridge/build --no-deps symlink_data
[1.789s] INFO:colcon.colcon_core.shell:Creating environment hook '/home/Dojo/Dojo/build/arduino_bridge/share/arduino_bridge/hook/pythonpath_develop.sh'
[1.789s] Level 1:colcon.colcon_core.environment:checking '/home/Dojo/Dojo/install/arduino_bridge' for CMake module files
[1.790s] Level 1:colcon.colcon_core.environment:checking '/home/Dojo/Dojo/install/arduino_bridge' for CMake config files
[1.790s] Level 1:colcon.colcon_core.environment:checking '/home/Dojo/Dojo/install/arduino_bridge/lib'
[1.790s] Level 1:colcon.colcon_core.environment:checking '/home/Dojo/Dojo/install/arduino_bridge/bin'
[1.790s] Level 1:colcon.colcon_core.environment:checking '/home/Dojo/Dojo/install/arduino_bridge/lib/pkgconfig/arduino_bridge.pc'
[1.790s] Level 1:colcon.colcon_core.environment:checking '/home/Dojo/Dojo/install/arduino_bridge/lib/python3.10/site-packages'
[1.790s] Level 1:colcon.colcon_core.shell:create_environment_hook('arduino_bridge', 'pythonpath')
[1.791s] INFO:colcon.colcon_core.shell:Creating environment hook '/home/Dojo/Dojo/install/arduino_bridge/share/arduino_bridge/hook/pythonpath.ps1'
[1.791s] INFO:colcon.colcon_core.shell:Creating environment descriptor '/home/Dojo/Dojo/install/arduino_bridge/share/arduino_bridge/hook/pythonpath.dsv'
[1.791s] INFO:colcon.colcon_core.shell:Creating environment hook '/home/Dojo/Dojo/install/arduino_bridge/share/arduino_bridge/hook/pythonpath.sh'
[1.792s] Level 1:colcon.colcon_core.environment:checking '/home/Dojo/Dojo/install/arduino_bridge/bin'
[1.792s] Level 1:colcon.colcon_core.environment:create_environment_scripts_only(arduino_bridge)
[1.792s] INFO:colcon.colcon_core.shell:Creating package script '/home/Dojo/Dojo/install/arduino_bridge/share/arduino_bridge/package.ps1'
[1.792s] INFO:colcon.colcon_core.shell:Creating package descriptor '/home/Dojo/Dojo/install/arduino_bridge/share/arduino_bridge/package.dsv'
[1.793s] INFO:colcon.colcon_core.shell:Creating package script '/home/Dojo/Dojo/install/arduino_bridge/share/arduino_bridge/package.sh'
[1.793s] INFO:colcon.colcon_core.shell:Creating package script '/home/Dojo/Dojo/install/arduino_bridge/share/arduino_bridge/package.bash'
[1.794s] INFO:colcon.colcon_core.shell:Creating package script '/home/Dojo/Dojo/install/arduino_bridge/share/arduino_bridge/package.zsh'
[1.794s] Level 1:colcon.colcon_core.environment:create_file_with_runtime_dependencies(/home/Dojo/Dojo/install/arduino_bridge/share/colcon-core/packages/arduino_bridge)
[1.933s] DEBUG:colcon.colcon_core.event_handler.log_command:Invoked command in '/home/Dojo/Dojo/build/robot_perception' returned '0': CMAKE_PREFIX_PATH=/opt/ros/humble /usr/bin/cmake --build /home/Dojo/Dojo/build/robot_perception -- -j16 -l16
[1.935s] DEBUG:colcon.colcon_core.event_handler.log_command:Invoking command in '/home/Dojo/Dojo/build/robot_perception': CMAKE_PREFIX_PATH=/opt/ros/humble /usr/bin/cmake --install /home/Dojo/Dojo/build/robot_perception
[2.175s] Level 1:colcon.colcon_core.environment:create_environment_scripts_only(robot_perception)
[2.175s] Level 1:colcon.colcon_core.environment:checking '/home/Dojo/Dojo/install/robot_perception' for CMake module files
[2.176s] DEBUG:colcon.colcon_core.event_handler.log_command:Invoked command in '/home/Dojo/Dojo/build/robot_perception' returned '0': CMAKE_PREFIX_PATH=/opt/ros/humble /usr/bin/cmake --install /home/Dojo/Dojo/build/robot_perception
[2.176s] Level 1:colcon.colcon_core.environment:checking '/home/Dojo/Dojo/install/robot_perception' for CMake config files
[2.176s] Level 1:colcon.colcon_core.shell:create_environment_hook('robot_perception', 'cmake_prefix_path')
[2.177s] INFO:colcon.colcon_core.shell:Creating environment hook '/home/Dojo/Dojo/install/robot_perception/share/robot_perception/hook/cmake_prefix_path.ps1'
[2.177s] INFO:colcon.colcon_core.shell:Creating environment descriptor '/home/Dojo/Dojo/install/robot_perception/share/robot_perception/hook/cmake_prefix_path.dsv'
[2.177s] INFO:colcon.colcon_core.shell:Creating environment hook '/home/Dojo/Dojo/install/robot_perception/share/robot_perception/hook/cmake_prefix_path.sh'
[2.178s] Level 1:colcon.colcon_core.environment:checking '/home/Dojo/Dojo/install/robot_perception/bin'
[2.178s] Level 1:colcon.colcon_core.environment:checking '/home/Dojo/Dojo/install/robot_perception/lib/pkgconfig/robot_perception.pc'
[2.178s] Level 1:colcon.colcon_core.environment:checking '/home/Dojo/Dojo/install/robot_perception/lib/python3.10/site-packages'
[2.178s] Level 1:colcon.colcon_core.environment:checking '/home/Dojo/Dojo/install/robot_perception/bin'
[2.178s] INFO:colcon.colcon_core.shell:Creating package script '/home/Dojo/Dojo/install/robot_perception/share/robot_perception/package.ps1'
[2.179s] INFO:colcon.colcon_core.shell:Creating package descriptor '/home/Dojo/Dojo/install/robot_perception/share/robot_perception/package.dsv'
[2.179s] INFO:colcon.colcon_core.shell:Creating package script '/home/Dojo/Dojo/install/robot_perception/share/robot_perception/package.sh'
[2.180s] INFO:colcon.colcon_core.shell:Creating package script '/home/Dojo/Dojo/install/robot_perception/share/robot_perception/package.bash'
[2.180s] INFO:colcon.colcon_core.shell:Creating package script '/home/Dojo/Dojo/install/robot_perception/share/robot_perception/package.zsh'
[2.180s] Level 1:colcon.colcon_core.environment:create_file_with_runtime_dependencies(/home/Dojo/Dojo/install/robot_perception/share/colcon-core/packages/robot_perception)
[2.181s] Level 1:colcon.colcon_core.environment:create_environment_scripts_only(robot_perception)
[2.181s] Level 1:colcon.colcon_core.environment:checking '/home/Dojo/Dojo/install/robot_perception' for CMake module files
[2.181s] Level 1:colcon.colcon_core.environment:checking '/home/Dojo/Dojo/install/robot_perception' for CMake config files
[2.181s] Level 1:colcon.colcon_core.shell:create_environment_hook('robot_perception', 'cmake_prefix_path')
[2.182s] INFO:colcon.colcon_core.shell:Creating environment hook '/home/Dojo/Dojo/install/robot_perception/share/robot_perception/hook/cmake_prefix_path.ps1'
[2.182s] INFO:colcon.colcon_core.shell:Creating environment descriptor '/home/Dojo/Dojo/install/robot_perception/share/robot_perception/hook/cmake_prefix_path.dsv'
[2.182s] INFO:colcon.colcon_core.shell:Creating environment hook '/home/Dojo/Dojo/install/robot_perception/share/robot_perception/hook/cmake_prefix_path.sh'
[2.183s] Level 1:colcon.colcon_core.environment:checking '/home/Dojo/Dojo/install/robot_perception/bin'
[2.183s] Level 1:colcon.colcon_core.environment:checking '/home/Dojo/Dojo/install/robot_perception/lib/pkgconfig/robot_perception.pc'
[2.183s] Level 1:colcon.colcon_core.environment:checking '/home/Dojo/Dojo/install/robot_perception/lib/python3.10/site-packages'
[2.183s] Level 1:colcon.colcon_core.environment:checking '/home/Dojo/Dojo/install/robot_perception/bin'
[2.183s] INFO:colcon.colcon_core.shell:Creating package script '/home/Dojo/Dojo/install/robot_perception/share/robot_perception/package.ps1'
[2.184s] INFO:colcon.colcon_core.shell:Creating package descriptor '/home/Dojo/Dojo/install/robot_perception/share/robot_perception/package.dsv'
[2.184s] INFO:colcon.colcon_core.shell:Creating package script '/home/Dojo/Dojo/install/robot_perception/share/robot_perception/package.sh'
[2.185s] INFO:colcon.colcon_core.shell:Creating package script '/home/Dojo/Dojo/install/robot_perception/share/robot_perception/package.bash'
[2.185s] INFO:colcon.colcon_core.shell:Creating package script '/home/Dojo/Dojo/install/robot_perception/share/robot_perception/package.zsh'
[2.185s] Level 1:colcon.colcon_core.environment:create_file_with_runtime_dependencies(/home/Dojo/Dojo/install/robot_perception/share/colcon-core/packages/robot_perception)
[2.186s] INFO:colcon.colcon_ros.task.ament_cmake.build:Building ROS package in '/home/Dojo/Dojo/src/robot_bringup' with build type 'ament_cmake'
[2.186s] INFO:colcon.colcon_cmake.task.cmake.build:Building CMake package in '/home/Dojo/Dojo/src/robot_bringup'
[2.186s] INFO:colcon.colcon_core.shell:Skip shell extension 'powershell' for command environment: Not usable outside of PowerShell
[2.186s] DEBUG:colcon.colcon_core.shell:Skip shell extension 'dsv' for command environment
[2.198s] DEBUG:colcon.colcon_core.event_handler.log_command:Invoking command in '/home/Dojo/Dojo/build/robot_bringup': AMENT_PREFIX_PATH=/home/Dojo/Dojo/install/robot_sensors:/home/Dojo/Dojo/install/robot_perception:/home/Dojo/Dojo/install/robot_navigation:/home/Dojo/Dojo/install/robot_description:/home/Dojo/Dojo/install/robot_control:${AMENT_PREFIX_PATH} CMAKE_PREFIX_PATH=/home/Dojo/Dojo/install/robot_perception:/home/Dojo/Dojo/install/robot_navigation:/home/Dojo/Dojo/install/robot_description:/opt/ros/humble PYTHONPATH=/home/Dojo/Dojo/build/robot_sensors:/home/Dojo/Dojo/install/robot_sensors/lib/python3.10/site-packages:/home/Dojo/Dojo/install/robot_perception/local/lib/python3.10/dist-packages:/home/Dojo/Dojo/install/robot_description/local/lib/python3.10/dist-packages:/home/Dojo/Dojo/build/robot_control:/home/Dojo/Dojo/install/robot_control/lib/python3.10/site-packages:${PYTHONPATH} /usr/bin/cmake /home/Dojo/Dojo/src/robot_bringup -DAMENT_CMAKE_SYMLINK_INSTALL=1 -DCMAKE_INSTALL_PREFIX=/home/Dojo/Dojo/install/robot_bringup
[2.752s] DEBUG:colcon.colcon_core.event_handler.log_command:Invoked command in '/home/Dojo/Dojo/build/robot_bringup' returned '0': AMENT_PREFIX_PATH=/home/Dojo/Dojo/install/robot_sensors:/home/Dojo/Dojo/install/robot_perception:/home/Dojo/Dojo/install/robot_navigation:/home/Dojo/Dojo/install/robot_description:/home/Dojo/Dojo/install/robot_control:${AMENT_PREFIX_PATH} CMAKE_PREFIX_PATH=/home/Dojo/Dojo/install/robot_perception:/home/Dojo/Dojo/install/robot_navigation:/home/Dojo/Dojo/install/robot_description:/opt/ros/humble PYTHONPATH=/home/Dojo/Dojo/build/robot_sensors:/home/Dojo/Dojo/install/robot_sensors/lib/python3.10/site-packages:/home/Dojo/Dojo/install/robot_perception/local/lib/python3.10/dist-packages:/home/Dojo/Dojo/install/robot_description/local/lib/python3.10/dist-packages:/home/Dojo/Dojo/build/robot_control:/home/Dojo/Dojo/install/robot_control/lib/python3.10/site-packages:${PYTHONPATH} /usr/bin/cmake /home/Dojo/Dojo/src/robot_bringup -DAMENT_CMAKE_SYMLINK_INSTALL=1 -DCMAKE_INSTALL_PREFIX=/home/Dojo/Dojo/install/robot_bringup
[2.754s] DEBUG:colcon.colcon_core.event_handler.log_command:Invoking command in '/home/Dojo/Dojo/build/robot_bringup': AMENT_PREFIX_PATH=/home/Dojo/Dojo/install/robot_sensors:/home/Dojo/Dojo/install/robot_perception:/home/Dojo/Dojo/install/robot_navigation:/home/Dojo/Dojo/install/robot_description:/home/Dojo/Dojo/install/robot_control:${AMENT_PREFIX_PATH} CMAKE_PREFIX_PATH=/home/Dojo/Dojo/install/robot_perception:/home/Dojo/Dojo/install/robot_navigation:/home/Dojo/Dojo/install/robot_description:/opt/ros/humble PYTHONPATH=/home/Dojo/Dojo/build/robot_sensors:/home/Dojo/Dojo/install/robot_sensors/lib/python3.10/site-packages:/home/Dojo/Dojo/install/robot_perception/local/lib/python3.10/dist-packages:/home/Dojo/Dojo/install/robot_description/local/lib/python3.10/dist-packages:/home/Dojo/Dojo/build/robot_control:/home/Dojo/Dojo/install/robot_control/lib/python3.10/site-packages:${PYTHONPATH} /usr/bin/cmake --build /home/Dojo/Dojo/build/robot_bringup -- -j16 -l16
[2.789s] DEBUG:colcon.colcon_core.event_handler.log_command:Invoked command in '/home/Dojo/Dojo/build/robot_bringup' returned '0': AMENT_PREFIX_PATH=/home/Dojo/Dojo/install/robot_sensors:/home/Dojo/Dojo/install/robot_perception:/home/Dojo/Dojo/install/robot_navigation:/home/Dojo/Dojo/install/robot_description:/home/Dojo/Dojo/install/robot_control:${AMENT_PREFIX_PATH} CMAKE_PREFIX_PATH=/home/Dojo/Dojo/install/robot_perception:/home/Dojo/Dojo/install/robot_navigation:/home/Dojo/Dojo/install/robot_description:/opt/ros/humble PYTHONPATH=/home/Dojo/Dojo/build/robot_sensors:/home/Dojo/Dojo/install/robot_sensors/lib/python3.10/site-packages:/home/Dojo/Dojo/install/robot_perception/local/lib/python3.10/dist-packages:/home/Dojo/Dojo/install/robot_description/local/lib/python3.10/dist-packages:/home/Dojo/Dojo/build/robot_control:/home/Dojo/Dojo/install/robot_control/lib/python3.10/site-packages:${PYTHONPATH} /usr/bin/cmake --build /home/Dojo/Dojo/build/robot_bringup -- -j16 -l16
[2.790s] DEBUG:colcon.colcon_core.event_handler.log_command:Invoking command in '/home/Dojo/Dojo/build/robot_bringup': AMENT_PREFIX_PATH=/home/Dojo/Dojo/install/robot_sensors:/home/Dojo/Dojo/install/robot_perception:/home/Dojo/Dojo/install/robot_navigation:/home/Dojo/Dojo/install/robot_description:/home/Dojo/Dojo/install/robot_control:${AMENT_PREFIX_PATH} CMAKE_PREFIX_PATH=/home/Dojo/Dojo/install/robot_perception:/home/Dojo/Dojo/install/robot_navigation:/home/Dojo/Dojo/install/robot_description:/opt/ros/humble PYTHONPATH=/home/Dojo/Dojo/build/robot_sensors:/home/Dojo/Dojo/install/robot_sensors/lib/python3.10/site-packages:/home/Dojo/Dojo/install/robot_perception/local/lib/python3.10/dist-packages:/home/Dojo/Dojo/install/robot_description/local/lib/python3.10/dist-packages:/home/Dojo/Dojo/build/robot_control:/home/Dojo/Dojo/install/robot_control/lib/python3.10/site-packages:${PYTHONPATH} /usr/bin/cmake --install /home/Dojo/Dojo/build/robot_bringup
[2.931s] Level 1:colcon.colcon_core.environment:create_environment_scripts_only(robot_bringup)
[2.932s] Level 1:colcon.colcon_core.environment:checking '/home/Dojo/Dojo/install/robot_bringup' for CMake module files
[2.932s] DEBUG:colcon.colcon_core.event_handler.log_command:Invoked command in '/home/Dojo/Dojo/build/robot_bringup' returned '0': AMENT_PREFIX_PATH=/home/Dojo/Dojo/install/robot_sensors:/home/Dojo/Dojo/install/robot_perception:/home/Dojo/Dojo/install/robot_navigation:/home/Dojo/Dojo/install/robot_description:/home/Dojo/Dojo/install/robot_control:${AMENT_PREFIX_PATH} CMAKE_PREFIX_PATH=/home/Dojo/Dojo/install/robot_perception:/home/Dojo/Dojo/install/robot_navigation:/home/Dojo/Dojo/install/robot_description:/opt/ros/humble PYTHONPATH=/home/Dojo/Dojo/build/robot_sensors:/home/Dojo/Dojo/install/robot_sensors/lib/python3.10/site-packages:/home/Dojo/Dojo/install/robot_perception/local/lib/python3.10/dist-packages:/home/Dojo/Dojo/install/robot_description/local/lib/python3.10/dist-packages:/home/Dojo/Dojo/build/robot_control:/home/Dojo/Dojo/install/robot_control/lib/python3.10/site-packages:${PYTHONPATH} /usr/bin/cmake --install /home/Dojo/Dojo/build/robot_bringup
[2.932s] Level 1:colcon.colcon_core.environment:checking '/home/Dojo/Dojo/install/robot_bringup' for CMake config files
[2.933s] Level 1:colcon.colcon_core.shell:create_environment_hook('robot_bringup', 'cmake_prefix_path')
[2.933s] INFO:colcon.colcon_core.shell:Creating environment hook '/home/Dojo/Dojo/install/robot_bringup/share/robot_bringup/hook/cmake_prefix_path.ps1'
[2.933s] INFO:colcon.colcon_core.shell:Creating environment descriptor '/home/Dojo/Dojo/install/robot_bringup/share/robot_bringup/hook/cmake_prefix_path.dsv'
[2.933s] INFO:colcon.colcon_core.shell:Creating environment hook '/home/Dojo/Dojo/install/robot_bringup/share/robot_bringup/hook/cmake_prefix_path.sh'
[2.934s] Level 1:colcon.colcon_core.environment:checking '/home/Dojo/Dojo/install/robot_bringup/bin'
[2.934s] Level 1:colcon.colcon_core.environment:checking '/home/Dojo/Dojo/install/robot_bringup/lib/pkgconfig/robot_bringup.pc'
[2.934s] Level 1:colcon.colcon_core.environment:checking '/home/Dojo/Dojo/install/robot_bringup/lib/python3.10/site-packages'
[2.934s] Level 1:colcon.colcon_core.environment:checking '/home/Dojo/Dojo/install/robot_bringup/bin'
[2.934s] INFO:colcon.colcon_core.shell:Creating package script '/home/Dojo/Dojo/install/robot_bringup/share/robot_bringup/package.ps1'
[2.935s] INFO:colcon.colcon_core.shell:Creating package descriptor '/home/Dojo/Dojo/install/robot_bringup/share/robot_bringup/package.dsv'
[2.935s] INFO:colcon.colcon_core.shell:Creating package script '/home/Dojo/Dojo/install/robot_bringup/share/robot_bringup/package.sh'
[2.935s] INFO:colcon.colcon_core.shell:Creating package script '/home/Dojo/Dojo/install/robot_bringup/share/robot_bringup/package.bash'
[2.936s] INFO:colcon.colcon_core.shell:Creating package script '/home/Dojo/Dojo/install/robot_bringup/share/robot_bringup/package.zsh'
[2.936s] Level 1:colcon.colcon_core.environment:create_file_with_runtime_dependencies(/home/Dojo/Dojo/install/robot_bringup/share/colcon-core/packages/robot_bringup)
[2.936s] Level 1:colcon.colcon_core.environment:create_environment_scripts_only(robot_bringup)
[2.937s] Level 1:colcon.colcon_core.environment:checking '/home/Dojo/Dojo/install/robot_bringup' for CMake module files
[2.937s] Level 1:colcon.colcon_core.environment:checking '/home/Dojo/Dojo/install/robot_bringup' for CMake config files
[2.937s] Level 1:colcon.colcon_core.shell:create_environment_hook('robot_bringup', 'cmake_prefix_path')
[2.937s] INFO:colcon.colcon_core.shell:Creating environment hook '/home/Dojo/Dojo/install/robot_bringup/share/robot_bringup/hook/cmake_prefix_path.ps1'
[2.938s] INFO:colcon.colcon_core.shell:Creating environment descriptor '/home/Dojo/Dojo/install/robot_bringup/share/robot_bringup/hook/cmake_prefix_path.dsv'
[2.938s] INFO:colcon.colcon_core.shell:Creating environment hook '/home/Dojo/Dojo/install/robot_bringup/share/robot_bringup/hook/cmake_prefix_path.sh'
[2.939s] Level 1:colcon.colcon_core.environment:checking '/home/Dojo/Dojo/install/robot_bringup/bin'
[2.939s] Level 1:colcon.colcon_core.environment:checking '/home/Dojo/Dojo/install/robot_bringup/lib/pkgconfig/robot_bringup.pc'
[2.939s] Level 1:colcon.colcon_core.environment:checking '/home/Dojo/Dojo/install/robot_bringup/lib/python3.10/site-packages'
[2.939s] Level 1:colcon.colcon_core.environment:checking '/home/Dojo/Dojo/install/robot_bringup/bin'
[2.939s] INFO:colcon.colcon_core.shell:Creating package script '/home/Dojo/Dojo/install/robot_bringup/share/robot_bringup/package.ps1'
[2.940s] INFO:colcon.colcon_core.shell:Creating package descriptor '/home/Dojo/Dojo/install/robot_bringup/share/robot_bringup/package.dsv'
[2.940s] INFO:colcon.colcon_core.shell:Creating package script '/home/Dojo/Dojo/install/robot_bringup/share/robot_bringup/package.sh'
[2.940s] INFO:colcon.colcon_core.shell:Creating package script '/home/Dojo/Dojo/install/robot_bringup/share/robot_bringup/package.bash'
[2.941s] INFO:colcon.colcon_core.shell:Creating package script '/home/Dojo/Dojo/install/robot_bringup/share/robot_bringup/package.zsh'
[2.941s] Level 1:colcon.colcon_core.environment:create_file_with_runtime_dependencies(/home/Dojo/Dojo/install/robot_bringup/share/colcon-core/packages/robot_bringup)
[2.941s] DEBUG:colcon.colcon_parallel_executor.executor.parallel:closing loop
[2.942s] DEBUG:colcon.colcon_parallel_executor.executor.parallel:loop closed
[2.942s] DEBUG:colcon.colcon_parallel_executor.executor.parallel:run_until_complete finished with '0'
[2.942s] DEBUG:colcon.colcon_core.event_reactor:joining thread
[2.947s] INFO:colcon.colcon_core.plugin_system:Skipping extension 'colcon_notification.desktop_notification.notify_send': Could not find 'notify-send'
[2.947s] INFO:colcon.colcon_core.plugin_system:Skipping extension 'colcon_notification.desktop_notification.terminal_notifier': Not used on non-Darwin systems
[2.947s] INFO:colcon.colcon_core.plugin_system:Skipping extension 'colcon_notification.desktop_notification.win32': Not used on non-Windows systems
[2.947s] INFO:colcon.colcon_notification.desktop_notification:Sending desktop notification using 'notify2'
[2.950s] DEBUG:colcon.colcon_notification.desktop_notification.notify2:Failed to initialize notify2: org.freedesktop.DBus.Error.Spawn.ExecFailed: /usr/bin/dbus-launch terminated abnormally without any error message
[2.950s] DEBUG:colcon.colcon_core.event_reactor:joined thread
[2.951s] INFO:colcon.colcon_core.shell:Creating prefix script '/home/Dojo/Dojo/install/local_setup.ps1'
[2.952s] INFO:colcon.colcon_core.shell:Creating prefix util module '/home/Dojo/Dojo/install/_local_setup_util_ps1.py'
[2.953s] INFO:colcon.colcon_core.shell:Creating prefix chain script '/home/Dojo/Dojo/install/setup.ps1'
[2.954s] INFO:colcon.colcon_core.shell:Creating prefix script '/home/Dojo/Dojo/install/local_setup.sh'
[2.955s] INFO:colcon.colcon_core.shell:Creating prefix util module '/home/Dojo/Dojo/install/_local_setup_util_sh.py'
[2.955s] INFO:colcon.colcon_core.shell:Creating prefix chain script '/home/Dojo/Dojo/install/setup.sh'
[2.956s] INFO:colcon.colcon_core.shell:Creating prefix script '/home/Dojo/Dojo/install/local_setup.bash'
[2.956s] INFO:colcon.colcon_core.shell:Creating prefix chain script '/home/Dojo/Dojo/install/setup.bash'
[2.957s] INFO:colcon.colcon_core.shell:Creating prefix script '/home/Dojo/Dojo/install/local_setup.zsh'
[2.958s] INFO:colcon.colcon_core.shell:Creating prefix chain script '/home/Dojo/Dojo/install/setup.zsh'
