[0.284s] Invoking command in '/home/Dojo/Dojo/build/robot_navigation': CMAKE_PREFIX_PATH=/opt/ros/humble /usr/bin/cmake /home/Dojo/Dojo/src/robot_navigation -DAMENT_CMAKE_SYMLINK_INSTALL=1 -DCMAKE_INSTALL_PREFIX=/home/Dojo/Dojo/install/robot_navigation
[1.096s] -- The C compiler identification is GNU 11.4.0
[1.096s] -- The CXX compiler identification is GNU 11.4.0
[1.096s] -- Detecting C compiler ABI info
[1.096s] -- Detecting C compiler ABI info - done
[1.096s] -- Check for working C compiler: /usr/bin/cc - skipped
[1.096s] -- Detecting C compile features
[1.096s] -- Detecting C compile features - done
[1.097s] -- Detecting CXX compiler ABI info
[1.097s] -- Detecting CXX compiler ABI info - done
[1.097s] -- Check for working CXX compiler: /usr/bin/c++ - skipped
[1.097s] -- Detecting CXX compile features
[1.097s] -- Detecting CXX compile features - done
[1.097s] -- Found ament_cmake: 1.3.11 (/opt/ros/humble/share/ament_cmake/cmake)
[1.097s] -- Found Python3: /usr/bin/python3 (found version "3.10.12") found components: Interpreter 
[1.097s] -- Override CMake install command with custom implementation using symlinks instead of copying resources
[1.097s] -- Configuring done
[1.097s] -- Generating done
[1.097s] -- Build files have been written to: /home/Dojo/Dojo/build/robot_navigation
[1.363s] Invoked command in '/home/Dojo/Dojo/build/robot_navigation' returned '0': CMAKE_PREFIX_PATH=/opt/ros/humble /usr/bin/cmake /home/Dojo/Dojo/src/robot_navigation -DAMENT_CMAKE_SYMLINK_INSTALL=1 -DCMAKE_INSTALL_PREFIX=/home/Dojo/Dojo/install/robot_navigation
[1.364s] Invoking command in '/home/Dojo/Dojo/build/robot_navigation': CMAKE_PREFIX_PATH=/opt/ros/humble /usr/bin/cmake --build /home/Dojo/Dojo/build/robot_navigation -- -j16 -l16
[1.417s] Invoked command in '/home/Dojo/Dojo/build/robot_navigation' returned '0': CMAKE_PREFIX_PATH=/opt/ros/humble /usr/bin/cmake --build /home/Dojo/Dojo/build/robot_navigation -- -j16 -l16
[1.429s] Invoking command in '/home/Dojo/Dojo/build/robot_navigation': CMAKE_PREFIX_PATH=/opt/ros/humble /usr/bin/cmake --install /home/Dojo/Dojo/build/robot_navigation
[1.437s] -- Install configuration: ""
[1.438s] -- Execute custom install script
[1.438s] -- Symlinking: /home/Dojo/Dojo/install/robot_navigation/share/robot_navigation/navigation.launch.py
[1.449s] -- Symlinking: /home/Dojo/Dojo/install/robot_navigation/share/robot_navigation/localization.launch.py
[1.461s] -- Symlinking: /home/Dojo/Dojo/install/robot_navigation/share/robot_navigation/map_server.launch.py
[1.473s] -- Symlinking: /home/Dojo/Dojo/install/robot_navigation/share/robot_navigation/nav2_params.yaml
[1.489s] -- Symlinking: /home/Dojo/Dojo/install/robot_navigation/share/robot_navigation/localization_params.yaml
[1.503s] -- Symlinking: /home/Dojo/Dojo/install/robot_navigation/share/robot_navigation/map_server_params.yaml
[1.517s] -- Symlinking: /home/Dojo/Dojo/install/robot_navigation/share/robot_navigation/bt_navigator_params.yaml
[1.533s] -- Symlinking: /home/Dojo/Dojo/install/robot_navigation/share/robot_navigation/planner_params.yaml
[1.548s] -- Symlinking: /home/Dojo/Dojo/install/robot_navigation/share/robot_navigation/controller_params.yaml
[1.565s] -- Symlinking: /home/Dojo/Dojo/install/robot_navigation/share/robot_navigation/costmap_common_params.yaml
[1.580s] -- Symlinking: /home/Dojo/Dojo/install/robot_navigation/share/robot_navigation/global_costmap_params.yaml
[1.595s] -- Symlinking: /home/Dojo/Dojo/install/robot_navigation/share/robot_navigation/local_costmap_params.yaml
[1.607s] -- Symlinking: /home/Dojo/Dojo/install/robot_navigation/share/robot_navigation/launch/localization.launch.py
[1.624s] -- Symlinking: /home/Dojo/Dojo/install/robot_navigation/share/robot_navigation/launch/map_server.launch.py
[1.642s] -- Symlinking: /home/Dojo/Dojo/install/robot_navigation/share/robot_navigation/launch/navigation.launch.py
[1.657s] -- Symlinking: /home/Dojo/Dojo/install/robot_navigation/share/robot_navigation/config/bt_navigator_params.yaml
[1.674s] -- Symlinking: /home/Dojo/Dojo/install/robot_navigation/share/robot_navigation/config/controller_params.yaml
[1.691s] -- Symlinking: /home/Dojo/Dojo/install/robot_navigation/share/robot_navigation/config/costmap_common_params.yaml
[1.708s] -- Symlinking: /home/Dojo/Dojo/install/robot_navigation/share/robot_navigation/config/global_costmap_params.yaml
[1.728s] -- Symlinking: /home/Dojo/Dojo/install/robot_navigation/share/robot_navigation/config/local_costmap_params.yaml
[1.741s] -- Symlinking: /home/Dojo/Dojo/install/robot_navigation/share/robot_navigation/config/localization_params.yaml
[1.753s] -- Symlinking: /home/Dojo/Dojo/install/robot_navigation/share/robot_navigation/config/map_server_params.yaml
[1.768s] -- Symlinking: /home/Dojo/Dojo/install/robot_navigation/share/robot_navigation/config/nav2_params.yaml
[1.786s] -- Symlinking: /home/Dojo/Dojo/install/robot_navigation/share/robot_navigation/config/planner_params.yaml
[1.804s] -- Up-to-date symlink: /home/Dojo/Dojo/install/robot_navigation/share/robot_navigation/config/bt_navigator_params.yaml
[1.805s] -- Up-to-date symlink: /home/Dojo/Dojo/install/robot_navigation/share/robot_navigation/config/controller_params.yaml
[1.806s] -- Up-to-date symlink: /home/Dojo/Dojo/install/robot_navigation/share/robot_navigation/config/costmap_common_params.yaml
[1.806s] -- Up-to-date symlink: /home/Dojo/Dojo/install/robot_navigation/share/robot_navigation/config/global_costmap_params.yaml
[1.807s] -- Up-to-date symlink: /home/Dojo/Dojo/install/robot_navigation/share/robot_navigation/config/local_costmap_params.yaml
[1.807s] -- Up-to-date symlink: /home/Dojo/Dojo/install/robot_navigation/share/robot_navigation/config/localization_params.yaml
[1.808s] -- Up-to-date symlink: /home/Dojo/Dojo/install/robot_navigation/share/robot_navigation/config/map_server_params.yaml
[1.809s] -- Up-to-date symlink: /home/Dojo/Dojo/install/robot_navigation/share/robot_navigation/config/nav2_params.yaml
[1.810s] -- Up-to-date symlink: /home/Dojo/Dojo/install/robot_navigation/share/robot_navigation/config/planner_params.yaml
[1.810s] -- Up-to-date symlink: /home/Dojo/Dojo/install/robot_navigation/share/robot_navigation/launch/localization.launch.py
[1.811s] -- Up-to-date symlink: /home/Dojo/Dojo/install/robot_navigation/share/robot_navigation/launch/map_server.launch.py
[1.812s] -- Up-to-date symlink: /home/Dojo/Dojo/install/robot_navigation/share/robot_navigation/launch/navigation.launch.py
[1.814s] -- Symlinking: /home/Dojo/Dojo/install/robot_navigation/share/ament_index/resource_index/package_run_dependencies/robot_navigation
[1.830s] -- Symlinking: /home/Dojo/Dojo/install/robot_navigation/share/ament_index/resource_index/parent_prefix_path/robot_navigation
[1.850s] -- Symlinking: /home/Dojo/Dojo/install/robot_navigation/share/robot_navigation/environment/ament_prefix_path.sh
[1.870s] -- Symlinking: /home/Dojo/Dojo/install/robot_navigation/share/robot_navigation/environment/ament_prefix_path.dsv
[1.884s] -- Symlinking: /home/Dojo/Dojo/install/robot_navigation/share/robot_navigation/environment/path.sh
[1.898s] -- Symlinking: /home/Dojo/Dojo/install/robot_navigation/share/robot_navigation/environment/path.dsv
[1.913s] -- Symlinking: /home/Dojo/Dojo/install/robot_navigation/share/robot_navigation/local_setup.bash
[1.930s] -- Symlinking: /home/Dojo/Dojo/install/robot_navigation/share/robot_navigation/local_setup.sh
[1.942s] -- Symlinking: /home/Dojo/Dojo/install/robot_navigation/share/robot_navigation/local_setup.zsh
[1.957s] -- Symlinking: /home/Dojo/Dojo/install/robot_navigation/share/robot_navigation/local_setup.dsv
[1.970s] -- Symlinking: /home/Dojo/Dojo/install/robot_navigation/share/robot_navigation/package.dsv
[1.983s] -- Symlinking: /home/Dojo/Dojo/install/robot_navigation/share/ament_index/resource_index/packages/robot_navigation
[1.996s] -- Symlinking: /home/Dojo/Dojo/install/robot_navigation/share/robot_navigation/cmake/robot_navigationConfig.cmake
[2.011s] -- Symlinking: /home/Dojo/Dojo/install/robot_navigation/share/robot_navigation/cmake/robot_navigationConfig-version.cmake
[2.027s] -- Symlinking: /home/Dojo/Dojo/install/robot_navigation/share/robot_navigation/package.xml
[2.041s] Invoked command in '/home/Dojo/Dojo/build/robot_navigation' returned '0': CMAKE_PREFIX_PATH=/opt/ros/humble /usr/bin/cmake --install /home/Dojo/Dojo/build/robot_navigation
