[3.523s] Invoking command in '/root/Dojo/build/nv21_converter_pkg': PYTHONPATH=/root/Dojo/build/nv21_converter_pkg/prefix_override:/usr/lib/python3/dist-packages/colcon_core/task/python/colcon_distutils_commands:/root/Dojo/install/nv21_converter_pkg/lib/python3.10/site-packages:${PYTHONPATH} /usr/bin/python3 -W ignore:setup.py install is deprecated -W ignore:easy_install command is deprecated setup.py develop --editable --build-directory /root/Dojo/build/nv21_converter_pkg/build --no-deps symlink_data
[3.985s] running develop
[4.267s] running egg_info
[4.267s] creating nv21_converter_pkg.egg-info
[4.283s] writing nv21_converter_pkg.egg-info/PKG-INFO
[4.284s] writing dependency_links to nv21_converter_pkg.egg-info/dependency_links.txt
[4.284s] writing entry points to nv21_converter_pkg.egg-info/entry_points.txt
[4.284s] writing requirements to nv21_converter_pkg.egg-info/requires.txt
[4.284s] writing top-level names to nv21_converter_pkg.egg-info/top_level.txt
[4.284s] writing manifest file 'nv21_converter_pkg.egg-info/SOURCES.txt'
[4.331s] reading manifest file 'nv21_converter_pkg.egg-info/SOURCES.txt'
[4.331s] writing manifest file 'nv21_converter_pkg.egg-info/SOURCES.txt'
[4.371s] running build_ext
[4.372s] Creating /root/Dojo/install/nv21_converter_pkg/lib/python3.10/site-packages/nv21-converter-pkg.egg-link (link to .)
[4.375s] Installing nv21_converter script to /root/Dojo/install/nv21_converter_pkg/lib/nv21_converter_pkg
[4.375s] 
[4.375s] Installed /root/Dojo/build/nv21_converter_pkg
[4.376s] running symlink_data
[4.376s] creating /root/Dojo/install/nv21_converter_pkg/share/ament_index
[4.376s] creating /root/Dojo/install/nv21_converter_pkg/share/ament_index/resource_index
[4.376s] creating /root/Dojo/install/nv21_converter_pkg/share/ament_index/resource_index/packages
[4.376s] symbolically linking /root/Dojo/build/nv21_converter_pkg/resource/nv21_converter_pkg -> /root/Dojo/install/nv21_converter_pkg/share/ament_index/resource_index/packages
[4.376s] symbolically linking /root/Dojo/build/nv21_converter_pkg/package.xml -> /root/Dojo/install/nv21_converter_pkg/share/nv21_converter_pkg
[4.533s] Invoked command in '/root/Dojo/build/nv21_converter_pkg' returned '0': PYTHONPATH=/root/Dojo/build/nv21_converter_pkg/prefix_override:/usr/lib/python3/dist-packages/colcon_core/task/python/colcon_distutils_commands:/root/Dojo/install/nv21_converter_pkg/lib/python3.10/site-packages:${PYTHONPATH} /usr/bin/python3 -W ignore:setup.py install is deprecated -W ignore:easy_install command is deprecated setup.py develop --editable --build-directory /root/Dojo/build/nv21_converter_pkg/build --no-deps symlink_data
