[0.059s] Invoking command in '/root/Dojo/build/robot_description': CMAKE_PREFIX_PATH=/opt/ros/humble /usr/bin/cmake --build /root/Dojo/build/robot_description -- -j16 -l16
[1.058s] Built target ament_cmake_python_symlink_robot_description
[1.058s] running egg_info
[1.059s] writing robot_description.egg-info/PKG-INFO
[1.059s] writing dependency_links to robot_description.egg-info/dependency_links.txt
[1.059s] writing top-level names to robot_description.egg-info/top_level.txt
[1.060s] reading manifest file 'robot_description.egg-info/SOURCES.txt'
[1.060s] writing manifest file 'robot_description.egg-info/SOURCES.txt'
[1.061s] Built target ament_cmake_python_build_robot_description_egg
[1.314s] Invoked command in '/root/Dojo/build/robot_description' returned '0': CMAKE_PREFIX_PATH=/opt/ros/humble /usr/bin/cmake --build /root/Dojo/build/robot_description -- -j16 -l16
[1.316s] Invoking command in '/root/Dojo/build/robot_description': CMAKE_PREFIX_PATH=/opt/ros/humble /usr/bin/cmake --install /root/Dojo/build/robot_description
[1.338s] -- Install configuration: ""
[1.340s] -- Execute custom install script
[1.342s] -- Up-to-date symlink: /root/Dojo/install/robot_description/share/robot_description/launch/display.launch.py
[1.342s] -- Up-to-date symlink: /root/Dojo/install/robot_description/share/robot_description/launch/robot_state_publisher.launch.py
[1.342s] -- Up-to-date symlink: /root/Dojo/install/robot_description/share/robot_description/urdf/robot.urdf
[1.342s] -- Up-to-date symlink: /root/Dojo/install/robot_description/share/robot_description/urdf/robot.urdf.xacro
[1.342s] -- Up-to-date symlink: /root/Dojo/install/robot_description/share/robot_description/rviz/robot.rviz
[1.344s] -- Up-to-date symlink: /root/Dojo/install/robot_description/share/robot_description/environment/pythonpath.sh
[1.344s] -- Up-to-date symlink: /root/Dojo/install/robot_description/share/robot_description/environment/pythonpath.dsv
[1.345s] -- Up-to-date symlink: /root/Dojo/install/robot_description/local/lib/python3.10/dist-packages/robot_description-0.0.1-py3.10.egg-info/PKG-INFO
[1.345s] -- Up-to-date symlink: /root/Dojo/install/robot_description/local/lib/python3.10/dist-packages/robot_description-0.0.1-py3.10.egg-info/SOURCES.txt
[1.346s] -- Up-to-date symlink: /root/Dojo/install/robot_description/local/lib/python3.10/dist-packages/robot_description-0.0.1-py3.10.egg-info/dependency_links.txt
[1.347s] -- Up-to-date symlink: /root/Dojo/install/robot_description/local/lib/python3.10/dist-packages/robot_description-0.0.1-py3.10.egg-info/top_level.txt
[1.347s] -- Up-to-date symlink: /root/Dojo/install/robot_description/local/lib/python3.10/dist-packages/robot_description/__init__.py
[1.347s] -- Up-to-date symlink: /root/Dojo/install/robot_description/lib/robot_description/display_robot.py
[1.348s] -- Up-to-date symlink: /root/Dojo/install/robot_description/share/ament_index/resource_index/package_run_dependencies/robot_description
[1.348s] -- Up-to-date symlink: /root/Dojo/install/robot_description/share/ament_index/resource_index/parent_prefix_path/robot_description
[1.349s] -- Up-to-date symlink: /root/Dojo/install/robot_description/share/robot_description/environment/ament_prefix_path.sh
[1.349s] -- Up-to-date symlink: /root/Dojo/install/robot_description/share/robot_description/environment/ament_prefix_path.dsv
[1.349s] -- Up-to-date symlink: /root/Dojo/install/robot_description/share/robot_description/environment/path.sh
[1.349s] -- Up-to-date symlink: /root/Dojo/install/robot_description/share/robot_description/environment/path.dsv
[1.349s] -- Up-to-date symlink: /root/Dojo/install/robot_description/share/robot_description/local_setup.bash
[1.350s] -- Up-to-date symlink: /root/Dojo/install/robot_description/share/robot_description/local_setup.sh
[1.350s] -- Up-to-date symlink: /root/Dojo/install/robot_description/share/robot_description/local_setup.zsh
[1.350s] -- Up-to-date symlink: /root/Dojo/install/robot_description/share/robot_description/local_setup.dsv
[1.351s] -- Symlinking: /root/Dojo/install/robot_description/share/robot_description/package.dsv
[1.352s] -- Up-to-date symlink: /root/Dojo/install/robot_description/share/ament_index/resource_index/packages/robot_description
[1.353s] -- Up-to-date symlink: /root/Dojo/install/robot_description/share/robot_description/cmake/robot_descriptionConfig.cmake
[1.354s] -- Up-to-date symlink: /root/Dojo/install/robot_description/share/robot_description/cmake/robot_descriptionConfig-version.cmake
[1.354s] -- Up-to-date symlink: /root/Dojo/install/robot_description/share/robot_description/package.xml
[1.354s] -- Up-to-date: /root/Dojo/install/robot_description/share/robot_description
[1.354s] -- Up-to-date: /root/Dojo/install/robot_description/share/robot_description/urdf
[1.355s] -- Up-to-date: /root/Dojo/install/robot_description/share/robot_description/include
[1.355s] -- Up-to-date: /root/Dojo/install/robot_description/share/robot_description/include/robot_description
[1.358s] -- Up-to-date: /root/Dojo/install/robot_description/share/robot_description/rviz
[1.358s] -- Up-to-date: /root/Dojo/install/robot_description/share/robot_description/src
[1.359s] -- Up-to-date: /root/Dojo/install/robot_description/share/robot_description/src/robot_description
[1.359s] -- Up-to-date: /root/Dojo/install/robot_description/share/robot_description/meshes
[1.359s] -- Up-to-date: /root/Dojo/install/robot_description/share/robot_description/robot_description
[1.360s] -- Up-to-date: /root/Dojo/install/robot_description/share/robot_description/robot_description/robot_description
[1.360s] -- Up-to-date: /root/Dojo/install/robot_description/share/robot_description/scripts
[1.360s] -- Up-to-date: /root/Dojo/install/robot_description/share/robot_description/resource
[1.360s] -- Up-to-date: /root/Dojo/install/robot_description/share/robot_description/launch
[1.361s] -- Up-to-date: /root/Dojo/install/robot_description/share/robot_description/config
[1.362s] -- Up-to-date: /root/Dojo/install/robot_description/lib/robot_description/robot_description
[1.362s] -- Up-to-date: /root/Dojo/install/robot_description/lib/robot_description/robot_description/__init__.py
[1.392s] Listing '/root/Dojo/install/robot_description/local/lib/python3.10/dist-packages/robot_description'...
[1.416s] Invoked command in '/root/Dojo/build/robot_description' returned '0': CMAKE_PREFIX_PATH=/opt/ros/humble /usr/bin/cmake --install /root/Dojo/build/robot_description
