[0.421s] Invoking command in '/root/Dojo/build/robot_description': CMAKE_PREFIX_PATH=${CMAKE_PREFIX_PATH}:/root/Dojo/install/robot_perception:/root/Dojo/install/robot_hardware:/root/Dojo/install/robot_control:/opt/ros/humble /usr/bin/cmake /root/Dojo/src/robot_description -DAMENT_CMAKE_SYMLINK_INSTALL=1 -DCMAKE_INSTALL_PREFIX=/root/Dojo/install/robot_description
[1.177s] -- The C compiler identification is GNU 11.4.0
[1.178s] -- The CXX compiler identification is GNU 11.4.0
[1.179s] -- Detecting C compiler ABI info
[1.179s] -- Detecting C compiler ABI info - done
[1.179s] -- Check for working C compiler: /usr/bin/cc - skipped
[1.179s] -- Detecting C compile features
[1.180s] -- Detecting C compile features - done
[1.180s] -- Detecting CXX compiler ABI info
[1.180s] -- Detecting CXX compiler ABI info - done
[1.181s] -- Check for working CXX compiler: /usr/bin/c++ - skipped
[1.181s] -- Detecting CXX compile features
[1.182s] -- Detecting CXX compile features - done
[1.182s] -- Found ament_cmake: 1.3.12 (/opt/ros/humble/share/ament_cmake/cmake)
[1.634s] -- Found Python3: /usr/bin/python3 (found version "3.10.12") found components: Interpreter 
[1.777s] -- Override CMake install command with custom implementation using symlinks instead of copying resources
[2.058s] -- Configuring done
[2.064s] -- Generating done
[2.067s] -- Build files have been written to: /root/Dojo/build/robot_description
[2.076s] Invoked command in '/root/Dojo/build/robot_description' returned '0': CMAKE_PREFIX_PATH=${CMAKE_PREFIX_PATH}:/root/Dojo/install/robot_perception:/root/Dojo/install/robot_hardware:/root/Dojo/install/robot_control:/opt/ros/humble /usr/bin/cmake /root/Dojo/src/robot_description -DAMENT_CMAKE_SYMLINK_INSTALL=1 -DCMAKE_INSTALL_PREFIX=/root/Dojo/install/robot_description
[2.079s] Invoking command in '/root/Dojo/build/robot_description': CMAKE_PREFIX_PATH=${CMAKE_PREFIX_PATH}:/root/Dojo/install/robot_perception:/root/Dojo/install/robot_hardware:/root/Dojo/install/robot_control:/opt/ros/humble /usr/bin/cmake --build /root/Dojo/build/robot_description -- -j16 -l16
[2.166s] Built target ament_cmake_python_symlink_robot_description
[2.713s] running egg_info
[2.716s] creating robot_description.egg-info
[2.741s] writing robot_description.egg-info/PKG-INFO
[2.742s] writing dependency_links to robot_description.egg-info/dependency_links.txt
[2.742s] writing top-level names to robot_description.egg-info/top_level.txt
[2.743s] writing manifest file 'robot_description.egg-info/SOURCES.txt'
[2.813s] reading manifest file 'robot_description.egg-info/SOURCES.txt'
[2.814s] writing manifest file 'robot_description.egg-info/SOURCES.txt'
[2.903s] Built target ament_cmake_python_build_robot_description_egg
[2.922s] Invoked command in '/root/Dojo/build/robot_description' returned '0': CMAKE_PREFIX_PATH=${CMAKE_PREFIX_PATH}:/root/Dojo/install/robot_perception:/root/Dojo/install/robot_hardware:/root/Dojo/install/robot_control:/opt/ros/humble /usr/bin/cmake --build /root/Dojo/build/robot_description -- -j16 -l16
[2.925s] Invoking command in '/root/Dojo/build/robot_description': CMAKE_PREFIX_PATH=${CMAKE_PREFIX_PATH}:/root/Dojo/install/robot_perception:/root/Dojo/install/robot_hardware:/root/Dojo/install/robot_control:/opt/ros/humble /usr/bin/cmake --install /root/Dojo/build/robot_description
[2.934s] -- Install configuration: ""
[2.935s] -- Execute custom install script
[2.936s] -- Symlinking: /root/Dojo/install/robot_description/share/robot_description/launch/display.launch.py
[2.951s] -- Symlinking: /root/Dojo/install/robot_description/share/robot_description/launch/robot_state_publisher.launch.py
[2.965s] -- Symlinking: /root/Dojo/install/robot_description/share/robot_description/urdf/common_properties.xacro
[2.982s] -- Symlinking: /root/Dojo/install/robot_description/share/robot_description/urdf/dojo_robot.gazebo
[2.996s] -- Symlinking: /root/Dojo/install/robot_description/share/robot_description/urdf/dojo_robot.urdf.xacro
[3.011s] -- Symlinking: /root/Dojo/install/robot_description/share/robot_description/urdf/robot.urdf
[3.026s] -- Symlinking: /root/Dojo/install/robot_description/share/robot_description/urdf/robot.urdf.xacro
[3.041s] -- Symlinking: /root/Dojo/install/robot_description/share/robot_description/urdf/sensors/rplidar.urdf.xacro
[3.059s] -- Symlinking: /root/Dojo/install/robot_description/share/robot_description/rviz/display.rviz
[3.075s] -- Symlinking: /root/Dojo/install/robot_description/share/robot_description/rviz/robot.rviz
[3.092s] -- Symlinking: /root/Dojo/install/robot_description/share/robot_description/environment/pythonpath.sh
[3.109s] -- Symlinking: /root/Dojo/install/robot_description/share/robot_description/environment/pythonpath.dsv
[3.130s] -- Symlinking: /root/Dojo/install/robot_description/local/lib/python3.10/dist-packages/robot_description-0.0.1-py3.10.egg-info/PKG-INFO
[3.145s] -- Symlinking: /root/Dojo/install/robot_description/local/lib/python3.10/dist-packages/robot_description-0.0.1-py3.10.egg-info/SOURCES.txt
[3.164s] -- Symlinking: /root/Dojo/install/robot_description/local/lib/python3.10/dist-packages/robot_description-0.0.1-py3.10.egg-info/dependency_links.txt
[3.179s] -- Symlinking: /root/Dojo/install/robot_description/local/lib/python3.10/dist-packages/robot_description-0.0.1-py3.10.egg-info/top_level.txt
[3.197s] -- Symlinking: /root/Dojo/install/robot_description/local/lib/python3.10/dist-packages/robot_description/__init__.py
[3.213s] -- Symlinking: /root/Dojo/install/robot_description/lib/robot_description/display_robot.py
[3.229s] -- Symlinking: /root/Dojo/install/robot_description/share/ament_index/resource_index/package_run_dependencies/robot_description
[3.247s] -- Symlinking: /root/Dojo/install/robot_description/share/ament_index/resource_index/parent_prefix_path/robot_description
[3.262s] -- Symlinking: /root/Dojo/install/robot_description/share/robot_description/environment/ament_prefix_path.sh
[3.278s] -- Symlinking: /root/Dojo/install/robot_description/share/robot_description/environment/ament_prefix_path.dsv
[3.293s] -- Symlinking: /root/Dojo/install/robot_description/share/robot_description/environment/path.sh
[3.310s] -- Symlinking: /root/Dojo/install/robot_description/share/robot_description/environment/path.dsv
[3.326s] -- Symlinking: /root/Dojo/install/robot_description/share/robot_description/local_setup.bash
[3.342s] -- Symlinking: /root/Dojo/install/robot_description/share/robot_description/local_setup.sh
[3.358s] -- Symlinking: /root/Dojo/install/robot_description/share/robot_description/local_setup.zsh
[3.376s] -- Symlinking: /root/Dojo/install/robot_description/share/robot_description/local_setup.dsv
[3.392s] -- Symlinking: /root/Dojo/install/robot_description/share/robot_description/package.dsv
[3.407s] -- Symlinking: /root/Dojo/install/robot_description/share/ament_index/resource_index/packages/robot_description
[3.419s] -- Symlinking: /root/Dojo/install/robot_description/share/robot_description/cmake/robot_descriptionConfig.cmake
[3.430s] -- Symlinking: /root/Dojo/install/robot_description/share/robot_description/cmake/robot_descriptionConfig-version.cmake
[3.442s] -- Symlinking: /root/Dojo/install/robot_description/share/robot_description/package.xml
[3.452s] -- Up-to-date: /root/Dojo/install/robot_description/share/robot_description
[3.453s] -- Up-to-date: /root/Dojo/install/robot_description/share/robot_description/urdf
[3.453s] -- Up-to-date: /root/Dojo/install/robot_description/share/robot_description/urdf/sensors
[3.453s] -- Installing: /root/Dojo/install/robot_description/share/robot_description/include
[3.454s] -- Installing: /root/Dojo/install/robot_description/share/robot_description/include/robot_description
[3.454s] -- Up-to-date: /root/Dojo/install/robot_description/share/robot_description/rviz
[3.454s] -- Installing: /root/Dojo/install/robot_description/share/robot_description/src
[3.454s] -- Installing: /root/Dojo/install/robot_description/share/robot_description/src/robot_description
[3.454s] -- Up-to-date: /root/Dojo/install/robot_description/share/robot_description/meshes
[3.454s] -- Installing: /root/Dojo/install/robot_description/share/robot_description/robot_description
[3.454s] -- Installing: /root/Dojo/install/robot_description/share/robot_description/robot_description/robot_description
[3.455s] -- Installing: /root/Dojo/install/robot_description/share/robot_description/scripts
[3.455s] -- Installing: /root/Dojo/install/robot_description/share/robot_description/resource
[3.455s] -- Up-to-date: /root/Dojo/install/robot_description/share/robot_description/launch
[3.455s] -- Up-to-date: /root/Dojo/install/robot_description/share/robot_description/config
[3.455s] -- Installing: /root/Dojo/install/robot_description/lib/robot_description/robot_description
[3.455s] -- Installing: /root/Dojo/install/robot_description/lib/robot_description/robot_description/__init__.py
[3.495s] Listing '/root/Dojo/install/robot_description/local/lib/python3.10/dist-packages/robot_description'...
[3.495s] Compiling '/root/Dojo/install/robot_description/local/lib/python3.10/dist-packages/robot_description/__init__.py'...
[3.505s] Invoked command in '/root/Dojo/build/robot_description' returned '0': CMAKE_PREFIX_PATH=${CMAKE_PREFIX_PATH}:/root/Dojo/install/robot_perception:/root/Dojo/install/robot_hardware:/root/Dojo/install/robot_control:/opt/ros/humble /usr/bin/cmake --install /root/Dojo/build/robot_description
