[0.014s] Invoking command in '/root/Dojo/build/robot_description': CMAKE_PREFIX_PATH=/opt/ros/humble /usr/bin/cmake /root/Dojo/src/robot_description -DCMAKE_INSTALL_PREFIX=/root/Dojo/install/robot_description
[0.045s] -- Found ament_cmake: 1.3.12 (/opt/ros/humble/share/ament_cmake/cmake)
[0.169s] -- Override CMake install command with custom implementation using symlinks instead of copying resources
[0.306s] -- Configuring done
[0.313s] -- Generating done
[0.315s] -- Build files have been written to: /root/Dojo/build/robot_description
[0.318s] Invoked command in '/root/Dojo/build/robot_description' returned '0': CMAKE_PREFIX_PATH=/opt/ros/humble /usr/bin/cmake /root/Dojo/src/robot_description -DCMAKE_INSTALL_PREFIX=/root/Dojo/install/robot_description
[0.320s] Invoking command in '/root/Dojo/build/robot_description': CMAKE_PREFIX_PATH=/opt/ros/humble /usr/bin/cmake --build /root/Dojo/build/robot_description -- -j16 -l16
[0.382s] Built target ament_cmake_python_symlink_robot_description
[0.727s] running egg_info
[0.742s] writing robot_description.egg-info/PKG-INFO
[0.742s] writing dependency_links to robot_description.egg-info/dependency_links.txt
[0.742s] writing top-level names to robot_description.egg-info/top_level.txt
[0.787s] reading manifest file 'robot_description.egg-info/SOURCES.txt'
[0.788s] writing manifest file 'robot_description.egg-info/SOURCES.txt'
[0.839s] Built target ament_cmake_python_build_robot_description_egg
[0.852s] Invoked command in '/root/Dojo/build/robot_description' returned '0': CMAKE_PREFIX_PATH=/opt/ros/humble /usr/bin/cmake --build /root/Dojo/build/robot_description -- -j16 -l16
[0.863s] Invoking command in '/root/Dojo/build/robot_description': CMAKE_PREFIX_PATH=/opt/ros/humble /usr/bin/cmake --install /root/Dojo/build/robot_description
[0.871s] -- Install configuration: ""
[0.872s] -- Execute custom install script
[0.872s] -- Up-to-date symlink: /root/Dojo/install/robot_description/share/robot_description/launch/display.launch.py
[0.872s] -- Up-to-date symlink: /root/Dojo/install/robot_description/share/robot_description/launch/robot_state_publisher.launch.py
[0.872s] -- Up-to-date symlink: /root/Dojo/install/robot_description/share/robot_description/urdf/common_properties.xacro
[0.872s] -- Up-to-date symlink: /root/Dojo/install/robot_description/share/robot_description/urdf/dojo_robot.gazebo
[0.872s] -- Up-to-date symlink: /root/Dojo/install/robot_description/share/robot_description/urdf/dojo_robot.urdf.xacro
[0.873s] -- Up-to-date symlink: /root/Dojo/install/robot_description/share/robot_description/urdf/robot.urdf
[0.873s] -- Up-to-date symlink: /root/Dojo/install/robot_description/share/robot_description/urdf/robot.urdf.xacro
[0.873s] -- Up-to-date symlink: /root/Dojo/install/robot_description/share/robot_description/urdf/sensors/rplidar.urdf.xacro
[0.873s] -- Up-to-date symlink: /root/Dojo/install/robot_description/share/robot_description/rviz/display.rviz
[0.873s] -- Up-to-date symlink: /root/Dojo/install/robot_description/share/robot_description/rviz/robot.rviz
[0.873s] [31mCMake Error at ament_cmake_symlink_install/ament_cmake_symlink_install.cmake:100 (message):
[0.873s]   ament_cmake_symlink_install_directory() can't find
[0.873s]   '/root/Dojo/src/robot_description/config/'
[0.873s] Call Stack (most recent call first):
[0.873s]   ament_cmake_symlink_install/ament_cmake_symlink_install.cmake:323 (ament_cmake_symlink_install_directory)
[0.874s]   cmake_install.cmake:46 (include)
[0.874s] 
[0.874s] [0m
[0.875s] Invoked command in '/root/Dojo/build/robot_description' returned '1': CMAKE_PREFIX_PATH=/opt/ros/humble /usr/bin/cmake --install /root/Dojo/build/robot_description
