running develop
running egg_info
creating robot_launch.egg-info
writing robot_launch.egg-info/PKG-INFO
writing dependency_links to robot_launch.egg-info/dependency_links.txt
writing requirements to robot_launch.egg-info/requires.txt
writing top-level names to robot_launch.egg-info/top_level.txt
writing manifest file 'robot_launch.egg-info/SOURCES.txt'
reading manifest file 'robot_launch.egg-info/SOURCES.txt'
writing manifest file 'robot_launch.egg-info/SOURCES.txt'
running build_ext
Creating /root/Dojo/install/robot_launch/lib/python3.10/site-packages/robot-launch.egg-link (link to .)

Installed /root/Dojo/build/robot_launch
running symlink_data
creating /root/Dojo/install/robot_launch/share/ament_index
creating /root/Dojo/install/robot_launch/share/ament_index/resource_index
creating /root/Dojo/install/robot_launch/share/ament_index/resource_index/packages
symbolically linking /root/Dojo/build/robot_launch/resource/robot_launch -> /root/Dojo/install/robot_launch/share/ament_index/resource_index/packages
symbolically linking /root/Dojo/build/robot_launch/package.xml -> /root/Dojo/install/robot_launch/share/robot_launch
creating /root/Dojo/install/robot_launch/share/robot_launch/launch
symbolically linking /root/Dojo/build/robot_launch/launch/robot_complete.launch.py -> /root/Dojo/install/robot_launch/share/robot_launch/launch
