[0.750s] Invoking command in '/root/Dojo/build/robot_navigation': CMAKE_PREFIX_PATH=${CMAKE_PREFIX_PATH}:/root/Dojo/install/vision_system:/root/Dojo/install/robot_launch:/root/Dojo/install/ros2arduino_bridge:/root/Dojo/install/robot_sensors:/root/Dojo/install/robot_perception:/root/Dojo/install/robot_hardware:/root/Dojo/install/robot_control:/root/Dojo/install/nv21_converter_pkg:/root/Dojo/install/arduino_bridge:/opt/ros/humble /usr/bin/cmake --build /root/Dojo/build/robot_navigation -- -j16 -l16
[3.008s] Invoked command in '/root/Dojo/build/robot_navigation' returned '0': CMAKE_PREFIX_PATH=${CMAKE_PREFIX_PATH}:/root/Dojo/install/vision_system:/root/Dojo/install/robot_launch:/root/Dojo/install/ros2arduino_bridge:/root/Dojo/install/robot_sensors:/root/Dojo/install/robot_perception:/root/Dojo/install/robot_hardware:/root/Dojo/install/robot_control:/root/Dojo/install/nv21_converter_pkg:/root/Dojo/install/arduino_bridge:/opt/ros/humble /usr/bin/cmake --build /root/Dojo/build/robot_navigation -- -j16 -l16
[3.023s] Invoking command in '/root/Dojo/build/robot_navigation': CMAKE_PREFIX_PATH=${CMAKE_PREFIX_PATH}:/root/Dojo/install/vision_system:/root/Dojo/install/robot_launch:/root/Dojo/install/ros2arduino_bridge:/root/Dojo/install/robot_sensors:/root/Dojo/install/robot_perception:/root/Dojo/install/robot_hardware:/root/Dojo/install/robot_control:/root/Dojo/install/nv21_converter_pkg:/root/Dojo/install/arduino_bridge:/opt/ros/humble /usr/bin/cmake --install /root/Dojo/build/robot_navigation
[3.031s] -- Install configuration: ""
[3.032s] -- Execute custom install script
[3.033s] -- Up-to-date symlink: /root/Dojo/install/robot_navigation/share/robot_navigation/navigation.launch.py
[3.033s] -- Up-to-date symlink: /root/Dojo/install/robot_navigation/share/robot_navigation/localization.launch.py
[3.033s] -- Up-to-date symlink: /root/Dojo/install/robot_navigation/share/robot_navigation/map_server.launch.py
[3.033s] -- Up-to-date symlink: /root/Dojo/install/robot_navigation/share/robot_navigation/nav2_params.yaml
[3.034s] -- Up-to-date symlink: /root/Dojo/install/robot_navigation/share/robot_navigation/localization_params.yaml
[3.034s] -- Up-to-date symlink: /root/Dojo/install/robot_navigation/share/robot_navigation/map_server_params.yaml
[3.034s] -- Up-to-date symlink: /root/Dojo/install/robot_navigation/share/robot_navigation/bt_navigator_params.yaml
[3.034s] -- Up-to-date symlink: /root/Dojo/install/robot_navigation/share/robot_navigation/planner_params.yaml
[3.034s] -- Up-to-date symlink: /root/Dojo/install/robot_navigation/share/robot_navigation/controller_params.yaml
[3.034s] -- Up-to-date symlink: /root/Dojo/install/robot_navigation/share/robot_navigation/costmap_common_params.yaml
[3.034s] -- Up-to-date symlink: /root/Dojo/install/robot_navigation/share/robot_navigation/global_costmap_params.yaml
[3.034s] -- Up-to-date symlink: /root/Dojo/install/robot_navigation/share/robot_navigation/local_costmap_params.yaml
[3.035s] -- Up-to-date symlink: /root/Dojo/install/robot_navigation/share/robot_navigation/launch/localization.launch.py
[3.035s] -- Up-to-date symlink: /root/Dojo/install/robot_navigation/share/robot_navigation/launch/map_server.launch.py
[3.035s] -- Up-to-date symlink: /root/Dojo/install/robot_navigation/share/robot_navigation/launch/navigation.launch.py
[3.036s] -- Up-to-date symlink: /root/Dojo/install/robot_navigation/share/robot_navigation/config/bt_navigator_params.yaml
[3.036s] -- Up-to-date symlink: /root/Dojo/install/robot_navigation/share/robot_navigation/config/controller_params.yaml
[3.036s] -- Up-to-date symlink: /root/Dojo/install/robot_navigation/share/robot_navigation/config/costmap_common_params.yaml
[3.036s] -- Up-to-date symlink: /root/Dojo/install/robot_navigation/share/robot_navigation/config/global_costmap_params.yaml
[3.036s] -- Up-to-date symlink: /root/Dojo/install/robot_navigation/share/robot_navigation/config/local_costmap_params.yaml
[3.036s] -- Up-to-date symlink: /root/Dojo/install/robot_navigation/share/robot_navigation/config/localization_params.yaml
[3.041s] -- Up-to-date symlink: /root/Dojo/install/robot_navigation/share/robot_navigation/config/map_server_params.yaml
[3.041s] -- Up-to-date symlink: /root/Dojo/install/robot_navigation/share/robot_navigation/config/nav2_params.yaml
[3.041s] -- Up-to-date symlink: /root/Dojo/install/robot_navigation/share/robot_navigation/config/planner_params.yaml
[3.041s] -- Up-to-date symlink: /root/Dojo/install/robot_navigation/share/robot_navigation/config/bt_navigator_params.yaml
[3.041s] -- Up-to-date symlink: /root/Dojo/install/robot_navigation/share/robot_navigation/config/controller_params.yaml
[3.042s] -- Up-to-date symlink: /root/Dojo/install/robot_navigation/share/robot_navigation/config/costmap_common_params.yaml
[3.043s] -- Up-to-date symlink: /root/Dojo/install/robot_navigation/share/robot_navigation/config/global_costmap_params.yaml
[3.043s] -- Up-to-date symlink: /root/Dojo/install/robot_navigation/share/robot_navigation/config/local_costmap_params.yaml
[3.043s] -- Up-to-date symlink: /root/Dojo/install/robot_navigation/share/robot_navigation/config/localization_params.yaml
[3.052s] -- Up-to-date symlink: /root/Dojo/install/robot_navigation/share/robot_navigation/config/map_server_params.yaml
[3.052s] -- Up-to-date symlink: /root/Dojo/install/robot_navigation/share/robot_navigation/config/nav2_params.yaml
[3.052s] -- Up-to-date symlink: /root/Dojo/install/robot_navigation/share/robot_navigation/config/planner_params.yaml
[3.052s] -- Up-to-date symlink: /root/Dojo/install/robot_navigation/share/robot_navigation/launch/localization.launch.py
[3.052s] -- Up-to-date symlink: /root/Dojo/install/robot_navigation/share/robot_navigation/launch/map_server.launch.py
[3.052s] -- Up-to-date symlink: /root/Dojo/install/robot_navigation/share/robot_navigation/launch/navigation.launch.py
[3.053s] -- Up-to-date symlink: /root/Dojo/install/robot_navigation/share/ament_index/resource_index/package_run_dependencies/robot_navigation
[3.053s] -- Up-to-date symlink: /root/Dojo/install/robot_navigation/share/ament_index/resource_index/parent_prefix_path/robot_navigation
[3.057s] -- Up-to-date symlink: /root/Dojo/install/robot_navigation/share/robot_navigation/environment/ament_prefix_path.sh
[3.058s] -- Up-to-date symlink: /root/Dojo/install/robot_navigation/share/robot_navigation/environment/ament_prefix_path.dsv
[3.060s] -- Up-to-date symlink: /root/Dojo/install/robot_navigation/share/robot_navigation/environment/path.sh
[3.060s] -- Up-to-date symlink: /root/Dojo/install/robot_navigation/share/robot_navigation/environment/path.dsv
[3.060s] -- Up-to-date symlink: /root/Dojo/install/robot_navigation/share/robot_navigation/local_setup.bash
[3.060s] -- Up-to-date symlink: /root/Dojo/install/robot_navigation/share/robot_navigation/local_setup.sh
[3.064s] -- Up-to-date symlink: /root/Dojo/install/robot_navigation/share/robot_navigation/local_setup.zsh
[3.065s] -- Up-to-date symlink: /root/Dojo/install/robot_navigation/share/robot_navigation/local_setup.dsv
[3.065s] -- Symlinking: /root/Dojo/install/robot_navigation/share/robot_navigation/package.dsv
[3.078s] -- Up-to-date symlink: /root/Dojo/install/robot_navigation/share/ament_index/resource_index/packages/robot_navigation
[3.078s] -- Up-to-date symlink: /root/Dojo/install/robot_navigation/share/robot_navigation/cmake/robot_navigationConfig.cmake
[3.078s] -- Up-to-date symlink: /root/Dojo/install/robot_navigation/share/robot_navigation/cmake/robot_navigationConfig-version.cmake
[3.079s] -- Up-to-date symlink: /root/Dojo/install/robot_navigation/share/robot_navigation/package.xml
[3.153s] Invoked command in '/root/Dojo/build/robot_navigation' returned '0': CMAKE_PREFIX_PATH=${CMAKE_PREFIX_PATH}:/root/Dojo/install/vision_system:/root/Dojo/install/robot_launch:/root/Dojo/install/ros2arduino_bridge:/root/Dojo/install/robot_sensors:/root/Dojo/install/robot_perception:/root/Dojo/install/robot_hardware:/root/Dojo/install/robot_control:/root/Dojo/install/nv21_converter_pkg:/root/Dojo/install/arduino_bridge:/opt/ros/humble /usr/bin/cmake --install /root/Dojo/build/robot_navigation
