running develop
running egg_info
creating arduino_bridge.egg-info
writing arduino_bridge.egg-info/PKG-INFO
writing dependency_links to arduino_bridge.egg-info/dependency_links.txt
writing entry points to arduino_bridge.egg-info/entry_points.txt
writing requirements to arduino_bridge.egg-info/requires.txt
writing top-level names to arduino_bridge.egg-info/top_level.txt
writing manifest file 'arduino_bridge.egg-info/SOURCES.txt'
reading manifest file 'arduino_bridge.egg-info/SOURCES.txt'
writing manifest file 'arduino_bridge.egg-info/SOURCES.txt'
running build_ext
Creating /root/Dojo/install/arduino_bridge/lib/python3.10/site-packages/arduino-bridge.egg-link (link to .)
Installing arduino_bridge_node script to /root/Dojo/install/arduino_bridge/lib/arduino_bridge
Installing test_arduino_bridge script to /root/Dojo/install/arduino_bridge/lib/arduino_bridge

Installed /root/Dojo/build/arduino_bridge
running symlink_data
creating /root/Dojo/install/arduino_bridge/share/ament_index
creating /root/Dojo/install/arduino_bridge/share/ament_index/resource_index
creating /root/Dojo/install/arduino_bridge/share/ament_index/resource_index/packages
symbolically linking /root/Dojo/build/arduino_bridge/resource/arduino_bridge -> /root/Dojo/install/arduino_bridge/share/ament_index/resource_index/packages
symbolically linking /root/Dojo/build/arduino_bridge/package.xml -> /root/Dojo/install/arduino_bridge/share/arduino_bridge
creating /root/Dojo/install/arduino_bridge/share/arduino_bridge/launch
symbolically linking /root/Dojo/build/arduino_bridge/launch/arduino_bridge.launch.py -> /root/Dojo/install/arduino_bridge/share/arduino_bridge/launch
symbolically linking /root/Dojo/build/arduino_bridge/launch/test_arduino.launch.py -> /root/Dojo/install/arduino_bridge/share/arduino_bridge/launch
creating /root/Dojo/install/arduino_bridge/share/arduino_bridge/config
symbolically linking /root/Dojo/build/arduino_bridge/config/arduino_bridge_params.yaml -> /root/Dojo/install/arduino_bridge/share/arduino_bridge/config
