[0.895s] Invoking command in '/root/Dojo/build/arduino_bridge': PYTHONPATH=/root/Dojo/build/arduino_bridge/prefix_override:/usr/lib/python3/dist-packages/colcon_core/task/python/colcon_distutils_commands:/root/Dojo/install/arduino_bridge/lib/python3.10/site-packages:${PYTHONPATH} /usr/bin/python3 -W ignore:setup.py install is deprecated -W ignore:easy_install command is deprecated setup.py develop --editable --build-directory /root/Dojo/build/arduino_bridge/build --no-deps symlink_data
[1.214s] running develop
[1.429s] running egg_info
[1.429s] creating arduino_bridge.egg-info
[1.441s] writing arduino_bridge.egg-info/PKG-INFO
[1.441s] writing dependency_links to arduino_bridge.egg-info/dependency_links.txt
[1.442s] writing entry points to arduino_bridge.egg-info/entry_points.txt
[1.442s] writing requirements to arduino_bridge.egg-info/requires.txt
[1.442s] writing top-level names to arduino_bridge.egg-info/top_level.txt
[1.442s] writing manifest file 'arduino_bridge.egg-info/SOURCES.txt'
[1.468s] reading manifest file 'arduino_bridge.egg-info/SOURCES.txt'
[1.469s] writing manifest file 'arduino_bridge.egg-info/SOURCES.txt'
[1.483s] running build_ext
[1.483s] Creating /root/Dojo/install/arduino_bridge/lib/python3.10/site-packages/arduino-bridge.egg-link (link to .)
[1.484s] Installing arduino_bridge_node script to /root/Dojo/install/arduino_bridge/lib/arduino_bridge
[1.484s] Installing test_arduino_bridge script to /root/Dojo/install/arduino_bridge/lib/arduino_bridge
[1.484s] 
[1.484s] Installed /root/Dojo/build/arduino_bridge
[1.484s] running symlink_data
[1.485s] creating /root/Dojo/install/arduino_bridge/share/ament_index
[1.485s] creating /root/Dojo/install/arduino_bridge/share/ament_index/resource_index
[1.485s] creating /root/Dojo/install/arduino_bridge/share/ament_index/resource_index/packages
[1.485s] symbolically linking /root/Dojo/build/arduino_bridge/resource/arduino_bridge -> /root/Dojo/install/arduino_bridge/share/ament_index/resource_index/packages
[1.485s] symbolically linking /root/Dojo/build/arduino_bridge/package.xml -> /root/Dojo/install/arduino_bridge/share/arduino_bridge
[1.485s] creating /root/Dojo/install/arduino_bridge/share/arduino_bridge/launch
[1.485s] symbolically linking /root/Dojo/build/arduino_bridge/launch/arduino_bridge.launch.py -> /root/Dojo/install/arduino_bridge/share/arduino_bridge/launch
[1.485s] symbolically linking /root/Dojo/build/arduino_bridge/launch/test_arduino.launch.py -> /root/Dojo/install/arduino_bridge/share/arduino_bridge/launch
[1.485s] creating /root/Dojo/install/arduino_bridge/share/arduino_bridge/config
[1.485s] symbolically linking /root/Dojo/build/arduino_bridge/config/arduino_bridge_params.yaml -> /root/Dojo/install/arduino_bridge/share/arduino_bridge/config
[1.525s] Invoked command in '/root/Dojo/build/arduino_bridge' returned '0': PYTHONPATH=/root/Dojo/build/arduino_bridge/prefix_override:/usr/lib/python3/dist-packages/colcon_core/task/python/colcon_distutils_commands:/root/Dojo/install/arduino_bridge/lib/python3.10/site-packages:${PYTHONPATH} /usr/bin/python3 -W ignore:setup.py install is deprecated -W ignore:easy_install command is deprecated setup.py develop --editable --build-directory /root/Dojo/build/arduino_bridge/build --no-deps symlink_data
