[1mThe Meson build system[0m
Version: 1.9.0
Source dir: [1m/home/robosync/Robot/camera_ws/src/libcamera[0m
Build dir: [1m/home/robosync/Robot/camera_ws/build/libcamera[0m
Build type: [1mnative build[0m
Project name: [1mlibcamera[0m
Project version: [1m0.5.2[0m
C compiler for the host machine: [1mcc[0m (gcc 11.4.0 "cc (Ubuntu 11.4.0-1ubuntu1~22.04.2) 11.4.0")
C linker for the host machine: [1mcc[0m ld.bfd 2.38
C++ compiler for the host machine: [1mc++[0m (gcc 11.4.0 "c++ (Ubuntu 11.4.0-1ubuntu1~22.04.2) 11.4.0")
C++ linker for the host machine: [1mc++[0m ld.bfd 2.38
Host machine cpu family: [1maarch64[0m
Host machine cpu: [1maarch64[0m
Header "[1munistd.h[0m" has symbol "[1mclose_range[0m" : [1;32mYES[0m 
Header "[1mfcntl.h[0m" has symbol "[1mF_ADD_SEALS[0m" : [1;32mYES[0m 
Header "[1munistd.h[0m" has symbol "[1missetugid[0m" : [1;31mNO[0m 
Header "[1mlocale.h[0m" has symbol "[1mlocale_t[0m" : [1;32mYES[0m 
Header "[1msys/mman.h[0m" has symbol "[1mmemfd_create[0m" : [1;32mYES[0m 
Header "[1mstdlib.h[0m" has symbol "[1msecure_getenv[0m" : [1;32mYES[0m 
Compiler for C supports arguments -Wno-c99-designator: [1;31mNO[0m 
Found pkg-config: [1;32mYES[0m [1m(/usr/bin/pkg-config)[0m [1;34m0.29.2[0m
Run-time dependency [1mlttng-ust[0m found: [1;32mYES[0m [36m2.13.1[0m
Program [1m./parser.py[0m found: [1;32mYES[0m (/home/robosync/Robot/camera_ws/src/libcamera/utils/codegen/ipc/./parser.py)
Program [1m./generate.py[0m found: [1;32mYES[0m (/home/robosync/Robot/camera_ws/src/libcamera/utils/codegen/ipc/./generate.py)
Program [1m./extract-docs.py[0m found: [1;32mYES[0m (/home/robosync/Robot/camera_ws/src/libcamera/utils/codegen/ipc/./extract-docs.py)
Configuring [1mversion.h[0m using configuration
Program [1mopenssl[0m found: [1;32mYES[0m (/usr/bin/openssl)
Found CMake: [1m/usr/bin/cmake[0m (3.22.1)
Run-time dependency [1mlibyuv[0m found: [1;31mNO[0m (tried pkgconfig and cmake)
Has header "[1mlibyuv.h[0m" : [1;31mNO[0m 
Library [1matomic[0m found: [1;32mYES[0m
Run-time dependency [1mthreads[0m found: [1;32mYES[0m
Run-time dependency [1mlibdw[0m found: [1;32mYES[0m [36m0.186[0m
Run-time dependency [1mlibunwind[0m found: [1;32mYES[0m [36m1.3.2[0m
Header "[1mexecinfo.h[0m" has symbol "[1mbacktrace[0m" : [1;32mYES[0m 
Library [1mrt[0m found: [1;32mYES[0m
Run-time dependency [1mlibpisp[0m found: [1;32mYES[0m [36m1.2.1[0m
Run-time dependency [1mdl[0m found: [1;32mYES[0m
Run-time dependency [1mlibudev[0m found: [1;32mYES[0m [36m249[0m
Run-time dependency [1myaml-0.1[0m found: [1;32mYES[0m [36m0.2.2[0m
Run-time dependency [1mgnutls[0m found: [1;32mYES[0m [36m3.7.3[0m
Dependency [1mlibexif[0m skipped: feature [1mandroid[0m disabled
Dependency [1mlibjpeg[0m skipped: feature [1mandroid[0m disabled
Run-time dependency [1mlibevent_pthreads[0m found: [1;32mYES[0m [36m2.1.12-stable[0m
Run-time dependency [1mlibtiff-4[0m found: [1;32mYES[0m [36m4.3.0[0m
Run-time dependency [1mGTest[0m found: [1;32mYES[0m [36m1.11.0[0m
Run-time dependency [1mlibdrm[0m found: [1;32mYES[0m [36m2.4.113[0m
Run-time dependency [1mlibjpeg[0m found: [1;32mYES[0m [36m2.1.2[0m
Run-time dependency [1msdl2[0m found: [1;32mYES[0m [36m2.0.20[0m
Run-time dependency [1mqt6[0m (modules: Core, Gui, OpenGL, OpenGLWidgets, Widgets) found: [1;31mNO[0m (tried pkgconfig)
Run-time dependency [1mglib-2.0[0m found: [1;32mYES[0m [36m2.72.4[0m
Run-time dependency [1mgstreamer-video-1.0[0m found: [1;32mYES[0m [36m1.20.1[0m
Run-time dependency [1mgstreamer-allocators-1.0[0m found: [1;32mYES[0m [36m1.20.1[0m
Program python3 found: [1;32mYES[0m (/usr/bin/python3)
[1mpybind11-config[0m found: [1;31mNO[0m
Run-time dependency [1mpybind11[0m found: [1;32mYES[0m [36m2.9.1[0m
Run-time dependency [1mpython[0m found: [1;32mYES[0m [36m3.10[0m
Configuring [1mlibcamerify[0m using configuration
Program [1mdoxygen[0m found: [1;31mNO[0m
Program [1mdot[0m found: [1;32mYES[0m (/usr/bin/dot)
Program [1msphinx-build-3 sphinx-build[0m found: [1;31mNO[0m
Configuring [1mconfig.h[0m using configuration
Build targets in project: [1m78[0m

libcamera [36m0.5.2[0m

  [1mVersions[0m
    Sources                  : 0.5.2+46-67220496

  [1mPaths[0m
    LIBCAMERA_DATA_DIR       : "/home/robosync/Robot/camera_ws/install/libcamera/share/libcamera"
    LIBCAMERA_SYSCONF_DIR    : "/home/robosync/Robot/camera_ws/install/libcamera/etc/libcamera"
    IPA_PROXY_DIR            : "/home/robosync/Robot/camera_ws/install/libcamera/libexec/libcamera"
    IPA_CONFIG_DIR           : "/home/robosync/Robot/camera_ws/install/libcamera/etc/libcamera/ipa:/home/robosync/Robot/camera_ws/install/libcamera/share/libcamera/ipa"
    IPA_MODULE_DIR           : "/home/robosync/Robot/camera_ws/install/libcamera/lib/libcamera/ipa"

  [1mConfiguration[0m
    SoftISP support          : true
    IPA modules signed with  : gnutls
    Enabled pipelines        : imx8-isi
                               mali-c55
                               rkisp1
                               rpi/pisp
                               rpi/vc4
                               simple
                               uvcvideo
    Enabled IPA modules      : mali-c55
                               rkisp1
                               rpi/pisp
                               rpi/vc4
                               simple
    Controls files           : control_ids_core.yaml
                               control_ids_debug.yaml
                               control_ids_draft.yaml
                               control_ids_rpi.yaml
    Properties files         : property_ids_draft.yaml
                               property_ids_core.yaml
    Hotplug support          : [1;32mYES[0m
    Tracing support          : [1;32mYES[0m
    Android support          : [1;31mNO[0m
    GStreamer support        : [1;32mYES[0m
    Python bindings          : [1;32mYES[0m
    V4L2 emulation support   : [1;32mYES[0m
    cam application          : [1;32mYES[0m
    qcam application         : [1;31mNO[0m
    lc-compliance application: [1;32mYES[0m
    Unit tests               : [1;31mNO[0m

  [1mUser defined options[0m
    buildtype                : release
    libdir                   : lib
    prefix                   : /home/robosync/Robot/camera_ws/install/libcamera

Found ninja-1.13.0.git.kitware.jobserver-pipe-1 at /home/robosync/.local/bin/ninja
[1;32mINFO:[0m autodetecting backend as ninja
[1;32mINFO:[0m calculating backend command to run: /home/robosync/.local/bin/ninja

[0/314] Generating include/libcamera/ipa/core_mojom_module with a custom command (wrapped by meson to set env)[K
[0/314] Generating utils/codegen/ipc/mojom_templates with a custom command (wrapped by meson to set env)[K
[0/314] Generating include/libcamera/control_ids_rpi.yaml_h with a custom command (wrapped by meson to set env)[K
[0/314] Generating include/libcamera/property_ids_core.yaml_h with a custom command (wrapped by meson to set env)[K
[0/314] Generating include/libcamera/formats_h with a custom command[K
[0/314] Generating src/ipa-priv-key with a custom command[K
[1/314] Generating include/libcamera/formats_h with a custom command[K
[1/314] Compiling C++ object src/libcamera/base/libcamera-base.so.0.5.2.p/bound_method.cpp.o[K
[2/314] Generating include/libcamera/property_ids_core.yaml_h with a custom command (wrapped by meson to set env)[K
[2/314] Compiling C++ object src/libcamera/base/libcamera-base.so.0.5.2.p/class.cpp.o[K
[3/314] Generating include/libcamera/control_ids_rpi.yaml_h with a custom command (wrapped by meson to set env)[K
[3/314] Compiling C++ object src/libcamera/base/libcamera-base.so.0.5.2.p/flags.cpp.o[K
[4/314] Generating include/libcamera/ipa/core_mojom_module with a custom command (wrapped by meson to set env)[K
[4/314] Generating include/libcamera/ipa/mali-c55_mojom_module with a custom command (wrapped by meson to set env)[K
[5/314] Compiling C++ object src/libcamera/base/libcamera-base.so.0.5.2.p/flags.cpp.o[K
[5/314] Generating include/libcamera/ipa/rkisp1_mojom_module with a custom command (wrapped by meson to set env)[K
[6/314] Compiling C++ object src/libcamera/base/libcamera-base.so.0.5.2.p/class.cpp.o[K
[6/314] Generating include/libcamera/ipa/raspberrypi_mojom_module with a custom command (wrapped by meson to set env)[K
[7/314] Generating utils/codegen/ipc/mojom_templates with a custom command (wrapped by meson to set env)[K
[7/314] Generating include/libcamera/ipa/soft_mojom_module with a custom command (wrapped by meson to set env)[K
[8/314] Generating src/ipa-priv-key with a custom command[K
....+.+...+...........+++++++++++++++++++++++++++++++++++++++++++++++++++++++++++++++++*...+....+++++++++++++++++++++++++++++++++++++++++++++++++++++++++++++++++*...+..+.......+...+...+.........+...+........+......+.+.................+......+++++++++++++++++++++++++++++++++++++++++++++++++++++++++++++++++
..+...+......+...............+.+.................+............+...+.+..+....+...+......+..............+......+.+......+............+.....+.......+......+...+.....+.......+.........+.....+.............+...+++++++++++++++++++++++++++++++++++++++++++++++++++++++++++++++++*....+..+....+.....+...+................+......+.....+.+..+.+.....+.......+...+..+++++++++++++++++++++++++++++++++++++++++++++++++++++++++++++++++*...+........+...+...+....+...+........+......+..........+........+.............+.........+.........+.....+..........+......+........+............+......+...+......+......+.......+..+......+..........+..+.+.....+.+.....+.+........+.......+...+.........+.....+...+..........+...............+..+...+.............+..+..........+...+......+..............+.+.....+...+.+......+......+.........+......+.....+...+.......+...+.........+............+...+...+..+...............+.+............+...+..+.........+.............+..+......+...............+....+...+..+..........+...+........+...+..........+.....+.........+...+.......+..+.+........+...................+......+......+...............+......+...+...............+..............+.+.....+.+........+..................+.......+...+...+.........+......+..+...+....+............+.....+.+..+.+...........+....+.....+....+.....+......+.......+...+.................+.............+..+....+...+...+..+.......+.....+.+........+.+........+.+..+..........+............+..+.........+....+..+......+.......+............+...+.....+...+...+.+......+.................+.+..+...+....+..+...+.......+.....+.+.....+............+...+............+...+.............+...............+............+..+.+..+.........+.........+....+....................+.......+...+..+...+.+.....+....+......+..+...+....+..+....+.....+................+...........+...+.+...+..+....+..+........................+...+......+.......+...............+...+......+.....+...+...+...............+.............+..+.........+++++++++++++++++++++++++++++++++++++++++++++++++++++++++++++++++

[8/314] Compiling C++ object src/libcamera/base/libcamera-base.so.0.5.2.p/object.cpp.o[K
[9/314] Generating include/libcamera/ipa/rkisp1_mojom_module with a custom command (wrapped by meson to set env)[K
[9/314] Compiling C++ object src/libcamera/base/libcamera-base.so.0.5.2.p/shared_fd.cpp.o[K
[10/314] Generating include/libcamera/ipa/mali-c55_mojom_module with a custom command (wrapped by meson to set env)[K
[10/314] Compiling C++ object src/libcamera/base/libcamera-base.so.0.5.2.p/signal.cpp.o[K
[11/314] Generating include/libcamera/ipa/raspberrypi_mojom_module with a custom command (wrapped by meson to set env)[K
[11/314] Compiling C++ object src/libcamera/base/libcamera-base.so.0.5.2.p/unique_fd.cpp.o[K
[12/314] Generating include/libcamera/ipa/soft_mojom_module with a custom command (wrapped by meson to set env)[K
[12/314] Compiling C++ object src/libcamera/base/libcamera-base.so.0.5.2.p/backtrace.cpp.o[K
[13/314] Compiling C++ object src/libcamera/base/libcamera-base.so.0.5.2.p/bound_method.cpp.o[K
[13/314] Compiling C++ object src/libcamera/base/libcamera-base.so.0.5.2.p/event_dispatcher.cpp.o[K
[14/314] Compiling C++ object src/libcamera/base/libcamera-base.so.0.5.2.p/unique_fd.cpp.o[K
[14/314] Compiling C++ object src/libcamera/base/libcamera-base.so.0.5.2.p/event_dispatcher_poll.cpp.o[K
[15/314] Compiling C++ object src/libcamera/base/libcamera-base.so.0.5.2.p/signal.cpp.o[K
[15/314] Compiling C++ object src/libcamera/base/libcamera-base.so.0.5.2.p/event_notifier.cpp.o[K
[16/314] Compiling C++ object src/libcamera/base/libcamera-base.so.0.5.2.p/shared_fd.cpp.o[K
[16/314] Compiling C++ object src/libcamera/base/libcamera-base.so.0.5.2.p/file.cpp.o[K
[17/314] Compiling C++ object src/libcamera/base/libcamera-base.so.0.5.2.p/object.cpp.o[K
[17/314] Compiling C++ object src/libcamera/base/libcamera-base.so.0.5.2.p/log.cpp.o[K
[18/314] Compiling C++ object src/libcamera/base/libcamera-base.so.0.5.2.p/event_dispatcher.cpp.o[K
[18/314] Compiling C++ object src/libcamera/base/libcamera-base.so.0.5.2.p/memfd.cpp.o[K
[19/314] Compiling C++ object src/libcamera/base/libcamera-base.so.0.5.2.p/backtrace.cpp.o[K
[19/314] Compiling C++ object src/libcamera/base/libcamera-base.so.0.5.2.p/message.cpp.o[K
[20/314] Compiling C++ object src/libcamera/base/libcamera-base.so.0.5.2.p/event_notifier.cpp.o[K
[20/314] Compiling C++ object src/libcamera/base/libcamera-base.so.0.5.2.p/mutex.cpp.o[K
[21/314] Compiling C++ object src/libcamera/base/libcamera-base.so.0.5.2.p/file.cpp.o[K
[21/314] Compiling C++ object src/libcamera/base/libcamera-base.so.0.5.2.p/semaphore.cpp.o[K
[22/314] Compiling C++ object src/libcamera/base/libcamera-base.so.0.5.2.p/mutex.cpp.o[K
[22/314] Compiling C++ object src/libcamera/base/libcamera-base.so.0.5.2.p/thread.cpp.o[K
[23/314] Compiling C++ object src/libcamera/base/libcamera-base.so.0.5.2.p/event_dispatcher_poll.cpp.o[K
[23/314] Compiling C++ object src/libcamera/base/libcamera-base.so.0.5.2.p/timer.cpp.o[K
[24/314] Compiling C++ object src/libcamera/base/libcamera-base.so.0.5.2.p/message.cpp.o[K
[24/314] Compiling C++ object src/libcamera/base/libcamera-base.so.0.5.2.p/utils.cpp.o[K
[25/314] Compiling C++ object src/libcamera/base/libcamera-base.so.0.5.2.p/memfd.cpp.o[K
[25/314] Generating include/libcamera/internal/tp_header with a custom command[K
[26/314] Compiling C++ object src/libcamera/base/libcamera-base.so.0.5.2.p/semaphore.cpp.o[K
[26/314] Generating include/libcamera/ipa/core_ipa_interface_h with a custom command (wrapped by meson to set env)[K
[27/314] Generating include/libcamera/internal/tp_header with a custom command[K
[27/314] Generating include/libcamera/ipa/core_ipa_serializer_h with a custom command (wrapped by meson to set env)[K
[28/314] Generating include/libcamera/ipa/core_ipa_interface_h with a custom command (wrapped by meson to set env)[K
[28/314] Generating include/libcamera/ipa/mali-c55_ipa_interface_h with a custom command (wrapped by meson to set env)[K
[29/314] Generating include/libcamera/ipa/core_ipa_serializer_h with a custom command (wrapped by meson to set env)[K
[29/314] Generating include/libcamera/ipa/mali-c55_ipa_serializer_h with a custom command (wrapped by meson to set env)[K
[30/314] Generating include/libcamera/ipa/mali-c55_ipa_interface_h with a custom command (wrapped by meson to set env)[K
[30/314] Generating include/libcamera/ipa/mali-c55_proxy_h with a custom command (wrapped by meson to set env)[K
[31/314] Generating include/libcamera/ipa/mali-c55_ipa_serializer_h with a custom command (wrapped by meson to set env)[K
[31/314] Generating include/libcamera/ipa/rkisp1_ipa_interface_h with a custom command (wrapped by meson to set env)[K
[32/314] Generating include/libcamera/ipa/mali-c55_proxy_h with a custom command (wrapped by meson to set env)[K
[32/314] Generating include/libcamera/ipa/rkisp1_ipa_serializer_h with a custom command (wrapped by meson to set env)[K
[33/314] Compiling C++ object src/libcamera/base/libcamera-base.so.0.5.2.p/timer.cpp.o[K
[33/314] Generating include/libcamera/ipa/rkisp1_proxy_h with a custom command (wrapped by meson to set env)[K
[34/314] Compiling C++ object src/libcamera/base/libcamera-base.so.0.5.2.p/log.cpp.o[K
[34/314] Generating include/libcamera/ipa/raspberrypi_ipa_interface_h with a custom command (wrapped by meson to set env)[K
[35/314] Generating include/libcamera/ipa/rkisp1_ipa_interface_h with a custom command (wrapped by meson to set env)[K
[35/314] Generating include/libcamera/ipa/raspberrypi_ipa_serializer_h with a custom command (wrapped by meson to set env)[K
[36/314] Generating include/libcamera/ipa/rkisp1_proxy_h with a custom command (wrapped by meson to set env)[K
[36/314] Generating include/libcamera/ipa/raspberrypi_proxy_h with a custom command (wrapped by meson to set env)[K
[37/314] Generating include/libcamera/ipa/rkisp1_ipa_serializer_h with a custom command (wrapped by meson to set env)[K
[37/314] Generating include/libcamera/ipa/soft_ipa_interface_h with a custom command (wrapped by meson to set env)[K
[38/314] Compiling C++ object src/libcamera/base/libcamera-base.so.0.5.2.p/utils.cpp.o[K
[38/314] Generating include/libcamera/ipa/soft_ipa_serializer_h with a custom command (wrapped by meson to set env)[K
[39/314] Generating include/libcamera/ipa/raspberrypi_ipa_interface_h with a custom command (wrapped by meson to set env)[K
[39/314] Generating include/libcamera/ipa/soft_proxy_h with a custom command (wrapped by meson to set env)[K
[40/314] Generating include/libcamera/ipa/raspberrypi_ipa_serializer_h with a custom command (wrapped by meson to set env)[K
[40/314] Generating include/libcamera/gen-header with a custom command[K
[41/314] Compiling C++ object src/libcamera/base/libcamera-base.so.0.5.2.p/thread.cpp.o[K
[41/314] Linking target src/libcamera/base/libcamera-base.so.0.5.2[K
[42/314] Generating include/libcamera/gen-header with a custom command[K
[42/314] Generating src/libcamera/proxy/mali-c55_proxy_cpp with a custom command (wrapped by meson to set env)[K
[43/314] Generating include/libcamera/ipa/raspberrypi_proxy_h with a custom command (wrapped by meson to set env)[K
[43/314] Generating src/libcamera/proxy/rkisp1_proxy_cpp with a custom command (wrapped by meson to set env)[K
[44/314] Linking target src/libcamera/base/libcamera-base.so.0.5.2[K
[44/314] Generating src/libcamera/proxy/raspberrypi_proxy_cpp with a custom command (wrapped by meson to set env)[K
[45/314] Generating include/libcamera/ipa/soft_ipa_interface_h with a custom command (wrapped by meson to set env)[K
[45/314] Generating src/libcamera/proxy/soft_proxy_cpp with a custom command (wrapped by meson to set env)[K
[46/314] Generating include/libcamera/ipa/soft_ipa_serializer_h with a custom command (wrapped by meson to set env)[K
[46/314] Generating src/libcamera/controls_ids_cpp with a custom command (wrapped by meson to set env)[K
[47/314] Generating include/libcamera/ipa/soft_proxy_h with a custom command (wrapped by meson to set env)[K
[47/314] Generating src/libcamera/properties_ids_cpp with a custom command (wrapped by meson to set env)[K
[48/314] Generating src/libcamera/proxy/rkisp1_proxy_cpp with a custom command (wrapped by meson to set env)[K
[48/314] Generating src/libcamera/version.cpp with a custom command[K
[49/314] Generating src/libcamera/proxy/mali-c55_proxy_cpp with a custom command (wrapped by meson to set env)[K
[49/314] Generating src/libcamera/ipa_pub_key_cpp with a custom command[K
[50/314] Generating src/libcamera/ipa_pub_key_cpp with a custom command[K
writing RSA key

[50/314] Generating symbol file src/libcamera/base/libcamera-base.so.0.5.2.p/libcamera-base.so.0.5.2.symbols[K
[51/314] Generating src/libcamera/proxy/raspberrypi_proxy_cpp with a custom command (wrapped by meson to set env)[K
[51/314] Compiling C++ object src/libcamera/libcamera.so.0.5.2.p/meson-generated_.._proxy_mali-c55_ipa_proxy.cpp.o[K
[52/314] Generating src/libcamera/proxy/soft_proxy_cpp with a custom command (wrapped by meson to set env)[K
[52/314] Compiling C++ object src/libcamera/libcamera.so.0.5.2.p/meson-generated_.._proxy_rkisp1_ipa_proxy.cpp.o[K
[53/314] Generating src/libcamera/version.cpp with a custom command[K
[53/314] Compiling C++ object src/libcamera/libcamera.so.0.5.2.p/meson-generated_.._version.cpp.o[K
[54/314] Generating src/libcamera/properties_ids_cpp with a custom command (wrapped by meson to set env)[K
[54/314] Compiling C++ object src/libcamera/libcamera.so.0.5.2.p/meson-generated_.._property_ids.cpp.o[K
[55/314] Generating src/libcamera/controls_ids_cpp with a custom command (wrapped by meson to set env)[K
[55/314] Compiling C++ object src/libcamera/libcamera.so.0.5.2.p/meson-generated_.._control_ids.cpp.o[K
[56/314] Generating symbol file src/libcamera/base/libcamera-base.so.0.5.2.p/libcamera-base.so.0.5.2.symbols[K
[56/314] Compiling C++ object src/libcamera/libcamera.so.0.5.2.p/meson-generated_.._proxy_raspberrypi_ipa_proxy.cpp.o[K
[57/314] Compiling C++ object src/libcamera/libcamera.so.0.5.2.p/meson-generated_.._version.cpp.o[K
[57/314] Compiling C++ object src/libcamera/libcamera.so.0.5.2.p/meson-generated_.._proxy_soft_ipa_proxy.cpp.o[K
[58/314] Compiling C++ object src/libcamera/libcamera.so.0.5.2.p/meson-generated_.._property_ids.cpp.o[K
[58/314] Compiling C++ object src/libcamera/libcamera.so.0.5.2.p/meson-generated_.._ipa_pub_key.cpp.o[K
[59/314] Compiling C++ object src/libcamera/libcamera.so.0.5.2.p/meson-generated_.._ipa_pub_key.cpp.o[K
[59/314] Compiling C++ object src/libcamera/libcamera.so.0.5.2.p/camera.cpp.o[K
[60/314] Compiling C++ object src/libcamera/libcamera.so.0.5.2.p/meson-generated_.._control_ids.cpp.o[K
[60/314] Compiling C++ object src/libcamera/libcamera.so.0.5.2.p/camera_manager.cpp.o[K
[61/314] Compiling C++ object src/libcamera/libcamera.so.0.5.2.p/meson-generated_.._proxy_rkisp1_ipa_proxy.cpp.o[K
[61/314] Compiling C++ object src/libcamera/libcamera.so.0.5.2.p/color_space.cpp.o[K
[62/314] Compiling C++ object src/libcamera/libcamera.so.0.5.2.p/meson-generated_.._proxy_mali-c55_ipa_proxy.cpp.o[K
[62/314] Compiling C++ object src/libcamera/libcamera.so.0.5.2.p/controls.cpp.o[K
[63/314] Compiling C++ object src/libcamera/libcamera.so.0.5.2.p/camera_manager.cpp.o[K
[63/314] Compiling C++ object src/libcamera/libcamera.so.0.5.2.p/fence.cpp.o[K
[64/314] Compiling C++ object src/libcamera/libcamera.so.0.5.2.p/meson-generated_.._proxy_raspberrypi_ipa_proxy.cpp.o[K
[64/314] Compiling C++ object src/libcamera/libcamera.so.0.5.2.p/framebuffer.cpp.o[K
[65/314] Compiling C++ object src/libcamera/libcamera.so.0.5.2.p/fence.cpp.o[K
[65/314] Compiling C++ object src/libcamera/libcamera.so.0.5.2.p/framebuffer_allocator.cpp.o[K
[66/314] Compiling C++ object src/libcamera/libcamera.so.0.5.2.p/meson-generated_.._proxy_soft_ipa_proxy.cpp.o[K
[66/314] Compiling C++ object src/libcamera/libcamera.so.0.5.2.p/geometry.cpp.o[K
[67/314] Compiling C++ object src/libcamera/libcamera.so.0.5.2.p/color_space.cpp.o[K
[67/314] Compiling C++ object src/libcamera/libcamera.so.0.5.2.p/orientation.cpp.o[K
[68/314] Compiling C++ object src/libcamera/libcamera.so.0.5.2.p/framebuffer.cpp.o[K
[68/314] Compiling C++ object src/libcamera/libcamera.so.0.5.2.p/pixel_format.cpp.o[K
[69/314] Compiling C++ object src/libcamera/libcamera.so.0.5.2.p/geometry.cpp.o[K
[69/314] Compiling C++ object src/libcamera/libcamera.so.0.5.2.p/request.cpp.o[K
[70/314] Compiling C++ object src/libcamera/libcamera.so.0.5.2.p/controls.cpp.o[K
[70/314] Compiling C++ object src/libcamera/libcamera.so.0.5.2.p/stream.cpp.o[K
[71/314] Compiling C++ object src/libcamera/libcamera.so.0.5.2.p/orientation.cpp.o[K
[71/314] Compiling C++ object src/libcamera/libcamera.so.0.5.2.p/transform.cpp.o[K
[72/314] Compiling C++ object src/libcamera/libcamera.so.0.5.2.p/camera.cpp.o[K
[72/314] Compiling C++ object src/libcamera/libcamera.so.0.5.2.p/bayer_format.cpp.o[K
[73/314] Compiling C++ object src/libcamera/libcamera.so.0.5.2.p/framebuffer_allocator.cpp.o[K
[73/314] Compiling C++ object src/libcamera/libcamera.so.0.5.2.p/byte_stream_buffer.cpp.o[K
[74/314] Compiling C++ object src/libcamera/libcamera.so.0.5.2.p/pixel_format.cpp.o[K
[74/314] Compiling C++ object src/libcamera/libcamera.so.0.5.2.p/camera_controls.cpp.o[K
[75/314] Compiling C++ object src/libcamera/libcamera.so.0.5.2.p/transform.cpp.o[K
[75/314] Compiling C++ object src/libcamera/libcamera.so.0.5.2.p/camera_lens.cpp.o[K
[76/314] Compiling C++ object src/libcamera/libcamera.so.0.5.2.p/byte_stream_buffer.cpp.o[K
[76/314] Compiling C++ object src/libcamera/libcamera.so.0.5.2.p/clock_recovery.cpp.o[K
[77/314] Compiling C++ object src/libcamera/libcamera.so.0.5.2.p/bayer_format.cpp.o[K
[77/314] Compiling C++ object src/libcamera/libcamera.so.0.5.2.p/control_serializer.cpp.o[K
[78/314] Compiling C++ object src/libcamera/libcamera.so.0.5.2.p/camera_controls.cpp.o[K
[78/314] Compiling C++ object src/libcamera/libcamera.so.0.5.2.p/control_validator.cpp.o[K
[79/314] Compiling C++ object src/libcamera/libcamera.so.0.5.2.p/stream.cpp.o[K
[79/314] Compiling C++ object src/libcamera/libcamera.so.0.5.2.p/converter.cpp.o[K
[80/314] Compiling C++ object src/libcamera/libcamera.so.0.5.2.p/control_validator.cpp.o[K
[80/314] Compiling C++ object src/libcamera/libcamera.so.0.5.2.p/debug_controls.cpp.o[K
[81/314] Compiling C++ object src/libcamera/libcamera.so.0.5.2.p/camera_lens.cpp.o[K
[81/314] Compiling C++ object src/libcamera/libcamera.so.0.5.2.p/delayed_controls.cpp.o[K
[82/314] Compiling C++ object src/libcamera/libcamera.so.0.5.2.p/clock_recovery.cpp.o[K
[82/314] Compiling C++ object src/libcamera/libcamera.so.0.5.2.p/device_enumerator.cpp.o[K
[83/314] Compiling C++ object src/libcamera/libcamera.so.0.5.2.p/request.cpp.o[K
[83/314] Compiling C++ object src/libcamera/libcamera.so.0.5.2.p/device_enumerator_sysfs.cpp.o[K
[84/314] Compiling C++ object src/libcamera/libcamera.so.0.5.2.p/debug_controls.cpp.o[K
[84/314] Compiling C++ object src/libcamera/libcamera.so.0.5.2.p/dma_buf_allocator.cpp.o[K
[85/314] Compiling C++ object src/libcamera/libcamera.so.0.5.2.p/converter.cpp.o[K
[85/314] Compiling C++ object src/libcamera/libcamera.so.0.5.2.p/formats.cpp.o[K
[86/314] Compiling C++ object src/libcamera/libcamera.so.0.5.2.p/delayed_controls.cpp.o[K
[86/314] Compiling C++ object src/libcamera/libcamera.so.0.5.2.p/ipa_controls.cpp.o[K
[87/314] Compiling C++ object src/libcamera/libcamera.so.0.5.2.p/ipa_controls.cpp.o[K
[87/314] Compiling C++ object src/libcamera/libcamera.so.0.5.2.p/ipa_data_serializer.cpp.o[K
[88/314] Compiling C++ object src/libcamera/libcamera.so.0.5.2.p/device_enumerator.cpp.o[K
[88/314] Compiling C++ object src/libcamera/libcamera.so.0.5.2.p/ipa_interface.cpp.o[K
[89/314] Compiling C++ object src/libcamera/libcamera.so.0.5.2.p/ipa_interface.cpp.o[K
[89/314] Compiling C++ object src/libcamera/libcamera.so.0.5.2.p/ipa_manager.cpp.o[K
[90/314] Compiling C++ object src/libcamera/libcamera.so.0.5.2.p/control_serializer.cpp.o[K
[90/314] Compiling C++ object src/libcamera/libcamera.so.0.5.2.p/ipa_module.cpp.o[K
[91/314] Compiling C++ object src/libcamera/libcamera.so.0.5.2.p/device_enumerator_sysfs.cpp.o[K
[91/314] Compiling C++ object src/libcamera/libcamera.so.0.5.2.p/ipa_proxy.cpp.o[K
[92/314] Compiling C++ object src/libcamera/libcamera.so.0.5.2.p/dma_buf_allocator.cpp.o[K
[92/314] Compiling C++ object src/libcamera/libcamera.so.0.5.2.p/ipc_pipe.cpp.o[K
[93/314] Compiling C++ object src/libcamera/libcamera.so.0.5.2.p/ipa_proxy.cpp.o[K
[93/314] Compiling C++ object src/libcamera/libcamera.so.0.5.2.p/ipc_pipe_unixsocket.cpp.o[K
[94/314] Compiling C++ object src/libcamera/libcamera.so.0.5.2.p/ipa_module.cpp.o[K
[94/314] Compiling C++ object src/libcamera/libcamera.so.0.5.2.p/ipc_unixsocket.cpp.o[K
[95/314] Compiling C++ object src/libcamera/libcamera.so.0.5.2.p/formats.cpp.o[K
[95/314] Compiling C++ object src/libcamera/libcamera.so.0.5.2.p/mapped_framebuffer.cpp.o[K
[96/314] Compiling C++ object src/libcamera/libcamera.so.0.5.2.p/ipc_pipe.cpp.o[K
[96/314] Compiling C++ object src/libcamera/libcamera.so.0.5.2.p/matrix.cpp.o[K
[97/314] Compiling C++ object src/libcamera/libcamera.so.0.5.2.p/ipa_manager.cpp.o[K
[97/314] Compiling C++ object src/libcamera/libcamera.so.0.5.2.p/media_device.cpp.o[K
[98/314] Compiling C++ object src/libcamera/libcamera.so.0.5.2.p/ipa_data_serializer.cpp.o[K
[98/314] Compiling C++ object src/libcamera/libcamera.so.0.5.2.p/media_object.cpp.o[K
[99/314] Compiling C++ object src/libcamera/libcamera.so.0.5.2.p/ipc_unixsocket.cpp.o[K
[99/314] Compiling C++ object src/libcamera/libcamera.so.0.5.2.p/media_pipeline.cpp.o[K
[100/314] Compiling C++ object src/libcamera/libcamera.so.0.5.2.p/mapped_framebuffer.cpp.o[K
[100/314] Compiling C++ object src/libcamera/libcamera.so.0.5.2.p/pipeline_handler.cpp.o[K
[101/314] Compiling C++ object src/libcamera/libcamera.so.0.5.2.p/ipc_pipe_unixsocket.cpp.o[K
[101/314] Compiling C++ object src/libcamera/libcamera.so.0.5.2.p/process.cpp.o[K
[102/314] Compiling C++ object src/libcamera/libcamera.so.0.5.2.p/matrix.cpp.o[K
[102/314] Compiling C++ object src/libcamera/libcamera.so.0.5.2.p/pub_key.cpp.o[K
[103/314] Compiling C++ object src/libcamera/libcamera.so.0.5.2.p/media_object.cpp.o[K
[103/314] Compiling C++ object src/libcamera/libcamera.so.0.5.2.p/shared_mem_object.cpp.o[K
[104/314] Compiling C++ object src/libcamera/libcamera.so.0.5.2.p/media_device.cpp.o[K
[104/314] Compiling C++ object src/libcamera/libcamera.so.0.5.2.p/source_paths.cpp.o[K
[105/314] Compiling C++ object src/libcamera/libcamera.so.0.5.2.p/pub_key.cpp.o[K
[105/314] Compiling C++ object src/libcamera/libcamera.so.0.5.2.p/sysfs.cpp.o[K
[106/314] Compiling C++ object src/libcamera/libcamera.so.0.5.2.p/shared_mem_object.cpp.o[K
[106/314] Compiling C++ object src/libcamera/libcamera.so.0.5.2.p/v4l2_device.cpp.o[K
[107/314] Compiling C++ object src/libcamera/libcamera.so.0.5.2.p/source_paths.cpp.o[K
[107/314] Compiling C++ object src/libcamera/libcamera.so.0.5.2.p/v4l2_pixelformat.cpp.o[K
[108/314] Compiling C++ object src/libcamera/libcamera.so.0.5.2.p/sysfs.cpp.o[K
[108/314] Compiling C++ object src/libcamera/libcamera.so.0.5.2.p/v4l2_subdevice.cpp.o[K
[109/314] Compiling C++ object src/libcamera/libcamera.so.0.5.2.p/process.cpp.o[K
[109/314] Compiling C++ object src/libcamera/libcamera.so.0.5.2.p/v4l2_videodevice.cpp.o[K
[110/314] Compiling C++ object src/libcamera/libcamera.so.0.5.2.p/media_pipeline.cpp.o[K
[110/314] Compiling C++ object src/libcamera/libcamera.so.0.5.2.p/vector.cpp.o[K
[111/314] Compiling C++ object src/libcamera/libcamera.so.0.5.2.p/pipeline_handler.cpp.o[K
[111/314] Compiling C++ object src/libcamera/libcamera.so.0.5.2.p/yaml_parser.cpp.o[K
[112/314] Compiling C++ object src/libcamera/libcamera.so.0.5.2.p/v4l2_pixelformat.cpp.o[K
[112/314] Compiling C++ object src/libcamera/libcamera.so.0.5.2.p/converter_converter_v4l2_m2m.cpp.o[K
[113/314] Compiling C++ object src/libcamera/libcamera.so.0.5.2.p/vector.cpp.o[K
[113/314] Compiling C++ object src/libcamera/libcamera.so.0.5.2.p/pipeline_imx8-isi_imx8-isi.cpp.o[K
[114/314] Compiling C++ object src/libcamera/libcamera.so.0.5.2.p/v4l2_device.cpp.o[K
[114/314] Compiling C++ object src/libcamera/libcamera.so.0.5.2.p/pipeline_mali-c55_mali-c55.cpp.o[K
[115/314] Compiling C++ object src/libcamera/libcamera.so.0.5.2.p/yaml_parser.cpp.o[K
[115/314] Compiling C++ object src/libcamera/libcamera.so.0.5.2.p/pipeline_rkisp1_rkisp1.cpp.o[K
[116/314] Compiling C++ object src/libcamera/libcamera.so.0.5.2.p/v4l2_videodevice.cpp.o[K
[116/314] Compiling C++ object src/libcamera/libcamera.so.0.5.2.p/pipeline_rkisp1_rkisp1_path.cpp.o[K
[117/314] Compiling C++ object src/libcamera/libcamera.so.0.5.2.p/converter_converter_v4l2_m2m.cpp.o[K
[117/314] Compiling C++ object src/libcamera/libcamera.so.0.5.2.p/pipeline_rpi_common_delayed_controls.cpp.o[K
[118/314] Compiling C++ object src/libcamera/libcamera.so.0.5.2.p/pipeline_imx8-isi_imx8-isi.cpp.o[K
[118/314] Compiling C++ object src/libcamera/libcamera.so.0.5.2.p/pipeline_rpi_common_pipeline_base.cpp.o[K
[119/314] Compiling C++ object src/libcamera/libcamera.so.0.5.2.p/pipeline_rpi_common_delayed_controls.cpp.o[K
[119/314] Compiling C++ object src/libcamera/libcamera.so.0.5.2.p/pipeline_rpi_common_rpi_stream.cpp.o[K
[120/314] Compiling C++ object src/libcamera/libcamera.so.0.5.2.p/pipeline_rkisp1_rkisp1_path.cpp.o[K
[120/314] Compiling C++ object src/libcamera/libcamera.so.0.5.2.p/pipeline_rpi_pisp_pisp.cpp.o[K
[121/314] Compiling C++ object src/libcamera/libcamera.so.0.5.2.p/pipeline_rpi_common_rpi_stream.cpp.o[K
[121/314] Compiling C++ object src/libcamera/libcamera.so.0.5.2.p/pipeline_rpi_vc4_vc4.cpp.o[K
[122/314] Compiling C++ object src/libcamera/libcamera.so.0.5.2.p/v4l2_subdevice.cpp.o[K
[122/314] Compiling C++ object src/libcamera/libcamera.so.0.5.2.p/pipeline_simple_simple.cpp.o[K
[123/314] Compiling C++ object src/libcamera/libcamera.so.0.5.2.p/pipeline_mali-c55_mali-c55.cpp.o[K
[123/314] Compiling C++ object src/libcamera/libcamera.so.0.5.2.p/pipeline_uvcvideo_uvcvideo.cpp.o[K
[124/314] Compiling C++ object src/libcamera/libcamera.so.0.5.2.p/pipeline_rkisp1_rkisp1.cpp.o[K
[124/314] Compiling C++ object src/libcamera/libcamera.so.0.5.2.p/sensor_camera_sensor.cpp.o[K
[125/314] Compiling C++ object src/libcamera/libcamera.so.0.5.2.p/pipeline_rpi_common_pipeline_base.cpp.o[K
[125/314] Compiling C++ object src/libcamera/libcamera.so.0.5.2.p/sensor_camera_sensor_legacy.cpp.o[K
[126/314] Compiling C++ object src/libcamera/libcamera.so.0.5.2.p/sensor_camera_sensor.cpp.o[K
[126/314] Compiling C++ object src/libcamera/libcamera.so.0.5.2.p/sensor_camera_sensor_properties.cpp.o[K
[127/314] Compiling C++ object src/libcamera/libcamera.so.0.5.2.p/pipeline_rpi_vc4_vc4.cpp.o[K
[127/314] Compiling C++ object src/libcamera/libcamera.so.0.5.2.p/sensor_camera_sensor_raw.cpp.o[K
[128/314] Compiling C++ object src/libcamera/libcamera.so.0.5.2.p/pipeline_rpi_pisp_pisp.cpp.o[K
[128/314] Compiling C++ object src/libcamera/libcamera.so.0.5.2.p/software_isp_debayer.cpp.o[K
[129/314] Compiling C++ object src/libcamera/libcamera.so.0.5.2.p/sensor_camera_sensor_properties.cpp.o[K
[129/314] Compiling C++ object src/libcamera/libcamera.so.0.5.2.p/software_isp_debayer_cpu.cpp.o[K
[130/314] Compiling C++ object src/libcamera/libcamera.so.0.5.2.p/pipeline_uvcvideo_uvcvideo.cpp.o[K
[130/314] Compiling C++ object src/libcamera/libcamera.so.0.5.2.p/software_isp_software_isp.cpp.o[K
[131/314] Compiling C++ object src/libcamera/libcamera.so.0.5.2.p/software_isp_debayer.cpp.o[K
[131/314] Compiling C++ object src/libcamera/libcamera.so.0.5.2.p/software_isp_swstats_cpu.cpp.o[K
[132/314] Compiling C++ object src/libcamera/libcamera.so.0.5.2.p/pipeline_simple_simple.cpp.o[K
[132/314] Compiling C++ object src/libcamera/libcamera.so.0.5.2.p/tracepoints.cpp.o[K
[133/314] Compiling C++ object src/libcamera/libcamera.so.0.5.2.p/sensor_camera_sensor_legacy.cpp.o[K
[133/314] Compiling C++ object src/libcamera/libcamera.so.0.5.2.p/device_enumerator_udev.cpp.o[K
[134/314] Compiling C++ object src/libcamera/libcamera.so.0.5.2.p/software_isp_swstats_cpu.cpp.o[K
[134/314] Compiling C++ object src/ipa/libipa/libipa.a.p/agc_mean_luminance.cpp.o[K
[135/314] Compiling C++ object src/libcamera/libcamera.so.0.5.2.p/tracepoints.cpp.o[K
[135/314] Compiling C++ object src/ipa/libipa/libipa.a.p/algorithm.cpp.o[K
[136/314] Compiling C++ object src/libcamera/libcamera.so.0.5.2.p/sensor_camera_sensor_raw.cpp.o[K
[136/314] Compiling C++ object src/ipa/libipa/libipa.a.p/awb_bayes.cpp.o[K
[137/314] Compiling C++ object src/libcamera/libcamera.so.0.5.2.p/software_isp_debayer_cpu.cpp.o[K
[137/314] Compiling C++ object src/ipa/libipa/libipa.a.p/awb_grey.cpp.o[K
[138/314] Compiling C++ object src/libcamera/libcamera.so.0.5.2.p/device_enumerator_udev.cpp.o[K
[138/314] Compiling C++ object src/ipa/libipa/libipa.a.p/awb.cpp.o[K
[139/314] Compiling C++ object src/ipa/libipa/libipa.a.p/algorithm.cpp.o[K
[139/314] Compiling C++ object src/ipa/libipa/libipa.a.p/camera_sensor_helper.cpp.o[K
[140/314] Compiling C++ object src/libcamera/libcamera.so.0.5.2.p/software_isp_software_isp.cpp.o[K
[140/314] Linking target src/libcamera/libcamera.so.0.5.2[K
[141/314] Linking target src/libcamera/libcamera.so.0.5.2[K
[141/314] Compiling C++ object src/ipa/libipa/libipa.a.p/colours.cpp.o[K
[142/314] Compiling C++ object src/ipa/libipa/libipa.a.p/awb_grey.cpp.o[K
[142/314] Compiling C++ object src/ipa/libipa/libipa.a.p/exposure_mode_helper.cpp.o[K
[143/314] Compiling C++ object src/ipa/libipa/libipa.a.p/awb.cpp.o[K
[143/314] Compiling C++ object src/ipa/libipa/libipa.a.p/fc_queue.cpp.o[K
[144/314] Compiling C++ object src/ipa/libipa/libipa.a.p/agc_mean_luminance.cpp.o[K
[144/314] Compiling C++ object src/ipa/libipa/libipa.a.p/fixedpoint.cpp.o[K
[145/314] Compiling C++ object src/ipa/libipa/libipa.a.p/fixedpoint.cpp.o[K
[145/314] Compiling C++ object src/ipa/libipa/libipa.a.p/histogram.cpp.o[K
[146/314] Compiling C++ object src/ipa/libipa/libipa.a.p/colours.cpp.o[K
[146/314] Compiling C++ object src/ipa/libipa/libipa.a.p/interpolator.cpp.o[K
[147/314] Compiling C++ object src/ipa/libipa/libipa.a.p/awb_bayes.cpp.o[K
[147/314] Compiling C++ object src/ipa/libipa/libipa.a.p/lsc_polynomial.cpp.o[K
[148/314] Compiling C++ object src/ipa/libipa/libipa.a.p/fc_queue.cpp.o[K
[148/314] Compiling C++ object src/ipa/libipa/libipa.a.p/lux.cpp.o[K
[149/314] Compiling C++ object src/ipa/libipa/libipa.a.p/exposure_mode_helper.cpp.o[K
[149/314] Compiling C++ object src/ipa/libipa/libipa.a.p/module.cpp.o[K
[150/314] Compiling C++ object src/ipa/libipa/libipa.a.p/camera_sensor_helper.cpp.o[K
[150/314] Compiling C++ object src/ipa/libipa/libipa.a.p/pwl.cpp.o[K
[151/314] Compiling C++ object src/ipa/libipa/libipa.a.p/histogram.cpp.o[K
[151/314] Compiling C++ object src/ipa/rpi/cam_helper/librpi_ipa_cam_helper.a.p/cam_helper.cpp.o[K
[152/314] Compiling C++ object src/ipa/libipa/libipa.a.p/interpolator.cpp.o[K
[152/314] Compiling C++ object src/ipa/rpi/cam_helper/librpi_ipa_cam_helper.a.p/cam_helper_ov5647.cpp.o[K
[153/314] Compiling C++ object src/ipa/libipa/libipa.a.p/lsc_polynomial.cpp.o[K
[153/314] Compiling C++ object src/ipa/rpi/cam_helper/librpi_ipa_cam_helper.a.p/cam_helper_imx219.cpp.o[K
[154/314] Compiling C++ object src/ipa/libipa/libipa.a.p/lux.cpp.o[K
[154/314] Compiling C++ object src/ipa/rpi/cam_helper/librpi_ipa_cam_helper.a.p/cam_helper_imx283.cpp.o[K
[155/314] Compiling C++ object src/ipa/libipa/libipa.a.p/module.cpp.o[K
[155/314] Compiling C++ object src/ipa/rpi/cam_helper/librpi_ipa_cam_helper.a.p/cam_helper_imx290.cpp.o[K
[156/314] Compiling C++ object src/ipa/rpi/cam_helper/librpi_ipa_cam_helper.a.p/cam_helper_ov5647.cpp.o[K
[156/314] Compiling C++ object src/ipa/rpi/cam_helper/librpi_ipa_cam_helper.a.p/cam_helper_imx296.cpp.o[K
[157/314] Compiling C++ object src/ipa/libipa/libipa.a.p/pwl.cpp.o[K
[157/314] Compiling C++ object src/ipa/rpi/cam_helper/librpi_ipa_cam_helper.a.p/cam_helper_imx415.cpp.o[K
[158/314] Compiling C++ object src/ipa/rpi/cam_helper/librpi_ipa_cam_helper.a.p/cam_helper_imx219.cpp.o[K
[158/314] Compiling C++ object src/ipa/rpi/cam_helper/librpi_ipa_cam_helper.a.p/cam_helper_imx477.cpp.o[K
[159/314] Compiling C++ object src/ipa/rpi/cam_helper/librpi_ipa_cam_helper.a.p/cam_helper_imx283.cpp.o[K
[159/314] Compiling C++ object src/ipa/rpi/cam_helper/librpi_ipa_cam_helper.a.p/cam_helper_imx519.cpp.o[K
[160/314] Compiling C++ object src/ipa/rpi/cam_helper/librpi_ipa_cam_helper.a.p/cam_helper.cpp.o[K
[160/314] Compiling C++ object src/ipa/rpi/cam_helper/librpi_ipa_cam_helper.a.p/cam_helper_imx708.cpp.o[K
[161/314] Compiling C++ object src/ipa/rpi/cam_helper/librpi_ipa_cam_helper.a.p/cam_helper_imx290.cpp.o[K
[161/314] Compiling C++ object src/ipa/rpi/cam_helper/librpi_ipa_cam_helper.a.p/cam_helper_ov64a40.cpp.o[K
[162/314] Compiling C++ object src/ipa/rpi/cam_helper/librpi_ipa_cam_helper.a.p/cam_helper_imx296.cpp.o[K
[162/314] Compiling C++ object src/ipa/rpi/cam_helper/librpi_ipa_cam_helper.a.p/cam_helper_ov7251.cpp.o[K
[163/314] Compiling C++ object src/ipa/rpi/cam_helper/librpi_ipa_cam_helper.a.p/cam_helper_imx415.cpp.o[K
[163/314] Compiling C++ object src/ipa/rpi/cam_helper/librpi_ipa_cam_helper.a.p/cam_helper_ov9281.cpp.o[K
[164/314] Compiling C++ object src/ipa/rpi/cam_helper/librpi_ipa_cam_helper.a.p/cam_helper_imx477.cpp.o[K
[164/314] Compiling C++ object src/ipa/rpi/cam_helper/librpi_ipa_cam_helper.a.p/cam_helper_vd56g3.cpp.o[K
[165/314] Compiling C++ object src/ipa/rpi/cam_helper/librpi_ipa_cam_helper.a.p/cam_helper_ov64a40.cpp.o[K
[165/314] Compiling C++ object src/ipa/rpi/cam_helper/librpi_ipa_cam_helper.a.p/md_parser_smia.cpp.o[K
[166/314] Compiling C++ object src/ipa/rpi/cam_helper/librpi_ipa_cam_helper.a.p/cam_helper_imx519.cpp.o[K
[166/314] Compiling C++ object src/ipa/rpi/common/librpi_ipa_common.a.p/ipa_base.cpp.o[K
[167/314] Compiling C++ object src/ipa/rpi/cam_helper/librpi_ipa_cam_helper.a.p/cam_helper_ov7251.cpp.o[K
[167/314] Compiling C++ object src/ipa/rpi/controller/librpi_ipa_controller.a.p/algorithm.cpp.o[K
[168/314] Compiling C++ object src/ipa/rpi/cam_helper/librpi_ipa_cam_helper.a.p/cam_helper_imx708.cpp.o[K
[168/314] Compiling C++ object src/ipa/rpi/controller/librpi_ipa_controller.a.p/controller.cpp.o[K
[169/314] Compiling C++ object src/ipa/rpi/cam_helper/librpi_ipa_cam_helper.a.p/cam_helper_ov9281.cpp.o[K
[169/314] Compiling C++ object src/ipa/rpi/controller/librpi_ipa_controller.a.p/device_status.cpp.o[K
[170/314] Compiling C++ object src/ipa/rpi/cam_helper/librpi_ipa_cam_helper.a.p/md_parser_smia.cpp.o[K
[170/314] Compiling C++ object src/ipa/rpi/controller/librpi_ipa_controller.a.p/histogram.cpp.o[K
[171/314] Compiling C++ object src/ipa/rpi/cam_helper/librpi_ipa_cam_helper.a.p/cam_helper_vd56g3.cpp.o[K
[171/314] Compiling C++ object src/ipa/rpi/controller/librpi_ipa_controller.a.p/rpi_af.cpp.o[K
[172/314] Compiling C++ object src/ipa/rpi/controller/librpi_ipa_controller.a.p/histogram.cpp.o[K
[172/314] Compiling C++ object src/ipa/rpi/controller/librpi_ipa_controller.a.p/rpi_agc.cpp.o[K
[173/314] Compiling C++ object src/ipa/rpi/controller/librpi_ipa_controller.a.p/device_status.cpp.o[K
[173/314] Compiling C++ object src/ipa/rpi/controller/librpi_ipa_controller.a.p/rpi_agc_channel.cpp.o[K
[174/314] Compiling C++ object src/ipa/rpi/controller/librpi_ipa_controller.a.p/algorithm.cpp.o[K
[174/314] Compiling C++ object src/ipa/rpi/controller/librpi_ipa_controller.a.p/rpi_alsc.cpp.o[K
[175/314] Compiling C++ object src/ipa/rpi/controller/librpi_ipa_controller.a.p/controller.cpp.o[K
[175/314] Compiling C++ object src/ipa/rpi/controller/librpi_ipa_controller.a.p/rpi_awb.cpp.o[K
[176/314] Compiling C++ object src/ipa/rpi/controller/librpi_ipa_controller.a.p/rpi_af.cpp.o[K
[176/314] Compiling C++ object src/ipa/rpi/controller/librpi_ipa_controller.a.p/rpi_black_level.cpp.o[K
[177/314] Compiling C++ object src/ipa/rpi/controller/librpi_ipa_controller.a.p/rpi_agc.cpp.o[K
[177/314] Compiling C++ object src/ipa/rpi/controller/librpi_ipa_controller.a.p/rpi_cac.cpp.o[K
[178/314] Compiling C++ object src/ipa/rpi/controller/librpi_ipa_controller.a.p/rpi_alsc.cpp.o[K
[178/314] Compiling C++ object src/ipa/rpi/controller/librpi_ipa_controller.a.p/rpi_ccm.cpp.o[K
[179/314] Compiling C++ object src/ipa/rpi/controller/librpi_ipa_controller.a.p/rpi_black_level.cpp.o[K
[179/314] Compiling C++ object src/ipa/rpi/controller/librpi_ipa_controller.a.p/rpi_contrast.cpp.o[K
[180/314] Compiling C++ object src/ipa/rpi/controller/librpi_ipa_controller.a.p/rpi_agc_channel.cpp.o[K
[180/314] Compiling C++ object src/ipa/rpi/controller/librpi_ipa_controller.a.p/rpi_denoise.cpp.o[K
[181/314] Compiling C++ object src/ipa/rpi/controller/librpi_ipa_controller.a.p/rpi_awb.cpp.o[K
[181/314] Compiling C++ object src/ipa/rpi/controller/librpi_ipa_controller.a.p/rpi_dpc.cpp.o[K
[182/314] Compiling C++ object src/ipa/rpi/controller/librpi_ipa_controller.a.p/rpi_cac.cpp.o[K
[182/314] Compiling C++ object src/ipa/rpi/controller/librpi_ipa_controller.a.p/rpi_geq.cpp.o[K
[183/314] Compiling C++ object src/ipa/rpi/controller/librpi_ipa_controller.a.p/rpi_contrast.cpp.o[K
[183/314] Compiling C++ object src/ipa/rpi/controller/librpi_ipa_controller.a.p/rpi_hdr.cpp.o[K
[184/314] Compiling C++ object src/ipa/rpi/controller/librpi_ipa_controller.a.p/rpi_dpc.cpp.o[K
[184/314] Compiling C++ object src/ipa/rpi/controller/librpi_ipa_controller.a.p/rpi_lux.cpp.o[K
[185/314] Compiling C++ object src/ipa/rpi/controller/librpi_ipa_controller.a.p/rpi_ccm.cpp.o[K
[185/314] Compiling C++ object src/ipa/rpi/controller/librpi_ipa_controller.a.p/rpi_noise.cpp.o[K
[186/314] Compiling C++ object src/ipa/rpi/controller/librpi_ipa_controller.a.p/rpi_geq.cpp.o[K
[186/314] Compiling C++ object src/ipa/rpi/controller/librpi_ipa_controller.a.p/rpi_saturation.cpp.o[K
[187/314] Compiling C++ object src/ipa/rpi/controller/librpi_ipa_controller.a.p/rpi_denoise.cpp.o[K
[187/314] Compiling C++ object src/ipa/rpi/controller/librpi_ipa_controller.a.p/rpi_sdn.cpp.o[K
[188/314] Compiling C++ object src/ipa/rpi/common/librpi_ipa_common.a.p/ipa_base.cpp.o[K
[188/314] Compiling C++ object src/ipa/rpi/controller/librpi_ipa_controller.a.p/rpi_sharpen.cpp.o[K
[189/314] Compiling C++ object src/ipa/rpi/controller/librpi_ipa_controller.a.p/rpi_saturation.cpp.o[K
[189/314] Compiling C++ object src/ipa/rpi/controller/librpi_ipa_controller.a.p/rpi_tonemap.cpp.o[K
[190/314] Compiling C++ object src/ipa/rpi/controller/librpi_ipa_controller.a.p/rpi_lux.cpp.o[K
[190/314] Generating symbol file src/libcamera/libcamera.so.0.5.2.p/libcamera.so.0.5.2.symbols[K
[191/314] Compiling C++ object src/ipa/rpi/controller/librpi_ipa_controller.a.p/rpi_noise.cpp.o[K
[191/314] Generating src/libcamera/proxy/worker/mali-c55_proxy_worker with a custom command (wrapped by meson to set env)[K
[192/314] Compiling C++ object src/ipa/rpi/controller/librpi_ipa_controller.a.p/rpi_sdn.cpp.o[K
[192/314] Generating src/libcamera/proxy/worker/rkisp1_proxy_worker with a custom command (wrapped by meson to set env)[K
[193/314] Generating symbol file src/libcamera/libcamera.so.0.5.2.p/libcamera.so.0.5.2.symbols[K
[193/314] Generating src/libcamera/proxy/worker/raspberrypi_proxy_worker with a custom command (wrapped by meson to set env)[K
[194/314] Compiling C++ object src/ipa/rpi/controller/librpi_ipa_controller.a.p/rpi_sharpen.cpp.o[K
[194/314] Generating src/libcamera/proxy/worker/soft_proxy_worker with a custom command (wrapped by meson to set env)[K
[195/314] Generating src/libcamera/proxy/worker/rkisp1_proxy_worker with a custom command (wrapped by meson to set env)[K
[195/314] Linking static target src/ipa/libipa/libipa.a[K
[196/314] Linking static target src/ipa/libipa/libipa.a[K
[196/314] Compiling C++ object src/ipa/mali-c55/ipa_mali_c55.so.p/ipa_context.cpp.o[K
[197/314] Generating src/libcamera/proxy/worker/mali-c55_proxy_worker with a custom command (wrapped by meson to set env)[K
[197/314] Compiling C++ object src/ipa/mali-c55/ipa_mali_c55.so.p/mali-c55.cpp.o[K
[198/314] Generating src/libcamera/proxy/worker/raspberrypi_proxy_worker with a custom command (wrapped by meson to set env)[K
[198/314] Compiling C++ object src/ipa/mali-c55/ipa_mali_c55.so.p/algorithms_agc.cpp.o[K
[199/314] Generating src/libcamera/proxy/worker/soft_proxy_worker with a custom command (wrapped by meson to set env)[K
[199/314] Compiling C++ object src/ipa/mali-c55/ipa_mali_c55.so.p/algorithms_awb.cpp.o[K
[200/314] Compiling C++ object src/ipa/mali-c55/ipa_mali_c55.so.p/ipa_context.cpp.o[K
[200/314] Compiling C++ object src/ipa/mali-c55/ipa_mali_c55.so.p/algorithms_blc.cpp.o[K
[201/314] Compiling C++ object src/ipa/rpi/controller/librpi_ipa_controller.a.p/rpi_tonemap.cpp.o[K
[201/314] Compiling C++ object src/ipa/mali-c55/ipa_mali_c55.so.p/algorithms_lsc.cpp.o[K
[202/314] Compiling C++ object src/ipa/rpi/controller/librpi_ipa_controller.a.p/rpi_hdr.cpp.o[K
[202/314] Compiling C++ object src/ipa/rkisp1/ipa_rkisp1.so.p/ipa_context.cpp.o[K
[203/314] Compiling C++ object src/ipa/mali-c55/ipa_mali_c55.so.p/algorithms_awb.cpp.o[K
[203/314] Compiling C++ object src/ipa/rkisp1/ipa_rkisp1.so.p/params.cpp.o[K
[204/314] Compiling C++ object src/ipa/mali-c55/ipa_mali_c55.so.p/algorithms_blc.cpp.o[K
[204/314] Compiling C++ object src/ipa/rkisp1/ipa_rkisp1.so.p/rkisp1.cpp.o[K
[205/314] Compiling C++ object src/ipa/mali-c55/ipa_mali_c55.so.p/algorithms_agc.cpp.o[K
[205/314] Compiling C++ object src/ipa/rkisp1/ipa_rkisp1.so.p/algorithms_agc.cpp.o[K
[206/314] Compiling C++ object src/ipa/mali-c55/ipa_mali_c55.so.p/algorithms_lsc.cpp.o[K
[206/314] Compiling C++ object src/ipa/rkisp1/ipa_rkisp1.so.p/algorithms_awb.cpp.o[K
[207/314] Compiling C++ object src/ipa/mali-c55/ipa_mali_c55.so.p/mali-c55.cpp.o[K
[207/314] Compiling C++ object src/ipa/rkisp1/ipa_rkisp1.so.p/algorithms_blc.cpp.o[K
[208/314] Compiling C++ object src/ipa/rkisp1/ipa_rkisp1.so.p/ipa_context.cpp.o[K
[208/314] Compiling C++ object src/ipa/rkisp1/ipa_rkisp1.so.p/algorithms_ccm.cpp.o[K
[209/314] Compiling C++ object src/ipa/rkisp1/ipa_rkisp1.so.p/params.cpp.o[K
[209/314] Compiling C++ object src/ipa/rkisp1/ipa_rkisp1.so.p/algorithms_cproc.cpp.o[K
[210/314] Compiling C++ object src/ipa/rkisp1/ipa_rkisp1.so.p/algorithms_blc.cpp.o[K
[210/314] Compiling C++ object src/ipa/rkisp1/ipa_rkisp1.so.p/algorithms_dpcc.cpp.o[K
[211/314] Compiling C++ object src/ipa/rkisp1/ipa_rkisp1.so.p/algorithms_cproc.cpp.o[K
[211/314] Compiling C++ object src/ipa/rkisp1/ipa_rkisp1.so.p/algorithms_dpf.cpp.o[K
[212/314] Compiling C++ object src/ipa/rkisp1/ipa_rkisp1.so.p/algorithms_awb.cpp.o[K
[212/314] Compiling C++ object src/ipa/rkisp1/ipa_rkisp1.so.p/algorithms_filter.cpp.o[K
[213/314] Compiling C++ object src/ipa/rkisp1/ipa_rkisp1.so.p/algorithms_agc.cpp.o[K
[213/314] Compiling C++ object src/ipa/rkisp1/ipa_rkisp1.so.p/algorithms_goc.cpp.o[K
[214/314] Compiling C++ object src/ipa/rkisp1/ipa_rkisp1.so.p/algorithms_ccm.cpp.o[K
[214/314] Compiling C++ object src/ipa/rkisp1/ipa_rkisp1.so.p/algorithms_gsl.cpp.o[K
[215/314] Compiling C++ object src/ipa/rkisp1/ipa_rkisp1.so.p/rkisp1.cpp.o[K
[215/314] Compiling C++ object src/ipa/rkisp1/ipa_rkisp1.so.p/algorithms_lsc.cpp.o[K
[216/314] Compiling C++ object src/ipa/rkisp1/ipa_rkisp1.so.p/algorithms_dpcc.cpp.o[K
[216/314] Compiling C++ object src/ipa/rkisp1/ipa_rkisp1.so.p/algorithms_lux.cpp.o[K
[217/314] Compiling C++ object src/ipa/rkisp1/ipa_rkisp1.so.p/algorithms_dpf.cpp.o[K
[217/314] Linking static target src/ipa/rpi/cam_helper/librpi_ipa_cam_helper.a[K
[218/314] Linking static target src/ipa/rpi/cam_helper/librpi_ipa_cam_helper.a[K
[218/314] Linking static target src/ipa/rpi/common/librpi_ipa_common.a[K
[219/314] Linking static target src/ipa/rpi/common/librpi_ipa_common.a[K
[219/314] Linking static target src/ipa/rpi/controller/librpi_ipa_controller.a[K
[220/314] Linking static target src/ipa/rpi/controller/librpi_ipa_controller.a[K
[220/314] Compiling C++ object src/ipa/rpi/pisp/ipa_rpi_pisp.so.p/pisp.cpp.o[K
[221/314] Compiling C++ object src/ipa/rkisp1/ipa_rkisp1.so.p/algorithms_filter.cpp.o[K
[221/314] Compiling C++ object src/ipa/rpi/vc4/ipa_rpi_vc4.so.p/vc4.cpp.o[K
[222/314] Compiling C++ object src/ipa/rkisp1/ipa_rkisp1.so.p/algorithms_gsl.cpp.o[K
[222/314] Compiling C++ object src/ipa/simple/ipa_soft_simple.so.p/ipa_context.cpp.o[K
[223/314] Compiling C++ object src/ipa/rkisp1/ipa_rkisp1.so.p/algorithms_goc.cpp.o[K
[223/314] Compiling C++ object src/ipa/simple/ipa_soft_simple.so.p/soft_simple.cpp.o[K
[224/314] Compiling C++ object src/ipa/rkisp1/ipa_rkisp1.so.p/algorithms_lux.cpp.o[K
[224/314] Compiling C++ object src/ipa/simple/ipa_soft_simple.so.p/algorithms_awb.cpp.o[K
[225/314] Compiling C++ object src/ipa/simple/ipa_soft_simple.so.p/ipa_context.cpp.o[K
[225/314] Compiling C++ object src/ipa/simple/ipa_soft_simple.so.p/algorithms_agc.cpp.o[K
[226/314] Compiling C++ object src/ipa/rkisp1/ipa_rkisp1.so.p/algorithms_lsc.cpp.o[K
[226/314] Compiling C++ object src/ipa/simple/ipa_soft_simple.so.p/algorithms_blc.cpp.o[K
[227/314] Compiling C++ object src/ipa/simple/ipa_soft_simple.so.p/algorithms_awb.cpp.o[K
[227/314] Compiling C++ object src/ipa/simple/ipa_soft_simple.so.p/algorithms_ccm.cpp.o[K
[228/314] Compiling C++ object src/ipa/rpi/pisp/ipa_rpi_pisp.so.p/pisp.cpp.o[K
[228/314] Compiling C++ object src/ipa/simple/ipa_soft_simple.so.p/algorithms_lut.cpp.o[K
[229/314] Compiling C++ object src/ipa/simple/ipa_soft_simple.so.p/soft_simple.cpp.o[K
[229/314] Compiling C++ object src/apps/common/libapps.a.p/image.cpp.o[K
[230/314] Compiling C++ object src/ipa/rpi/vc4/ipa_rpi_vc4.so.p/vc4.cpp.o[K
[230/314] Compiling C++ object src/apps/common/libapps.a.p/options.cpp.o[K
[231/314] Compiling C++ object src/ipa/simple/ipa_soft_simple.so.p/algorithms_agc.cpp.o[K
[231/314] Compiling C++ object src/apps/common/libapps.a.p/ppm_writer.cpp.o[K
[232/314] Compiling C++ object src/ipa/simple/ipa_soft_simple.so.p/algorithms_blc.cpp.o[K
[232/314] Compiling C++ object src/apps/common/libapps.a.p/stream_options.cpp.o[K
[233/314] Compiling C++ object src/apps/common/libapps.a.p/image.cpp.o[K
[233/314] Compiling C++ object src/apps/common/libapps.a.p/event_loop.cpp.o[K
[234/314] Compiling C++ object src/apps/common/libapps.a.p/ppm_writer.cpp.o[K
[234/314] Compiling C++ object src/apps/common/libapps.a.p/dng_writer.cpp.o[K
[235/314] Compiling C++ object src/ipa/simple/ipa_soft_simple.so.p/algorithms_ccm.cpp.o[K
[235/314] Generating src/gstreamer/gstlibcamera-controls.cpp with a custom command (wrapped by meson to set env)[K
[236/314] Compiling C++ object src/ipa/simple/ipa_soft_simple.so.p/algorithms_lut.cpp.o[K
[236/314] Generating src/py/libcamera/py_gen_controls with a custom command (wrapped by meson to set env)[K
[237/314] Generating src/gstreamer/gstlibcamera-controls.cpp with a custom command (wrapped by meson to set env)[K
[237/314] Generating src/py/libcamera/py_gen_properties with a custom command (wrapped by meson to set env)[K
[238/314] Generating src/py/libcamera/py_gen_controls with a custom command (wrapped by meson to set env)[K
[238/314] Generating src/py/libcamera/py_gen_formats with a custom command[K
[239/314] Generating src/py/libcamera/py_gen_properties with a custom command (wrapped by meson to set env)[K
[239/314] Compiling C object utils/ipu3/ipu3-pack.p/ipu3-pack.c.o[K
[240/314] Generating src/py/libcamera/py_gen_formats with a custom command[K
[240/314] Compiling C object utils/ipu3/ipu3-unpack.p/ipu3-unpack.c.o[K
[241/314] Compiling C object utils/ipu3/ipu3-pack.p/ipu3-pack.c.o[K
[241/314] Compiling C++ object src/libcamera/proxy/worker/mali-c55_ipa_proxy.p/meson-generated_.._mali-c55_ipa_proxy_worker.cpp.o[K
[242/314] Compiling C++ object src/apps/common/libapps.a.p/stream_options.cpp.o[K
[242/314] Compiling C++ object src/libcamera/proxy/worker/rkisp1_ipa_proxy.p/meson-generated_.._rkisp1_ipa_proxy_worker.cpp.o[K
[243/314] Compiling C object utils/ipu3/ipu3-unpack.p/ipu3-unpack.c.o[K
[243/314] Compiling C++ object src/libcamera/proxy/worker/raspberrypi_ipa_proxy.p/meson-generated_.._raspberrypi_ipa_proxy_worker.cpp.o[K
[244/314] Compiling C++ object src/apps/common/libapps.a.p/event_loop.cpp.o[K
[244/314] Compiling C++ object src/libcamera/proxy/worker/soft_ipa_proxy.p/meson-generated_.._soft_ipa_proxy_worker.cpp.o[K
[245/314] Compiling C++ object src/apps/common/libapps.a.p/dng_writer.cpp.o[K
[245/314] Linking target src/ipa/mali-c55/ipa_mali_c55.so[K
[246/314] Linking target src/ipa/mali-c55/ipa_mali_c55.so[K
[246/314] Linking target src/ipa/rkisp1/ipa_rkisp1.so[K
[247/314] Linking target src/ipa/rkisp1/ipa_rkisp1.so[K
[247/314] Linking target src/ipa/rpi/pisp/ipa_rpi_pisp.so[K
[248/314] Linking target src/ipa/rpi/pisp/ipa_rpi_pisp.so[K
[248/314] Linking target src/ipa/rpi/vc4/ipa_rpi_vc4.so[K
[249/314] Linking target src/ipa/rpi/vc4/ipa_rpi_vc4.so[K
[249/314] Linking target src/ipa/simple/ipa_soft_simple.so[K
[250/314] Linking target src/ipa/simple/ipa_soft_simple.so[K
[250/314] Compiling C++ object src/apps/lc-compliance/lc-compliance.p/environment.cpp.o[K
[251/314] Compiling C++ object src/apps/common/libapps.a.p/options.cpp.o[K
[251/314] Linking static target src/apps/common/libapps.a[K
[252/314] Linking static target src/apps/common/libapps.a[K
[252/314] Compiling C++ object src/apps/lc-compliance/lc-compliance.p/helpers_capture.cpp.o[K
[253/314] Compiling C++ object src/apps/lc-compliance/lc-compliance.p/environment.cpp.o[K
[253/314] Compiling C++ object src/apps/lc-compliance/lc-compliance.p/main.cpp.o[K
[254/314] Compiling C++ object src/libcamera/proxy/worker/soft_ipa_proxy.p/meson-generated_.._soft_ipa_proxy_worker.cpp.o[K
[254/314] Compiling C++ object src/apps/lc-compliance/lc-compliance.p/test_base.cpp.o[K
[255/314] Compiling C++ object src/libcamera/proxy/worker/rkisp1_ipa_proxy.p/meson-generated_.._rkisp1_ipa_proxy_worker.cpp.o[K
[255/314] Compiling C++ object src/apps/lc-compliance/lc-compliance.p/tests_capture_test.cpp.o[K
[256/314] Compiling C++ object src/libcamera/proxy/worker/mali-c55_ipa_proxy.p/meson-generated_.._mali-c55_ipa_proxy_worker.cpp.o[K
[256/314] Compiling C++ object src/apps/cam/cam.p/camera_session.cpp.o[K
[257/314] Compiling C++ object src/libcamera/proxy/worker/raspberrypi_ipa_proxy.p/meson-generated_.._raspberrypi_ipa_proxy_worker.cpp.o[K
[257/314] Compiling C++ object src/apps/cam/cam.p/capture_script.cpp.o[K
[258/314] Compiling C++ object src/apps/lc-compliance/lc-compliance.p/helpers_capture.cpp.o[K
[258/314] Compiling C++ object src/apps/cam/cam.p/file_sink.cpp.o[K
[259/314] Compiling C++ object src/apps/lc-compliance/lc-compliance.p/main.cpp.o[K
[259/314] Compiling C++ object src/apps/cam/cam.p/frame_sink.cpp.o[K
[260/314] Compiling C++ object src/apps/cam/cam.p/frame_sink.cpp.o[K
[260/314] Compiling C++ object src/apps/cam/cam.p/main.cpp.o[K
[261/314] Compiling C++ object src/apps/lc-compliance/lc-compliance.p/test_base.cpp.o[K
[261/314] Compiling C++ object src/apps/cam/cam.p/drm.cpp.o[K
[262/314] Compiling C++ object src/apps/cam/cam.p/file_sink.cpp.o[K
[262/314] Compiling C++ object src/apps/cam/cam.p/kms_sink.cpp.o[K
[263/314] Compiling C++ object src/apps/cam/cam.p/main.cpp.o[K
[263/314] Compiling C++ object src/apps/cam/cam.p/sdl_sink.cpp.o[K
[264/314] Compiling C++ object src/apps/cam/cam.p/capture_script.cpp.o[K
[264/314] Compiling C++ object src/apps/cam/cam.p/sdl_texture.cpp.o[K
[265/314] Compiling C++ object src/apps/lc-compliance/lc-compliance.p/tests_capture_test.cpp.o[K
[265/314] Compiling C++ object src/apps/cam/cam.p/sdl_texture_1plane.cpp.o[K
[266/314] Compiling C++ object src/apps/cam/cam.p/camera_session.cpp.o[K
[266/314] Compiling C++ object src/apps/cam/cam.p/sdl_texture_yuv.cpp.o[K
[267/314] Compiling C++ object src/apps/cam/cam.p/drm.cpp.o[K
[267/314] Compiling C++ object src/apps/cam/cam.p/sdl_texture_mjpg.cpp.o[K
[268/314] Compiling C++ object src/apps/cam/cam.p/kms_sink.cpp.o[K
[268/314] Compiling C++ object src/apps/ipa-verify/ipa_verify.p/main.cpp.o[K
[269/314] Compiling C++ object src/apps/cam/cam.p/sdl_texture.cpp.o[K
[269/314] Compiling C++ object src/gstreamer/libgstlibcamera.so.p/meson-generated_.._gstlibcamera-controls.cpp.o[K
[270/314] Compiling C++ object src/apps/cam/cam.p/sdl_texture_1plane.cpp.o[K
[270/314] Compiling C++ object src/gstreamer/libgstlibcamera.so.p/gstlibcamera-utils.cpp.o[K
[271/314] Compiling C++ object src/apps/cam/cam.p/sdl_texture_mjpg.cpp.o[K
[271/314] Compiling C++ object src/gstreamer/libgstlibcamera.so.p/gstlibcamera.cpp.o[K
[272/314] Compiling C++ object src/apps/ipa-verify/ipa_verify.p/main.cpp.o[K
[272/314] Compiling C++ object src/gstreamer/libgstlibcamera.so.p/gstlibcameraallocator.cpp.o[K
[273/314] Compiling C++ object src/apps/cam/cam.p/sdl_sink.cpp.o[K
[273/314] Compiling C++ object src/gstreamer/libgstlibcamera.so.p/gstlibcamerapad.cpp.o[K
[274/314] Compiling C++ object src/apps/cam/cam.p/sdl_texture_yuv.cpp.o[K
[274/314] Compiling C++ object src/gstreamer/libgstlibcamera.so.p/gstlibcamerapool.cpp.o[K
[275/314] Compiling C++ object src/gstreamer/libgstlibcamera.so.p/gstlibcamera.cpp.o[K
[275/314] Compiling C++ object src/gstreamer/libgstlibcamera.so.p/gstlibcameraprovider.cpp.o[K
[276/314] Compiling C++ object src/gstreamer/libgstlibcamera.so.p/meson-generated_.._gstlibcamera-controls.cpp.o[K
[276/314] Compiling C++ object src/gstreamer/libgstlibcamera.so.p/gstlibcamerasrc.cpp.o[K
[277/314] Compiling C++ object src/gstreamer/libgstlibcamera.so.p/gstlibcamerapad.cpp.o[K
[277/314] Compiling C++ object src/py/libcamera/_libcamera.cpython-310-aarch64-linux-gnu.so.p/meson-generated_.._py_controls_generated.cpp.o[K
[278/314] Compiling C++ object src/gstreamer/libgstlibcamera.so.p/gstlibcamera-utils.cpp.o[K
[278/314] Compiling C++ object src/py/libcamera/_libcamera.cpython-310-aarch64-linux-gnu.so.p/meson-generated_.._py_properties_generated.cpp.o[K
[279/314] Compiling C++ object src/gstreamer/libgstlibcamera.so.p/gstlibcamerapool.cpp.o[K
[279/314] Compiling C++ object src/py/libcamera/_libcamera.cpython-310-aarch64-linux-gnu.so.p/meson-generated_.._py_formats_generated.cpp.o[K
[280/314] Compiling C++ object src/gstreamer/libgstlibcamera.so.p/gstlibcameraprovider.cpp.o[K
[280/314] Compiling C++ object src/py/libcamera/_libcamera.cpython-310-aarch64-linux-gnu.so.p/py_camera_manager.cpp.o[K
[281/314] Compiling C++ object src/gstreamer/libgstlibcamera.so.p/gstlibcameraallocator.cpp.o[K
[281/314] Compiling C++ object src/py/libcamera/_libcamera.cpython-310-aarch64-linux-gnu.so.p/py_color_space.cpp.o[K
[282/314] Compiling C++ object src/gstreamer/libgstlibcamera.so.p/gstlibcamerasrc.cpp.o[K
[282/314] Compiling C++ object src/py/libcamera/_libcamera.cpython-310-aarch64-linux-gnu.so.p/py_enums.cpp.o[K
[283/314] Compiling C++ object src/py/libcamera/_libcamera.cpython-310-aarch64-linux-gnu.so.p/meson-generated_.._py_formats_generated.cpp.o[K
[283/314] Compiling C++ object src/py/libcamera/_libcamera.cpython-310-aarch64-linux-gnu.so.p/py_geometry.cpp.o[K
[284/314] Compiling C++ object src/py/libcamera/_libcamera.cpython-310-aarch64-linux-gnu.so.p/py_camera_manager.cpp.o[K
[284/314] Compiling C++ object src/py/libcamera/_libcamera.cpython-310-aarch64-linux-gnu.so.p/py_helpers.cpp.o[K
[285/314] Compiling C++ object src/py/libcamera/_libcamera.cpython-310-aarch64-linux-gnu.so.p/meson-generated_.._py_properties_generated.cpp.o[K
[285/314] Compiling C++ object src/py/libcamera/_libcamera.cpython-310-aarch64-linux-gnu.so.p/py_main.cpp.o[K
[286/314] Compiling C++ object src/py/libcamera/_libcamera.cpython-310-aarch64-linux-gnu.so.p/py_color_space.cpp.o[K
[286/314] Compiling C++ object src/py/libcamera/_libcamera.cpython-310-aarch64-linux-gnu.so.p/py_transform.cpp.o[K
[287/314] Compiling C++ object src/py/libcamera/_libcamera.cpython-310-aarch64-linux-gnu.so.p/py_enums.cpp.o[K
[287/314] Compiling C++ object src/v4l2/v4l2-compat.so.p/v4l2_camera.cpp.o[K
[288/314] Compiling C++ object src/v4l2/v4l2-compat.so.p/v4l2_camera.cpp.o[K
[288/314] Compiling C++ object src/v4l2/v4l2-compat.so.p/v4l2_camera_file.cpp.o[K
[289/314] Compiling C++ object src/v4l2/v4l2-compat.so.p/v4l2_camera_file.cpp.o[K
[289/314] Compiling C++ object src/v4l2/v4l2-compat.so.p/v4l2_camera_proxy.cpp.o[K
[290/314] Compiling C++ object src/py/libcamera/_libcamera.cpython-310-aarch64-linux-gnu.so.p/py_helpers.cpp.o[K
[290/314] Compiling C++ object src/v4l2/v4l2-compat.so.p/v4l2_compat.cpp.o[K
[291/314] Compiling C++ object src/v4l2/v4l2-compat.so.p/v4l2_compat.cpp.o[K
[291/314] Compiling C++ object src/v4l2/v4l2-compat.so.p/v4l2_compat_manager.cpp.o[K
[292/314] Compiling C++ object src/v4l2/v4l2-compat.so.p/v4l2_camera_proxy.cpp.o[K
[292/314] Linking target utils/ipu3/ipu3-pack[K
[293/314] Linking target utils/ipu3/ipu3-pack[K
[293/314] Linking target utils/ipu3/ipu3-unpack[K
[294/314] Compiling C++ object src/py/libcamera/_libcamera.cpython-310-aarch64-linux-gnu.so.p/meson-generated_.._py_controls_generated.cpp.o[K
[294/314] Linking target src/libcamera/proxy/worker/mali-c55_ipa_proxy[K
[295/314] Linking target utils/ipu3/ipu3-unpack[K
[295/314] Linking target src/libcamera/proxy/worker/rkisp1_ipa_proxy[K
[296/314] Linking target src/libcamera/proxy/worker/mali-c55_ipa_proxy[K
[296/314] Linking target src/libcamera/proxy/worker/raspberrypi_ipa_proxy[K
[297/314] Linking target src/libcamera/proxy/worker/rkisp1_ipa_proxy[K
[297/314] Linking target src/libcamera/proxy/worker/soft_ipa_proxy[K
[298/314] Linking target src/libcamera/proxy/worker/raspberrypi_ipa_proxy[K
[298/314] Generating src/ipa/mali-c55/ipa_mali_c55.so.sign with a custom command[K
[299/314] Linking target src/libcamera/proxy/worker/soft_ipa_proxy[K
[299/314] Generating src/ipa/rkisp1/ipa_rkisp1.so.sign with a custom command[K
[300/314] Generating src/ipa/mali-c55/ipa_mali_c55.so.sign with a custom command[K
[300/314] Generating src/ipa/rpi/pisp/ipa_rpi_pisp.so.sign with a custom command[K
[301/314] Generating src/ipa/rkisp1/ipa_rkisp1.so.sign with a custom command[K
[301/314] Generating src/ipa/rpi/vc4/ipa_rpi_vc4.so.sign with a custom command[K
[302/314] Generating src/ipa/rpi/vc4/ipa_rpi_vc4.so.sign with a custom command[K
[302/314] Generating src/ipa/simple/ipa_soft_simple.so.sign with a custom command[K
[303/314] Generating src/ipa/rpi/pisp/ipa_rpi_pisp.so.sign with a custom command[K
[303/314] Linking target src/apps/lc-compliance/lc-compliance[K
[304/314] Generating src/ipa/simple/ipa_soft_simple.so.sign with a custom command[K
[304/314] Linking target src/apps/cam/cam[K
[305/314] Linking target src/apps/lc-compliance/lc-compliance[K
[305/314] Linking target src/apps/ipa-verify/ipa_verify[K
[306/314] Linking target src/apps/cam/cam[K
[306/314] Linking target src/gstreamer/libgstlibcamera.so[K
[307/314] Linking target src/apps/ipa-verify/ipa_verify[K
[308/314] Linking target src/gstreamer/libgstlibcamera.so[K
[309/314] Compiling C++ object src/py/libcamera/_libcamera.cpython-310-aarch64-linux-gnu.so.p/py_geometry.cpp.o[K
[310/314] Compiling C++ object src/v4l2/v4l2-compat.so.p/v4l2_compat_manager.cpp.o[K
[310/314] Linking target src/v4l2/v4l2-compat.so[K
[311/314] Linking target src/v4l2/v4l2-compat.so[K
[312/314] Compiling C++ object src/py/libcamera/_libcamera.cpython-310-aarch64-linux-gnu.so.p/py_transform.cpp.o[K
[313/314] Compiling C++ object src/py/libcamera/_libcamera.cpython-310-aarch64-linux-gnu.so.p/py_main.cpp.o[K
[313/314] Linking target src/py/libcamera/_libcamera.cpython-310-aarch64-linux-gnu.so[K
[314/314] Linking target src/py/libcamera/_libcamera.cpython-310-aarch64-linux-gnu.so[K
ninja: Entering directory `/home/robosync/Robot/camera_ws/build/libcamera'

[0/24] Generating src/libcamera/version.cpp with a custom command[K
[1/24] Generating src/libcamera/version.cpp with a custom command[K
Installing include/libcamera/ipa/core_ipa_interface.h to /home/robosync/Robot/camera_ws/install/libcamera/include/libcamera/libcamera/ipa
Installing include/libcamera/ipa/mali-c55_ipa_interface.h to /home/robosync/Robot/camera_ws/install/libcamera/include/libcamera/libcamera/ipa
Installing include/libcamera/ipa/rkisp1_ipa_interface.h to /home/robosync/Robot/camera_ws/install/libcamera/include/libcamera/libcamera/ipa
Installing include/libcamera/ipa/raspberrypi_ipa_interface.h to /home/robosync/Robot/camera_ws/install/libcamera/include/libcamera/libcamera/ipa
Installing include/libcamera/ipa/soft_ipa_interface.h to /home/robosync/Robot/camera_ws/install/libcamera/include/libcamera/libcamera/ipa
Installing include/libcamera/control_ids.h to /home/robosync/Robot/camera_ws/install/libcamera/include/libcamera/libcamera
Installing include/libcamera/property_ids.h to /home/robosync/Robot/camera_ws/install/libcamera/include/libcamera/libcamera
Installing include/libcamera/formats.h to /home/robosync/Robot/camera_ws/install/libcamera/include/libcamera/libcamera
Installing include/libcamera/libcamera.h to /home/robosync/Robot/camera_ws/install/libcamera/include/libcamera/libcamera
Installing src/libcamera/base/libcamera-base.so.0.5.2 to /home/robosync/Robot/camera_ws/install/libcamera/lib
Installing src/libcamera/libcamera.so.0.5.2 to /home/robosync/Robot/camera_ws/install/libcamera/lib
Installing src/libcamera/proxy/worker/mali-c55_ipa_proxy to /home/robosync/Robot/camera_ws/install/libcamera/libexec/libcamera
Installing src/libcamera/proxy/worker/rkisp1_ipa_proxy to /home/robosync/Robot/camera_ws/install/libcamera/libexec/libcamera
Installing src/libcamera/proxy/worker/raspberrypi_ipa_proxy to /home/robosync/Robot/camera_ws/install/libcamera/libexec/libcamera
Installing src/libcamera/proxy/worker/soft_ipa_proxy to /home/robosync/Robot/camera_ws/install/libcamera/libexec/libcamera
Installing src/ipa/mali-c55/ipa_mali_c55.so to /home/robosync/Robot/camera_ws/install/libcamera/lib/libcamera/ipa
Installing src/ipa/rkisp1/ipa_rkisp1.so to /home/robosync/Robot/camera_ws/install/libcamera/lib/libcamera/ipa
Installing src/ipa/rpi/pisp/ipa_rpi_pisp.so to /home/robosync/Robot/camera_ws/install/libcamera/lib/libcamera/ipa
Installing src/ipa/rpi/vc4/ipa_rpi_vc4.so to /home/robosync/Robot/camera_ws/install/libcamera/lib/libcamera/ipa
Installing src/ipa/simple/ipa_soft_simple.so to /home/robosync/Robot/camera_ws/install/libcamera/lib/libcamera/ipa
Installing src/apps/lc-compliance/lc-compliance to /home/robosync/Robot/camera_ws/install/libcamera/bin
Installing src/apps/cam/cam to /home/robosync/Robot/camera_ws/install/libcamera/bin
Installing src/gstreamer/libgstlibcamera.so to /home/robosync/Robot/camera_ws/install/libcamera/lib/gstreamer-1.0
Installing src/py/libcamera/_libcamera.cpython-310-aarch64-linux-gnu.so to /home/robosync/Robot/camera_ws/install/libcamera/lib/python3/dist-packages/libcamera
Installing src/v4l2/v4l2-compat.so to /home/robosync/Robot/camera_ws/install/libcamera/libexec/libcamera
Installing /home/robosync/Robot/camera_ws/src/libcamera/include/libcamera/base/bound_method.h to /home/robosync/Robot/camera_ws/install/libcamera/include/libcamera/libcamera/base
Installing /home/robosync/Robot/camera_ws/src/libcamera/include/libcamera/base/class.h to /home/robosync/Robot/camera_ws/install/libcamera/include/libcamera/libcamera/base
Installing /home/robosync/Robot/camera_ws/src/libcamera/include/libcamera/base/flags.h to /home/robosync/Robot/camera_ws/install/libcamera/include/libcamera/libcamera/base
Installing /home/robosync/Robot/camera_ws/src/libcamera/include/libcamera/base/object.h to /home/robosync/Robot/camera_ws/install/libcamera/include/libcamera/libcamera/base
Installing /home/robosync/Robot/camera_ws/src/libcamera/include/libcamera/base/shared_fd.h to /home/robosync/Robot/camera_ws/install/libcamera/include/libcamera/libcamera/base
Installing /home/robosync/Robot/camera_ws/src/libcamera/include/libcamera/base/signal.h to /home/robosync/Robot/camera_ws/install/libcamera/include/libcamera/libcamera/base
Installing /home/robosync/Robot/camera_ws/src/libcamera/include/libcamera/base/span.h to /home/robosync/Robot/camera_ws/install/libcamera/include/libcamera/libcamera/base
Installing /home/robosync/Robot/camera_ws/src/libcamera/include/libcamera/base/unique_fd.h to /home/robosync/Robot/camera_ws/install/libcamera/include/libcamera/libcamera/base
Installing /home/robosync/Robot/camera_ws/src/libcamera/include/libcamera/ipa/ipa_controls.h to /home/robosync/Robot/camera_ws/install/libcamera/include/libcamera/libcamera/ipa
Installing /home/robosync/Robot/camera_ws/src/libcamera/include/libcamera/ipa/ipa_interface.h to /home/robosync/Robot/camera_ws/install/libcamera/include/libcamera/libcamera/ipa
Installing /home/robosync/Robot/camera_ws/src/libcamera/include/libcamera/ipa/ipa_module_info.h to /home/robosync/Robot/camera_ws/install/libcamera/include/libcamera/libcamera/ipa
Installing /home/robosync/Robot/camera_ws/src/libcamera/include/libcamera/camera.h to /home/robosync/Robot/camera_ws/install/libcamera/include/libcamera/libcamera
Installing /home/robosync/Robot/camera_ws/src/libcamera/include/libcamera/camera_manager.h to /home/robosync/Robot/camera_ws/install/libcamera/include/libcamera/libcamera
Installing /home/robosync/Robot/camera_ws/src/libcamera/include/libcamera/color_space.h to /home/robosync/Robot/camera_ws/install/libcamera/include/libcamera/libcamera
Installing /home/robosync/Robot/camera_ws/src/libcamera/include/libcamera/controls.h to /home/robosync/Robot/camera_ws/install/libcamera/include/libcamera/libcamera
Installing /home/robosync/Robot/camera_ws/src/libcamera/include/libcamera/fence.h to /home/robosync/Robot/camera_ws/install/libcamera/include/libcamera/libcamera
Installing /home/robosync/Robot/camera_ws/src/libcamera/include/libcamera/framebuffer.h to /home/robosync/Robot/camera_ws/install/libcamera/include/libcamera/libcamera
Installing /home/robosync/Robot/camera_ws/src/libcamera/include/libcamera/framebuffer_allocator.h to /home/robosync/Robot/camera_ws/install/libcamera/include/libcamera/libcamera
Installing /home/robosync/Robot/camera_ws/src/libcamera/include/libcamera/geometry.h to /home/robosync/Robot/camera_ws/install/libcamera/include/libcamera/libcamera
Installing /home/robosync/Robot/camera_ws/src/libcamera/include/libcamera/logging.h to /home/robosync/Robot/camera_ws/install/libcamera/include/libcamera/libcamera
Installing /home/robosync/Robot/camera_ws/src/libcamera/include/libcamera/orientation.h to /home/robosync/Robot/camera_ws/install/libcamera/include/libcamera/libcamera
Installing /home/robosync/Robot/camera_ws/src/libcamera/include/libcamera/pixel_format.h to /home/robosync/Robot/camera_ws/install/libcamera/include/libcamera/libcamera
Installing /home/robosync/Robot/camera_ws/src/libcamera/include/libcamera/request.h to /home/robosync/Robot/camera_ws/install/libcamera/include/libcamera/libcamera
Installing /home/robosync/Robot/camera_ws/src/libcamera/include/libcamera/stream.h to /home/robosync/Robot/camera_ws/install/libcamera/include/libcamera/libcamera
Installing /home/robosync/Robot/camera_ws/src/libcamera/include/libcamera/transform.h to /home/robosync/Robot/camera_ws/install/libcamera/include/libcamera/libcamera
Installing /home/robosync/Robot/camera_ws/build/libcamera/include/libcamera/version.h to /home/robosync/Robot/camera_ws/install/libcamera/include/libcamera/libcamera
Installing /home/robosync/Robot/camera_ws/build/libcamera/meson-private/libcamera-base.pc to /home/robosync/Robot/camera_ws/install/libcamera/lib/pkgconfig
Installing /home/robosync/Robot/camera_ws/src/libcamera/src/libcamera/pipeline/rpi/pisp/data/example.yaml to /home/robosync/Robot/camera_ws/install/libcamera/share/libcamera/pipeline/rpi/pisp
Installing /home/robosync/Robot/camera_ws/src/libcamera/src/libcamera/pipeline/rpi/vc4/data/example.yaml to /home/robosync/Robot/camera_ws/install/libcamera/share/libcamera/pipeline/rpi/vc4
Installing /home/robosync/Robot/camera_ws/build/libcamera/meson-private/libcamera.pc to /home/robosync/Robot/camera_ws/install/libcamera/lib/pkgconfig
Installing /home/robosync/Robot/camera_ws/src/libcamera/src/ipa/mali-c55/data/imx415.yaml to /home/robosync/Robot/camera_ws/install/libcamera/share/libcamera/ipa/mali-c55
Installing /home/robosync/Robot/camera_ws/src/libcamera/src/ipa/mali-c55/data/uncalibrated.yaml to /home/robosync/Robot/camera_ws/install/libcamera/share/libcamera/ipa/mali-c55
Installing /home/robosync/Robot/camera_ws/src/libcamera/src/ipa/rkisp1/data/imx219.yaml to /home/robosync/Robot/camera_ws/install/libcamera/share/libcamera/ipa/rkisp1
Installing /home/robosync/Robot/camera_ws/src/libcamera/src/ipa/rkisp1/data/imx258.yaml to /home/robosync/Robot/camera_ws/install/libcamera/share/libcamera/ipa/rkisp1
Installing /home/robosync/Robot/camera_ws/src/libcamera/src/ipa/rkisp1/data/ov2685.yaml to /home/robosync/Robot/camera_ws/install/libcamera/share/libcamera/ipa/rkisp1
Installing /home/robosync/Robot/camera_ws/src/libcamera/src/ipa/rkisp1/data/ov4689.yaml to /home/robosync/Robot/camera_ws/install/libcamera/share/libcamera/ipa/rkisp1
Installing /home/robosync/Robot/camera_ws/src/libcamera/src/ipa/rkisp1/data/ov5640.yaml to /home/robosync/Robot/camera_ws/install/libcamera/share/libcamera/ipa/rkisp1
Installing /home/robosync/Robot/camera_ws/src/libcamera/src/ipa/rkisp1/data/ov5695.yaml to /home/robosync/Robot/camera_ws/install/libcamera/share/libcamera/ipa/rkisp1
Installing /home/robosync/Robot/camera_ws/src/libcamera/src/ipa/rkisp1/data/ov8858.yaml to /home/robosync/Robot/camera_ws/install/libcamera/share/libcamera/ipa/rkisp1
Installing /home/robosync/Robot/camera_ws/src/libcamera/src/ipa/rkisp1/data/uncalibrated.yaml to /home/robosync/Robot/camera_ws/install/libcamera/share/libcamera/ipa/rkisp1
Installing /home/robosync/Robot/camera_ws/src/libcamera/src/ipa/rpi/pisp/data/imx219.json to /home/robosync/Robot/camera_ws/install/libcamera/share/libcamera/ipa/rpi/pisp
Installing /home/robosync/Robot/camera_ws/src/libcamera/src/ipa/rpi/pisp/data/imx219_noir.json to /home/robosync/Robot/camera_ws/install/libcamera/share/libcamera/ipa/rpi/pisp
Installing /home/robosync/Robot/camera_ws/src/libcamera/src/ipa/rpi/pisp/data/imx283.json to /home/robosync/Robot/camera_ws/install/libcamera/share/libcamera/ipa/rpi/pisp
Installing /home/robosync/Robot/camera_ws/src/libcamera/src/ipa/rpi/pisp/data/imx290.json to /home/robosync/Robot/camera_ws/install/libcamera/share/libcamera/ipa/rpi/pisp
Installing /home/robosync/Robot/camera_ws/src/libcamera/src/ipa/rpi/pisp/data/imx296.json to /home/robosync/Robot/camera_ws/install/libcamera/share/libcamera/ipa/rpi/pisp
Installing /home/robosync/Robot/camera_ws/src/libcamera/src/ipa/rpi/pisp/data/imx296_mono.json to /home/robosync/Robot/camera_ws/install/libcamera/share/libcamera/ipa/rpi/pisp
Installing /home/robosync/Robot/camera_ws/src/libcamera/src/ipa/rpi/pisp/data/imx335.json to /home/robosync/Robot/camera_ws/install/libcamera/share/libcamera/ipa/rpi/pisp
Installing /home/robosync/Robot/camera_ws/src/libcamera/src/ipa/rpi/pisp/data/imx378.json to /home/robosync/Robot/camera_ws/install/libcamera/share/libcamera/ipa/rpi/pisp
Installing /home/robosync/Robot/camera_ws/src/libcamera/src/ipa/rpi/pisp/data/imx415.json to /home/robosync/Robot/camera_ws/install/libcamera/share/libcamera/ipa/rpi/pisp
Installing /home/robosync/Robot/camera_ws/src/libcamera/src/ipa/rpi/pisp/data/imx415_b0569.json to /home/robosync/Robot/camera_ws/install/libcamera/share/libcamera/ipa/rpi/pisp
Installing /home/robosync/Robot/camera_ws/src/libcamera/src/ipa/rpi/pisp/data/imx462.json to /home/robosync/Robot/camera_ws/install/libcamera/share/libcamera/ipa/rpi/pisp
Installing /home/robosync/Robot/camera_ws/src/libcamera/src/ipa/rpi/pisp/data/imx477.json to /home/robosync/Robot/camera_ws/install/libcamera/share/libcamera/ipa/rpi/pisp
Installing /home/robosync/Robot/camera_ws/src/libcamera/src/ipa/rpi/pisp/data/imx477_noir.json to /home/robosync/Robot/camera_ws/install/libcamera/share/libcamera/ipa/rpi/pisp
Installing /home/robosync/Robot/camera_ws/src/libcamera/src/ipa/rpi/pisp/data/imx477_scientific.json to /home/robosync/Robot/camera_ws/install/libcamera/share/libcamera/ipa/rpi/pisp
Installing /home/robosync/Robot/camera_ws/src/libcamera/src/ipa/rpi/pisp/data/imx519.json to /home/robosync/Robot/camera_ws/install/libcamera/share/libcamera/ipa/rpi/pisp
Installing /home/robosync/Robot/camera_ws/src/libcamera/src/ipa/rpi/pisp/data/imx708.json to /home/robosync/Robot/camera_ws/install/libcamera/share/libcamera/ipa/rpi/pisp
Installing /home/robosync/Robot/camera_ws/src/libcamera/src/ipa/rpi/pisp/data/imx708_noir.json to /home/robosync/Robot/camera_ws/install/libcamera/share/libcamera/ipa/rpi/pisp
Installing /home/robosync/Robot/camera_ws/src/libcamera/src/ipa/rpi/pisp/data/imx708_wide.json to /home/robosync/Robot/camera_ws/install/libcamera/share/libcamera/ipa/rpi/pisp
Installing /home/robosync/Robot/camera_ws/src/libcamera/src/ipa/rpi/pisp/data/imx708_wide_noir.json to /home/robosync/Robot/camera_ws/install/libcamera/share/libcamera/ipa/rpi/pisp
Installing /home/robosync/Robot/camera_ws/src/libcamera/src/ipa/rpi/pisp/data/ov5647.json to /home/robosync/Robot/camera_ws/install/libcamera/share/libcamera/ipa/rpi/pisp
Installing /home/robosync/Robot/camera_ws/src/libcamera/src/ipa/rpi/pisp/data/ov5647_noir.json to /home/robosync/Robot/camera_ws/install/libcamera/share/libcamera/ipa/rpi/pisp
Installing /home/robosync/Robot/camera_ws/src/libcamera/src/ipa/rpi/pisp/data/ov64a40.json to /home/robosync/Robot/camera_ws/install/libcamera/share/libcamera/ipa/rpi/pisp
Installing /home/robosync/Robot/camera_ws/src/libcamera/src/ipa/rpi/pisp/data/ov9281_mono.json to /home/robosync/Robot/camera_ws/install/libcamera/share/libcamera/ipa/rpi/pisp
Installing /home/robosync/Robot/camera_ws/src/libcamera/src/ipa/rpi/pisp/data/se327m12.json to /home/robosync/Robot/camera_ws/install/libcamera/share/libcamera/ipa/rpi/pisp
Installing /home/robosync/Robot/camera_ws/src/libcamera/src/ipa/rpi/pisp/data/uncalibrated.json to /home/robosync/Robot/camera_ws/install/libcamera/share/libcamera/ipa/rpi/pisp
Installing /home/robosync/Robot/camera_ws/src/libcamera/src/ipa/rpi/pisp/data/vd56g3.json to /home/robosync/Robot/camera_ws/install/libcamera/share/libcamera/ipa/rpi/pisp
Installing /home/robosync/Robot/camera_ws/src/libcamera/src/ipa/rpi/pisp/data/vd56g3_mono.json to /home/robosync/Robot/camera_ws/install/libcamera/share/libcamera/ipa/rpi/pisp
Installing /home/robosync/Robot/camera_ws/src/libcamera/src/ipa/rpi/vc4/data/imx219.json to /home/robosync/Robot/camera_ws/install/libcamera/share/libcamera/ipa/rpi/vc4
Installing /home/robosync/Robot/camera_ws/src/libcamera/src/ipa/rpi/vc4/data/imx219_noir.json to /home/robosync/Robot/camera_ws/install/libcamera/share/libcamera/ipa/rpi/vc4
Installing /home/robosync/Robot/camera_ws/src/libcamera/src/ipa/rpi/vc4/data/imx283.json to /home/robosync/Robot/camera_ws/install/libcamera/share/libcamera/ipa/rpi/vc4
Installing /home/robosync/Robot/camera_ws/src/libcamera/src/ipa/rpi/vc4/data/imx290.json to /home/robosync/Robot/camera_ws/install/libcamera/share/libcamera/ipa/rpi/vc4
Installing /home/robosync/Robot/camera_ws/src/libcamera/src/ipa/rpi/vc4/data/imx296.json to /home/robosync/Robot/camera_ws/install/libcamera/share/libcamera/ipa/rpi/vc4
Installing /home/robosync/Robot/camera_ws/src/libcamera/src/ipa/rpi/vc4/data/imx296_mono.json to /home/robosync/Robot/camera_ws/install/libcamera/share/libcamera/ipa/rpi/vc4
Installing /home/robosync/Robot/camera_ws/src/libcamera/src/ipa/rpi/vc4/data/imx327.json to /home/robosync/Robot/camera_ws/install/libcamera/share/libcamera/ipa/rpi/vc4
Installing /home/robosync/Robot/camera_ws/src/libcamera/src/ipa/rpi/vc4/data/imx335.json to /home/robosync/Robot/camera_ws/install/libcamera/share/libcamera/ipa/rpi/vc4
Installing /home/robosync/Robot/camera_ws/src/libcamera/src/ipa/rpi/vc4/data/imx378.json to /home/robosync/Robot/camera_ws/install/libcamera/share/libcamera/ipa/rpi/vc4
Installing /home/robosync/Robot/camera_ws/src/libcamera/src/ipa/rpi/vc4/data/imx415.json to /home/robosync/Robot/camera_ws/install/libcamera/share/libcamera/ipa/rpi/vc4
Installing /home/robosync/Robot/camera_ws/src/libcamera/src/ipa/rpi/vc4/data/imx415_b0569.json to /home/robosync/Robot/camera_ws/install/libcamera/share/libcamera/ipa/rpi/vc4
Installing /home/robosync/Robot/camera_ws/src/libcamera/src/ipa/rpi/vc4/data/imx462.json to /home/robosync/Robot/camera_ws/install/libcamera/share/libcamera/ipa/rpi/vc4
Installing /home/robosync/Robot/camera_ws/src/libcamera/src/ipa/rpi/vc4/data/imx477.json to /home/robosync/Robot/camera_ws/install/libcamera/share/libcamera/ipa/rpi/vc4
Installing /home/robosync/Robot/camera_ws/src/libcamera/src/ipa/rpi/vc4/data/imx477_noir.json to /home/robosync/Robot/camera_ws/install/libcamera/share/libcamera/ipa/rpi/vc4
Installing /home/robosync/Robot/camera_ws/src/libcamera/src/ipa/rpi/vc4/data/imx477_scientific.json to /home/robosync/Robot/camera_ws/install/libcamera/share/libcamera/ipa/rpi/vc4
Installing /home/robosync/Robot/camera_ws/src/libcamera/src/ipa/rpi/vc4/data/imx519.json to /home/robosync/Robot/camera_ws/install/libcamera/share/libcamera/ipa/rpi/vc4
Installing /home/robosync/Robot/camera_ws/src/libcamera/src/ipa/rpi/vc4/data/imx708.json to /home/robosync/Robot/camera_ws/install/libcamera/share/libcamera/ipa/rpi/vc4
Installing /home/robosync/Robot/camera_ws/src/libcamera/src/ipa/rpi/vc4/data/imx708_noir.json to /home/robosync/Robot/camera_ws/install/libcamera/share/libcamera/ipa/rpi/vc4
Installing /home/robosync/Robot/camera_ws/src/libcamera/src/ipa/rpi/vc4/data/imx708_wide.json to /home/robosync/Robot/camera_ws/install/libcamera/share/libcamera/ipa/rpi/vc4
Installing /home/robosync/Robot/camera_ws/src/libcamera/src/ipa/rpi/vc4/data/imx708_wide_noir.json to /home/robosync/Robot/camera_ws/install/libcamera/share/libcamera/ipa/rpi/vc4
Installing /home/robosync/Robot/camera_ws/src/libcamera/src/ipa/rpi/vc4/data/ov5647.json to /home/robosync/Robot/camera_ws/install/libcamera/share/libcamera/ipa/rpi/vc4
Installing /home/robosync/Robot/camera_ws/src/libcamera/src/ipa/rpi/vc4/data/ov5647_noir.json to /home/robosync/Robot/camera_ws/install/libcamera/share/libcamera/ipa/rpi/vc4
Installing /home/robosync/Robot/camera_ws/src/libcamera/src/ipa/rpi/vc4/data/ov64a40.json to /home/robosync/Robot/camera_ws/install/libcamera/share/libcamera/ipa/rpi/vc4
Installing /home/robosync/Robot/camera_ws/src/libcamera/src/ipa/rpi/vc4/data/ov7251_mono.json to /home/robosync/Robot/camera_ws/install/libcamera/share/libcamera/ipa/rpi/vc4
Installing /home/robosync/Robot/camera_ws/src/libcamera/src/ipa/rpi/vc4/data/ov9281_mono.json to /home/robosync/Robot/camera_ws/install/libcamera/share/libcamera/ipa/rpi/vc4
Installing /home/robosync/Robot/camera_ws/src/libcamera/src/ipa/rpi/vc4/data/se327m12.json to /home/robosync/Robot/camera_ws/install/libcamera/share/libcamera/ipa/rpi/vc4
Installing /home/robosync/Robot/camera_ws/src/libcamera/src/ipa/rpi/vc4/data/uncalibrated.json to /home/robosync/Robot/camera_ws/install/libcamera/share/libcamera/ipa/rpi/vc4
Installing /home/robosync/Robot/camera_ws/src/libcamera/src/ipa/rpi/vc4/data/vd56g3.json to /home/robosync/Robot/camera_ws/install/libcamera/share/libcamera/ipa/rpi/vc4
Installing /home/robosync/Robot/camera_ws/src/libcamera/src/ipa/rpi/vc4/data/vd56g3_mono.json to /home/robosync/Robot/camera_ws/install/libcamera/share/libcamera/ipa/rpi/vc4
Installing /home/robosync/Robot/camera_ws/src/libcamera/src/ipa/simple/data/uncalibrated.yaml to /home/robosync/Robot/camera_ws/install/libcamera/share/libcamera/ipa/simple
Installing /home/robosync/Robot/camera_ws/src/libcamera/src/py/libcamera/__init__.py to /home/robosync/Robot/camera_ws/install/libcamera/lib/python3/dist-packages/libcamera
Installing /home/robosync/Robot/camera_ws/build/libcamera/src/v4l2/libcamerify to /home/robosync/Robot/camera_ws/install/libcamera/bin
Installing symlink pointing to libcamera-base.so.0.5.2 to /home/robosync/Robot/camera_ws/install/libcamera/lib/libcamera-base.so.0.5
Installing symlink pointing to libcamera-base.so.0.5 to /home/robosync/Robot/camera_ws/install/libcamera/lib/libcamera-base.so
Installing symlink pointing to libcamera.so.0.5.2 to /home/robosync/Robot/camera_ws/install/libcamera/lib/libcamera.so.0.5
Installing symlink pointing to libcamera.so.0.5 to /home/robosync/Robot/camera_ws/install/libcamera/lib/libcamera.so
Running custom install script '/home/robosync/Robot/camera_ws/src/libcamera/src/ipa/ipa-sign-install.sh /home/robosync/Robot/camera_ws/build/libcamera/src/ipa-priv-key.pem lib/libcamera/ipa/ipa_mali_c55.so lib/libcamera/ipa/ipa_rkisp1.so lib/libcamera/ipa/ipa_rpi_pisp.so lib/libcamera/ipa/ipa_rpi_vc4.so lib/libcamera/ipa/ipa_soft_simple.so'
Regenerating IPA modules signatures
Running custom install script '/usr/bin/python3 /home/robosync/Robot/camera_ws/build/libcamera/meson-private/pycompile.py python-3.10-installed.json 0'
Compiling '/home/robosync/Robot/camera_ws/install/libcamera/lib/python3/dist-packages/libcamera/__init__.py'...
