[0.349s] Invoking command in '/root/Dojo/build/robot_description': CMAKE_PREFIX_PATH=${CMAKE_PREFIX_PATH}:/root/Dojo/install/robot_perception:/root/Dojo/install/robot_hardware:/root/Dojo/install/robot_control:/opt/ros/humble /usr/bin/cmake /root/Dojo/src/robot_description -DAMENT_CMAKE_SYMLINK_INSTALL=1 -DCMAKE_INSTALL_PREFIX=/root/Dojo/install/robot_description
[0.996s] -- The C compiler identification is GNU 11.4.0
[0.997s] -- The CXX compiler identification is GNU 11.4.0
[0.997s] -- Detecting C compiler ABI info
[0.998s] -- Detecting C compiler ABI info - done
[0.998s] -- Check for working C compiler: /usr/bin/cc - skipped
[0.998s] -- Detecting C compile features
[0.998s] -- Detecting C compile features - done
[0.999s] -- Detecting CXX compiler ABI info
[0.999s] -- Detecting CXX compiler ABI info - done
[0.999s] -- Check for working CXX compiler: /usr/bin/c++ - skipped
[0.999s] -- Detecting CXX compile features
[0.999s] -- Detecting CXX compile features - done
[0.999s] -- Found ament_cmake: 1.3.12 (/opt/ros/humble/share/ament_cmake/cmake)
[1.291s] -- Found Python3: /usr/bin/python3 (found version "3.10.12") found components: Interpreter 
[1.361s] -- Override CMake install command with custom implementation using symlinks instead of copying resources
[1.573s] -- Configuring done
[1.577s] -- Generating done
[1.579s] -- Build files have been written to: /root/Dojo/build/robot_description
[1.585s] Invoked command in '/root/Dojo/build/robot_description' returned '0': CMAKE_PREFIX_PATH=${CMAKE_PREFIX_PATH}:/root/Dojo/install/robot_perception:/root/Dojo/install/robot_hardware:/root/Dojo/install/robot_control:/opt/ros/humble /usr/bin/cmake /root/Dojo/src/robot_description -DAMENT_CMAKE_SYMLINK_INSTALL=1 -DCMAKE_INSTALL_PREFIX=/root/Dojo/install/robot_description
[1.588s] Invoking command in '/root/Dojo/build/robot_description': CMAKE_PREFIX_PATH=${CMAKE_PREFIX_PATH}:/root/Dojo/install/robot_perception:/root/Dojo/install/robot_hardware:/root/Dojo/install/robot_control:/opt/ros/humble /usr/bin/cmake --build /root/Dojo/build/robot_description -- -j16 -l16
[1.656s] Built target ament_cmake_python_symlink_robot_description
[2.014s] running egg_info
[2.015s] creating robot_description.egg-info
[2.030s] writing robot_description.egg-info/PKG-INFO
[2.030s] writing dependency_links to robot_description.egg-info/dependency_links.txt
[2.031s] writing top-level names to robot_description.egg-info/top_level.txt
[2.031s] writing manifest file 'robot_description.egg-info/SOURCES.txt'
[2.077s] reading manifest file 'robot_description.egg-info/SOURCES.txt'
[2.078s] writing manifest file 'robot_description.egg-info/SOURCES.txt'
[2.145s] Built target ament_cmake_python_build_robot_description_egg
[2.157s] Invoked command in '/root/Dojo/build/robot_description' returned '0': CMAKE_PREFIX_PATH=${CMAKE_PREFIX_PATH}:/root/Dojo/install/robot_perception:/root/Dojo/install/robot_hardware:/root/Dojo/install/robot_control:/opt/ros/humble /usr/bin/cmake --build /root/Dojo/build/robot_description -- -j16 -l16
[2.159s] Invoking command in '/root/Dojo/build/robot_description': CMAKE_PREFIX_PATH=${CMAKE_PREFIX_PATH}:/root/Dojo/install/robot_perception:/root/Dojo/install/robot_hardware:/root/Dojo/install/robot_control:/opt/ros/humble /usr/bin/cmake --install /root/Dojo/build/robot_description
[2.166s] -- Install configuration: ""
[2.166s] -- Execute custom install script
[2.167s] -- Symlinking: /root/Dojo/install/robot_description/share/robot_description/launch/display.launch.py
[2.178s] -- Symlinking: /root/Dojo/install/robot_description/share/robot_description/launch/robot_state_publisher.launch.py
[2.189s] -- Symlinking: /root/Dojo/install/robot_description/share/robot_description/urdf/common_properties.xacro
[2.198s] -- Symlinking: /root/Dojo/install/robot_description/share/robot_description/urdf/dojo_robot.gazebo
[2.210s] -- Symlinking: /root/Dojo/install/robot_description/share/robot_description/urdf/dojo_robot.urdf.xacro
[2.222s] -- Symlinking: /root/Dojo/install/robot_description/share/robot_description/urdf/robot.urdf
[2.234s] -- Symlinking: /root/Dojo/install/robot_description/share/robot_description/urdf/robot.urdf.xacro
[2.247s] -- Symlinking: /root/Dojo/install/robot_description/share/robot_description/urdf/sensors/rplidar.urdf.xacro
[2.260s] -- Symlinking: /root/Dojo/install/robot_description/share/robot_description/rviz/display.rviz
[2.270s] -- Symlinking: /root/Dojo/install/robot_description/share/robot_description/rviz/robot.rviz
[2.284s] -- Symlinking: /root/Dojo/install/robot_description/share/robot_description/environment/pythonpath.sh
[2.298s] -- Symlinking: /root/Dojo/install/robot_description/share/robot_description/environment/pythonpath.dsv
[2.312s] -- Symlinking: /root/Dojo/install/robot_description/local/lib/python3.10/dist-packages/robot_description-0.0.1-py3.10.egg-info/PKG-INFO
[2.325s] -- Symlinking: /root/Dojo/install/robot_description/local/lib/python3.10/dist-packages/robot_description-0.0.1-py3.10.egg-info/SOURCES.txt
[2.335s] -- Symlinking: /root/Dojo/install/robot_description/local/lib/python3.10/dist-packages/robot_description-0.0.1-py3.10.egg-info/dependency_links.txt
[2.346s] -- Symlinking: /root/Dojo/install/robot_description/local/lib/python3.10/dist-packages/robot_description-0.0.1-py3.10.egg-info/top_level.txt
[2.358s] -- Symlinking: /root/Dojo/install/robot_description/local/lib/python3.10/dist-packages/robot_description/__init__.py
[2.368s] -- Symlinking: /root/Dojo/install/robot_description/lib/robot_description/display_robot.py
[2.381s] -- Symlinking: /root/Dojo/install/robot_description/share/ament_index/resource_index/package_run_dependencies/robot_description
[2.395s] -- Symlinking: /root/Dojo/install/robot_description/share/ament_index/resource_index/parent_prefix_path/robot_description
[2.406s] -- Symlinking: /root/Dojo/install/robot_description/share/robot_description/environment/ament_prefix_path.sh
[2.419s] -- Symlinking: /root/Dojo/install/robot_description/share/robot_description/environment/ament_prefix_path.dsv
[2.435s] -- Symlinking: /root/Dojo/install/robot_description/share/robot_description/environment/path.sh
[2.450s] -- Symlinking: /root/Dojo/install/robot_description/share/robot_description/environment/path.dsv
[2.466s] -- Symlinking: /root/Dojo/install/robot_description/share/robot_description/local_setup.bash
[2.478s] -- Symlinking: /root/Dojo/install/robot_description/share/robot_description/local_setup.sh
[2.493s] -- Symlinking: /root/Dojo/install/robot_description/share/robot_description/local_setup.zsh
[2.505s] -- Symlinking: /root/Dojo/install/robot_description/share/robot_description/local_setup.dsv
[2.517s] -- Symlinking: /root/Dojo/install/robot_description/share/robot_description/package.dsv
[2.532s] -- Symlinking: /root/Dojo/install/robot_description/share/ament_index/resource_index/packages/robot_description
[2.545s] -- Symlinking: /root/Dojo/install/robot_description/share/robot_description/cmake/robot_descriptionConfig.cmake
[2.557s] -- Symlinking: /root/Dojo/install/robot_description/share/robot_description/cmake/robot_descriptionConfig-version.cmake
[2.568s] -- Symlinking: /root/Dojo/install/robot_description/share/robot_description/package.xml
[2.580s] -- Up-to-date: /root/Dojo/install/robot_description/share/robot_description
[2.580s] -- Up-to-date: /root/Dojo/install/robot_description/share/robot_description/urdf
[2.580s] -- Up-to-date: /root/Dojo/install/robot_description/share/robot_description/urdf/sensors
[2.581s] -- Installing: /root/Dojo/install/robot_description/share/robot_description/include
[2.581s] -- Installing: /root/Dojo/install/robot_description/share/robot_description/include/robot_description
[2.581s] -- Up-to-date: /root/Dojo/install/robot_description/share/robot_description/rviz
[2.581s] -- Installing: /root/Dojo/install/robot_description/share/robot_description/src
[2.581s] -- Installing: /root/Dojo/install/robot_description/share/robot_description/src/robot_description
[2.582s] -- Up-to-date: /root/Dojo/install/robot_description/share/robot_description/meshes
[2.582s] -- Installing: /root/Dojo/install/robot_description/share/robot_description/robot_description
[2.582s] -- Installing: /root/Dojo/install/robot_description/share/robot_description/robot_description/robot_description
[2.582s] -- Installing: /root/Dojo/install/robot_description/share/robot_description/scripts
[2.582s] -- Installing: /root/Dojo/install/robot_description/share/robot_description/resource
[2.582s] -- Up-to-date: /root/Dojo/install/robot_description/share/robot_description/launch
[2.582s] -- Up-to-date: /root/Dojo/install/robot_description/share/robot_description/config
[2.582s] -- Installing: /root/Dojo/install/robot_description/lib/robot_description/robot_description
[2.582s] -- Installing: /root/Dojo/install/robot_description/lib/robot_description/robot_description/__init__.py
[2.617s] Listing '/root/Dojo/install/robot_description/local/lib/python3.10/dist-packages/robot_description'...
[2.617s] Compiling '/root/Dojo/install/robot_description/local/lib/python3.10/dist-packages/robot_description/__init__.py'...
[2.624s] Invoked command in '/root/Dojo/build/robot_description' returned '0': CMAKE_PREFIX_PATH=${CMAKE_PREFIX_PATH}:/root/Dojo/install/robot_perception:/root/Dojo/install/robot_hardware:/root/Dojo/install/robot_control:/opt/ros/humble /usr/bin/cmake --install /root/Dojo/build/robot_description
