[0.014s] Invoking command in '/home/Dojo/Dojo/build/robot_gazebo': AMENT_PREFIX_PATH=/home/Dojo/Dojo/install/robot_description:${AMENT_PREFIX_PATH} CMAKE_PREFIX_PATH=/home/Dojo/Dojo/install/robot_description:/opt/ros/humble PYTHONPATH=/home/Dojo/Dojo/install/robot_description/local/lib/python3.10/dist-packages:${PYTHONPATH} /usr/bin/cmake --build /home/Dojo/Dojo/build/robot_gazebo -- -j16 -l16
[0.053s] -- Found ament_cmake: 1.3.11 (/opt/ros/humble/share/ament_cmake/cmake)
[0.215s] -- Override CMake install command with custom implementation using symlinks instead of copying resources
[0.224s] -- Found rclcpp: 16.0.12 (/opt/ros/humble/share/rclcpp/cmake)
[0.262s] -- Found rosidl_generator_c: 3.1.6 (/opt/ros/humble/share/rosidl_generator_c/cmake)
[0.266s] -- Found rosidl_adapter: 3.1.6 (/opt/ros/humble/share/rosidl_adapter/cmake)
[0.274s] -- Found rosidl_generator_cpp: 3.1.6 (/opt/ros/humble/share/rosidl_generator_cpp/cmake)
[0.289s] -- Using all available rosidl_typesupport_c: rosidl_typesupport_fastrtps_c;rosidl_typesupport_introspection_c
[0.302s] -- Using all available rosidl_typesupport_cpp: rosidl_typesupport_fastrtps_cpp;rosidl_typesupport_introspection_cpp
[0.336s] -- Found rmw_implementation_cmake: 6.1.2 (/opt/ros/humble/share/rmw_implementation_cmake/cmake)
[0.338s] -- Found rmw_fastrtps_cpp: 6.2.7 (/opt/ros/humble/share/rmw_fastrtps_cpp/cmake)
[0.547s] -- Using RMW implementation 'rmw_fastrtps_cpp' as default
[0.601s] -- Found gazebo_ros: 3.9.0 (/opt/ros/humble/share/gazebo_ros/cmake)
[0.644s] -- Found DART: /usr/include (Required is at least version "6.6") found components: dart 
[0.676s] -- Found Protobuf: /usr/lib/x86_64-linux-gnu/libprotobuf.so (found version "3.12.4") 
[0.679s] -- Looking for ignition-math6 -- found version 6.15.1
[0.685s] -- Searching for dependencies of ignition-math6
[0.687s] -- Looking for OGRE...
[0.696s] -- Found Ogre Ghadamon (1.9.0)
[0.696s] -- Found OGRE: optimized;/usr/lib/x86_64-linux-gnu/libOgreMain.so;debug;/usr/lib/x86_64-linux-gnu/libOgreMain.so
[0.707s] -- Looking for OGRE_Paging...
[0.707s] -- Found OGRE_Paging: optimized;/usr/lib/x86_64-linux-gnu/libOgrePaging.so;debug;/usr/lib/x86_64-linux-gnu/libOgrePaging.so
[0.707s] -- Looking for OGRE_Terrain...
[0.708s] -- Found OGRE_Terrain: optimized;/usr/lib/x86_64-linux-gnu/libOgreTerrain.so;debug;/usr/lib/x86_64-linux-gnu/libOgreTerrain.so
[0.708s] -- Looking for OGRE_Property...
[0.708s] -- Found OGRE_Property: optimized;/usr/lib/x86_64-linux-gnu/libOgreProperty.so;debug;/usr/lib/x86_64-linux-gnu/libOgreProperty.so
[0.708s] -- Looking for OGRE_RTShaderSystem...
[0.708s] -- Found OGRE_RTShaderSystem: optimized;/usr/lib/x86_64-linux-gnu/libOgreRTShaderSystem.so;debug;/usr/lib/x86_64-linux-gnu/libOgreRTShaderSystem.so
[0.708s] -- Looking for OGRE_Volume...
[0.708s] -- Found OGRE_Volume: optimized;/usr/lib/x86_64-linux-gnu/libOgreVolume.so;debug;/usr/lib/x86_64-linux-gnu/libOgreVolume.so
[0.708s] -- Looking for OGRE_Overlay...
[0.708s] -- Found OGRE_Overlay: optimized;/usr/lib/x86_64-linux-gnu/libOgreOverlay.so;debug;/usr/lib/x86_64-linux-gnu/libOgreOverlay.so
[0.801s] -- Looking for ignition-math6 -- found version 6.15.1
[0.801s] -- Looking for ignition-transport8 -- found version 8.2.1
[0.802s] -- Searching for dependencies of ignition-transport8
[0.836s] -- Found Protobuf: /usr/lib/x86_64-linux-gnu/libprotobuf.so (found suitable version "3.12.4", minimum required is "3") 
[0.863s] -- Config-file not installed for ZeroMQ -- checking for pkg-config
[0.871s] -- Checking for module 'libzmq >= 4'
[0.893s] --   Found libzmq , version 4.3.4
[0.964s] -- Checking for module 'uuid'
[0.984s] --   Found uuid, version 2.37.2
[1.035s] -- Looking for ignition-msgs5 -- found version 5.8.1
[1.035s] -- Searching for dependencies of ignition-msgs5
[1.068s] -- Looking for ignition-math6 -- found version 6.15.1
[1.073s] -- Checking for module 'tinyxml2'
[1.088s] --   Found tinyxml2, version 9.0.0
[1.133s] -- Looking for ignition-msgs5 -- found version 5.8.1
[1.133s] -- Looking for ignition-common3 -- found version 3.14.0
[1.133s] -- Searching for dependencies of ignition-common3
[1.134s] -- Looking for dlfcn.h - found
[1.134s] -- Looking for libdl - found
[1.145s] -- Searching for <ignition-common3> component [graphics]
[1.145s] -- Looking for ignition-common3-graphics -- found version 3.14.0
[1.146s] -- Searching for dependencies of ignition-common3-graphics
[1.146s] -- Looking for ignition-math6 -- found version 6.15.1
[1.147s] -- Looking for ignition-fuel_tools4 -- found version 4.4.0
[1.147s] -- Searching for dependencies of ignition-fuel_tools4
[1.198s] -- Checking for module 'jsoncpp'
[1.215s] --   Found jsoncpp, version 1.9.5
[1.261s] -- Checking for module 'libzip'
[1.277s] --   Found libzip, version 1.7.3
[1.315s] -- Looking for ignition-common3 -- found version 3.14.0
[1.316s] -- Looking for ignition-math6 -- found version 6.15.1
[1.316s] -- Looking for ignition-msgs5 -- found version 5.8.1
[1.318s] -- Gazebo version: 11.10
[1.319s] -- Found ros2_control: 2.51.0 (/opt/ros/humble/share/ros2_control/cmake)
[1.319s] -- Found controller_manager: 2.51.0 (/opt/ros/humble/share/controller_manager/cmake)
[1.490s] -- Found robot_state_publisher: 3.0.3 (/opt/ros/humble/share/robot_state_publisher/cmake)
[1.494s] -- Found eigen3_cmake_module: 0.1.1 (/opt/ros/humble/share/eigen3_cmake_module/cmake)
[1.495s] -- Ensuring Eigen3 include directory is part of orocos-kdl CMake target
[1.619s] -- Configuring done
[1.626s] -- Generating done
[1.629s] -- Build files have been written to: /home/Dojo/Dojo/build/robot_gazebo
