[1.805s] Invoking command in '/root/Dojo/build/robot_hardware': PYTHONPATH=/root/Dojo/build/robot_hardware/prefix_override:/usr/lib/python3/dist-packages/colcon_core/task/python/colcon_distutils_commands:/root/Dojo/install/robot_hardware/lib/python3.10/site-packages:${PYTHONPATH} /usr/bin/python3 -W ignore:setup.py install is deprecated -W ignore:easy_install command is deprecated setup.py develop --editable --build-directory /root/Dojo/build/robot_hardware/build --no-deps symlink_data
[2.264s] running develop
[2.526s] running egg_info
[2.526s] creating robot_hardware.egg-info
[2.543s] writing robot_hardware.egg-info/PKG-INFO
[2.544s] writing dependency_links to robot_hardware.egg-info/dependency_links.txt
[2.545s] writing entry points to robot_hardware.egg-info/entry_points.txt
[2.545s] writing requirements to robot_hardware.egg-info/requires.txt
[2.546s] writing top-level names to robot_hardware.egg-info/top_level.txt
[2.546s] writing manifest file 'robot_hardware.egg-info/SOURCES.txt'
[2.581s] reading manifest file 'robot_hardware.egg-info/SOURCES.txt'
[2.582s] writing manifest file 'robot_hardware.egg-info/SOURCES.txt'
[2.600s] running build_ext
[2.601s] Creating /root/Dojo/install/robot_hardware/lib/python3.10/site-packages/robot-hardware.egg-link (link to .)
[2.601s] Installing arduino_driver script to /root/Dojo/install/robot_hardware/lib/robot_hardware
[2.602s] Installing camera_driver script to /root/Dojo/install/robot_hardware/lib/robot_hardware
[2.602s] Installing hardware_manager script to /root/Dojo/install/robot_hardware/lib/robot_hardware
[2.602s] Installing lidar_driver script to /root/Dojo/install/robot_hardware/lib/robot_hardware
[2.602s] 
[2.602s] Installed /root/Dojo/build/robot_hardware
[2.603s] running symlink_data
[2.603s] creating /root/Dojo/install/robot_hardware/share/ament_index
[2.603s] creating /root/Dojo/install/robot_hardware/share/ament_index/resource_index
[2.603s] creating /root/Dojo/install/robot_hardware/share/ament_index/resource_index/packages
[2.603s] symbolically linking /root/Dojo/build/robot_hardware/resource/robot_hardware -> /root/Dojo/install/robot_hardware/share/ament_index/resource_index/packages
[2.603s] symbolically linking /root/Dojo/build/robot_hardware/package.xml -> /root/Dojo/install/robot_hardware/share/robot_hardware
[2.604s] creating /root/Dojo/install/robot_hardware/share/robot_hardware/launch
[2.604s] symbolically linking /root/Dojo/build/robot_hardware/launch/hardware.launch.py -> /root/Dojo/install/robot_hardware/share/robot_hardware/launch
[2.604s] creating /root/Dojo/install/robot_hardware/share/robot_hardware/config
[2.604s] symbolically linking /root/Dojo/build/robot_hardware/config/hardware.yaml -> /root/Dojo/install/robot_hardware/share/robot_hardware/config
[2.701s] Invoked command in '/root/Dojo/build/robot_hardware' returned '0': PYTHONPATH=/root/Dojo/build/robot_hardware/prefix_override:/usr/lib/python3/dist-packages/colcon_core/task/python/colcon_distutils_commands:/root/Dojo/install/robot_hardware/lib/python3.10/site-packages:${PYTHONPATH} /usr/bin/python3 -W ignore:setup.py install is deprecated -W ignore:easy_install command is deprecated setup.py develop --editable --build-directory /root/Dojo/build/robot_hardware/build --no-deps symlink_data
