[0.012s] Invoking command in '/home/Dojo/Dojo/build/robot_gazebo': AMENT_PREFIX_PATH=/home/Dojo/Dojo/install/robot_description:${AMENT_PREFIX_PATH} CMAKE_PREFIX_PATH=/home/Dojo/Dojo/install/robot_description:/opt/ros/humble PYTHONPATH=/home/Dojo/Dojo/install/robot_description/local/lib/python3.10/dist-packages:${PYTHONPATH} /usr/bin/cmake --build /home/Dojo/Dojo/build/robot_gazebo -- -j16 -l16
[0.043s] -- Found ament_cmake: 1.3.11 (/opt/ros/humble/share/ament_cmake/cmake)
[0.149s] -- Override CMake install command with custom implementation using symlinks instead of copying resources
[0.156s] -- Found rclcpp: 16.0.12 (/opt/ros/humble/share/rclcpp/cmake)
[0.184s] -- Found rosidl_generator_c: 3.1.6 (/opt/ros/humble/share/rosidl_generator_c/cmake)
[0.186s] -- Found rosidl_adapter: 3.1.6 (/opt/ros/humble/share/rosidl_adapter/cmake)
[0.191s] -- Found rosidl_generator_cpp: 3.1.6 (/opt/ros/humble/share/rosidl_generator_cpp/cmake)
[0.200s] -- Using all available rosidl_typesupport_c: rosidl_typesupport_fastrtps_c;rosidl_typesupport_introspection_c
[0.211s] -- Using all available rosidl_typesupport_cpp: rosidl_typesupport_fastrtps_cpp;rosidl_typesupport_introspection_cpp
[0.240s] -- Found rmw_implementation_cmake: 6.1.2 (/opt/ros/humble/share/rmw_implementation_cmake/cmake)
[0.242s] -- Found rmw_fastrtps_cpp: 6.2.7 (/opt/ros/humble/share/rmw_fastrtps_cpp/cmake)
[0.382s] -- Using RMW implementation 'rmw_fastrtps_cpp' as default
[0.424s] -- Found gazebo_ros: 3.9.0 (/opt/ros/humble/share/gazebo_ros/cmake)
[0.454s] -- Found DART: /usr/include (Required is at least version "6.6") found components: dart 
[0.478s] -- Found Protobuf: /usr/lib/x86_64-linux-gnu/libprotobuf.so (found version "3.12.4") 
[0.480s] -- Looking for ignition-math6 -- found version 6.15.1
[0.484s] -- Searching for dependencies of ignition-math6
[0.486s] -- Looking for OGRE...
[0.492s] -- Found Ogre Ghadamon (1.9.0)
[0.492s] -- Found OGRE: optimized;/usr/lib/x86_64-linux-gnu/libOgreMain.so;debug;/usr/lib/x86_64-linux-gnu/libOgreMain.so
[0.500s] -- Looking for OGRE_Paging...
[0.500s] -- Found OGRE_Paging: optimized;/usr/lib/x86_64-linux-gnu/libOgrePaging.so;debug;/usr/lib/x86_64-linux-gnu/libOgrePaging.so
[0.500s] -- Looking for OGRE_Terrain...
[0.500s] -- Found OGRE_Terrain: optimized;/usr/lib/x86_64-linux-gnu/libOgreTerrain.so;debug;/usr/lib/x86_64-linux-gnu/libOgreTerrain.so
[0.500s] -- Looking for OGRE_Property...
[0.501s] -- Found OGRE_Property: optimized;/usr/lib/x86_64-linux-gnu/libOgreProperty.so;debug;/usr/lib/x86_64-linux-gnu/libOgreProperty.so
[0.501s] -- Looking for OGRE_RTShaderSystem...
[0.501s] -- Found OGRE_RTShaderSystem: optimized;/usr/lib/x86_64-linux-gnu/libOgreRTShaderSystem.so;debug;/usr/lib/x86_64-linux-gnu/libOgreRTShaderSystem.so
[0.501s] -- Looking for OGRE_Volume...
[0.501s] -- Found OGRE_Volume: optimized;/usr/lib/x86_64-linux-gnu/libOgreVolume.so;debug;/usr/lib/x86_64-linux-gnu/libOgreVolume.so
[0.501s] -- Looking for OGRE_Overlay...
[0.501s] -- Found OGRE_Overlay: optimized;/usr/lib/x86_64-linux-gnu/libOgreOverlay.so;debug;/usr/lib/x86_64-linux-gnu/libOgreOverlay.so
[0.576s] -- Looking for ignition-math6 -- found version 6.15.1
[0.576s] -- Looking for ignition-transport8 -- found version 8.2.1
[0.576s] -- Searching for dependencies of ignition-transport8
[0.605s] -- Found Protobuf: /usr/lib/x86_64-linux-gnu/libprotobuf.so (found suitable version "3.12.4", minimum required is "3") 
[0.625s] -- Config-file not installed for ZeroMQ -- checking for pkg-config
[0.630s] -- Checking for module 'libzmq >= 4'
[0.645s] --   Found libzmq , version 4.3.4
[0.691s] -- Checking for module 'uuid'
[0.706s] --   Found uuid, version 2.37.2
[0.743s] -- Looking for ignition-msgs5 -- found version 5.8.1
[0.743s] -- Searching for dependencies of ignition-msgs5
[0.772s] -- Looking for ignition-math6 -- found version 6.15.1
[0.777s] -- Checking for module 'tinyxml2'
[0.798s] --   Found tinyxml2, version 9.0.0
[0.847s] -- Looking for ignition-msgs5 -- found version 5.8.1
[0.847s] -- Looking for ignition-common3 -- found version 3.14.0
[0.847s] -- Searching for dependencies of ignition-common3
[0.848s] -- Looking for dlfcn.h - found
[0.848s] -- Looking for libdl - found
[0.860s] -- Searching for <ignition-common3> component [graphics]
[0.861s] -- Looking for ignition-common3-graphics -- found version 3.14.0
[0.861s] -- Searching for dependencies of ignition-common3-graphics
[0.861s] -- Looking for ignition-math6 -- found version 6.15.1
[0.862s] -- Looking for ignition-fuel_tools4 -- found version 4.4.0
[0.863s] -- Searching for dependencies of ignition-fuel_tools4
[0.914s] -- Checking for module 'jsoncpp'
[0.929s] --   Found jsoncpp, version 1.9.5
[0.972s] -- Checking for module 'libzip'
[0.986s] --   Found libzip, version 1.7.3
[1.024s] -- Looking for ignition-common3 -- found version 3.14.0
[1.024s] -- Looking for ignition-math6 -- found version 6.15.1
[1.025s] -- Looking for ignition-msgs5 -- found version 5.8.1
[1.026s] -- Gazebo version: 11.10
[1.027s] -- Found ros2_control: 2.51.0 (/opt/ros/humble/share/ros2_control/cmake)
[1.027s] -- Found controller_manager: 2.51.0 (/opt/ros/humble/share/controller_manager/cmake)
[1.188s] -- Found robot_state_publisher: 3.0.3 (/opt/ros/humble/share/robot_state_publisher/cmake)
[1.192s] -- Found eigen3_cmake_module: 0.1.1 (/opt/ros/humble/share/eigen3_cmake_module/cmake)
[1.193s] -- Ensuring Eigen3 include directory is part of orocos-kdl CMake target
[1.307s] -- Configuring done
[1.316s] -- Generating done
[1.319s] -- Build files have been written to: /home/Dojo/Dojo/build/robot_gazebo
[1.349s] Invoked command in '/home/Dojo/Dojo/build/robot_gazebo' returned '0': AMENT_PREFIX_PATH=/home/Dojo/Dojo/install/robot_description:${AMENT_PREFIX_PATH} CMAKE_PREFIX_PATH=/home/Dojo/Dojo/install/robot_description:/opt/ros/humble PYTHONPATH=/home/Dojo/Dojo/install/robot_description/local/lib/python3.10/dist-packages:${PYTHONPATH} /usr/bin/cmake --build /home/Dojo/Dojo/build/robot_gazebo -- -j16 -l16
[1.359s] Invoking command in '/home/Dojo/Dojo/build/robot_gazebo': AMENT_PREFIX_PATH=/home/Dojo/Dojo/install/robot_description:${AMENT_PREFIX_PATH} CMAKE_PREFIX_PATH=/home/Dojo/Dojo/install/robot_description:/opt/ros/humble PYTHONPATH=/home/Dojo/Dojo/install/robot_description/local/lib/python3.10/dist-packages:${PYTHONPATH} /usr/bin/cmake --install /home/Dojo/Dojo/build/robot_gazebo
[1.366s] -- Install configuration: ""
[1.366s] -- Execute custom install script
[1.366s] -- Up-to-date symlink: /home/Dojo/Dojo/install/robot_gazebo/share/robot_gazebo/launch/gazebo.launch.py
[1.366s] -- Up-to-date symlink: /home/Dojo/Dojo/install/robot_gazebo/share/robot_gazebo/launch/robot_simulation.launch.py
[1.367s] -- Up-to-date symlink: /home/Dojo/Dojo/install/robot_gazebo/share/robot_gazebo/launch/simulation.launch.py
[1.367s] -- Up-to-date symlink: /home/Dojo/Dojo/install/robot_gazebo/share/robot_gazebo/config/diff_drive_controller.yaml
[1.367s] -- Up-to-date symlink: /home/Dojo/Dojo/install/robot_gazebo/share/robot_gazebo/rviz/robot_simulation.rviz
[1.367s] -- Up-to-date symlink: /home/Dojo/Dojo/install/robot_gazebo/share/robot_gazebo/worlds/empty.world
[1.368s] -- Up-to-date symlink: /home/Dojo/Dojo/install/robot_gazebo/share/ament_index/resource_index/package_run_dependencies/robot_gazebo
[1.368s] -- Up-to-date symlink: /home/Dojo/Dojo/install/robot_gazebo/share/ament_index/resource_index/parent_prefix_path/robot_gazebo
[1.368s] -- Up-to-date symlink: /home/Dojo/Dojo/install/robot_gazebo/share/robot_gazebo/environment/ament_prefix_path.sh
[1.368s] -- Up-to-date symlink: /home/Dojo/Dojo/install/robot_gazebo/share/robot_gazebo/environment/ament_prefix_path.dsv
[1.368s] -- Up-to-date symlink: /home/Dojo/Dojo/install/robot_gazebo/share/robot_gazebo/environment/path.sh
[1.368s] -- Up-to-date symlink: /home/Dojo/Dojo/install/robot_gazebo/share/robot_gazebo/environment/path.dsv
[1.368s] -- Up-to-date symlink: /home/Dojo/Dojo/install/robot_gazebo/share/robot_gazebo/local_setup.bash
[1.369s] -- Up-to-date symlink: /home/Dojo/Dojo/install/robot_gazebo/share/robot_gazebo/local_setup.sh
[1.369s] -- Up-to-date symlink: /home/Dojo/Dojo/install/robot_gazebo/share/robot_gazebo/local_setup.zsh
[1.369s] -- Up-to-date symlink: /home/Dojo/Dojo/install/robot_gazebo/share/robot_gazebo/local_setup.dsv
[1.369s] -- Symlinking: /home/Dojo/Dojo/install/robot_gazebo/share/robot_gazebo/package.dsv
[1.378s] -- Up-to-date symlink: /home/Dojo/Dojo/install/robot_gazebo/share/ament_index/resource_index/packages/robot_gazebo
[1.378s] -- Up-to-date symlink: /home/Dojo/Dojo/install/robot_gazebo/share/robot_gazebo/cmake/robot_gazeboConfig.cmake
[1.378s] -- Up-to-date symlink: /home/Dojo/Dojo/install/robot_gazebo/share/robot_gazebo/cmake/robot_gazeboConfig-version.cmake
[1.379s] -- Up-to-date symlink: /home/Dojo/Dojo/install/robot_gazebo/share/robot_gazebo/package.xml
[1.379s] -- Up-to-date: /home/Dojo/Dojo/install/robot_gazebo/lib/robot_gazebo
[1.379s] -- Up-to-date: /home/Dojo/Dojo/install/robot_gazebo/lib/robot_gazebo/spawn_robot.py
[1.381s] Invoked command in '/home/Dojo/Dojo/build/robot_gazebo' returned '0': AMENT_PREFIX_PATH=/home/Dojo/Dojo/install/robot_description:${AMENT_PREFIX_PATH} CMAKE_PREFIX_PATH=/home/Dojo/Dojo/install/robot_description:/opt/ros/humble PYTHONPATH=/home/Dojo/Dojo/install/robot_description/local/lib/python3.10/dist-packages:${PYTHONPATH} /usr/bin/cmake --install /home/Dojo/Dojo/build/robot_gazebo
