running develop
running egg_info
creating vision_system.egg-info
writing vision_system.egg-info/PKG-INFO
writing dependency_links to vision_system.egg-info/dependency_links.txt
writing entry points to vision_system.egg-info/entry_points.txt
writing requirements to vision_system.egg-info/requires.txt
writing top-level names to vision_system.egg-info/top_level.txt
writing manifest file 'vision_system.egg-info/SOURCES.txt'
reading manifest file 'vision_system.egg-info/SOURCES.txt'
writing manifest file 'vision_system.egg-info/SOURCES.txt'
running build_ext
Creating /root/Dojo/install/vision_system/lib/python3.10/site-packages/vision-system.egg-link (link to .)
Installing object_detector script to /root/Dojo/install/vision_system/lib/vision_system

Installed /root/Dojo/build/vision_system
running symlink_data
creating /root/Dojo/install/vision_system/share/ament_index
creating /root/Dojo/install/vision_system/share/ament_index/resource_index
creating /root/Dojo/install/vision_system/share/ament_index/resource_index/packages
symbolically linking /root/Dojo/build/vision_system/resource/vision_system -> /root/Dojo/install/vision_system/share/ament_index/resource_index/packages
symbolically linking /root/Dojo/build/vision_system/package.xml -> /root/Dojo/install/vision_system/share/vision_system
creating /root/Dojo/install/vision_system/share/vision_system/launch
symbolically linking /root/Dojo/build/vision_system/launch/vision_system.launch.py -> /root/Dojo/install/vision_system/share/vision_system/launch
creating /root/Dojo/install/vision_system/share/vision_system/config
