[0.894s] Invoking command in '/root/Dojo/build/vision_system': PYTHONPATH=/root/Dojo/build/vision_system/prefix_override:/usr/lib/python3/dist-packages/colcon_core/task/python/colcon_distutils_commands:/root/Dojo/install/vision_system/lib/python3.10/site-packages:${PYTHONPATH} /usr/bin/python3 -W ignore:setup.py install is deprecated -W ignore:easy_install command is deprecated setup.py develop --editable --build-directory /root/Dojo/build/vision_system/build --no-deps symlink_data
[1.221s] running develop
[1.437s] running egg_info
[1.437s] creating vision_system.egg-info
[1.450s] writing vision_system.egg-info/PKG-INFO
[1.450s] writing dependency_links to vision_system.egg-info/dependency_links.txt
[1.450s] writing entry points to vision_system.egg-info/entry_points.txt
[1.450s] writing requirements to vision_system.egg-info/requires.txt
[1.450s] writing top-level names to vision_system.egg-info/top_level.txt
[1.450s] writing manifest file 'vision_system.egg-info/SOURCES.txt'
[1.477s] reading manifest file 'vision_system.egg-info/SOURCES.txt'
[1.478s] writing manifest file 'vision_system.egg-info/SOURCES.txt'
[1.492s] running build_ext
[1.492s] Creating /root/Dojo/install/vision_system/lib/python3.10/site-packages/vision-system.egg-link (link to .)
[1.492s] Installing object_detector script to /root/Dojo/install/vision_system/lib/vision_system
[1.493s] 
[1.493s] Installed /root/Dojo/build/vision_system
[1.493s] running symlink_data
[1.493s] creating /root/Dojo/install/vision_system/share/ament_index
[1.493s] creating /root/Dojo/install/vision_system/share/ament_index/resource_index
[1.493s] creating /root/Dojo/install/vision_system/share/ament_index/resource_index/packages
[1.493s] symbolically linking /root/Dojo/build/vision_system/resource/vision_system -> /root/Dojo/install/vision_system/share/ament_index/resource_index/packages
[1.494s] symbolically linking /root/Dojo/build/vision_system/package.xml -> /root/Dojo/install/vision_system/share/vision_system
[1.494s] creating /root/Dojo/install/vision_system/share/vision_system/launch
[1.494s] symbolically linking /root/Dojo/build/vision_system/launch/vision_system.launch.py -> /root/Dojo/install/vision_system/share/vision_system/launch
[1.494s] creating /root/Dojo/install/vision_system/share/vision_system/config
[1.530s] Invoked command in '/root/Dojo/build/vision_system' returned '0': PYTHONPATH=/root/Dojo/build/vision_system/prefix_override:/usr/lib/python3/dist-packages/colcon_core/task/python/colcon_distutils_commands:/root/Dojo/install/vision_system/lib/python3.10/site-packages:${PYTHONPATH} /usr/bin/python3 -W ignore:setup.py install is deprecated -W ignore:easy_install command is deprecated setup.py develop --editable --build-directory /root/Dojo/build/vision_system/build --no-deps symlink_data
