[3.660s] Invoking command in '/root/Dojo/build/robot_hardware': PYTHONPATH=/root/Dojo/build/robot_hardware/prefix_override:/usr/lib/python3/dist-packages/colcon_core/task/python/colcon_distutils_commands:/root/Dojo/install/robot_hardware/lib/python3.10/site-packages:${PYTHONPATH} /usr/bin/python3 -W ignore:setup.py install is deprecated -W ignore:easy_install command is deprecated setup.py develop --editable --build-directory /root/Dojo/build/robot_hardware/build --no-deps symlink_data
[4.192s] running develop
[4.447s] running egg_info
[4.462s] writing robot_hardware.egg-info/PKG-INFO
[4.463s] writing dependency_links to robot_hardware.egg-info/dependency_links.txt
[4.463s] writing entry points to robot_hardware.egg-info/entry_points.txt
[4.463s] writing requirements to robot_hardware.egg-info/requires.txt
[4.463s] writing top-level names to robot_hardware.egg-info/top_level.txt
[4.492s] reading manifest file 'robot_hardware.egg-info/SOURCES.txt'
[4.493s] writing manifest file 'robot_hardware.egg-info/SOURCES.txt'
[4.508s] running build_ext
[4.509s] Creating /root/Dojo/install/robot_hardware/lib/python3.10/site-packages/robot-hardware.egg-link (link to .)
[4.509s] Installing arduino_driver script to /root/Dojo/install/robot_hardware/lib/robot_hardware
[4.509s] Installing camera_driver script to /root/Dojo/install/robot_hardware/lib/robot_hardware
[4.509s] Installing hardware_manager script to /root/Dojo/install/robot_hardware/lib/robot_hardware
[4.510s] Installing lidar_driver script to /root/Dojo/install/robot_hardware/lib/robot_hardware
[4.510s] 
[4.510s] Installed /root/Dojo/build/robot_hardware
[4.510s] running symlink_data
[4.857s] Invoked command in '/root/Dojo/build/robot_hardware' returned '0': PYTHONPATH=/root/Dojo/build/robot_hardware/prefix_override:/usr/lib/python3/dist-packages/colcon_core/task/python/colcon_distutils_commands:/root/Dojo/install/robot_hardware/lib/python3.10/site-packages:${PYTHONPATH} /usr/bin/python3 -W ignore:setup.py install is deprecated -W ignore:easy_install command is deprecated setup.py develop --editable --build-directory /root/Dojo/build/robot_hardware/build --no-deps symlink_data
