[1.098s] Invoking command in '/root/Dojo/build/robot_hardware': PYTHONPATH=/root/Dojo/build/robot_hardware/prefix_override:/usr/lib/python3/dist-packages/colcon_core/task/python/colcon_distutils_commands:/root/Dojo/install/robot_hardware/lib/python3.10/site-packages:${PYTHONPATH} /usr/bin/python3 -W ignore:setup.py install is deprecated -W ignore:easy_install command is deprecated setup.py develop --editable --build-directory /root/Dojo/build/robot_hardware/build --no-deps symlink_data
[1.452s] running develop
[1.679s] running egg_info
[1.692s] writing robot_hardware.egg-info/PKG-INFO
[1.692s] writing dependency_links to robot_hardware.egg-info/dependency_links.txt
[1.693s] writing entry points to robot_hardware.egg-info/entry_points.txt
[1.693s] writing requirements to robot_hardware.egg-info/requires.txt
[1.693s] writing top-level names to robot_hardware.egg-info/top_level.txt
[1.721s] reading manifest file 'robot_hardware.egg-info/SOURCES.txt'
[1.722s] writing manifest file 'robot_hardware.egg-info/SOURCES.txt'
[1.737s] running build_ext
[1.737s] Creating /root/Dojo/install/robot_hardware/lib/python3.10/site-packages/robot-hardware.egg-link (link to .)
[1.738s] Installing arduino_driver script to /root/Dojo/install/robot_hardware/lib/robot_hardware
[1.738s] Installing camera_driver script to /root/Dojo/install/robot_hardware/lib/robot_hardware
[1.738s] Installing hardware_manager script to /root/Dojo/install/robot_hardware/lib/robot_hardware
[1.739s] Installing lidar_driver script to /root/Dojo/install/robot_hardware/lib/robot_hardware
[1.739s] 
[1.739s] Installed /root/Dojo/build/robot_hardware
[1.739s] running symlink_data
[1.783s] Invoked command in '/root/Dojo/build/robot_hardware' returned '0': PYTHONPATH=/root/Dojo/build/robot_hardware/prefix_override:/usr/lib/python3/dist-packages/colcon_core/task/python/colcon_distutils_commands:/root/Dojo/install/robot_hardware/lib/python3.10/site-packages:${PYTHONPATH} /usr/bin/python3 -W ignore:setup.py install is deprecated -W ignore:easy_install command is deprecated setup.py develop --editable --build-directory /root/Dojo/build/robot_hardware/build --no-deps symlink_data
