[0.458s] Invoking command in '/home/Dojo/Dojo/build/Robot_description': CMAKE_PREFIX_PATH=/opt/ros/humble /usr/bin/cmake /home/Dojo/Dojo/src/Robot_description1 -DAMENT_CMAKE_SYMLINK_INSTALL=1 -DCMAKE_INSTALL_PREFIX=/home/Dojo/Dojo/install/Robot_description
[0.693s] -- The C compiler identification is GNU 11.4.0
[0.693s] -- The CXX compiler identification is GNU 11.4.0
[0.694s] -- Detecting C compiler ABI info
[0.714s] -- Detecting C compiler ABI info - done
[0.720s] -- Check for working C compiler: /usr/bin/cc - skipped
[0.722s] -- Detecting C compile features
[0.724s] -- Detecting C compile features - done
[0.727s] -- Detecting CXX compiler ABI info
[0.812s] -- Detecting CXX compiler ABI info - done
[0.818s] -- Check for working CXX compiler: /usr/bin/c++ - skipped
[0.818s] -- Detecting CXX compile features
[0.819s] -- Detecting CXX compile features - done
[0.827s] -- Found ament_cmake: 1.3.11 (/opt/ros/humble/share/ament_cmake/cmake)
[0.978s] -- Found Python3: /usr/bin/python3 (found version "3.10.12") found components: Interpreter 
[1.045s] -- Override CMake install command with custom implementation using symlinks instead of copying resources
[1.089s] -- Found ament_lint_auto: 0.12.12 (/opt/ros/humble/share/ament_lint_auto/cmake)
[1.142s] WARNING: Package name "Robot_description" does not follow the naming conventions. It should start with a lower case letter and only contain lower case letters, digits, underscores, and dashes.
[1.182s] -- Added test 'copyright' to check source files copyright and LICENSE
[1.195s] -- Added test 'cppcheck' to perform static code analysis on C / C++ code
[1.195s] -- Configured cppcheck include dirs: 
[1.195s] -- Configured cppcheck exclude dirs and/or files: 
[1.208s] -- Added test 'cpplint' to check C / C++ code against the Google style
[1.208s] -- Configured cpplint exclude dirs and/or files: 
[1.210s] -- Added test 'flake8' to check Python code syntax and style conventions
[1.213s] -- Added test 'lint_cmake' to check CMake code style
[1.215s] -- Added test 'pep257' to check Python code against some of the docstring style conventions in PEP 257
[1.229s] -- Added test 'uncrustify' to check C / C++ code style
[1.229s] -- Configured uncrustify additional arguments: 
[1.231s] -- Added test 'xmllint' to check XML markup files
[1.233s] -- Configuring done
[1.237s] -- Generating done
[1.239s] -- Build files have been written to: /home/Dojo/Dojo/build/Robot_description
[1.244s] Invoked command in '/home/Dojo/Dojo/build/Robot_description' returned '0': CMAKE_PREFIX_PATH=/opt/ros/humble /usr/bin/cmake /home/Dojo/Dojo/src/Robot_description1 -DAMENT_CMAKE_SYMLINK_INSTALL=1 -DCMAKE_INSTALL_PREFIX=/home/Dojo/Dojo/install/Robot_description
[1.244s] Invoking command in '/home/Dojo/Dojo/build/Robot_description': CMAKE_PREFIX_PATH=/opt/ros/humble /usr/bin/cmake --build /home/Dojo/Dojo/build/Robot_description -- -j16 -l16
[1.288s] Invoked command in '/home/Dojo/Dojo/build/Robot_description' returned '0': CMAKE_PREFIX_PATH=/opt/ros/humble /usr/bin/cmake --build /home/Dojo/Dojo/build/Robot_description -- -j16 -l16
[1.290s] Invoking command in '/home/Dojo/Dojo/build/Robot_description': CMAKE_PREFIX_PATH=/opt/ros/humble /usr/bin/cmake --install /home/Dojo/Dojo/build/Robot_description
[1.297s] -- Install configuration: ""
[1.298s] -- Execute custom install script
[1.299s] -- Symlinking: /home/Dojo/Dojo/install/Robot_description/share/Robot_description/launch/display.launch.py
[1.308s] -- Symlinking: /home/Dojo/Dojo/install/Robot_description/share/Robot_description/launch/rviz.launch.py
[1.318s] -- Symlinking: /home/Dojo/Dojo/install/Robot_description/share/Robot_description/launch/state_publisher.launch.py
[1.327s] -- Symlinking: /home/Dojo/Dojo/install/Robot_description/share/Robot_description/urdf/Robot.gazebo
[1.337s] -- Symlinking: /home/Dojo/Dojo/install/Robot_description/share/Robot_description/urdf/Robot.trans
[1.346s] -- Symlinking: /home/Dojo/Dojo/install/Robot_description/share/Robot_description/urdf/Robot_macro.urdf.xacro
[1.355s] -- Symlinking: /home/Dojo/Dojo/install/Robot_description/share/Robot_description/urdf/materials.xacro
[1.364s] -- Symlinking: /home/Dojo/Dojo/install/Robot_description/share/Robot_description/config/display.rviz
[1.373s] [31mCMake Error at ament_cmake_symlink_install/ament_cmake_symlink_install.cmake:100 (message):
[1.373s]   ament_cmake_symlink_install_directory() can't find
[1.373s]   '/home/Dojo/Dojo/src/Robot_description1/meshes'
[1.373s] Call Stack (most recent call first):
[1.373s]   ament_cmake_symlink_install/ament_cmake_symlink_install.cmake:314 (ament_cmake_symlink_install_directory)
[1.373s]   cmake_install.cmake:46 (include)
[1.373s] 
[1.373s] [0m
[1.375s] Invoked command in '/home/Dojo/Dojo/build/Robot_description' returned '1': CMAKE_PREFIX_PATH=/opt/ros/humble /usr/bin/cmake --install /home/Dojo/Dojo/build/Robot_description
