[0.242s] Invoking command in '/home/Dojo/Dojo/build/robot_description': CMAKE_PREFIX_PATH=/opt/ros/humble /usr/bin/cmake --build /home/Dojo/Dojo/build/robot_description -- -j16 -l16
[0.706s] Built target ament_cmake_python_symlink_robot_description
[0.706s] running egg_info
[0.706s] writing robot_description.egg-info/PKG-INFO
[0.706s] writing dependency_links to robot_description.egg-info/dependency_links.txt
[0.706s] writing top-level names to robot_description.egg-info/top_level.txt
[0.706s] reading manifest file 'robot_description.egg-info/SOURCES.txt'
[0.706s] writing manifest file 'robot_description.egg-info/SOURCES.txt'
[0.707s] Built target ament_cmake_python_build_robot_description_egg
[0.710s] Invoked command in '/home/Dojo/Dojo/build/robot_description' returned '0': CMAKE_PREFIX_PATH=/opt/ros/humble /usr/bin/cmake --build /home/Dojo/Dojo/build/robot_description -- -j16 -l16
[0.720s] Invoking command in '/home/Dojo/Dojo/build/robot_description': CMAKE_PREFIX_PATH=/opt/ros/humble /usr/bin/cmake --install /home/Dojo/Dojo/build/robot_description
[0.727s] -- Install configuration: ""
[0.727s] -- Execute custom install script
[0.728s] -- Up-to-date symlink: /home/Dojo/Dojo/install/robot_description/share/robot_description/launch/display.launch.py
[0.728s] -- Up-to-date symlink: /home/Dojo/Dojo/install/robot_description/share/robot_description/launch/robot_state_publisher.launch.py
[0.729s] -- Up-to-date symlink: /home/Dojo/Dojo/install/robot_description/share/robot_description/urdf/robot.urdf.xacro
[0.729s] -- Up-to-date symlink: /home/Dojo/Dojo/install/robot_description/share/robot_description/rviz/robot.rviz
[0.729s] -- Up-to-date symlink: /home/Dojo/Dojo/install/robot_description/share/robot_description/launch//display.launch.py
[0.730s] -- Up-to-date symlink: /home/Dojo/Dojo/install/robot_description/share/robot_description/launch//robot_state_publisher.launch.py
[0.730s] -- Up-to-date symlink: /home/Dojo/Dojo/install/robot_description/share/robot_description/environment/pythonpath.sh
[0.730s] -- Up-to-date symlink: /home/Dojo/Dojo/install/robot_description/share/robot_description/environment/pythonpath.dsv
[0.732s] -- Up-to-date symlink: /home/Dojo/Dojo/install/robot_description/local/lib/python3.10/dist-packages/robot_description-0.0.1-py3.10.egg-info/PKG-INFO
[0.733s] -- Up-to-date symlink: /home/Dojo/Dojo/install/robot_description/local/lib/python3.10/dist-packages/robot_description-0.0.1-py3.10.egg-info/SOURCES.txt
[0.733s] -- Up-to-date symlink: /home/Dojo/Dojo/install/robot_description/local/lib/python3.10/dist-packages/robot_description-0.0.1-py3.10.egg-info/dependency_links.txt
[0.734s] -- Up-to-date symlink: /home/Dojo/Dojo/install/robot_description/local/lib/python3.10/dist-packages/robot_description-0.0.1-py3.10.egg-info/top_level.txt
[0.734s] -- Up-to-date symlink: /home/Dojo/Dojo/install/robot_description/local/lib/python3.10/dist-packages/robot_description/__init__.py
[0.735s] -- Up-to-date symlink: /home/Dojo/Dojo/install/robot_description/share/robot_description/launch/display.launch.py
[0.735s] -- Up-to-date symlink: /home/Dojo/Dojo/install/robot_description/share/robot_description/launch/robot_state_publisher.launch.py
[0.738s] -- Up-to-date symlink: /home/Dojo/Dojo/install/robot_description/share/ament_index/resource_index/package_run_dependencies/robot_description
[0.738s] -- Up-to-date symlink: /home/Dojo/Dojo/install/robot_description/share/ament_index/resource_index/parent_prefix_path/robot_description
[0.739s] -- Up-to-date symlink: /home/Dojo/Dojo/install/robot_description/share/robot_description/environment/ament_prefix_path.sh
[0.739s] -- Up-to-date symlink: /home/Dojo/Dojo/install/robot_description/share/robot_description/environment/ament_prefix_path.dsv
[0.739s] -- Up-to-date symlink: /home/Dojo/Dojo/install/robot_description/share/robot_description/environment/path.sh
[0.739s] -- Up-to-date symlink: /home/Dojo/Dojo/install/robot_description/share/robot_description/environment/path.dsv
[0.740s] -- Up-to-date symlink: /home/Dojo/Dojo/install/robot_description/share/robot_description/local_setup.bash
[0.740s] -- Up-to-date symlink: /home/Dojo/Dojo/install/robot_description/share/robot_description/local_setup.sh
[0.741s] -- Up-to-date symlink: /home/Dojo/Dojo/install/robot_description/share/robot_description/local_setup.zsh
[0.741s] -- Up-to-date symlink: /home/Dojo/Dojo/install/robot_description/share/robot_description/local_setup.dsv
[0.741s] -- Symlinking: /home/Dojo/Dojo/install/robot_description/share/robot_description/package.dsv
[0.746s] -- Up-to-date symlink: /home/Dojo/Dojo/install/robot_description/share/ament_index/resource_index/packages/robot_description
[0.747s] -- Up-to-date symlink: /home/Dojo/Dojo/install/robot_description/share/robot_description/cmake/robot_descriptionConfig.cmake
[0.747s] -- Up-to-date symlink: /home/Dojo/Dojo/install/robot_description/share/robot_description/cmake/robot_descriptionConfig-version.cmake
[0.747s] -- Up-to-date symlink: /home/Dojo/Dojo/install/robot_description/share/robot_description/package.xml
[0.780s] Listing '/home/Dojo/Dojo/install/robot_description/local/lib/python3.10/dist-packages/robot_description'...
[0.790s] Invoked command in '/home/Dojo/Dojo/build/robot_description' returned '0': CMAKE_PREFIX_PATH=/opt/ros/humble /usr/bin/cmake --install /home/Dojo/Dojo/build/robot_description
