-- The C compiler identification is GNU 11.4.0
-- The CXX compiler identification is GNU 11.4.0
-- Detecting C compiler ABI info
-- Detecting C compiler ABI info - done
-- Check for working C compiler: /usr/bin/cc - skipped
-- Detecting C compile features
-- Detecting C compile features - done
-- Detecting CXX compiler ABI info
-- Detecting CXX compiler ABI info - done
-- Check for working CXX compiler: /usr/bin/c++ - skipped
-- Detecting CXX compile features
-- Detecting CXX compile features - done
-- Found ament_cmake: 1.3.12 (/opt/ros/humble/share/ament_cmake/cmake)
-- Found Python3: /usr/bin/python3 (found version "3.10.12") found components: Interpreter 
-- Override CMake install command with custom implementation using symlinks instead of copying resources
-- Configuring done
-- Generating done
-- Build files have been written to: /root/Dojo/build/robot_description
Built target ament_cmake_python_symlink_robot_description
running egg_info
creating robot_description.egg-info
writing robot_description.egg-info/PKG-INFO
writing dependency_links to robot_description.egg-info/dependency_links.txt
writing top-level names to robot_description.egg-info/top_level.txt
writing manifest file 'robot_description.egg-info/SOURCES.txt'
reading manifest file 'robot_description.egg-info/SOURCES.txt'
