[2.119s] Invoking command in '/root/Dojo/build/robot_perception': PYTHONPATH=/root/Dojo/build/robot_perception/prefix_override:/usr/lib/python3/dist-packages/colcon_core/task/python/colcon_distutils_commands:/root/Dojo/install/robot_perception/lib/python3.10/site-packages:${PYTHONPATH} /usr/bin/python3 -W ignore:setup.py install is deprecated -W ignore:easy_install command is deprecated setup.py develop --editable --build-directory /root/Dojo/build/robot_perception/build --no-deps symlink_data
[2.574s] running develop
[2.917s] running egg_info
[2.917s] creating robot_perception.egg-info
[2.940s] writing robot_perception.egg-info/PKG-INFO
[2.940s] writing dependency_links to robot_perception.egg-info/dependency_links.txt
[2.940s] writing entry points to robot_perception.egg-info/entry_points.txt
[2.941s] writing requirements to robot_perception.egg-info/requires.txt
[2.941s] writing top-level names to robot_perception.egg-info/top_level.txt
[2.941s] writing manifest file 'robot_perception.egg-info/SOURCES.txt'
[2.985s] reading manifest file 'robot_perception.egg-info/SOURCES.txt'
[2.986s] writing manifest file 'robot_perception.egg-info/SOURCES.txt'
[3.010s] running build_ext
[3.010s] Creating /root/Dojo/install/robot_perception/lib/python3.10/site-packages/robot-perception.egg-link (link to .)
[3.011s] Installing camera_processor script to /root/Dojo/install/robot_perception/bin
[3.012s] Installing object_detector script to /root/Dojo/install/robot_perception/bin
[3.012s] 
[3.012s] Installed /root/Dojo/build/robot_perception
[3.013s] running symlink_data
[3.138s] Invoked command in '/root/Dojo/build/robot_perception' returned '0': PYTHONPATH=/root/Dojo/build/robot_perception/prefix_override:/usr/lib/python3/dist-packages/colcon_core/task/python/colcon_distutils_commands:/root/Dojo/install/robot_perception/lib/python3.10/site-packages:${PYTHONPATH} /usr/bin/python3 -W ignore:setup.py install is deprecated -W ignore:easy_install command is deprecated setup.py develop --editable --build-directory /root/Dojo/build/robot_perception/build --no-deps symlink_data
