[0.399s] Invoking command in '/root/Dojo/build/robot_description': CMAKE_PREFIX_PATH=${CMAKE_PREFIX_PATH}:/root/Dojo/install/robot_hardware:/root/Dojo/install/robot_control:/opt/ros/humble /usr/bin/cmake /root/Dojo/src/robot_description -DAMENT_CMAKE_SYMLINK_INSTALL=1 -DCMAKE_INSTALL_PREFIX=/root/Dojo/install/robot_description
[0.822s] -- The C compiler identification is GNU 11.4.0
[0.823s] -- The CXX compiler identification is GNU 11.4.0
[0.824s] -- Detecting C compiler ABI info
[0.824s] -- Detecting C compiler ABI info - done
[0.824s] -- Check for working C compiler: /usr/bin/cc - skipped
[0.824s] -- Detecting C compile features
[0.825s] -- Detecting C compile features - done
[0.825s] -- Detecting CXX compiler ABI info
[0.825s] -- Detecting CXX compiler ABI info - done
[0.825s] -- Check for working CXX compiler: /usr/bin/c++ - skipped
[0.826s] -- Detecting CXX compile features
[0.826s] -- Detecting CXX compile features - done
[0.826s] -- Found ament_cmake: 1.3.12 (/opt/ros/humble/share/ament_cmake/cmake)
[1.760s] -- Found Python3: /usr/bin/python3 (found version "3.10.12") found components: Interpreter 
[1.851s] -- Override CMake install command with custom implementation using symlinks instead of copying resources
[2.117s] -- Configuring done
[2.122s] -- Generating done
[2.125s] -- Build files have been written to: /root/Dojo/build/robot_description
[2.132s] Invoked command in '/root/Dojo/build/robot_description' returned '0': CMAKE_PREFIX_PATH=${CMAKE_PREFIX_PATH}:/root/Dojo/install/robot_hardware:/root/Dojo/install/robot_control:/opt/ros/humble /usr/bin/cmake /root/Dojo/src/robot_description -DAMENT_CMAKE_SYMLINK_INSTALL=1 -DCMAKE_INSTALL_PREFIX=/root/Dojo/install/robot_description
[2.135s] Invoking command in '/root/Dojo/build/robot_description': CMAKE_PREFIX_PATH=${CMAKE_PREFIX_PATH}:/root/Dojo/install/robot_hardware:/root/Dojo/install/robot_control:/opt/ros/humble /usr/bin/cmake --build /root/Dojo/build/robot_description -- -j16 -l16
[2.220s] Built target ament_cmake_python_symlink_robot_description
[2.705s] running egg_info
[2.706s] creating robot_description.egg-info
[2.727s] writing robot_description.egg-info/PKG-INFO
[2.728s] writing dependency_links to robot_description.egg-info/dependency_links.txt
[2.728s] writing top-level names to robot_description.egg-info/top_level.txt
[2.729s] writing manifest file 'robot_description.egg-info/SOURCES.txt'
[2.794s] reading manifest file 'robot_description.egg-info/SOURCES.txt'
[2.795s] writing manifest file 'robot_description.egg-info/SOURCES.txt'
[2.887s] Built target ament_cmake_python_build_robot_description_egg
[2.902s] Invoked command in '/root/Dojo/build/robot_description' returned '0': CMAKE_PREFIX_PATH=${CMAKE_PREFIX_PATH}:/root/Dojo/install/robot_hardware:/root/Dojo/install/robot_control:/opt/ros/humble /usr/bin/cmake --build /root/Dojo/build/robot_description -- -j16 -l16
[2.903s] Invoking command in '/root/Dojo/build/robot_description': CMAKE_PREFIX_PATH=${CMAKE_PREFIX_PATH}:/root/Dojo/install/robot_hardware:/root/Dojo/install/robot_control:/opt/ros/humble /usr/bin/cmake --install /root/Dojo/build/robot_description
[2.911s] -- Install configuration: ""
[2.911s] -- Execute custom install script
[2.912s] -- Symlinking: /root/Dojo/install/robot_description/share/robot_description/launch/display.launch.py
[2.923s] -- Symlinking: /root/Dojo/install/robot_description/share/robot_description/launch/robot_state_publisher.launch.py
[2.938s] -- Symlinking: /root/Dojo/install/robot_description/share/robot_description/urdf/common_properties.xacro
[2.951s] -- Symlinking: /root/Dojo/install/robot_description/share/robot_description/urdf/dojo_robot.gazebo
[2.963s] -- Symlinking: /root/Dojo/install/robot_description/share/robot_description/urdf/dojo_robot.urdf.xacro
[2.975s] -- Symlinking: /root/Dojo/install/robot_description/share/robot_description/urdf/robot.urdf
[2.987s] -- Symlinking: /root/Dojo/install/robot_description/share/robot_description/urdf/robot.urdf.xacro
[2.999s] -- Symlinking: /root/Dojo/install/robot_description/share/robot_description/urdf/sensors/rplidar.urdf.xacro
[3.010s] -- Symlinking: /root/Dojo/install/robot_description/share/robot_description/rviz/display.rviz
[3.021s] -- Symlinking: /root/Dojo/install/robot_description/share/robot_description/rviz/robot.rviz
[3.033s] -- Symlinking: /root/Dojo/install/robot_description/share/robot_description/environment/pythonpath.sh
[3.044s] -- Symlinking: /root/Dojo/install/robot_description/share/robot_description/environment/pythonpath.dsv
[3.055s] -- Symlinking: /root/Dojo/install/robot_description/local/lib/python3.10/dist-packages/robot_description-0.0.1-py3.10.egg-info/PKG-INFO
[3.066s] -- Symlinking: /root/Dojo/install/robot_description/local/lib/python3.10/dist-packages/robot_description-0.0.1-py3.10.egg-info/SOURCES.txt
[3.077s] -- Symlinking: /root/Dojo/install/robot_description/local/lib/python3.10/dist-packages/robot_description-0.0.1-py3.10.egg-info/dependency_links.txt
[3.089s] -- Symlinking: /root/Dojo/install/robot_description/local/lib/python3.10/dist-packages/robot_description-0.0.1-py3.10.egg-info/top_level.txt
[3.101s] -- Symlinking: /root/Dojo/install/robot_description/local/lib/python3.10/dist-packages/robot_description/__init__.py
[3.112s] -- Symlinking: /root/Dojo/install/robot_description/lib/robot_description/display_robot.py
[3.126s] -- Symlinking: /root/Dojo/install/robot_description/share/ament_index/resource_index/package_run_dependencies/robot_description
[3.139s] -- Symlinking: /root/Dojo/install/robot_description/share/ament_index/resource_index/parent_prefix_path/robot_description
[3.152s] -- Symlinking: /root/Dojo/install/robot_description/share/robot_description/environment/ament_prefix_path.sh
[3.165s] -- Symlinking: /root/Dojo/install/robot_description/share/robot_description/environment/ament_prefix_path.dsv
[3.176s] -- Symlinking: /root/Dojo/install/robot_description/share/robot_description/environment/path.sh
[3.187s] -- Symlinking: /root/Dojo/install/robot_description/share/robot_description/environment/path.dsv
[3.200s] -- Symlinking: /root/Dojo/install/robot_description/share/robot_description/local_setup.bash
[3.213s] -- Symlinking: /root/Dojo/install/robot_description/share/robot_description/local_setup.sh
[3.226s] -- Symlinking: /root/Dojo/install/robot_description/share/robot_description/local_setup.zsh
[3.239s] -- Symlinking: /root/Dojo/install/robot_description/share/robot_description/local_setup.dsv
[3.252s] -- Symlinking: /root/Dojo/install/robot_description/share/robot_description/package.dsv
[3.265s] -- Symlinking: /root/Dojo/install/robot_description/share/ament_index/resource_index/packages/robot_description
[3.276s] -- Symlinking: /root/Dojo/install/robot_description/share/robot_description/cmake/robot_descriptionConfig.cmake
[3.288s] -- Symlinking: /root/Dojo/install/robot_description/share/robot_description/cmake/robot_descriptionConfig-version.cmake
[3.300s] -- Symlinking: /root/Dojo/install/robot_description/share/robot_description/package.xml
[3.312s] -- Up-to-date: /root/Dojo/install/robot_description/share/robot_description
[3.312s] -- Up-to-date: /root/Dojo/install/robot_description/share/robot_description/urdf
[3.312s] -- Up-to-date: /root/Dojo/install/robot_description/share/robot_description/urdf/sensors
[3.312s] -- Installing: /root/Dojo/install/robot_description/share/robot_description/include
[3.313s] -- Installing: /root/Dojo/install/robot_description/share/robot_description/include/robot_description
[3.313s] -- Up-to-date: /root/Dojo/install/robot_description/share/robot_description/rviz
[3.313s] -- Installing: /root/Dojo/install/robot_description/share/robot_description/src
[3.313s] -- Installing: /root/Dojo/install/robot_description/share/robot_description/src/robot_description
[3.313s] -- Up-to-date: /root/Dojo/install/robot_description/share/robot_description/meshes
[3.313s] -- Installing: /root/Dojo/install/robot_description/share/robot_description/robot_description
[3.314s] -- Installing: /root/Dojo/install/robot_description/share/robot_description/robot_description/robot_description
[3.314s] -- Installing: /root/Dojo/install/robot_description/share/robot_description/scripts
[3.314s] -- Installing: /root/Dojo/install/robot_description/share/robot_description/resource
[3.314s] -- Up-to-date: /root/Dojo/install/robot_description/share/robot_description/launch
[3.314s] -- Up-to-date: /root/Dojo/install/robot_description/share/robot_description/config
[3.314s] -- Installing: /root/Dojo/install/robot_description/lib/robot_description/robot_description
[3.314s] -- Installing: /root/Dojo/install/robot_description/lib/robot_description/robot_description/__init__.py
[3.359s] Listing '/root/Dojo/install/robot_description/local/lib/python3.10/dist-packages/robot_description'...
[3.359s] Compiling '/root/Dojo/install/robot_description/local/lib/python3.10/dist-packages/robot_description/__init__.py'...
[3.368s] Invoked command in '/root/Dojo/build/robot_description' returned '0': CMAKE_PREFIX_PATH=${CMAKE_PREFIX_PATH}:/root/Dojo/install/robot_hardware:/root/Dojo/install/robot_control:/opt/ros/humble /usr/bin/cmake --install /root/Dojo/build/robot_description
