[0.432s] Invoking command in '/root/Dojo/build/robot_description': CMAKE_PREFIX_PATH=/opt/ros/humble /usr/bin/cmake /root/Dojo/src/robot_description -DAMENT_CMAKE_SYMLINK_INSTALL=1 -DCMAKE_INSTALL_PREFIX=/root/Dojo/install/robot_description
[2.385s] -- Found ament_cmake: 1.3.12 (/opt/ros/humble/share/ament_cmake/cmake)
[2.386s] -- Override CMake install command with custom implementation using symlinks instead of copying resources
[2.386s] -- Configuring done
[2.386s] -- Generating done
[2.386s] -- Build files have been written to: /root/Dojo/build/robot_description
[2.766s] Invoked command in '/root/Dojo/build/robot_description' returned '0': CMAKE_PREFIX_PATH=/opt/ros/humble /usr/bin/cmake /root/Dojo/src/robot_description -DAMENT_CMAKE_SYMLINK_INSTALL=1 -DCMAKE_INSTALL_PREFIX=/root/Dojo/install/robot_description
[2.767s] Invoking command in '/root/Dojo/build/robot_description': CMAKE_PREFIX_PATH=/opt/ros/humble /usr/bin/cmake --build /root/Dojo/build/robot_description -- -j16 -l16
[2.845s] Built target ament_cmake_python_symlink_robot_description
[3.333s] running egg_info
[3.352s] writing robot_description.egg-info/PKG-INFO
[3.352s] writing dependency_links to robot_description.egg-info/dependency_links.txt
[3.353s] writing top-level names to robot_description.egg-info/top_level.txt
[3.402s] reading manifest file 'robot_description.egg-info/SOURCES.txt'
[3.403s] writing manifest file 'robot_description.egg-info/SOURCES.txt'
[3.462s] Built target ament_cmake_python_build_robot_description_egg
[3.477s] Invoked command in '/root/Dojo/build/robot_description' returned '0': CMAKE_PREFIX_PATH=/opt/ros/humble /usr/bin/cmake --build /root/Dojo/build/robot_description -- -j16 -l16
[3.478s] Invoking command in '/root/Dojo/build/robot_description': CMAKE_PREFIX_PATH=/opt/ros/humble /usr/bin/cmake --install /root/Dojo/build/robot_description
[3.487s] -- Install configuration: ""
[3.488s] -- Execute custom install script
[3.488s] -- Up-to-date symlink: /root/Dojo/install/robot_description/share/robot_description/launch/display.launch.py
[3.489s] -- Up-to-date symlink: /root/Dojo/install/robot_description/share/robot_description/launch/robot_state_publisher.launch.py
[3.489s] -- Up-to-date symlink: /root/Dojo/install/robot_description/share/robot_description/urdf/common_properties.xacro
[3.489s] -- Up-to-date symlink: /root/Dojo/install/robot_description/share/robot_description/urdf/dojo_robot.gazebo
[3.489s] -- Up-to-date symlink: /root/Dojo/install/robot_description/share/robot_description/urdf/dojo_robot.urdf.xacro
[3.490s] -- Up-to-date symlink: /root/Dojo/install/robot_description/share/robot_description/urdf/robot.urdf
[3.490s] -- Up-to-date symlink: /root/Dojo/install/robot_description/share/robot_description/urdf/robot.urdf.xacro
[3.490s] -- Up-to-date symlink: /root/Dojo/install/robot_description/share/robot_description/urdf/sensors/rplidar.urdf.xacro
[3.490s] -- Up-to-date symlink: /root/Dojo/install/robot_description/share/robot_description/rviz/display.rviz
[3.490s] -- Up-to-date symlink: /root/Dojo/install/robot_description/share/robot_description/rviz/robot.rviz
[3.491s] -- Up-to-date symlink: /root/Dojo/install/robot_description/share/robot_description/environment/pythonpath.sh
[3.491s] -- Up-to-date symlink: /root/Dojo/install/robot_description/share/robot_description/environment/pythonpath.dsv
[3.492s] -- Up-to-date symlink: /root/Dojo/install/robot_description/local/lib/python3.10/dist-packages/robot_description-0.0.1-py3.10.egg-info/PKG-INFO
[3.492s] -- Up-to-date symlink: /root/Dojo/install/robot_description/local/lib/python3.10/dist-packages/robot_description-0.0.1-py3.10.egg-info/SOURCES.txt
[3.492s] -- Up-to-date symlink: /root/Dojo/install/robot_description/local/lib/python3.10/dist-packages/robot_description-0.0.1-py3.10.egg-info/dependency_links.txt
[3.493s] -- Up-to-date symlink: /root/Dojo/install/robot_description/local/lib/python3.10/dist-packages/robot_description-0.0.1-py3.10.egg-info/top_level.txt
[3.493s] -- Up-to-date symlink: /root/Dojo/install/robot_description/local/lib/python3.10/dist-packages/robot_description/__init__.py
[3.494s] -- Up-to-date symlink: /root/Dojo/install/robot_description/lib/robot_description/display_robot.py
[3.494s] -- Up-to-date symlink: /root/Dojo/install/robot_description/share/ament_index/resource_index/package_run_dependencies/robot_description
[3.494s] -- Up-to-date symlink: /root/Dojo/install/robot_description/share/ament_index/resource_index/parent_prefix_path/robot_description
[3.495s] -- Up-to-date symlink: /root/Dojo/install/robot_description/share/robot_description/environment/ament_prefix_path.sh
[3.495s] -- Up-to-date symlink: /root/Dojo/install/robot_description/share/robot_description/environment/ament_prefix_path.dsv
[3.496s] -- Up-to-date symlink: /root/Dojo/install/robot_description/share/robot_description/environment/path.sh
[3.496s] -- Up-to-date symlink: /root/Dojo/install/robot_description/share/robot_description/environment/path.dsv
[3.497s] -- Up-to-date symlink: /root/Dojo/install/robot_description/share/robot_description/local_setup.bash
[3.497s] -- Up-to-date symlink: /root/Dojo/install/robot_description/share/robot_description/local_setup.sh
[3.497s] -- Up-to-date symlink: /root/Dojo/install/robot_description/share/robot_description/local_setup.zsh
[3.498s] -- Up-to-date symlink: /root/Dojo/install/robot_description/share/robot_description/local_setup.dsv
[3.498s] -- Symlinking: /root/Dojo/install/robot_description/share/robot_description/package.dsv
[3.516s] -- Up-to-date symlink: /root/Dojo/install/robot_description/share/ament_index/resource_index/packages/robot_description
[3.516s] -- Up-to-date symlink: /root/Dojo/install/robot_description/share/robot_description/cmake/robot_descriptionConfig.cmake
[3.517s] -- Up-to-date symlink: /root/Dojo/install/robot_description/share/robot_description/cmake/robot_descriptionConfig-version.cmake
[3.517s] -- Up-to-date symlink: /root/Dojo/install/robot_description/share/robot_description/package.xml
[3.517s] -- Up-to-date: /root/Dojo/install/robot_description/share/robot_description
[3.517s] -- Up-to-date: /root/Dojo/install/robot_description/share/robot_description/urdf
[3.518s] -- Up-to-date: /root/Dojo/install/robot_description/share/robot_description/urdf/sensors
[3.518s] -- Up-to-date: /root/Dojo/install/robot_description/share/robot_description/rviz
[3.518s] -- Up-to-date: /root/Dojo/install/robot_description/share/robot_description/src
[3.518s] -- Up-to-date: /root/Dojo/install/robot_description/share/robot_description/src/robot_description
[3.518s] -- Up-to-date: /root/Dojo/install/robot_description/share/robot_description/robot_description
[3.518s] -- Up-to-date: /root/Dojo/install/robot_description/share/robot_description/robot_description/robot_description
[3.518s] -- Up-to-date: /root/Dojo/install/robot_description/share/robot_description/scripts
[3.519s] -- Up-to-date: /root/Dojo/install/robot_description/share/robot_description/resource
[3.519s] -- Up-to-date: /root/Dojo/install/robot_description/share/robot_description/launch
[3.519s] -- Up-to-date: /root/Dojo/install/robot_description/share/robot_description/config
[3.519s] -- Up-to-date: /root/Dojo/install/robot_description/lib/robot_description/robot_description
[3.519s] -- Up-to-date: /root/Dojo/install/robot_description/lib/robot_description/robot_description/__init__.py
[3.562s] Listing '/root/Dojo/install/robot_description/local/lib/python3.10/dist-packages/robot_description'...
[3.573s] Invoked command in '/root/Dojo/build/robot_description' returned '0': CMAKE_PREFIX_PATH=/opt/ros/humble /usr/bin/cmake --install /root/Dojo/build/robot_description
