[0.169s] Invoking command in '/root/Dojo/build/robot_navigation': /usr/bin/cmake /root/Dojo/src/robot_navigation -DAMENT_CMAKE_SYMLINK_INSTALL=1 -DCMAKE_INSTALL_PREFIX=/root/Dojo/install/robot_navigation
[0.663s] -- Found ament_cmake: 1.3.12 (/opt/ros/humble/share/ament_cmake/cmake)
[0.663s] -- Configuring incomplete, errors occurred!
[0.663s] See also "/root/Dojo/build/robot_navigation/CMakeFiles/CMakeOutput.log".
[0.663s] Traceback (most recent call last):
[0.663s]   File "/opt/ros/humble/share/ament_cmake_core/cmake/package_templates/templates_2_cmake.py", line 21, in <module>
[0.663s]     from ament_package.templates import get_environment_hook_template_path
[0.663s] ModuleNotFoundError: No module named 'ament_package'
[0.664s] [31mCMake Error at /opt/ros/humble/share/ament_cmake_core/cmake/ament_cmake_package_templates-extras.cmake:41 (message):
[0.664s]   execute_process(/usr/bin/python3
[0.664s]   /opt/ros/humble/share/ament_cmake_core/cmake/package_templates/templates_2_cmake.py
[0.664s]   /root/Dojo/build/robot_navigation/ament_cmake_package_templates/templates.cmake)
[0.664s]   returned error code 1
[0.664s] Call Stack (most recent call first):
[0.664s]   /opt/ros/humble/share/ament_cmake_core/cmake/ament_cmake_coreConfig.cmake:41 (include)
[0.664s]   /opt/ros/humble/share/ament_cmake/cmake/ament_cmake_export_dependencies-extras.cmake:15 (find_package)
[0.664s]   /opt/ros/humble/share/ament_cmake/cmake/ament_cmakeConfig.cmake:41 (include)
[0.664s]   CMakeLists.txt:10 (find_package)
[0.664s] 
[0.664s] [0m
[0.822s] Invoked command in '/root/Dojo/build/robot_navigation' returned '1': /usr/bin/cmake /root/Dojo/src/robot_navigation -DAMENT_CMAKE_SYMLINK_INSTALL=1 -DCMAKE_INSTALL_PREFIX=/root/Dojo/install/robot_navigation
