[0.000000] (-) TimerEvent: {}
[0.000536] (-) JobUnselected: {'identifier': 'arduino_bridge'}
[0.000628] (-) JobUnselected: {'identifier': 'camera_ros'}
[0.000698] (-) JobUnselected: {'identifier': 'nv21_converter_pkg'}
[0.000760] (-) JobUnselected: {'identifier': 'robot_bringup'}
[0.000823] (-) JobUnselected: {'identifier': 'robot_control'}
[0.000883] (-) JobUnselected: {'identifier': 'robot_description'}
[0.000940] (-) JobUnselected: {'identifier': 'robot_hardware'}
[0.000991] (-) JobUnselected: {'identifier': 'robot_interfaces'}
[0.001024] (-) JobUnselected: {'identifier': 'robot_launch'}
[0.001051] (-) JobUnselected: {'identifier': 'robot_navigation'}
[0.001079] (-) JobUnselected: {'identifier': 'robot_perception'}
[0.001105] (-) JobUnselected: {'identifier': 'robot_sensors'}
[0.001132] (-) JobUnselected: {'identifier': 'ros2arduino_bridge'}
[0.001161] (-) JobUnselected: {'identifier': 'vision_system'}
[0.001200] (robot_gazebo) JobQueued: {'identifier': 'robot_gazebo', 'dependencies': OrderedDict()}
[0.001258] (robot_gazebo) JobStarted: {'identifier': 'robot_gazebo'}
[0.015103] (robot_gazebo) JobProgress: {'identifier': 'robot_gazebo', 'progress': 'cmake'}
[0.016200] (robot_gazebo) JobProgress: {'identifier': 'robot_gazebo', 'progress': 'build'}
[0.017679] (robot_gazebo) Command: {'cmd': ['/usr/bin/cmake', '--build', '/root/Dojo/build/robot_gazebo', '--', '-j16', '-l16'], 'cwd': '/root/Dojo/build/robot_gazebo', 'env': OrderedDict([('HOSTNAME', 'gareth-joel-HP-Pavilion-Gaming-Laptop-15-ec2xxx'), ('SHLVL', '0'), ('LD_LIBRARY_PATH', '/usr/lib/x86_64-linux-gnu/gazebo-11/plugins:/opt/ros/humble/opt/rviz_ogre_vendor/lib:/opt/ros/humble/lib/x86_64-linux-gnu:/opt/ros/humble/lib'), ('HOME', '/root'), ('OLDPWD', '/'), ('ROS_PYTHON_VERSION', '3'), ('ROS_DISTRO', 'humble'), ('_', '/usr/bin/colcon'), ('ROS_VERSION', '2'), ('TERM', 'xterm'), ('ROS_LOCALHOST_ONLY', '0'), ('QT_X11_NO_MITSHM', '1'), ('PATH', '/opt/ros/humble/bin:/usr/local/sbin:/usr/local/bin:/usr/sbin:/usr/bin:/sbin:/bin'), ('DISPLAY', ':0'), ('LANG', 'C.UTF-8'), ('AMENT_PREFIX_PATH', '/opt/ros/humble'), ('PWD', '/root/Dojo/build/robot_gazebo'), ('LC_ALL', 'C.UTF-8'), ('PYTHONPATH', '/opt/ros/humble/lib/python3.10/site-packages:/opt/ros/humble/local/lib/python3.10/dist-packages'), ('COLCON', '1')]), 'shell': False}
[0.069949] (robot_gazebo) StdoutLine: {'line': b'-- Found ament_cmake: 1.3.12 (/opt/ros/humble/share/ament_cmake/cmake)\n'}
[0.099656] (-) TimerEvent: {}
[0.199955] (-) TimerEvent: {}
[0.206272] (robot_gazebo) StdoutLine: {'line': b'-- Override CMake install command with custom implementation using symlinks instead of copying resources\n'}
[0.218455] (robot_gazebo) StdoutLine: {'line': b'-- Found rclcpp: 16.0.14 (/opt/ros/humble/share/rclcpp/cmake)\n'}
[0.269393] (robot_gazebo) StdoutLine: {'line': b'-- Found rosidl_generator_c: 3.1.7 (/opt/ros/humble/share/rosidl_generator_c/cmake)\n'}
[0.272529] (robot_gazebo) StdoutLine: {'line': b'-- Found rosidl_adapter: 3.1.7 (/opt/ros/humble/share/rosidl_adapter/cmake)\n'}
[0.280423] (robot_gazebo) StdoutLine: {'line': b'-- Found rosidl_generator_cpp: 3.1.7 (/opt/ros/humble/share/rosidl_generator_cpp/cmake)\n'}
[0.291393] (robot_gazebo) StdoutLine: {'line': b'-- Using all available rosidl_typesupport_c: rosidl_typesupport_fastrtps_c;rosidl_typesupport_introspection_c\n'}
[0.300097] (-) TimerEvent: {}
[0.307496] (robot_gazebo) StdoutLine: {'line': b'-- Using all available rosidl_typesupport_cpp: rosidl_typesupport_fastrtps_cpp;rosidl_typesupport_introspection_cpp\n'}
[0.346113] (robot_gazebo) StdoutLine: {'line': b'-- Found rmw_implementation_cmake: 6.1.2 (/opt/ros/humble/share/rmw_implementation_cmake/cmake)\n'}
[0.348393] (robot_gazebo) StdoutLine: {'line': b'-- Found rmw_fastrtps_cpp: 6.2.8 (/opt/ros/humble/share/rmw_fastrtps_cpp/cmake)\n'}
[0.400176] (-) TimerEvent: {}
[0.497104] (robot_gazebo) StdoutLine: {'line': b"-- Using RMW implementation 'rmw_fastrtps_cpp' as default\n"}
[0.500247] (-) TimerEvent: {}
[0.550436] (robot_gazebo) StdoutLine: {'line': b'-- Found gazebo_ros: 3.9.0 (/opt/ros/humble/share/gazebo_ros/cmake)\n'}
[0.590492] (robot_gazebo) StdoutLine: {'line': b'-- Found DART: /usr/include (Required is at least version "6.6") found components: dart \n'}
[0.600360] (-) TimerEvent: {}
[0.625572] (robot_gazebo) StdoutLine: {'line': b'-- Found Protobuf: /usr/lib/x86_64-linux-gnu/libprotobuf.so (found version "3.12.4") \n'}
[0.628725] (robot_gazebo) StdoutLine: {'line': b'-- Looking for ignition-math6 -- found version 6.15.1\n'}
[0.635327] (robot_gazebo) StdoutLine: {'line': b'-- Searching for dependencies of ignition-math6\n'}
[0.638484] (robot_gazebo) StdoutLine: {'line': b'-- Looking for OGRE...\n'}
[0.645020] (robot_gazebo) StdoutLine: {'line': b'-- Found Ogre Ghadamon (1.9.0)\n'}
[0.645265] (robot_gazebo) StdoutLine: {'line': b'-- Found OGRE: optimized;/usr/lib/x86_64-linux-gnu/libOgreMain.so;debug;/usr/lib/x86_64-linux-gnu/libOgreMain.so\n'}
[0.654831] (robot_gazebo) StdoutLine: {'line': b'-- Looking for OGRE_Paging...\n'}
[0.655117] (robot_gazebo) StdoutLine: {'line': b'-- Found OGRE_Paging: optimized;/usr/lib/x86_64-linux-gnu/libOgrePaging.so;debug;/usr/lib/x86_64-linux-gnu/libOgrePaging.so\n'}
[0.655247] (robot_gazebo) StdoutLine: {'line': b'-- Looking for OGRE_Terrain...\n'}
[0.655346] (robot_gazebo) StdoutLine: {'line': b'-- Found OGRE_Terrain: optimized;/usr/lib/x86_64-linux-gnu/libOgreTerrain.so;debug;/usr/lib/x86_64-linux-gnu/libOgreTerrain.so\n'}
[0.655407] (robot_gazebo) StdoutLine: {'line': b'-- Looking for OGRE_Property...\n'}
[0.655467] (robot_gazebo) StdoutLine: {'line': b'-- Found OGRE_Property: optimized;/usr/lib/x86_64-linux-gnu/libOgreProperty.so;debug;/usr/lib/x86_64-linux-gnu/libOgreProperty.so\n'}
[0.655524] (robot_gazebo) StdoutLine: {'line': b'-- Looking for OGRE_RTShaderSystem...\n'}
[0.655578] (robot_gazebo) StdoutLine: {'line': b'-- Found OGRE_RTShaderSystem: optimized;/usr/lib/x86_64-linux-gnu/libOgreRTShaderSystem.so;debug;/usr/lib/x86_64-linux-gnu/libOgreRTShaderSystem.so\n'}
[0.655635] (robot_gazebo) StdoutLine: {'line': b'-- Looking for OGRE_Volume...\n'}
[0.655688] (robot_gazebo) StdoutLine: {'line': b'-- Found OGRE_Volume: optimized;/usr/lib/x86_64-linux-gnu/libOgreVolume.so;debug;/usr/lib/x86_64-linux-gnu/libOgreVolume.so\n'}
[0.655742] (robot_gazebo) StdoutLine: {'line': b'-- Looking for OGRE_Overlay...\n'}
[0.655798] (robot_gazebo) StdoutLine: {'line': b'-- Found OGRE_Overlay: optimized;/usr/lib/x86_64-linux-gnu/libOgreOverlay.so;debug;/usr/lib/x86_64-linux-gnu/libOgreOverlay.so\n'}
[0.700450] (-) TimerEvent: {}
[0.734685] (robot_gazebo) StdoutLine: {'line': b'-- Looking for ignition-math6 -- found version 6.15.1\n'}
[0.735402] (robot_gazebo) StdoutLine: {'line': b'-- Looking for ignition-transport8 -- found version 8.2.1\n'}
[0.735856] (robot_gazebo) StdoutLine: {'line': b'-- Searching for dependencies of ignition-transport8\n'}
[0.762480] (robot_gazebo) StdoutLine: {'line': b'-- Found Protobuf: /usr/lib/x86_64-linux-gnu/libprotobuf.so (found suitable version "3.12.4", minimum required is "3") \n'}
[0.782064] (robot_gazebo) StdoutLine: {'line': b'-- Config-file not installed for ZeroMQ -- checking for pkg-config\n'}
[0.787229] (robot_gazebo) StdoutLine: {'line': b"-- Checking for module 'libzmq >= 4'\n"}
[0.800543] (-) TimerEvent: {}
[0.804204] (robot_gazebo) StdoutLine: {'line': b'--   Found libzmq , version 4.3.4\n'}
[0.855115] (robot_gazebo) StdoutLine: {'line': b"-- Checking for module 'uuid'\n"}
[0.870451] (robot_gazebo) StdoutLine: {'line': b'--   Found uuid, version 2.37.2\n'}
[0.900644] (-) TimerEvent: {}
[0.912406] (robot_gazebo) StdoutLine: {'line': b'-- Looking for ignition-msgs5 -- found version 5.8.1\n'}
[0.912875] (robot_gazebo) StdoutLine: {'line': b'-- Searching for dependencies of ignition-msgs5\n'}
[0.940052] (robot_gazebo) StdoutLine: {'line': b'-- Looking for ignition-math6 -- found version 6.15.1\n'}
[0.946765] (robot_gazebo) StdoutLine: {'line': b"-- Checking for module 'tinyxml2'\n"}
[0.964061] (robot_gazebo) StdoutLine: {'line': b'--   Found tinyxml2, version 9.0.0\n'}
[1.000746] (-) TimerEvent: {}
[1.004598] (robot_gazebo) StdoutLine: {'line': b'-- Looking for ignition-msgs5 -- found version 5.8.1\n'}
[1.005278] (robot_gazebo) StdoutLine: {'line': b'-- Looking for ignition-common3 -- found version 3.14.0\n'}
[1.005713] (robot_gazebo) StdoutLine: {'line': b'-- Searching for dependencies of ignition-common3\n'}
[1.005941] (robot_gazebo) StdoutLine: {'line': b'-- Looking for dlfcn.h - found\n'}
[1.006023] (robot_gazebo) StdoutLine: {'line': b'-- Looking for libdl - found\n'}
[1.018256] (robot_gazebo) StdoutLine: {'line': b'-- Searching for <ignition-common3> component [graphics]\n'}
[1.018939] (robot_gazebo) StdoutLine: {'line': b'-- Looking for ignition-common3-graphics -- found version 3.14.0\n'}
[1.019434] (robot_gazebo) StdoutLine: {'line': b'-- Searching for dependencies of ignition-common3-graphics\n'}
[1.019758] (robot_gazebo) StdoutLine: {'line': b'-- Looking for ignition-math6 -- found version 6.15.1\n'}
[1.021215] (robot_gazebo) StdoutLine: {'line': b'-- Looking for ignition-fuel_tools4 -- found version 4.4.0\n'}
[1.021607] (robot_gazebo) StdoutLine: {'line': b'-- Searching for dependencies of ignition-fuel_tools4\n'}
[1.072968] (robot_gazebo) StdoutLine: {'line': b"-- Checking for module 'jsoncpp'\n"}
[1.090840] (robot_gazebo) StdoutLine: {'line': b'--   Found jsoncpp, version 1.9.5\n'}
[1.100927] (-) TimerEvent: {}
[1.144686] (robot_gazebo) StdoutLine: {'line': b"-- Checking for module 'libzip'\n"}
[1.165379] (robot_gazebo) StdoutLine: {'line': b'--   Found libzip, version 1.7.3\n'}
[1.200998] (-) TimerEvent: {}
[1.217681] (robot_gazebo) StdoutLine: {'line': b'-- Looking for ignition-common3 -- found version 3.14.0\n'}
[1.218027] (robot_gazebo) StdoutLine: {'line': b'-- Looking for ignition-math6 -- found version 6.15.1\n'}
[1.218413] (robot_gazebo) StdoutLine: {'line': b'-- Looking for ignition-msgs5 -- found version 5.8.1\n'}
[1.221321] (robot_gazebo) StdoutLine: {'line': b'-- Gazebo version: 11.10\n'}
[1.222676] (robot_gazebo) StdoutLine: {'line': b'-- Found ros2_control: 2.51.0 (/opt/ros/humble/share/ros2_control/cmake)\n'}
[1.223163] (robot_gazebo) StdoutLine: {'line': b'-- Found controller_manager: 2.51.0 (/opt/ros/humble/share/controller_manager/cmake)\n'}
[1.301091] (-) TimerEvent: {}
[1.401362] (-) TimerEvent: {}
[1.420637] (robot_gazebo) StdoutLine: {'line': b'-- Found robot_state_publisher: 3.0.3 (/opt/ros/humble/share/robot_state_publisher/cmake)\n'}
[1.425849] (robot_gazebo) StdoutLine: {'line': b'-- Found eigen3_cmake_module: 0.1.1 (/opt/ros/humble/share/eigen3_cmake_module/cmake)\n'}
[1.428287] (robot_gazebo) StdoutLine: {'line': b'-- Ensuring Eigen3 include directory is part of orocos-kdl CMake target\n'}
[1.501459] (-) TimerEvent: {}
[1.552702] (robot_gazebo) StderrLine: {'line': b"Error parsing '/root/Dojo/src/robot_gazebo/package.xml':\n"}
[1.552921] (robot_gazebo) StderrLine: {'line': b'Traceback (most recent call last):\n'}
[1.553010] (robot_gazebo) StderrLine: {'line': b'  File "/opt/ros/humble/share/ament_cmake_core/cmake/core/package_xml_2_cmake.py", line 150, in <module>\n'}
[1.553106] (robot_gazebo) StderrLine: {'line': b'    main()\n'}
[1.553182] (robot_gazebo) StderrLine: {'line': b'  File "/opt/ros/humble/share/ament_cmake_core/cmake/core/package_xml_2_cmake.py", line 53, in main\n'}
[1.553252] (robot_gazebo) StderrLine: {'line': b'    raise e\n'}
[1.553366] (robot_gazebo) StderrLine: {'line': b'  File "/opt/ros/humble/share/ament_cmake_core/cmake/core/package_xml_2_cmake.py", line 49, in main\n'}
[1.553440] (robot_gazebo) StderrLine: {'line': b'    package = parse_package_string(\n'}
[1.553500] (robot_gazebo) StderrLine: {'line': b'  File "/usr/lib/python3/dist-packages/catkin_pkg/package.py", line 719, in parse_package_string\n'}
[1.553561] (robot_gazebo) StderrLine: {'line': b"    export_node = _get_optional_node(root, 'export', filename)\n"}
[1.553621] (robot_gazebo) StderrLine: {'line': b'  File "/usr/lib/python3/dist-packages/catkin_pkg/package.py", line 807, in _get_optional_node\n'}
[1.553686] (robot_gazebo) StderrLine: {'line': b'    raise InvalidPackage(\'The manifest must not contain more than one "%s" tags\' % tagname, filename)\n'}
[1.553750] (robot_gazebo) StderrLine: {'line': b"catkin_pkg.package.InvalidPackage: Error(s) in package '/root/Dojo/src/robot_gazebo/package.xml':\n"}
[1.553799] (robot_gazebo) StderrLine: {'line': b'The manifest must not contain more than one "export" tags\n'}
[1.562460] (robot_gazebo) StderrLine: {'line': b'\x1b[31mCMake Error at /opt/ros/humble/share/ament_cmake_core/cmake/core/ament_package_xml.cmake:95 (message):\n'}
[1.562673] (robot_gazebo) StderrLine: {'line': b'  execute_process(/usr/bin/python3\n'}
[1.562779] (robot_gazebo) StderrLine: {'line': b'  /opt/ros/humble/share/ament_cmake_core/cmake/core/package_xml_2_cmake.py\n'}
[1.562882] (robot_gazebo) StderrLine: {'line': b'  /root/Dojo/src/robot_gazebo/package.xml\n'}
[1.563013] (robot_gazebo) StderrLine: {'line': b'  /root/Dojo/build/robot_gazebo/ament_cmake_core/package.cmake) returned\n'}
[1.563107] (robot_gazebo) StderrLine: {'line': b'  error code 1\n'}
[1.563191] (robot_gazebo) StderrLine: {'line': b'Call Stack (most recent call first):\n'}
[1.563278] (robot_gazebo) StderrLine: {'line': b'  /opt/ros/humble/share/ament_cmake_core/cmake/core/ament_package_xml.cmake:49 (_ament_package_xml)\n'}
[1.563368] (robot_gazebo) StderrLine: {'line': b'  /opt/ros/humble/share/ament_cmake_core/cmake/core/ament_package.cmake:63 (ament_package_xml)\n'}
[1.563447] (robot_gazebo) StderrLine: {'line': b'  CMakeLists.txt:52 (ament_package)\n'}
[1.563525] (robot_gazebo) StderrLine: {'line': b'\n'}
[1.563605] (robot_gazebo) StderrLine: {'line': b'\x1b[0m\n'}
[1.563679] (robot_gazebo) StdoutLine: {'line': b'-- Configuring incomplete, errors occurred!\n'}
[1.563754] (robot_gazebo) StdoutLine: {'line': b'See also "/root/Dojo/build/robot_gazebo/CMakeFiles/CMakeOutput.log".\n'}
[1.579611] (robot_gazebo) StderrLine: {'line': b'gmake: *** [Makefile:226: cmake_check_build_system] Error 1\n'}
[1.583141] (robot_gazebo) CommandEnded: {'returncode': 2}
[1.583516] (robot_gazebo) JobEnded: {'identifier': 'robot_gazebo', 'rc': 2}
[1.593754] (-) EventReactorShutdown: {}
