running develop
running egg_info
creating nv21_converter_pkg.egg-info
writing nv21_converter_pkg.egg-info/PKG-INFO
writing dependency_links to nv21_converter_pkg.egg-info/dependency_links.txt
writing entry points to nv21_converter_pkg.egg-info/entry_points.txt
writing requirements to nv21_converter_pkg.egg-info/requires.txt
writing top-level names to nv21_converter_pkg.egg-info/top_level.txt
writing manifest file 'nv21_converter_pkg.egg-info/SOURCES.txt'
reading manifest file 'nv21_converter_pkg.egg-info/SOURCES.txt'
writing manifest file 'nv21_converter_pkg.egg-info/SOURCES.txt'
running build_ext
Creating /root/Dojo/install/nv21_converter_pkg/lib/python3.10/site-packages/nv21-converter-pkg.egg-link (link to .)
Installing nv21_converter script to /root/Dojo/install/nv21_converter_pkg/lib/nv21_converter_pkg

Installed /root/Dojo/build/nv21_converter_pkg
running symlink_data
creating /root/Dojo/install/nv21_converter_pkg/share/ament_index
creating /root/Dojo/install/nv21_converter_pkg/share/ament_index/resource_index
creating /root/Dojo/install/nv21_converter_pkg/share/ament_index/resource_index/packages
symbolically linking /root/Dojo/build/nv21_converter_pkg/resource/nv21_converter_pkg -> /root/Dojo/install/nv21_converter_pkg/share/ament_index/resource_index/packages
symbolically linking /root/Dojo/build/nv21_converter_pkg/package.xml -> /root/Dojo/install/nv21_converter_pkg/share/nv21_converter_pkg
