[0.011s] Invoking command in '/home/Dojo/Dojo/build/robot_bringup': AMENT_PREFIX_PATH=/home/Dojo/Dojo/install/robot_sensors:/home/Dojo/Dojo/install/robot_perception:/home/Dojo/Dojo/install/robot_navigation:/home/Dojo/Dojo/install/robot_description:/home/Dojo/Dojo/install/robot_control:${AMENT_PREFIX_PATH} CMAKE_PREFIX_PATH=/home/Dojo/Dojo/install/robot_perception:/home/Dojo/Dojo/install/robot_navigation:/home/Dojo/Dojo/install/robot_description:/opt/ros/humble PYTHONPATH=/home/Dojo/Dojo/build/robot_sensors:/home/Dojo/Dojo/install/robot_sensors/lib/python3.10/site-packages:/home/Dojo/Dojo/install/robot_perception/local/lib/python3.10/dist-packages:/home/Dojo/Dojo/install/robot_description/local/lib/python3.10/dist-packages:/home/Dojo/Dojo/build/robot_control:/home/Dojo/Dojo/install/robot_control/lib/python3.10/site-packages:${PYTHONPATH} /usr/bin/cmake /home/Dojo/Dojo/src/robot_bringup -DAMENT_CMAKE_SYMLINK_INSTALL=1 -DCMAKE_INSTALL_PREFIX=/home/Dojo/Dojo/install/robot_bringup
[0.066s] -- The C compiler identification is GNU 11.4.0
[0.121s] -- The CXX compiler identification is GNU 11.4.0
[0.129s] -- Detecting C compiler ABI info
[0.208s] -- Detecting C compiler ABI info - done
[0.215s] -- Check for working C compiler: /usr/bin/cc - skipped
[0.215s] -- Detecting C compile features
[0.216s] -- Detecting C compile features - done
[0.219s] -- Detecting CXX compiler ABI info
[0.304s] -- Detecting CXX compiler ABI info - done
[0.310s] -- Check for working CXX compiler: /usr/bin/c++ - skipped
[0.310s] -- Detecting CXX compile features
[0.310s] -- Detecting CXX compile features - done
[0.315s] -- Found ament_cmake: 1.3.11 (/opt/ros/humble/share/ament_cmake/cmake)
[0.471s] -- Found Python3: /usr/bin/python3 (found version "3.10.12") found components: Interpreter 
[0.542s] -- Override CMake install command with custom implementation using symlinks instead of copying resources
[0.659s] -- Configuring done
[0.662s] -- Generating done
[0.664s] -- Build files have been written to: /home/Dojo/Dojo/build/robot_bringup
[0.669s] Invoked command in '/home/Dojo/Dojo/build/robot_bringup' returned '0': AMENT_PREFIX_PATH=/home/Dojo/Dojo/install/robot_sensors:/home/Dojo/Dojo/install/robot_perception:/home/Dojo/Dojo/install/robot_navigation:/home/Dojo/Dojo/install/robot_description:/home/Dojo/Dojo/install/robot_control:${AMENT_PREFIX_PATH} CMAKE_PREFIX_PATH=/home/Dojo/Dojo/install/robot_perception:/home/Dojo/Dojo/install/robot_navigation:/home/Dojo/Dojo/install/robot_description:/opt/ros/humble PYTHONPATH=/home/Dojo/Dojo/build/robot_sensors:/home/Dojo/Dojo/install/robot_sensors/lib/python3.10/site-packages:/home/Dojo/Dojo/install/robot_perception/local/lib/python3.10/dist-packages:/home/Dojo/Dojo/install/robot_description/local/lib/python3.10/dist-packages:/home/Dojo/Dojo/build/robot_control:/home/Dojo/Dojo/install/robot_control/lib/python3.10/site-packages:${PYTHONPATH} /usr/bin/cmake /home/Dojo/Dojo/src/robot_bringup -DAMENT_CMAKE_SYMLINK_INSTALL=1 -DCMAKE_INSTALL_PREFIX=/home/Dojo/Dojo/install/robot_bringup
[0.670s] Invoking command in '/home/Dojo/Dojo/build/robot_bringup': AMENT_PREFIX_PATH=/home/Dojo/Dojo/install/robot_sensors:/home/Dojo/Dojo/install/robot_perception:/home/Dojo/Dojo/install/robot_navigation:/home/Dojo/Dojo/install/robot_description:/home/Dojo/Dojo/install/robot_control:${AMENT_PREFIX_PATH} CMAKE_PREFIX_PATH=/home/Dojo/Dojo/install/robot_perception:/home/Dojo/Dojo/install/robot_navigation:/home/Dojo/Dojo/install/robot_description:/opt/ros/humble PYTHONPATH=/home/Dojo/Dojo/build/robot_sensors:/home/Dojo/Dojo/install/robot_sensors/lib/python3.10/site-packages:/home/Dojo/Dojo/install/robot_perception/local/lib/python3.10/dist-packages:/home/Dojo/Dojo/install/robot_description/local/lib/python3.10/dist-packages:/home/Dojo/Dojo/build/robot_control:/home/Dojo/Dojo/install/robot_control/lib/python3.10/site-packages:${PYTHONPATH} /usr/bin/cmake --build /home/Dojo/Dojo/build/robot_bringup -- -j16 -l16
[0.711s] Invoked command in '/home/Dojo/Dojo/build/robot_bringup' returned '0': AMENT_PREFIX_PATH=/home/Dojo/Dojo/install/robot_sensors:/home/Dojo/Dojo/install/robot_perception:/home/Dojo/Dojo/install/robot_navigation:/home/Dojo/Dojo/install/robot_description:/home/Dojo/Dojo/install/robot_control:${AMENT_PREFIX_PATH} CMAKE_PREFIX_PATH=/home/Dojo/Dojo/install/robot_perception:/home/Dojo/Dojo/install/robot_navigation:/home/Dojo/Dojo/install/robot_description:/opt/ros/humble PYTHONPATH=/home/Dojo/Dojo/build/robot_sensors:/home/Dojo/Dojo/install/robot_sensors/lib/python3.10/site-packages:/home/Dojo/Dojo/install/robot_perception/local/lib/python3.10/dist-packages:/home/Dojo/Dojo/install/robot_description/local/lib/python3.10/dist-packages:/home/Dojo/Dojo/build/robot_control:/home/Dojo/Dojo/install/robot_control/lib/python3.10/site-packages:${PYTHONPATH} /usr/bin/cmake --build /home/Dojo/Dojo/build/robot_bringup -- -j16 -l16
[0.713s] Invoking command in '/home/Dojo/Dojo/build/robot_bringup': AMENT_PREFIX_PATH=/home/Dojo/Dojo/install/robot_sensors:/home/Dojo/Dojo/install/robot_perception:/home/Dojo/Dojo/install/robot_navigation:/home/Dojo/Dojo/install/robot_description:/home/Dojo/Dojo/install/robot_control:${AMENT_PREFIX_PATH} CMAKE_PREFIX_PATH=/home/Dojo/Dojo/install/robot_perception:/home/Dojo/Dojo/install/robot_navigation:/home/Dojo/Dojo/install/robot_description:/opt/ros/humble PYTHONPATH=/home/Dojo/Dojo/build/robot_sensors:/home/Dojo/Dojo/install/robot_sensors/lib/python3.10/site-packages:/home/Dojo/Dojo/install/robot_perception/local/lib/python3.10/dist-packages:/home/Dojo/Dojo/install/robot_description/local/lib/python3.10/dist-packages:/home/Dojo/Dojo/build/robot_control:/home/Dojo/Dojo/install/robot_control/lib/python3.10/site-packages:${PYTHONPATH} /usr/bin/cmake --install /home/Dojo/Dojo/build/robot_bringup
[0.720s] -- Install configuration: ""
[0.720s] -- Execute custom install script
[0.721s] -- Symlinking: /home/Dojo/Dojo/install/robot_bringup/share/robot_bringup/launch/bringup.launch.py
[0.730s] -- Symlinking: /home/Dojo/Dojo/install/robot_bringup/share/ament_index/resource_index/package_run_dependencies/robot_bringup
[0.741s] -- Symlinking: /home/Dojo/Dojo/install/robot_bringup/share/ament_index/resource_index/parent_prefix_path/robot_bringup
[0.751s] -- Symlinking: /home/Dojo/Dojo/install/robot_bringup/share/robot_bringup/environment/ament_prefix_path.sh
[0.763s] -- Symlinking: /home/Dojo/Dojo/install/robot_bringup/share/robot_bringup/environment/ament_prefix_path.dsv
[0.776s] -- Symlinking: /home/Dojo/Dojo/install/robot_bringup/share/robot_bringup/environment/path.sh
[0.788s] -- Symlinking: /home/Dojo/Dojo/install/robot_bringup/share/robot_bringup/environment/path.dsv
[0.799s] -- Symlinking: /home/Dojo/Dojo/install/robot_bringup/share/robot_bringup/local_setup.bash
[0.810s] -- Symlinking: /home/Dojo/Dojo/install/robot_bringup/share/robot_bringup/local_setup.sh
[0.822s] -- Symlinking: /home/Dojo/Dojo/install/robot_bringup/share/robot_bringup/local_setup.zsh
[0.833s] -- Symlinking: /home/Dojo/Dojo/install/robot_bringup/share/robot_bringup/local_setup.dsv
[0.844s] -- Symlinking: /home/Dojo/Dojo/install/robot_bringup/share/robot_bringup/package.dsv
[0.855s] -- Symlinking: /home/Dojo/Dojo/install/robot_bringup/share/ament_index/resource_index/packages/robot_bringup
[0.864s] -- Symlinking: /home/Dojo/Dojo/install/robot_bringup/share/robot_bringup/cmake/robot_bringupConfig.cmake
[0.875s] -- Symlinking: /home/Dojo/Dojo/install/robot_bringup/share/robot_bringup/cmake/robot_bringupConfig-version.cmake
[0.886s] -- Symlinking: /home/Dojo/Dojo/install/robot_bringup/share/robot_bringup/package.xml
[0.898s] Invoked command in '/home/Dojo/Dojo/build/robot_bringup' returned '0': AMENT_PREFIX_PATH=/home/Dojo/Dojo/install/robot_sensors:/home/Dojo/Dojo/install/robot_perception:/home/Dojo/Dojo/install/robot_navigation:/home/Dojo/Dojo/install/robot_description:/home/Dojo/Dojo/install/robot_control:${AMENT_PREFIX_PATH} CMAKE_PREFIX_PATH=/home/Dojo/Dojo/install/robot_perception:/home/Dojo/Dojo/install/robot_navigation:/home/Dojo/Dojo/install/robot_description:/opt/ros/humble PYTHONPATH=/home/Dojo/Dojo/build/robot_sensors:/home/Dojo/Dojo/install/robot_sensors/lib/python3.10/site-packages:/home/Dojo/Dojo/install/robot_perception/local/lib/python3.10/dist-packages:/home/Dojo/Dojo/install/robot_description/local/lib/python3.10/dist-packages:/home/Dojo/Dojo/build/robot_control:/home/Dojo/Dojo/install/robot_control/lib/python3.10/site-packages:${PYTHONPATH} /usr/bin/cmake --install /home/Dojo/Dojo/build/robot_bringup
