[0.000000] (-) TimerEvent: {}
[0.000459] (-) JobUnselected: {'identifier': 'arduino_bridge'}
[0.000641] (-) JobUnselected: {'identifier': 'robot_bringup'}
[0.000707] (-) JobUnselected: {'identifier': 'robot_control'}
[0.000745] (-) JobUnselected: {'identifier': 'robot_description'}
[0.000780] (-) JobUnselected: {'identifier': 'robot_gazebo'}
[0.000813] (-) JobUnselected: {'identifier': 'robot_navigation'}
[0.000843] (-) JobUnselected: {'identifier': 'robot_perception'}
[0.000858] (-) JobUnselected: {'identifier': 'robot_sensors'}
[0.000888] (-) JobUnselected: {'identifier': 'vision_system'}
[0.000938] (ros2arduino_bridge) JobQueued: {'identifier': 'ros2arduino_bridge', 'dependencies': OrderedDict()}
[0.001007] (ros2arduino_bridge) JobStarted: {'identifier': 'ros2arduino_bridge'}
[0.009150] (ros2arduino_bridge) JobProgress: {'identifier': 'ros2arduino_bridge', 'progress': 'cmake'}
[0.009606] (ros2arduino_bridge) Command: {'cmd': ['/usr/bin/cmake', '/home/Dojo/Dojo/src/ros2arduino_bridge', '-DCMAKE_INSTALL_PREFIX=/home/Dojo/Dojo/install/ros2arduino_bridge'], 'cwd': '/home/Dojo/Dojo/build/ros2arduino_bridge', 'env': OrderedDict([('HOSTNAME', 'gareth-joel-HP-Pavilion-Gaming-Laptop-15-ec2xxx'), ('SHLVL', '0'), ('LD_LIBRARY_PATH', '/usr/lib/x86_64-linux-gnu/gazebo-11/plugins:/opt/ros/humble/opt/rviz_ogre_vendor/lib:/opt/ros/humble/lib/x86_64-linux-gnu:/opt/ros/humble/lib'), ('HOME', '/root'), ('OLDPWD', '/ros2_ws'), ('ROS_PYTHON_VERSION', '3'), ('ROS_DISTRO', 'humble'), ('_', '/usr/bin/colcon'), ('ROS_VERSION', '2'), ('NVIDIA_DRIVER_CAPABILITIES', 'all'), ('TERM', 'xterm'), ('ROS_LOCALHOST_ONLY', '0'), ('PATH', '/opt/ros/humble/bin:/usr/local/sbin:/usr/local/bin:/usr/sbin:/usr/bin:/sbin:/bin'), ('XDG_RUNTIME_DIR', '/tmp'), ('DISPLAY', ':0'), ('LANG', 'C.UTF-8'), ('AMENT_PREFIX_PATH', '/opt/ros/humble'), ('DEBIAN_FRONTEND', 'noninteractive'), ('PWD', '/home/Dojo/Dojo/build/ros2arduino_bridge'), ('LC_ALL', 'C.UTF-8'), ('PYTHONPATH', '/opt/ros/humble/lib/python3.10/site-packages:/opt/ros/humble/local/lib/python3.10/dist-packages'), ('NVIDIA_VISIBLE_DEVICES', 'all'), ('COLCON', '1')]), 'shell': False}
[0.025888] (ros2arduino_bridge) StdoutLine: {'line': b'-- Found ament_cmake_python: 1.3.11 (/opt/ros/humble/share/ament_cmake_python/cmake)\n'}
[0.026299] (ros2arduino_bridge) StderrLine: {'line': b'\x1b[31mCMake Error at /opt/ros/humble/share/ament_cmake_python/cmake/ament_cmake_python-extras.cmake:51 (get_executable_path):\n'}
[0.026443] (ros2arduino_bridge) StderrLine: {'line': b'  Unknown CMake command "get_executable_path".\n'}
[0.026516] (ros2arduino_bridge) StderrLine: {'line': b'Call Stack (most recent call first):\n'}
[0.026580] (ros2arduino_bridge) StderrLine: {'line': b'  /opt/ros/humble/share/ament_cmake_python/cmake/ament_cmake_python-extras.cmake:22 (_ament_cmake_python_get_python_install_dir)\n'}
[0.026637] (ros2arduino_bridge) StderrLine: {'line': b'  /opt/ros/humble/share/ament_cmake_python/cmake/ament_python_install_package.cmake:38 (_ament_cmake_python_register_environment_hook)\n'}
[0.026702] (ros2arduino_bridge) StderrLine: {'line': b'  CMakeLists.txt:8 (ament_python_install_package)\n'}
[0.026760] (ros2arduino_bridge) StderrLine: {'line': b'\n'}
[0.026817] (ros2arduino_bridge) StderrLine: {'line': b'\x1b[0m\n'}
[0.026876] (ros2arduino_bridge) StdoutLine: {'line': b'-- Configuring incomplete, errors occurred!\n'}
[0.026934] (ros2arduino_bridge) StdoutLine: {'line': b'See also "/home/Dojo/Dojo/build/ros2arduino_bridge/CMakeFiles/CMakeOutput.log".\n'}
[0.028721] (ros2arduino_bridge) CommandEnded: {'returncode': 1}
[0.029199] (ros2arduino_bridge) JobEnded: {'identifier': 'ros2arduino_bridge', 'rc': 1}
[0.039881] (-) EventReactorShutdown: {}
