[0.645s] Invoking command in '/root/Dojo/build/robot_navigation': CMAKE_PREFIX_PATH=/opt/ros/humble /usr/bin/cmake --build /root/Dojo/build/robot_navigation -- -j16 -l16
[0.954s] Invoked command in '/root/Dojo/build/robot_navigation' returned '0': CMAKE_PREFIX_PATH=/opt/ros/humble /usr/bin/cmake --build /root/Dojo/build/robot_navigation -- -j16 -l16
[0.963s] Invoking command in '/root/Dojo/build/robot_navigation': CMAKE_PREFIX_PATH=/opt/ros/humble /usr/bin/cmake --install /root/Dojo/build/robot_navigation
[0.972s] -- Install configuration: ""
[0.973s] -- Execute custom install script
[0.973s] -- Up-to-date symlink: /root/Dojo/install/robot_navigation/share/robot_navigation/navigation.launch.py
[0.973s] -- Up-to-date symlink: /root/Dojo/install/robot_navigation/share/robot_navigation/localization.launch.py
[0.974s] -- Up-to-date symlink: /root/Dojo/install/robot_navigation/share/robot_navigation/map_server.launch.py
[0.974s] -- Up-to-date symlink: /root/Dojo/install/robot_navigation/share/robot_navigation/nav2_params.yaml
[0.974s] -- Up-to-date symlink: /root/Dojo/install/robot_navigation/share/robot_navigation/localization_params.yaml
[0.975s] -- Up-to-date symlink: /root/Dojo/install/robot_navigation/share/robot_navigation/map_server_params.yaml
[0.975s] -- Up-to-date symlink: /root/Dojo/install/robot_navigation/share/robot_navigation/bt_navigator_params.yaml
[0.976s] -- Up-to-date symlink: /root/Dojo/install/robot_navigation/share/robot_navigation/planner_params.yaml
[0.977s] -- Up-to-date symlink: /root/Dojo/install/robot_navigation/share/robot_navigation/controller_params.yaml
[0.977s] -- Up-to-date symlink: /root/Dojo/install/robot_navigation/share/robot_navigation/costmap_common_params.yaml
[0.978s] -- Up-to-date symlink: /root/Dojo/install/robot_navigation/share/robot_navigation/global_costmap_params.yaml
[0.979s] -- Up-to-date symlink: /root/Dojo/install/robot_navigation/share/robot_navigation/local_costmap_params.yaml
[0.980s] -- Up-to-date symlink: /root/Dojo/install/robot_navigation/share/robot_navigation/launch/localization.launch.py
[0.980s] -- Up-to-date symlink: /root/Dojo/install/robot_navigation/share/robot_navigation/launch/map_server.launch.py
[0.980s] -- Up-to-date symlink: /root/Dojo/install/robot_navigation/share/robot_navigation/launch/navigation.launch.py
[0.980s] -- Up-to-date symlink: /root/Dojo/install/robot_navigation/share/robot_navigation/config/bt_navigator_params.yaml
[0.980s] -- Up-to-date symlink: /root/Dojo/install/robot_navigation/share/robot_navigation/config/controller_params.yaml
[0.980s] -- Up-to-date symlink: /root/Dojo/install/robot_navigation/share/robot_navigation/config/costmap_common_params.yaml
[0.980s] -- Up-to-date symlink: /root/Dojo/install/robot_navigation/share/robot_navigation/config/global_costmap_params.yaml
[0.980s] -- Up-to-date symlink: /root/Dojo/install/robot_navigation/share/robot_navigation/config/local_costmap_params.yaml
[0.980s] -- Up-to-date symlink: /root/Dojo/install/robot_navigation/share/robot_navigation/config/localization_params.yaml
[0.980s] -- Up-to-date symlink: /root/Dojo/install/robot_navigation/share/robot_navigation/config/map_server_params.yaml
[0.981s] -- Up-to-date symlink: /root/Dojo/install/robot_navigation/share/robot_navigation/config/nav2_params.yaml
[0.981s] -- Up-to-date symlink: /root/Dojo/install/robot_navigation/share/robot_navigation/config/planner_params.yaml
[0.981s] -- Up-to-date symlink: /root/Dojo/install/robot_navigation/share/robot_navigation/config/bt_navigator_params.yaml
[0.981s] -- Up-to-date symlink: /root/Dojo/install/robot_navigation/share/robot_navigation/config/controller_params.yaml
[0.981s] -- Up-to-date symlink: /root/Dojo/install/robot_navigation/share/robot_navigation/config/costmap_common_params.yaml
[0.981s] -- Up-to-date symlink: /root/Dojo/install/robot_navigation/share/robot_navigation/config/global_costmap_params.yaml
[0.981s] -- Up-to-date symlink: /root/Dojo/install/robot_navigation/share/robot_navigation/config/local_costmap_params.yaml
[0.981s] -- Up-to-date symlink: /root/Dojo/install/robot_navigation/share/robot_navigation/config/localization_params.yaml
[0.981s] -- Up-to-date symlink: /root/Dojo/install/robot_navigation/share/robot_navigation/config/map_server_params.yaml
[0.982s] -- Up-to-date symlink: /root/Dojo/install/robot_navigation/share/robot_navigation/config/nav2_params.yaml
[0.982s] -- Up-to-date symlink: /root/Dojo/install/robot_navigation/share/robot_navigation/config/planner_params.yaml
[0.982s] -- Up-to-date symlink: /root/Dojo/install/robot_navigation/share/robot_navigation/launch/localization.launch.py
[0.982s] -- Up-to-date symlink: /root/Dojo/install/robot_navigation/share/robot_navigation/launch/map_server.launch.py
[0.982s] -- Up-to-date symlink: /root/Dojo/install/robot_navigation/share/robot_navigation/launch/navigation.launch.py
[0.982s] -- Up-to-date symlink: /root/Dojo/install/robot_navigation/share/ament_index/resource_index/package_run_dependencies/robot_navigation
[0.982s] -- Up-to-date symlink: /root/Dojo/install/robot_navigation/share/ament_index/resource_index/parent_prefix_path/robot_navigation
[0.982s] -- Up-to-date symlink: /root/Dojo/install/robot_navigation/share/robot_navigation/environment/ament_prefix_path.sh
[0.982s] -- Up-to-date symlink: /root/Dojo/install/robot_navigation/share/robot_navigation/environment/ament_prefix_path.dsv
[0.983s] -- Up-to-date symlink: /root/Dojo/install/robot_navigation/share/robot_navigation/environment/path.sh
[0.983s] -- Up-to-date symlink: /root/Dojo/install/robot_navigation/share/robot_navigation/environment/path.dsv
[0.983s] -- Up-to-date symlink: /root/Dojo/install/robot_navigation/share/robot_navigation/local_setup.bash
[0.983s] -- Up-to-date symlink: /root/Dojo/install/robot_navigation/share/robot_navigation/local_setup.sh
[0.985s] -- Up-to-date symlink: /root/Dojo/install/robot_navigation/share/robot_navigation/local_setup.zsh
[0.985s] -- Up-to-date symlink: /root/Dojo/install/robot_navigation/share/robot_navigation/local_setup.dsv
[0.985s] -- Symlinking: /root/Dojo/install/robot_navigation/share/robot_navigation/package.dsv
[0.992s] -- Up-to-date symlink: /root/Dojo/install/robot_navigation/share/ament_index/resource_index/packages/robot_navigation
[0.992s] -- Up-to-date symlink: /root/Dojo/install/robot_navigation/share/robot_navigation/cmake/robot_navigationConfig.cmake
[0.992s] -- Up-to-date symlink: /root/Dojo/install/robot_navigation/share/robot_navigation/cmake/robot_navigationConfig-version.cmake
[0.992s] -- Up-to-date symlink: /root/Dojo/install/robot_navigation/share/robot_navigation/package.xml
[1.001s] Invoked command in '/root/Dojo/build/robot_navigation' returned '0': CMAKE_PREFIX_PATH=/opt/ros/humble /usr/bin/cmake --install /root/Dojo/build/robot_navigation
