[0.344s] Invoking command in '/root/Dojo/build/robot_navigation': CMAKE_PREFIX_PATH=/opt/ros/humble /usr/bin/cmake --build /root/Dojo/build/robot_navigation -- -j16 -l16
[1.692s] Invoked command in '/root/Dojo/build/robot_navigation' returned '0': CMAKE_PREFIX_PATH=/opt/ros/humble /usr/bin/cmake --build /root/Dojo/build/robot_navigation -- -j16 -l16
[1.694s] Invoking command in '/root/Dojo/build/robot_navigation': CMAKE_PREFIX_PATH=/opt/ros/humble /usr/bin/cmake --install /root/Dojo/build/robot_navigation
[1.711s] -- Install configuration: ""
[1.718s] -- Execute custom install script
[1.721s] -- Up-to-date symlink: /root/Dojo/install/robot_navigation/share/robot_navigation/navigation.launch.py
[1.724s] -- Up-to-date symlink: /root/Dojo/install/robot_navigation/share/robot_navigation/localization.launch.py
[1.725s] -- Up-to-date symlink: /root/Dojo/install/robot_navigation/share/robot_navigation/map_server.launch.py
[1.730s] -- Up-to-date symlink: /root/Dojo/install/robot_navigation/share/robot_navigation/nav2_params.yaml
[1.730s] -- Up-to-date symlink: /root/Dojo/install/robot_navigation/share/robot_navigation/localization_params.yaml
[1.731s] -- Up-to-date symlink: /root/Dojo/install/robot_navigation/share/robot_navigation/map_server_params.yaml
[1.731s] -- Up-to-date symlink: /root/Dojo/install/robot_navigation/share/robot_navigation/bt_navigator_params.yaml
[1.732s] -- Up-to-date symlink: /root/Dojo/install/robot_navigation/share/robot_navigation/planner_params.yaml
[1.732s] -- Up-to-date symlink: /root/Dojo/install/robot_navigation/share/robot_navigation/controller_params.yaml
[1.732s] -- Up-to-date symlink: /root/Dojo/install/robot_navigation/share/robot_navigation/costmap_common_params.yaml
[1.733s] -- Up-to-date symlink: /root/Dojo/install/robot_navigation/share/robot_navigation/global_costmap_params.yaml
[1.733s] -- Up-to-date symlink: /root/Dojo/install/robot_navigation/share/robot_navigation/local_costmap_params.yaml
[1.735s] -- Up-to-date symlink: /root/Dojo/install/robot_navigation/share/robot_navigation/launch/localization.launch.py
[1.735s] -- Up-to-date symlink: /root/Dojo/install/robot_navigation/share/robot_navigation/launch/map_server.launch.py
[1.736s] -- Up-to-date symlink: /root/Dojo/install/robot_navigation/share/robot_navigation/launch/navigation.launch.py
[1.736s] -- Up-to-date symlink: /root/Dojo/install/robot_navigation/share/robot_navigation/config/bt_navigator_params.yaml
[1.737s] -- Up-to-date symlink: /root/Dojo/install/robot_navigation/share/robot_navigation/config/controller_params.yaml
[1.737s] -- Up-to-date symlink: /root/Dojo/install/robot_navigation/share/robot_navigation/config/costmap_common_params.yaml
[1.738s] -- Up-to-date symlink: /root/Dojo/install/robot_navigation/share/robot_navigation/config/global_costmap_params.yaml
[1.739s] -- Up-to-date symlink: /root/Dojo/install/robot_navigation/share/robot_navigation/config/local_costmap_params.yaml
[1.739s] -- Up-to-date symlink: /root/Dojo/install/robot_navigation/share/robot_navigation/config/localization_params.yaml
[1.740s] -- Up-to-date symlink: /root/Dojo/install/robot_navigation/share/robot_navigation/config/map_server_params.yaml
[1.740s] -- Up-to-date symlink: /root/Dojo/install/robot_navigation/share/robot_navigation/config/nav2_params.yaml
[1.740s] -- Up-to-date symlink: /root/Dojo/install/robot_navigation/share/robot_navigation/config/planner_params.yaml
[1.741s] -- Up-to-date symlink: /root/Dojo/install/robot_navigation/share/robot_navigation/config/bt_navigator_params.yaml
[1.741s] -- Up-to-date symlink: /root/Dojo/install/robot_navigation/share/robot_navigation/config/controller_params.yaml
[1.742s] -- Up-to-date symlink: /root/Dojo/install/robot_navigation/share/robot_navigation/config/costmap_common_params.yaml
[1.742s] -- Up-to-date symlink: /root/Dojo/install/robot_navigation/share/robot_navigation/config/global_costmap_params.yaml
[1.742s] -- Up-to-date symlink: /root/Dojo/install/robot_navigation/share/robot_navigation/config/local_costmap_params.yaml
[1.742s] -- Up-to-date symlink: /root/Dojo/install/robot_navigation/share/robot_navigation/config/localization_params.yaml
[1.743s] -- Up-to-date symlink: /root/Dojo/install/robot_navigation/share/robot_navigation/config/map_server_params.yaml
[1.743s] -- Up-to-date symlink: /root/Dojo/install/robot_navigation/share/robot_navigation/config/nav2_params.yaml
[1.743s] -- Up-to-date symlink: /root/Dojo/install/robot_navigation/share/robot_navigation/config/planner_params.yaml
[1.743s] -- Up-to-date symlink: /root/Dojo/install/robot_navigation/share/robot_navigation/launch/localization.launch.py
[1.744s] -- Up-to-date symlink: /root/Dojo/install/robot_navigation/share/robot_navigation/launch/map_server.launch.py
[1.744s] -- Up-to-date symlink: /root/Dojo/install/robot_navigation/share/robot_navigation/launch/navigation.launch.py
[1.747s] -- Up-to-date symlink: /root/Dojo/install/robot_navigation/share/ament_index/resource_index/package_run_dependencies/robot_navigation
[1.748s] -- Up-to-date symlink: /root/Dojo/install/robot_navigation/share/ament_index/resource_index/parent_prefix_path/robot_navigation
[1.750s] -- Up-to-date symlink: /root/Dojo/install/robot_navigation/share/robot_navigation/environment/ament_prefix_path.sh
[1.750s] -- Up-to-date symlink: /root/Dojo/install/robot_navigation/share/robot_navigation/environment/ament_prefix_path.dsv
[1.751s] -- Up-to-date symlink: /root/Dojo/install/robot_navigation/share/robot_navigation/environment/path.sh
[1.752s] -- Up-to-date symlink: /root/Dojo/install/robot_navigation/share/robot_navigation/environment/path.dsv
[1.752s] -- Up-to-date symlink: /root/Dojo/install/robot_navigation/share/robot_navigation/local_setup.bash
[1.752s] -- Up-to-date symlink: /root/Dojo/install/robot_navigation/share/robot_navigation/local_setup.sh
[1.753s] -- Up-to-date symlink: /root/Dojo/install/robot_navigation/share/robot_navigation/local_setup.zsh
[1.753s] -- Up-to-date symlink: /root/Dojo/install/robot_navigation/share/robot_navigation/local_setup.dsv
[1.754s] -- Symlinking: /root/Dojo/install/robot_navigation/share/robot_navigation/package.dsv
[1.759s] -- Up-to-date symlink: /root/Dojo/install/robot_navigation/share/ament_index/resource_index/packages/robot_navigation
[1.759s] -- Up-to-date symlink: /root/Dojo/install/robot_navigation/share/robot_navigation/cmake/robot_navigationConfig.cmake
[1.760s] -- Up-to-date symlink: /root/Dojo/install/robot_navigation/share/robot_navigation/cmake/robot_navigationConfig-version.cmake
[1.760s] -- Up-to-date symlink: /root/Dojo/install/robot_navigation/share/robot_navigation/package.xml
[1.762s] Invoked command in '/root/Dojo/build/robot_navigation' returned '0': CMAKE_PREFIX_PATH=/opt/ros/humble /usr/bin/cmake --install /root/Dojo/build/robot_navigation
