[1.876s] Invoking command in '/home/Dojo/Dojo/build/robot_control': PYTHONPATH=/home/Dojo/Dojo/build/robot_control/prefix_override:/usr/lib/python3/dist-packages/colcon_core/task/python/colcon_distutils_commands:/home/Dojo/Dojo/install/robot_control/lib/python3.10/site-packages:${PYTHONPATH} /usr/bin/python3 -W ignore:setup.py install is deprecated -W ignore:easy_install command is deprecated setup.py develop --editable --build-directory /home/Dojo/Dojo/build/robot_control/build --no-deps symlink_data
[2.224s] running develop
[2.443s] running egg_info
[2.443s] creating robot_control.egg-info
[2.443s] writing robot_control.egg-info/PKG-INFO
[2.443s] writing dependency_links to robot_control.egg-info/dependency_links.txt
[2.443s] writing entry points to robot_control.egg-info/entry_points.txt
[2.443s] writing requirements to robot_control.egg-info/requires.txt
[2.443s] writing top-level names to robot_control.egg-info/top_level.txt
[2.444s] writing manifest file 'robot_control.egg-info/SOURCES.txt'
[2.446s] reading manifest file 'robot_control.egg-info/SOURCES.txt'
[2.447s] writing manifest file 'robot_control.egg-info/SOURCES.txt'
[2.449s] running build_ext
[2.450s] Creating /home/Dojo/Dojo/install/robot_control/lib/python3.10/site-packages/robot-control.egg-link (link to .)
[2.450s] Installing arduino_bridge script to /home/Dojo/Dojo/install/robot_control/lib/robot_control
[2.450s] Installing cmd_vel_to_motors script to /home/Dojo/Dojo/install/robot_control/lib/robot_control
[2.451s] 
[2.451s] Installed /home/Dojo/Dojo/build/robot_control
[2.451s] running symlink_data
[2.451s] creating /home/Dojo/Dojo/install/robot_control/share/ament_index
[2.451s] creating /home/Dojo/Dojo/install/robot_control/share/ament_index/resource_index
[2.451s] creating /home/Dojo/Dojo/install/robot_control/share/ament_index/resource_index/packages
[2.451s] symbolically linking /home/Dojo/Dojo/build/robot_control/resource/robot_control -> /home/Dojo/Dojo/install/robot_control/share/ament_index/resource_index/packages
[2.451s] symbolically linking /home/Dojo/Dojo/build/robot_control/package.xml -> /home/Dojo/Dojo/install/robot_control/share/robot_control
[2.451s] creating /home/Dojo/Dojo/install/robot_control/share/robot_control/launch
[2.452s] symbolically linking /home/Dojo/Dojo/build/robot_control/launch/control.launch.py -> /home/Dojo/Dojo/install/robot_control/share/robot_control/launch
[2.452s] creating /home/Dojo/Dojo/install/robot_control/share/robot_control/config
[2.452s] symbolically linking /home/Dojo/Dojo/build/robot_control/config/arduino.yaml -> /home/Dojo/Dojo/install/robot_control/share/robot_control/config
[2.493s] Invoked command in '/home/Dojo/Dojo/build/robot_control' returned '0': PYTHONPATH=/home/Dojo/Dojo/build/robot_control/prefix_override:/usr/lib/python3/dist-packages/colcon_core/task/python/colcon_distutils_commands:/home/Dojo/Dojo/install/robot_control/lib/python3.10/site-packages:${PYTHONPATH} /usr/bin/python3 -W ignore:setup.py install is deprecated -W ignore:easy_install command is deprecated setup.py develop --editable --build-directory /home/Dojo/Dojo/build/robot_control/build --no-deps symlink_data
