[1.100s] DEBUG:colcon:Command line arguments: ['/usr/bin/colcon', 'build', '--symlink-install']
[1.100s] DEBUG:colcon:Parsed command line arguments: Namespace(log_base=None, log_level=None, verb_name='build', build_base='build', install_base='install', merge_install=False, symlink_install=True, test_result_base=None, continue_on_error=False, executor='sequential', event_handlers=None, paths=['.'], meson_args=[], verb_parser=CustomArgumentParser(prog='colcon build', usage=None, description='Build a set of packages.', formatter_class=<class 'colcon_core.command.CustomFormatter'>, conflict_handler='error', add_help=True), verb_extension=<colcon_core.verb.build.BuildVerb object at 0xffff7ecae2f0>, main=<bound method BuildVerb.main of <colcon_core.verb.build.BuildVerb object at 0xffff7ecae2f0>>)
[1.107s] Level 1:colcon.colcon_core.package_discovery:discover_packages(path) check parameters
[1.107s] Level 1:colcon.colcon_core.package_discovery:discover_packages(path) discover
[1.108s] Level 1:colcon.colcon_core.package_discovery:PathPackageDiscovery.discover(['.'])
[1.108s] Level 1:colcon.colcon_core.package_identification:_identify(.) by extensions ['ignore']
[1.108s] Level 1:colcon.colcon_core.package_identification:_identify(.) by extension 'ignore'
[1.109s] Level 1:colcon.colcon_core.package_identification:_identify(.) by extensions ['meson', 'python']
[1.109s] Level 1:colcon.colcon_core.package_identification:_identify(.) by extension 'meson'
[1.109s] Level 1:colcon.colcon_core.package_identification:_identify(.) by extension 'python'
[1.109s] Level 1:colcon.colcon_core.package_discovery:discover_packages(path) using defaults
[1.182s] INFO:colcon.colcon_core.executor:Executing jobs using 'sequential' executor
[1.184s] DEBUG:colcon.colcon_core.executor.sequential:closing loop
[1.185s] DEBUG:colcon.colcon_core.executor.sequential:loop closed
[1.185s] DEBUG:colcon.colcon_core.event_reactor:joining thread
[1.185s] DEBUG:colcon.colcon_core.event_reactor:joined thread
[1.190s] INFO:colcon.colcon_core.plugin_system:Skipping extension 'colcon_core.shell.bat': Not used on non-Windows systems
[1.191s] INFO:colcon.colcon_core.shell:Creating prefix script '/home/robosync/Robot/camera_ws/install/local_setup.sh'
[1.194s] INFO:colcon.colcon_core.shell:Creating prefix util module '/home/robosync/Robot/camera_ws/install/_local_setup_util_sh.py'
[1.201s] INFO:colcon.colcon_core.shell:Creating prefix chain script '/home/robosync/Robot/camera_ws/install/setup.sh'
