[0.012s] Invoking command in '/root/Dojo/build/robot_gazebo': AMENT_PREFIX_PATH=/root/Dojo/install/robot_description:${AMENT_PREFIX_PATH} CMAKE_PREFIX_PATH=/root/Dojo/install/robot_description:/opt/ros/humble PYTHONPATH=/root/Dojo/install/robot_description/local/lib/python3.10/dist-packages:${PYTHONPATH} /usr/bin/cmake /root/Dojo/src/robot_gazebo -DAMENT_CMAKE_SYMLINK_INSTALL=1 -DCMAKE_INSTALL_PREFIX=/root/Dojo/install/robot_gazebo
[0.034s] -- Found ament_cmake: 1.3.12 (/opt/ros/humble/share/ament_cmake/cmake)
[0.191s] -- Override CMake install command with custom implementation using symlinks instead of copying resources
[0.203s] -- Found rclcpp: 16.0.14 (/opt/ros/humble/share/rclcpp/cmake)
[0.242s] -- Found rosidl_generator_c: 3.1.7 (/opt/ros/humble/share/rosidl_generator_c/cmake)
[0.245s] -- Found rosidl_adapter: 3.1.7 (/opt/ros/humble/share/rosidl_adapter/cmake)
[0.252s] -- Found rosidl_generator_cpp: 3.1.7 (/opt/ros/humble/share/rosidl_generator_cpp/cmake)
[0.264s] -- Using all available rosidl_typesupport_c: rosidl_typesupport_fastrtps_c;rosidl_typesupport_introspection_c
[0.279s] -- Using all available rosidl_typesupport_cpp: rosidl_typesupport_fastrtps_cpp;rosidl_typesupport_introspection_cpp
[0.321s] -- Found rmw_implementation_cmake: 6.1.2 (/opt/ros/humble/share/rmw_implementation_cmake/cmake)
[0.323s] -- Found rmw_fastrtps_cpp: 6.2.8 (/opt/ros/humble/share/rmw_fastrtps_cpp/cmake)
[0.500s] -- Using RMW implementation 'rmw_fastrtps_cpp' as default
[0.558s] -- Found gazebo_ros: 3.9.0 (/opt/ros/humble/share/gazebo_ros/cmake)
[0.605s] -- Found DART: /usr/include (Required is at least version "6.6") found components: dart 
[0.654s] -- Found Protobuf: /usr/lib/x86_64-linux-gnu/libprotobuf.so (found version "3.12.4") 
[0.656s] -- Looking for ignition-math6 -- found version 6.15.1
[0.663s] -- Searching for dependencies of ignition-math6
[0.666s] -- Looking for OGRE...
[0.676s] -- Found Ogre Ghadamon (1.9.0)
[0.677s] -- Found OGRE: optimized;/usr/lib/x86_64-linux-gnu/libOgreMain.so;debug;/usr/lib/x86_64-linux-gnu/libOgreMain.so
[0.694s] -- Looking for OGRE_Paging...
[0.694s] -- Found OGRE_Paging: optimized;/usr/lib/x86_64-linux-gnu/libOgrePaging.so;debug;/usr/lib/x86_64-linux-gnu/libOgrePaging.so
[0.694s] -- Looking for OGRE_Terrain...
[0.694s] -- Found OGRE_Terrain: optimized;/usr/lib/x86_64-linux-gnu/libOgreTerrain.so;debug;/usr/lib/x86_64-linux-gnu/libOgreTerrain.so
[0.694s] -- Looking for OGRE_Property...
[0.694s] -- Found OGRE_Property: optimized;/usr/lib/x86_64-linux-gnu/libOgreProperty.so;debug;/usr/lib/x86_64-linux-gnu/libOgreProperty.so
[0.694s] -- Looking for OGRE_RTShaderSystem...
[0.694s] -- Found OGRE_RTShaderSystem: optimized;/usr/lib/x86_64-linux-gnu/libOgreRTShaderSystem.so;debug;/usr/lib/x86_64-linux-gnu/libOgreRTShaderSystem.so
[0.695s] -- Looking for OGRE_Volume...
[0.695s] -- Found OGRE_Volume: optimized;/usr/lib/x86_64-linux-gnu/libOgreVolume.so;debug;/usr/lib/x86_64-linux-gnu/libOgreVolume.so
[0.695s] -- Looking for OGRE_Overlay...
[0.695s] -- Found OGRE_Overlay: optimized;/usr/lib/x86_64-linux-gnu/libOgreOverlay.so;debug;/usr/lib/x86_64-linux-gnu/libOgreOverlay.so
[0.811s] -- Looking for ignition-math6 -- found version 6.15.1
[0.812s] -- Looking for ignition-transport8 -- found version 8.2.1
[0.813s] -- Searching for dependencies of ignition-transport8
[0.852s] -- Found Protobuf: /usr/lib/x86_64-linux-gnu/libprotobuf.so (found suitable version "3.12.4", minimum required is "3") 
[0.878s] -- Config-file not installed for ZeroMQ -- checking for pkg-config
[0.885s] -- Checking for module 'libzmq >= 4'
[0.913s] --   Found libzmq , version 4.3.4
[1.003s] -- Checking for module 'uuid'
[1.021s] --   Found uuid, version 2.37.2
[1.068s] -- Looking for ignition-msgs5 -- found version 5.8.1
[1.068s] -- Searching for dependencies of ignition-msgs5
[1.100s] -- Looking for ignition-math6 -- found version 6.15.1
[1.106s] -- Checking for module 'tinyxml2'
[1.124s] --   Found tinyxml2, version 9.0.0
[1.171s] -- Looking for ignition-msgs5 -- found version 5.8.1
[1.171s] -- Looking for ignition-common3 -- found version 3.14.0
[1.172s] -- Searching for dependencies of ignition-common3
[1.172s] -- Looking for dlfcn.h - found
[1.172s] -- Looking for libdl - found
[1.185s] -- Searching for <ignition-common3> component [graphics]
[1.185s] -- Looking for ignition-common3-graphics -- found version 3.14.0
[1.186s] -- Searching for dependencies of ignition-common3-graphics
[1.186s] -- Looking for ignition-math6 -- found version 6.15.1
[1.187s] -- Looking for ignition-fuel_tools4 -- found version 4.4.0
[1.188s] -- Searching for dependencies of ignition-fuel_tools4
[1.236s] -- Checking for module 'jsoncpp'
[1.256s] --   Found jsoncpp, version 1.9.5
[1.308s] -- Checking for module 'libzip'
[1.324s] --   Found libzip, version 1.7.3
[1.369s] -- Looking for ignition-common3 -- found version 3.14.0
[1.369s] -- Looking for ignition-math6 -- found version 6.15.1
[1.369s] -- Looking for ignition-msgs5 -- found version 5.8.1
[1.371s] -- Gazebo version: 11.10
[1.374s] -- Found ros2_control: 2.51.0 (/opt/ros/humble/share/ros2_control/cmake)
[1.377s] -- Found controller_manager: 2.51.0 (/opt/ros/humble/share/controller_manager/cmake)
[1.615s] -- Found robot_state_publisher: 3.0.3 (/opt/ros/humble/share/robot_state_publisher/cmake)
[1.633s] -- Found eigen3_cmake_module: 0.1.1 (/opt/ros/humble/share/eigen3_cmake_module/cmake)
[1.635s] -- Found Eigen3: TRUE (found version "3.4.0") 
[1.635s] -- Ensuring Eigen3 include directory is part of orocos-kdl CMake target
[1.795s] -- Configuring done
[1.804s] -- Generating done
[1.806s] -- Build files have been written to: /root/Dojo/build/robot_gazebo
[1.817s] Invoked command in '/root/Dojo/build/robot_gazebo' returned '0': AMENT_PREFIX_PATH=/root/Dojo/install/robot_description:${AMENT_PREFIX_PATH} CMAKE_PREFIX_PATH=/root/Dojo/install/robot_description:/opt/ros/humble PYTHONPATH=/root/Dojo/install/robot_description/local/lib/python3.10/dist-packages:${PYTHONPATH} /usr/bin/cmake /root/Dojo/src/robot_gazebo -DAMENT_CMAKE_SYMLINK_INSTALL=1 -DCMAKE_INSTALL_PREFIX=/root/Dojo/install/robot_gazebo
[1.819s] Invoking command in '/root/Dojo/build/robot_gazebo': AMENT_PREFIX_PATH=/root/Dojo/install/robot_description:${AMENT_PREFIX_PATH} CMAKE_PREFIX_PATH=/root/Dojo/install/robot_description:/opt/ros/humble PYTHONPATH=/root/Dojo/install/robot_description/local/lib/python3.10/dist-packages:${PYTHONPATH} /usr/bin/cmake --build /root/Dojo/build/robot_gazebo -- -j16 -l16
[1.870s] Invoked command in '/root/Dojo/build/robot_gazebo' returned '0': AMENT_PREFIX_PATH=/root/Dojo/install/robot_description:${AMENT_PREFIX_PATH} CMAKE_PREFIX_PATH=/root/Dojo/install/robot_description:/opt/ros/humble PYTHONPATH=/root/Dojo/install/robot_description/local/lib/python3.10/dist-packages:${PYTHONPATH} /usr/bin/cmake --build /root/Dojo/build/robot_gazebo -- -j16 -l16
[1.871s] Invoking command in '/root/Dojo/build/robot_gazebo': AMENT_PREFIX_PATH=/root/Dojo/install/robot_description:${AMENT_PREFIX_PATH} CMAKE_PREFIX_PATH=/root/Dojo/install/robot_description:/opt/ros/humble PYTHONPATH=/root/Dojo/install/robot_description/local/lib/python3.10/dist-packages:${PYTHONPATH} /usr/bin/cmake --install /root/Dojo/build/robot_gazebo
[1.879s] -- Install configuration: ""
[1.880s] -- Execute custom install script
[1.880s] -- Symlinking: /root/Dojo/install/robot_gazebo/share/robot_gazebo/launch/gazebo.launch.py
[1.890s] -- Symlinking: /root/Dojo/install/robot_gazebo/share/robot_gazebo/launch/robot_simulation.launch.py
[1.901s] -- Symlinking: /root/Dojo/install/robot_gazebo/share/robot_gazebo/config/diff_drive_controller.yaml
[1.911s] -- Symlinking: /root/Dojo/install/robot_gazebo/share/robot_gazebo/rviz/robot_simulation.rviz
[1.922s] -- Symlinking: /root/Dojo/install/robot_gazebo/share/robot_gazebo/worlds/empty.world
[1.932s] -- Symlinking: /root/Dojo/install/robot_gazebo/share/ament_index/resource_index/package_run_dependencies/robot_gazebo
[1.942s] -- Symlinking: /root/Dojo/install/robot_gazebo/share/ament_index/resource_index/parent_prefix_path/robot_gazebo
[1.952s] -- Symlinking: /root/Dojo/install/robot_gazebo/share/robot_gazebo/environment/ament_prefix_path.sh
[1.962s] -- Symlinking: /root/Dojo/install/robot_gazebo/share/robot_gazebo/environment/ament_prefix_path.dsv
[1.972s] -- Symlinking: /root/Dojo/install/robot_gazebo/share/robot_gazebo/environment/path.sh
[1.983s] -- Symlinking: /root/Dojo/install/robot_gazebo/share/robot_gazebo/environment/path.dsv
[1.994s] -- Symlinking: /root/Dojo/install/robot_gazebo/share/robot_gazebo/local_setup.bash
[2.003s] -- Symlinking: /root/Dojo/install/robot_gazebo/share/robot_gazebo/local_setup.sh
[2.016s] -- Symlinking: /root/Dojo/install/robot_gazebo/share/robot_gazebo/local_setup.zsh
[2.029s] -- Symlinking: /root/Dojo/install/robot_gazebo/share/robot_gazebo/local_setup.dsv
[2.042s] -- Symlinking: /root/Dojo/install/robot_gazebo/share/robot_gazebo/package.dsv
[2.055s] -- Symlinking: /root/Dojo/install/robot_gazebo/share/ament_index/resource_index/packages/robot_gazebo
[2.068s] -- Symlinking: /root/Dojo/install/robot_gazebo/share/robot_gazebo/cmake/robot_gazeboConfig.cmake
[2.082s] -- Symlinking: /root/Dojo/install/robot_gazebo/share/robot_gazebo/cmake/robot_gazeboConfig-version.cmake
[2.096s] -- Symlinking: /root/Dojo/install/robot_gazebo/share/robot_gazebo/package.xml
[2.109s] -- Installing: /root/Dojo/install/robot_gazebo/lib/robot_gazebo
[2.109s] -- Installing: /root/Dojo/install/robot_gazebo/lib/robot_gazebo/spawn_robot.py
[2.119s] Invoked command in '/root/Dojo/build/robot_gazebo' returned '0': AMENT_PREFIX_PATH=/root/Dojo/install/robot_description:${AMENT_PREFIX_PATH} CMAKE_PREFIX_PATH=/root/Dojo/install/robot_description:/opt/ros/humble PYTHONPATH=/root/Dojo/install/robot_description/local/lib/python3.10/dist-packages:${PYTHONPATH} /usr/bin/cmake --install /root/Dojo/build/robot_gazebo
