[4.584s] Invoking command in '/root/Dojo/build/robot_hardware': PYTHONPATH=/root/Dojo/build/robot_hardware/prefix_override:/usr/lib/python3/dist-packages/colcon_core/task/python/colcon_distutils_commands:/root/Dojo/install/robot_hardware/lib/python3.10/site-packages:${PYTHONPATH} /usr/bin/python3 -W ignore:setup.py install is deprecated -W ignore:easy_install command is deprecated setup.py develop --editable --build-directory /root/Dojo/build/robot_hardware/build --no-deps symlink_data
[5.238s] running develop
[5.578s] running egg_info
[5.607s] writing robot_hardware.egg-info/PKG-INFO
[5.608s] writing dependency_links to robot_hardware.egg-info/dependency_links.txt
[5.608s] writing entry points to robot_hardware.egg-info/entry_points.txt
[5.609s] writing requirements to robot_hardware.egg-info/requires.txt
[5.609s] writing top-level names to robot_hardware.egg-info/top_level.txt
[5.659s] reading manifest file 'robot_hardware.egg-info/SOURCES.txt'
[5.660s] writing manifest file 'robot_hardware.egg-info/SOURCES.txt'
[5.684s] running build_ext
[5.685s] Creating /root/Dojo/install/robot_hardware/lib/python3.10/site-packages/robot-hardware.egg-link (link to .)
[5.686s] Installing arduino_driver script to /root/Dojo/install/robot_hardware/lib/robot_hardware
[5.686s] Installing camera_driver script to /root/Dojo/install/robot_hardware/lib/robot_hardware
[5.687s] Installing hardware_manager script to /root/Dojo/install/robot_hardware/lib/robot_hardware
[5.687s] Installing lidar_driver script to /root/Dojo/install/robot_hardware/lib/robot_hardware
[5.687s] 
[5.687s] Installed /root/Dojo/build/robot_hardware
[5.687s] running symlink_data
[5.801s] Invoked command in '/root/Dojo/build/robot_hardware' returned '0': PYTHONPATH=/root/Dojo/build/robot_hardware/prefix_override:/usr/lib/python3/dist-packages/colcon_core/task/python/colcon_distutils_commands:/root/Dojo/install/robot_hardware/lib/python3.10/site-packages:${PYTHONPATH} /usr/bin/python3 -W ignore:setup.py install is deprecated -W ignore:easy_install command is deprecated setup.py develop --editable --build-directory /root/Dojo/build/robot_hardware/build --no-deps symlink_data
