[0.013s] Invoking command in '/root/Dojo/build/robot_gazebo': /usr/bin/cmake --build /root/Dojo/build/robot_gazebo -- -j16 -l16
[0.045s] -- Found ament_cmake: 1.3.12 (/opt/ros/humble/share/ament_cmake/cmake)
[0.164s] -- Override CMake install command with custom implementation using symlinks instead of copying resources
[0.171s] -- Found rclcpp: 16.0.14 (/opt/ros/humble/share/rclcpp/cmake)
[0.199s] -- Found rosidl_generator_c: 3.1.7 (/opt/ros/humble/share/rosidl_generator_c/cmake)
[0.202s] -- Found rosidl_adapter: 3.1.7 (/opt/ros/humble/share/rosidl_adapter/cmake)
[0.207s] -- Found rosidl_generator_cpp: 3.1.7 (/opt/ros/humble/share/rosidl_generator_cpp/cmake)
[0.217s] -- Using all available rosidl_typesupport_c: rosidl_typesupport_fastrtps_c;rosidl_typesupport_introspection_c
[0.229s] -- Using all available rosidl_typesupport_cpp: rosidl_typesupport_fastrtps_cpp;rosidl_typesupport_introspection_cpp
[0.260s] -- Found rmw_implementation_cmake: 6.1.2 (/opt/ros/humble/share/rmw_implementation_cmake/cmake)
[0.261s] -- Found rmw_fastrtps_cpp: 6.2.8 (/opt/ros/humble/share/rmw_fastrtps_cpp/cmake)
[0.397s] -- Using RMW implementation 'rmw_fastrtps_cpp' as default
[0.441s] -- Found gazebo_ros: 3.9.0 (/opt/ros/humble/share/gazebo_ros/cmake)
[0.474s] -- Found DART: /usr/include (Required is at least version "6.6") found components: dart 
[0.502s] -- Found Protobuf: /usr/lib/x86_64-linux-gnu/libprotobuf.so (found version "3.12.4") 
[0.504s] -- Looking for ignition-math6 -- found version 6.15.1
[0.508s] -- Searching for dependencies of ignition-math6
[0.509s] -- Looking for OGRE...
[0.515s] -- Found Ogre Ghadamon (1.9.0)
[0.516s] -- Found OGRE: optimized;/usr/lib/x86_64-linux-gnu/libOgreMain.so;debug;/usr/lib/x86_64-linux-gnu/libOgreMain.so
[0.525s] -- Looking for OGRE_Paging...
[0.525s] -- Found OGRE_Paging: optimized;/usr/lib/x86_64-linux-gnu/libOgrePaging.so;debug;/usr/lib/x86_64-linux-gnu/libOgrePaging.so
[0.525s] -- Looking for OGRE_Terrain...
[0.525s] -- Found OGRE_Terrain: optimized;/usr/lib/x86_64-linux-gnu/libOgreTerrain.so;debug;/usr/lib/x86_64-linux-gnu/libOgreTerrain.so
[0.526s] -- Looking for OGRE_Property...
[0.526s] -- Found OGRE_Property: optimized;/usr/lib/x86_64-linux-gnu/libOgreProperty.so;debug;/usr/lib/x86_64-linux-gnu/libOgreProperty.so
[0.526s] -- Looking for OGRE_RTShaderSystem...
[0.526s] -- Found OGRE_RTShaderSystem: optimized;/usr/lib/x86_64-linux-gnu/libOgreRTShaderSystem.so;debug;/usr/lib/x86_64-linux-gnu/libOgreRTShaderSystem.so
[0.526s] -- Looking for OGRE_Volume...
[0.526s] -- Found OGRE_Volume: optimized;/usr/lib/x86_64-linux-gnu/libOgreVolume.so;debug;/usr/lib/x86_64-linux-gnu/libOgreVolume.so
[0.526s] -- Looking for OGRE_Overlay...
[0.526s] -- Found OGRE_Overlay: optimized;/usr/lib/x86_64-linux-gnu/libOgreOverlay.so;debug;/usr/lib/x86_64-linux-gnu/libOgreOverlay.so
[0.592s] -- Looking for ignition-math6 -- found version 6.15.1
[0.593s] -- Looking for ignition-transport8 -- found version 8.2.1
[0.593s] -- Searching for dependencies of ignition-transport8
[0.618s] -- Found Protobuf: /usr/lib/x86_64-linux-gnu/libprotobuf.so (found suitable version "3.12.4", minimum required is "3") 
[0.637s] -- Config-file not installed for ZeroMQ -- checking for pkg-config
[0.642s] -- Checking for module 'libzmq >= 4'
[0.658s] --   Found libzmq , version 4.3.4
[0.708s] -- Checking for module 'uuid'
[0.724s] --   Found uuid, version 2.37.2
[0.766s] -- Looking for ignition-msgs5 -- found version 5.8.1
[0.766s] -- Searching for dependencies of ignition-msgs5
[0.795s] -- Looking for ignition-math6 -- found version 6.15.1
[0.800s] -- Checking for module 'tinyxml2'
[0.816s] --   Found tinyxml2, version 9.0.0
[0.857s] -- Looking for ignition-msgs5 -- found version 5.8.1
[0.857s] -- Looking for ignition-common3 -- found version 3.14.0
[0.858s] -- Searching for dependencies of ignition-common3
[0.858s] -- Looking for dlfcn.h - found
[0.858s] -- Looking for libdl - found
[0.869s] -- Searching for <ignition-common3> component [graphics]
[0.869s] -- Looking for ignition-common3-graphics -- found version 3.14.0
[0.870s] -- Searching for dependencies of ignition-common3-graphics
[0.870s] -- Looking for ignition-math6 -- found version 6.15.1
[0.871s] -- Looking for ignition-fuel_tools4 -- found version 4.4.0
[0.871s] -- Searching for dependencies of ignition-fuel_tools4
[0.919s] -- Checking for module 'jsoncpp'
[0.935s] --   Found jsoncpp, version 1.9.5
[0.983s] -- Checking for module 'libzip'
[1.000s] --   Found libzip, version 1.7.3
[1.043s] -- Looking for ignition-common3 -- found version 3.14.0
[1.043s] -- Looking for ignition-math6 -- found version 6.15.1
[1.043s] -- Looking for ignition-msgs5 -- found version 5.8.1
[1.045s] -- Gazebo version: 11.10
[1.046s] -- Found ros2_control: 2.51.0 (/opt/ros/humble/share/ros2_control/cmake)
[1.046s] -- Found controller_manager: 2.51.0 (/opt/ros/humble/share/controller_manager/cmake)
[1.207s] -- Found robot_state_publisher: 3.0.3 (/opt/ros/humble/share/robot_state_publisher/cmake)
[1.210s] -- Found eigen3_cmake_module: 0.1.1 (/opt/ros/humble/share/eigen3_cmake_module/cmake)
[1.212s] -- Ensuring Eigen3 include directory is part of orocos-kdl CMake target
[1.317s] Error parsing '/root/Dojo/src/robot_gazebo/package.xml':
[1.317s] Traceback (most recent call last):
[1.317s]   File "/opt/ros/humble/share/ament_cmake_core/cmake/core/package_xml_2_cmake.py", line 150, in <module>
[1.318s]     main()
[1.318s]   File "/opt/ros/humble/share/ament_cmake_core/cmake/core/package_xml_2_cmake.py", line 53, in main
[1.318s]     raise e
[1.318s]   File "/opt/ros/humble/share/ament_cmake_core/cmake/core/package_xml_2_cmake.py", line 49, in main
[1.318s]     package = parse_package_string(
[1.318s]   File "/usr/lib/python3/dist-packages/catkin_pkg/package.py", line 786, in parse_package_string
[1.318s]     raise InvalidPackage('Error(s):%s' % (''.join(['\n- %s' % e for e in errors])), filename)
[1.318s] catkin_pkg.package.InvalidPackage: Error(s) in package '/root/Dojo/src/robot_gazebo/package.xml':
[1.318s] Error(s):
[1.318s] - The generic dependency on 'rclpy' is redundant with: exec_depend
[1.318s] - The generic dependency on 'geometry_msgs' is redundant with: exec_depend
[1.326s] [31mCMake Error at /opt/ros/humble/share/ament_cmake_core/cmake/core/ament_package_xml.cmake:95 (message):
[1.326s]   execute_process(/usr/bin/python3
[1.326s]   /opt/ros/humble/share/ament_cmake_core/cmake/core/package_xml_2_cmake.py
[1.326s]   /root/Dojo/src/robot_gazebo/package.xml
[1.326s]   /root/Dojo/build/robot_gazebo/ament_cmake_core/package.cmake) returned
[1.327s]   error code 1
[1.327s] Call Stack (most recent call first):
[1.327s]   /opt/ros/humble/share/ament_cmake_core/cmake/core/ament_package_xml.cmake:49 (_ament_package_xml)
[1.327s]   /opt/ros/humble/share/ament_cmake_core/cmake/core/ament_package.cmake:63 (ament_package_xml)
[1.327s]   CMakeLists.txt:52 (ament_package)
[1.327s] 
[1.327s] [0m
[1.327s] -- Configuring incomplete, errors occurred!
[1.327s] See also "/root/Dojo/build/robot_gazebo/CMakeFiles/CMakeOutput.log".
[1.342s] gmake: *** [Makefile:226: cmake_check_build_system] Error 1
[1.344s] Invoked command in '/root/Dojo/build/robot_gazebo' returned '2': /usr/bin/cmake --build /root/Dojo/build/robot_gazebo -- -j16 -l16
