[0.011s] Invoking command in '/home/Dojo/Dojo/build/robot_gazebo': AMENT_PREFIX_PATH=/home/Dojo/Dojo/install/robot_description:${AMENT_PREFIX_PATH} CMAKE_PREFIX_PATH=/home/Dojo/Dojo/install/robot_description:/opt/ros/humble PYTHONPATH=/home/Dojo/Dojo/install/robot_description/local/lib/python3.10/dist-packages:${PYTHONPATH} /usr/bin/cmake --build /home/Dojo/Dojo/build/robot_gazebo -- -j16 -l16
[0.052s] -- Found ament_cmake: 1.3.11 (/opt/ros/humble/share/ament_cmake/cmake)
[0.206s] -- Override CMake install command with custom implementation using symlinks instead of copying resources
[0.215s] -- Found rclcpp: 16.0.12 (/opt/ros/humble/share/rclcpp/cmake)
[0.249s] -- Found rosidl_generator_c: 3.1.6 (/opt/ros/humble/share/rosidl_generator_c/cmake)
[0.251s] -- Found rosidl_adapter: 3.1.6 (/opt/ros/humble/share/rosidl_adapter/cmake)
[0.257s] -- Found rosidl_generator_cpp: 3.1.6 (/opt/ros/humble/share/rosidl_generator_cpp/cmake)
[0.267s] -- Using all available rosidl_typesupport_c: rosidl_typesupport_fastrtps_c;rosidl_typesupport_introspection_c
[0.280s] -- Using all available rosidl_typesupport_cpp: rosidl_typesupport_fastrtps_cpp;rosidl_typesupport_introspection_cpp
[0.314s] -- Found rmw_implementation_cmake: 6.1.2 (/opt/ros/humble/share/rmw_implementation_cmake/cmake)
[0.315s] -- Found rmw_fastrtps_cpp: 6.2.7 (/opt/ros/humble/share/rmw_fastrtps_cpp/cmake)
[0.513s] -- Using RMW implementation 'rmw_fastrtps_cpp' as default
[0.575s] -- Found gazebo_ros: 3.9.0 (/opt/ros/humble/share/gazebo_ros/cmake)
[0.616s] -- Found DART: /usr/include (Required is at least version "6.6") found components: dart 
[0.648s] -- Found Protobuf: /usr/lib/x86_64-linux-gnu/libprotobuf.so (found version "3.12.4") 
[0.650s] -- Looking for ignition-math6 -- found version 6.15.1
[0.655s] -- Searching for dependencies of ignition-math6
[0.657s] -- Looking for OGRE...
[0.663s] -- Found Ogre Ghadamon (1.9.0)
[0.663s] -- Found OGRE: optimized;/usr/lib/x86_64-linux-gnu/libOgreMain.so;debug;/usr/lib/x86_64-linux-gnu/libOgreMain.so
[0.674s] -- Looking for OGRE_Paging...
[0.675s] -- Found OGRE_Paging: optimized;/usr/lib/x86_64-linux-gnu/libOgrePaging.so;debug;/usr/lib/x86_64-linux-gnu/libOgrePaging.so
[0.675s] -- Looking for OGRE_Terrain...
[0.675s] -- Found OGRE_Terrain: optimized;/usr/lib/x86_64-linux-gnu/libOgreTerrain.so;debug;/usr/lib/x86_64-linux-gnu/libOgreTerrain.so
[0.675s] -- Looking for OGRE_Property...
[0.675s] -- Found OGRE_Property: optimized;/usr/lib/x86_64-linux-gnu/libOgreProperty.so;debug;/usr/lib/x86_64-linux-gnu/libOgreProperty.so
[0.675s] -- Looking for OGRE_RTShaderSystem...
[0.675s] -- Found OGRE_RTShaderSystem: optimized;/usr/lib/x86_64-linux-gnu/libOgreRTShaderSystem.so;debug;/usr/lib/x86_64-linux-gnu/libOgreRTShaderSystem.so
[0.676s] -- Looking for OGRE_Volume...
[0.676s] -- Found OGRE_Volume: optimized;/usr/lib/x86_64-linux-gnu/libOgreVolume.so;debug;/usr/lib/x86_64-linux-gnu/libOgreVolume.so
[0.676s] -- Looking for OGRE_Overlay...
[0.676s] -- Found OGRE_Overlay: optimized;/usr/lib/x86_64-linux-gnu/libOgreOverlay.so;debug;/usr/lib/x86_64-linux-gnu/libOgreOverlay.so
[0.772s] -- Looking for ignition-math6 -- found version 6.15.1
[0.773s] -- Looking for ignition-transport8 -- found version 8.2.1
[0.773s] -- Searching for dependencies of ignition-transport8
[0.808s] -- Found Protobuf: /usr/lib/x86_64-linux-gnu/libprotobuf.so (found suitable version "3.12.4", minimum required is "3") 
[0.833s] -- Config-file not installed for ZeroMQ -- checking for pkg-config
[0.839s] -- Checking for module 'libzmq >= 4'
[0.855s] --   Found libzmq , version 4.3.4
[0.933s] -- Checking for module 'uuid'
[0.957s] --   Found uuid, version 2.37.2
[1.011s] -- Looking for ignition-msgs5 -- found version 5.8.1
[1.011s] -- Searching for dependencies of ignition-msgs5
[1.051s] -- Looking for ignition-math6 -- found version 6.15.1
[1.057s] -- Checking for module 'tinyxml2'
[1.074s] --   Found tinyxml2, version 9.0.0
[1.116s] -- Looking for ignition-msgs5 -- found version 5.8.1
[1.116s] -- Looking for ignition-common3 -- found version 3.14.0
[1.117s] -- Searching for dependencies of ignition-common3
[1.117s] -- Looking for dlfcn.h - found
[1.117s] -- Looking for libdl - found
[1.128s] -- Searching for <ignition-common3> component [graphics]
[1.128s] -- Looking for ignition-common3-graphics -- found version 3.14.0
[1.128s] -- Searching for dependencies of ignition-common3-graphics
[1.129s] -- Looking for ignition-math6 -- found version 6.15.1
[1.130s] -- Looking for ignition-fuel_tools4 -- found version 4.4.0
[1.130s] -- Searching for dependencies of ignition-fuel_tools4
[1.184s] -- Checking for module 'jsoncpp'
[1.198s] --   Found jsoncpp, version 1.9.5
[1.243s] -- Checking for module 'libzip'
[1.258s] --   Found libzip, version 1.7.3
[1.301s] -- Looking for ignition-common3 -- found version 3.14.0
[1.302s] -- Looking for ignition-math6 -- found version 6.15.1
[1.302s] -- Looking for ignition-msgs5 -- found version 5.8.1
[1.303s] -- Gazebo version: 11.10
[1.305s] -- Found ros2_control: 2.51.0 (/opt/ros/humble/share/ros2_control/cmake)
[1.305s] -- Found controller_manager: 2.51.0 (/opt/ros/humble/share/controller_manager/cmake)
[1.473s] -- Found robot_state_publisher: 3.0.3 (/opt/ros/humble/share/robot_state_publisher/cmake)
[1.477s] -- Found eigen3_cmake_module: 0.1.1 (/opt/ros/humble/share/eigen3_cmake_module/cmake)
[1.478s] -- Ensuring Eigen3 include directory is part of orocos-kdl CMake target
[1.600s] -- Configuring done
[1.608s] -- Generating done
[1.612s] -- Build files have been written to: /home/Dojo/Dojo/build/robot_gazebo
[1.642s] Invoked command in '/home/Dojo/Dojo/build/robot_gazebo' returned '0': AMENT_PREFIX_PATH=/home/Dojo/Dojo/install/robot_description:${AMENT_PREFIX_PATH} CMAKE_PREFIX_PATH=/home/Dojo/Dojo/install/robot_description:/opt/ros/humble PYTHONPATH=/home/Dojo/Dojo/install/robot_description/local/lib/python3.10/dist-packages:${PYTHONPATH} /usr/bin/cmake --build /home/Dojo/Dojo/build/robot_gazebo -- -j16 -l16
[1.643s] Invoking command in '/home/Dojo/Dojo/build/robot_gazebo': AMENT_PREFIX_PATH=/home/Dojo/Dojo/install/robot_description:${AMENT_PREFIX_PATH} CMAKE_PREFIX_PATH=/home/Dojo/Dojo/install/robot_description:/opt/ros/humble PYTHONPATH=/home/Dojo/Dojo/install/robot_description/local/lib/python3.10/dist-packages:${PYTHONPATH} /usr/bin/cmake --install /home/Dojo/Dojo/build/robot_gazebo
[1.651s] -- Install configuration: ""
[1.651s] -- Execute custom install script
[1.652s] -- Up-to-date symlink: /home/Dojo/Dojo/install/robot_gazebo/share/robot_gazebo/launch/gazebo.launch.py
[1.652s] -- Up-to-date symlink: /home/Dojo/Dojo/install/robot_gazebo/share/robot_gazebo/launch/robot_simulation.launch.py
[1.652s] -- Up-to-date symlink: /home/Dojo/Dojo/install/robot_gazebo/share/robot_gazebo/config/diff_drive_controller.yaml
[1.653s] -- Up-to-date symlink: /home/Dojo/Dojo/install/robot_gazebo/share/robot_gazebo/rviz/robot_simulation.rviz
[1.653s] -- Up-to-date symlink: /home/Dojo/Dojo/install/robot_gazebo/share/robot_gazebo/worlds/empty.world
[1.653s] -- Up-to-date symlink: /home/Dojo/Dojo/install/robot_gazebo/share/ament_index/resource_index/package_run_dependencies/robot_gazebo
[1.653s] -- Up-to-date symlink: /home/Dojo/Dojo/install/robot_gazebo/share/ament_index/resource_index/parent_prefix_path/robot_gazebo
[1.653s] -- Up-to-date symlink: /home/Dojo/Dojo/install/robot_gazebo/share/robot_gazebo/environment/ament_prefix_path.sh
[1.654s] -- Up-to-date symlink: /home/Dojo/Dojo/install/robot_gazebo/share/robot_gazebo/environment/ament_prefix_path.dsv
[1.654s] -- Up-to-date symlink: /home/Dojo/Dojo/install/robot_gazebo/share/robot_gazebo/environment/path.sh
[1.654s] -- Up-to-date symlink: /home/Dojo/Dojo/install/robot_gazebo/share/robot_gazebo/environment/path.dsv
[1.654s] -- Up-to-date symlink: /home/Dojo/Dojo/install/robot_gazebo/share/robot_gazebo/local_setup.bash
[1.654s] -- Up-to-date symlink: /home/Dojo/Dojo/install/robot_gazebo/share/robot_gazebo/local_setup.sh
[1.654s] -- Up-to-date symlink: /home/Dojo/Dojo/install/robot_gazebo/share/robot_gazebo/local_setup.zsh
[1.655s] -- Up-to-date symlink: /home/Dojo/Dojo/install/robot_gazebo/share/robot_gazebo/local_setup.dsv
[1.655s] -- Symlinking: /home/Dojo/Dojo/install/robot_gazebo/share/robot_gazebo/package.dsv
[1.666s] -- Up-to-date symlink: /home/Dojo/Dojo/install/robot_gazebo/share/ament_index/resource_index/packages/robot_gazebo
[1.666s] -- Up-to-date symlink: /home/Dojo/Dojo/install/robot_gazebo/share/robot_gazebo/cmake/robot_gazeboConfig.cmake
[1.666s] -- Up-to-date symlink: /home/Dojo/Dojo/install/robot_gazebo/share/robot_gazebo/cmake/robot_gazeboConfig-version.cmake
[1.666s] -- Up-to-date symlink: /home/Dojo/Dojo/install/robot_gazebo/share/robot_gazebo/package.xml
[1.666s] -- Up-to-date: /home/Dojo/Dojo/install/robot_gazebo/lib/robot_gazebo
[1.666s] -- Up-to-date: /home/Dojo/Dojo/install/robot_gazebo/lib/robot_gazebo/spawn_robot.py
[1.669s] Invoked command in '/home/Dojo/Dojo/build/robot_gazebo' returned '0': AMENT_PREFIX_PATH=/home/Dojo/Dojo/install/robot_description:${AMENT_PREFIX_PATH} CMAKE_PREFIX_PATH=/home/Dojo/Dojo/install/robot_description:/opt/ros/humble PYTHONPATH=/home/Dojo/Dojo/install/robot_description/local/lib/python3.10/dist-packages:${PYTHONPATH} /usr/bin/cmake --install /home/Dojo/Dojo/build/robot_gazebo
