[3.541s] Invoking command in '/root/Dojo/build/robot_control': PYTHONPATH=/root/Dojo/build/robot_control/prefix_override:/usr/lib/python3/dist-packages/colcon_core/task/python/colcon_distutils_commands:/root/Dojo/install/robot_control/lib/python3.10/site-packages:${PYTHONPATH} /usr/bin/python3 -W ignore:setup.py install is deprecated -W ignore:easy_install command is deprecated setup.py develop --editable --build-directory /root/Dojo/build/robot_control/build --no-deps symlink_data
[4.157s] running develop
[4.467s] running egg_info
[4.467s] creating robot_control.egg-info
[4.468s] writing robot_control.egg-info/PKG-INFO
[4.468s] writing dependency_links to robot_control.egg-info/dependency_links.txt
[4.468s] writing entry points to robot_control.egg-info/entry_points.txt
[4.469s] writing requirements to robot_control.egg-info/requires.txt
[4.469s] writing top-level names to robot_control.egg-info/top_level.txt
[4.469s] writing manifest file 'robot_control.egg-info/SOURCES.txt'
[4.474s] reading manifest file 'robot_control.egg-info/SOURCES.txt'
[4.475s] writing manifest file 'robot_control.egg-info/SOURCES.txt'
[4.479s] running build_ext
[4.479s] Creating /root/Dojo/install/robot_control/lib/python3.10/site-packages/robot-control.egg-link (link to .)
[4.481s] Installing arduino_bridge script to /root/Dojo/install/robot_control/lib/robot_control
[4.481s] Installing cmd_vel_to_motors script to /root/Dojo/install/robot_control/lib/robot_control
[4.482s] 
[4.483s] Installed /root/Dojo/build/robot_control
[4.483s] running symlink_data
[4.483s] creating /root/Dojo/install/robot_control/share/ament_index
[4.484s] creating /root/Dojo/install/robot_control/share/ament_index/resource_index
[4.484s] creating /root/Dojo/install/robot_control/share/ament_index/resource_index/packages
[4.485s] symbolically linking /root/Dojo/build/robot_control/resource/robot_control -> /root/Dojo/install/robot_control/share/ament_index/resource_index/packages
[4.485s] symbolically linking /root/Dojo/build/robot_control/package.xml -> /root/Dojo/install/robot_control/share/robot_control
[4.485s] creating /root/Dojo/install/robot_control/share/robot_control/launch
[4.485s] symbolically linking /root/Dojo/build/robot_control/launch/control.launch.py -> /root/Dojo/install/robot_control/share/robot_control/launch
[4.486s] creating /root/Dojo/install/robot_control/share/robot_control/config
[4.486s] symbolically linking /root/Dojo/build/robot_control/config/arduino.yaml -> /root/Dojo/install/robot_control/share/robot_control/config
[4.549s] Invoked command in '/root/Dojo/build/robot_control' returned '0': PYTHONPATH=/root/Dojo/build/robot_control/prefix_override:/usr/lib/python3/dist-packages/colcon_core/task/python/colcon_distutils_commands:/root/Dojo/install/robot_control/lib/python3.10/site-packages:${PYTHONPATH} /usr/bin/python3 -W ignore:setup.py install is deprecated -W ignore:easy_install command is deprecated setup.py develop --editable --build-directory /root/Dojo/build/robot_control/build --no-deps symlink_data
