[0.824s] Invoking command in '/home/Dojo/Dojo/build/ros2arduino_bridge': PYTHONPATH=/home/Dojo/Dojo/build/ros2arduino_bridge/prefix_override:/usr/lib/python3/dist-packages/colcon_core/task/python/colcon_distutils_commands:/home/Dojo/Dojo/install/ros2arduino_bridge/lib/python3.10/site-packages:${PYTHONPATH} /usr/bin/python3 -W ignore:setup.py install is deprecated -W ignore:easy_install command is deprecated setup.py develop --editable --build-directory /home/Dojo/Dojo/build/ros2arduino_bridge/build --no-deps symlink_data
[1.129s] /usr/lib/python3/dist-packages/setuptools/dist.py:723: UserWarning: Usage of dash-separated 'script-dir' will not be supported in future versions. Please use the underscore name 'script_dir' instead
[1.129s]   warnings.warn(
[1.165s] running develop
[1.389s] running egg_info
[1.390s] writing ros2arduino_bridge.egg-info/PKG-INFO
[1.390s] writing dependency_links to ros2arduino_bridge.egg-info/dependency_links.txt
[1.390s] writing entry points to ros2arduino_bridge.egg-info/entry_points.txt
[1.390s] writing requirements to ros2arduino_bridge.egg-info/requires.txt
[1.391s] writing top-level names to ros2arduino_bridge.egg-info/top_level.txt
[1.393s] reading manifest file 'ros2arduino_bridge.egg-info/SOURCES.txt'
[1.394s] writing manifest file 'ros2arduino_bridge.egg-info/SOURCES.txt'
[1.395s] running build_ext
[1.396s] Creating /home/Dojo/Dojo/install/ros2arduino_bridge/lib/python3.10/site-packages/ros2arduino-bridge.egg-link (link to .)
[1.397s] Installing arduino_bridge script to /lib/ros2arduino_bridge
[1.397s] 
[1.397s] Installed /home/Dojo/Dojo/build/ros2arduino_bridge
[1.397s] running symlink_data
[1.398s] error: can't copy '/home/Dojo/Dojo/build/ros2arduino_bridge/launch/arduino_bridge.launch.py': doesn't exist or not a regular file
[1.429s] Invoked command in '/home/Dojo/Dojo/build/ros2arduino_bridge' returned '1': PYTHONPATH=/home/Dojo/Dojo/build/ros2arduino_bridge/prefix_override:/usr/lib/python3/dist-packages/colcon_core/task/python/colcon_distutils_commands:/home/Dojo/Dojo/install/ros2arduino_bridge/lib/python3.10/site-packages:${PYTHONPATH} /usr/bin/python3 -W ignore:setup.py install is deprecated -W ignore:easy_install command is deprecated setup.py develop --editable --build-directory /home/Dojo/Dojo/build/ros2arduino_bridge/build --no-deps symlink_data
