[0.543s] Invoking command in '/root/Dojo/build/robot_perception': CMAKE_PREFIX_PATH=/opt/ros/humble /usr/bin/cmake /root/Dojo/src/robot_perception -DAMENT_CMAKE_SYMLINK_INSTALL=1 -DCMAKE_INSTALL_PREFIX=/root/Dojo/install/robot_perception
[2.048s] -- The C compiler identification is GNU 11.4.0
[2.048s] -- The CXX compiler identification is GNU 11.4.0
[2.048s] -- Detecting C compiler ABI info
[2.048s] -- Detecting C compiler ABI info - done
[2.048s] -- Check for working C compiler: /usr/bin/cc - skipped
[2.050s] -- Detecting C compile features
[2.051s] -- Detecting C compile features - done
[2.051s] -- Detecting CXX compiler ABI info
[2.051s] -- Detecting CXX compiler ABI info - done
[2.051s] -- Check for working CXX compiler: /usr/bin/c++ - skipped
[2.051s] -- Detecting CXX compile features
[2.052s] -- Detecting CXX compile features - done
[2.052s] -- Found ament_cmake: 1.3.12 (/opt/ros/humble/share/ament_cmake/cmake)
[2.052s] -- Found Python3: /usr/bin/python3 (found version "3.10.12") found components: Interpreter 
[2.052s] -- Override CMake install command with custom implementation using symlinks instead of copying resources
[2.052s] -- Found rclpy: 3.3.17 (/opt/ros/humble/share/rclpy/cmake)
[2.052s] -- Found sensor_msgs: 4.9.0 (/opt/ros/humble/share/sensor_msgs/cmake)
[2.053s] -- Found rosidl_generator_c: 3.1.7 (/opt/ros/humble/share/rosidl_generator_c/cmake)
[2.053s] -- Found rosidl_adapter: 3.1.7 (/opt/ros/humble/share/rosidl_adapter/cmake)
[2.053s] -- Found rosidl_generator_cpp: 3.1.7 (/opt/ros/humble/share/rosidl_generator_cpp/cmake)
[2.053s] -- Using all available rosidl_typesupport_c: rosidl_typesupport_fastrtps_c;rosidl_typesupport_introspection_c
[2.054s] -- Using all available rosidl_typesupport_cpp: rosidl_typesupport_fastrtps_cpp;rosidl_typesupport_introspection_cpp
[2.064s] -- Found cv_bridge: 3.2.1 (/opt/ros/humble/share/cv_bridge/cmake)
[2.104s] -- Found image_transport: 3.1.12 (/opt/ros/humble/share/image_transport/cmake)
[2.256s] -- Found rmw_implementation_cmake: 6.1.2 (/opt/ros/humble/share/rmw_implementation_cmake/cmake)
[2.264s] -- Found rmw_fastrtps_cpp: 6.2.8 (/opt/ros/humble/share/rmw_fastrtps_cpp/cmake)
[2.521s] -- Found OpenSSL: /usr/lib/x86_64-linux-gnu/libcrypto.so (found version "3.0.2")  
[2.602s] -- Found FastRTPS: /opt/ros/humble/include  
[2.763s] -- Using RMW implementation 'rmw_fastrtps_cpp' as default
[2.824s] -- Looking for pthread.h
[3.165s] -- Looking for pthread.h - found
[3.167s] -- Performing Test CMAKE_HAVE_LIBC_PTHREAD
[3.443s] -- Performing Test CMAKE_HAVE_LIBC_PTHREAD - Success
[3.448s] -- Found Threads: TRUE  
[4.234s] -- Configuring done
[4.266s] -- Generating done
[4.267s] -- Build files have been written to: /root/Dojo/build/robot_perception
[4.288s] Invoked command in '/root/Dojo/build/robot_perception' returned '0': CMAKE_PREFIX_PATH=/opt/ros/humble /usr/bin/cmake /root/Dojo/src/robot_perception -DAMENT_CMAKE_SYMLINK_INSTALL=1 -DCMAKE_INSTALL_PREFIX=/root/Dojo/install/robot_perception
[4.291s] Invoking command in '/root/Dojo/build/robot_perception': CMAKE_PREFIX_PATH=/opt/ros/humble /usr/bin/cmake --build /root/Dojo/build/robot_perception -- -j16 -l16
[4.460s] Built target ament_cmake_python_symlink_robot_perception
[4.905s] running egg_info
[4.905s] creating robot_perception.egg-info
[4.905s] writing robot_perception.egg-info/PKG-INFO
[4.905s] writing dependency_links to robot_perception.egg-info/dependency_links.txt
[4.905s] writing top-level names to robot_perception.egg-info/top_level.txt
[4.906s] writing manifest file 'robot_perception.egg-info/SOURCES.txt'
[4.907s] reading manifest file 'robot_perception.egg-info/SOURCES.txt'
[4.908s] writing manifest file 'robot_perception.egg-info/SOURCES.txt'
[4.940s] Built target ament_cmake_python_build_robot_perception_egg
[4.954s] Invoked command in '/root/Dojo/build/robot_perception' returned '0': CMAKE_PREFIX_PATH=/opt/ros/humble /usr/bin/cmake --build /root/Dojo/build/robot_perception -- -j16 -l16
[4.955s] Invoking command in '/root/Dojo/build/robot_perception': CMAKE_PREFIX_PATH=/opt/ros/humble /usr/bin/cmake --install /root/Dojo/build/robot_perception
[4.964s] -- Install configuration: ""
[4.964s] -- Execute custom install script
[4.964s] -- Symlinking: /root/Dojo/install/robot_perception/share/robot_perception/environment/pythonpath.sh
[4.974s] -- Symlinking: /root/Dojo/install/robot_perception/share/robot_perception/environment/pythonpath.dsv
[4.985s] -- Symlinking: /root/Dojo/install/robot_perception/local/lib/python3.10/dist-packages/robot_perception-0.0.1-py3.10.egg-info/PKG-INFO
[4.995s] -- Symlinking: /root/Dojo/install/robot_perception/local/lib/python3.10/dist-packages/robot_perception-0.0.1-py3.10.egg-info/SOURCES.txt
[5.006s] -- Symlinking: /root/Dojo/install/robot_perception/local/lib/python3.10/dist-packages/robot_perception-0.0.1-py3.10.egg-info/dependency_links.txt
[5.016s] -- Symlinking: /root/Dojo/install/robot_perception/local/lib/python3.10/dist-packages/robot_perception-0.0.1-py3.10.egg-info/top_level.txt
[5.026s] -- Symlinking: /root/Dojo/install/robot_perception/local/lib/python3.10/dist-packages/robot_perception/__init__.py
[5.037s] -- Symlinking: /root/Dojo/install/robot_perception/share/robot_perception/launch/perception.launch.py
[5.049s] -- Symlinking: /root/Dojo/install/robot_perception/share/robot_perception/launch/robot_perception.launch.py
[5.061s] -- Symlinking: /root/Dojo/install/robot_perception/share/robot_perception/config/robot_perception_params.yaml
[5.073s] -- Symlinking: /root/Dojo/install/robot_perception/share/ament_index/resource_index/package_run_dependencies/robot_perception
[5.085s] -- Symlinking: /root/Dojo/install/robot_perception/share/ament_index/resource_index/parent_prefix_path/robot_perception
[5.096s] -- Symlinking: /root/Dojo/install/robot_perception/share/robot_perception/environment/ament_prefix_path.sh
[5.108s] -- Symlinking: /root/Dojo/install/robot_perception/share/robot_perception/environment/ament_prefix_path.dsv
[5.119s] -- Symlinking: /root/Dojo/install/robot_perception/share/robot_perception/environment/path.sh
[5.132s] -- Symlinking: /root/Dojo/install/robot_perception/share/robot_perception/environment/path.dsv
[5.146s] -- Symlinking: /root/Dojo/install/robot_perception/share/robot_perception/local_setup.bash
[5.160s] -- Symlinking: /root/Dojo/install/robot_perception/share/robot_perception/local_setup.sh
[5.171s] -- Symlinking: /root/Dojo/install/robot_perception/share/robot_perception/local_setup.zsh
[5.182s] -- Symlinking: /root/Dojo/install/robot_perception/share/robot_perception/local_setup.dsv
[5.193s] -- Symlinking: /root/Dojo/install/robot_perception/share/robot_perception/package.dsv
[5.204s] -- Symlinking: /root/Dojo/install/robot_perception/share/ament_index/resource_index/packages/robot_perception
[5.216s] -- Symlinking: /root/Dojo/install/robot_perception/share/robot_perception/cmake/robot_perceptionConfig.cmake
[5.226s] -- Symlinking: /root/Dojo/install/robot_perception/share/robot_perception/cmake/robot_perceptionConfig-version.cmake
[5.239s] -- Symlinking: /root/Dojo/install/robot_perception/share/robot_perception/package.xml
[5.282s] Listing '/root/Dojo/install/robot_perception/local/lib/python3.10/dist-packages/robot_perception'...
[5.282s] Compiling '/root/Dojo/install/robot_perception/local/lib/python3.10/dist-packages/robot_perception/__init__.py'...
[5.290s] Invoked command in '/root/Dojo/build/robot_perception' returned '0': CMAKE_PREFIX_PATH=/opt/ros/humble /usr/bin/cmake --install /root/Dojo/build/robot_perception
