[0.000000] (-) TimerEvent: {}
[0.000621] (arduino_bridge) JobQueued: {'identifier': 'arduino_bridge', 'dependencies': OrderedDict()}
[0.000782] (robot_control) JobQueued: {'identifier': 'robot_control', 'dependencies': OrderedDict()}
[0.000937] (robot_description) JobQueued: {'identifier': 'robot_description', 'dependencies': OrderedDict()}
[0.000988] (robot_navigation) JobQueued: {'identifier': 'robot_navigation', 'dependencies': OrderedDict()}
[0.001007] (robot_perception) JobQueued: {'identifier': 'robot_perception', 'dependencies': OrderedDict()}
[0.001042] (robot_sensors) JobQueued: {'identifier': 'robot_sensors', 'dependencies': OrderedDict()}
[0.001072] (ros2arduino_bridge) JobQueued: {'identifier': 'ros2arduino_bridge', 'dependencies': OrderedDict()}
[0.001100] (vision_system) JobQueued: {'identifier': 'vision_system', 'dependencies': OrderedDict()}
[0.001148] (robot_bringup) JobQueued: {'identifier': 'robot_bringup', 'dependencies': OrderedDict([('robot_control', '/home/Dojo/Dojo/install/robot_control'), ('robot_description', '/home/Dojo/Dojo/install/robot_description'), ('robot_navigation', '/home/Dojo/Dojo/install/robot_navigation'), ('robot_perception', '/home/Dojo/Dojo/install/robot_perception'), ('robot_sensors', '/home/Dojo/Dojo/install/robot_sensors')])}
[0.001200] (robot_gazebo) JobQueued: {'identifier': 'robot_gazebo', 'dependencies': OrderedDict([('robot_description', '/home/Dojo/Dojo/install/robot_description')])}
[0.001220] (robot_description) JobStarted: {'identifier': 'robot_description'}
[0.007913] (robot_control) JobStarted: {'identifier': 'robot_control'}
[0.012848] (robot_navigation) JobStarted: {'identifier': 'robot_navigation'}
[0.016178] (robot_perception) JobStarted: {'identifier': 'robot_perception'}
[0.019965] (robot_sensors) JobStarted: {'identifier': 'robot_sensors'}
[0.024743] (arduino_bridge) JobStarted: {'identifier': 'arduino_bridge'}
[0.029366] (ros2arduino_bridge) JobStarted: {'identifier': 'ros2arduino_bridge'}
[0.034321] (vision_system) JobStarted: {'identifier': 'vision_system'}
[0.041012] (robot_description) JobProgress: {'identifier': 'robot_description', 'progress': 'cmake'}
[0.041524] (robot_description) JobProgress: {'identifier': 'robot_description', 'progress': 'build'}
[0.042260] (robot_description) Command: {'cmd': ['/usr/bin/cmake', '--build', '/home/Dojo/Dojo/build/robot_description', '--', '-j16', '-l16'], 'cwd': '/home/Dojo/Dojo/build/robot_description', 'env': OrderedDict([('HOSTNAME', 'gareth-joel-HP-Pavilion-Gaming-Laptop-15-ec2xxx'), ('SHLVL', '0'), ('LD_LIBRARY_PATH', '/usr/lib/x86_64-linux-gnu/gazebo-11/plugins:/opt/ros/humble/opt/rviz_ogre_vendor/lib:/opt/ros/humble/lib/x86_64-linux-gnu:/opt/ros/humble/lib'), ('HOME', '/root'), ('OLDPWD', '/ros2_ws'), ('ROS_PYTHON_VERSION', '3'), ('ROS_DISTRO', 'humble'), ('_', '/usr/bin/colcon'), ('ROS_VERSION', '2'), ('NVIDIA_DRIVER_CAPABILITIES', 'all'), ('TERM', 'xterm'), ('ROS_LOCALHOST_ONLY', '0'), ('PATH', '/opt/ros/humble/bin:/usr/local/sbin:/usr/local/bin:/usr/sbin:/usr/bin:/sbin:/bin'), ('XDG_RUNTIME_DIR', '/tmp'), ('DISPLAY', ':0'), ('LANG', 'C.UTF-8'), ('AMENT_PREFIX_PATH', '/opt/ros/humble'), ('DEBIAN_FRONTEND', 'noninteractive'), ('PWD', '/home/Dojo/Dojo/build/robot_description'), ('LC_ALL', 'C.UTF-8'), ('PYTHONPATH', '/opt/ros/humble/lib/python3.10/site-packages:/opt/ros/humble/local/lib/python3.10/dist-packages'), ('NVIDIA_VISIBLE_DEVICES', 'all'), ('COLCON', '1'), ('CMAKE_PREFIX_PATH', '/opt/ros/humble')]), 'shell': False}
[0.099764] (-) TimerEvent: {}
[0.200067] (-) TimerEvent: {}
[0.285698] (robot_navigation) JobProgress: {'identifier': 'robot_navigation', 'progress': 'cmake'}
[0.286159] (robot_navigation) JobProgress: {'identifier': 'robot_navigation', 'progress': 'build'}
[0.286759] (robot_navigation) Command: {'cmd': ['/usr/bin/cmake', '--build', '/home/Dojo/Dojo/build/robot_navigation', '--', '-j16', '-l16'], 'cwd': '/home/Dojo/Dojo/build/robot_navigation', 'env': OrderedDict([('HOSTNAME', 'gareth-joel-HP-Pavilion-Gaming-Laptop-15-ec2xxx'), ('SHLVL', '0'), ('LD_LIBRARY_PATH', '/usr/lib/x86_64-linux-gnu/gazebo-11/plugins:/opt/ros/humble/opt/rviz_ogre_vendor/lib:/opt/ros/humble/lib/x86_64-linux-gnu:/opt/ros/humble/lib'), ('HOME', '/root'), ('OLDPWD', '/ros2_ws'), ('ROS_PYTHON_VERSION', '3'), ('ROS_DISTRO', 'humble'), ('_', '/usr/bin/colcon'), ('ROS_VERSION', '2'), ('NVIDIA_DRIVER_CAPABILITIES', 'all'), ('TERM', 'xterm'), ('ROS_LOCALHOST_ONLY', '0'), ('PATH', '/opt/ros/humble/bin:/usr/local/sbin:/usr/local/bin:/usr/sbin:/usr/bin:/sbin:/bin'), ('XDG_RUNTIME_DIR', '/tmp'), ('DISPLAY', ':0'), ('LANG', 'C.UTF-8'), ('AMENT_PREFIX_PATH', '/opt/ros/humble'), ('DEBIAN_FRONTEND', 'noninteractive'), ('PWD', '/home/Dojo/Dojo/build/robot_navigation'), ('LC_ALL', 'C.UTF-8'), ('PYTHONPATH', '/opt/ros/humble/lib/python3.10/site-packages:/opt/ros/humble/local/lib/python3.10/dist-packages'), ('NVIDIA_VISIBLE_DEVICES', 'all'), ('COLCON', '1'), ('CMAKE_PREFIX_PATH', '/opt/ros/humble')]), 'shell': False}
[0.288000] (robot_perception) JobProgress: {'identifier': 'robot_perception', 'progress': 'cmake'}
[0.288289] (robot_perception) JobProgress: {'identifier': 'robot_perception', 'progress': 'build'}
[0.288726] (robot_perception) Command: {'cmd': ['/usr/bin/cmake', '--build', '/home/Dojo/Dojo/build/robot_perception', '--', '-j16', '-l16'], 'cwd': '/home/Dojo/Dojo/build/robot_perception', 'env': OrderedDict([('HOSTNAME', 'gareth-joel-HP-Pavilion-Gaming-Laptop-15-ec2xxx'), ('SHLVL', '0'), ('LD_LIBRARY_PATH', '/usr/lib/x86_64-linux-gnu/gazebo-11/plugins:/opt/ros/humble/opt/rviz_ogre_vendor/lib:/opt/ros/humble/lib/x86_64-linux-gnu:/opt/ros/humble/lib'), ('HOME', '/root'), ('OLDPWD', '/ros2_ws'), ('ROS_PYTHON_VERSION', '3'), ('ROS_DISTRO', 'humble'), ('_', '/usr/bin/colcon'), ('ROS_VERSION', '2'), ('NVIDIA_DRIVER_CAPABILITIES', 'all'), ('TERM', 'xterm'), ('ROS_LOCALHOST_ONLY', '0'), ('PATH', '/opt/ros/humble/bin:/usr/local/sbin:/usr/local/bin:/usr/sbin:/usr/bin:/sbin:/bin'), ('XDG_RUNTIME_DIR', '/tmp'), ('DISPLAY', ':0'), ('LANG', 'C.UTF-8'), ('AMENT_PREFIX_PATH', '/opt/ros/humble'), ('DEBIAN_FRONTEND', 'noninteractive'), ('PWD', '/home/Dojo/Dojo/build/robot_perception'), ('LC_ALL', 'C.UTF-8'), ('PYTHONPATH', '/opt/ros/humble/lib/python3.10/site-packages:/opt/ros/humble/local/lib/python3.10/dist-packages'), ('NVIDIA_VISIBLE_DEVICES', 'all'), ('COLCON', '1'), ('CMAKE_PREFIX_PATH', '/opt/ros/humble')]), 'shell': False}
[0.300176] (-) TimerEvent: {}
[0.400468] (-) TimerEvent: {}
[0.500842] (-) TimerEvent: {}
[0.601196] (-) TimerEvent: {}
[0.701579] (-) TimerEvent: {}
[0.801878] (-) TimerEvent: {}
[0.902168] (-) TimerEvent: {}
[1.002483] (-) TimerEvent: {}
[1.013492] (robot_description) StdoutLine: {'line': b'Built target ament_cmake_python_symlink_robot_description\n'}
[1.014333] (robot_description) StdoutLine: {'line': b'running egg_info\n'}
[1.014706] (robot_description) StdoutLine: {'line': b'writing robot_description.egg-info/PKG-INFO\n'}
[1.014986] (robot_description) StdoutLine: {'line': b'writing dependency_links to robot_description.egg-info/dependency_links.txt\n'}
[1.015049] (robot_description) StdoutLine: {'line': b'writing top-level names to robot_description.egg-info/top_level.txt\n'}
[1.015102] (robot_description) StdoutLine: {'line': b"reading manifest file 'robot_description.egg-info/SOURCES.txt'\n"}
[1.015156] (robot_description) StdoutLine: {'line': b"writing manifest file 'robot_description.egg-info/SOURCES.txt'\n"}
[1.015207] (robot_description) StdoutLine: {'line': b'Built target ament_cmake_python_build_robot_description_egg\n'}
[1.015645] (robot_perception) StdoutLine: {'line': b'Built target ament_cmake_python_symlink_robot_perception\n'}
[1.016125] (robot_perception) StdoutLine: {'line': b'running egg_info\n'}
[1.016189] (robot_perception) StdoutLine: {'line': b'writing robot_perception.egg-info/PKG-INFO\n'}
[1.016241] (robot_perception) StdoutLine: {'line': b'writing dependency_links to robot_perception.egg-info/dependency_links.txt\n'}
[1.016294] (robot_perception) StdoutLine: {'line': b'writing top-level names to robot_perception.egg-info/top_level.txt\n'}
[1.016347] (robot_perception) StdoutLine: {'line': b"reading manifest file 'robot_perception.egg-info/SOURCES.txt'\n"}
[1.016762] (robot_perception) StdoutLine: {'line': b"writing manifest file 'robot_perception.egg-info/SOURCES.txt'\n"}
[1.016862] (robot_perception) StdoutLine: {'line': b'Built target ament_cmake_python_build_robot_perception_egg\n'}
[1.102590] (-) TimerEvent: {}
[1.202904] (-) TimerEvent: {}
[1.249191] (robot_description) CommandEnded: {'returncode': 0}
[1.249791] (robot_description) JobProgress: {'identifier': 'robot_description', 'progress': 'install'}
[1.258392] (robot_description) Command: {'cmd': ['/usr/bin/cmake', '--install', '/home/Dojo/Dojo/build/robot_description'], 'cwd': '/home/Dojo/Dojo/build/robot_description', 'env': OrderedDict([('HOSTNAME', 'gareth-joel-HP-Pavilion-Gaming-Laptop-15-ec2xxx'), ('SHLVL', '0'), ('LD_LIBRARY_PATH', '/usr/lib/x86_64-linux-gnu/gazebo-11/plugins:/opt/ros/humble/opt/rviz_ogre_vendor/lib:/opt/ros/humble/lib/x86_64-linux-gnu:/opt/ros/humble/lib'), ('HOME', '/root'), ('OLDPWD', '/ros2_ws'), ('ROS_PYTHON_VERSION', '3'), ('ROS_DISTRO', 'humble'), ('_', '/usr/bin/colcon'), ('ROS_VERSION', '2'), ('NVIDIA_DRIVER_CAPABILITIES', 'all'), ('TERM', 'xterm'), ('ROS_LOCALHOST_ONLY', '0'), ('PATH', '/opt/ros/humble/bin:/usr/local/sbin:/usr/local/bin:/usr/sbin:/usr/bin:/sbin:/bin'), ('XDG_RUNTIME_DIR', '/tmp'), ('DISPLAY', ':0'), ('LANG', 'C.UTF-8'), ('AMENT_PREFIX_PATH', '/opt/ros/humble'), ('DEBIAN_FRONTEND', 'noninteractive'), ('PWD', '/home/Dojo/Dojo/build/robot_description'), ('LC_ALL', 'C.UTF-8'), ('PYTHONPATH', '/opt/ros/humble/lib/python3.10/site-packages:/opt/ros/humble/local/lib/python3.10/dist-packages'), ('NVIDIA_VISIBLE_DEVICES', 'all'), ('COLCON', '1'), ('CMAKE_PREFIX_PATH', '/opt/ros/humble')]), 'shell': False}
[1.259400] (robot_perception) CommandEnded: {'returncode': 0}
[1.259844] (robot_perception) JobProgress: {'identifier': 'robot_perception', 'progress': 'install'}
[1.260046] (robot_perception) Command: {'cmd': ['/usr/bin/cmake', '--install', '/home/Dojo/Dojo/build/robot_perception'], 'cwd': '/home/Dojo/Dojo/build/robot_perception', 'env': OrderedDict([('HOSTNAME', 'gareth-joel-HP-Pavilion-Gaming-Laptop-15-ec2xxx'), ('SHLVL', '0'), ('LD_LIBRARY_PATH', '/usr/lib/x86_64-linux-gnu/gazebo-11/plugins:/opt/ros/humble/opt/rviz_ogre_vendor/lib:/opt/ros/humble/lib/x86_64-linux-gnu:/opt/ros/humble/lib'), ('HOME', '/root'), ('OLDPWD', '/ros2_ws'), ('ROS_PYTHON_VERSION', '3'), ('ROS_DISTRO', 'humble'), ('_', '/usr/bin/colcon'), ('ROS_VERSION', '2'), ('NVIDIA_DRIVER_CAPABILITIES', 'all'), ('TERM', 'xterm'), ('ROS_LOCALHOST_ONLY', '0'), ('PATH', '/opt/ros/humble/bin:/usr/local/sbin:/usr/local/bin:/usr/sbin:/usr/bin:/sbin:/bin'), ('XDG_RUNTIME_DIR', '/tmp'), ('DISPLAY', ':0'), ('LANG', 'C.UTF-8'), ('AMENT_PREFIX_PATH', '/opt/ros/humble'), ('DEBIAN_FRONTEND', 'noninteractive'), ('PWD', '/home/Dojo/Dojo/build/robot_perception'), ('LC_ALL', 'C.UTF-8'), ('PYTHONPATH', '/opt/ros/humble/lib/python3.10/site-packages:/opt/ros/humble/local/lib/python3.10/dist-packages'), ('NVIDIA_VISIBLE_DEVICES', 'all'), ('COLCON', '1'), ('CMAKE_PREFIX_PATH', '/opt/ros/humble')]), 'shell': False}
[1.261022] (robot_navigation) CommandEnded: {'returncode': 0}
[1.261424] (robot_navigation) JobProgress: {'identifier': 'robot_navigation', 'progress': 'install'}
[1.261626] (robot_navigation) Command: {'cmd': ['/usr/bin/cmake', '--install', '/home/Dojo/Dojo/build/robot_navigation'], 'cwd': '/home/Dojo/Dojo/build/robot_navigation', 'env': OrderedDict([('HOSTNAME', 'gareth-joel-HP-Pavilion-Gaming-Laptop-15-ec2xxx'), ('SHLVL', '0'), ('LD_LIBRARY_PATH', '/usr/lib/x86_64-linux-gnu/gazebo-11/plugins:/opt/ros/humble/opt/rviz_ogre_vendor/lib:/opt/ros/humble/lib/x86_64-linux-gnu:/opt/ros/humble/lib'), ('HOME', '/root'), ('OLDPWD', '/ros2_ws'), ('ROS_PYTHON_VERSION', '3'), ('ROS_DISTRO', 'humble'), ('_', '/usr/bin/colcon'), ('ROS_VERSION', '2'), ('NVIDIA_DRIVER_CAPABILITIES', 'all'), ('TERM', 'xterm'), ('ROS_LOCALHOST_ONLY', '0'), ('PATH', '/opt/ros/humble/bin:/usr/local/sbin:/usr/local/bin:/usr/sbin:/usr/bin:/sbin:/bin'), ('XDG_RUNTIME_DIR', '/tmp'), ('DISPLAY', ':0'), ('LANG', 'C.UTF-8'), ('AMENT_PREFIX_PATH', '/opt/ros/humble'), ('DEBIAN_FRONTEND', 'noninteractive'), ('PWD', '/home/Dojo/Dojo/build/robot_navigation'), ('LC_ALL', 'C.UTF-8'), ('PYTHONPATH', '/opt/ros/humble/lib/python3.10/site-packages:/opt/ros/humble/local/lib/python3.10/dist-packages'), ('NVIDIA_VISIBLE_DEVICES', 'all'), ('COLCON', '1'), ('CMAKE_PREFIX_PATH', '/opt/ros/humble')]), 'shell': False}
[1.271257] (robot_description) StdoutLine: {'line': b'-- Install configuration: ""\n'}
[1.272336] (robot_description) StdoutLine: {'line': b'-- Execute custom install script\n'}
[1.272908] (robot_description) StdoutLine: {'line': b'-- Up-to-date symlink: /home/Dojo/Dojo/install/robot_description/share/robot_description/launch/display.launch.py\n'}
[1.273437] (robot_description) StdoutLine: {'line': b'-- Up-to-date symlink: /home/Dojo/Dojo/install/robot_description/share/robot_description/launch/robot_state_publisher.launch.py\n'}
[1.273766] (robot_description) StdoutLine: {'line': b'-- Up-to-date symlink: /home/Dojo/Dojo/install/robot_description/share/robot_description/urdf/robot.urdf\n'}
[1.274417] (robot_description) StdoutLine: {'line': b'-- Up-to-date symlink: /home/Dojo/Dojo/install/robot_description/share/robot_description/urdf/robot.urdf.xacro\n'}
[1.275139] (robot_description) StdoutLine: {'line': b'-- Up-to-date symlink: /home/Dojo/Dojo/install/robot_description/share/robot_description/rviz/robot.rviz\n'}
[1.275279] (robot_description) StdoutLine: {'line': b'-- Up-to-date symlink: /home/Dojo/Dojo/install/robot_description/share/robot_description/environment/pythonpath.sh\n'}
[1.275384] (robot_description) StdoutLine: {'line': b'-- Up-to-date symlink: /home/Dojo/Dojo/install/robot_description/share/robot_description/environment/pythonpath.dsv\n'}
[1.275530] (robot_description) StdoutLine: {'line': b'-- Up-to-date symlink: /home/Dojo/Dojo/install/robot_description/local/lib/python3.10/dist-packages/robot_description-0.0.1-py3.10.egg-info/PKG-INFO\n'}
[1.275654] (robot_description) StdoutLine: {'line': b'-- Up-to-date symlink: /home/Dojo/Dojo/install/robot_description/local/lib/python3.10/dist-packages/robot_description-0.0.1-py3.10.egg-info/SOURCES.txt\n'}
[1.275745] (robot_description) StdoutLine: {'line': b'-- Up-to-date symlink: /home/Dojo/Dojo/install/robot_description/local/lib/python3.10/dist-packages/robot_description-0.0.1-py3.10.egg-info/dependency_links.txt\n'}
[1.275855] (robot_description) StdoutLine: {'line': b'-- Up-to-date symlink: /home/Dojo/Dojo/install/robot_description/local/lib/python3.10/dist-packages/robot_description-0.0.1-py3.10.egg-info/top_level.txt\n'}
[1.275976] (robot_description) StdoutLine: {'line': b'-- Up-to-date symlink: /home/Dojo/Dojo/install/robot_description/local/lib/python3.10/dist-packages/robot_description/__init__.py\n'}
[1.276066] (robot_description) StdoutLine: {'line': b'-- Up-to-date symlink: /home/Dojo/Dojo/install/robot_description/local/lib/python3.10/dist-packages/robot_description/robot_description/__init__.py\n'}
[1.276186] (robot_description) StdoutLine: {'line': b'-- Up-to-date symlink: /home/Dojo/Dojo/install/robot_description/lib/robot_description/display_robot.py\n'}
[1.276312] (robot_description) StdoutLine: {'line': b'-- Up-to-date symlink: /home/Dojo/Dojo/install/robot_description/share/ament_index/resource_index/package_run_dependencies/robot_description\n'}
[1.276420] (robot_description) StdoutLine: {'line': b'-- Up-to-date symlink: /home/Dojo/Dojo/install/robot_description/share/ament_index/resource_index/parent_prefix_path/robot_description\n'}
[1.276510] (robot_description) StdoutLine: {'line': b'-- Up-to-date symlink: /home/Dojo/Dojo/install/robot_description/share/robot_description/environment/ament_prefix_path.sh\n'}
[1.276589] (robot_description) StdoutLine: {'line': b'-- Up-to-date symlink: /home/Dojo/Dojo/install/robot_description/share/robot_description/environment/ament_prefix_path.dsv\n'}
[1.276731] (robot_description) StdoutLine: {'line': b'-- Up-to-date symlink: /home/Dojo/Dojo/install/robot_description/share/robot_description/environment/path.sh\n'}
[1.276861] (robot_description) StdoutLine: {'line': b'-- Up-to-date symlink: /home/Dojo/Dojo/install/robot_description/share/robot_description/environment/path.dsv\n'}
[1.276982] (robot_description) StdoutLine: {'line': b'-- Up-to-date symlink: /home/Dojo/Dojo/install/robot_description/share/robot_description/local_setup.bash\n'}
[1.277078] (robot_description) StdoutLine: {'line': b'-- Up-to-date symlink: /home/Dojo/Dojo/install/robot_description/share/robot_description/local_setup.sh\n'}
[1.277175] (robot_description) StdoutLine: {'line': b'-- Up-to-date symlink: /home/Dojo/Dojo/install/robot_description/share/robot_description/local_setup.zsh\n'}
[1.277276] (robot_description) StdoutLine: {'line': b'-- Up-to-date symlink: /home/Dojo/Dojo/install/robot_description/share/robot_description/local_setup.dsv\n'}
[1.277372] (robot_navigation) StdoutLine: {'line': b'-- Install configuration: ""\n'}
[1.277513] (robot_navigation) StdoutLine: {'line': b'-- Execute custom install script\n'}
[1.277597] (robot_navigation) StdoutLine: {'line': b'-- Up-to-date symlink: /home/Dojo/Dojo/install/robot_navigation/share/robot_navigation/navigation.launch.py\n'}
[1.277680] (robot_navigation) StdoutLine: {'line': b'-- Up-to-date symlink: /home/Dojo/Dojo/install/robot_navigation/share/robot_navigation/localization.launch.py\n'}
[1.277774] (robot_navigation) StdoutLine: {'line': b'-- Up-to-date symlink: /home/Dojo/Dojo/install/robot_navigation/share/robot_navigation/map_server.launch.py\n'}
[1.277862] (robot_navigation) StdoutLine: {'line': b'-- Up-to-date symlink: /home/Dojo/Dojo/install/robot_navigation/share/robot_navigation/nav2_params.yaml\n'}
[1.277942] (robot_navigation) StdoutLine: {'line': b'-- Up-to-date symlink: /home/Dojo/Dojo/install/robot_navigation/share/robot_navigation/localization_params.yaml\n'}
[1.278035] (robot_navigation) StdoutLine: {'line': b'-- Up-to-date symlink: /home/Dojo/Dojo/install/robot_navigation/share/robot_navigation/map_server_params.yaml\n'}
[1.278125] (robot_navigation) StdoutLine: {'line': b'-- Up-to-date symlink: /home/Dojo/Dojo/install/robot_navigation/share/robot_navigation/bt_navigator_params.yaml\n'}
[1.278208] (robot_navigation) StdoutLine: {'line': b'-- Up-to-date symlink: /home/Dojo/Dojo/install/robot_navigation/share/robot_navigation/planner_params.yaml\n'}
[1.278299] (robot_navigation) StdoutLine: {'line': b'-- Up-to-date symlink: /home/Dojo/Dojo/install/robot_navigation/share/robot_navigation/controller_params.yaml\n'}
[1.278388] (robot_navigation) StdoutLine: {'line': b'-- Up-to-date symlink: /home/Dojo/Dojo/install/robot_navigation/share/robot_navigation/costmap_common_params.yaml\n'}
[1.278502] (robot_navigation) StdoutLine: {'line': b'-- Up-to-date symlink: /home/Dojo/Dojo/install/robot_navigation/share/robot_navigation/global_costmap_params.yaml\n'}
[1.278594] (robot_navigation) StdoutLine: {'line': b'-- Up-to-date symlink: /home/Dojo/Dojo/install/robot_navigation/share/robot_navigation/local_costmap_params.yaml\n'}
[1.278680] (robot_navigation) StdoutLine: {'line': b'-- Up-to-date symlink: /home/Dojo/Dojo/install/robot_navigation/share/robot_navigation/launch/localization.launch.py\n'}
[1.278773] (robot_navigation) StdoutLine: {'line': b'-- Up-to-date symlink: /home/Dojo/Dojo/install/robot_navigation/share/robot_navigation/launch/map_server.launch.py\n'}
[1.278861] (robot_navigation) StdoutLine: {'line': b'-- Up-to-date symlink: /home/Dojo/Dojo/install/robot_navigation/share/robot_navigation/launch/navigation.launch.py\n'}
[1.278952] (robot_description) StdoutLine: {'line': b'-- Symlinking: /home/Dojo/Dojo/install/robot_description/share/robot_description/package.dsv\n'}
[1.279048] (robot_perception) StdoutLine: {'line': b'-- Install configuration: ""\n'}
[1.279147] (robot_perception) StdoutLine: {'line': b'-- Execute custom install script\n'}
[1.279232] (robot_perception) StdoutLine: {'line': b'-- Up-to-date symlink: /home/Dojo/Dojo/install/robot_perception/share/robot_perception/environment/pythonpath.sh\n'}
[1.279312] (robot_perception) StdoutLine: {'line': b'-- Up-to-date symlink: /home/Dojo/Dojo/install/robot_perception/share/robot_perception/environment/pythonpath.dsv\n'}
[1.279426] (robot_perception) StdoutLine: {'line': b'-- Up-to-date symlink: /home/Dojo/Dojo/install/robot_perception/local/lib/python3.10/dist-packages/robot_perception-0.0.1-py3.10.egg-info/PKG-INFO\n'}
[1.279523] (robot_perception) StdoutLine: {'line': b'-- Up-to-date symlink: /home/Dojo/Dojo/install/robot_perception/local/lib/python3.10/dist-packages/robot_perception-0.0.1-py3.10.egg-info/SOURCES.txt\n'}
[1.279620] (robot_perception) StdoutLine: {'line': b'-- Up-to-date symlink: /home/Dojo/Dojo/install/robot_perception/local/lib/python3.10/dist-packages/robot_perception-0.0.1-py3.10.egg-info/dependency_links.txt\n'}
[1.279701] (robot_perception) StdoutLine: {'line': b'-- Up-to-date symlink: /home/Dojo/Dojo/install/robot_perception/local/lib/python3.10/dist-packages/robot_perception-0.0.1-py3.10.egg-info/top_level.txt\n'}
[1.279793] (robot_perception) StdoutLine: {'line': b'-- Up-to-date symlink: /home/Dojo/Dojo/install/robot_perception/local/lib/python3.10/dist-packages/robot_perception/__init__.py\n'}
[1.279885] (robot_perception) StdoutLine: {'line': b'-- Up-to-date symlink: /home/Dojo/Dojo/install/robot_perception/share/robot_perception/launch/perception.launch.py\n'}
[1.279982] (robot_perception) StdoutLine: {'line': b'-- Up-to-date symlink: /home/Dojo/Dojo/install/robot_perception/share/robot_perception/launch/robot_perception.launch.py\n'}
[1.280062] (robot_perception) StdoutLine: {'line': b'-- Up-to-date symlink: /home/Dojo/Dojo/install/robot_perception/share/robot_perception/config/robot_perception_params.yaml\n'}
[1.280148] (robot_perception) StdoutLine: {'line': b'-- Up-to-date symlink: /home/Dojo/Dojo/install/robot_perception/share/ament_index/resource_index/package_run_dependencies/robot_perception\n'}
[1.280241] (robot_perception) StdoutLine: {'line': b'-- Up-to-date symlink: /home/Dojo/Dojo/install/robot_perception/share/ament_index/resource_index/parent_prefix_path/robot_perception\n'}
[1.280324] (robot_perception) StdoutLine: {'line': b'-- Up-to-date symlink: /home/Dojo/Dojo/install/robot_perception/share/robot_perception/environment/ament_prefix_path.sh\n'}
[1.280430] (robot_perception) StdoutLine: {'line': b'-- Up-to-date symlink: /home/Dojo/Dojo/install/robot_perception/share/robot_perception/environment/ament_prefix_path.dsv\n'}
[1.280527] (robot_perception) StdoutLine: {'line': b'-- Up-to-date symlink: /home/Dojo/Dojo/install/robot_perception/share/robot_perception/environment/path.sh\n'}
[1.280611] (robot_perception) StdoutLine: {'line': b'-- Up-to-date symlink: /home/Dojo/Dojo/install/robot_perception/share/robot_perception/environment/path.dsv\n'}
[1.280695] (robot_perception) StdoutLine: {'line': b'-- Up-to-date symlink: /home/Dojo/Dojo/install/robot_perception/share/robot_perception/local_setup.bash\n'}
[1.280791] (robot_perception) StdoutLine: {'line': b'-- Up-to-date symlink: /home/Dojo/Dojo/install/robot_perception/share/robot_perception/local_setup.sh\n'}
[1.280888] (robot_perception) StdoutLine: {'line': b'-- Up-to-date symlink: /home/Dojo/Dojo/install/robot_perception/share/robot_perception/local_setup.zsh\n'}
[1.280984] (robot_perception) StdoutLine: {'line': b'-- Up-to-date symlink: /home/Dojo/Dojo/install/robot_perception/share/robot_perception/local_setup.dsv\n'}
[1.281071] (robot_perception) StdoutLine: {'line': b'-- Symlinking: /home/Dojo/Dojo/install/robot_perception/share/robot_perception/package.dsv\n'}
[1.281169] (robot_navigation) StdoutLine: {'line': b'-- Up-to-date symlink: /home/Dojo/Dojo/install/robot_navigation/share/robot_navigation/config/bt_navigator_params.yaml\n'}
[1.281265] (robot_navigation) StdoutLine: {'line': b'-- Up-to-date symlink: /home/Dojo/Dojo/install/robot_navigation/share/robot_navigation/config/controller_params.yaml\n'}
[1.281348] (robot_navigation) StdoutLine: {'line': b'-- Up-to-date symlink: /home/Dojo/Dojo/install/robot_navigation/share/robot_navigation/config/costmap_common_params.yaml\n'}
[1.281445] (robot_navigation) StdoutLine: {'line': b'-- Up-to-date symlink: /home/Dojo/Dojo/install/robot_navigation/share/robot_navigation/config/global_costmap_params.yaml\n'}
[1.281539] (robot_navigation) StdoutLine: {'line': b'-- Up-to-date symlink: /home/Dojo/Dojo/install/robot_navigation/share/robot_navigation/config/local_costmap_params.yaml\n'}
[1.281691] (robot_navigation) StdoutLine: {'line': b'-- Up-to-date symlink: /home/Dojo/Dojo/install/robot_navigation/share/robot_navigation/config/localization_params.yaml\n'}
[1.281829] (robot_navigation) StdoutLine: {'line': b'-- Up-to-date symlink: /home/Dojo/Dojo/install/robot_navigation/share/robot_navigation/config/map_server_params.yaml\n'}
[1.281982] (robot_navigation) StdoutLine: {'line': b'-- Up-to-date symlink: /home/Dojo/Dojo/install/robot_navigation/share/robot_navigation/config/nav2_params.yaml\n'}
[1.282083] (robot_navigation) StdoutLine: {'line': b'-- Up-to-date symlink: /home/Dojo/Dojo/install/robot_navigation/share/robot_navigation/config/planner_params.yaml\n'}
[1.282226] (robot_navigation) StdoutLine: {'line': b'-- Up-to-date symlink: /home/Dojo/Dojo/install/robot_navigation/share/robot_navigation/config/bt_navigator_params.yaml\n'}
[1.282447] (robot_navigation) StdoutLine: {'line': b'-- Up-to-date symlink: /home/Dojo/Dojo/install/robot_navigation/share/robot_navigation/config/controller_params.yaml\n'}
[1.282595] (robot_navigation) StdoutLine: {'line': b'-- Up-to-date symlink: /home/Dojo/Dojo/install/robot_navigation/share/robot_navigation/config/costmap_common_params.yaml\n'}
[1.282686] (robot_navigation) StdoutLine: {'line': b'-- Up-to-date symlink: /home/Dojo/Dojo/install/robot_navigation/share/robot_navigation/config/global_costmap_params.yaml\n'}
[1.282765] (robot_navigation) StdoutLine: {'line': b'-- Up-to-date symlink: /home/Dojo/Dojo/install/robot_navigation/share/robot_navigation/config/local_costmap_params.yaml\n'}
[1.282951] (robot_navigation) StdoutLine: {'line': b'-- Up-to-date symlink: /home/Dojo/Dojo/install/robot_navigation/share/robot_navigation/config/localization_params.yaml\n'}
[1.283048] (robot_navigation) StdoutLine: {'line': b'-- Up-to-date symlink: /home/Dojo/Dojo/install/robot_navigation/share/robot_navigation/config/map_server_params.yaml\n'}
[1.283144] (robot_navigation) StdoutLine: {'line': b'-- Up-to-date symlink: /home/Dojo/Dojo/install/robot_navigation/share/robot_navigation/config/nav2_params.yaml\n'}
[1.283333] (robot_navigation) StdoutLine: {'line': b'-- Up-to-date symlink: /home/Dojo/Dojo/install/robot_navigation/share/robot_navigation/config/planner_params.yaml\n'}
[1.283509] (robot_navigation) StdoutLine: {'line': b'-- Up-to-date symlink: /home/Dojo/Dojo/install/robot_navigation/share/robot_navigation/launch/localization.launch.py\n'}
[1.283610] (robot_navigation) StdoutLine: {'line': b'-- Up-to-date symlink: /home/Dojo/Dojo/install/robot_navigation/share/robot_navigation/launch/map_server.launch.py\n'}
[1.283782] (robot_navigation) StdoutLine: {'line': b'-- Up-to-date symlink: /home/Dojo/Dojo/install/robot_navigation/share/robot_navigation/launch/navigation.launch.py\n'}
[1.283986] (robot_navigation) StdoutLine: {'line': b'-- Up-to-date symlink: /home/Dojo/Dojo/install/robot_navigation/share/ament_index/resource_index/package_run_dependencies/robot_navigation\n'}
[1.284121] (robot_navigation) StdoutLine: {'line': b'-- Up-to-date symlink: /home/Dojo/Dojo/install/robot_navigation/share/ament_index/resource_index/parent_prefix_path/robot_navigation\n'}
[1.284268] (robot_navigation) StdoutLine: {'line': b'-- Up-to-date symlink: /home/Dojo/Dojo/install/robot_navigation/share/robot_navigation/environment/ament_prefix_path.sh\n'}
[1.284487] (robot_navigation) StdoutLine: {'line': b'-- Up-to-date symlink: /home/Dojo/Dojo/install/robot_navigation/share/robot_navigation/environment/ament_prefix_path.dsv\n'}
[1.284602] (robot_navigation) StdoutLine: {'line': b'-- Up-to-date symlink: /home/Dojo/Dojo/install/robot_navigation/share/robot_navigation/environment/path.sh\n'}
[1.284706] (robot_navigation) StdoutLine: {'line': b'-- Up-to-date symlink: /home/Dojo/Dojo/install/robot_navigation/share/robot_navigation/environment/path.dsv\n'}
[1.284892] (robot_navigation) StdoutLine: {'line': b'-- Up-to-date symlink: /home/Dojo/Dojo/install/robot_navigation/share/robot_navigation/local_setup.bash\n'}
[1.285031] (robot_navigation) StdoutLine: {'line': b'-- Up-to-date symlink: /home/Dojo/Dojo/install/robot_navigation/share/robot_navigation/local_setup.sh\n'}
[1.285211] (robot_navigation) StdoutLine: {'line': b'-- Up-to-date symlink: /home/Dojo/Dojo/install/robot_navigation/share/robot_navigation/local_setup.zsh\n'}
[1.285376] (robot_navigation) StdoutLine: {'line': b'-- Up-to-date symlink: /home/Dojo/Dojo/install/robot_navigation/share/robot_navigation/local_setup.dsv\n'}
[1.285522] (robot_navigation) StdoutLine: {'line': b'-- Symlinking: /home/Dojo/Dojo/install/robot_navigation/share/robot_navigation/package.dsv\n'}
[1.285679] (robot_perception) StdoutLine: {'line': b'-- Up-to-date symlink: /home/Dojo/Dojo/install/robot_perception/share/ament_index/resource_index/packages/robot_perception\n'}
[1.285850] (robot_perception) StdoutLine: {'line': b'-- Up-to-date symlink: /home/Dojo/Dojo/install/robot_perception/share/robot_perception/cmake/robot_perceptionConfig.cmake\n'}
[1.285956] (robot_description) StdoutLine: {'line': b'-- Up-to-date symlink: /home/Dojo/Dojo/install/robot_description/share/ament_index/resource_index/packages/robot_description\n'}
[1.286058] (robot_perception) StdoutLine: {'line': b'-- Up-to-date symlink: /home/Dojo/Dojo/install/robot_perception/share/robot_perception/cmake/robot_perceptionConfig-version.cmake\n'}
[1.286150] (robot_description) StdoutLine: {'line': b'-- Up-to-date symlink: /home/Dojo/Dojo/install/robot_description/share/robot_description/cmake/robot_descriptionConfig.cmake\n'}
[1.286304] (robot_description) StdoutLine: {'line': b'-- Up-to-date symlink: /home/Dojo/Dojo/install/robot_description/share/robot_description/cmake/robot_descriptionConfig-version.cmake\n'}
[1.286423] (robot_perception) StdoutLine: {'line': b'-- Up-to-date symlink: /home/Dojo/Dojo/install/robot_perception/share/robot_perception/package.xml\n'}
[1.286609] (robot_description) StdoutLine: {'line': b'-- Up-to-date symlink: /home/Dojo/Dojo/install/robot_description/share/robot_description/package.xml\n'}
[1.286778] (robot_description) StdoutLine: {'line': b'-- Up-to-date: /home/Dojo/Dojo/install/robot_description/share/robot_description\n'}
[1.286919] (robot_description) StdoutLine: {'line': b'-- Up-to-date: /home/Dojo/Dojo/install/robot_description/share/robot_description/urdf\n'}
[1.287078] (robot_description) StdoutLine: {'line': b'-- Up-to-date: /home/Dojo/Dojo/install/robot_description/share/robot_description/rviz\n'}
[1.287232] (robot_description) StdoutLine: {'line': b'-- Up-to-date: /home/Dojo/Dojo/install/robot_description/share/robot_description/src\n'}
[1.287336] (robot_description) StdoutLine: {'line': b'-- Up-to-date: /home/Dojo/Dojo/install/robot_description/share/robot_description/src/robot_description\n'}
[1.287449] (robot_description) StdoutLine: {'line': b'-- Up-to-date: /home/Dojo/Dojo/install/robot_description/share/robot_description/src/robot_description/robot_description\n'}
[1.287550] (robot_description) StdoutLine: {'line': b'-- Up-to-date: /home/Dojo/Dojo/install/robot_description/share/robot_description/meshes\n'}
[1.287884] (robot_description) StdoutLine: {'line': b'-- Up-to-date: /home/Dojo/Dojo/install/robot_description/share/robot_description/scripts\n'}
[1.288023] (robot_description) StdoutLine: {'line': b'-- Up-to-date: /home/Dojo/Dojo/install/robot_description/share/robot_description/resource\n'}
[1.288228] (robot_description) StdoutLine: {'line': b'-- Up-to-date: /home/Dojo/Dojo/install/robot_description/share/robot_description/launch\n'}
[1.288339] (robot_description) StdoutLine: {'line': b'-- Up-to-date: /home/Dojo/Dojo/install/robot_description/share/robot_description/robot_description_temp\n'}
[1.288477] (robot_description) StdoutLine: {'line': b'-- Up-to-date: /home/Dojo/Dojo/install/robot_description/share/robot_description/robot_description_temp/urdf\n'}
[1.288570] (robot_description) StdoutLine: {'line': b'-- Up-to-date: /home/Dojo/Dojo/install/robot_description/share/robot_description/robot_description_temp/build\n'}
[1.288699] (robot_description) StdoutLine: {'line': b'-- Up-to-date: /home/Dojo/Dojo/install/robot_description/share/robot_description/robot_description_temp/build/ament_cppcheck\n'}
[1.288805] (robot_description) StdoutLine: {'line': b'-- Up-to-date: /home/Dojo/Dojo/install/robot_description/share/robot_description/robot_description_temp/build/CMakeFiles\n'}
[1.288911] (robot_description) StdoutLine: {'line': b'-- Up-to-date: /home/Dojo/Dojo/install/robot_description/share/robot_description/robot_description_temp/build/CMakeFiles/uninstall.dir\n'}
[1.289031] (robot_description) StdoutLine: {'line': b'-- Up-to-date: /home/Dojo/Dojo/install/robot_description/share/robot_description/robot_description_temp/build/CMakeFiles/Robot_description_uninstall.dir\n'}
[1.289136] (robot_description) StdoutLine: {'line': b'-- Up-to-date: /home/Dojo/Dojo/install/robot_description/share/robot_description/robot_description_temp/build/CMakeFiles/3.28.3\n'}
[1.289253] (robot_description) StdoutLine: {'line': b'-- Up-to-date: /home/Dojo/Dojo/install/robot_description/share/robot_description/robot_description_temp/build/CMakeFiles/3.28.3/CompilerIdC\n'}
[1.289361] (robot_description) StdoutLine: {'line': b'-- Up-to-date: /home/Dojo/Dojo/install/robot_description/share/robot_description/robot_description_temp/build/CMakeFiles/3.28.3/CompilerIdC/tmp\n'}
[1.289474] (robot_description) StdoutLine: {'line': b'-- Up-to-date: /home/Dojo/Dojo/install/robot_description/share/robot_description/robot_description_temp/build/CMakeFiles/3.28.3/CompilerIdCXX\n'}
[1.289588] (robot_description) StdoutLine: {'line': b'-- Up-to-date: /home/Dojo/Dojo/install/robot_description/share/robot_description/robot_description_temp/build/CMakeFiles/3.28.3/CompilerIdCXX/tmp\n'}
[1.289692] (robot_description) StdoutLine: {'line': b'-- Up-to-date: /home/Dojo/Dojo/install/robot_description/share/robot_description/robot_description_temp/build/CMakeFiles/pkgRedirects\n'}
[1.289811] (robot_description) StdoutLine: {'line': b'-- Up-to-date: /home/Dojo/Dojo/install/robot_description/share/robot_description/robot_description_temp/build/ament_cmake_environment_hooks\n'}
[1.289918] (robot_description) StdoutLine: {'line': b'-- Up-to-date: /home/Dojo/Dojo/install/robot_description/share/robot_description/robot_description_temp/build/Testing\n'}
[1.290345] (robot_description) StdoutLine: {'line': b'-- Up-to-date: /home/Dojo/Dojo/install/robot_description/share/robot_description/robot_description_temp/build/Testing/Temporary\n'}
[1.291051] (robot_description) StdoutLine: {'line': b'-- Up-to-date: /home/Dojo/Dojo/install/robot_description/share/robot_description/robot_description_temp/build/Testing/20250903-0916\n'}
[1.291615] (robot_description) StdoutLine: {'line': b'-- Up-to-date: /home/Dojo/Dojo/install/robot_description/share/robot_description/robot_description_temp/build/Testing/20250904-0957\n'}
[1.291904] (robot_description) StdoutLine: {'line': b'-- Up-to-date: /home/Dojo/Dojo/install/robot_description/share/robot_description/robot_description_temp/build/ament_cmake_index\n'}
[1.292058] (robot_description) StdoutLine: {'line': b'-- Up-to-date: /home/Dojo/Dojo/install/robot_description/share/robot_description/robot_description_temp/build/ament_cmake_index/share\n'}
[1.292177] (robot_description) StdoutLine: {'line': b'-- Up-to-date: /home/Dojo/Dojo/install/robot_description/share/robot_description/robot_description_temp/build/ament_cmake_index/share/ament_index\n'}
[1.292287] (robot_description) StdoutLine: {'line': b'-- Up-to-date: /home/Dojo/Dojo/install/robot_description/share/robot_description/robot_description_temp/build/ament_cmake_index/share/ament_index/resource_index\n'}
[1.292667] (robot_description) StdoutLine: {'line': b'-- Up-to-date: /home/Dojo/Dojo/install/robot_description/share/robot_description/robot_description_temp/build/ament_cmake_index/share/ament_index/resource_index/parent_prefix_path\n'}
[1.292838] (robot_description) StdoutLine: {'line': b'-- Up-to-date: /home/Dojo/Dojo/install/robot_description/share/robot_description/robot_description_temp/build/ament_cmake_index/share/ament_index/resource_index/package_run_dependencies\n'}
[1.293248] (robot_description) StdoutLine: {'line': b'-- Up-to-date: /home/Dojo/Dojo/install/robot_description/share/robot_description/robot_description_temp/build/ament_cmake_index/share/ament_index/resource_index/packages\n'}
[1.293368] (robot_description) StdoutLine: {'line': b'-- Up-to-date: /home/Dojo/Dojo/install/robot_description/share/robot_description/robot_description_temp/build/ament_copyright\n'}
[1.293507] (robot_description) StdoutLine: {'line': b'-- Up-to-date: /home/Dojo/Dojo/install/robot_description/share/robot_description/robot_description_temp/build/ament_xmllint\n'}
[1.293625] (robot_description) StdoutLine: {'line': b'-- Up-to-date: /home/Dojo/Dojo/install/robot_description/share/robot_description/robot_description_temp/build/ament_flake8\n'}
[1.293752] (robot_description) StdoutLine: {'line': b'-- Up-to-date: /home/Dojo/Dojo/install/robot_description/share/robot_description/robot_description_temp/build/ament_cmake_package_templates\n'}
[1.293873] (robot_description) StdoutLine: {'line': b'-- Up-to-date: /home/Dojo/Dojo/install/robot_description/share/robot_description/robot_description_temp/build/ament_cpplint\n'}
[1.293983] (robot_description) StdoutLine: {'line': b'-- Up-to-date: /home/Dojo/Dojo/install/robot_description/share/robot_description/robot_description_temp/build/.cmake\n'}
[1.294093] (robot_description) StdoutLine: {'line': b'-- Up-to-date: /home/Dojo/Dojo/install/robot_description/share/robot_description/robot_description_temp/build/.cmake/api\n'}
[1.294208] (robot_description) StdoutLine: {'line': b'-- Up-to-date: /home/Dojo/Dojo/install/robot_description/share/robot_description/robot_description_temp/build/.cmake/api/v1\n'}
[1.294358] (robot_description) StdoutLine: {'line': b'-- Up-to-date: /home/Dojo/Dojo/install/robot_description/share/robot_description/robot_description_temp/build/.cmake/api/v1/reply\n'}
[1.294782] (robot_description) StdoutLine: {'line': b'-- Up-to-date: /home/Dojo/Dojo/install/robot_description/share/robot_description/robot_description_temp/build/.cmake/api/v1/query\n'}
[1.295186] (robot_description) StdoutLine: {'line': b'-- Up-to-date: /home/Dojo/Dojo/install/robot_description/share/robot_description/robot_description_temp/build/.cmake/api/v1/query/client-vscode\n'}
[1.295346] (robot_description) StdoutLine: {'line': b'-- Up-to-date: /home/Dojo/Dojo/install/robot_description/share/robot_description/robot_description_temp/build/ament_pep257\n'}
[1.295501] (robot_description) StdoutLine: {'line': b'-- Up-to-date: /home/Dojo/Dojo/install/robot_description/share/robot_description/robot_description_temp/build/ament_cmake_uninstall_target\n'}
[1.295729] (robot_description) StdoutLine: {'line': b'-- Up-to-date: /home/Dojo/Dojo/install/robot_description/share/robot_description/robot_description_temp/build/ament_uncrustify\n'}
[1.295873] (robot_description) StdoutLine: {'line': b'-- Up-to-date: /home/Dojo/Dojo/install/robot_description/share/robot_description/robot_description_temp/build/ament_cmake_core\n'}
[1.295979] (robot_description) StdoutLine: {'line': b'-- Up-to-date: /home/Dojo/Dojo/install/robot_description/share/robot_description/robot_description_temp/build/ament_cmake_core/stamps\n'}
[1.296081] (robot_description) StdoutLine: {'line': b'-- Up-to-date: /home/Dojo/Dojo/install/robot_description/share/robot_description/robot_description_temp/build/ament_lint_cmake\n'}
[1.296256] (robot_description) StdoutLine: {'line': b'-- Up-to-date: /home/Dojo/Dojo/install/robot_description/share/robot_description/robot_description_temp/worlds\n'}
[1.296513] (robot_description) StdoutLine: {'line': b'-- Up-to-date: /home/Dojo/Dojo/install/robot_description/share/robot_description/robot_description_temp/launch\n'}
[1.296720] (robot_description) StdoutLine: {'line': b'-- Up-to-date: /home/Dojo/Dojo/install/robot_description/share/robot_description/robot_description_temp/config\n'}
[1.296914] (robot_description) StdoutLine: {'line': b'-- Up-to-date: /home/Dojo/Dojo/install/robot_description/share/robot_description/robot_description_temp/package.xml\n'}
[1.297198] (robot_description) StdoutLine: {'line': b'-- Up-to-date: /home/Dojo/Dojo/install/robot_description/share/robot_description/config\n'}
[1.297368] (robot_description) StdoutLine: {'line': b'-- Up-to-date: /home/Dojo/Dojo/install/robot_description/lib/robot_description/robot_description\n'}
[1.297767] (robot_description) StdoutLine: {'line': b'-- Up-to-date: /home/Dojo/Dojo/install/robot_description/lib/robot_description/robot_description/robot_description\n'}
[1.298036] (robot_description) StdoutLine: {'line': b'-- Up-to-date: /home/Dojo/Dojo/install/robot_description/lib/robot_description/robot_description/robot_description/__init__.py\n'}
[1.298190] (robot_description) StdoutLine: {'line': b'-- Up-to-date: /home/Dojo/Dojo/install/robot_description/lib/robot_description/robot_description/__init__.py\n'}
[1.298657] (robot_navigation) StdoutLine: {'line': b'-- Up-to-date symlink: /home/Dojo/Dojo/install/robot_navigation/share/ament_index/resource_index/packages/robot_navigation\n'}
[1.298831] (robot_navigation) StdoutLine: {'line': b'-- Up-to-date symlink: /home/Dojo/Dojo/install/robot_navigation/share/robot_navigation/cmake/robot_navigationConfig.cmake\n'}
[1.298943] (robot_navigation) StdoutLine: {'line': b'-- Up-to-date symlink: /home/Dojo/Dojo/install/robot_navigation/share/robot_navigation/cmake/robot_navigationConfig-version.cmake\n'}
[1.299038] (robot_navigation) StdoutLine: {'line': b'-- Up-to-date symlink: /home/Dojo/Dojo/install/robot_navigation/share/robot_navigation/package.xml\n'}
[1.299655] (robot_navigation) CommandEnded: {'returncode': 0}
[1.303003] (-) TimerEvent: {}
[1.322221] (robot_navigation) JobEnded: {'identifier': 'robot_navigation', 'rc': 0}
[1.322766] (robot_perception) StdoutLine: {'line': b"Listing '/home/Dojo/Dojo/install/robot_perception/local/lib/python3.10/dist-packages/robot_perception'...\n"}
[1.325117] (robot_description) StdoutLine: {'line': b"Listing '/home/Dojo/Dojo/install/robot_description/local/lib/python3.10/dist-packages/robot_description'...\n"}
[1.325326] (robot_description) StdoutLine: {'line': b"Listing '/home/Dojo/Dojo/install/robot_description/local/lib/python3.10/dist-packages/robot_description/robot_description'...\n"}
[1.329907] (robot_perception) CommandEnded: {'returncode': 0}
[1.344397] (robot_perception) JobEnded: {'identifier': 'robot_perception', 'rc': 0}
[1.345882] (robot_description) CommandEnded: {'returncode': 0}
[1.359719] (robot_description) JobEnded: {'identifier': 'robot_description', 'rc': 0}
[1.360745] (robot_gazebo) JobStarted: {'identifier': 'robot_gazebo'}
[1.368226] (robot_gazebo) JobProgress: {'identifier': 'robot_gazebo', 'progress': 'cmake'}
[1.369315] (robot_gazebo) JobProgress: {'identifier': 'robot_gazebo', 'progress': 'build'}
[1.369898] (robot_gazebo) Command: {'cmd': ['/usr/bin/cmake', '--build', '/home/Dojo/Dojo/build/robot_gazebo', '--', '-j16', '-l16'], 'cwd': '/home/Dojo/Dojo/build/robot_gazebo', 'env': OrderedDict([('HOSTNAME', 'gareth-joel-HP-Pavilion-Gaming-Laptop-15-ec2xxx'), ('SHLVL', '0'), ('LD_LIBRARY_PATH', '/usr/lib/x86_64-linux-gnu/gazebo-11/plugins:/opt/ros/humble/opt/rviz_ogre_vendor/lib:/opt/ros/humble/lib/x86_64-linux-gnu:/opt/ros/humble/lib'), ('HOME', '/root'), ('OLDPWD', '/ros2_ws'), ('ROS_PYTHON_VERSION', '3'), ('ROS_DISTRO', 'humble'), ('_', '/usr/bin/colcon'), ('ROS_VERSION', '2'), ('NVIDIA_DRIVER_CAPABILITIES', 'all'), ('TERM', 'xterm'), ('ROS_LOCALHOST_ONLY', '0'), ('PATH', '/opt/ros/humble/bin:/usr/local/sbin:/usr/local/bin:/usr/sbin:/usr/bin:/sbin:/bin'), ('XDG_RUNTIME_DIR', '/tmp'), ('DISPLAY', ':0'), ('LANG', 'C.UTF-8'), ('AMENT_PREFIX_PATH', '/home/Dojo/Dojo/install/robot_description:/opt/ros/humble'), ('DEBIAN_FRONTEND', 'noninteractive'), ('PWD', '/home/Dojo/Dojo/build/robot_gazebo'), ('LC_ALL', 'C.UTF-8'), ('PYTHONPATH', '/home/Dojo/Dojo/install/robot_description/local/lib/python3.10/dist-packages:/opt/ros/humble/lib/python3.10/site-packages:/opt/ros/humble/local/lib/python3.10/dist-packages'), ('NVIDIA_VISIBLE_DEVICES', 'all'), ('COLCON', '1'), ('CMAKE_PREFIX_PATH', '/home/Dojo/Dojo/install/robot_description:/opt/ros/humble')]), 'shell': False}
[1.403106] (-) TimerEvent: {}
[1.425349] (robot_gazebo) CommandEnded: {'returncode': 0}
[1.426133] (robot_gazebo) JobProgress: {'identifier': 'robot_gazebo', 'progress': 'install'}
[1.426663] (robot_gazebo) Command: {'cmd': ['/usr/bin/cmake', '--install', '/home/Dojo/Dojo/build/robot_gazebo'], 'cwd': '/home/Dojo/Dojo/build/robot_gazebo', 'env': OrderedDict([('HOSTNAME', 'gareth-joel-HP-Pavilion-Gaming-Laptop-15-ec2xxx'), ('SHLVL', '0'), ('LD_LIBRARY_PATH', '/usr/lib/x86_64-linux-gnu/gazebo-11/plugins:/opt/ros/humble/opt/rviz_ogre_vendor/lib:/opt/ros/humble/lib/x86_64-linux-gnu:/opt/ros/humble/lib'), ('HOME', '/root'), ('OLDPWD', '/ros2_ws'), ('ROS_PYTHON_VERSION', '3'), ('ROS_DISTRO', 'humble'), ('_', '/usr/bin/colcon'), ('ROS_VERSION', '2'), ('NVIDIA_DRIVER_CAPABILITIES', 'all'), ('TERM', 'xterm'), ('ROS_LOCALHOST_ONLY', '0'), ('PATH', '/opt/ros/humble/bin:/usr/local/sbin:/usr/local/bin:/usr/sbin:/usr/bin:/sbin:/bin'), ('XDG_RUNTIME_DIR', '/tmp'), ('DISPLAY', ':0'), ('LANG', 'C.UTF-8'), ('AMENT_PREFIX_PATH', '/home/Dojo/Dojo/install/robot_description:/opt/ros/humble'), ('DEBIAN_FRONTEND', 'noninteractive'), ('PWD', '/home/Dojo/Dojo/build/robot_gazebo'), ('LC_ALL', 'C.UTF-8'), ('PYTHONPATH', '/home/Dojo/Dojo/install/robot_description/local/lib/python3.10/dist-packages:/opt/ros/humble/lib/python3.10/site-packages:/opt/ros/humble/local/lib/python3.10/dist-packages'), ('NVIDIA_VISIBLE_DEVICES', 'all'), ('COLCON', '1'), ('CMAKE_PREFIX_PATH', '/home/Dojo/Dojo/install/robot_description:/opt/ros/humble')]), 'shell': False}
[1.435798] (robot_gazebo) StdoutLine: {'line': b'-- Install configuration: ""\n'}
[1.436212] (robot_gazebo) StdoutLine: {'line': b'-- Execute custom install script\n'}
[1.436590] (robot_gazebo) StdoutLine: {'line': b'-- Up-to-date symlink: /home/Dojo/Dojo/install/robot_gazebo/share/robot_gazebo/launch/gazebo.launch.py\n'}
[1.436717] (robot_gazebo) StdoutLine: {'line': b'-- Up-to-date symlink: /home/Dojo/Dojo/install/robot_gazebo/share/robot_gazebo/launch/robot_simulation.launch.py\n'}
[1.436834] (robot_gazebo) StdoutLine: {'line': b'-- Up-to-date symlink: /home/Dojo/Dojo/install/robot_gazebo/share/robot_gazebo/launch/simulation.launch.py\n'}
[1.437116] (robot_gazebo) StdoutLine: {'line': b'-- Up-to-date symlink: /home/Dojo/Dojo/install/robot_gazebo/share/robot_gazebo/config/diff_drive_controller.yaml\n'}
[1.437383] (robot_gazebo) StdoutLine: {'line': b'-- Up-to-date symlink: /home/Dojo/Dojo/install/robot_gazebo/share/robot_gazebo/rviz/robot_simulation.rviz\n'}
[1.437652] (robot_gazebo) StdoutLine: {'line': b'-- Up-to-date symlink: /home/Dojo/Dojo/install/robot_gazebo/share/robot_gazebo/worlds/empty.world\n'}
[1.437840] (robot_gazebo) StdoutLine: {'line': b'-- Up-to-date symlink: /home/Dojo/Dojo/install/robot_gazebo/share/ament_index/resource_index/package_run_dependencies/robot_gazebo\n'}
[1.438014] (robot_gazebo) StdoutLine: {'line': b'-- Up-to-date symlink: /home/Dojo/Dojo/install/robot_gazebo/share/ament_index/resource_index/parent_prefix_path/robot_gazebo\n'}
[1.438186] (robot_gazebo) StdoutLine: {'line': b'-- Up-to-date symlink: /home/Dojo/Dojo/install/robot_gazebo/share/robot_gazebo/environment/ament_prefix_path.sh\n'}
[1.438336] (robot_gazebo) StdoutLine: {'line': b'-- Up-to-date symlink: /home/Dojo/Dojo/install/robot_gazebo/share/robot_gazebo/environment/ament_prefix_path.dsv\n'}
[1.438515] (robot_gazebo) StdoutLine: {'line': b'-- Up-to-date symlink: /home/Dojo/Dojo/install/robot_gazebo/share/robot_gazebo/environment/path.sh\n'}
[1.438664] (robot_gazebo) StdoutLine: {'line': b'-- Up-to-date symlink: /home/Dojo/Dojo/install/robot_gazebo/share/robot_gazebo/environment/path.dsv\n'}
[1.438813] (robot_gazebo) StdoutLine: {'line': b'-- Up-to-date symlink: /home/Dojo/Dojo/install/robot_gazebo/share/robot_gazebo/local_setup.bash\n'}
[1.438961] (robot_gazebo) StdoutLine: {'line': b'-- Up-to-date symlink: /home/Dojo/Dojo/install/robot_gazebo/share/robot_gazebo/local_setup.sh\n'}
[1.439110] (robot_gazebo) StdoutLine: {'line': b'-- Up-to-date symlink: /home/Dojo/Dojo/install/robot_gazebo/share/robot_gazebo/local_setup.zsh\n'}
[1.439256] (robot_gazebo) StdoutLine: {'line': b'-- Up-to-date symlink: /home/Dojo/Dojo/install/robot_gazebo/share/robot_gazebo/local_setup.dsv\n'}
[1.439360] (robot_gazebo) StdoutLine: {'line': b'-- Symlinking: /home/Dojo/Dojo/install/robot_gazebo/share/robot_gazebo/package.dsv\n'}
[1.449884] (robot_gazebo) StdoutLine: {'line': b'-- Up-to-date symlink: /home/Dojo/Dojo/install/robot_gazebo/share/ament_index/resource_index/packages/robot_gazebo\n'}
[1.450098] (robot_gazebo) StdoutLine: {'line': b'-- Up-to-date symlink: /home/Dojo/Dojo/install/robot_gazebo/share/robot_gazebo/cmake/robot_gazeboConfig.cmake\n'}
[1.450229] (robot_gazebo) StdoutLine: {'line': b'-- Up-to-date symlink: /home/Dojo/Dojo/install/robot_gazebo/share/robot_gazebo/cmake/robot_gazeboConfig-version.cmake\n'}
[1.450389] (robot_gazebo) StdoutLine: {'line': b'-- Up-to-date symlink: /home/Dojo/Dojo/install/robot_gazebo/share/robot_gazebo/package.xml\n'}
[1.450557] (robot_gazebo) StdoutLine: {'line': b'-- Up-to-date: /home/Dojo/Dojo/install/robot_gazebo/lib/robot_gazebo\n'}
[1.450660] (robot_gazebo) StdoutLine: {'line': b'-- Up-to-date: /home/Dojo/Dojo/install/robot_gazebo/lib/robot_gazebo/spawn_robot.py\n'}
[1.452903] (robot_gazebo) CommandEnded: {'returncode': 0}
[1.470137] (robot_gazebo) JobEnded: {'identifier': 'robot_gazebo', 'rc': 0}
[1.503197] (-) TimerEvent: {}
[1.603465] (-) TimerEvent: {}
[1.663871] (robot_control) Command: {'cmd': ['/usr/bin/python3', '-W', 'ignore:setup.py install is deprecated', '-W', 'ignore:easy_install command is deprecated', 'setup.py', 'develop', '--editable', '--build-directory', '/home/Dojo/Dojo/build/robot_control/build', '--no-deps', 'symlink_data'], 'cwd': '/home/Dojo/Dojo/build/robot_control', 'env': {'HOSTNAME': 'gareth-joel-HP-Pavilion-Gaming-Laptop-15-ec2xxx', 'SHLVL': '0', 'LD_LIBRARY_PATH': '/usr/lib/x86_64-linux-gnu/gazebo-11/plugins:/opt/ros/humble/opt/rviz_ogre_vendor/lib:/opt/ros/humble/lib/x86_64-linux-gnu:/opt/ros/humble/lib', 'HOME': '/root', 'OLDPWD': '/ros2_ws', 'ROS_PYTHON_VERSION': '3', 'ROS_DISTRO': 'humble', '_': '/usr/bin/colcon', 'ROS_VERSION': '2', 'NVIDIA_DRIVER_CAPABILITIES': 'all', 'TERM': 'xterm', 'ROS_LOCALHOST_ONLY': '0', 'PATH': '/opt/ros/humble/bin:/usr/local/sbin:/usr/local/bin:/usr/sbin:/usr/bin:/sbin:/bin', 'XDG_RUNTIME_DIR': '/tmp', 'DISPLAY': ':0', 'LANG': 'C.UTF-8', 'AMENT_PREFIX_PATH': '/opt/ros/humble', 'DEBIAN_FRONTEND': 'noninteractive', 'PWD': '/home/Dojo/Dojo/build/robot_control', 'LC_ALL': 'C.UTF-8', 'PYTHONPATH': '/home/Dojo/Dojo/build/robot_control/prefix_override:/usr/lib/python3/dist-packages/colcon_core/task/python/colcon_distutils_commands:/home/Dojo/Dojo/install/robot_control/lib/python3.10/site-packages:/opt/ros/humble/lib/python3.10/site-packages:/opt/ros/humble/local/lib/python3.10/dist-packages', 'NVIDIA_VISIBLE_DEVICES': 'all', 'COLCON': '1'}, 'shell': False}
[1.677849] (arduino_bridge) Command: {'cmd': ['/usr/bin/python3', '-W', 'ignore:setup.py install is deprecated', '-W', 'ignore:easy_install command is deprecated', 'setup.py', 'develop', '--editable', '--build-directory', '/home/Dojo/Dojo/build/arduino_bridge/build', '--no-deps', 'symlink_data'], 'cwd': '/home/Dojo/Dojo/build/arduino_bridge', 'env': {'HOSTNAME': 'gareth-joel-HP-Pavilion-Gaming-Laptop-15-ec2xxx', 'SHLVL': '0', 'LD_LIBRARY_PATH': '/usr/lib/x86_64-linux-gnu/gazebo-11/plugins:/opt/ros/humble/opt/rviz_ogre_vendor/lib:/opt/ros/humble/lib/x86_64-linux-gnu:/opt/ros/humble/lib', 'HOME': '/root', 'OLDPWD': '/ros2_ws', 'ROS_PYTHON_VERSION': '3', 'ROS_DISTRO': 'humble', '_': '/usr/bin/colcon', 'ROS_VERSION': '2', 'NVIDIA_DRIVER_CAPABILITIES': 'all', 'TERM': 'xterm', 'ROS_LOCALHOST_ONLY': '0', 'PATH': '/opt/ros/humble/bin:/usr/local/sbin:/usr/local/bin:/usr/sbin:/usr/bin:/sbin:/bin', 'XDG_RUNTIME_DIR': '/tmp', 'DISPLAY': ':0', 'LANG': 'C.UTF-8', 'AMENT_PREFIX_PATH': '/opt/ros/humble', 'DEBIAN_FRONTEND': 'noninteractive', 'PWD': '/home/Dojo/Dojo/build/arduino_bridge', 'LC_ALL': 'C.UTF-8', 'PYTHONPATH': '/home/Dojo/Dojo/build/arduino_bridge/prefix_override:/usr/lib/python3/dist-packages/colcon_core/task/python/colcon_distutils_commands:/home/Dojo/Dojo/install/arduino_bridge/lib/python3.10/site-packages:/opt/ros/humble/lib/python3.10/site-packages:/opt/ros/humble/local/lib/python3.10/dist-packages', 'NVIDIA_VISIBLE_DEVICES': 'all', 'COLCON': '1'}, 'shell': False}
[1.687820] (ros2arduino_bridge) Command: {'cmd': ['/usr/bin/python3', '-W', 'ignore:setup.py install is deprecated', '-W', 'ignore:easy_install command is deprecated', 'setup.py', 'develop', '--editable', '--build-directory', '/home/Dojo/Dojo/build/ros2arduino_bridge/build', '--no-deps', 'symlink_data'], 'cwd': '/home/Dojo/Dojo/build/ros2arduino_bridge', 'env': {'HOSTNAME': 'gareth-joel-HP-Pavilion-Gaming-Laptop-15-ec2xxx', 'SHLVL': '0', 'LD_LIBRARY_PATH': '/usr/lib/x86_64-linux-gnu/gazebo-11/plugins:/opt/ros/humble/opt/rviz_ogre_vendor/lib:/opt/ros/humble/lib/x86_64-linux-gnu:/opt/ros/humble/lib', 'HOME': '/root', 'OLDPWD': '/ros2_ws', 'ROS_PYTHON_VERSION': '3', 'ROS_DISTRO': 'humble', '_': '/usr/bin/colcon', 'ROS_VERSION': '2', 'NVIDIA_DRIVER_CAPABILITIES': 'all', 'TERM': 'xterm', 'ROS_LOCALHOST_ONLY': '0', 'PATH': '/opt/ros/humble/bin:/usr/local/sbin:/usr/local/bin:/usr/sbin:/usr/bin:/sbin:/bin', 'XDG_RUNTIME_DIR': '/tmp', 'DISPLAY': ':0', 'LANG': 'C.UTF-8', 'AMENT_PREFIX_PATH': '/opt/ros/humble', 'DEBIAN_FRONTEND': 'noninteractive', 'PWD': '/home/Dojo/Dojo/build/ros2arduino_bridge', 'LC_ALL': 'C.UTF-8', 'PYTHONPATH': '/home/Dojo/Dojo/build/ros2arduino_bridge/prefix_override:/usr/lib/python3/dist-packages/colcon_core/task/python/colcon_distutils_commands:/home/Dojo/Dojo/install/ros2arduino_bridge/lib/python3.10/site-packages:/opt/ros/humble/lib/python3.10/site-packages:/opt/ros/humble/local/lib/python3.10/dist-packages', 'NVIDIA_VISIBLE_DEVICES': 'all', 'COLCON': '1'}, 'shell': False}
[1.690215] (robot_sensors) Command: {'cmd': ['/usr/bin/python3', '-W', 'ignore:setup.py install is deprecated', '-W', 'ignore:easy_install command is deprecated', 'setup.py', 'develop', '--editable', '--build-directory', '/home/Dojo/Dojo/build/robot_sensors/build', '--no-deps', 'symlink_data'], 'cwd': '/home/Dojo/Dojo/build/robot_sensors', 'env': {'HOSTNAME': 'gareth-joel-HP-Pavilion-Gaming-Laptop-15-ec2xxx', 'SHLVL': '0', 'LD_LIBRARY_PATH': '/usr/lib/x86_64-linux-gnu/gazebo-11/plugins:/opt/ros/humble/opt/rviz_ogre_vendor/lib:/opt/ros/humble/lib/x86_64-linux-gnu:/opt/ros/humble/lib', 'HOME': '/root', 'OLDPWD': '/ros2_ws', 'ROS_PYTHON_VERSION': '3', 'ROS_DISTRO': 'humble', '_': '/usr/bin/colcon', 'ROS_VERSION': '2', 'NVIDIA_DRIVER_CAPABILITIES': 'all', 'TERM': 'xterm', 'ROS_LOCALHOST_ONLY': '0', 'PATH': '/opt/ros/humble/bin:/usr/local/sbin:/usr/local/bin:/usr/sbin:/usr/bin:/sbin:/bin', 'XDG_RUNTIME_DIR': '/tmp', 'DISPLAY': ':0', 'LANG': 'C.UTF-8', 'AMENT_PREFIX_PATH': '/opt/ros/humble', 'DEBIAN_FRONTEND': 'noninteractive', 'PWD': '/home/Dojo/Dojo/build/robot_sensors', 'LC_ALL': 'C.UTF-8', 'PYTHONPATH': '/home/Dojo/Dojo/build/robot_sensors/prefix_override:/usr/lib/python3/dist-packages/colcon_core/task/python/colcon_distutils_commands:/home/Dojo/Dojo/install/robot_sensors/lib/python3.10/site-packages:/opt/ros/humble/lib/python3.10/site-packages:/opt/ros/humble/local/lib/python3.10/dist-packages', 'NVIDIA_VISIBLE_DEVICES': 'all', 'COLCON': '1'}, 'shell': False}
[1.693254] (vision_system) Command: {'cmd': ['/usr/bin/python3', '-W', 'ignore:setup.py install is deprecated', '-W', 'ignore:easy_install command is deprecated', 'setup.py', 'develop', '--editable', '--build-directory', '/home/Dojo/Dojo/build/vision_system/build', '--no-deps', 'symlink_data'], 'cwd': '/home/Dojo/Dojo/build/vision_system', 'env': {'HOSTNAME': 'gareth-joel-HP-Pavilion-Gaming-Laptop-15-ec2xxx', 'SHLVL': '0', 'LD_LIBRARY_PATH': '/usr/lib/x86_64-linux-gnu/gazebo-11/plugins:/opt/ros/humble/opt/rviz_ogre_vendor/lib:/opt/ros/humble/lib/x86_64-linux-gnu:/opt/ros/humble/lib', 'HOME': '/root', 'OLDPWD': '/ros2_ws', 'ROS_PYTHON_VERSION': '3', 'ROS_DISTRO': 'humble', '_': '/usr/bin/colcon', 'ROS_VERSION': '2', 'NVIDIA_DRIVER_CAPABILITIES': 'all', 'TERM': 'xterm', 'ROS_LOCALHOST_ONLY': '0', 'PATH': '/opt/ros/humble/bin:/usr/local/sbin:/usr/local/bin:/usr/sbin:/usr/bin:/sbin:/bin', 'XDG_RUNTIME_DIR': '/tmp', 'DISPLAY': ':0', 'LANG': 'C.UTF-8', 'AMENT_PREFIX_PATH': '/opt/ros/humble', 'DEBIAN_FRONTEND': 'noninteractive', 'PWD': '/home/Dojo/Dojo/build/vision_system', 'LC_ALL': 'C.UTF-8', 'PYTHONPATH': '/home/Dojo/Dojo/build/vision_system/prefix_override:/usr/lib/python3/dist-packages/colcon_core/task/python/colcon_distutils_commands:/home/Dojo/Dojo/install/vision_system/lib/python3.10/site-packages:/opt/ros/humble/lib/python3.10/site-packages:/opt/ros/humble/local/lib/python3.10/dist-packages', 'NVIDIA_VISIBLE_DEVICES': 'all', 'COLCON': '1'}, 'shell': False}
[1.703561] (-) TimerEvent: {}
[1.803851] (-) TimerEvent: {}
[1.904134] (-) TimerEvent: {}
[1.935925] (robot_control) StdoutLine: {'line': b'running develop\n'}
[1.953315] (arduino_bridge) StdoutLine: {'line': b'running develop\n'}
[1.964711] (robot_sensors) StdoutLine: {'line': b'running develop\n'}
[1.966837] (ros2arduino_bridge) StdoutLine: {'line': b'running develop\n'}
[1.976274] (vision_system) StdoutLine: {'line': b'running develop\n'}
[2.004232] (-) TimerEvent: {}
[2.104526] (-) TimerEvent: {}
[2.117598] (robot_control) StdoutLine: {'line': b'running egg_info\n'}
[2.117885] (robot_control) StdoutLine: {'line': b'writing robot_control.egg-info/PKG-INFO\n'}
[2.118109] (robot_control) StdoutLine: {'line': b'writing dependency_links to robot_control.egg-info/dependency_links.txt\n'}
[2.118308] (robot_control) StdoutLine: {'line': b'writing entry points to robot_control.egg-info/entry_points.txt\n'}
[2.118539] (robot_control) StdoutLine: {'line': b'writing requirements to robot_control.egg-info/requires.txt\n'}
[2.118665] (robot_control) StdoutLine: {'line': b'writing top-level names to robot_control.egg-info/top_level.txt\n'}
[2.120424] (robot_control) StdoutLine: {'line': b"reading manifest file 'robot_control.egg-info/SOURCES.txt'\n"}
[2.121224] (robot_control) StdoutLine: {'line': b"writing manifest file 'robot_control.egg-info/SOURCES.txt'\n"}
[2.122506] (robot_control) StdoutLine: {'line': b'running build_ext\n'}
[2.122692] (robot_control) StdoutLine: {'line': b'Creating /home/Dojo/Dojo/install/robot_control/lib/python3.10/site-packages/robot-control.egg-link (link to .)\n'}
[2.123532] (robot_control) StdoutLine: {'line': b'Installing arduino_bridge script to /home/Dojo/Dojo/install/robot_control/lib/robot_control\n'}
[2.123724] (robot_control) StdoutLine: {'line': b'Installing cmd_vel_to_motors script to /home/Dojo/Dojo/install/robot_control/lib/robot_control\n'}
[2.123970] (robot_control) StdoutLine: {'line': b'\n'}
[2.124137] (robot_control) StdoutLine: {'line': b'Installed /home/Dojo/Dojo/build/robot_control\n'}
[2.124267] (robot_control) StdoutLine: {'line': b'running symlink_data\n'}
[2.136139] (arduino_bridge) StdoutLine: {'line': b'running egg_info\n'}
[2.136436] (arduino_bridge) StdoutLine: {'line': b'writing arduino_bridge.egg-info/PKG-INFO\n'}
[2.136782] (arduino_bridge) StdoutLine: {'line': b'writing dependency_links to arduino_bridge.egg-info/dependency_links.txt\n'}
[2.137057] (arduino_bridge) StdoutLine: {'line': b'writing entry points to arduino_bridge.egg-info/entry_points.txt\n'}
[2.137264] (arduino_bridge) StdoutLine: {'line': b'writing requirements to arduino_bridge.egg-info/requires.txt\n'}
[2.137472] (arduino_bridge) StdoutLine: {'line': b'writing top-level names to arduino_bridge.egg-info/top_level.txt\n'}
[2.139610] (arduino_bridge) StdoutLine: {'line': b"reading manifest file 'arduino_bridge.egg-info/SOURCES.txt'\n"}
[2.140527] (arduino_bridge) StdoutLine: {'line': b"writing manifest file 'arduino_bridge.egg-info/SOURCES.txt'\n"}
[2.142092] (arduino_bridge) StdoutLine: {'line': b'running build_ext\n'}
[2.142363] (arduino_bridge) StdoutLine: {'line': b'Creating /home/Dojo/Dojo/install/arduino_bridge/lib/python3.10/site-packages/arduino-bridge.egg-link (link to .)\n'}
[2.143345] (arduino_bridge) StdoutLine: {'line': b'Installing arduino_bridge_node script to /home/Dojo/Dojo/install/arduino_bridge/lib/arduino_bridge\n'}
[2.143610] (arduino_bridge) StdoutLine: {'line': b'Installing test_arduino_bridge script to /home/Dojo/Dojo/install/arduino_bridge/lib/arduino_bridge\n'}
[2.143843] (robot_sensors) StdoutLine: {'line': b'running egg_info\n'}
[2.144038] (arduino_bridge) StdoutLine: {'line': b'\n'}
[2.144236] (arduino_bridge) StdoutLine: {'line': b'Installed /home/Dojo/Dojo/build/arduino_bridge\n'}
[2.144399] (robot_sensors) StdoutLine: {'line': b'writing robot_sensors.egg-info/PKG-INFO\n'}
[2.144573] (arduino_bridge) StdoutLine: {'line': b'running symlink_data\n'}
[2.144717] (robot_sensors) StdoutLine: {'line': b'writing dependency_links to robot_sensors.egg-info/dependency_links.txt\n'}
[2.144853] (robot_sensors) StdoutLine: {'line': b'writing entry points to robot_sensors.egg-info/entry_points.txt\n'}
[2.144946] (robot_sensors) StdoutLine: {'line': b'writing requirements to robot_sensors.egg-info/requires.txt\n'}
[2.145036] (robot_sensors) StdoutLine: {'line': b'writing top-level names to robot_sensors.egg-info/top_level.txt\n'}
[2.146046] (robot_sensors) StderrLine: {'line': b"package init file 'robot_sensors/__init__.py' not found (or not a regular file)\n"}
[2.146521] (robot_sensors) StdoutLine: {'line': b"reading manifest file 'robot_sensors.egg-info/SOURCES.txt'\n"}
[2.147225] (robot_sensors) StdoutLine: {'line': b"writing manifest file 'robot_sensors.egg-info/SOURCES.txt'\n"}
[2.148526] (robot_sensors) StdoutLine: {'line': b'running build_ext\n'}
[2.148715] (robot_sensors) StdoutLine: {'line': b'Creating /home/Dojo/Dojo/install/robot_sensors/lib/python3.10/site-packages/robot-sensors.egg-link (link to .)\n'}
[2.149642] (robot_sensors) StdoutLine: {'line': b'Installing camera_publisher script to /home/Dojo/Dojo/install/robot_sensors/lib/robot_sensors\n'}
[2.149967] (robot_sensors) StdoutLine: {'line': b'\n'}
[2.150079] (robot_sensors) StdoutLine: {'line': b'Installed /home/Dojo/Dojo/build/robot_sensors\n'}
[2.150203] (robot_sensors) StdoutLine: {'line': b'running symlink_data\n'}
[2.151380] (ros2arduino_bridge) StdoutLine: {'line': b'running egg_info\n'}
[2.151625] (ros2arduino_bridge) StdoutLine: {'line': b'writing ros2arduino_bridge.egg-info/PKG-INFO\n'}
[2.152041] (ros2arduino_bridge) StdoutLine: {'line': b'writing dependency_links to ros2arduino_bridge.egg-info/dependency_links.txt\n'}
[2.152262] (ros2arduino_bridge) StdoutLine: {'line': b'writing entry points to ros2arduino_bridge.egg-info/entry_points.txt\n'}
[2.152414] (ros2arduino_bridge) StdoutLine: {'line': b'writing requirements to ros2arduino_bridge.egg-info/requires.txt\n'}
[2.152538] (ros2arduino_bridge) StdoutLine: {'line': b'writing top-level names to ros2arduino_bridge.egg-info/top_level.txt\n'}
[2.154668] (ros2arduino_bridge) StdoutLine: {'line': b"reading manifest file 'ros2arduino_bridge.egg-info/SOURCES.txt'\n"}
[2.155554] (ros2arduino_bridge) StdoutLine: {'line': b"writing manifest file 'ros2arduino_bridge.egg-info/SOURCES.txt'\n"}
[2.156391] (robot_control) CommandEnded: {'returncode': 0}
[2.157368] (ros2arduino_bridge) StdoutLine: {'line': b'running build_ext\n'}
[2.157550] (ros2arduino_bridge) StdoutLine: {'line': b'Creating /home/Dojo/Dojo/install/ros2arduino_bridge/lib/python3.10/site-packages/ros2arduino-bridge.egg-link (link to .)\n'}
[2.157879] (vision_system) StdoutLine: {'line': b'running egg_info\n'}
[2.158197] (vision_system) StdoutLine: {'line': b'writing vision_system.egg-info/PKG-INFO\n'}
[2.158402] (ros2arduino_bridge) StdoutLine: {'line': b'Installing arduino_bridge script to /home/Dojo/Dojo/install/ros2arduino_bridge/bin\n'}
[2.158518] (vision_system) StdoutLine: {'line': b'writing dependency_links to vision_system.egg-info/dependency_links.txt\n'}
[2.158621] (ros2arduino_bridge) StdoutLine: {'line': b'Installing arduino_bridge_tester script to /home/Dojo/Dojo/install/ros2arduino_bridge/bin\n'}
[2.158951] (ros2arduino_bridge) StdoutLine: {'line': b'Installing test_arduino_bridge script to /home/Dojo/Dojo/install/ros2arduino_bridge/bin\n'}
[2.159140] (ros2arduino_bridge) StdoutLine: {'line': b'\n'}
[2.159245] (ros2arduino_bridge) StdoutLine: {'line': b'Installed /home/Dojo/Dojo/build/ros2arduino_bridge\n'}
[2.159635] (ros2arduino_bridge) StdoutLine: {'line': b'running symlink_data\n'}
[2.159825] (vision_system) StdoutLine: {'line': b'writing entry points to vision_system.egg-info/entry_points.txt\n'}
[2.160438] (vision_system) StdoutLine: {'line': b'writing requirements to vision_system.egg-info/requires.txt\n'}
[2.160581] (vision_system) StdoutLine: {'line': b'writing top-level names to vision_system.egg-info/top_level.txt\n'}
[2.160766] (vision_system) StdoutLine: {'line': b"reading manifest file 'vision_system.egg-info/SOURCES.txt'\n"}
[2.161370] (vision_system) StdoutLine: {'line': b"writing manifest file 'vision_system.egg-info/SOURCES.txt'\n"}
[2.163001] (vision_system) StdoutLine: {'line': b'running build_ext\n'}
[2.163219] (vision_system) StdoutLine: {'line': b'Creating /home/Dojo/Dojo/install/vision_system/lib/python3.10/site-packages/vision-system.egg-link (link to .)\n'}
[2.164074] (vision_system) StdoutLine: {'line': b'Installing object_detector script to /home/Dojo/Dojo/install/vision_system/lib/vision_system\n'}
[2.164493] (vision_system) StdoutLine: {'line': b'\n'}
[2.165133] (vision_system) StdoutLine: {'line': b'Installed /home/Dojo/Dojo/build/vision_system\n'}
[2.165586] (vision_system) StdoutLine: {'line': b'running symlink_data\n'}
[2.167765] (robot_control) JobEnded: {'identifier': 'robot_control', 'rc': 0}
[2.187552] (robot_sensors) CommandEnded: {'returncode': 0}
[2.195037] (robot_sensors) JobEnded: {'identifier': 'robot_sensors', 'rc': 0}
[2.196108] (robot_bringup) JobStarted: {'identifier': 'robot_bringup'}
[2.202392] (arduino_bridge) CommandEnded: {'returncode': 0}
[2.204601] (-) TimerEvent: {}
[2.209586] (arduino_bridge) JobEnded: {'identifier': 'arduino_bridge', 'rc': 0}
[2.210670] (ros2arduino_bridge) CommandEnded: {'returncode': 0}
[2.219557] (ros2arduino_bridge) JobEnded: {'identifier': 'ros2arduino_bridge', 'rc': 0}
[2.220473] (robot_bringup) JobProgress: {'identifier': 'robot_bringup', 'progress': 'cmake'}
[2.220804] (robot_bringup) JobProgress: {'identifier': 'robot_bringup', 'progress': 'build'}
[2.221124] (robot_bringup) Command: {'cmd': ['/usr/bin/cmake', '--build', '/home/Dojo/Dojo/build/robot_bringup', '--', '-j16', '-l16'], 'cwd': '/home/Dojo/Dojo/build/robot_bringup', 'env': OrderedDict([('HOSTNAME', 'gareth-joel-HP-Pavilion-Gaming-Laptop-15-ec2xxx'), ('SHLVL', '0'), ('LD_LIBRARY_PATH', '/usr/lib/x86_64-linux-gnu/gazebo-11/plugins:/opt/ros/humble/opt/rviz_ogre_vendor/lib:/opt/ros/humble/lib/x86_64-linux-gnu:/opt/ros/humble/lib'), ('HOME', '/root'), ('OLDPWD', '/ros2_ws'), ('ROS_PYTHON_VERSION', '3'), ('ROS_DISTRO', 'humble'), ('_', '/usr/bin/colcon'), ('ROS_VERSION', '2'), ('NVIDIA_DRIVER_CAPABILITIES', 'all'), ('TERM', 'xterm'), ('ROS_LOCALHOST_ONLY', '0'), ('PATH', '/opt/ros/humble/bin:/usr/local/sbin:/usr/local/bin:/usr/sbin:/usr/bin:/sbin:/bin'), ('XDG_RUNTIME_DIR', '/tmp'), ('DISPLAY', ':0'), ('LANG', 'C.UTF-8'), ('AMENT_PREFIX_PATH', '/home/Dojo/Dojo/install/robot_sensors:/home/Dojo/Dojo/install/robot_perception:/home/Dojo/Dojo/install/robot_navigation:/home/Dojo/Dojo/install/robot_description:/home/Dojo/Dojo/install/robot_control:/opt/ros/humble'), ('DEBIAN_FRONTEND', 'noninteractive'), ('PWD', '/home/Dojo/Dojo/build/robot_bringup'), ('LC_ALL', 'C.UTF-8'), ('PYTHONPATH', '/home/Dojo/Dojo/build/robot_sensors:/home/Dojo/Dojo/install/robot_sensors/lib/python3.10/site-packages:/home/Dojo/Dojo/install/robot_perception/local/lib/python3.10/dist-packages:/home/Dojo/Dojo/install/robot_description/local/lib/python3.10/dist-packages:/home/Dojo/Dojo/build/robot_control:/home/Dojo/Dojo/install/robot_control/lib/python3.10/site-packages:/opt/ros/humble/lib/python3.10/site-packages:/opt/ros/humble/local/lib/python3.10/dist-packages'), ('NVIDIA_VISIBLE_DEVICES', 'all'), ('COLCON', '1'), ('CMAKE_PREFIX_PATH', '/home/Dojo/Dojo/install/robot_perception:/home/Dojo/Dojo/install/robot_navigation:/home/Dojo/Dojo/install/robot_description:/opt/ros/humble')]), 'shell': False}
[2.222943] (vision_system) CommandEnded: {'returncode': 0}
[2.228849] (vision_system) JobEnded: {'identifier': 'vision_system', 'rc': 0}
[2.260999] (robot_bringup) CommandEnded: {'returncode': 0}
[2.261600] (robot_bringup) JobProgress: {'identifier': 'robot_bringup', 'progress': 'install'}
[2.261749] (robot_bringup) Command: {'cmd': ['/usr/bin/cmake', '--install', '/home/Dojo/Dojo/build/robot_bringup'], 'cwd': '/home/Dojo/Dojo/build/robot_bringup', 'env': OrderedDict([('HOSTNAME', 'gareth-joel-HP-Pavilion-Gaming-Laptop-15-ec2xxx'), ('SHLVL', '0'), ('LD_LIBRARY_PATH', '/usr/lib/x86_64-linux-gnu/gazebo-11/plugins:/opt/ros/humble/opt/rviz_ogre_vendor/lib:/opt/ros/humble/lib/x86_64-linux-gnu:/opt/ros/humble/lib'), ('HOME', '/root'), ('OLDPWD', '/ros2_ws'), ('ROS_PYTHON_VERSION', '3'), ('ROS_DISTRO', 'humble'), ('_', '/usr/bin/colcon'), ('ROS_VERSION', '2'), ('NVIDIA_DRIVER_CAPABILITIES', 'all'), ('TERM', 'xterm'), ('ROS_LOCALHOST_ONLY', '0'), ('PATH', '/opt/ros/humble/bin:/usr/local/sbin:/usr/local/bin:/usr/sbin:/usr/bin:/sbin:/bin'), ('XDG_RUNTIME_DIR', '/tmp'), ('DISPLAY', ':0'), ('LANG', 'C.UTF-8'), ('AMENT_PREFIX_PATH', '/home/Dojo/Dojo/install/robot_sensors:/home/Dojo/Dojo/install/robot_perception:/home/Dojo/Dojo/install/robot_navigation:/home/Dojo/Dojo/install/robot_description:/home/Dojo/Dojo/install/robot_control:/opt/ros/humble'), ('DEBIAN_FRONTEND', 'noninteractive'), ('PWD', '/home/Dojo/Dojo/build/robot_bringup'), ('LC_ALL', 'C.UTF-8'), ('PYTHONPATH', '/home/Dojo/Dojo/build/robot_sensors:/home/Dojo/Dojo/install/robot_sensors/lib/python3.10/site-packages:/home/Dojo/Dojo/install/robot_perception/local/lib/python3.10/dist-packages:/home/Dojo/Dojo/install/robot_description/local/lib/python3.10/dist-packages:/home/Dojo/Dojo/build/robot_control:/home/Dojo/Dojo/install/robot_control/lib/python3.10/site-packages:/opt/ros/humble/lib/python3.10/site-packages:/opt/ros/humble/local/lib/python3.10/dist-packages'), ('NVIDIA_VISIBLE_DEVICES', 'all'), ('COLCON', '1'), ('CMAKE_PREFIX_PATH', '/home/Dojo/Dojo/install/robot_perception:/home/Dojo/Dojo/install/robot_navigation:/home/Dojo/Dojo/install/robot_description:/opt/ros/humble')]), 'shell': False}
[2.269891] (robot_bringup) StdoutLine: {'line': b'-- Install configuration: ""\n'}
[2.270302] (robot_bringup) StdoutLine: {'line': b'-- Execute custom install script\n'}
[2.270638] (robot_bringup) StdoutLine: {'line': b'-- Up-to-date symlink: /home/Dojo/Dojo/install/robot_bringup/share/robot_bringup/launch/bringup.launch.py\n'}
[2.270815] (robot_bringup) StdoutLine: {'line': b'-- Up-to-date symlink: /home/Dojo/Dojo/install/robot_bringup/share/ament_index/resource_index/package_run_dependencies/robot_bringup\n'}
[2.270968] (robot_bringup) StdoutLine: {'line': b'-- Up-to-date symlink: /home/Dojo/Dojo/install/robot_bringup/share/ament_index/resource_index/parent_prefix_path/robot_bringup\n'}
[2.271128] (robot_bringup) StdoutLine: {'line': b'-- Up-to-date symlink: /home/Dojo/Dojo/install/robot_bringup/share/robot_bringup/environment/ament_prefix_path.sh\n'}
[2.271256] (robot_bringup) StdoutLine: {'line': b'-- Up-to-date symlink: /home/Dojo/Dojo/install/robot_bringup/share/robot_bringup/environment/ament_prefix_path.dsv\n'}
[2.271394] (robot_bringup) StdoutLine: {'line': b'-- Up-to-date symlink: /home/Dojo/Dojo/install/robot_bringup/share/robot_bringup/environment/path.sh\n'}
[2.271543] (robot_bringup) StdoutLine: {'line': b'-- Up-to-date symlink: /home/Dojo/Dojo/install/robot_bringup/share/robot_bringup/environment/path.dsv\n'}
[2.271666] (robot_bringup) StdoutLine: {'line': b'-- Up-to-date symlink: /home/Dojo/Dojo/install/robot_bringup/share/robot_bringup/local_setup.bash\n'}
[2.271791] (robot_bringup) StdoutLine: {'line': b'-- Up-to-date symlink: /home/Dojo/Dojo/install/robot_bringup/share/robot_bringup/local_setup.sh\n'}
[2.271916] (robot_bringup) StdoutLine: {'line': b'-- Up-to-date symlink: /home/Dojo/Dojo/install/robot_bringup/share/robot_bringup/local_setup.zsh\n'}
[2.272043] (robot_bringup) StdoutLine: {'line': b'-- Up-to-date symlink: /home/Dojo/Dojo/install/robot_bringup/share/robot_bringup/local_setup.dsv\n'}
[2.272133] (robot_bringup) StdoutLine: {'line': b'-- Symlinking: /home/Dojo/Dojo/install/robot_bringup/share/robot_bringup/package.dsv\n'}
[2.281080] (robot_bringup) StdoutLine: {'line': b'-- Up-to-date symlink: /home/Dojo/Dojo/install/robot_bringup/share/ament_index/resource_index/packages/robot_bringup\n'}
[2.281252] (robot_bringup) StdoutLine: {'line': b'-- Up-to-date symlink: /home/Dojo/Dojo/install/robot_bringup/share/robot_bringup/cmake/robot_bringupConfig.cmake\n'}
[2.281371] (robot_bringup) StdoutLine: {'line': b'-- Up-to-date symlink: /home/Dojo/Dojo/install/robot_bringup/share/robot_bringup/cmake/robot_bringupConfig-version.cmake\n'}
[2.281500] (robot_bringup) StdoutLine: {'line': b'-- Up-to-date symlink: /home/Dojo/Dojo/install/robot_bringup/share/robot_bringup/package.xml\n'}
[2.283456] (robot_bringup) CommandEnded: {'returncode': 0}
[2.294162] (robot_bringup) JobEnded: {'identifier': 'robot_bringup', 'rc': 0}
[2.294893] (-) EventReactorShutdown: {}
