[3.491s] Invoking command in '/root/Dojo/build/vision_system': PYTHONPATH=/root/Dojo/build/vision_system/prefix_override:/usr/lib/python3/dist-packages/colcon_core/task/python/colcon_distutils_commands:/root/Dojo/install/vision_system/lib/python3.10/site-packages:${PYTHONPATH} /usr/bin/python3 -W ignore:setup.py install is deprecated -W ignore:easy_install command is deprecated setup.py develop --editable --build-directory /root/Dojo/build/vision_system/build --no-deps symlink_data
[3.901s] running develop
[4.192s] running egg_info
[4.192s] creating vision_system.egg-info
[4.210s] writing vision_system.egg-info/PKG-INFO
[4.210s] writing dependency_links to vision_system.egg-info/dependency_links.txt
[4.210s] writing entry points to vision_system.egg-info/entry_points.txt
[4.210s] writing requirements to vision_system.egg-info/requires.txt
[4.211s] writing top-level names to vision_system.egg-info/top_level.txt
[4.211s] writing manifest file 'vision_system.egg-info/SOURCES.txt'
[4.251s] reading manifest file 'vision_system.egg-info/SOURCES.txt'
[4.252s] writing manifest file 'vision_system.egg-info/SOURCES.txt'
[4.271s] running build_ext
[4.271s] Creating /root/Dojo/install/vision_system/lib/python3.10/site-packages/vision-system.egg-link (link to .)
[4.272s] Installing object_detector script to /root/Dojo/install/vision_system/lib/vision_system
[4.272s] 
[4.272s] Installed /root/Dojo/build/vision_system
[4.272s] running symlink_data
[4.272s] creating /root/Dojo/install/vision_system/share/ament_index
[4.272s] creating /root/Dojo/install/vision_system/share/ament_index/resource_index
[4.272s] creating /root/Dojo/install/vision_system/share/ament_index/resource_index/packages
[4.272s] symbolically linking /root/Dojo/build/vision_system/resource/vision_system -> /root/Dojo/install/vision_system/share/ament_index/resource_index/packages
[4.273s] symbolically linking /root/Dojo/build/vision_system/package.xml -> /root/Dojo/install/vision_system/share/vision_system
[4.273s] creating /root/Dojo/install/vision_system/share/vision_system/launch
[4.273s] symbolically linking /root/Dojo/build/vision_system/launch/vision_system.launch.py -> /root/Dojo/install/vision_system/share/vision_system/launch
[4.273s] creating /root/Dojo/install/vision_system/share/vision_system/config
[4.754s] Invoked command in '/root/Dojo/build/vision_system' returned '0': PYTHONPATH=/root/Dojo/build/vision_system/prefix_override:/usr/lib/python3/dist-packages/colcon_core/task/python/colcon_distutils_commands:/root/Dojo/install/vision_system/lib/python3.10/site-packages:${PYTHONPATH} /usr/bin/python3 -W ignore:setup.py install is deprecated -W ignore:easy_install command is deprecated setup.py develop --editable --build-directory /root/Dojo/build/vision_system/build --no-deps symlink_data
