[0.011s] Invoking command in '/root/Dojo/build/robot_navigation': CMAKE_PREFIX_PATH=${CMAKE_PREFIX_PATH}:/root/Dojo/install/robot_control:/root/Dojo/install/robot_sensors:/root/Dojo/install/arduino_bridge:/opt/ros/humble /usr/bin/cmake /root/Dojo/src/robot_navigation -DAMENT_CMAKE_SYMLINK_INSTALL=1 -DCMAKE_INSTALL_PREFIX=/root/Dojo/install/robot_navigation
[0.061s] -- The C compiler identification is GNU 11.4.0
[0.117s] -- The CXX compiler identification is GNU 11.4.0
[0.124s] -- Detecting C compiler ABI info
[0.194s] -- Detecting C compiler ABI info - done
[0.201s] -- Check for working C compiler: /usr/bin/cc - skipped
[0.202s] -- Detecting C compile features
[0.202s] -- Detecting C compile features - done
[0.206s] -- Detecting CXX compiler ABI info
[0.284s] -- Detecting CXX compiler ABI info - done
[0.291s] -- Check for working CXX compiler: /usr/bin/c++ - skipped
[0.291s] -- Detecting CXX compile features
[0.292s] -- Detecting CXX compile features - done
[0.296s] -- Found ament_cmake: 1.3.12 (/opt/ros/humble/share/ament_cmake/cmake)
[0.925s] -- Found Python3: /usr/bin/python3 (found version "3.10.12") found components: Interpreter 
[0.986s] -- Override CMake install command with custom implementation using symlinks instead of copying resources
[1.089s] -- Configuring done
[1.092s] -- Generating done
[1.094s] -- Build files have been written to: /root/Dojo/build/robot_navigation
[1.098s] Invoked command in '/root/Dojo/build/robot_navigation' returned '0': CMAKE_PREFIX_PATH=${CMAKE_PREFIX_PATH}:/root/Dojo/install/robot_control:/root/Dojo/install/robot_sensors:/root/Dojo/install/arduino_bridge:/opt/ros/humble /usr/bin/cmake /root/Dojo/src/robot_navigation -DAMENT_CMAKE_SYMLINK_INSTALL=1 -DCMAKE_INSTALL_PREFIX=/root/Dojo/install/robot_navigation
[1.100s] Invoking command in '/root/Dojo/build/robot_navigation': CMAKE_PREFIX_PATH=${CMAKE_PREFIX_PATH}:/root/Dojo/install/robot_control:/root/Dojo/install/robot_sensors:/root/Dojo/install/arduino_bridge:/opt/ros/humble /usr/bin/cmake --build /root/Dojo/build/robot_navigation -- -j16 -l16
[1.138s] Invoked command in '/root/Dojo/build/robot_navigation' returned '0': CMAKE_PREFIX_PATH=${CMAKE_PREFIX_PATH}:/root/Dojo/install/robot_control:/root/Dojo/install/robot_sensors:/root/Dojo/install/arduino_bridge:/opt/ros/humble /usr/bin/cmake --build /root/Dojo/build/robot_navigation -- -j16 -l16
[1.148s] Invoking command in '/root/Dojo/build/robot_navigation': CMAKE_PREFIX_PATH=${CMAKE_PREFIX_PATH}:/root/Dojo/install/robot_control:/root/Dojo/install/robot_sensors:/root/Dojo/install/arduino_bridge:/opt/ros/humble /usr/bin/cmake --install /root/Dojo/build/robot_navigation
[1.154s] -- Install configuration: ""
[1.155s] -- Execute custom install script
[1.155s] -- Symlinking: /root/Dojo/install/robot_navigation/share/robot_navigation/navigation.launch.py
[1.164s] -- Symlinking: /root/Dojo/install/robot_navigation/share/robot_navigation/localization.launch.py
[1.172s] -- Symlinking: /root/Dojo/install/robot_navigation/share/robot_navigation/map_server.launch.py
[1.181s] -- Symlinking: /root/Dojo/install/robot_navigation/share/robot_navigation/nav2_params.yaml
[1.190s] -- Symlinking: /root/Dojo/install/robot_navigation/share/robot_navigation/localization_params.yaml
[1.199s] -- Symlinking: /root/Dojo/install/robot_navigation/share/robot_navigation/map_server_params.yaml
[1.208s] -- Symlinking: /root/Dojo/install/robot_navigation/share/robot_navigation/bt_navigator_params.yaml
[1.217s] -- Symlinking: /root/Dojo/install/robot_navigation/share/robot_navigation/planner_params.yaml
[1.225s] -- Symlinking: /root/Dojo/install/robot_navigation/share/robot_navigation/controller_params.yaml
[1.234s] -- Symlinking: /root/Dojo/install/robot_navigation/share/robot_navigation/costmap_common_params.yaml
[1.243s] -- Symlinking: /root/Dojo/install/robot_navigation/share/robot_navigation/global_costmap_params.yaml
[1.252s] -- Symlinking: /root/Dojo/install/robot_navigation/share/robot_navigation/local_costmap_params.yaml
[1.261s] -- Symlinking: /root/Dojo/install/robot_navigation/share/robot_navigation/launch/localization.launch.py
[1.270s] -- Symlinking: /root/Dojo/install/robot_navigation/share/robot_navigation/launch/map_server.launch.py
[1.280s] -- Symlinking: /root/Dojo/install/robot_navigation/share/robot_navigation/launch/navigation.launch.py
[1.289s] -- Symlinking: /root/Dojo/install/robot_navigation/share/robot_navigation/config/bt_navigator_params.yaml
[1.298s] -- Symlinking: /root/Dojo/install/robot_navigation/share/robot_navigation/config/controller_params.yaml
[1.308s] -- Symlinking: /root/Dojo/install/robot_navigation/share/robot_navigation/config/costmap_common_params.yaml
[1.318s] -- Symlinking: /root/Dojo/install/robot_navigation/share/robot_navigation/config/global_costmap_params.yaml
[1.327s] -- Symlinking: /root/Dojo/install/robot_navigation/share/robot_navigation/config/local_costmap_params.yaml
[1.337s] -- Symlinking: /root/Dojo/install/robot_navigation/share/robot_navigation/config/localization_params.yaml
[1.346s] -- Symlinking: /root/Dojo/install/robot_navigation/share/robot_navigation/config/map_server_params.yaml
[1.356s] -- Symlinking: /root/Dojo/install/robot_navigation/share/robot_navigation/config/nav2_params.yaml
[1.367s] -- Symlinking: /root/Dojo/install/robot_navigation/share/robot_navigation/config/planner_params.yaml
[1.378s] -- Up-to-date symlink: /root/Dojo/install/robot_navigation/share/robot_navigation/config/bt_navigator_params.yaml
[1.378s] -- Up-to-date symlink: /root/Dojo/install/robot_navigation/share/robot_navigation/config/controller_params.yaml
[1.378s] -- Up-to-date symlink: /root/Dojo/install/robot_navigation/share/robot_navigation/config/costmap_common_params.yaml
[1.378s] -- Up-to-date symlink: /root/Dojo/install/robot_navigation/share/robot_navigation/config/global_costmap_params.yaml
[1.379s] -- Up-to-date symlink: /root/Dojo/install/robot_navigation/share/robot_navigation/config/local_costmap_params.yaml
[1.379s] -- Up-to-date symlink: /root/Dojo/install/robot_navigation/share/robot_navigation/config/localization_params.yaml
[1.379s] -- Up-to-date symlink: /root/Dojo/install/robot_navigation/share/robot_navigation/config/map_server_params.yaml
[1.379s] -- Up-to-date symlink: /root/Dojo/install/robot_navigation/share/robot_navigation/config/nav2_params.yaml
[1.379s] -- Up-to-date symlink: /root/Dojo/install/robot_navigation/share/robot_navigation/config/planner_params.yaml
[1.379s] -- Up-to-date symlink: /root/Dojo/install/robot_navigation/share/robot_navigation/launch/localization.launch.py
[1.379s] -- Up-to-date symlink: /root/Dojo/install/robot_navigation/share/robot_navigation/launch/map_server.launch.py
[1.379s] -- Up-to-date symlink: /root/Dojo/install/robot_navigation/share/robot_navigation/launch/navigation.launch.py
[1.380s] -- Symlinking: /root/Dojo/install/robot_navigation/share/ament_index/resource_index/package_run_dependencies/robot_navigation
[1.390s] -- Symlinking: /root/Dojo/install/robot_navigation/share/ament_index/resource_index/parent_prefix_path/robot_navigation
[1.400s] -- Symlinking: /root/Dojo/install/robot_navigation/share/robot_navigation/environment/ament_prefix_path.sh
[1.409s] -- Symlinking: /root/Dojo/install/robot_navigation/share/robot_navigation/environment/ament_prefix_path.dsv
[1.420s] -- Symlinking: /root/Dojo/install/robot_navigation/share/robot_navigation/environment/path.sh
[1.431s] -- Symlinking: /root/Dojo/install/robot_navigation/share/robot_navigation/environment/path.dsv
[1.441s] -- Symlinking: /root/Dojo/install/robot_navigation/share/robot_navigation/local_setup.bash
[1.451s] -- Symlinking: /root/Dojo/install/robot_navigation/share/robot_navigation/local_setup.sh
[1.461s] -- Symlinking: /root/Dojo/install/robot_navigation/share/robot_navigation/local_setup.zsh
[1.470s] -- Symlinking: /root/Dojo/install/robot_navigation/share/robot_navigation/local_setup.dsv
[1.480s] -- Symlinking: /root/Dojo/install/robot_navigation/share/robot_navigation/package.dsv
[1.489s] -- Symlinking: /root/Dojo/install/robot_navigation/share/ament_index/resource_index/packages/robot_navigation
[1.499s] -- Symlinking: /root/Dojo/install/robot_navigation/share/robot_navigation/cmake/robot_navigationConfig.cmake
[1.508s] -- Symlinking: /root/Dojo/install/robot_navigation/share/robot_navigation/cmake/robot_navigationConfig-version.cmake
[1.519s] -- Symlinking: /root/Dojo/install/robot_navigation/share/robot_navigation/package.xml
[1.531s] Invoked command in '/root/Dojo/build/robot_navigation' returned '0': CMAKE_PREFIX_PATH=${CMAKE_PREFIX_PATH}:/root/Dojo/install/robot_control:/root/Dojo/install/robot_sensors:/root/Dojo/install/arduino_bridge:/opt/ros/humble /usr/bin/cmake --install /root/Dojo/build/robot_navigation
