[0.129s] Invoking command in '/home/Dojo/Dojo/build/robot_description': CMAKE_PREFIX_PATH=/opt/ros/humble /usr/bin/cmake /home/Dojo/Dojo/src/robot_description -DAMENT_CMAKE_SYMLINK_INSTALL=1 -DCMAKE_INSTALL_PREFIX=/home/Dojo/Dojo/install/robot_description
[2.943s] -- The C compiler identification is GNU 11.4.0
[2.944s] -- The CXX compiler identification is GNU 11.4.0
[2.944s] -- Detecting C compiler ABI info
[2.944s] -- Detecting C compiler ABI info - done
[2.944s] -- Check for working C compiler: /usr/bin/cc - skipped
[2.944s] -- Detecting C compile features
[2.945s] -- Detecting C compile features - done
[2.945s] -- Detecting CXX compiler ABI info
[2.945s] -- Detecting CXX compiler ABI info - done
[2.945s] -- Check for working CXX compiler: /usr/bin/c++ - skipped
[2.946s] -- Detecting CXX compile features
[2.948s] -- Detecting CXX compile features - done
[2.949s] -- Found ament_cmake: 1.3.11 (/opt/ros/humble/share/ament_cmake/cmake)
[2.949s] -- Found Python3: /usr/bin/python3 (found version "3.10.12") found components: Interpreter 
[2.949s] -- Override CMake install command with custom implementation using symlinks instead of copying resources
[2.949s] -- Configuring done
[2.950s] -- Generating done
[2.950s] -- Build files have been written to: /home/Dojo/Dojo/build/robot_description
[3.637s] Invoked command in '/home/Dojo/Dojo/build/robot_description' returned '0': CMAKE_PREFIX_PATH=/opt/ros/humble /usr/bin/cmake /home/Dojo/Dojo/src/robot_description -DAMENT_CMAKE_SYMLINK_INSTALL=1 -DCMAKE_INSTALL_PREFIX=/home/Dojo/Dojo/install/robot_description
[3.640s] Invoking command in '/home/Dojo/Dojo/build/robot_description': CMAKE_PREFIX_PATH=/opt/ros/humble /usr/bin/cmake --build /home/Dojo/Dojo/build/robot_description -- -j16 -l16
[3.767s] Built target ament_cmake_python_symlink_robot_description
[4.280s] running egg_info
[4.282s] creating robot_description.egg-info
[4.282s] writing robot_description.egg-info/PKG-INFO
[4.282s] writing dependency_links to robot_description.egg-info/dependency_links.txt
[4.283s] writing top-level names to robot_description.egg-info/top_level.txt
[4.283s] writing manifest file 'robot_description.egg-info/SOURCES.txt'
[4.288s] reading manifest file 'robot_description.egg-info/SOURCES.txt'
[4.289s] writing manifest file 'robot_description.egg-info/SOURCES.txt'
[4.353s] Built target ament_cmake_python_build_robot_description_egg
[4.392s] Invoked command in '/home/Dojo/Dojo/build/robot_description' returned '0': CMAKE_PREFIX_PATH=/opt/ros/humble /usr/bin/cmake --build /home/Dojo/Dojo/build/robot_description -- -j16 -l16
[4.394s] Invoking command in '/home/Dojo/Dojo/build/robot_description': CMAKE_PREFIX_PATH=/opt/ros/humble /usr/bin/cmake --install /home/Dojo/Dojo/build/robot_description
[4.406s] -- Install configuration: ""
[4.407s] -- Execute custom install script
[4.407s] -- Symlinking: /home/Dojo/Dojo/install/robot_description/share/robot_description/launch/display.launch.py
[4.421s] -- Symlinking: /home/Dojo/Dojo/install/robot_description/share/robot_description/launch/robot_state_publisher.launch.py
[4.439s] -- Symlinking: /home/Dojo/Dojo/install/robot_description/share/robot_description/urdf/robot.urdf
[4.454s] -- Symlinking: /home/Dojo/Dojo/install/robot_description/share/robot_description/urdf/robot.urdf.xacro
[4.467s] -- Symlinking: /home/Dojo/Dojo/install/robot_description/share/robot_description/rviz/robot.rviz
[4.482s] -- Symlinking: /home/Dojo/Dojo/install/robot_description/share/robot_description/environment/pythonpath.sh
[4.498s] -- Symlinking: /home/Dojo/Dojo/install/robot_description/share/robot_description/environment/pythonpath.dsv
[4.515s] -- Symlinking: /home/Dojo/Dojo/install/robot_description/local/lib/python3.10/dist-packages/robot_description-0.0.1-py3.10.egg-info/PKG-INFO
[4.529s] -- Symlinking: /home/Dojo/Dojo/install/robot_description/local/lib/python3.10/dist-packages/robot_description-0.0.1-py3.10.egg-info/SOURCES.txt
[4.542s] -- Symlinking: /home/Dojo/Dojo/install/robot_description/local/lib/python3.10/dist-packages/robot_description-0.0.1-py3.10.egg-info/dependency_links.txt
[4.555s] -- Symlinking: /home/Dojo/Dojo/install/robot_description/local/lib/python3.10/dist-packages/robot_description-0.0.1-py3.10.egg-info/top_level.txt
[4.569s] -- Symlinking: /home/Dojo/Dojo/install/robot_description/local/lib/python3.10/dist-packages/robot_description/__init__.py
[4.582s] -- Symlinking: /home/Dojo/Dojo/install/robot_description/local/lib/python3.10/dist-packages/robot_description/robot_description/__init__.py
[4.595s] -- Symlinking: /home/Dojo/Dojo/install/robot_description/lib/robot_description/display_robot.py
[4.608s] -- Symlinking: /home/Dojo/Dojo/install/robot_description/share/ament_index/resource_index/package_run_dependencies/robot_description
[4.620s] -- Symlinking: /home/Dojo/Dojo/install/robot_description/share/ament_index/resource_index/parent_prefix_path/robot_description
[4.633s] -- Symlinking: /home/Dojo/Dojo/install/robot_description/share/robot_description/environment/ament_prefix_path.sh
[4.645s] -- Symlinking: /home/Dojo/Dojo/install/robot_description/share/robot_description/environment/ament_prefix_path.dsv
[4.658s] -- Symlinking: /home/Dojo/Dojo/install/robot_description/share/robot_description/environment/path.sh
[4.671s] -- Symlinking: /home/Dojo/Dojo/install/robot_description/share/robot_description/environment/path.dsv
[4.683s] -- Symlinking: /home/Dojo/Dojo/install/robot_description/share/robot_description/local_setup.bash
[4.695s] -- Symlinking: /home/Dojo/Dojo/install/robot_description/share/robot_description/local_setup.sh
[4.708s] -- Symlinking: /home/Dojo/Dojo/install/robot_description/share/robot_description/local_setup.zsh
[4.722s] -- Symlinking: /home/Dojo/Dojo/install/robot_description/share/robot_description/local_setup.dsv
[4.736s] -- Symlinking: /home/Dojo/Dojo/install/robot_description/share/robot_description/package.dsv
[4.748s] -- Symlinking: /home/Dojo/Dojo/install/robot_description/share/ament_index/resource_index/packages/robot_description
[4.760s] -- Symlinking: /home/Dojo/Dojo/install/robot_description/share/robot_description/cmake/robot_descriptionConfig.cmake
[4.772s] -- Symlinking: /home/Dojo/Dojo/install/robot_description/share/robot_description/cmake/robot_descriptionConfig-version.cmake
[4.784s] -- Symlinking: /home/Dojo/Dojo/install/robot_description/share/robot_description/package.xml
[4.797s] -- Up-to-date: /home/Dojo/Dojo/install/robot_description/share/robot_description
[4.797s] -- Up-to-date: /home/Dojo/Dojo/install/robot_description/share/robot_description/urdf
[4.797s] -- Up-to-date: /home/Dojo/Dojo/install/robot_description/share/robot_description/rviz
[4.798s] -- Installing: /home/Dojo/Dojo/install/robot_description/share/robot_description/src
[4.798s] -- Installing: /home/Dojo/Dojo/install/robot_description/share/robot_description/src/robot_description
[4.798s] -- Installing: /home/Dojo/Dojo/install/robot_description/share/robot_description/src/robot_description/robot_description
[4.798s] -- Installing: /home/Dojo/Dojo/install/robot_description/share/robot_description/meshes
[4.798s] -- Installing: /home/Dojo/Dojo/install/robot_description/share/robot_description/scripts
[4.799s] -- Installing: /home/Dojo/Dojo/install/robot_description/share/robot_description/resource
[4.799s] -- Up-to-date: /home/Dojo/Dojo/install/robot_description/share/robot_description/launch
[4.799s] -- Installing: /home/Dojo/Dojo/install/robot_description/share/robot_description/robot_description_temp
[4.799s] -- Installing: /home/Dojo/Dojo/install/robot_description/share/robot_description/robot_description_temp/urdf
[4.799s] -- Installing: /home/Dojo/Dojo/install/robot_description/share/robot_description/robot_description_temp/build
[4.799s] -- Installing: /home/Dojo/Dojo/install/robot_description/share/robot_description/robot_description_temp/build/ament_cppcheck
[4.799s] -- Installing: /home/Dojo/Dojo/install/robot_description/share/robot_description/robot_description_temp/build/CMakeFiles
[4.800s] -- Installing: /home/Dojo/Dojo/install/robot_description/share/robot_description/robot_description_temp/build/CMakeFiles/uninstall.dir
[4.800s] -- Installing: /home/Dojo/Dojo/install/robot_description/share/robot_description/robot_description_temp/build/CMakeFiles/Robot_description_uninstall.dir
[4.800s] -- Installing: /home/Dojo/Dojo/install/robot_description/share/robot_description/robot_description_temp/build/CMakeFiles/3.28.3
[4.800s] -- Installing: /home/Dojo/Dojo/install/robot_description/share/robot_description/robot_description_temp/build/CMakeFiles/3.28.3/CompilerIdC
[4.800s] -- Installing: /home/Dojo/Dojo/install/robot_description/share/robot_description/robot_description_temp/build/CMakeFiles/3.28.3/CompilerIdC/tmp
[4.800s] -- Installing: /home/Dojo/Dojo/install/robot_description/share/robot_description/robot_description_temp/build/CMakeFiles/3.28.3/CompilerIdCXX
[4.801s] -- Installing: /home/Dojo/Dojo/install/robot_description/share/robot_description/robot_description_temp/build/CMakeFiles/3.28.3/CompilerIdCXX/tmp
[4.801s] -- Installing: /home/Dojo/Dojo/install/robot_description/share/robot_description/robot_description_temp/build/CMakeFiles/pkgRedirects
[4.801s] -- Installing: /home/Dojo/Dojo/install/robot_description/share/robot_description/robot_description_temp/build/ament_cmake_environment_hooks
[4.801s] -- Installing: /home/Dojo/Dojo/install/robot_description/share/robot_description/robot_description_temp/build/Testing
[4.801s] -- Installing: /home/Dojo/Dojo/install/robot_description/share/robot_description/robot_description_temp/build/Testing/Temporary
[4.802s] -- Installing: /home/Dojo/Dojo/install/robot_description/share/robot_description/robot_description_temp/build/Testing/20250903-0916
[4.802s] -- Installing: /home/Dojo/Dojo/install/robot_description/share/robot_description/robot_description_temp/build/Testing/20250904-0957
[4.802s] -- Installing: /home/Dojo/Dojo/install/robot_description/share/robot_description/robot_description_temp/build/ament_cmake_index
[4.802s] -- Installing: /home/Dojo/Dojo/install/robot_description/share/robot_description/robot_description_temp/build/ament_cmake_index/share
[4.802s] -- Installing: /home/Dojo/Dojo/install/robot_description/share/robot_description/robot_description_temp/build/ament_cmake_index/share/ament_index
[4.802s] -- Installing: /home/Dojo/Dojo/install/robot_description/share/robot_description/robot_description_temp/build/ament_cmake_index/share/ament_index/resource_index
[4.803s] -- Installing: /home/Dojo/Dojo/install/robot_description/share/robot_description/robot_description_temp/build/ament_cmake_index/share/ament_index/resource_index/parent_prefix_path
[4.803s] -- Installing: /home/Dojo/Dojo/install/robot_description/share/robot_description/robot_description_temp/build/ament_cmake_index/share/ament_index/resource_index/package_run_dependencies
[4.803s] -- Installing: /home/Dojo/Dojo/install/robot_description/share/robot_description/robot_description_temp/build/ament_cmake_index/share/ament_index/resource_index/packages
[4.803s] -- Installing: /home/Dojo/Dojo/install/robot_description/share/robot_description/robot_description_temp/build/ament_copyright
[4.803s] -- Installing: /home/Dojo/Dojo/install/robot_description/share/robot_description/robot_description_temp/build/ament_xmllint
[4.803s] -- Installing: /home/Dojo/Dojo/install/robot_description/share/robot_description/robot_description_temp/build/ament_flake8
[4.803s] -- Installing: /home/Dojo/Dojo/install/robot_description/share/robot_description/robot_description_temp/build/ament_cmake_package_templates
[4.803s] -- Installing: /home/Dojo/Dojo/install/robot_description/share/robot_description/robot_description_temp/build/ament_cpplint
[4.804s] -- Installing: /home/Dojo/Dojo/install/robot_description/share/robot_description/robot_description_temp/build/.cmake
[4.804s] -- Installing: /home/Dojo/Dojo/install/robot_description/share/robot_description/robot_description_temp/build/.cmake/api
[4.804s] -- Installing: /home/Dojo/Dojo/install/robot_description/share/robot_description/robot_description_temp/build/.cmake/api/v1
[4.804s] -- Installing: /home/Dojo/Dojo/install/robot_description/share/robot_description/robot_description_temp/build/.cmake/api/v1/reply
[4.804s] -- Installing: /home/Dojo/Dojo/install/robot_description/share/robot_description/robot_description_temp/build/.cmake/api/v1/query
[4.804s] -- Installing: /home/Dojo/Dojo/install/robot_description/share/robot_description/robot_description_temp/build/.cmake/api/v1/query/client-vscode
[4.805s] -- Installing: /home/Dojo/Dojo/install/robot_description/share/robot_description/robot_description_temp/build/ament_pep257
[4.805s] -- Installing: /home/Dojo/Dojo/install/robot_description/share/robot_description/robot_description_temp/build/ament_cmake_uninstall_target
[4.805s] -- Installing: /home/Dojo/Dojo/install/robot_description/share/robot_description/robot_description_temp/build/ament_uncrustify
[4.805s] -- Installing: /home/Dojo/Dojo/install/robot_description/share/robot_description/robot_description_temp/build/ament_cmake_core
[4.805s] -- Installing: /home/Dojo/Dojo/install/robot_description/share/robot_description/robot_description_temp/build/ament_cmake_core/stamps
[4.805s] -- Installing: /home/Dojo/Dojo/install/robot_description/share/robot_description/robot_description_temp/build/ament_lint_cmake
[4.805s] -- Installing: /home/Dojo/Dojo/install/robot_description/share/robot_description/robot_description_temp/worlds
[4.805s] -- Installing: /home/Dojo/Dojo/install/robot_description/share/robot_description/robot_description_temp/launch
[4.806s] -- Installing: /home/Dojo/Dojo/install/robot_description/share/robot_description/robot_description_temp/config
[4.806s] -- Installing: /home/Dojo/Dojo/install/robot_description/share/robot_description/robot_description_temp/package.xml
[4.806s] -- Up-to-date: /home/Dojo/Dojo/install/robot_description/share/robot_description/config
[4.806s] -- Installing: /home/Dojo/Dojo/install/robot_description/lib/robot_description/robot_description
[4.806s] -- Installing: /home/Dojo/Dojo/install/robot_description/lib/robot_description/robot_description/robot_description
[4.806s] -- Installing: /home/Dojo/Dojo/install/robot_description/lib/robot_description/robot_description/robot_description/__init__.py
[4.806s] -- Installing: /home/Dojo/Dojo/install/robot_description/lib/robot_description/robot_description/__init__.py
[4.843s] Listing '/home/Dojo/Dojo/install/robot_description/local/lib/python3.10/dist-packages/robot_description'...
[4.843s] Compiling '/home/Dojo/Dojo/install/robot_description/local/lib/python3.10/dist-packages/robot_description/__init__.py'...
[4.843s] Listing '/home/Dojo/Dojo/install/robot_description/local/lib/python3.10/dist-packages/robot_description/robot_description'...
[4.843s] Compiling '/home/Dojo/Dojo/install/robot_description/local/lib/python3.10/dist-packages/robot_description/robot_description/__init__.py'...
[4.851s] Invoked command in '/home/Dojo/Dojo/build/robot_description' returned '0': CMAKE_PREFIX_PATH=/opt/ros/humble /usr/bin/cmake --install /home/Dojo/Dojo/build/robot_description
