[0.012s] Invoking command in '/home/Dojo/Dojo/build/robot_description': CMAKE_PREFIX_PATH=/opt/ros/humble /usr/bin/cmake --build /home/Dojo/Dojo/build/robot_description -- -j16 -l16
[0.069s] Built target ament_cmake_python_symlink_robot_description
[0.301s] running egg_info
[0.302s] writing robot_description.egg-info/PKG-INFO
[0.302s] writing dependency_links to robot_description.egg-info/dependency_links.txt
[0.302s] writing top-level names to robot_description.egg-info/top_level.txt
[0.304s] reading manifest file 'robot_description.egg-info/SOURCES.txt'
[0.305s] writing manifest file 'robot_description.egg-info/SOURCES.txt'
[0.330s] Built target ament_cmake_python_build_robot_description_egg
[0.342s] Invoked command in '/home/Dojo/Dojo/build/robot_description' returned '0': CMAKE_PREFIX_PATH=/opt/ros/humble /usr/bin/cmake --build /home/Dojo/Dojo/build/robot_description -- -j16 -l16
[0.351s] Invoking command in '/home/Dojo/Dojo/build/robot_description': CMAKE_PREFIX_PATH=/opt/ros/humble /usr/bin/cmake --install /home/Dojo/Dojo/build/robot_description
[0.358s] -- Install configuration: ""
[0.359s] -- Execute custom install script
[0.359s] -- Up-to-date symlink: /home/Dojo/Dojo/install/robot_description/share/robot_description/launch/display.launch.py
[0.359s] -- Up-to-date symlink: /home/Dojo/Dojo/install/robot_description/share/robot_description/launch/robot_state_publisher.launch.py
[0.360s] -- Up-to-date symlink: /home/Dojo/Dojo/install/robot_description/share/robot_description/urdf/robot.urdf
[0.360s] -- Up-to-date symlink: /home/Dojo/Dojo/install/robot_description/share/robot_description/urdf/robot.urdf.xacro
[0.360s] -- Up-to-date symlink: /home/Dojo/Dojo/install/robot_description/share/robot_description/rviz/robot.rviz
[0.361s] -- Up-to-date symlink: /home/Dojo/Dojo/install/robot_description/share/robot_description/environment/pythonpath.sh
[0.361s] -- Up-to-date symlink: /home/Dojo/Dojo/install/robot_description/share/robot_description/environment/pythonpath.dsv
[0.361s] -- Up-to-date symlink: /home/Dojo/Dojo/install/robot_description/local/lib/python3.10/dist-packages/robot_description-0.0.1-py3.10.egg-info/PKG-INFO
[0.361s] -- Up-to-date symlink: /home/Dojo/Dojo/install/robot_description/local/lib/python3.10/dist-packages/robot_description-0.0.1-py3.10.egg-info/SOURCES.txt
[0.361s] -- Up-to-date symlink: /home/Dojo/Dojo/install/robot_description/local/lib/python3.10/dist-packages/robot_description-0.0.1-py3.10.egg-info/dependency_links.txt
[0.362s] -- Up-to-date symlink: /home/Dojo/Dojo/install/robot_description/local/lib/python3.10/dist-packages/robot_description-0.0.1-py3.10.egg-info/top_level.txt
[0.362s] -- Up-to-date symlink: /home/Dojo/Dojo/install/robot_description/local/lib/python3.10/dist-packages/robot_description/__init__.py
[0.362s] -- Up-to-date symlink: /home/Dojo/Dojo/install/robot_description/local/lib/python3.10/dist-packages/robot_description/robot_description/__init__.py
[0.362s] -- Up-to-date symlink: /home/Dojo/Dojo/install/robot_description/lib/robot_description/display_robot.py
[0.363s] -- Up-to-date symlink: /home/Dojo/Dojo/install/robot_description/share/ament_index/resource_index/package_run_dependencies/robot_description
[0.363s] -- Up-to-date symlink: /home/Dojo/Dojo/install/robot_description/share/ament_index/resource_index/parent_prefix_path/robot_description
[0.363s] -- Up-to-date symlink: /home/Dojo/Dojo/install/robot_description/share/robot_description/environment/ament_prefix_path.sh
[0.363s] -- Up-to-date symlink: /home/Dojo/Dojo/install/robot_description/share/robot_description/environment/ament_prefix_path.dsv
[0.364s] -- Up-to-date symlink: /home/Dojo/Dojo/install/robot_description/share/robot_description/environment/path.sh
[0.364s] -- Up-to-date symlink: /home/Dojo/Dojo/install/robot_description/share/robot_description/environment/path.dsv
[0.364s] -- Up-to-date symlink: /home/Dojo/Dojo/install/robot_description/share/robot_description/local_setup.bash
[0.364s] -- Up-to-date symlink: /home/Dojo/Dojo/install/robot_description/share/robot_description/local_setup.sh
[0.364s] -- Up-to-date symlink: /home/Dojo/Dojo/install/robot_description/share/robot_description/local_setup.zsh
[0.364s] -- Up-to-date symlink: /home/Dojo/Dojo/install/robot_description/share/robot_description/local_setup.dsv
[0.365s] -- Symlinking: /home/Dojo/Dojo/install/robot_description/share/robot_description/package.dsv
[0.374s] -- Up-to-date symlink: /home/Dojo/Dojo/install/robot_description/share/ament_index/resource_index/packages/robot_description
[0.375s] -- Up-to-date symlink: /home/Dojo/Dojo/install/robot_description/share/robot_description/cmake/robot_descriptionConfig.cmake
[0.375s] -- Up-to-date symlink: /home/Dojo/Dojo/install/robot_description/share/robot_description/cmake/robot_descriptionConfig-version.cmake
[0.375s] -- Up-to-date symlink: /home/Dojo/Dojo/install/robot_description/share/robot_description/package.xml
[0.375s] -- Up-to-date: /home/Dojo/Dojo/install/robot_description/share/robot_description
[0.375s] -- Up-to-date: /home/Dojo/Dojo/install/robot_description/share/robot_description/urdf
[0.375s] -- Up-to-date: /home/Dojo/Dojo/install/robot_description/share/robot_description/rviz
[0.375s] -- Up-to-date: /home/Dojo/Dojo/install/robot_description/share/robot_description/src
[0.375s] -- Up-to-date: /home/Dojo/Dojo/install/robot_description/share/robot_description/src/robot_description
[0.375s] -- Up-to-date: /home/Dojo/Dojo/install/robot_description/share/robot_description/src/robot_description/robot_description
[0.375s] -- Up-to-date: /home/Dojo/Dojo/install/robot_description/share/robot_description/meshes
[0.375s] -- Up-to-date: /home/Dojo/Dojo/install/robot_description/share/robot_description/scripts
[0.376s] -- Up-to-date: /home/Dojo/Dojo/install/robot_description/share/robot_description/resource
[0.376s] -- Up-to-date: /home/Dojo/Dojo/install/robot_description/share/robot_description/launch
[0.376s] -- Up-to-date: /home/Dojo/Dojo/install/robot_description/share/robot_description/robot_description_temp
[0.376s] -- Up-to-date: /home/Dojo/Dojo/install/robot_description/share/robot_description/robot_description_temp/urdf
[0.376s] -- Up-to-date: /home/Dojo/Dojo/install/robot_description/share/robot_description/robot_description_temp/build
[0.376s] -- Up-to-date: /home/Dojo/Dojo/install/robot_description/share/robot_description/robot_description_temp/build/ament_cppcheck
[0.376s] -- Up-to-date: /home/Dojo/Dojo/install/robot_description/share/robot_description/robot_description_temp/build/CMakeFiles
[0.376s] -- Up-to-date: /home/Dojo/Dojo/install/robot_description/share/robot_description/robot_description_temp/build/CMakeFiles/uninstall.dir
[0.376s] -- Up-to-date: /home/Dojo/Dojo/install/robot_description/share/robot_description/robot_description_temp/build/CMakeFiles/Robot_description_uninstall.dir
[0.376s] -- Up-to-date: /home/Dojo/Dojo/install/robot_description/share/robot_description/robot_description_temp/build/CMakeFiles/3.28.3
[0.376s] -- Up-to-date: /home/Dojo/Dojo/install/robot_description/share/robot_description/robot_description_temp/build/CMakeFiles/3.28.3/CompilerIdC
[0.376s] -- Up-to-date: /home/Dojo/Dojo/install/robot_description/share/robot_description/robot_description_temp/build/CMakeFiles/3.28.3/CompilerIdC/tmp
[0.376s] -- Up-to-date: /home/Dojo/Dojo/install/robot_description/share/robot_description/robot_description_temp/build/CMakeFiles/3.28.3/CompilerIdCXX
[0.376s] -- Up-to-date: /home/Dojo/Dojo/install/robot_description/share/robot_description/robot_description_temp/build/CMakeFiles/3.28.3/CompilerIdCXX/tmp
[0.377s] -- Up-to-date: /home/Dojo/Dojo/install/robot_description/share/robot_description/robot_description_temp/build/CMakeFiles/pkgRedirects
[0.377s] -- Up-to-date: /home/Dojo/Dojo/install/robot_description/share/robot_description/robot_description_temp/build/ament_cmake_environment_hooks
[0.377s] -- Up-to-date: /home/Dojo/Dojo/install/robot_description/share/robot_description/robot_description_temp/build/Testing
[0.377s] -- Up-to-date: /home/Dojo/Dojo/install/robot_description/share/robot_description/robot_description_temp/build/Testing/Temporary
[0.377s] -- Up-to-date: /home/Dojo/Dojo/install/robot_description/share/robot_description/robot_description_temp/build/Testing/20250903-0916
[0.377s] -- Up-to-date: /home/Dojo/Dojo/install/robot_description/share/robot_description/robot_description_temp/build/Testing/20250904-0957
[0.377s] -- Up-to-date: /home/Dojo/Dojo/install/robot_description/share/robot_description/robot_description_temp/build/ament_cmake_index
[0.377s] -- Up-to-date: /home/Dojo/Dojo/install/robot_description/share/robot_description/robot_description_temp/build/ament_cmake_index/share
[0.377s] -- Up-to-date: /home/Dojo/Dojo/install/robot_description/share/robot_description/robot_description_temp/build/ament_cmake_index/share/ament_index
[0.378s] -- Up-to-date: /home/Dojo/Dojo/install/robot_description/share/robot_description/robot_description_temp/build/ament_cmake_index/share/ament_index/resource_index
[0.378s] -- Up-to-date: /home/Dojo/Dojo/install/robot_description/share/robot_description/robot_description_temp/build/ament_cmake_index/share/ament_index/resource_index/parent_prefix_path
[0.378s] -- Up-to-date: /home/Dojo/Dojo/install/robot_description/share/robot_description/robot_description_temp/build/ament_cmake_index/share/ament_index/resource_index/package_run_dependencies
[0.378s] -- Up-to-date: /home/Dojo/Dojo/install/robot_description/share/robot_description/robot_description_temp/build/ament_cmake_index/share/ament_index/resource_index/packages
[0.378s] -- Up-to-date: /home/Dojo/Dojo/install/robot_description/share/robot_description/robot_description_temp/build/ament_copyright
[0.378s] -- Up-to-date: /home/Dojo/Dojo/install/robot_description/share/robot_description/robot_description_temp/build/ament_xmllint
[0.378s] -- Up-to-date: /home/Dojo/Dojo/install/robot_description/share/robot_description/robot_description_temp/build/ament_flake8
[0.378s] -- Up-to-date: /home/Dojo/Dojo/install/robot_description/share/robot_description/robot_description_temp/build/ament_cmake_package_templates
[0.378s] -- Up-to-date: /home/Dojo/Dojo/install/robot_description/share/robot_description/robot_description_temp/build/ament_cpplint
[0.378s] -- Up-to-date: /home/Dojo/Dojo/install/robot_description/share/robot_description/robot_description_temp/build/.cmake
[0.378s] -- Up-to-date: /home/Dojo/Dojo/install/robot_description/share/robot_description/robot_description_temp/build/.cmake/api
[0.378s] -- Up-to-date: /home/Dojo/Dojo/install/robot_description/share/robot_description/robot_description_temp/build/.cmake/api/v1
[0.379s] -- Up-to-date: /home/Dojo/Dojo/install/robot_description/share/robot_description/robot_description_temp/build/.cmake/api/v1/reply
[0.379s] -- Up-to-date: /home/Dojo/Dojo/install/robot_description/share/robot_description/robot_description_temp/build/.cmake/api/v1/query
[0.379s] -- Up-to-date: /home/Dojo/Dojo/install/robot_description/share/robot_description/robot_description_temp/build/.cmake/api/v1/query/client-vscode
[0.379s] -- Up-to-date: /home/Dojo/Dojo/install/robot_description/share/robot_description/robot_description_temp/build/ament_pep257
[0.379s] -- Up-to-date: /home/Dojo/Dojo/install/robot_description/share/robot_description/robot_description_temp/build/ament_cmake_uninstall_target
[0.379s] -- Up-to-date: /home/Dojo/Dojo/install/robot_description/share/robot_description/robot_description_temp/build/ament_uncrustify
[0.379s] -- Up-to-date: /home/Dojo/Dojo/install/robot_description/share/robot_description/robot_description_temp/build/ament_cmake_core
[0.379s] -- Up-to-date: /home/Dojo/Dojo/install/robot_description/share/robot_description/robot_description_temp/build/ament_cmake_core/stamps
[0.379s] -- Up-to-date: /home/Dojo/Dojo/install/robot_description/share/robot_description/robot_description_temp/build/ament_lint_cmake
[0.379s] -- Up-to-date: /home/Dojo/Dojo/install/robot_description/share/robot_description/robot_description_temp/worlds
[0.379s] -- Up-to-date: /home/Dojo/Dojo/install/robot_description/share/robot_description/robot_description_temp/launch
[0.379s] -- Up-to-date: /home/Dojo/Dojo/install/robot_description/share/robot_description/robot_description_temp/config
[0.379s] -- Up-to-date: /home/Dojo/Dojo/install/robot_description/share/robot_description/robot_description_temp/package.xml
[0.379s] -- Up-to-date: /home/Dojo/Dojo/install/robot_description/share/robot_description/config
[0.379s] -- Up-to-date: /home/Dojo/Dojo/install/robot_description/lib/robot_description/robot_description
[0.379s] -- Up-to-date: /home/Dojo/Dojo/install/robot_description/lib/robot_description/robot_description/robot_description
[0.379s] -- Up-to-date: /home/Dojo/Dojo/install/robot_description/lib/robot_description/robot_description/robot_description/__init__.py
[0.379s] -- Up-to-date: /home/Dojo/Dojo/install/robot_description/lib/robot_description/robot_description/__init__.py
[0.407s] Listing '/home/Dojo/Dojo/install/robot_description/local/lib/python3.10/dist-packages/robot_description'...
[0.407s] Listing '/home/Dojo/Dojo/install/robot_description/local/lib/python3.10/dist-packages/robot_description/robot_description'...
[0.413s] Invoked command in '/home/Dojo/Dojo/build/robot_description' returned '0': CMAKE_PREFIX_PATH=/opt/ros/humble /usr/bin/cmake --install /home/Dojo/Dojo/build/robot_description
