[0.000000] (-) TimerEvent: {}
[0.000480] (-) JobUnselected: {'identifier': 'arduino_bridge'}
[0.000809] (-) JobUnselected: {'identifier': 'robot_bringup'}
[0.000839] (-) JobUnselected: {'identifier': 'robot_control'}
[0.000860] (-) JobUnselected: {'identifier': 'robot_description'}
[0.000879] (-) JobUnselected: {'identifier': 'robot_gazebo'}
[0.000897] (-) JobUnselected: {'identifier': 'robot_navigation'}
[0.000914] (-) JobUnselected: {'identifier': 'robot_perception'}
[0.000934] (-) JobUnselected: {'identifier': 'robot_sensors'}
[0.000951] (-) JobUnselected: {'identifier': 'vision_system'}
[0.000971] (ros2arduino_bridge) JobQueued: {'identifier': 'ros2arduino_bridge', 'dependencies': OrderedDict()}
[0.000996] (ros2arduino_bridge) JobStarted: {'identifier': 'ros2arduino_bridge'}
[0.099759] (-) TimerEvent: {}
[0.200182] (-) TimerEvent: {}
[0.300595] (-) TimerEvent: {}
[0.400919] (-) TimerEvent: {}
[0.501222] (-) TimerEvent: {}
[0.601498] (-) TimerEvent: {}
[0.701781] (-) TimerEvent: {}
[0.802094] (-) TimerEvent: {}
[0.822646] (ros2arduino_bridge) Command: {'cmd': ['/usr/bin/python3', '-W', 'ignore:setup.py install is deprecated', '-W', 'ignore:easy_install command is deprecated', 'setup.py', 'develop', '--editable', '--build-directory', '/home/Dojo/Dojo/build/ros2arduino_bridge/build', '--no-deps', 'symlink_data'], 'cwd': '/home/Dojo/Dojo/build/ros2arduino_bridge', 'env': {'HOSTNAME': 'gareth-joel-HP-Pavilion-Gaming-Laptop-15-ec2xxx', 'SHLVL': '0', 'LD_LIBRARY_PATH': '/usr/lib/x86_64-linux-gnu/gazebo-11/plugins:/opt/ros/humble/opt/rviz_ogre_vendor/lib:/opt/ros/humble/lib/x86_64-linux-gnu:/opt/ros/humble/lib', 'HOME': '/root', 'OLDPWD': '/ros2_ws', 'ROS_PYTHON_VERSION': '3', 'ROS_DISTRO': 'humble', '_': '/usr/bin/colcon', 'ROS_VERSION': '2', 'NVIDIA_DRIVER_CAPABILITIES': 'all', 'TERM': 'xterm', 'ROS_LOCALHOST_ONLY': '0', 'PATH': '/opt/ros/humble/bin:/usr/local/sbin:/usr/local/bin:/usr/sbin:/usr/bin:/sbin:/bin', 'XDG_RUNTIME_DIR': '/tmp', 'DISPLAY': ':0', 'LANG': 'C.UTF-8', 'AMENT_PREFIX_PATH': '/opt/ros/humble', 'DEBIAN_FRONTEND': 'noninteractive', 'PWD': '/home/Dojo/Dojo/build/ros2arduino_bridge', 'LC_ALL': 'C.UTF-8', 'PYTHONPATH': '/home/Dojo/Dojo/build/ros2arduino_bridge/prefix_override:/usr/lib/python3/dist-packages/colcon_core/task/python/colcon_distutils_commands:/home/Dojo/Dojo/install/ros2arduino_bridge/lib/python3.10/site-packages:/opt/ros/humble/lib/python3.10/site-packages:/opt/ros/humble/local/lib/python3.10/dist-packages', 'NVIDIA_VISIBLE_DEVICES': 'all', 'COLCON': '1'}, 'shell': False}
[0.902189] (-) TimerEvent: {}
[1.002501] (-) TimerEvent: {}
[1.102805] (-) TimerEvent: {}
[1.129467] (ros2arduino_bridge) StderrLine: {'line': b"/usr/lib/python3/dist-packages/setuptools/dist.py:723: UserWarning: Usage of dash-separated 'script-dir' will not be supported in future versions. Please use the underscore name 'script_dir' instead\n"}
[1.129725] (ros2arduino_bridge) StderrLine: {'line': b'  warnings.warn(\n'}
[1.165618] (ros2arduino_bridge) StdoutLine: {'line': b'running develop\n'}
[1.202905] (-) TimerEvent: {}
[1.303198] (-) TimerEvent: {}
[1.390276] (ros2arduino_bridge) StdoutLine: {'line': b'running egg_info\n'}
[1.390598] (ros2arduino_bridge) StdoutLine: {'line': b'writing ros2arduino_bridge.egg-info/PKG-INFO\n'}
[1.390910] (ros2arduino_bridge) StdoutLine: {'line': b'writing dependency_links to ros2arduino_bridge.egg-info/dependency_links.txt\n'}
[1.391105] (ros2arduino_bridge) StdoutLine: {'line': b'writing entry points to ros2arduino_bridge.egg-info/entry_points.txt\n'}
[1.391293] (ros2arduino_bridge) StdoutLine: {'line': b'writing requirements to ros2arduino_bridge.egg-info/requires.txt\n'}
[1.391447] (ros2arduino_bridge) StdoutLine: {'line': b'writing top-level names to ros2arduino_bridge.egg-info/top_level.txt\n'}
[1.393817] (ros2arduino_bridge) StdoutLine: {'line': b"reading manifest file 'ros2arduino_bridge.egg-info/SOURCES.txt'\n"}
[1.394806] (ros2arduino_bridge) StdoutLine: {'line': b"writing manifest file 'ros2arduino_bridge.egg-info/SOURCES.txt'\n"}
[1.396386] (ros2arduino_bridge) StdoutLine: {'line': b'running build_ext\n'}
[1.396623] (ros2arduino_bridge) StdoutLine: {'line': b'Creating /home/Dojo/Dojo/install/ros2arduino_bridge/lib/python3.10/site-packages/ros2arduino-bridge.egg-link (link to .)\n'}
[1.397670] (ros2arduino_bridge) StdoutLine: {'line': b'Installing arduino_bridge script to /lib/ros2arduino_bridge\n'}
[1.398134] (ros2arduino_bridge) StdoutLine: {'line': b'\n'}
[1.398262] (ros2arduino_bridge) StdoutLine: {'line': b'Installed /home/Dojo/Dojo/build/ros2arduino_bridge\n'}
[1.398345] (ros2arduino_bridge) StdoutLine: {'line': b'running symlink_data\n'}
[1.398721] (ros2arduino_bridge) StderrLine: {'line': b"error: can't copy '/home/Dojo/Dojo/build/ros2arduino_bridge/launch/arduino_bridge.launch.py': doesn't exist or not a regular file\n"}
[1.403287] (-) TimerEvent: {}
[1.429591] (ros2arduino_bridge) CommandEnded: {'returncode': 1}
[1.430100] (ros2arduino_bridge) JobEnded: {'identifier': 'ros2arduino_bridge', 'rc': 1}
[1.440335] (-) EventReactorShutdown: {}
