[0.388s] Invoking command in '/root/Dojo/build/robot_description': CMAKE_PREFIX_PATH=${CMAKE_PREFIX_PATH}:/root/Dojo/install/robot_perception:/root/Dojo/install/robot_hardware:/root/Dojo/install/robot_control:/opt/ros/humble /usr/bin/cmake --build /root/Dojo/build/robot_description -- -j16 -l16
[2.289s] Built target ament_cmake_python_symlink_robot_description
[2.289s] running egg_info
[2.289s] writing robot_description.egg-info/PKG-INFO
[2.289s] writing dependency_links to robot_description.egg-info/dependency_links.txt
[2.289s] writing top-level names to robot_description.egg-info/top_level.txt
[2.290s] reading manifest file 'robot_description.egg-info/SOURCES.txt'
[2.290s] writing manifest file 'robot_description.egg-info/SOURCES.txt'
[2.290s] Built target ament_cmake_python_build_robot_description_egg
[2.653s] Invoked command in '/root/Dojo/build/robot_description' returned '0': CMAKE_PREFIX_PATH=${CMAKE_PREFIX_PATH}:/root/Dojo/install/robot_perception:/root/Dojo/install/robot_hardware:/root/Dojo/install/robot_control:/opt/ros/humble /usr/bin/cmake --build /root/Dojo/build/robot_description -- -j16 -l16
[2.664s] Invoking command in '/root/Dojo/build/robot_description': CMAKE_PREFIX_PATH=${CMAKE_PREFIX_PATH}:/root/Dojo/install/robot_perception:/root/Dojo/install/robot_hardware:/root/Dojo/install/robot_control:/opt/ros/humble /usr/bin/cmake --install /root/Dojo/build/robot_description
[2.672s] -- Install configuration: ""
[2.672s] -- Execute custom install script
[2.672s] -- Up-to-date symlink: /root/Dojo/install/robot_description/share/robot_description/launch/display.launch.py
[2.673s] -- Up-to-date symlink: /root/Dojo/install/robot_description/share/robot_description/launch/robot_state_publisher.launch.py
[2.673s] -- Up-to-date symlink: /root/Dojo/install/robot_description/share/robot_description/urdf/common_properties.xacro
[2.674s] -- Up-to-date symlink: /root/Dojo/install/robot_description/share/robot_description/urdf/dojo_robot.gazebo
[2.675s] -- Up-to-date symlink: /root/Dojo/install/robot_description/share/robot_description/urdf/dojo_robot.urdf.xacro
[2.675s] -- Up-to-date symlink: /root/Dojo/install/robot_description/share/robot_description/urdf/robot.urdf
[2.675s] -- Up-to-date symlink: /root/Dojo/install/robot_description/share/robot_description/urdf/robot.urdf.xacro
[2.677s] -- Up-to-date symlink: /root/Dojo/install/robot_description/share/robot_description/urdf/sensors/rplidar.urdf.xacro
[2.677s] -- Up-to-date symlink: /root/Dojo/install/robot_description/share/robot_description/rviz/display.rviz
[2.678s] -- Up-to-date symlink: /root/Dojo/install/robot_description/share/robot_description/rviz/robot.rviz
[2.679s] -- Up-to-date symlink: /root/Dojo/install/robot_description/share/robot_description/environment/pythonpath.sh
[2.679s] -- Up-to-date symlink: /root/Dojo/install/robot_description/share/robot_description/environment/pythonpath.dsv
[2.681s] -- Up-to-date symlink: /root/Dojo/install/robot_description/local/lib/python3.10/dist-packages/robot_description-0.0.1-py3.10.egg-info/PKG-INFO
[2.683s] -- Up-to-date symlink: /root/Dojo/install/robot_description/local/lib/python3.10/dist-packages/robot_description-0.0.1-py3.10.egg-info/SOURCES.txt
[2.683s] -- Up-to-date symlink: /root/Dojo/install/robot_description/local/lib/python3.10/dist-packages/robot_description-0.0.1-py3.10.egg-info/dependency_links.txt
[2.683s] -- Up-to-date symlink: /root/Dojo/install/robot_description/local/lib/python3.10/dist-packages/robot_description-0.0.1-py3.10.egg-info/top_level.txt
[2.684s] -- Up-to-date symlink: /root/Dojo/install/robot_description/local/lib/python3.10/dist-packages/robot_description/__init__.py
[2.685s] -- Up-to-date symlink: /root/Dojo/install/robot_description/lib/robot_description/display_robot.py
[2.685s] -- Up-to-date symlink: /root/Dojo/install/robot_description/share/ament_index/resource_index/package_run_dependencies/robot_description
[2.686s] -- Up-to-date symlink: /root/Dojo/install/robot_description/share/ament_index/resource_index/parent_prefix_path/robot_description
[2.686s] -- Up-to-date symlink: /root/Dojo/install/robot_description/share/robot_description/environment/ament_prefix_path.sh
[2.686s] -- Up-to-date symlink: /root/Dojo/install/robot_description/share/robot_description/environment/ament_prefix_path.dsv
[2.687s] -- Up-to-date symlink: /root/Dojo/install/robot_description/share/robot_description/environment/path.sh
[2.688s] -- Up-to-date symlink: /root/Dojo/install/robot_description/share/robot_description/environment/path.dsv
[2.688s] -- Up-to-date symlink: /root/Dojo/install/robot_description/share/robot_description/local_setup.bash
[2.688s] -- Up-to-date symlink: /root/Dojo/install/robot_description/share/robot_description/local_setup.sh
[2.688s] -- Up-to-date symlink: /root/Dojo/install/robot_description/share/robot_description/local_setup.zsh
[2.688s] -- Up-to-date symlink: /root/Dojo/install/robot_description/share/robot_description/local_setup.dsv
[2.689s] -- Symlinking: /root/Dojo/install/robot_description/share/robot_description/package.dsv
[2.695s] -- Up-to-date symlink: /root/Dojo/install/robot_description/share/ament_index/resource_index/packages/robot_description
[2.698s] -- Up-to-date symlink: /root/Dojo/install/robot_description/share/robot_description/cmake/robot_descriptionConfig.cmake
[2.699s] -- Up-to-date symlink: /root/Dojo/install/robot_description/share/robot_description/cmake/robot_descriptionConfig-version.cmake
[2.700s] -- Up-to-date symlink: /root/Dojo/install/robot_description/share/robot_description/package.xml
[2.701s] -- Up-to-date: /root/Dojo/install/robot_description/share/robot_description
[2.701s] -- Up-to-date: /root/Dojo/install/robot_description/share/robot_description/urdf
[2.701s] -- Up-to-date: /root/Dojo/install/robot_description/share/robot_description/urdf/sensors
[2.702s] -- Up-to-date: /root/Dojo/install/robot_description/share/robot_description/include
[2.702s] -- Up-to-date: /root/Dojo/install/robot_description/share/robot_description/include/robot_description
[2.702s] -- Up-to-date: /root/Dojo/install/robot_description/share/robot_description/rviz
[2.702s] -- Up-to-date: /root/Dojo/install/robot_description/share/robot_description/src
[2.702s] -- Up-to-date: /root/Dojo/install/robot_description/share/robot_description/src/robot_description
[2.702s] -- Up-to-date: /root/Dojo/install/robot_description/share/robot_description/meshes
[2.702s] -- Up-to-date: /root/Dojo/install/robot_description/share/robot_description/robot_description
[2.703s] -- Up-to-date: /root/Dojo/install/robot_description/share/robot_description/robot_description/robot_description
[2.703s] -- Up-to-date: /root/Dojo/install/robot_description/share/robot_description/scripts
[2.703s] -- Up-to-date: /root/Dojo/install/robot_description/share/robot_description/resource
[2.703s] -- Up-to-date: /root/Dojo/install/robot_description/share/robot_description/launch
[2.704s] -- Up-to-date: /root/Dojo/install/robot_description/share/robot_description/config
[2.704s] -- Up-to-date: /root/Dojo/install/robot_description/lib/robot_description/robot_description
[2.704s] -- Up-to-date: /root/Dojo/install/robot_description/lib/robot_description/robot_description/__init__.py
[2.729s] Listing '/root/Dojo/install/robot_description/local/lib/python3.10/dist-packages/robot_description'...
[2.755s] Invoked command in '/root/Dojo/build/robot_description' returned '0': CMAKE_PREFIX_PATH=${CMAKE_PREFIX_PATH}:/root/Dojo/install/robot_perception:/root/Dojo/install/robot_hardware:/root/Dojo/install/robot_control:/opt/ros/humble /usr/bin/cmake --install /root/Dojo/build/robot_description
