[0.011s] Invoking command in '/root/Dojo/build/rplidar_ros': /usr/bin/cmake /root/Dojo/src/rplidar_ros -DCATKIN_INSTALL_INTO_PREFIX_ROOT=0 -DCATKIN_SYMLINK_INSTALL=ON -DCMAKE_INSTALL_PREFIX=/root/Dojo/install/rplidar_ros
[0.020s] [0mCMake Deprecation Warning at CMakeLists.txt:1 (cmake_minimum_required):
[0.020s]   Compatibility with CMake < 2.8.12 will be removed from a future version of
[0.020s]   CMake.
[0.020s] 
[0.020s]   Update the VERSION argument <min> value or use a ...<max> suffix to tell
[0.020s]   CMake that the project does not need compatibility with older versions.
[0.020s] 
[0.020s] [0m
[0.041s] [31mCMake Error at CMakeLists.txt:16 (find_package):
[0.041s]   By not providing "Findcatkin.cmake" in CMAKE_MODULE_PATH this project has
[0.041s]   asked CMake to find a package configuration file provided by "catkin", but
[0.041s]   CMake did not find one.
[0.041s] 
[0.041s]   Could not find a package configuration file provided by "catkin" with any
[0.041s]   of the following names:
[0.042s] 
[0.042s]     catkinConfig.cmake
[0.042s]     catkin-config.cmake
[0.042s] 
[0.042s]   Add the installation prefix of "catkin" to CMAKE_PREFIX_PATH or set
[0.042s]   "catkin_DIR" to a directory containing one of the above files.  If "catkin"
[0.042s]   provides a separate development package or SDK, be sure it has been
[0.042s]   installed.
[0.042s] 
[0.042s] [0m
[0.042s] -- Configuring incomplete, errors occurred!
[0.043s] See also "/root/Dojo/build/rplidar_ros/CMakeFiles/CMakeOutput.log".
[0.044s] Invoked command in '/root/Dojo/build/rplidar_ros' returned '1': /usr/bin/cmake /root/Dojo/src/rplidar_ros -DCATKIN_INSTALL_INTO_PREFIX_ROOT=0 -DCATKIN_SYMLINK_INSTALL=ON -DCMAKE_INSTALL_PREFIX=/root/Dojo/install/rplidar_ros
