[0.072s] Invoking command in '/root/Dojo/build/robot_description': CMAKE_PREFIX_PATH=/opt/ros/humble /usr/bin/cmake --build /root/Dojo/build/robot_description -- -j16 -l16
[1.257s] Built target ament_cmake_python_symlink_robot_description
[1.258s] running egg_info
[1.259s] writing robot_description.egg-info/PKG-INFO
[1.259s] writing dependency_links to robot_description.egg-info/dependency_links.txt
[1.260s] writing top-level names to robot_description.egg-info/top_level.txt
[1.260s] reading manifest file 'robot_description.egg-info/SOURCES.txt'
[1.261s] writing manifest file 'robot_description.egg-info/SOURCES.txt'
[1.261s] Built target ament_cmake_python_build_robot_description_egg
[1.690s] Invoked command in '/root/Dojo/build/robot_description' returned '0': CMAKE_PREFIX_PATH=/opt/ros/humble /usr/bin/cmake --build /root/Dojo/build/robot_description -- -j16 -l16
[1.711s] Invoking command in '/root/Dojo/build/robot_description': CMAKE_PREFIX_PATH=/opt/ros/humble /usr/bin/cmake --install /root/Dojo/build/robot_description
[1.726s] -- Install configuration: ""
[1.727s] -- Execute custom install script
[1.730s] -- Up-to-date symlink: /root/Dojo/install/robot_description/share/robot_description/launch/display.launch.py
[1.731s] -- Up-to-date symlink: /root/Dojo/install/robot_description/share/robot_description/launch/robot_state_publisher.launch.py
[1.734s] -- Up-to-date symlink: /root/Dojo/install/robot_description/share/robot_description/urdf/robot.urdf
[1.735s] -- Up-to-date symlink: /root/Dojo/install/robot_description/share/robot_description/urdf/robot.urdf.xacro
[1.741s] -- Up-to-date symlink: /root/Dojo/install/robot_description/share/robot_description/rviz/robot.rviz
[1.742s] -- Up-to-date symlink: /root/Dojo/install/robot_description/share/robot_description/environment/pythonpath.sh
[1.744s] -- Up-to-date symlink: /root/Dojo/install/robot_description/share/robot_description/environment/pythonpath.dsv
[1.750s] -- Up-to-date symlink: /root/Dojo/install/robot_description/local/lib/python3.10/dist-packages/robot_description-0.0.1-py3.10.egg-info/PKG-INFO
[1.750s] -- Up-to-date symlink: /root/Dojo/install/robot_description/local/lib/python3.10/dist-packages/robot_description-0.0.1-py3.10.egg-info/SOURCES.txt
[1.750s] -- Up-to-date symlink: /root/Dojo/install/robot_description/local/lib/python3.10/dist-packages/robot_description-0.0.1-py3.10.egg-info/dependency_links.txt
[1.751s] -- Up-to-date symlink: /root/Dojo/install/robot_description/local/lib/python3.10/dist-packages/robot_description-0.0.1-py3.10.egg-info/top_level.txt
[1.751s] -- Up-to-date symlink: /root/Dojo/install/robot_description/local/lib/python3.10/dist-packages/robot_description/__init__.py
[1.752s] -- Up-to-date symlink: /root/Dojo/install/robot_description/lib/robot_description/display_robot.py
[1.752s] -- Up-to-date symlink: /root/Dojo/install/robot_description/share/ament_index/resource_index/package_run_dependencies/robot_description
[1.752s] -- Up-to-date symlink: /root/Dojo/install/robot_description/share/ament_index/resource_index/parent_prefix_path/robot_description
[1.753s] -- Up-to-date symlink: /root/Dojo/install/robot_description/share/robot_description/environment/ament_prefix_path.sh
[1.753s] -- Up-to-date symlink: /root/Dojo/install/robot_description/share/robot_description/environment/ament_prefix_path.dsv
[1.753s] -- Up-to-date symlink: /root/Dojo/install/robot_description/share/robot_description/environment/path.sh
[1.753s] -- Up-to-date symlink: /root/Dojo/install/robot_description/share/robot_description/environment/path.dsv
[1.754s] -- Up-to-date symlink: /root/Dojo/install/robot_description/share/robot_description/local_setup.bash
[1.754s] -- Up-to-date symlink: /root/Dojo/install/robot_description/share/robot_description/local_setup.sh
[1.755s] -- Up-to-date symlink: /root/Dojo/install/robot_description/share/robot_description/local_setup.zsh
[1.756s] -- Up-to-date symlink: /root/Dojo/install/robot_description/share/robot_description/local_setup.dsv
[1.757s] -- Symlinking: /root/Dojo/install/robot_description/share/robot_description/package.dsv
[1.773s] -- Up-to-date symlink: /root/Dojo/install/robot_description/share/ament_index/resource_index/packages/robot_description
[1.773s] -- Up-to-date symlink: /root/Dojo/install/robot_description/share/robot_description/cmake/robot_descriptionConfig.cmake
[1.773s] -- Up-to-date symlink: /root/Dojo/install/robot_description/share/robot_description/cmake/robot_descriptionConfig-version.cmake
[1.773s] -- Up-to-date symlink: /root/Dojo/install/robot_description/share/robot_description/package.xml
[1.773s] -- Up-to-date: /root/Dojo/install/robot_description/share/robot_description
[1.774s] -- Up-to-date: /root/Dojo/install/robot_description/share/robot_description/urdf
[1.774s] -- Up-to-date: /root/Dojo/install/robot_description/share/robot_description/include
[1.774s] -- Up-to-date: /root/Dojo/install/robot_description/share/robot_description/include/robot_description
[1.775s] -- Up-to-date: /root/Dojo/install/robot_description/share/robot_description/rviz
[1.775s] -- Up-to-date: /root/Dojo/install/robot_description/share/robot_description/src
[1.776s] -- Up-to-date: /root/Dojo/install/robot_description/share/robot_description/src/robot_description
[1.776s] -- Up-to-date: /root/Dojo/install/robot_description/share/robot_description/meshes
[1.776s] -- Up-to-date: /root/Dojo/install/robot_description/share/robot_description/robot_description
[1.777s] -- Up-to-date: /root/Dojo/install/robot_description/share/robot_description/robot_description/robot_description
[1.777s] -- Up-to-date: /root/Dojo/install/robot_description/share/robot_description/scripts
[1.777s] -- Up-to-date: /root/Dojo/install/robot_description/share/robot_description/resource
[1.777s] -- Up-to-date: /root/Dojo/install/robot_description/share/robot_description/launch
[1.778s] -- Up-to-date: /root/Dojo/install/robot_description/share/robot_description/config
[1.778s] -- Up-to-date: /root/Dojo/install/robot_description/lib/robot_description/robot_description
[1.778s] -- Up-to-date: /root/Dojo/install/robot_description/lib/robot_description/robot_description/__init__.py
[1.827s] Listing '/root/Dojo/install/robot_description/local/lib/python3.10/dist-packages/robot_description'...
[1.839s] Invoked command in '/root/Dojo/build/robot_description' returned '0': CMAKE_PREFIX_PATH=/opt/ros/humble /usr/bin/cmake --install /root/Dojo/build/robot_description
