[0.000000] (-) TimerEvent: {}
[0.000297] (-) JobUnselected: {'identifier': 'arduino_bridge'}
[0.000578] (-) JobUnselected: {'identifier': 'camera_ros'}
[0.000603] (-) JobUnselected: {'identifier': 'nv21_converter_pkg'}
[0.000619] (-) JobUnselected: {'identifier': 'robot_bringup'}
[0.000633] (-) JobUnselected: {'identifier': 'robot_control'}
[0.000649] (-) JobUnselected: {'identifier': 'robot_description'}
[0.000662] (-) JobUnselected: {'identifier': 'robot_hardware'}
[0.000865] (-) JobUnselected: {'identifier': 'robot_interfaces'}
[0.000926] (-) JobUnselected: {'identifier': 'robot_launch'}
[0.000988] (-) JobUnselected: {'identifier': 'robot_navigation'}
[0.001038] (-) JobUnselected: {'identifier': 'robot_perception'}
[0.001091] (-) JobUnselected: {'identifier': 'robot_sensors'}
[0.001156] (-) JobUnselected: {'identifier': 'ros2arduino_bridge'}
[0.001247] (-) JobUnselected: {'identifier': 'vision_system'}
[0.001268] (robot_gazebo) JobQueued: {'identifier': 'robot_gazebo', 'dependencies': OrderedDict()}
[0.001288] (robot_gazebo) JobStarted: {'identifier': 'robot_gazebo'}
[0.010600] (robot_gazebo) JobProgress: {'identifier': 'robot_gazebo', 'progress': 'cmake'}
[0.011379] (robot_gazebo) JobProgress: {'identifier': 'robot_gazebo', 'progress': 'build'}
[0.012112] (robot_gazebo) Command: {'cmd': ['/usr/bin/cmake', '--build', '/root/Dojo/build/robot_gazebo', '--', '-j16', '-l16'], 'cwd': '/root/Dojo/build/robot_gazebo', 'env': OrderedDict([('HOSTNAME', 'gareth-joel-HP-Pavilion-Gaming-Laptop-15-ec2xxx'), ('SHLVL', '0'), ('LD_LIBRARY_PATH', '/usr/lib/x86_64-linux-gnu/gazebo-11/plugins:/opt/ros/humble/opt/rviz_ogre_vendor/lib:/opt/ros/humble/lib/x86_64-linux-gnu:/opt/ros/humble/lib'), ('HOME', '/root'), ('OLDPWD', '/'), ('ROS_PYTHON_VERSION', '3'), ('ROS_DISTRO', 'humble'), ('_', '/usr/bin/colcon'), ('ROS_VERSION', '2'), ('TERM', 'xterm'), ('ROS_LOCALHOST_ONLY', '0'), ('QT_X11_NO_MITSHM', '1'), ('PATH', '/opt/ros/humble/bin:/usr/local/sbin:/usr/local/bin:/usr/sbin:/usr/bin:/sbin:/bin'), ('DISPLAY', ':0'), ('LANG', 'C.UTF-8'), ('AMENT_PREFIX_PATH', '/opt/ros/humble'), ('PWD', '/root/Dojo/build/robot_gazebo'), ('LC_ALL', 'C.UTF-8'), ('PYTHONPATH', '/opt/ros/humble/lib/python3.10/site-packages:/opt/ros/humble/local/lib/python3.10/dist-packages'), ('COLCON', '1')]), 'shell': False}
[0.046405] (robot_gazebo) StdoutLine: {'line': b'-- Found ament_cmake: 1.3.12 (/opt/ros/humble/share/ament_cmake/cmake)\n'}
[0.099759] (-) TimerEvent: {}
[0.165432] (robot_gazebo) StdoutLine: {'line': b'-- Override CMake install command with custom implementation using symlinks instead of copying resources\n'}
[0.172617] (robot_gazebo) StdoutLine: {'line': b'-- Found rclcpp: 16.0.14 (/opt/ros/humble/share/rclcpp/cmake)\n'}
[0.199860] (-) TimerEvent: {}
[0.200363] (robot_gazebo) StdoutLine: {'line': b'-- Found rosidl_generator_c: 3.1.7 (/opt/ros/humble/share/rosidl_generator_c/cmake)\n'}
[0.202783] (robot_gazebo) StdoutLine: {'line': b'-- Found rosidl_adapter: 3.1.7 (/opt/ros/humble/share/rosidl_adapter/cmake)\n'}
[0.208644] (robot_gazebo) StdoutLine: {'line': b'-- Found rosidl_generator_cpp: 3.1.7 (/opt/ros/humble/share/rosidl_generator_cpp/cmake)\n'}
[0.217795] (robot_gazebo) StdoutLine: {'line': b'-- Using all available rosidl_typesupport_c: rosidl_typesupport_fastrtps_c;rosidl_typesupport_introspection_c\n'}
[0.229748] (robot_gazebo) StdoutLine: {'line': b'-- Using all available rosidl_typesupport_cpp: rosidl_typesupport_fastrtps_cpp;rosidl_typesupport_introspection_cpp\n'}
[0.260833] (robot_gazebo) StdoutLine: {'line': b'-- Found rmw_implementation_cmake: 6.1.2 (/opt/ros/humble/share/rmw_implementation_cmake/cmake)\n'}
[0.262038] (robot_gazebo) StdoutLine: {'line': b'-- Found rmw_fastrtps_cpp: 6.2.8 (/opt/ros/humble/share/rmw_fastrtps_cpp/cmake)\n'}
[0.299984] (-) TimerEvent: {}
[0.397887] (robot_gazebo) StdoutLine: {'line': b"-- Using RMW implementation 'rmw_fastrtps_cpp' as default\n"}
[0.400045] (-) TimerEvent: {}
[0.442644] (robot_gazebo) StdoutLine: {'line': b'-- Found gazebo_ros: 3.9.0 (/opt/ros/humble/share/gazebo_ros/cmake)\n'}
[0.475041] (robot_gazebo) StdoutLine: {'line': b'-- Found DART: /usr/include (Required is at least version "6.6") found components: dart \n'}
[0.500166] (-) TimerEvent: {}
[0.503206] (robot_gazebo) StdoutLine: {'line': b'-- Found Protobuf: /usr/lib/x86_64-linux-gnu/libprotobuf.so (found version "3.12.4") \n'}
[0.505394] (robot_gazebo) StdoutLine: {'line': b'-- Looking for ignition-math6 -- found version 6.15.1\n'}
[0.509310] (robot_gazebo) StdoutLine: {'line': b'-- Searching for dependencies of ignition-math6\n'}
[0.510500] (robot_gazebo) StdoutLine: {'line': b'-- Looking for OGRE...\n'}
[0.516550] (robot_gazebo) StdoutLine: {'line': b'-- Found Ogre Ghadamon (1.9.0)\n'}
[0.516859] (robot_gazebo) StdoutLine: {'line': b'-- Found OGRE: optimized;/usr/lib/x86_64-linux-gnu/libOgreMain.so;debug;/usr/lib/x86_64-linux-gnu/libOgreMain.so\n'}
[0.526178] (robot_gazebo) StdoutLine: {'line': b'-- Looking for OGRE_Paging...\n'}
[0.526464] (robot_gazebo) StdoutLine: {'line': b'-- Found OGRE_Paging: optimized;/usr/lib/x86_64-linux-gnu/libOgrePaging.so;debug;/usr/lib/x86_64-linux-gnu/libOgrePaging.so\n'}
[0.526615] (robot_gazebo) StdoutLine: {'line': b'-- Looking for OGRE_Terrain...\n'}
[0.526721] (robot_gazebo) StdoutLine: {'line': b'-- Found OGRE_Terrain: optimized;/usr/lib/x86_64-linux-gnu/libOgreTerrain.so;debug;/usr/lib/x86_64-linux-gnu/libOgreTerrain.so\n'}
[0.526783] (robot_gazebo) StdoutLine: {'line': b'-- Looking for OGRE_Property...\n'}
[0.526836] (robot_gazebo) StdoutLine: {'line': b'-- Found OGRE_Property: optimized;/usr/lib/x86_64-linux-gnu/libOgreProperty.so;debug;/usr/lib/x86_64-linux-gnu/libOgreProperty.so\n'}
[0.526887] (robot_gazebo) StdoutLine: {'line': b'-- Looking for OGRE_RTShaderSystem...\n'}
[0.526938] (robot_gazebo) StdoutLine: {'line': b'-- Found OGRE_RTShaderSystem: optimized;/usr/lib/x86_64-linux-gnu/libOgreRTShaderSystem.so;debug;/usr/lib/x86_64-linux-gnu/libOgreRTShaderSystem.so\n'}
[0.526997] (robot_gazebo) StdoutLine: {'line': b'-- Looking for OGRE_Volume...\n'}
[0.527048] (robot_gazebo) StdoutLine: {'line': b'-- Found OGRE_Volume: optimized;/usr/lib/x86_64-linux-gnu/libOgreVolume.so;debug;/usr/lib/x86_64-linux-gnu/libOgreVolume.so\n'}
[0.527097] (robot_gazebo) StdoutLine: {'line': b'-- Looking for OGRE_Overlay...\n'}
[0.527145] (robot_gazebo) StdoutLine: {'line': b'-- Found OGRE_Overlay: optimized;/usr/lib/x86_64-linux-gnu/libOgreOverlay.so;debug;/usr/lib/x86_64-linux-gnu/libOgreOverlay.so\n'}
[0.593592] (robot_gazebo) StdoutLine: {'line': b'-- Looking for ignition-math6 -- found version 6.15.1\n'}
[0.593930] (robot_gazebo) StdoutLine: {'line': b'-- Looking for ignition-transport8 -- found version 8.2.1\n'}
[0.594328] (robot_gazebo) StdoutLine: {'line': b'-- Searching for dependencies of ignition-transport8\n'}
[0.600227] (-) TimerEvent: {}
[0.619129] (robot_gazebo) StdoutLine: {'line': b'-- Found Protobuf: /usr/lib/x86_64-linux-gnu/libprotobuf.so (found suitable version "3.12.4", minimum required is "3") \n'}
[0.637927] (robot_gazebo) StdoutLine: {'line': b'-- Config-file not installed for ZeroMQ -- checking for pkg-config\n'}
[0.643115] (robot_gazebo) StdoutLine: {'line': b"-- Checking for module 'libzmq >= 4'\n"}
[0.658859] (robot_gazebo) StdoutLine: {'line': b'--   Found libzmq , version 4.3.4\n'}
[0.700334] (-) TimerEvent: {}
[0.709519] (robot_gazebo) StdoutLine: {'line': b"-- Checking for module 'uuid'\n"}
[0.725056] (robot_gazebo) StdoutLine: {'line': b'--   Found uuid, version 2.37.2\n'}
[0.767055] (robot_gazebo) StdoutLine: {'line': b'-- Looking for ignition-msgs5 -- found version 5.8.1\n'}
[0.767404] (robot_gazebo) StdoutLine: {'line': b'-- Searching for dependencies of ignition-msgs5\n'}
[0.796271] (robot_gazebo) StdoutLine: {'line': b'-- Looking for ignition-math6 -- found version 6.15.1\n'}
[0.800404] (-) TimerEvent: {}
[0.801398] (robot_gazebo) StdoutLine: {'line': b"-- Checking for module 'tinyxml2'\n"}
[0.816924] (robot_gazebo) StdoutLine: {'line': b'--   Found tinyxml2, version 9.0.0\n'}
[0.858379] (robot_gazebo) StdoutLine: {'line': b'-- Looking for ignition-msgs5 -- found version 5.8.1\n'}
[0.858654] (robot_gazebo) StdoutLine: {'line': b'-- Looking for ignition-common3 -- found version 3.14.0\n'}
[0.859061] (robot_gazebo) StdoutLine: {'line': b'-- Searching for dependencies of ignition-common3\n'}
[0.859186] (robot_gazebo) StdoutLine: {'line': b'-- Looking for dlfcn.h - found\n'}
[0.859268] (robot_gazebo) StdoutLine: {'line': b'-- Looking for libdl - found\n'}
[0.870105] (robot_gazebo) StdoutLine: {'line': b'-- Searching for <ignition-common3> component [graphics]\n'}
[0.870427] (robot_gazebo) StdoutLine: {'line': b'-- Looking for ignition-common3-graphics -- found version 3.14.0\n'}
[0.870813] (robot_gazebo) StdoutLine: {'line': b'-- Searching for dependencies of ignition-common3-graphics\n'}
[0.871094] (robot_gazebo) StdoutLine: {'line': b'-- Looking for ignition-math6 -- found version 6.15.1\n'}
[0.871938] (robot_gazebo) StdoutLine: {'line': b'-- Looking for ignition-fuel_tools4 -- found version 4.4.0\n'}
[0.872307] (robot_gazebo) StdoutLine: {'line': b'-- Searching for dependencies of ignition-fuel_tools4\n'}
[0.900583] (-) TimerEvent: {}
[0.920456] (robot_gazebo) StdoutLine: {'line': b"-- Checking for module 'jsoncpp'\n"}
[0.936414] (robot_gazebo) StdoutLine: {'line': b'--   Found jsoncpp, version 1.9.5\n'}
[0.983917] (robot_gazebo) StdoutLine: {'line': b"-- Checking for module 'libzip'\n"}
[1.000665] (-) TimerEvent: {}
[1.000892] (robot_gazebo) StdoutLine: {'line': b'--   Found libzip, version 1.7.3\n'}
[1.044051] (robot_gazebo) StdoutLine: {'line': b'-- Looking for ignition-common3 -- found version 3.14.0\n'}
[1.044310] (robot_gazebo) StdoutLine: {'line': b'-- Looking for ignition-math6 -- found version 6.15.1\n'}
[1.044649] (robot_gazebo) StdoutLine: {'line': b'-- Looking for ignition-msgs5 -- found version 5.8.1\n'}
[1.046011] (robot_gazebo) StdoutLine: {'line': b'-- Gazebo version: 11.10\n'}
[1.046978] (robot_gazebo) StdoutLine: {'line': b'-- Found ros2_control: 2.51.0 (/opt/ros/humble/share/ros2_control/cmake)\n'}
[1.047131] (robot_gazebo) StdoutLine: {'line': b'-- Found controller_manager: 2.51.0 (/opt/ros/humble/share/controller_manager/cmake)\n'}
[1.100756] (-) TimerEvent: {}
[1.201001] (-) TimerEvent: {}
[1.208023] (robot_gazebo) StdoutLine: {'line': b'-- Found robot_state_publisher: 3.0.3 (/opt/ros/humble/share/robot_state_publisher/cmake)\n'}
[1.211677] (robot_gazebo) StdoutLine: {'line': b'-- Found eigen3_cmake_module: 0.1.1 (/opt/ros/humble/share/eigen3_cmake_module/cmake)\n'}
[1.213256] (robot_gazebo) StdoutLine: {'line': b'-- Ensuring Eigen3 include directory is part of orocos-kdl CMake target\n'}
[1.301119] (-) TimerEvent: {}
[1.318324] (robot_gazebo) StderrLine: {'line': b"Error parsing '/root/Dojo/src/robot_gazebo/package.xml':\n"}
[1.318653] (robot_gazebo) StderrLine: {'line': b'Traceback (most recent call last):\n'}
[1.318747] (robot_gazebo) StderrLine: {'line': b'  File "/opt/ros/humble/share/ament_cmake_core/cmake/core/package_xml_2_cmake.py", line 150, in <module>\n'}
[1.318826] (robot_gazebo) StderrLine: {'line': b'    main()\n'}
[1.318901] (robot_gazebo) StderrLine: {'line': b'  File "/opt/ros/humble/share/ament_cmake_core/cmake/core/package_xml_2_cmake.py", line 53, in main\n'}
[1.318987] (robot_gazebo) StderrLine: {'line': b'    raise e\n'}
[1.319059] (robot_gazebo) StderrLine: {'line': b'  File "/opt/ros/humble/share/ament_cmake_core/cmake/core/package_xml_2_cmake.py", line 49, in main\n'}
[1.319119] (robot_gazebo) StderrLine: {'line': b'    package = parse_package_string(\n'}
[1.319192] (robot_gazebo) StderrLine: {'line': b'  File "/usr/lib/python3/dist-packages/catkin_pkg/package.py", line 786, in parse_package_string\n'}
[1.319268] (robot_gazebo) StderrLine: {'line': b"    raise InvalidPackage('Error(s):%s' % (''.join(['\\n- %s' % e for e in errors])), filename)\n"}
[1.319325] (robot_gazebo) StderrLine: {'line': b"catkin_pkg.package.InvalidPackage: Error(s) in package '/root/Dojo/src/robot_gazebo/package.xml':\n"}
[1.319381] (robot_gazebo) StderrLine: {'line': b'Error(s):\n'}
[1.319433] (robot_gazebo) StderrLine: {'line': b"- The generic dependency on 'rclpy' is redundant with: exec_depend\n"}
[1.319500] (robot_gazebo) StderrLine: {'line': b"- The generic dependency on 'geometry_msgs' is redundant with: exec_depend\n"}
[1.327302] (robot_gazebo) StderrLine: {'line': b'\x1b[31mCMake Error at /opt/ros/humble/share/ament_cmake_core/cmake/core/ament_package_xml.cmake:95 (message):\n'}
[1.327536] (robot_gazebo) StderrLine: {'line': b'  execute_process(/usr/bin/python3\n'}
[1.327624] (robot_gazebo) StderrLine: {'line': b'  /opt/ros/humble/share/ament_cmake_core/cmake/core/package_xml_2_cmake.py\n'}
[1.327695] (robot_gazebo) StderrLine: {'line': b'  /root/Dojo/src/robot_gazebo/package.xml\n'}
[1.327760] (robot_gazebo) StderrLine: {'line': b'  /root/Dojo/build/robot_gazebo/ament_cmake_core/package.cmake) returned\n'}
[1.327819] (robot_gazebo) StderrLine: {'line': b'  error code 1\n'}
[1.327879] (robot_gazebo) StderrLine: {'line': b'Call Stack (most recent call first):\n'}
[1.327939] (robot_gazebo) StderrLine: {'line': b'  /opt/ros/humble/share/ament_cmake_core/cmake/core/ament_package_xml.cmake:49 (_ament_package_xml)\n'}
[1.328032] (robot_gazebo) StderrLine: {'line': b'  /opt/ros/humble/share/ament_cmake_core/cmake/core/ament_package.cmake:63 (ament_package_xml)\n'}
[1.328097] (robot_gazebo) StderrLine: {'line': b'  CMakeLists.txt:52 (ament_package)\n'}
[1.328144] (robot_gazebo) StderrLine: {'line': b'\n'}
[1.328195] (robot_gazebo) StderrLine: {'line': b'\x1b[0m\n'}
[1.328243] (robot_gazebo) StdoutLine: {'line': b'-- Configuring incomplete, errors occurred!\n'}
[1.328298] (robot_gazebo) StdoutLine: {'line': b'See also "/root/Dojo/build/robot_gazebo/CMakeFiles/CMakeOutput.log".\n'}
[1.342770] (robot_gazebo) StderrLine: {'line': b'gmake: *** [Makefile:226: cmake_check_build_system] Error 1\n'}
[1.345228] (robot_gazebo) CommandEnded: {'returncode': 2}
[1.345475] (robot_gazebo) JobEnded: {'identifier': 'robot_gazebo', 'rc': 2}
[1.355717] (-) EventReactorShutdown: {}
