[3.444s] Invoking command in '/root/Dojo/build/arduino_bridge': PYTHONPATH=/root/Dojo/build/arduino_bridge/prefix_override:/usr/lib/python3/dist-packages/colcon_core/task/python/colcon_distutils_commands:/root/Dojo/install/arduino_bridge/lib/python3.10/site-packages:${PYTHONPATH} /usr/bin/python3 -W ignore:setup.py install is deprecated -W ignore:easy_install command is deprecated setup.py develop --editable --build-directory /root/Dojo/build/arduino_bridge/build --no-deps symlink_data
[3.847s] running develop
[4.122s] running egg_info
[4.122s] creating arduino_bridge.egg-info
[4.139s] writing arduino_bridge.egg-info/PKG-INFO
[4.139s] writing dependency_links to arduino_bridge.egg-info/dependency_links.txt
[4.139s] writing entry points to arduino_bridge.egg-info/entry_points.txt
[4.140s] writing requirements to arduino_bridge.egg-info/requires.txt
[4.140s] writing top-level names to arduino_bridge.egg-info/top_level.txt
[4.140s] writing manifest file 'arduino_bridge.egg-info/SOURCES.txt'
[4.176s] reading manifest file 'arduino_bridge.egg-info/SOURCES.txt'
[4.177s] writing manifest file 'arduino_bridge.egg-info/SOURCES.txt'
[4.197s] running build_ext
[4.197s] Creating /root/Dojo/install/arduino_bridge/lib/python3.10/site-packages/arduino-bridge.egg-link (link to .)
[4.197s] Installing arduino_bridge_node script to /root/Dojo/install/arduino_bridge/lib/arduino_bridge
[4.198s] Installing test_arduino_bridge script to /root/Dojo/install/arduino_bridge/lib/arduino_bridge
[4.198s] 
[4.198s] Installed /root/Dojo/build/arduino_bridge
[4.198s] running symlink_data
[4.198s] creating /root/Dojo/install/arduino_bridge/share/ament_index
[4.199s] creating /root/Dojo/install/arduino_bridge/share/ament_index/resource_index
[4.199s] creating /root/Dojo/install/arduino_bridge/share/ament_index/resource_index/packages
[4.199s] symbolically linking /root/Dojo/build/arduino_bridge/resource/arduino_bridge -> /root/Dojo/install/arduino_bridge/share/ament_index/resource_index/packages
[4.199s] symbolically linking /root/Dojo/build/arduino_bridge/package.xml -> /root/Dojo/install/arduino_bridge/share/arduino_bridge
[4.199s] creating /root/Dojo/install/arduino_bridge/share/arduino_bridge/launch
[4.199s] symbolically linking /root/Dojo/build/arduino_bridge/launch/arduino_bridge.launch.py -> /root/Dojo/install/arduino_bridge/share/arduino_bridge/launch
[4.199s] symbolically linking /root/Dojo/build/arduino_bridge/launch/test_arduino.launch.py -> /root/Dojo/install/arduino_bridge/share/arduino_bridge/launch
[4.200s] creating /root/Dojo/install/arduino_bridge/share/arduino_bridge/config
[4.200s] symbolically linking /root/Dojo/build/arduino_bridge/config/arduino_bridge_params.yaml -> /root/Dojo/install/arduino_bridge/share/arduino_bridge/config
[4.309s] Invoked command in '/root/Dojo/build/arduino_bridge' returned '0': PYTHONPATH=/root/Dojo/build/arduino_bridge/prefix_override:/usr/lib/python3/dist-packages/colcon_core/task/python/colcon_distutils_commands:/root/Dojo/install/arduino_bridge/lib/python3.10/site-packages:${PYTHONPATH} /usr/bin/python3 -W ignore:setup.py install is deprecated -W ignore:easy_install command is deprecated setup.py develop --editable --build-directory /root/Dojo/build/arduino_bridge/build --no-deps symlink_data
