[0.000000] (-) TimerEvent: {}
[0.000342] (-) JobUnselected: {'identifier': 'arduino_bridge'}
[0.000409] (-) JobUnselected: {'identifier': 'camera_ros'}
[0.000434] (-) JobUnselected: {'identifier': 'nv21_converter_pkg'}
[0.000454] (-) JobUnselected: {'identifier': 'robot_bringup'}
[0.000527] (-) JobUnselected: {'identifier': 'robot_control'}
[0.000581] (-) JobUnselected: {'identifier': 'robot_gazebo'}
[0.000602] (-) JobUnselected: {'identifier': 'robot_hardware'}
[0.000620] (-) JobUnselected: {'identifier': 'robot_interfaces'}
[0.000637] (-) JobUnselected: {'identifier': 'robot_launch'}
[0.000655] (-) JobUnselected: {'identifier': 'robot_navigation'}
[0.000671] (-) JobUnselected: {'identifier': 'robot_perception'}
[0.000688] (-) JobUnselected: {'identifier': 'robot_sensors'}
[0.000703] (-) JobUnselected: {'identifier': 'ros2arduino_bridge'}
[0.000720] (-) JobUnselected: {'identifier': 'vision_system'}
[0.000742] (robot_description) JobQueued: {'identifier': 'robot_description', 'dependencies': OrderedDict()}
[0.000786] (robot_description) JobStarted: {'identifier': 'robot_description'}
[0.013694] (robot_description) JobProgress: {'identifier': 'robot_description', 'progress': 'cmake'}
[0.014429] (robot_description) JobProgress: {'identifier': 'robot_description', 'progress': 'build'}
[0.015169] (robot_description) Command: {'cmd': ['/usr/bin/cmake', '--build', '/root/Dojo/build/robot_description', '--', '-j16', '-l16'], 'cwd': '/root/Dojo/build/robot_description', 'env': OrderedDict([('HOSTNAME', 'gareth-joel-HP-Pavilion-Gaming-Laptop-15-ec2xxx'), ('SHLVL', '0'), ('LD_LIBRARY_PATH', '/usr/lib/x86_64-linux-gnu/gazebo-11/plugins:/opt/ros/humble/opt/rviz_ogre_vendor/lib:/opt/ros/humble/lib/x86_64-linux-gnu:/opt/ros/humble/lib'), ('HOME', '/root'), ('OLDPWD', '/'), ('ROS_PYTHON_VERSION', '3'), ('ROS_DISTRO', 'humble'), ('_', '/usr/bin/colcon'), ('ROS_VERSION', '2'), ('TERM', 'xterm'), ('ROS_LOCALHOST_ONLY', '0'), ('QT_X11_NO_MITSHM', '1'), ('PATH', '/opt/ros/humble/bin:/usr/local/sbin:/usr/local/bin:/usr/sbin:/usr/bin:/sbin:/bin'), ('DISPLAY', ':0'), ('LANG', 'C.UTF-8'), ('AMENT_PREFIX_PATH', '/opt/ros/humble'), ('PWD', '/root/Dojo/build/robot_description'), ('LC_ALL', 'C.UTF-8'), ('PYTHONPATH', '/opt/ros/humble/lib/python3.10/site-packages:/opt/ros/humble/local/lib/python3.10/dist-packages'), ('COLCON', '1'), ('CMAKE_PREFIX_PATH', '/opt/ros/humble')]), 'shell': False}
[0.099339] (-) TimerEvent: {}
[0.115733] (robot_description) StdoutLine: {'line': b'Built target ament_cmake_python_symlink_robot_description\n'}
[0.199396] (-) TimerEvent: {}
[0.299635] (-) TimerEvent: {}
[0.399835] (-) TimerEvent: {}
[0.457229] (robot_description) StdoutLine: {'line': b'running egg_info\n'}
[0.472016] (robot_description) StdoutLine: {'line': b'writing robot_description.egg-info/PKG-INFO\n'}
[0.472301] (robot_description) StdoutLine: {'line': b'writing dependency_links to robot_description.egg-info/dependency_links.txt\n'}
[0.472582] (robot_description) StdoutLine: {'line': b'writing top-level names to robot_description.egg-info/top_level.txt\n'}
[0.499909] (-) TimerEvent: {}
[0.516217] (robot_description) StdoutLine: {'line': b"reading manifest file 'robot_description.egg-info/SOURCES.txt'\n"}
[0.516760] (robot_description) StdoutLine: {'line': b"writing manifest file 'robot_description.egg-info/SOURCES.txt'\n"}
[0.565964] (robot_description) StdoutLine: {'line': b'Built target ament_cmake_python_build_robot_description_egg\n'}
[0.579651] (robot_description) CommandEnded: {'returncode': 0}
[0.580388] (robot_description) JobProgress: {'identifier': 'robot_description', 'progress': 'install'}
[0.591369] (robot_description) Command: {'cmd': ['/usr/bin/cmake', '--install', '/root/Dojo/build/robot_description'], 'cwd': '/root/Dojo/build/robot_description', 'env': OrderedDict([('HOSTNAME', 'gareth-joel-HP-Pavilion-Gaming-Laptop-15-ec2xxx'), ('SHLVL', '0'), ('LD_LIBRARY_PATH', '/usr/lib/x86_64-linux-gnu/gazebo-11/plugins:/opt/ros/humble/opt/rviz_ogre_vendor/lib:/opt/ros/humble/lib/x86_64-linux-gnu:/opt/ros/humble/lib'), ('HOME', '/root'), ('OLDPWD', '/'), ('ROS_PYTHON_VERSION', '3'), ('ROS_DISTRO', 'humble'), ('_', '/usr/bin/colcon'), ('ROS_VERSION', '2'), ('TERM', 'xterm'), ('ROS_LOCALHOST_ONLY', '0'), ('QT_X11_NO_MITSHM', '1'), ('PATH', '/opt/ros/humble/bin:/usr/local/sbin:/usr/local/bin:/usr/sbin:/usr/bin:/sbin:/bin'), ('DISPLAY', ':0'), ('LANG', 'C.UTF-8'), ('AMENT_PREFIX_PATH', '/opt/ros/humble'), ('PWD', '/root/Dojo/build/robot_description'), ('LC_ALL', 'C.UTF-8'), ('PYTHONPATH', '/opt/ros/humble/lib/python3.10/site-packages:/opt/ros/humble/local/lib/python3.10/dist-packages'), ('COLCON', '1'), ('CMAKE_PREFIX_PATH', '/opt/ros/humble')]), 'shell': False}
[0.599548] (robot_description) StdoutLine: {'line': b'-- Install configuration: ""\n'}
[0.599971] (-) TimerEvent: {}
[0.600310] (robot_description) StdoutLine: {'line': b'-- Execute custom install script\n'}
[0.600780] (robot_description) StdoutLine: {'line': b'-- Up-to-date symlink: /root/Dojo/install/robot_description/share/robot_description/launch/display.launch.py\n'}
[0.600944] (robot_description) StdoutLine: {'line': b'-- Up-to-date symlink: /root/Dojo/install/robot_description/share/robot_description/launch/robot_state_publisher.launch.py\n'}
[0.601185] (robot_description) StdoutLine: {'line': b'-- Up-to-date symlink: /root/Dojo/install/robot_description/share/robot_description/urdf/common_properties.xacro\n'}
[0.601282] (robot_description) StdoutLine: {'line': b'-- Up-to-date symlink: /root/Dojo/install/robot_description/share/robot_description/urdf/dojo_robot.gazebo\n'}
[0.601372] (robot_description) StdoutLine: {'line': b'-- Up-to-date symlink: /root/Dojo/install/robot_description/share/robot_description/urdf/dojo_robot.urdf.xacro\n'}
[0.601477] (robot_description) StdoutLine: {'line': b'-- Up-to-date symlink: /root/Dojo/install/robot_description/share/robot_description/urdf/robot.urdf\n'}
[0.601589] (robot_description) StdoutLine: {'line': b'-- Up-to-date symlink: /root/Dojo/install/robot_description/share/robot_description/urdf/robot.urdf.xacro\n'}
[0.601670] (robot_description) StdoutLine: {'line': b'-- Up-to-date symlink: /root/Dojo/install/robot_description/share/robot_description/urdf/sensors/rplidar.urdf.xacro\n'}
[0.601902] (robot_description) StdoutLine: {'line': b'-- Up-to-date symlink: /root/Dojo/install/robot_description/share/robot_description/rviz/display.rviz\n'}
[0.601996] (robot_description) StdoutLine: {'line': b'-- Up-to-date symlink: /root/Dojo/install/robot_description/share/robot_description/rviz/robot.rviz\n'}
[0.602239] (robot_description) StdoutLine: {'line': b'-- Up-to-date symlink: /root/Dojo/install/robot_description/share/robot_description/environment/pythonpath.sh\n'}
[0.602404] (robot_description) StdoutLine: {'line': b'-- Up-to-date symlink: /root/Dojo/install/robot_description/share/robot_description/environment/pythonpath.dsv\n'}
[0.602610] (robot_description) StdoutLine: {'line': b'-- Up-to-date symlink: /root/Dojo/install/robot_description/local/lib/python3.10/dist-packages/robot_description-0.0.1-py3.10.egg-info/PKG-INFO\n'}
[0.602725] (robot_description) StdoutLine: {'line': b'-- Up-to-date symlink: /root/Dojo/install/robot_description/local/lib/python3.10/dist-packages/robot_description-0.0.1-py3.10.egg-info/SOURCES.txt\n'}
[0.602845] (robot_description) StdoutLine: {'line': b'-- Up-to-date symlink: /root/Dojo/install/robot_description/local/lib/python3.10/dist-packages/robot_description-0.0.1-py3.10.egg-info/dependency_links.txt\n'}
[0.602957] (robot_description) StdoutLine: {'line': b'-- Up-to-date symlink: /root/Dojo/install/robot_description/local/lib/python3.10/dist-packages/robot_description-0.0.1-py3.10.egg-info/top_level.txt\n'}
[0.603212] (robot_description) StdoutLine: {'line': b'-- Up-to-date symlink: /root/Dojo/install/robot_description/local/lib/python3.10/dist-packages/robot_description/__init__.py\n'}
[0.603328] (robot_description) StdoutLine: {'line': b'-- Up-to-date symlink: /root/Dojo/install/robot_description/lib/robot_description/display_robot.py\n'}
[0.603494] (robot_description) StdoutLine: {'line': b'-- Up-to-date symlink: /root/Dojo/install/robot_description/share/ament_index/resource_index/package_run_dependencies/robot_description\n'}
[0.603642] (robot_description) StdoutLine: {'line': b'-- Up-to-date symlink: /root/Dojo/install/robot_description/share/ament_index/resource_index/parent_prefix_path/robot_description\n'}
[0.603798] (robot_description) StdoutLine: {'line': b'-- Up-to-date symlink: /root/Dojo/install/robot_description/share/robot_description/environment/ament_prefix_path.sh\n'}
[0.603957] (robot_description) StdoutLine: {'line': b'-- Up-to-date symlink: /root/Dojo/install/robot_description/share/robot_description/environment/ament_prefix_path.dsv\n'}
[0.604077] (robot_description) StdoutLine: {'line': b'-- Up-to-date symlink: /root/Dojo/install/robot_description/share/robot_description/environment/path.sh\n'}
[0.604202] (robot_description) StdoutLine: {'line': b'-- Up-to-date symlink: /root/Dojo/install/robot_description/share/robot_description/environment/path.dsv\n'}
[0.604368] (robot_description) StdoutLine: {'line': b'-- Up-to-date symlink: /root/Dojo/install/robot_description/share/robot_description/local_setup.bash\n'}
[0.604491] (robot_description) StdoutLine: {'line': b'-- Up-to-date symlink: /root/Dojo/install/robot_description/share/robot_description/local_setup.sh\n'}
[0.604626] (robot_description) StdoutLine: {'line': b'-- Up-to-date symlink: /root/Dojo/install/robot_description/share/robot_description/local_setup.zsh\n'}
[0.604739] (robot_description) StdoutLine: {'line': b'-- Up-to-date symlink: /root/Dojo/install/robot_description/share/robot_description/local_setup.dsv\n'}
[0.604878] (robot_description) StdoutLine: {'line': b'-- Symlinking: /root/Dojo/install/robot_description/share/robot_description/package.dsv\n'}
[0.616511] (robot_description) StdoutLine: {'line': b'-- Up-to-date symlink: /root/Dojo/install/robot_description/share/ament_index/resource_index/packages/robot_description\n'}
[0.616689] (robot_description) StdoutLine: {'line': b'-- Up-to-date symlink: /root/Dojo/install/robot_description/share/robot_description/cmake/robot_descriptionConfig.cmake\n'}
[0.616805] (robot_description) StdoutLine: {'line': b'-- Up-to-date symlink: /root/Dojo/install/robot_description/share/robot_description/cmake/robot_descriptionConfig-version.cmake\n'}
[0.616888] (robot_description) StdoutLine: {'line': b'-- Up-to-date symlink: /root/Dojo/install/robot_description/share/robot_description/package.xml\n'}
[0.616958] (robot_description) StdoutLine: {'line': b'-- Up-to-date: /root/Dojo/install/robot_description/share/robot_description\n'}
[0.617031] (robot_description) StdoutLine: {'line': b'-- Up-to-date: /root/Dojo/install/robot_description/share/robot_description/urdf\n'}
[0.617122] (robot_description) StdoutLine: {'line': b'-- Up-to-date: /root/Dojo/install/robot_description/share/robot_description/urdf/sensors\n'}
[0.617226] (robot_description) StdoutLine: {'line': b'-- Up-to-date: /root/Dojo/install/robot_description/share/robot_description/rviz\n'}
[0.617319] (robot_description) StdoutLine: {'line': b'-- Up-to-date: /root/Dojo/install/robot_description/share/robot_description/src\n'}
[0.617421] (robot_description) StdoutLine: {'line': b'-- Up-to-date: /root/Dojo/install/robot_description/share/robot_description/src/robot_description\n'}
[0.617512] (robot_description) StdoutLine: {'line': b'-- Up-to-date: /root/Dojo/install/robot_description/share/robot_description/robot_description\n'}
[0.617575] (robot_description) StdoutLine: {'line': b'-- Up-to-date: /root/Dojo/install/robot_description/share/robot_description/robot_description/robot_description\n'}
[0.617637] (robot_description) StdoutLine: {'line': b'-- Up-to-date: /root/Dojo/install/robot_description/share/robot_description/scripts\n'}
[0.617699] (robot_description) StdoutLine: {'line': b'-- Up-to-date: /root/Dojo/install/robot_description/share/robot_description/resource\n'}
[0.617760] (robot_description) StdoutLine: {'line': b'-- Up-to-date: /root/Dojo/install/robot_description/share/robot_description/launch\n'}
[0.617834] (robot_description) StdoutLine: {'line': b'-- Up-to-date: /root/Dojo/install/robot_description/share/robot_description/config\n'}
[0.617904] (robot_description) StdoutLine: {'line': b'-- Up-to-date: /root/Dojo/install/robot_description/lib/robot_description/robot_description\n'}
[0.617965] (robot_description) StdoutLine: {'line': b'-- Up-to-date: /root/Dojo/install/robot_description/lib/robot_description/robot_description/__init__.py\n'}
[0.647449] (robot_description) StdoutLine: {'line': b"Listing '/root/Dojo/install/robot_description/local/lib/python3.10/dist-packages/robot_description'...\n"}
[0.654327] (robot_description) CommandEnded: {'returncode': 0}
[0.675689] (robot_description) JobEnded: {'identifier': 'robot_description', 'rc': 0}
[0.676409] (-) EventReactorShutdown: {}
