[0.000000] (-) TimerEvent: {}
[0.000420] (-) JobUnselected: {'identifier': 'arduino_bridge'}
[0.000537] (-) JobUnselected: {'identifier': 'camera_ros'}
[0.000659] (-) JobUnselected: {'identifier': 'nv21_converter_pkg'}
[0.000823] (-) JobUnselected: {'identifier': 'robot_control'}
[0.000908] (-) JobUnselected: {'identifier': 'robot_description'}
[0.000940] (-) JobUnselected: {'identifier': 'robot_gazebo'}
[0.000957] (-) JobUnselected: {'identifier': 'robot_hardware'}
[0.000975] (-) JobUnselected: {'identifier': 'robot_interfaces'}
[0.000992] (-) JobUnselected: {'identifier': 'robot_launch'}
[0.001007] (-) JobUnselected: {'identifier': 'robot_navigation'}
[0.001020] (-) JobUnselected: {'identifier': 'robot_perception'}
[0.001032] (-) JobUnselected: {'identifier': 'robot_sensors'}
[0.001045] (-) JobUnselected: {'identifier': 'ros2arduino_bridge'}
[0.001057] (-) JobUnselected: {'identifier': 'vision_system'}
[0.001077] (robot_bringup) JobQueued: {'identifier': 'robot_bringup', 'dependencies': OrderedDict([('robot_control', '/root/Dojo/install/robot_control'), ('robot_description', '/root/Dojo/install/robot_description'), ('robot_hardware', '/root/Dojo/install/robot_hardware'), ('robot_navigation', '/root/Dojo/install/robot_navigation'), ('robot_perception', '/root/Dojo/install/robot_perception')])}
[0.001132] (robot_bringup) JobStarted: {'identifier': 'robot_bringup'}
[0.020089] (robot_bringup) JobProgress: {'identifier': 'robot_bringup', 'progress': 'cmake'}
[0.020803] (robot_bringup) JobProgress: {'identifier': 'robot_bringup', 'progress': 'build'}
[0.021394] (robot_bringup) Command: {'cmd': ['/usr/bin/cmake', '--build', '/root/Dojo/build/robot_bringup', '--', '-j16', '-l16'], 'cwd': '/root/Dojo/build/robot_bringup', 'env': OrderedDict([('HOSTNAME', 'gareth-joel-HP-Pavilion-Gaming-Laptop-15-ec2xxx'), ('SHLVL', '0'), ('LD_LIBRARY_PATH', '/root/Dojo/install/robot_interfaces/lib:/root/Dojo/install/camera_ros/lib:/usr/lib/x86_64-linux-gnu/gazebo-11/plugins:/opt/ros/humble/opt/rviz_ogre_vendor/lib:/opt/ros/humble/lib/x86_64-linux-gnu:/opt/ros/humble/lib'), ('HOME', '/root'), ('OLDPWD', '/'), ('ROS_PYTHON_VERSION', '3'), ('COLCON_PREFIX_PATH', '/root/Dojo/install'), ('ROS_DISTRO', 'humble'), ('_', '/usr/bin/colcon'), ('ROS_VERSION', '2'), ('TERM', 'xterm'), ('ROS_LOCALHOST_ONLY', '0'), ('QT_X11_NO_MITSHM', '1'), ('PATH', '/root/Dojo/install/robot_perception/bin:/opt/ros/humble/bin:/usr/local/sbin:/usr/local/bin:/usr/sbin:/usr/bin:/sbin:/bin'), ('DISPLAY', ':0'), ('LANG', 'C.UTF-8'), ('AMENT_PREFIX_PATH', '/root/Dojo/install/robot_perception:/root/Dojo/install/robot_hardware:/root/Dojo/install/robot_control:/root/Dojo/install/vision_system:/root/Dojo/install/robot_launch:/root/Dojo/install/ros2arduino_bridge:/root/Dojo/install/robot_sensors:/root/Dojo/install/robot_bringup:/root/Dojo/install/robot_navigation:/root/Dojo/install/robot_interfaces:/root/Dojo/install/robot_description:/root/Dojo/install/nv21_converter_pkg:/root/Dojo/install/camera_ros:/root/Dojo/install/articubot_one:/root/Dojo/install/arduino_bridge:/opt/ros/humble'), ('PWD', '/root/Dojo/build/robot_bringup'), ('LC_ALL', 'C.UTF-8'), ('PYTHONPATH', '/root/Dojo/build/robot_perception:/root/Dojo/install/robot_perception/lib/python3.10/site-packages:/root/Dojo/build/robot_hardware:/root/Dojo/install/robot_hardware/lib/python3.10/site-packages:/root/Dojo/build/robot_control:/root/Dojo/install/robot_control/lib/python3.10/site-packages:/root/Dojo/build/vision_system:/root/Dojo/install/vision_system/lib/python3.10/site-packages:/root/Dojo/build/robot_launch:/root/Dojo/install/robot_launch/lib/python3.10/site-packages:/root/Dojo/build/ros2arduino_bridge:/root/Dojo/install/ros2arduino_bridge/lib/python3.10/site-packages:/root/Dojo/build/robot_sensors:/root/Dojo/install/robot_sensors/lib/python3.10/site-packages:/root/Dojo/install/robot_interfaces/local/lib/python3.10/dist-packages:/root/Dojo/install/robot_description/local/lib/python3.10/dist-packages:/root/Dojo/build/nv21_converter_pkg:/root/Dojo/install/nv21_converter_pkg/lib/python3.10/site-packages:/root/Dojo/build/arduino_bridge:/root/Dojo/install/arduino_bridge/lib/python3.10/site-packages:/opt/ros/humble/lib/python3.10/site-packages:/opt/ros/humble/local/lib/python3.10/dist-packages'), ('COLCON', '1'), ('CMAKE_PREFIX_PATH', '/root/Dojo/install/robot_navigation:/root/Dojo/install/robot_description:/root/Dojo/install/robot_bringup:/root/Dojo/install/robot_interfaces:/root/Dojo/install/robot_gazebo:/root/Dojo/install/camera_ros:/root/Dojo/install/articubot_one:/root/Dojo/install/vision_system:/root/Dojo/install/robot_launch:/root/Dojo/install/ros2arduino_bridge:/root/Dojo/install/robot_sensors:/root/Dojo/install/robot_perception:/root/Dojo/install/robot_hardware:/root/Dojo/install/robot_control:/root/Dojo/install/nv21_converter_pkg:/root/Dojo/install/arduino_bridge:/opt/ros/humble')]), 'shell': False}
[0.095609] (robot_bringup) CommandEnded: {'returncode': 0}
[0.096341] (robot_bringup) JobProgress: {'identifier': 'robot_bringup', 'progress': 'install'}
[0.099805] (-) TimerEvent: {}
[0.106414] (robot_bringup) Command: {'cmd': ['/usr/bin/cmake', '--install', '/root/Dojo/build/robot_bringup'], 'cwd': '/root/Dojo/build/robot_bringup', 'env': OrderedDict([('HOSTNAME', 'gareth-joel-HP-Pavilion-Gaming-Laptop-15-ec2xxx'), ('SHLVL', '0'), ('LD_LIBRARY_PATH', '/root/Dojo/install/robot_interfaces/lib:/root/Dojo/install/camera_ros/lib:/usr/lib/x86_64-linux-gnu/gazebo-11/plugins:/opt/ros/humble/opt/rviz_ogre_vendor/lib:/opt/ros/humble/lib/x86_64-linux-gnu:/opt/ros/humble/lib'), ('HOME', '/root'), ('OLDPWD', '/'), ('ROS_PYTHON_VERSION', '3'), ('COLCON_PREFIX_PATH', '/root/Dojo/install'), ('ROS_DISTRO', 'humble'), ('_', '/usr/bin/colcon'), ('ROS_VERSION', '2'), ('TERM', 'xterm'), ('ROS_LOCALHOST_ONLY', '0'), ('QT_X11_NO_MITSHM', '1'), ('PATH', '/root/Dojo/install/robot_perception/bin:/opt/ros/humble/bin:/usr/local/sbin:/usr/local/bin:/usr/sbin:/usr/bin:/sbin:/bin'), ('DISPLAY', ':0'), ('LANG', 'C.UTF-8'), ('AMENT_PREFIX_PATH', '/root/Dojo/install/robot_perception:/root/Dojo/install/robot_hardware:/root/Dojo/install/robot_control:/root/Dojo/install/vision_system:/root/Dojo/install/robot_launch:/root/Dojo/install/ros2arduino_bridge:/root/Dojo/install/robot_sensors:/root/Dojo/install/robot_bringup:/root/Dojo/install/robot_navigation:/root/Dojo/install/robot_interfaces:/root/Dojo/install/robot_description:/root/Dojo/install/nv21_converter_pkg:/root/Dojo/install/camera_ros:/root/Dojo/install/articubot_one:/root/Dojo/install/arduino_bridge:/opt/ros/humble'), ('PWD', '/root/Dojo/build/robot_bringup'), ('LC_ALL', 'C.UTF-8'), ('PYTHONPATH', '/root/Dojo/build/robot_perception:/root/Dojo/install/robot_perception/lib/python3.10/site-packages:/root/Dojo/build/robot_hardware:/root/Dojo/install/robot_hardware/lib/python3.10/site-packages:/root/Dojo/build/robot_control:/root/Dojo/install/robot_control/lib/python3.10/site-packages:/root/Dojo/build/vision_system:/root/Dojo/install/vision_system/lib/python3.10/site-packages:/root/Dojo/build/robot_launch:/root/Dojo/install/robot_launch/lib/python3.10/site-packages:/root/Dojo/build/ros2arduino_bridge:/root/Dojo/install/ros2arduino_bridge/lib/python3.10/site-packages:/root/Dojo/build/robot_sensors:/root/Dojo/install/robot_sensors/lib/python3.10/site-packages:/root/Dojo/install/robot_interfaces/local/lib/python3.10/dist-packages:/root/Dojo/install/robot_description/local/lib/python3.10/dist-packages:/root/Dojo/build/nv21_converter_pkg:/root/Dojo/install/nv21_converter_pkg/lib/python3.10/site-packages:/root/Dojo/build/arduino_bridge:/root/Dojo/install/arduino_bridge/lib/python3.10/site-packages:/opt/ros/humble/lib/python3.10/site-packages:/opt/ros/humble/local/lib/python3.10/dist-packages'), ('COLCON', '1'), ('CMAKE_PREFIX_PATH', '/root/Dojo/install/robot_navigation:/root/Dojo/install/robot_description:/root/Dojo/install/robot_bringup:/root/Dojo/install/robot_interfaces:/root/Dojo/install/robot_gazebo:/root/Dojo/install/camera_ros:/root/Dojo/install/articubot_one:/root/Dojo/install/vision_system:/root/Dojo/install/robot_launch:/root/Dojo/install/ros2arduino_bridge:/root/Dojo/install/robot_sensors:/root/Dojo/install/robot_perception:/root/Dojo/install/robot_hardware:/root/Dojo/install/robot_control:/root/Dojo/install/nv21_converter_pkg:/root/Dojo/install/arduino_bridge:/opt/ros/humble')]), 'shell': False}
[0.115531] (robot_bringup) StdoutLine: {'line': b'-- Install configuration: ""\n'}
[0.116828] (robot_bringup) StdoutLine: {'line': b'-- Execute custom install script\n'}
[0.117424] (robot_bringup) StdoutLine: {'line': b'-- Up-to-date symlink: /root/Dojo/install/robot_bringup/share/robot_bringup/launch/bringup.launch.py\n'}
[0.117552] (robot_bringup) StdoutLine: {'line': b'-- Up-to-date symlink: /root/Dojo/install/robot_bringup/share/robot_bringup/launch/modified_bringup.launch.py\n'}
[0.117682] (robot_bringup) StdoutLine: {'line': b'-- Symlinking: /root/Dojo/install/robot_bringup/share/robot_bringup/launch/simulation.launch.py\n'}
[0.127723] (robot_bringup) StdoutLine: {'line': b'-- Up-to-date symlink: /root/Dojo/install/robot_bringup/share/ament_index/resource_index/package_run_dependencies/robot_bringup\n'}
[0.127940] (robot_bringup) StdoutLine: {'line': b'-- Up-to-date symlink: /root/Dojo/install/robot_bringup/share/ament_index/resource_index/parent_prefix_path/robot_bringup\n'}
[0.128150] (robot_bringup) StdoutLine: {'line': b'-- Up-to-date symlink: /root/Dojo/install/robot_bringup/share/robot_bringup/environment/ament_prefix_path.sh\n'}
[0.128374] (robot_bringup) StdoutLine: {'line': b'-- Up-to-date symlink: /root/Dojo/install/robot_bringup/share/robot_bringup/environment/ament_prefix_path.dsv\n'}
[0.128594] (robot_bringup) StdoutLine: {'line': b'-- Up-to-date symlink: /root/Dojo/install/robot_bringup/share/robot_bringup/environment/path.sh\n'}
[0.128772] (robot_bringup) StdoutLine: {'line': b'-- Up-to-date symlink: /root/Dojo/install/robot_bringup/share/robot_bringup/environment/path.dsv\n'}
[0.128937] (robot_bringup) StdoutLine: {'line': b'-- Up-to-date symlink: /root/Dojo/install/robot_bringup/share/robot_bringup/local_setup.bash\n'}
[0.129104] (robot_bringup) StdoutLine: {'line': b'-- Up-to-date symlink: /root/Dojo/install/robot_bringup/share/robot_bringup/local_setup.sh\n'}
[0.129285] (robot_bringup) StdoutLine: {'line': b'-- Up-to-date symlink: /root/Dojo/install/robot_bringup/share/robot_bringup/local_setup.zsh\n'}
[0.129446] (robot_bringup) StdoutLine: {'line': b'-- Up-to-date symlink: /root/Dojo/install/robot_bringup/share/robot_bringup/local_setup.dsv\n'}
[0.129563] (robot_bringup) StdoutLine: {'line': b'-- Symlinking: /root/Dojo/install/robot_bringup/share/robot_bringup/package.dsv\n'}
[0.143270] (robot_bringup) StdoutLine: {'line': b'-- Up-to-date symlink: /root/Dojo/install/robot_bringup/share/ament_index/resource_index/packages/robot_bringup\n'}
[0.143494] (robot_bringup) StdoutLine: {'line': b'-- Up-to-date symlink: /root/Dojo/install/robot_bringup/share/robot_bringup/cmake/robot_bringupConfig.cmake\n'}
[0.143610] (robot_bringup) StdoutLine: {'line': b'-- Up-to-date symlink: /root/Dojo/install/robot_bringup/share/robot_bringup/cmake/robot_bringupConfig-version.cmake\n'}
[0.143735] (robot_bringup) StdoutLine: {'line': b'-- Up-to-date symlink: /root/Dojo/install/robot_bringup/share/robot_bringup/package.xml\n'}
[0.145794] (robot_bringup) CommandEnded: {'returncode': 0}
[0.163554] (robot_bringup) JobEnded: {'identifier': 'robot_bringup', 'rc': 0}
[0.164194] (-) EventReactorShutdown: {}
