Built target ament_cmake_python_symlink_robot_perception
running egg_info
writing robot_perception.egg-info/PKG-INFO
writing dependency_links to robot_perception.egg-info/dependency_links.txt
writing top-level names to robot_perception.egg-info/top_level.txt
reading manifest file 'robot_perception.egg-info/SOURCES.txt'
writing manifest file 'robot_perception.egg-info/SOURCES.txt'
Built target ament_cmake_python_build_robot_perception_egg
-- Install configuration: ""
-- Execute custom install script
-- Up-to-date symlink: /root/Dojo/install/robot_perception/share/robot_perception/environment/pythonpath.sh
-- Up-to-date symlink: /root/Dojo/install/robot_perception/share/robot_perception/environment/pythonpath.dsv
-- Up-to-date symlink: /root/Dojo/install/robot_perception/local/lib/python3.10/dist-packages/robot_perception-0.0.1-py3.10.egg-info/PKG-INFO
-- Up-to-date symlink: /root/Dojo/install/robot_perception/local/lib/python3.10/dist-packages/robot_perception-0.0.1-py3.10.egg-info/SOURCES.txt
-- Up-to-date symlink: /root/Dojo/install/robot_perception/local/lib/python3.10/dist-packages/robot_perception-0.0.1-py3.10.egg-info/dependency_links.txt
-- Up-to-date symlink: /root/Dojo/install/robot_perception/local/lib/python3.10/dist-packages/robot_perception-0.0.1-py3.10.egg-info/top_level.txt
-- Up-to-date symlink: /root/Dojo/install/robot_perception/local/lib/python3.10/dist-packages/robot_perception/__init__.py
-- Up-to-date symlink: /root/Dojo/install/robot_perception/share/robot_perception/launch/perception.launch.py
-- Up-to-date symlink: /root/Dojo/install/robot_perception/share/robot_perception/launch/robot_perception.launch.py
-- Up-to-date symlink: /root/Dojo/install/robot_perception/share/robot_perception/config/robot_perception_params.yaml
-- Up-to-date symlink: /root/Dojo/install/robot_perception/share/ament_index/resource_index/package_run_dependencies/robot_perception
-- Up-to-date symlink: /root/Dojo/install/robot_perception/share/ament_index/resource_index/parent_prefix_path/robot_perception
-- Up-to-date symlink: /root/Dojo/install/robot_perception/share/robot_perception/environment/ament_prefix_path.sh
-- Up-to-date symlink: /root/Dojo/install/robot_perception/share/robot_perception/environment/ament_prefix_path.dsv
-- Up-to-date symlink: /root/Dojo/install/robot_perception/share/robot_perception/environment/path.sh
-- Up-to-date symlink: /root/Dojo/install/robot_perception/share/robot_perception/environment/path.dsv
-- Up-to-date symlink: /root/Dojo/install/robot_perception/share/robot_perception/local_setup.bash
-- Up-to-date symlink: /root/Dojo/install/robot_perception/share/robot_perception/local_setup.sh
-- Up-to-date symlink: /root/Dojo/install/robot_perception/share/robot_perception/local_setup.zsh
-- Up-to-date symlink: /root/Dojo/install/robot_perception/share/robot_perception/local_setup.dsv
-- Symlinking: /root/Dojo/install/robot_perception/share/robot_perception/package.dsv
-- Up-to-date symlink: /root/Dojo/install/robot_perception/share/ament_index/resource_index/packages/robot_perception
-- Up-to-date symlink: /root/Dojo/install/robot_perception/share/robot_perception/cmake/robot_perceptionConfig.cmake
-- Up-to-date symlink: /root/Dojo/install/robot_perception/share/robot_perception/cmake/robot_perceptionConfig-version.cmake
-- Up-to-date symlink: /root/Dojo/install/robot_perception/share/robot_perception/package.xml
Listing '/root/Dojo/install/robot_perception/local/lib/python3.10/dist-packages/robot_perception'...
