[0.647s] Invoking command in '/root/Dojo/build/arduino_bridge': PYTHONPATH=/root/Dojo/build/arduino_bridge/prefix_override:/usr/lib/python3/dist-packages/colcon_core/task/python/colcon_distutils_commands:/root/Dojo/install/arduino_bridge/lib/python3.10/site-packages:${PYTHONPATH} /usr/bin/python3 -W ignore:setup.py install is deprecated -W ignore:easy_install command is deprecated setup.py develop --editable --build-directory /root/Dojo/build/arduino_bridge/build --no-deps symlink_data
[0.784s] /usr/local/lib/python3.10/dist-packages/setuptools/_distutils/dist.py:289: UserWarning: Unknown distribution option: 'tests_require'
[0.785s]   warnings.warn(msg)
[0.926s] running develop
[0.940s] Traceback (most recent call last):
[0.940s]   File "/root/Dojo/build/arduino_bridge/setup.py", line 18, in <module>
[0.940s]     setup(
[0.940s]   File "/usr/local/lib/python3.10/dist-packages/setuptools/__init__.py", line 117, in setup
[0.940s]     return distutils.core.setup(**attrs)
[0.940s]   File "/usr/local/lib/python3.10/dist-packages/setuptools/_distutils/core.py", line 186, in setup
[0.940s]     return run_commands(dist)
[0.941s]   File "/usr/local/lib/python3.10/dist-packages/setuptools/_distutils/core.py", line 202, in run_commands
[0.941s]     dist.run_commands()
[0.941s]   File "/usr/local/lib/python3.10/dist-packages/setuptools/_distutils/dist.py", line 1002, in run_commands
[0.941s]     self.run_command(cmd)
[0.941s]   File "/usr/local/lib/python3.10/dist-packages/setuptools/dist.py", line 1104, in run_command
[0.941s]     super().run_command(command)
[0.941s]   File "/usr/local/lib/python3.10/dist-packages/setuptools/_distutils/dist.py", line 1020, in run_command
[0.941s]     cmd_obj.ensure_finalized()
[0.941s]   File "/usr/local/lib/python3.10/dist-packages/setuptools/_distutils/cmd.py", line 135, in ensure_finalized
[0.941s]     self.finalize_options()
[0.941s]   File "/usr/local/lib/python3.10/dist-packages/setuptools/command/develop.py", line 51, in finalize_options
[0.941s]     easy_install.finalize_options(self)
[0.941s]   File "/usr/local/lib/python3.10/dist-packages/setuptools/command/easy_install.py", line 251, in finalize_options
[0.941s]     'dist_fullname': self.distribution.get_fullname(),
[0.942s]   File "/usr/local/lib/python3.10/dist-packages/setuptools/_core_metadata.py", line 275, in get_fullname
[0.942s]     return _distribution_fullname(self.get_name(), self.get_version())
[0.942s]   File "/usr/local/lib/python3.10/dist-packages/setuptools/_core_metadata.py", line 293, in _distribution_fullname
[0.942s]     canonicalize_version(version, strip_trailing_zero=False),
[0.942s] TypeError: canonicalize_version() got an unexpected keyword argument 'strip_trailing_zero'
[0.964s] Invoked command in '/root/Dojo/build/arduino_bridge' returned '1': PYTHONPATH=/root/Dojo/build/arduino_bridge/prefix_override:/usr/lib/python3/dist-packages/colcon_core/task/python/colcon_distutils_commands:/root/Dojo/install/arduino_bridge/lib/python3.10/site-packages:${PYTHONPATH} /usr/bin/python3 -W ignore:setup.py install is deprecated -W ignore:easy_install command is deprecated setup.py develop --editable --build-directory /root/Dojo/build/arduino_bridge/build --no-deps symlink_data
