[0.000000] (-) TimerEvent: {}
[0.000502] (-) JobUnselected: {'identifier': 'arduino_bridge'}
[0.000556] (-) JobUnselected: {'identifier': 'camera_ros'}
[0.000588] (-) JobUnselected: {'identifier': 'nv21_converter_pkg'}
[0.000613] (-) JobUnselected: {'identifier': 'robot_bringup'}
[0.000637] (-) JobUnselected: {'identifier': 'robot_control'}
[0.000789] (-) JobUnselected: {'identifier': 'robot_gazebo'}
[0.001033] (-) JobUnselected: {'identifier': 'robot_hardware'}
[0.001098] (-) JobUnselected: {'identifier': 'robot_interfaces'}
[0.001147] (-) JobUnselected: {'identifier': 'robot_launch'}
[0.001193] (-) JobUnselected: {'identifier': 'robot_navigation'}
[0.001236] (-) JobUnselected: {'identifier': 'robot_perception'}
[0.001278] (-) JobUnselected: {'identifier': 'robot_sensors'}
[0.001320] (-) JobUnselected: {'identifier': 'ros2arduino_bridge'}
[0.001361] (-) JobUnselected: {'identifier': 'vision_system'}
[0.001397] (robot_description) JobQueued: {'identifier': 'robot_description', 'dependencies': OrderedDict()}
[0.001420] (robot_description) JobStarted: {'identifier': 'robot_description'}
[0.013774] (robot_description) JobProgress: {'identifier': 'robot_description', 'progress': 'cmake'}
[0.014750] (robot_description) Command: {'cmd': ['/usr/bin/cmake', '/root/Dojo/src/robot_description', '-DCMAKE_INSTALL_PREFIX=/root/Dojo/install/robot_description'], 'cwd': '/root/Dojo/build/robot_description', 'env': OrderedDict([('HOSTNAME', 'gareth-joel-HP-Pavilion-Gaming-Laptop-15-ec2xxx'), ('SHLVL', '0'), ('LD_LIBRARY_PATH', '/usr/lib/x86_64-linux-gnu/gazebo-11/plugins:/opt/ros/humble/opt/rviz_ogre_vendor/lib:/opt/ros/humble/lib/x86_64-linux-gnu:/opt/ros/humble/lib'), ('HOME', '/root'), ('OLDPWD', '/'), ('ROS_PYTHON_VERSION', '3'), ('ROS_DISTRO', 'humble'), ('_', '/usr/bin/colcon'), ('ROS_VERSION', '2'), ('TERM', 'xterm'), ('ROS_LOCALHOST_ONLY', '0'), ('QT_X11_NO_MITSHM', '1'), ('PATH', '/opt/ros/humble/bin:/usr/local/sbin:/usr/local/bin:/usr/sbin:/usr/bin:/sbin:/bin'), ('DISPLAY', ':0'), ('LANG', 'C.UTF-8'), ('AMENT_PREFIX_PATH', '/opt/ros/humble'), ('PWD', '/root/Dojo/build/robot_description'), ('LC_ALL', 'C.UTF-8'), ('PYTHONPATH', '/opt/ros/humble/lib/python3.10/site-packages:/opt/ros/humble/local/lib/python3.10/dist-packages'), ('COLCON', '1'), ('CMAKE_PREFIX_PATH', '/opt/ros/humble')]), 'shell': False}
[0.046707] (robot_description) StdoutLine: {'line': b'-- Found ament_cmake: 1.3.12 (/opt/ros/humble/share/ament_cmake/cmake)\n'}
[0.099779] (-) TimerEvent: {}
[0.169961] (robot_description) StdoutLine: {'line': b'-- Override CMake install command with custom implementation using symlinks instead of copying resources\n'}
[0.199858] (-) TimerEvent: {}
[0.300103] (-) TimerEvent: {}
[0.307364] (robot_description) StdoutLine: {'line': b'-- Configuring done\n'}
[0.314469] (robot_description) StdoutLine: {'line': b'-- Generating done\n'}
[0.316528] (robot_description) StdoutLine: {'line': b'-- Build files have been written to: /root/Dojo/build/robot_description\n'}
[0.319557] (robot_description) CommandEnded: {'returncode': 0}
[0.319961] (robot_description) JobProgress: {'identifier': 'robot_description', 'progress': 'build'}
[0.320595] (robot_description) Command: {'cmd': ['/usr/bin/cmake', '--build', '/root/Dojo/build/robot_description', '--', '-j16', '-l16'], 'cwd': '/root/Dojo/build/robot_description', 'env': OrderedDict([('HOSTNAME', 'gareth-joel-HP-Pavilion-Gaming-Laptop-15-ec2xxx'), ('SHLVL', '0'), ('LD_LIBRARY_PATH', '/usr/lib/x86_64-linux-gnu/gazebo-11/plugins:/opt/ros/humble/opt/rviz_ogre_vendor/lib:/opt/ros/humble/lib/x86_64-linux-gnu:/opt/ros/humble/lib'), ('HOME', '/root'), ('OLDPWD', '/'), ('ROS_PYTHON_VERSION', '3'), ('ROS_DISTRO', 'humble'), ('_', '/usr/bin/colcon'), ('ROS_VERSION', '2'), ('TERM', 'xterm'), ('ROS_LOCALHOST_ONLY', '0'), ('QT_X11_NO_MITSHM', '1'), ('PATH', '/opt/ros/humble/bin:/usr/local/sbin:/usr/local/bin:/usr/sbin:/usr/bin:/sbin:/bin'), ('DISPLAY', ':0'), ('LANG', 'C.UTF-8'), ('AMENT_PREFIX_PATH', '/opt/ros/humble'), ('PWD', '/root/Dojo/build/robot_description'), ('LC_ALL', 'C.UTF-8'), ('PYTHONPATH', '/opt/ros/humble/lib/python3.10/site-packages:/opt/ros/humble/local/lib/python3.10/dist-packages'), ('COLCON', '1'), ('CMAKE_PREFIX_PATH', '/opt/ros/humble')]), 'shell': False}
[0.383587] (robot_description) StdoutLine: {'line': b'Built target ament_cmake_python_symlink_robot_description\n'}
[0.400209] (-) TimerEvent: {}
[0.500550] (-) TimerEvent: {}
[0.600880] (-) TimerEvent: {}
[0.701206] (-) TimerEvent: {}
[0.728341] (robot_description) StdoutLine: {'line': b'running egg_info\n'}
[0.743037] (robot_description) StdoutLine: {'line': b'writing robot_description.egg-info/PKG-INFO\n'}
[0.743324] (robot_description) StdoutLine: {'line': b'writing dependency_links to robot_description.egg-info/dependency_links.txt\n'}
[0.743614] (robot_description) StdoutLine: {'line': b'writing top-level names to robot_description.egg-info/top_level.txt\n'}
[0.788661] (robot_description) StdoutLine: {'line': b"reading manifest file 'robot_description.egg-info/SOURCES.txt'\n"}
[0.789464] (robot_description) StdoutLine: {'line': b"writing manifest file 'robot_description.egg-info/SOURCES.txt'\n"}
[0.801307] (-) TimerEvent: {}
[0.839905] (robot_description) StdoutLine: {'line': b'Built target ament_cmake_python_build_robot_description_egg\n'}
[0.853030] (robot_description) CommandEnded: {'returncode': 0}
[0.853737] (robot_description) JobProgress: {'identifier': 'robot_description', 'progress': 'install'}
[0.863447] (robot_description) Command: {'cmd': ['/usr/bin/cmake', '--install', '/root/Dojo/build/robot_description'], 'cwd': '/root/Dojo/build/robot_description', 'env': OrderedDict([('HOSTNAME', 'gareth-joel-HP-Pavilion-Gaming-Laptop-15-ec2xxx'), ('SHLVL', '0'), ('LD_LIBRARY_PATH', '/usr/lib/x86_64-linux-gnu/gazebo-11/plugins:/opt/ros/humble/opt/rviz_ogre_vendor/lib:/opt/ros/humble/lib/x86_64-linux-gnu:/opt/ros/humble/lib'), ('HOME', '/root'), ('OLDPWD', '/'), ('ROS_PYTHON_VERSION', '3'), ('ROS_DISTRO', 'humble'), ('_', '/usr/bin/colcon'), ('ROS_VERSION', '2'), ('TERM', 'xterm'), ('ROS_LOCALHOST_ONLY', '0'), ('QT_X11_NO_MITSHM', '1'), ('PATH', '/opt/ros/humble/bin:/usr/local/sbin:/usr/local/bin:/usr/sbin:/usr/bin:/sbin:/bin'), ('DISPLAY', ':0'), ('LANG', 'C.UTF-8'), ('AMENT_PREFIX_PATH', '/opt/ros/humble'), ('PWD', '/root/Dojo/build/robot_description'), ('LC_ALL', 'C.UTF-8'), ('PYTHONPATH', '/opt/ros/humble/lib/python3.10/site-packages:/opt/ros/humble/local/lib/python3.10/dist-packages'), ('COLCON', '1'), ('CMAKE_PREFIX_PATH', '/opt/ros/humble')]), 'shell': False}
[0.872563] (robot_description) StdoutLine: {'line': b'-- Install configuration: ""\n'}
[0.872965] (robot_description) StdoutLine: {'line': b'-- Execute custom install script\n'}
[0.873271] (robot_description) StdoutLine: {'line': b'-- Up-to-date symlink: /root/Dojo/install/robot_description/share/robot_description/launch/display.launch.py\n'}
[0.873382] (robot_description) StdoutLine: {'line': b'-- Up-to-date symlink: /root/Dojo/install/robot_description/share/robot_description/launch/robot_state_publisher.launch.py\n'}
[0.873674] (robot_description) StdoutLine: {'line': b'-- Up-to-date symlink: /root/Dojo/install/robot_description/share/robot_description/urdf/common_properties.xacro\n'}
[0.873779] (robot_description) StdoutLine: {'line': b'-- Up-to-date symlink: /root/Dojo/install/robot_description/share/robot_description/urdf/dojo_robot.gazebo\n'}
[0.873870] (robot_description) StdoutLine: {'line': b'-- Up-to-date symlink: /root/Dojo/install/robot_description/share/robot_description/urdf/dojo_robot.urdf.xacro\n'}
[0.873950] (robot_description) StdoutLine: {'line': b'-- Up-to-date symlink: /root/Dojo/install/robot_description/share/robot_description/urdf/robot.urdf\n'}
[0.874033] (robot_description) StdoutLine: {'line': b'-- Up-to-date symlink: /root/Dojo/install/robot_description/share/robot_description/urdf/robot.urdf.xacro\n'}
[0.874128] (robot_description) StdoutLine: {'line': b'-- Up-to-date symlink: /root/Dojo/install/robot_description/share/robot_description/urdf/sensors/rplidar.urdf.xacro\n'}
[0.874346] (robot_description) StdoutLine: {'line': b'-- Up-to-date symlink: /root/Dojo/install/robot_description/share/robot_description/rviz/display.rviz\n'}
[0.874438] (robot_description) StdoutLine: {'line': b'-- Up-to-date symlink: /root/Dojo/install/robot_description/share/robot_description/rviz/robot.rviz\n'}
[0.874628] (robot_description) StderrLine: {'line': b'\x1b[31mCMake Error at ament_cmake_symlink_install/ament_cmake_symlink_install.cmake:100 (message):\n'}
[0.874715] (robot_description) StderrLine: {'line': b"  ament_cmake_symlink_install_directory() can't find\n"}
[0.874770] (robot_description) StderrLine: {'line': b"  '/root/Dojo/src/robot_description/config/'\n"}
[0.874822] (robot_description) StderrLine: {'line': b'Call Stack (most recent call first):\n'}
[0.874867] (robot_description) StderrLine: {'line': b'  ament_cmake_symlink_install/ament_cmake_symlink_install.cmake:323 (ament_cmake_symlink_install_directory)\n'}
[0.874943] (robot_description) StderrLine: {'line': b'  cmake_install.cmake:46 (include)\n'}
[0.875024] (robot_description) StderrLine: {'line': b'\n'}
[0.875081] (robot_description) StderrLine: {'line': b'\x1b[0m\n'}
[0.876615] (robot_description) CommandEnded: {'returncode': 1}
[0.891329] (robot_description) JobEnded: {'identifier': 'robot_description', 'rc': 1}
[0.901575] (-) TimerEvent: {}
[0.902095] (-) EventReactorShutdown: {}
