[0.026s] Invoking command in '/root/Dojo/build/robot_description': /usr/bin/cmake /root/Dojo/src/robot_description -DCMAKE_INSTALL_PREFIX=/root/Dojo/install/robot_description
[0.751s] -- Found ament_cmake: 1.3.12 (/opt/ros/humble/share/ament_cmake/cmake)
[0.752s] -- Configuring incomplete, errors occurred!
[0.752s] See also "/root/Dojo/build/robot_description/CMakeFiles/CMakeOutput.log".
[0.753s] Traceback (most recent call last):
[0.754s]   File "/opt/ros/humble/share/ament_cmake_core/cmake/package_templates/templates_2_cmake.py", line 21, in <module>
[0.754s]     from ament_package.templates import get_environment_hook_template_path
[0.754s] ModuleNotFoundError: No module named 'ament_package'
[0.755s] [31mCMake Error at /opt/ros/humble/share/ament_cmake_core/cmake/ament_cmake_package_templates-extras.cmake:41 (message):
[0.755s]   execute_process(/usr/bin/python3
[0.755s]   /opt/ros/humble/share/ament_cmake_core/cmake/package_templates/templates_2_cmake.py
[0.755s]   /root/Dojo/build/robot_description/ament_cmake_package_templates/templates.cmake)
[0.755s]   returned error code 1
[0.756s] Call Stack (most recent call first):
[0.756s]   /opt/ros/humble/share/ament_cmake_core/cmake/ament_cmake_coreConfig.cmake:41 (include)
[0.756s]   /opt/ros/humble/share/ament_cmake/cmake/ament_cmake_export_dependencies-extras.cmake:15 (find_package)
[0.756s]   /opt/ros/humble/share/ament_cmake/cmake/ament_cmakeConfig.cmake:41 (include)
[0.756s]   CMakeLists.txt:10 (find_package)
[0.756s] 
[0.756s] [0m
[0.926s] Invoked command in '/root/Dojo/build/robot_description' returned '1': /usr/bin/cmake /root/Dojo/src/robot_description -DCMAKE_INSTALL_PREFIX=/root/Dojo/install/robot_description
