[0.978s] Invoking command in '/root/Dojo/build/camera_ros': CMAKE_PREFIX_PATH=${CMAKE_PREFIX_PATH}:/root/Dojo/install/robot_perception:/root/Dojo/install/robot_hardware:/root/Dojo/install/robot_control:/opt/ros/humble /usr/bin/cmake /root/Dojo/backup_packages/camera_ws/src/camera_ros -DAMENT_CMAKE_SYMLINK_INSTALL=1 -DCMAKE_INSTALL_PREFIX=/root/Dojo/install/camera_ros
[1.034s] -- The C compiler identification is GNU 11.4.0
[1.095s] -- The CXX compiler identification is GNU 11.4.0
[1.103s] -- Detecting C compiler ABI info
[1.177s] -- Detecting C compiler ABI info - done
[1.183s] -- Check for working C compiler: /usr/bin/cc - skipped
[1.184s] -- Detecting C compile features
[1.184s] -- Detecting C compile features - done
[1.187s] -- Detecting CXX compiler ABI info
[1.272s] -- Detecting CXX compiler ABI info - done
[1.279s] -- Check for working CXX compiler: /usr/bin/c++ - skipped
[1.280s] -- Detecting CXX compile features
[1.280s] -- Detecting CXX compile features - done
[1.284s] -- Found ament_cmake: 1.3.12 (/opt/ros/humble/share/ament_cmake/cmake)
[2.024s] -- Found Python3: /usr/bin/python3 (found version "3.10.12") found components: Interpreter 
[2.098s] -- Override CMake install command with custom implementation using symlinks instead of copying resources
[2.153s] -- Found PkgConfig: /usr/bin/pkg-config (found version "0.29.2") 
[2.157s] -- Found rclcpp: 16.0.14 (/opt/ros/humble/share/rclcpp/cmake)
[2.237s] -- Found rosidl_generator_c: 3.1.7 (/opt/ros/humble/share/rosidl_generator_c/cmake)
[2.247s] -- Found rosidl_adapter: 3.1.7 (/opt/ros/humble/share/rosidl_adapter/cmake)
[2.260s] -- Found rosidl_generator_cpp: 3.1.7 (/opt/ros/humble/share/rosidl_generator_cpp/cmake)
[2.278s] -- Using all available rosidl_typesupport_c: rosidl_typesupport_fastrtps_c;rosidl_typesupport_introspection_c
[2.303s] -- Using all available rosidl_typesupport_cpp: rosidl_typesupport_fastrtps_cpp;rosidl_typesupport_introspection_cpp
[2.376s] -- Found rmw_implementation_cmake: 6.1.2 (/opt/ros/humble/share/rmw_implementation_cmake/cmake)
[2.382s] -- Found rmw_fastrtps_cpp: 6.2.8 (/opt/ros/humble/share/rmw_fastrtps_cpp/cmake)
[2.541s] -- Found OpenSSL: /usr/lib/x86_64-linux-gnu/libcrypto.so (found version "3.0.2")  
[2.585s] -- Found FastRTPS: /opt/ros/humble/include  
[2.646s] -- Using RMW implementation 'rmw_fastrtps_cpp' as default
[2.662s] -- Looking for pthread.h
[2.748s] -- Looking for pthread.h - found
[2.748s] -- Performing Test CMAKE_HAVE_LIBC_PTHREAD
[2.826s] -- Performing Test CMAKE_HAVE_LIBC_PTHREAD - Success
[2.827s] -- Found Threads: TRUE  
[2.888s] -- Found rclcpp_components: 16.0.14 (/opt/ros/humble/share/rclcpp_components/cmake)
[2.937s] -- Found sensor_msgs: 4.9.0 (/opt/ros/humble/share/sensor_msgs/cmake)
[2.988s] -- Found camera_info_manager: 3.1.12 (/opt/ros/humble/share/camera_info_manager/cmake)
[3.014s] -- Found cv_bridge: 3.2.1 (/opt/ros/humble/share/cv_bridge/cmake)
[3.027s] -- Checking for module 'libcamera>=0.1'
[3.046s] --   Found libcamera, version 0.1.0
[3.101s] -- Found ament_lint_auto: 0.12.14 (/opt/ros/humble/share/ament_lint_auto/cmake)
[3.245s] -- Added test 'clang_format' to check C / C++ code style
[3.250s] -- Added test 'cppcheck' to perform static code analysis on C / C++ code
[3.251s] -- Configured cppcheck include dirs: 
[3.251s] -- Configured cppcheck exclude dirs and/or files: 
[3.252s] -- Added test 'flake8' to check Python code syntax and style conventions
[3.254s] -- Added test 'lint_cmake' to check CMake code style
[3.256s] -- Added test 'mypy' to statically type check Python code.
[3.257s] -- Added test 'pep257' to check Python code against some of the docstring style conventions in PEP 257
[3.258s] -- Added test 'pyflakes' to perform static code analysis on Python code
[3.259s] -- Added test 'xmllint' to check XML markup files
[3.262s] -- Configuring done
[3.283s] -- Generating done
[3.294s] -- Build files have been written to: /root/Dojo/build/camera_ros
[3.307s] Invoked command in '/root/Dojo/build/camera_ros' returned '0': CMAKE_PREFIX_PATH=${CMAKE_PREFIX_PATH}:/root/Dojo/install/robot_perception:/root/Dojo/install/robot_hardware:/root/Dojo/install/robot_control:/opt/ros/humble /usr/bin/cmake /root/Dojo/backup_packages/camera_ws/src/camera_ros -DAMENT_CMAKE_SYMLINK_INSTALL=1 -DCMAKE_INSTALL_PREFIX=/root/Dojo/install/camera_ros
[3.308s] Invoking command in '/root/Dojo/build/camera_ros': CMAKE_PREFIX_PATH=${CMAKE_PREFIX_PATH}:/root/Dojo/install/robot_perception:/root/Dojo/install/robot_hardware:/root/Dojo/install/robot_control:/opt/ros/humble /usr/bin/cmake --build /root/Dojo/build/camera_ros -- -j16 -l16
[3.365s] [ 15%] [32mBuilding CXX object CMakeFiles/param.dir/src/cv_to_pv.cpp.o[0m
[3.366s] [ 15%] [32mBuilding CXX object CMakeFiles/utils.dir/src/format_mapping.cpp.o[0m
[3.366s] [ 23%] [32mBuilding CXX object CMakeFiles/param.dir/src/clamp.cpp.o[0m
[3.366s] [ 38%] [32mBuilding CXX object CMakeFiles/param.dir/src/pv_to_cv.cpp.o[0m
[3.366s] [ 38%] [32mBuilding CXX object CMakeFiles/param.dir/src/types.cpp.o[0m
[3.367s] [ 46%] [32mBuilding CXX object CMakeFiles/utils.dir/src/pretty_print.cpp.o[0m
[3.367s] [ 53%] [32mBuilding CXX object CMakeFiles/camera_node.dir/rclcpp_components/node_main_camera_node.cpp.o[0m
[3.367s] [ 61%] [32mBuilding CXX object CMakeFiles/param.dir/src/type_extent.cpp.o[0m
[3.367s] [ 69%] [32mBuilding CXX object CMakeFiles/param.dir/src/ParameterHandler.cpp.o[0m
[3.370s] [ 76%] [32mBuilding CXX object CMakeFiles/param.dir/src/ParameterConflictHandler.cpp.o[0m
[4.791s] [ 76%] Built target utils
[8.025s] [ 76%] Built target param
[8.105s] [ 84%] [32mBuilding CXX object CMakeFiles/camera_component.dir/src/CameraNode.cpp.o[0m
[8.779s] [ 92%] [32m[1mLinking CXX executable camera_node[0m
[8.923s] [ 92%] Built target camera_node
[15.508s] [100%] [32m[1mLinking CXX shared library libcamera_component.so[0m
[15.865s] [100%] Built target camera_component
[15.876s] Invoked command in '/root/Dojo/build/camera_ros' returned '0': CMAKE_PREFIX_PATH=${CMAKE_PREFIX_PATH}:/root/Dojo/install/robot_perception:/root/Dojo/install/robot_hardware:/root/Dojo/install/robot_control:/opt/ros/humble /usr/bin/cmake --build /root/Dojo/build/camera_ros -- -j16 -l16
[15.877s] Invoking command in '/root/Dojo/build/camera_ros': CMAKE_PREFIX_PATH=${CMAKE_PREFIX_PATH}:/root/Dojo/install/robot_perception:/root/Dojo/install/robot_hardware:/root/Dojo/install/robot_control:/opt/ros/humble /usr/bin/cmake --install /root/Dojo/build/camera_ros
[15.883s] -- Install configuration: ""
[15.884s] -- Execute custom install script
[15.884s] -- Symlinking: /root/Dojo/install/camera_ros/lib/camera_ros/camera_node
[15.893s] -- Symlinking: /root/Dojo/install/camera_ros/share/camera_ros/environment/library_path.sh
[15.902s] -- Symlinking: /root/Dojo/install/camera_ros/share/camera_ros/environment/library_path.dsv
[15.911s] -- Symlinking: /root/Dojo/install/camera_ros/share/camera_ros//launch/camera.launch.py
[15.920s] -- Symlinking: /root/Dojo/install/camera_ros/share/ament_index/resource_index/package_run_dependencies/camera_ros
[15.929s] -- Symlinking: /root/Dojo/install/camera_ros/share/ament_index/resource_index/parent_prefix_path/camera_ros
[15.938s] -- Symlinking: /root/Dojo/install/camera_ros/share/camera_ros/environment/ament_prefix_path.sh
[15.946s] -- Symlinking: /root/Dojo/install/camera_ros/share/camera_ros/environment/ament_prefix_path.dsv
[15.956s] -- Symlinking: /root/Dojo/install/camera_ros/share/camera_ros/environment/path.sh
[15.965s] -- Symlinking: /root/Dojo/install/camera_ros/share/camera_ros/environment/path.dsv
[15.974s] -- Symlinking: /root/Dojo/install/camera_ros/share/camera_ros/local_setup.bash
[15.982s] -- Symlinking: /root/Dojo/install/camera_ros/share/camera_ros/local_setup.sh
[15.992s] -- Symlinking: /root/Dojo/install/camera_ros/share/camera_ros/local_setup.zsh
[16.000s] -- Symlinking: /root/Dojo/install/camera_ros/share/camera_ros/local_setup.dsv
[16.010s] -- Symlinking: /root/Dojo/install/camera_ros/share/camera_ros/package.dsv
[16.018s] -- Symlinking: /root/Dojo/install/camera_ros/share/ament_index/resource_index/packages/camera_ros
[16.028s] -- Symlinking: /root/Dojo/install/camera_ros/share/ament_index/resource_index/rclcpp_components/camera_ros
[16.037s] -- Symlinking: /root/Dojo/install/camera_ros/share/camera_ros/cmake/ament_cmake_export_targets-extras.cmake
[16.046s] -- Symlinking: /root/Dojo/install/camera_ros/share/camera_ros/cmake/ament_cmake_export_dependencies-extras.cmake
[16.056s] -- Symlinking: /root/Dojo/install/camera_ros/share/camera_ros/cmake/camera_rosConfig.cmake
[16.065s] -- Symlinking: /root/Dojo/install/camera_ros/share/camera_ros/cmake/camera_rosConfig-version.cmake
[16.074s] -- Symlinking: /root/Dojo/install/camera_ros/share/camera_ros/package.xml
[16.083s] -- Installing: /root/Dojo/install/camera_ros/lib/libcamera_component.so
[16.089s] -- Set runtime path of "/root/Dojo/install/camera_ros/lib/libcamera_component.so" to ""
[16.089s] -- Installing: /root/Dojo/install/camera_ros/share/camera_ros/cmake/camera_componentTargetsExport.cmake
[16.089s] -- Installing: /root/Dojo/install/camera_ros/share/camera_ros/cmake/camera_componentTargetsExport-noconfig.cmake
[16.092s] Invoked command in '/root/Dojo/build/camera_ros' returned '0': CMAKE_PREFIX_PATH=${CMAKE_PREFIX_PATH}:/root/Dojo/install/robot_perception:/root/Dojo/install/robot_hardware:/root/Dojo/install/robot_control:/opt/ros/humble /usr/bin/cmake --install /root/Dojo/build/camera_ros
