[2.091s] Invoking command in '/root/Dojo/build/robot_control': PYTHONPATH=/root/Dojo/build/robot_control/prefix_override:/usr/lib/python3/dist-packages/colcon_core/task/python/colcon_distutils_commands:/root/Dojo/install/robot_control/lib/python3.10/site-packages:${PYTHONPATH} /usr/bin/python3 -W ignore:setup.py install is deprecated -W ignore:easy_install command is deprecated setup.py develop --editable --build-directory /root/Dojo/build/robot_control/build --no-deps symlink_data
[2.560s] running develop
[2.912s] running egg_info
[2.912s] creating robot_control.egg-info
[2.931s] writing robot_control.egg-info/PKG-INFO
[2.932s] writing dependency_links to robot_control.egg-info/dependency_links.txt
[2.932s] writing entry points to robot_control.egg-info/entry_points.txt
[2.933s] writing requirements to robot_control.egg-info/requires.txt
[2.933s] writing top-level names to robot_control.egg-info/top_level.txt
[2.933s] writing manifest file 'robot_control.egg-info/SOURCES.txt'
[2.990s] reading manifest file 'robot_control.egg-info/SOURCES.txt'
[2.991s] writing manifest file 'robot_control.egg-info/SOURCES.txt'
[3.014s] running build_ext
[3.014s] Creating /root/Dojo/install/robot_control/lib/python3.10/site-packages/robot-control.egg-link (link to .)
[3.016s] Installing arduino_bridge script to /root/Dojo/install/robot_control/lib/robot_control
[3.016s] Installing cmd_vel_to_motors script to /root/Dojo/install/robot_control/lib/robot_control
[3.016s] Installing control_manager script to /root/Dojo/install/robot_control/lib/robot_control
[3.017s] 
[3.017s] Installed /root/Dojo/build/robot_control
[3.017s] running symlink_data
[3.132s] Invoked command in '/root/Dojo/build/robot_control' returned '0': PYTHONPATH=/root/Dojo/build/robot_control/prefix_override:/usr/lib/python3/dist-packages/colcon_core/task/python/colcon_distutils_commands:/root/Dojo/install/robot_control/lib/python3.10/site-packages:${PYTHONPATH} /usr/bin/python3 -W ignore:setup.py install is deprecated -W ignore:easy_install command is deprecated setup.py develop --editable --build-directory /root/Dojo/build/robot_control/build --no-deps symlink_data
