[0.279s] Invoking command in '/root/Dojo/build/robot_perception': CMAKE_PREFIX_PATH=/opt/ros/humble /usr/bin/cmake /root/Dojo/src/robot_perception -DAMENT_CMAKE_SYMLINK_INSTALL=1 -DCMAKE_INSTALL_PREFIX=/root/Dojo/install/robot_perception
[1.024s] -- Found ament_cmake: 1.3.12 (/opt/ros/humble/share/ament_cmake/cmake)
[1.024s] -- Override CMake install command with custom implementation using symlinks instead of copying resources
[1.025s] -- Found rclpy: 3.3.17 (/opt/ros/humble/share/rclpy/cmake)
[1.025s] -- Found sensor_msgs: 4.9.0 (/opt/ros/humble/share/sensor_msgs/cmake)
[1.025s] -- Found rosidl_generator_c: 3.1.7 (/opt/ros/humble/share/rosidl_generator_c/cmake)
[1.025s] -- Found rosidl_adapter: 3.1.7 (/opt/ros/humble/share/rosidl_adapter/cmake)
[1.025s] -- Found rosidl_generator_cpp: 3.1.7 (/opt/ros/humble/share/rosidl_generator_cpp/cmake)
[1.025s] -- Using all available rosidl_typesupport_c: rosidl_typesupport_fastrtps_c;rosidl_typesupport_introspection_c
[1.025s] -- Using all available rosidl_typesupport_cpp: rosidl_typesupport_fastrtps_cpp;rosidl_typesupport_introspection_cpp
[1.025s] -- Found cv_bridge: 3.2.1 (/opt/ros/humble/share/cv_bridge/cmake)
[1.025s] -- Found image_transport: 3.1.12 (/opt/ros/humble/share/image_transport/cmake)
[1.025s] -- Found rmw_implementation_cmake: 6.1.2 (/opt/ros/humble/share/rmw_implementation_cmake/cmake)
[1.025s] -- Found rmw_fastrtps_cpp: 6.2.8 (/opt/ros/humble/share/rmw_fastrtps_cpp/cmake)
[1.025s] -- Using RMW implementation 'rmw_fastrtps_cpp' as default
[1.025s] -- Configuring done
[1.025s] -- Generating done
[1.025s] -- Build files have been written to: /root/Dojo/build/robot_perception
[1.264s] Invoked command in '/root/Dojo/build/robot_perception' returned '0': CMAKE_PREFIX_PATH=/opt/ros/humble /usr/bin/cmake /root/Dojo/src/robot_perception -DAMENT_CMAKE_SYMLINK_INSTALL=1 -DCMAKE_INSTALL_PREFIX=/root/Dojo/install/robot_perception
[1.265s] Invoking command in '/root/Dojo/build/robot_perception': CMAKE_PREFIX_PATH=/opt/ros/humble /usr/bin/cmake --build /root/Dojo/build/robot_perception -- -j16 -l16
[1.345s] Built target ament_cmake_python_symlink_robot_perception
[1.630s] running egg_info
[1.630s] writing robot_perception.egg-info/PKG-INFO
[1.631s] writing dependency_links to robot_perception.egg-info/dependency_links.txt
[1.631s] writing top-level names to robot_perception.egg-info/top_level.txt
[1.634s] reading manifest file 'robot_perception.egg-info/SOURCES.txt'
[1.635s] writing manifest file 'robot_perception.egg-info/SOURCES.txt'
[1.699s] Built target ament_cmake_python_build_robot_perception_egg
[1.713s] Invoked command in '/root/Dojo/build/robot_perception' returned '0': CMAKE_PREFIX_PATH=/opt/ros/humble /usr/bin/cmake --build /root/Dojo/build/robot_perception -- -j16 -l16
[1.715s] Invoking command in '/root/Dojo/build/robot_perception': CMAKE_PREFIX_PATH=/opt/ros/humble /usr/bin/cmake --install /root/Dojo/build/robot_perception
[1.723s] -- Install configuration: ""
[1.723s] -- Execute custom install script
[1.724s] -- Up-to-date symlink: /root/Dojo/install/robot_perception/share/robot_perception/environment/pythonpath.sh
[1.724s] -- Up-to-date symlink: /root/Dojo/install/robot_perception/share/robot_perception/environment/pythonpath.dsv
[1.724s] -- Up-to-date symlink: /root/Dojo/install/robot_perception/local/lib/python3.10/dist-packages/robot_perception-0.0.1-py3.10.egg-info/PKG-INFO
[1.724s] -- Up-to-date symlink: /root/Dojo/install/robot_perception/local/lib/python3.10/dist-packages/robot_perception-0.0.1-py3.10.egg-info/SOURCES.txt
[1.725s] -- Up-to-date symlink: /root/Dojo/install/robot_perception/local/lib/python3.10/dist-packages/robot_perception-0.0.1-py3.10.egg-info/dependency_links.txt
[1.725s] -- Up-to-date symlink: /root/Dojo/install/robot_perception/local/lib/python3.10/dist-packages/robot_perception-0.0.1-py3.10.egg-info/top_level.txt
[1.725s] -- Up-to-date symlink: /root/Dojo/install/robot_perception/local/lib/python3.10/dist-packages/robot_perception/__init__.py
[1.725s] -- Up-to-date symlink: /root/Dojo/install/robot_perception/share/robot_perception/launch/perception.launch.py
[1.725s] -- Up-to-date symlink: /root/Dojo/install/robot_perception/share/robot_perception/launch/robot_perception.launch.py
[1.726s] -- Up-to-date symlink: /root/Dojo/install/robot_perception/share/robot_perception/config/robot_perception_params.yaml
[1.726s] -- Up-to-date symlink: /root/Dojo/install/robot_perception/share/ament_index/resource_index/package_run_dependencies/robot_perception
[1.726s] -- Up-to-date symlink: /root/Dojo/install/robot_perception/share/ament_index/resource_index/parent_prefix_path/robot_perception
[1.726s] -- Up-to-date symlink: /root/Dojo/install/robot_perception/share/robot_perception/environment/ament_prefix_path.sh
[1.726s] -- Up-to-date symlink: /root/Dojo/install/robot_perception/share/robot_perception/environment/ament_prefix_path.dsv
[1.726s] -- Up-to-date symlink: /root/Dojo/install/robot_perception/share/robot_perception/environment/path.sh
[1.727s] -- Up-to-date symlink: /root/Dojo/install/robot_perception/share/robot_perception/environment/path.dsv
[1.727s] -- Up-to-date symlink: /root/Dojo/install/robot_perception/share/robot_perception/local_setup.bash
[1.727s] -- Up-to-date symlink: /root/Dojo/install/robot_perception/share/robot_perception/local_setup.sh
[1.727s] -- Up-to-date symlink: /root/Dojo/install/robot_perception/share/robot_perception/local_setup.zsh
[1.728s] -- Up-to-date symlink: /root/Dojo/install/robot_perception/share/robot_perception/local_setup.dsv
[1.728s] -- Symlinking: /root/Dojo/install/robot_perception/share/robot_perception/package.dsv
[1.739s] -- Up-to-date symlink: /root/Dojo/install/robot_perception/share/ament_index/resource_index/packages/robot_perception
[1.740s] -- Up-to-date symlink: /root/Dojo/install/robot_perception/share/robot_perception/cmake/robot_perceptionConfig.cmake
[1.740s] -- Up-to-date symlink: /root/Dojo/install/robot_perception/share/robot_perception/cmake/robot_perceptionConfig-version.cmake
[1.740s] -- Up-to-date symlink: /root/Dojo/install/robot_perception/share/robot_perception/package.xml
[1.780s] Listing '/root/Dojo/install/robot_perception/local/lib/python3.10/dist-packages/robot_perception'...
[1.795s] Invoked command in '/root/Dojo/build/robot_perception' returned '0': CMAKE_PREFIX_PATH=/opt/ros/humble /usr/bin/cmake --install /root/Dojo/build/robot_perception
