[1.887s] Invoking command in '/home/Dojo/Dojo/build/robot_sensors': PYTHONPATH=/home/Dojo/Dojo/build/robot_sensors/prefix_override:/usr/lib/python3/dist-packages/colcon_core/task/python/colcon_distutils_commands:/home/Dojo/Dojo/install/robot_sensors/lib/python3.10/site-packages:${PYTHONPATH} /usr/bin/python3 -W ignore:setup.py install is deprecated -W ignore:easy_install command is deprecated setup.py develop --editable --build-directory /home/Dojo/Dojo/build/robot_sensors/build --no-deps symlink_data
[2.230s] running develop
[2.449s] running egg_info
[2.449s] creating robot_sensors.egg-info
[2.450s] writing robot_sensors.egg-info/PKG-INFO
[2.450s] writing dependency_links to robot_sensors.egg-info/dependency_links.txt
[2.450s] writing entry points to robot_sensors.egg-info/entry_points.txt
[2.450s] writing requirements to robot_sensors.egg-info/requires.txt
[2.450s] writing top-level names to robot_sensors.egg-info/top_level.txt
[2.451s] writing manifest file 'robot_sensors.egg-info/SOURCES.txt'
[2.452s] reading manifest file 'robot_sensors.egg-info/SOURCES.txt'
[2.453s] writing manifest file 'robot_sensors.egg-info/SOURCES.txt'
[2.455s] running build_ext
[2.455s] Creating /home/Dojo/Dojo/install/robot_sensors/lib/python3.10/site-packages/robot-sensors.egg-link (link to .)
[2.456s] Installing camera_publisher script to /home/Dojo/Dojo/install/robot_sensors/lib/robot_sensors
[2.456s] 
[2.457s] Installed /home/Dojo/Dojo/build/robot_sensors
[2.457s] running symlink_data
[2.457s] creating /home/Dojo/Dojo/install/robot_sensors/share/ament_index
[2.457s] creating /home/Dojo/Dojo/install/robot_sensors/share/ament_index/resource_index
[2.457s] creating /home/Dojo/Dojo/install/robot_sensors/share/ament_index/resource_index/packages
[2.457s] symbolically linking /home/Dojo/Dojo/build/robot_sensors/resource/robot_sensors -> /home/Dojo/Dojo/install/robot_sensors/share/ament_index/resource_index/packages
[2.458s] symbolically linking /home/Dojo/Dojo/build/robot_sensors/package.xml -> /home/Dojo/Dojo/install/robot_sensors/share/robot_sensors
[2.458s] creating /home/Dojo/Dojo/install/robot_sensors/share/robot_sensors/launch
[2.458s] symbolically linking /home/Dojo/Dojo/build/robot_sensors/launch/sensors.launch.py -> /home/Dojo/Dojo/install/robot_sensors/share/robot_sensors/launch
[2.506s] Invoked command in '/home/Dojo/Dojo/build/robot_sensors' returned '0': PYTHONPATH=/home/Dojo/Dojo/build/robot_sensors/prefix_override:/usr/lib/python3/dist-packages/colcon_core/task/python/colcon_distutils_commands:/home/Dojo/Dojo/install/robot_sensors/lib/python3.10/site-packages:${PYTHONPATH} /usr/bin/python3 -W ignore:setup.py install is deprecated -W ignore:easy_install command is deprecated setup.py develop --editable --build-directory /home/Dojo/Dojo/build/robot_sensors/build --no-deps symlink_data
