[1.860s] Invoking command in '/home/Dojo/Dojo/build/vision_system': PYTHONPATH=/home/Dojo/Dojo/build/vision_system/prefix_override:/usr/lib/python3/dist-packages/colcon_core/task/python/colcon_distutils_commands:/home/Dojo/Dojo/install/vision_system/lib/python3.10/site-packages:${PYTHONPATH} /usr/bin/python3 -W ignore:setup.py install is deprecated -W ignore:easy_install command is deprecated setup.py develop --editable --build-directory /home/Dojo/Dojo/build/vision_system/build --no-deps symlink_data
[2.221s] running develop
[2.450s] running egg_info
[2.450s] creating vision_system.egg-info
[2.450s] writing vision_system.egg-info/PKG-INFO
[2.450s] writing dependency_links to vision_system.egg-info/dependency_links.txt
[2.450s] writing entry points to vision_system.egg-info/entry_points.txt
[2.450s] writing requirements to vision_system.egg-info/requires.txt
[2.451s] writing top-level names to vision_system.egg-info/top_level.txt
[2.451s] writing manifest file 'vision_system.egg-info/SOURCES.txt'
[2.452s] reading manifest file 'vision_system.egg-info/SOURCES.txt'
[2.453s] writing manifest file 'vision_system.egg-info/SOURCES.txt'
[2.455s] running build_ext
[2.455s] Creating /home/Dojo/Dojo/install/vision_system/lib/python3.10/site-packages/vision-system.egg-link (link to .)
[2.456s] Installing object_detector script to /home/Dojo/Dojo/install/vision_system/lib/vision_system
[2.456s] 
[2.457s] Installed /home/Dojo/Dojo/build/vision_system
[2.457s] running symlink_data
[2.457s] creating /home/Dojo/Dojo/install/vision_system/share/ament_index
[2.457s] creating /home/Dojo/Dojo/install/vision_system/share/ament_index/resource_index
[2.457s] creating /home/Dojo/Dojo/install/vision_system/share/ament_index/resource_index/packages
[2.457s] symbolically linking /home/Dojo/Dojo/build/vision_system/resource/vision_system -> /home/Dojo/Dojo/install/vision_system/share/ament_index/resource_index/packages
[2.457s] symbolically linking /home/Dojo/Dojo/build/vision_system/package.xml -> /home/Dojo/Dojo/install/vision_system/share/vision_system
[2.458s] creating /home/Dojo/Dojo/install/vision_system/share/vision_system/launch
[2.458s] symbolically linking /home/Dojo/Dojo/build/vision_system/launch/vision_system.launch.py -> /home/Dojo/Dojo/install/vision_system/share/vision_system/launch
[2.458s] creating /home/Dojo/Dojo/install/vision_system/share/vision_system/config
[2.515s] Invoked command in '/home/Dojo/Dojo/build/vision_system' returned '0': PYTHONPATH=/home/Dojo/Dojo/build/vision_system/prefix_override:/usr/lib/python3/dist-packages/colcon_core/task/python/colcon_distutils_commands:/home/Dojo/Dojo/install/vision_system/lib/python3.10/site-packages:${PYTHONPATH} /usr/bin/python3 -W ignore:setup.py install is deprecated -W ignore:easy_install command is deprecated setup.py develop --editable --build-directory /home/Dojo/Dojo/build/vision_system/build --no-deps symlink_data
