[4.076s] Invoking command in '/root/Dojo/build/robot_hardware': PYTHONPATH=/root/Dojo/build/robot_hardware/prefix_override:/usr/lib/python3/dist-packages/colcon_core/task/python/colcon_distutils_commands:/root/Dojo/install/robot_hardware/lib/python3.10/site-packages:${PYTHONPATH} /usr/bin/python3 -W ignore:setup.py install is deprecated -W ignore:easy_install command is deprecated setup.py develop --editable --build-directory /root/Dojo/build/robot_hardware/build --no-deps symlink_data
[4.596s] running develop
[4.932s] running egg_info
[4.961s] writing robot_hardware.egg-info/PKG-INFO
[4.961s] writing dependency_links to robot_hardware.egg-info/dependency_links.txt
[4.962s] writing entry points to robot_hardware.egg-info/entry_points.txt
[4.962s] writing requirements to robot_hardware.egg-info/requires.txt
[4.962s] writing top-level names to robot_hardware.egg-info/top_level.txt
[5.004s] reading manifest file 'robot_hardware.egg-info/SOURCES.txt'
[5.005s] writing manifest file 'robot_hardware.egg-info/SOURCES.txt'
[5.028s] running build_ext
[5.028s] Creating /root/Dojo/install/robot_hardware/lib/python3.10/site-packages/robot-hardware.egg-link (link to .)
[5.029s] Installing arduino_driver script to /root/Dojo/install/robot_hardware/lib/robot_hardware
[5.029s] Installing camera_driver script to /root/Dojo/install/robot_hardware/lib/robot_hardware
[5.030s] Installing hardware_manager script to /root/Dojo/install/robot_hardware/lib/robot_hardware
[5.030s] Installing lidar_driver script to /root/Dojo/install/robot_hardware/lib/robot_hardware
[5.030s] 
[5.030s] Installed /root/Dojo/build/robot_hardware
[5.030s] running symlink_data
[5.151s] Invoked command in '/root/Dojo/build/robot_hardware' returned '0': PYTHONPATH=/root/Dojo/build/robot_hardware/prefix_override:/usr/lib/python3/dist-packages/colcon_core/task/python/colcon_distutils_commands:/root/Dojo/install/robot_hardware/lib/python3.10/site-packages:${PYTHONPATH} /usr/bin/python3 -W ignore:setup.py install is deprecated -W ignore:easy_install command is deprecated setup.py develop --editable --build-directory /root/Dojo/build/robot_hardware/build --no-deps symlink_data
