[0.112s] Invoking command in '/root/Dojo/build/robot_description': CMAKE_PREFIX_PATH=/opt/ros/humble /usr/bin/cmake --build /root/Dojo/build/robot_description -- -j16 -l16
[1.313s] Built target ament_cmake_python_symlink_robot_description
[1.313s] running egg_info
[1.314s] writing robot_description.egg-info/PKG-INFO
[1.314s] writing dependency_links to robot_description.egg-info/dependency_links.txt
[1.315s] writing top-level names to robot_description.egg-info/top_level.txt
[1.315s] reading manifest file 'robot_description.egg-info/SOURCES.txt'
[1.315s] writing manifest file 'robot_description.egg-info/SOURCES.txt'
[1.315s] Built target ament_cmake_python_build_robot_description_egg
[1.316s] Invoked command in '/root/Dojo/build/robot_description' returned '0': CMAKE_PREFIX_PATH=/opt/ros/humble /usr/bin/cmake --build /root/Dojo/build/robot_description -- -j16 -l16
[1.326s] Invoking command in '/root/Dojo/build/robot_description': CMAKE_PREFIX_PATH=/opt/ros/humble /usr/bin/cmake --install /root/Dojo/build/robot_description
[1.541s] -- Install configuration: ""
[1.541s] -- Execute custom install script
[1.541s] -- Up-to-date symlink: /root/Dojo/install/robot_description/share/robot_description/launch/display.launch.py
[1.541s] -- Up-to-date symlink: /root/Dojo/install/robot_description/share/robot_description/launch/robot_state_publisher.launch.py
[1.541s] -- Up-to-date symlink: /root/Dojo/install/robot_description/share/robot_description/urdf/robot.urdf
[1.541s] -- Up-to-date symlink: /root/Dojo/install/robot_description/share/robot_description/urdf/robot.urdf.xacro
[1.541s] -- Up-to-date symlink: /root/Dojo/install/robot_description/share/robot_description/rviz/robot.rviz
[1.542s] -- Up-to-date symlink: /root/Dojo/install/robot_description/share/robot_description/environment/pythonpath.sh
[1.543s] -- Up-to-date symlink: /root/Dojo/install/robot_description/share/robot_description/environment/pythonpath.dsv
[1.544s] -- Up-to-date symlink: /root/Dojo/install/robot_description/local/lib/python3.10/dist-packages/robot_description-0.0.1-py3.10.egg-info/PKG-INFO
[1.544s] -- Up-to-date symlink: /root/Dojo/install/robot_description/local/lib/python3.10/dist-packages/robot_description-0.0.1-py3.10.egg-info/SOURCES.txt
[1.544s] -- Up-to-date symlink: /root/Dojo/install/robot_description/local/lib/python3.10/dist-packages/robot_description-0.0.1-py3.10.egg-info/dependency_links.txt
[1.544s] -- Up-to-date symlink: /root/Dojo/install/robot_description/local/lib/python3.10/dist-packages/robot_description-0.0.1-py3.10.egg-info/top_level.txt
[1.544s] -- Up-to-date symlink: /root/Dojo/install/robot_description/local/lib/python3.10/dist-packages/robot_description/__init__.py
[1.545s] -- Up-to-date symlink: /root/Dojo/install/robot_description/lib/robot_description/display_robot.py
[1.545s] -- Up-to-date symlink: /root/Dojo/install/robot_description/share/ament_index/resource_index/package_run_dependencies/robot_description
[1.545s] -- Up-to-date symlink: /root/Dojo/install/robot_description/share/ament_index/resource_index/parent_prefix_path/robot_description
[1.545s] -- Up-to-date symlink: /root/Dojo/install/robot_description/share/robot_description/environment/ament_prefix_path.sh
[1.545s] -- Up-to-date symlink: /root/Dojo/install/robot_description/share/robot_description/environment/ament_prefix_path.dsv
[1.546s] -- Up-to-date symlink: /root/Dojo/install/robot_description/share/robot_description/environment/path.sh
[1.546s] -- Up-to-date symlink: /root/Dojo/install/robot_description/share/robot_description/environment/path.dsv
[1.546s] -- Up-to-date symlink: /root/Dojo/install/robot_description/share/robot_description/local_setup.bash
[1.546s] -- Up-to-date symlink: /root/Dojo/install/robot_description/share/robot_description/local_setup.sh
[1.546s] -- Up-to-date symlink: /root/Dojo/install/robot_description/share/robot_description/local_setup.zsh
[1.546s] -- Up-to-date symlink: /root/Dojo/install/robot_description/share/robot_description/local_setup.dsv
[1.546s] -- Symlinking: /root/Dojo/install/robot_description/share/robot_description/package.dsv
[1.547s] -- Up-to-date symlink: /root/Dojo/install/robot_description/share/ament_index/resource_index/packages/robot_description
[1.547s] -- Up-to-date symlink: /root/Dojo/install/robot_description/share/robot_description/cmake/robot_descriptionConfig.cmake
[1.547s] -- Up-to-date symlink: /root/Dojo/install/robot_description/share/robot_description/cmake/robot_descriptionConfig-version.cmake
[1.547s] -- Up-to-date symlink: /root/Dojo/install/robot_description/share/robot_description/package.xml
[1.547s] -- Up-to-date: /root/Dojo/install/robot_description/share/robot_description
[1.547s] -- Up-to-date: /root/Dojo/install/robot_description/share/robot_description/urdf
[1.547s] -- Up-to-date: /root/Dojo/install/robot_description/share/robot_description/include
[1.547s] -- Up-to-date: /root/Dojo/install/robot_description/share/robot_description/include/robot_description
[1.547s] -- Up-to-date: /root/Dojo/install/robot_description/share/robot_description/rviz
[1.547s] -- Up-to-date: /root/Dojo/install/robot_description/share/robot_description/src
[1.547s] -- Up-to-date: /root/Dojo/install/robot_description/share/robot_description/src/robot_description
[1.547s] -- Up-to-date: /root/Dojo/install/robot_description/share/robot_description/meshes
[1.547s] -- Up-to-date: /root/Dojo/install/robot_description/share/robot_description/robot_description
[1.547s] -- Up-to-date: /root/Dojo/install/robot_description/share/robot_description/robot_description/robot_description
[1.548s] -- Up-to-date: /root/Dojo/install/robot_description/share/robot_description/scripts
[1.548s] -- Up-to-date: /root/Dojo/install/robot_description/share/robot_description/resource
[1.548s] -- Up-to-date: /root/Dojo/install/robot_description/share/robot_description/launch
[1.548s] -- Up-to-date: /root/Dojo/install/robot_description/share/robot_description/config
[1.548s] -- Up-to-date: /root/Dojo/install/robot_description/lib/robot_description/robot_description
[1.548s] -- Up-to-date: /root/Dojo/install/robot_description/lib/robot_description/robot_description/__init__.py
[1.548s] Listing '/root/Dojo/install/robot_description/local/lib/python3.10/dist-packages/robot_description'...
[1.576s] Invoked command in '/root/Dojo/build/robot_description' returned '0': CMAKE_PREFIX_PATH=/opt/ros/humble /usr/bin/cmake --install /root/Dojo/build/robot_description
