[1.059s] Invoking command in '/home/Dojo/Dojo/build/robot_control': PYTHONPATH=/home/Dojo/Dojo/build/robot_control/prefix_override:/usr/lib/python3/dist-packages/colcon_core/task/python/colcon_distutils_commands:/home/Dojo/Dojo/install/robot_control/lib/python3.10/site-packages:${PYTHONPATH} /usr/bin/python3 -W ignore:setup.py install is deprecated -W ignore:easy_install command is deprecated setup.py develop --editable --build-directory /home/Dojo/Dojo/build/robot_control/build --no-deps symlink_data
[1.303s] running develop
[1.453s] running egg_info
[1.453s] creating robot_control.egg-info
[1.453s] writing robot_control.egg-info/PKG-INFO
[1.453s] writing dependency_links to robot_control.egg-info/dependency_links.txt
[1.453s] writing entry points to robot_control.egg-info/entry_points.txt
[1.453s] writing requirements to robot_control.egg-info/requires.txt
[1.454s] writing top-level names to robot_control.egg-info/top_level.txt
[1.454s] writing manifest file 'robot_control.egg-info/SOURCES.txt'
[1.455s] reading manifest file 'robot_control.egg-info/SOURCES.txt'
[1.456s] writing manifest file 'robot_control.egg-info/SOURCES.txt'
[1.457s] running build_ext
[1.457s] Creating /home/Dojo/Dojo/install/robot_control/lib/python3.10/site-packages/robot-control.egg-link (link to .)
[1.458s] Installing arduino_bridge script to /home/Dojo/Dojo/install/robot_control/lib/robot_control
[1.458s] Installing cmd_vel_to_motors script to /home/Dojo/Dojo/install/robot_control/lib/robot_control
[1.458s] 
[1.459s] Installed /home/Dojo/Dojo/build/robot_control
[1.459s] running symlink_data
[1.459s] creating /home/Dojo/Dojo/install/robot_control/share/ament_index
[1.459s] creating /home/Dojo/Dojo/install/robot_control/share/ament_index/resource_index
[1.459s] creating /home/Dojo/Dojo/install/robot_control/share/ament_index/resource_index/packages
[1.459s] symbolically linking /home/Dojo/Dojo/build/robot_control/resource/robot_control -> /home/Dojo/Dojo/install/robot_control/share/ament_index/resource_index/packages
[1.459s] symbolically linking /home/Dojo/Dojo/build/robot_control/package.xml -> /home/Dojo/Dojo/install/robot_control/share/robot_control
[1.459s] creating /home/Dojo/Dojo/install/robot_control/share/robot_control/launch
[1.459s] symbolically linking /home/Dojo/Dojo/build/robot_control/launch/control.launch.py -> /home/Dojo/Dojo/install/robot_control/share/robot_control/launch
[1.459s] creating /home/Dojo/Dojo/install/robot_control/share/robot_control/config
[1.460s] symbolically linking /home/Dojo/Dojo/build/robot_control/config/arduino.yaml -> /home/Dojo/Dojo/install/robot_control/share/robot_control/config
[1.492s] Invoked command in '/home/Dojo/Dojo/build/robot_control' returned '0': PYTHONPATH=/home/Dojo/Dojo/build/robot_control/prefix_override:/usr/lib/python3/dist-packages/colcon_core/task/python/colcon_distutils_commands:/home/Dojo/Dojo/install/robot_control/lib/python3.10/site-packages:${PYTHONPATH} /usr/bin/python3 -W ignore:setup.py install is deprecated -W ignore:easy_install command is deprecated setup.py develop --editable --build-directory /home/Dojo/Dojo/build/robot_control/build --no-deps symlink_data
