2025-09-03 09:11:01,657 - INFO - Starting URDF export for robot: Robot
2025-09-03 09:11:01,657 - INFO - Found 21 joints and 10 links
2025-09-03 09:11:01,657 - INFO - Model validation passed - proceeding with export
2025-09-03 09:11:01,657 - WARNING - Missing link 'RC' (child of joint 'Revolute 59') - created placeholder
2025-09-03 09:11:01,657 - INFO - Added placeholder for 'RC' to inertial_dict
2025-09-03 09:11:01,657 - WARNING - Missing link 'RC' (child of joint 'Revolute 61') - created placeholder
2025-09-03 09:11:01,657 - INFO - Added placeholder for 'RC' to inertial_dict
2025-09-03 09:11:01,657 - WARNING - Missing link 'RC' (child of joint 'Revolute 63') - created placeholder
2025-09-03 09:11:01,657 - INFO - Added placeholder for 'RC' to inertial_dict
2025-09-03 09:11:01,657 - WARNING - Missing link 'RC' (child of joint 'Revolute 65') - created placeholder
2025-09-03 09:11:01,657 - INFO - Added placeholder for 'RC' to inertial_dict
2025-09-03 09:11:01,657 - INFO - Validation complete. Original links: 10, Updated links: 11
2025-09-03 09:11:07,776 - WARNING - Created 4 placeholder links automatically
2025-09-03 09:11:07,776 - INFO - Writing URDF file: D:/Autodesk_Ansys Projects/16/Robot_description/urdf/Robot_macro.urdf.xacro
2025-09-03 09:11:07,776 - INFO - Created base_link (from 'base_link') with mass: 2.004604 kg
2025-09-03 09:11:07,776 - INFO - Processing joint 'Rigid 2' with child link '37'
2025-09-03 09:11:07,777 - INFO - Created link '37' with mass: 0.034138 kg
2025-09-03 09:11:07,777 - INFO - Processing joint 'Rigid 41' with child link 'Lidar'
2025-09-03 09:11:07,777 - INFO - Created link 'Lidar' with mass: 1.284609 kg
2025-09-03 09:11:07,777 - INFO - Processing joint 'Rigid 46' with child link 'top'
2025-09-03 09:11:07,777 - INFO - Created link 'top' with mass: 0.227964 kg
2025-09-03 09:11:07,777 - INFO - Processing joint 'Rigid 51' with child link 'column'
2025-09-03 09:11:07,778 - INFO - Created link 'column' with mass: 0.115325 kg
2025-09-03 09:11:07,778 - INFO - Processing joint 'Rigid 57' with child link 'Second'
2025-09-03 09:11:07,778 - INFO - Created link 'Second' with mass: 2.429933 kg
2025-09-03 09:11:07,778 - INFO - Processing joint 'Rigid 58' with child link 'One'
2025-09-03 09:11:07,778 - INFO - Created link 'One' with mass: 0.106036 kg
2025-09-03 09:11:07,778 - INFO - Processing joint 'Revolute 59' with child link 'RC'
2025-09-03 09:11:07,779 - INFO - Created link 'RC' with mass: 0.001000 kg
2025-09-03 09:11:07,779 - INFO - Created unconnected link 'batteryCase18650x3' with mass: 0.138220 kg
2025-09-03 09:11:07,779 - INFO - Created unconnected link '65mm' with mass: 0.274190 kg
2025-09-03 09:11:07,779 - INFO - Created unconnected link 'rigid_group_1' with mass: 0.000000 kg
2025-09-03 09:11:07,779 - INFO - Writing joints to URDF
2025-09-03 09:11:07,782 - INFO - URDF generation completed successfully
2025-09-03 09:11:07,782 - INFO - Generated files: D:/Autodesk_Ansys Projects/16/Robot_description/urdf/Robot_macro.urdf.xacro
