[3.608s] Invoking command in '/root/Dojo/build/arduino_bridge': PYTHONPATH=/root/Dojo/build/arduino_bridge/prefix_override:/usr/lib/python3/dist-packages/colcon_core/task/python/colcon_distutils_commands:/root/Dojo/install/arduino_bridge/lib/python3.10/site-packages:${PYTHONPATH} /usr/bin/python3 -W ignore:setup.py install is deprecated -W ignore:easy_install command is deprecated setup.py develop --editable --build-directory /root/Dojo/build/arduino_bridge/build --no-deps symlink_data
[4.217s] running develop
[4.523s] running egg_info
[4.523s] creating arduino_bridge.egg-info
[4.524s] writing arduino_bridge.egg-info/PKG-INFO
[4.524s] writing dependency_links to arduino_bridge.egg-info/dependency_links.txt
[4.525s] writing entry points to arduino_bridge.egg-info/entry_points.txt
[4.525s] writing requirements to arduino_bridge.egg-info/requires.txt
[4.525s] writing top-level names to arduino_bridge.egg-info/top_level.txt
[4.526s] writing manifest file 'arduino_bridge.egg-info/SOURCES.txt'
[4.530s] reading manifest file 'arduino_bridge.egg-info/SOURCES.txt'
[4.531s] writing manifest file 'arduino_bridge.egg-info/SOURCES.txt'
[4.536s] running build_ext
[4.537s] Creating /root/Dojo/install/arduino_bridge/lib/python3.10/site-packages/arduino-bridge.egg-link (link to .)
[4.540s] Installing arduino_bridge_node script to /root/Dojo/install/arduino_bridge/lib/arduino_bridge
[4.541s] Installing test_arduino_bridge script to /root/Dojo/install/arduino_bridge/lib/arduino_bridge
[4.541s] 
[4.541s] Installed /root/Dojo/build/arduino_bridge
[4.541s] running symlink_data
[4.541s] creating /root/Dojo/install/arduino_bridge/share/ament_index
[4.541s] creating /root/Dojo/install/arduino_bridge/share/ament_index/resource_index
[4.542s] creating /root/Dojo/install/arduino_bridge/share/ament_index/resource_index/packages
[4.543s] symbolically linking /root/Dojo/build/arduino_bridge/resource/arduino_bridge -> /root/Dojo/install/arduino_bridge/share/ament_index/resource_index/packages
[4.543s] symbolically linking /root/Dojo/build/arduino_bridge/package.xml -> /root/Dojo/install/arduino_bridge/share/arduino_bridge
[4.544s] creating /root/Dojo/install/arduino_bridge/share/arduino_bridge/launch
[4.544s] symbolically linking /root/Dojo/build/arduino_bridge/launch/arduino_bridge.launch.py -> /root/Dojo/install/arduino_bridge/share/arduino_bridge/launch
[4.545s] symbolically linking /root/Dojo/build/arduino_bridge/launch/test_arduino.launch.py -> /root/Dojo/install/arduino_bridge/share/arduino_bridge/launch
[4.545s] creating /root/Dojo/install/arduino_bridge/share/arduino_bridge/config
[4.545s] symbolically linking /root/Dojo/build/arduino_bridge/config/arduino_bridge_params.yaml -> /root/Dojo/install/arduino_bridge/share/arduino_bridge/config
[4.612s] Invoked command in '/root/Dojo/build/arduino_bridge' returned '0': PYTHONPATH=/root/Dojo/build/arduino_bridge/prefix_override:/usr/lib/python3/dist-packages/colcon_core/task/python/colcon_distutils_commands:/root/Dojo/install/arduino_bridge/lib/python3.10/site-packages:${PYTHONPATH} /usr/bin/python3 -W ignore:setup.py install is deprecated -W ignore:easy_install command is deprecated setup.py develop --editable --build-directory /root/Dojo/build/arduino_bridge/build --no-deps symlink_data
