[0.897s] DEBUG:colcon:Command line arguments: ['/usr/bin/colcon', 'build', '--symlink-install']
[0.897s] DEBUG:colcon:Parsed command line arguments: Namespace(log_base=None, log_level=None, verb_name='build', build_base='build', install_base='install', merge_install=False, symlink_install=True, test_result_base=None, continue_on_error=False, executor='sequential', event_handlers=None, paths=['.'], meson_args=[], verb_parser=CustomArgumentParser(prog='colcon build', usage=None, description='Build a set of packages.', formatter_class=<class 'colcon_core.command.CustomFormatter'>, conflict_handler='error', add_help=True), verb_extension=<colcon_core.verb.build.BuildVerb object at 0xffff9ba7e6e0>, main=<bound method BuildVerb.main of <colcon_core.verb.build.BuildVerb object at 0xffff9ba7e6e0>>)
[0.902s] Level 1:colcon.colcon_core.package_discovery:discover_packages(path) check parameters
[0.902s] Level 1:colcon.colcon_core.package_discovery:discover_packages(path) discover
[0.902s] Level 1:colcon.colcon_core.package_discovery:PathPackageDiscovery.discover(['.'])
[0.903s] Level 1:colcon.colcon_core.package_identification:_identify(.) by extensions ['ignore']
[0.903s] Level 1:colcon.colcon_core.package_identification:_identify(.) by extension 'ignore'
[0.904s] Level 1:colcon.colcon_core.package_identification:_identify(.) by extensions ['meson', 'python']
[0.904s] Level 1:colcon.colcon_core.package_identification:_identify(.) by extension 'meson'
[0.904s] Level 1:colcon.colcon_core.package_identification:_identify(.) by extension 'python'
[0.904s] Level 1:colcon.colcon_core.package_discovery:discover_packages(path) using defaults
[0.970s] INFO:colcon.colcon_core.executor:Executing jobs using 'sequential' executor
[0.973s] DEBUG:colcon.colcon_core.executor.sequential:closing loop
[0.974s] DEBUG:colcon.colcon_core.executor.sequential:loop closed
[0.974s] DEBUG:colcon.colcon_core.event_reactor:joining thread
[0.977s] DEBUG:colcon.colcon_core.event_reactor:joined thread
[0.981s] INFO:colcon.colcon_core.plugin_system:Skipping extension 'colcon_core.shell.bat': Not used on non-Windows systems
[0.982s] INFO:colcon.colcon_core.shell:Creating prefix script '/home/robosync/Robot/camera_ws/install/local_setup.sh'
[0.986s] INFO:colcon.colcon_core.shell:Creating prefix util module '/home/robosync/Robot/camera_ws/install/_local_setup_util_sh.py'
[0.995s] INFO:colcon.colcon_core.shell:Creating prefix chain script '/home/robosync/Robot/camera_ws/install/setup.sh'
