[0.000000] (-) TimerEvent: {}
[0.000918] (arduino_bridge) JobQueued: {'identifier': 'arduino_bridge', 'dependencies': OrderedDict()}
[0.000991] (robot_control) JobQueued: {'identifier': 'robot_control', 'dependencies': OrderedDict()}
[0.001014] (robot_description) JobQueued: {'identifier': 'robot_description', 'dependencies': OrderedDict()}
[0.001055] (robot_navigation) JobQueued: {'identifier': 'robot_navigation', 'dependencies': OrderedDict()}
[0.001116] (robot_perception) JobQueued: {'identifier': 'robot_perception', 'dependencies': OrderedDict()}
[0.001153] (robot_sensors) JobQueued: {'identifier': 'robot_sensors', 'dependencies': OrderedDict()}
[0.001210] (ros2arduino_bridge) JobQueued: {'identifier': 'ros2arduino_bridge', 'dependencies': OrderedDict()}
[0.001322] (vision_system) JobQueued: {'identifier': 'vision_system', 'dependencies': OrderedDict()}
[0.001374] (robot_bringup) JobQueued: {'identifier': 'robot_bringup', 'dependencies': OrderedDict([('robot_control', '/root/Dojo/install/robot_control'), ('robot_description', '/root/Dojo/install/robot_description'), ('robot_navigation', '/root/Dojo/install/robot_navigation'), ('robot_perception', '/root/Dojo/install/robot_perception'), ('robot_sensors', '/root/Dojo/install/robot_sensors')])}
[0.001418] (robot_gazebo) JobQueued: {'identifier': 'robot_gazebo', 'dependencies': OrderedDict([('robot_description', '/root/Dojo/install/robot_description')])}
[0.001446] (robot_description) JobStarted: {'identifier': 'robot_description'}
[0.008422] (robot_control) JobStarted: {'identifier': 'robot_control'}
[0.013284] (robot_navigation) JobStarted: {'identifier': 'robot_navigation'}
[0.017274] (robot_perception) JobStarted: {'identifier': 'robot_perception'}
[0.032404] (robot_sensors) JobStarted: {'identifier': 'robot_sensors'}
[0.038472] (arduino_bridge) JobStarted: {'identifier': 'arduino_bridge'}
[0.043486] (ros2arduino_bridge) JobStarted: {'identifier': 'ros2arduino_bridge'}
[0.049605] (vision_system) JobStarted: {'identifier': 'vision_system'}
[0.057236] (robot_description) JobProgress: {'identifier': 'robot_description', 'progress': 'cmake'}
[0.057778] (robot_description) JobProgress: {'identifier': 'robot_description', 'progress': 'build'}
[0.058414] (robot_description) Command: {'cmd': ['/usr/bin/cmake', '--build', '/root/Dojo/build/robot_description', '--', '-j16', '-l16'], 'cwd': '/root/Dojo/build/robot_description', 'env': OrderedDict([('HOSTNAME', 'gareth-joel-HP-Pavilion-Gaming-Laptop-15-ec2xxx'), ('SHLVL', '0'), ('LD_LIBRARY_PATH', '/usr/lib/x86_64-linux-gnu/gazebo-11/plugins:/opt/ros/humble/opt/rviz_ogre_vendor/lib:/opt/ros/humble/lib/x86_64-linux-gnu:/opt/ros/humble/lib'), ('HOME', '/root'), ('OLDPWD', '/'), ('ROS_PYTHON_VERSION', '3'), ('ROS_DISTRO', 'humble'), ('_', '/usr/bin/colcon'), ('ROS_VERSION', '2'), ('TERM', 'xterm'), ('ROS_LOCALHOST_ONLY', '0'), ('QT_X11_NO_MITSHM', '1'), ('PATH', '/opt/ros/humble/bin:/usr/local/sbin:/usr/local/bin:/usr/sbin:/usr/bin:/sbin:/bin'), ('DISPLAY', ':0'), ('LANG', 'C.UTF-8'), ('AMENT_PREFIX_PATH', '/opt/ros/humble'), ('PWD', '/root/Dojo/build/robot_description'), ('LC_ALL', 'C.UTF-8'), ('PYTHONPATH', '/opt/ros/humble/lib/python3.10/site-packages:/opt/ros/humble/local/lib/python3.10/dist-packages'), ('COLCON', '1'), ('CMAKE_PREFIX_PATH', '/opt/ros/humble')]), 'shell': False}
[0.099721] (-) TimerEvent: {}
[0.200062] (-) TimerEvent: {}
[0.300456] (-) TimerEvent: {}
[0.317723] (robot_navigation) JobProgress: {'identifier': 'robot_navigation', 'progress': 'cmake'}
[0.318368] (robot_navigation) JobProgress: {'identifier': 'robot_navigation', 'progress': 'build'}
[0.318594] (robot_navigation) Command: {'cmd': ['/usr/bin/cmake', '--build', '/root/Dojo/build/robot_navigation', '--', '-j16', '-l16'], 'cwd': '/root/Dojo/build/robot_navigation', 'env': OrderedDict([('HOSTNAME', 'gareth-joel-HP-Pavilion-Gaming-Laptop-15-ec2xxx'), ('SHLVL', '0'), ('LD_LIBRARY_PATH', '/usr/lib/x86_64-linux-gnu/gazebo-11/plugins:/opt/ros/humble/opt/rviz_ogre_vendor/lib:/opt/ros/humble/lib/x86_64-linux-gnu:/opt/ros/humble/lib'), ('HOME', '/root'), ('OLDPWD', '/'), ('ROS_PYTHON_VERSION', '3'), ('ROS_DISTRO', 'humble'), ('_', '/usr/bin/colcon'), ('ROS_VERSION', '2'), ('TERM', 'xterm'), ('ROS_LOCALHOST_ONLY', '0'), ('QT_X11_NO_MITSHM', '1'), ('PATH', '/opt/ros/humble/bin:/usr/local/sbin:/usr/local/bin:/usr/sbin:/usr/bin:/sbin:/bin'), ('DISPLAY', ':0'), ('LANG', 'C.UTF-8'), ('AMENT_PREFIX_PATH', '/opt/ros/humble'), ('PWD', '/root/Dojo/build/robot_navigation'), ('LC_ALL', 'C.UTF-8'), ('PYTHONPATH', '/opt/ros/humble/lib/python3.10/site-packages:/opt/ros/humble/local/lib/python3.10/dist-packages'), ('COLCON', '1'), ('CMAKE_PREFIX_PATH', '/opt/ros/humble')]), 'shell': False}
[0.320682] (robot_perception) JobProgress: {'identifier': 'robot_perception', 'progress': 'cmake'}
[0.320900] (robot_perception) JobProgress: {'identifier': 'robot_perception', 'progress': 'build'}
[0.321202] (robot_perception) Command: {'cmd': ['/usr/bin/cmake', '--build', '/root/Dojo/build/robot_perception', '--', '-j16', '-l16'], 'cwd': '/root/Dojo/build/robot_perception', 'env': OrderedDict([('HOSTNAME', 'gareth-joel-HP-Pavilion-Gaming-Laptop-15-ec2xxx'), ('SHLVL', '0'), ('LD_LIBRARY_PATH', '/usr/lib/x86_64-linux-gnu/gazebo-11/plugins:/opt/ros/humble/opt/rviz_ogre_vendor/lib:/opt/ros/humble/lib/x86_64-linux-gnu:/opt/ros/humble/lib'), ('HOME', '/root'), ('OLDPWD', '/'), ('ROS_PYTHON_VERSION', '3'), ('ROS_DISTRO', 'humble'), ('_', '/usr/bin/colcon'), ('ROS_VERSION', '2'), ('TERM', 'xterm'), ('ROS_LOCALHOST_ONLY', '0'), ('QT_X11_NO_MITSHM', '1'), ('PATH', '/opt/ros/humble/bin:/usr/local/sbin:/usr/local/bin:/usr/sbin:/usr/bin:/sbin:/bin'), ('DISPLAY', ':0'), ('LANG', 'C.UTF-8'), ('AMENT_PREFIX_PATH', '/opt/ros/humble'), ('PWD', '/root/Dojo/build/robot_perception'), ('LC_ALL', 'C.UTF-8'), ('PYTHONPATH', '/opt/ros/humble/lib/python3.10/site-packages:/opt/ros/humble/local/lib/python3.10/dist-packages'), ('COLCON', '1'), ('CMAKE_PREFIX_PATH', '/opt/ros/humble')]), 'shell': False}
[0.400599] (-) TimerEvent: {}
[0.501062] (-) TimerEvent: {}
[0.601444] (-) TimerEvent: {}
[0.701741] (-) TimerEvent: {}
[0.802061] (-) TimerEvent: {}
[0.902430] (-) TimerEvent: {}
[1.002741] (-) TimerEvent: {}
[1.059006] (robot_description) StdoutLine: {'line': b'Built target ament_cmake_python_symlink_robot_description\n'}
[1.059499] (robot_description) StdoutLine: {'line': b'running egg_info\n'}
[1.059593] (robot_description) StdoutLine: {'line': b'writing robot_description.egg-info/PKG-INFO\n'}
[1.060225] (robot_description) StdoutLine: {'line': b'writing dependency_links to robot_description.egg-info/dependency_links.txt\n'}
[1.060840] (robot_description) StdoutLine: {'line': b'writing top-level names to robot_description.egg-info/top_level.txt\n'}
[1.061039] (robot_description) StdoutLine: {'line': b"reading manifest file 'robot_description.egg-info/SOURCES.txt'\n"}
[1.061471] (robot_description) StdoutLine: {'line': b"writing manifest file 'robot_description.egg-info/SOURCES.txt'\n"}
[1.062011] (robot_description) StdoutLine: {'line': b'Built target ament_cmake_python_build_robot_description_egg\n'}
[1.062117] (robot_perception) StdoutLine: {'line': b'Built target ament_cmake_python_symlink_robot_perception\n'}
[1.062419] (robot_perception) StdoutLine: {'line': b'running egg_info\n'}
[1.062833] (robot_perception) StdoutLine: {'line': b'writing robot_perception.egg-info/PKG-INFO\n'}
[1.062932] (robot_perception) StdoutLine: {'line': b'writing dependency_links to robot_perception.egg-info/dependency_links.txt\n'}
[1.062995] (robot_perception) StdoutLine: {'line': b'writing top-level names to robot_perception.egg-info/top_level.txt\n'}
[1.063057] (robot_perception) StdoutLine: {'line': b"reading manifest file 'robot_perception.egg-info/SOURCES.txt'\n"}
[1.063116] (robot_perception) StdoutLine: {'line': b"writing manifest file 'robot_perception.egg-info/SOURCES.txt'\n"}
[1.063175] (robot_perception) StdoutLine: {'line': b'Built target ament_cmake_python_build_robot_perception_egg\n'}
[1.063234] (robot_navigation) CommandEnded: {'returncode': 0}
[1.063433] (robot_navigation) JobProgress: {'identifier': 'robot_navigation', 'progress': 'install'}
[1.073003] (robot_navigation) Command: {'cmd': ['/usr/bin/cmake', '--install', '/root/Dojo/build/robot_navigation'], 'cwd': '/root/Dojo/build/robot_navigation', 'env': OrderedDict([('HOSTNAME', 'gareth-joel-HP-Pavilion-Gaming-Laptop-15-ec2xxx'), ('SHLVL', '0'), ('LD_LIBRARY_PATH', '/usr/lib/x86_64-linux-gnu/gazebo-11/plugins:/opt/ros/humble/opt/rviz_ogre_vendor/lib:/opt/ros/humble/lib/x86_64-linux-gnu:/opt/ros/humble/lib'), ('HOME', '/root'), ('OLDPWD', '/'), ('ROS_PYTHON_VERSION', '3'), ('ROS_DISTRO', 'humble'), ('_', '/usr/bin/colcon'), ('ROS_VERSION', '2'), ('TERM', 'xterm'), ('ROS_LOCALHOST_ONLY', '0'), ('QT_X11_NO_MITSHM', '1'), ('PATH', '/opt/ros/humble/bin:/usr/local/sbin:/usr/local/bin:/usr/sbin:/usr/bin:/sbin:/bin'), ('DISPLAY', ':0'), ('LANG', 'C.UTF-8'), ('AMENT_PREFIX_PATH', '/opt/ros/humble'), ('PWD', '/root/Dojo/build/robot_navigation'), ('LC_ALL', 'C.UTF-8'), ('PYTHONPATH', '/opt/ros/humble/lib/python3.10/site-packages:/opt/ros/humble/local/lib/python3.10/dist-packages'), ('COLCON', '1'), ('CMAKE_PREFIX_PATH', '/opt/ros/humble')]), 'shell': False}
[1.102825] (-) TimerEvent: {}
[1.203102] (-) TimerEvent: {}
[1.303422] (-) TimerEvent: {}
[1.312941] (robot_perception) CommandEnded: {'returncode': 0}
[1.313637] (robot_perception) JobProgress: {'identifier': 'robot_perception', 'progress': 'install'}
[1.314685] (robot_perception) Command: {'cmd': ['/usr/bin/cmake', '--install', '/root/Dojo/build/robot_perception'], 'cwd': '/root/Dojo/build/robot_perception', 'env': OrderedDict([('HOSTNAME', 'gareth-joel-HP-Pavilion-Gaming-Laptop-15-ec2xxx'), ('SHLVL', '0'), ('LD_LIBRARY_PATH', '/usr/lib/x86_64-linux-gnu/gazebo-11/plugins:/opt/ros/humble/opt/rviz_ogre_vendor/lib:/opt/ros/humble/lib/x86_64-linux-gnu:/opt/ros/humble/lib'), ('HOME', '/root'), ('OLDPWD', '/'), ('ROS_PYTHON_VERSION', '3'), ('ROS_DISTRO', 'humble'), ('_', '/usr/bin/colcon'), ('ROS_VERSION', '2'), ('TERM', 'xterm'), ('ROS_LOCALHOST_ONLY', '0'), ('QT_X11_NO_MITSHM', '1'), ('PATH', '/opt/ros/humble/bin:/usr/local/sbin:/usr/local/bin:/usr/sbin:/usr/bin:/sbin:/bin'), ('DISPLAY', ':0'), ('LANG', 'C.UTF-8'), ('AMENT_PREFIX_PATH', '/opt/ros/humble'), ('PWD', '/root/Dojo/build/robot_perception'), ('LC_ALL', 'C.UTF-8'), ('PYTHONPATH', '/opt/ros/humble/lib/python3.10/site-packages:/opt/ros/humble/local/lib/python3.10/dist-packages'), ('COLCON', '1'), ('CMAKE_PREFIX_PATH', '/opt/ros/humble')]), 'shell': False}
[1.315398] (robot_description) CommandEnded: {'returncode': 0}
[1.316032] (robot_description) JobProgress: {'identifier': 'robot_description', 'progress': 'install'}
[1.316276] (robot_description) Command: {'cmd': ['/usr/bin/cmake', '--install', '/root/Dojo/build/robot_description'], 'cwd': '/root/Dojo/build/robot_description', 'env': OrderedDict([('HOSTNAME', 'gareth-joel-HP-Pavilion-Gaming-Laptop-15-ec2xxx'), ('SHLVL', '0'), ('LD_LIBRARY_PATH', '/usr/lib/x86_64-linux-gnu/gazebo-11/plugins:/opt/ros/humble/opt/rviz_ogre_vendor/lib:/opt/ros/humble/lib/x86_64-linux-gnu:/opt/ros/humble/lib'), ('HOME', '/root'), ('OLDPWD', '/'), ('ROS_PYTHON_VERSION', '3'), ('ROS_DISTRO', 'humble'), ('_', '/usr/bin/colcon'), ('ROS_VERSION', '2'), ('TERM', 'xterm'), ('ROS_LOCALHOST_ONLY', '0'), ('QT_X11_NO_MITSHM', '1'), ('PATH', '/opt/ros/humble/bin:/usr/local/sbin:/usr/local/bin:/usr/sbin:/usr/bin:/sbin:/bin'), ('DISPLAY', ':0'), ('LANG', 'C.UTF-8'), ('AMENT_PREFIX_PATH', '/opt/ros/humble'), ('PWD', '/root/Dojo/build/robot_description'), ('LC_ALL', 'C.UTF-8'), ('PYTHONPATH', '/opt/ros/humble/lib/python3.10/site-packages:/opt/ros/humble/local/lib/python3.10/dist-packages'), ('COLCON', '1'), ('CMAKE_PREFIX_PATH', '/opt/ros/humble')]), 'shell': False}
[1.318821] (robot_navigation) StdoutLine: {'line': b'-- Install configuration: ""\n'}
[1.319308] (robot_navigation) StdoutLine: {'line': b'-- Execute custom install script\n'}
[1.319447] (robot_navigation) StdoutLine: {'line': b'-- Up-to-date symlink: /root/Dojo/install/robot_navigation/share/robot_navigation/navigation.launch.py\n'}
[1.319842] (robot_navigation) StdoutLine: {'line': b'-- Up-to-date symlink: /root/Dojo/install/robot_navigation/share/robot_navigation/localization.launch.py\n'}
[1.319985] (robot_navigation) StdoutLine: {'line': b'-- Up-to-date symlink: /root/Dojo/install/robot_navigation/share/robot_navigation/map_server.launch.py\n'}
[1.320073] (robot_navigation) StdoutLine: {'line': b'-- Up-to-date symlink: /root/Dojo/install/robot_navigation/share/robot_navigation/nav2_params.yaml\n'}
[1.320179] (robot_navigation) StdoutLine: {'line': b'-- Up-to-date symlink: /root/Dojo/install/robot_navigation/share/robot_navigation/localization_params.yaml\n'}
[1.320255] (robot_navigation) StdoutLine: {'line': b'-- Up-to-date symlink: /root/Dojo/install/robot_navigation/share/robot_navigation/map_server_params.yaml\n'}
[1.320417] (robot_navigation) StdoutLine: {'line': b'-- Up-to-date symlink: /root/Dojo/install/robot_navigation/share/robot_navigation/bt_navigator_params.yaml\n'}
[1.320736] (robot_navigation) StdoutLine: {'line': b'-- Up-to-date symlink: /root/Dojo/install/robot_navigation/share/robot_navigation/planner_params.yaml\n'}
[1.321097] (robot_navigation) StdoutLine: {'line': b'-- Up-to-date symlink: /root/Dojo/install/robot_navigation/share/robot_navigation/controller_params.yaml\n'}
[1.323480] (robot_navigation) StdoutLine: {'line': b'-- Up-to-date symlink: /root/Dojo/install/robot_navigation/share/robot_navigation/costmap_common_params.yaml\n'}
[1.323589] (robot_navigation) StdoutLine: {'line': b'-- Up-to-date symlink: /root/Dojo/install/robot_navigation/share/robot_navigation/global_costmap_params.yaml\n'}
[1.323723] (robot_navigation) StdoutLine: {'line': b'-- Up-to-date symlink: /root/Dojo/install/robot_navigation/share/robot_navigation/local_costmap_params.yaml\n'}
[1.323818] (robot_navigation) StdoutLine: {'line': b'-- Up-to-date symlink: /root/Dojo/install/robot_navigation/share/robot_navigation/launch/localization.launch.py\n'}
[1.323904] (robot_navigation) StdoutLine: {'line': b'-- Up-to-date symlink: /root/Dojo/install/robot_navigation/share/robot_navigation/launch/map_server.launch.py\n'}
[1.324036] (robot_navigation) StdoutLine: {'line': b'-- Up-to-date symlink: /root/Dojo/install/robot_navigation/share/robot_navigation/launch/navigation.launch.py\n'}
[1.324879] (robot_navigation) StdoutLine: {'line': b'-- Up-to-date symlink: /root/Dojo/install/robot_navigation/share/robot_navigation/config/bt_navigator_params.yaml\n'}
[1.325114] (robot_navigation) StdoutLine: {'line': b'-- Up-to-date symlink: /root/Dojo/install/robot_navigation/share/robot_navigation/config/controller_params.yaml\n'}
[1.325439] (robot_navigation) StdoutLine: {'line': b'-- Up-to-date symlink: /root/Dojo/install/robot_navigation/share/robot_navigation/config/costmap_common_params.yaml\n'}
[1.325690] (robot_navigation) StdoutLine: {'line': b'-- Up-to-date symlink: /root/Dojo/install/robot_navigation/share/robot_navigation/config/global_costmap_params.yaml\n'}
[1.326226] (robot_navigation) StdoutLine: {'line': b'-- Up-to-date symlink: /root/Dojo/install/robot_navigation/share/robot_navigation/config/local_costmap_params.yaml\n'}
[1.326607] (robot_navigation) StdoutLine: {'line': b'-- Up-to-date symlink: /root/Dojo/install/robot_navigation/share/robot_navigation/config/localization_params.yaml\n'}
[1.326865] (robot_navigation) StdoutLine: {'line': b'-- Up-to-date symlink: /root/Dojo/install/robot_navigation/share/robot_navigation/config/map_server_params.yaml\n'}
[1.327560] (robot_navigation) StdoutLine: {'line': b'-- Up-to-date symlink: /root/Dojo/install/robot_navigation/share/robot_navigation/config/nav2_params.yaml\n'}
[1.328266] (robot_navigation) StdoutLine: {'line': b'-- Up-to-date symlink: /root/Dojo/install/robot_navigation/share/robot_navigation/config/planner_params.yaml\n'}
[1.328362] (robot_navigation) StdoutLine: {'line': b'-- Up-to-date symlink: /root/Dojo/install/robot_navigation/share/robot_navigation/config/bt_navigator_params.yaml\n'}
[1.328534] (robot_navigation) StdoutLine: {'line': b'-- Up-to-date symlink: /root/Dojo/install/robot_navigation/share/robot_navigation/config/controller_params.yaml\n'}
[1.328867] (robot_navigation) StdoutLine: {'line': b'-- Up-to-date symlink: /root/Dojo/install/robot_navigation/share/robot_navigation/config/costmap_common_params.yaml\n'}
[1.328992] (robot_navigation) StdoutLine: {'line': b'-- Up-to-date symlink: /root/Dojo/install/robot_navigation/share/robot_navigation/config/global_costmap_params.yaml\n'}
[1.329082] (robot_navigation) StdoutLine: {'line': b'-- Up-to-date symlink: /root/Dojo/install/robot_navigation/share/robot_navigation/config/local_costmap_params.yaml\n'}
[1.329223] (robot_navigation) StdoutLine: {'line': b'-- Up-to-date symlink: /root/Dojo/install/robot_navigation/share/robot_navigation/config/localization_params.yaml\n'}
[1.329551] (robot_navigation) StdoutLine: {'line': b'-- Up-to-date symlink: /root/Dojo/install/robot_navigation/share/robot_navigation/config/map_server_params.yaml\n'}
[1.329834] (robot_navigation) StdoutLine: {'line': b'-- Up-to-date symlink: /root/Dojo/install/robot_navigation/share/robot_navigation/config/nav2_params.yaml\n'}
[1.329975] (robot_navigation) StdoutLine: {'line': b'-- Up-to-date symlink: /root/Dojo/install/robot_navigation/share/robot_navigation/config/planner_params.yaml\n'}
[1.330980] (robot_navigation) StdoutLine: {'line': b'-- Up-to-date symlink: /root/Dojo/install/robot_navigation/share/robot_navigation/launch/localization.launch.py\n'}
[1.331120] (robot_navigation) StdoutLine: {'line': b'-- Up-to-date symlink: /root/Dojo/install/robot_navigation/share/robot_navigation/launch/map_server.launch.py\n'}
[1.331247] (robot_navigation) StdoutLine: {'line': b'-- Up-to-date symlink: /root/Dojo/install/robot_navigation/share/robot_navigation/launch/navigation.launch.py\n'}
[1.331488] (robot_navigation) StdoutLine: {'line': b'-- Up-to-date symlink: /root/Dojo/install/robot_navigation/share/ament_index/resource_index/package_run_dependencies/robot_navigation\n'}
[1.331876] (robot_navigation) StdoutLine: {'line': b'-- Up-to-date symlink: /root/Dojo/install/robot_navigation/share/ament_index/resource_index/parent_prefix_path/robot_navigation\n'}
[1.331977] (robot_navigation) StdoutLine: {'line': b'-- Up-to-date symlink: /root/Dojo/install/robot_navigation/share/robot_navigation/environment/ament_prefix_path.sh\n'}
[1.332397] (robot_navigation) StdoutLine: {'line': b'-- Up-to-date symlink: /root/Dojo/install/robot_navigation/share/robot_navigation/environment/ament_prefix_path.dsv\n'}
[1.332498] (robot_navigation) StdoutLine: {'line': b'-- Up-to-date symlink: /root/Dojo/install/robot_navigation/share/robot_navigation/environment/path.sh\n'}
[1.332593] (robot_navigation) StdoutLine: {'line': b'-- Up-to-date symlink: /root/Dojo/install/robot_navigation/share/robot_navigation/environment/path.dsv\n'}
[1.332725] (robot_navigation) StdoutLine: {'line': b'-- Up-to-date symlink: /root/Dojo/install/robot_navigation/share/robot_navigation/local_setup.bash\n'}
[1.332864] (robot_navigation) StdoutLine: {'line': b'-- Up-to-date symlink: /root/Dojo/install/robot_navigation/share/robot_navigation/local_setup.sh\n'}
[1.333077] (robot_navigation) StdoutLine: {'line': b'-- Up-to-date symlink: /root/Dojo/install/robot_navigation/share/robot_navigation/local_setup.zsh\n'}
[1.333690] (robot_navigation) StdoutLine: {'line': b'-- Up-to-date symlink: /root/Dojo/install/robot_navigation/share/robot_navigation/local_setup.dsv\n'}
[1.334745] (robot_navigation) StdoutLine: {'line': b'-- Symlinking: /root/Dojo/install/robot_navigation/share/robot_navigation/package.dsv\n'}
[1.336910] (robot_navigation) StdoutLine: {'line': b'-- Up-to-date symlink: /root/Dojo/install/robot_navigation/share/ament_index/resource_index/packages/robot_navigation\n'}
[1.337038] (robot_navigation) StdoutLine: {'line': b'-- Up-to-date symlink: /root/Dojo/install/robot_navigation/share/robot_navigation/cmake/robot_navigationConfig.cmake\n'}
[1.337140] (robot_navigation) StdoutLine: {'line': b'-- Up-to-date symlink: /root/Dojo/install/robot_navigation/share/robot_navigation/cmake/robot_navigationConfig-version.cmake\n'}
[1.337234] (robot_navigation) StdoutLine: {'line': b'-- Up-to-date symlink: /root/Dojo/install/robot_navigation/share/robot_navigation/package.xml\n'}
[1.337369] (robot_perception) StdoutLine: {'line': b'-- Install configuration: ""\n'}
[1.337568] (robot_perception) StdoutLine: {'line': b'-- Execute custom install script\n'}
[1.337653] (robot_perception) StdoutLine: {'line': b'-- Up-to-date symlink: /root/Dojo/install/robot_perception/share/robot_perception/environment/pythonpath.sh\n'}
[1.338008] (robot_perception) StdoutLine: {'line': b'-- Up-to-date symlink: /root/Dojo/install/robot_perception/share/robot_perception/environment/pythonpath.dsv\n'}
[1.338516] (robot_description) StdoutLine: {'line': b'-- Install configuration: ""\n'}
[1.339116] (robot_perception) StdoutLine: {'line': b'-- Up-to-date symlink: /root/Dojo/install/robot_perception/local/lib/python3.10/dist-packages/robot_perception-0.0.1-py3.10.egg-info/PKG-INFO\n'}
[1.340038] (robot_perception) StdoutLine: {'line': b'-- Up-to-date symlink: /root/Dojo/install/robot_perception/local/lib/python3.10/dist-packages/robot_perception-0.0.1-py3.10.egg-info/SOURCES.txt\n'}
[1.340912] (robot_perception) StdoutLine: {'line': b'-- Up-to-date symlink: /root/Dojo/install/robot_perception/local/lib/python3.10/dist-packages/robot_perception-0.0.1-py3.10.egg-info/dependency_links.txt\n'}
[1.341305] (robot_perception) StdoutLine: {'line': b'-- Up-to-date symlink: /root/Dojo/install/robot_perception/local/lib/python3.10/dist-packages/robot_perception-0.0.1-py3.10.egg-info/top_level.txt\n'}
[1.341558] (robot_description) StdoutLine: {'line': b'-- Execute custom install script\n'}
[1.341977] (robot_perception) StdoutLine: {'line': b'-- Up-to-date symlink: /root/Dojo/install/robot_perception/local/lib/python3.10/dist-packages/robot_perception/__init__.py\n'}
[1.342451] (robot_perception) StdoutLine: {'line': b'-- Up-to-date symlink: /root/Dojo/install/robot_perception/share/robot_perception/launch/perception.launch.py\n'}
[1.342668] (robot_perception) StdoutLine: {'line': b'-- Up-to-date symlink: /root/Dojo/install/robot_perception/share/robot_perception/launch/robot_perception.launch.py\n'}
[1.342826] (robot_description) StdoutLine: {'line': b'-- Up-to-date symlink: /root/Dojo/install/robot_description/share/robot_description/launch/display.launch.py\n'}
[1.343129] (robot_description) StdoutLine: {'line': b'-- Up-to-date symlink: /root/Dojo/install/robot_description/share/robot_description/launch/robot_state_publisher.launch.py\n'}
[1.343358] (robot_description) StdoutLine: {'line': b'-- Up-to-date symlink: /root/Dojo/install/robot_description/share/robot_description/urdf/robot.urdf\n'}
[1.343480] (robot_perception) StdoutLine: {'line': b'-- Up-to-date symlink: /root/Dojo/install/robot_perception/share/robot_perception/config/robot_perception_params.yaml\n'}
[1.343597] (robot_perception) StdoutLine: {'line': b'-- Up-to-date symlink: /root/Dojo/install/robot_perception/share/ament_index/resource_index/package_run_dependencies/robot_perception\n'}
[1.343684] (robot_perception) StdoutLine: {'line': b'-- Up-to-date symlink: /root/Dojo/install/robot_perception/share/ament_index/resource_index/parent_prefix_path/robot_perception\n'}
[1.343766] (robot_perception) StdoutLine: {'line': b'-- Up-to-date symlink: /root/Dojo/install/robot_perception/share/robot_perception/environment/ament_prefix_path.sh\n'}
[1.343838] (robot_description) StdoutLine: {'line': b'-- Up-to-date symlink: /root/Dojo/install/robot_description/share/robot_description/urdf/robot.urdf.xacro\n'}
[1.343912] (robot_description) StdoutLine: {'line': b'-- Up-to-date symlink: /root/Dojo/install/robot_description/share/robot_description/rviz/robot.rviz\n'}
[1.343984] (robot_perception) StdoutLine: {'line': b'-- Up-to-date symlink: /root/Dojo/install/robot_perception/share/robot_perception/environment/ament_prefix_path.dsv\n'}
[1.344146] (robot_perception) StdoutLine: {'line': b'-- Up-to-date symlink: /root/Dojo/install/robot_perception/share/robot_perception/environment/path.sh\n'}
[1.344278] (robot_perception) StdoutLine: {'line': b'-- Up-to-date symlink: /root/Dojo/install/robot_perception/share/robot_perception/environment/path.dsv\n'}
[1.344870] (robot_description) StdoutLine: {'line': b'-- Up-to-date symlink: /root/Dojo/install/robot_description/share/robot_description/environment/pythonpath.sh\n'}
[1.345176] (robot_description) StdoutLine: {'line': b'-- Up-to-date symlink: /root/Dojo/install/robot_description/share/robot_description/environment/pythonpath.dsv\n'}
[1.345407] (robot_perception) StdoutLine: {'line': b'-- Up-to-date symlink: /root/Dojo/install/robot_perception/share/robot_perception/local_setup.bash\n'}
[1.345632] (robot_perception) StdoutLine: {'line': b'-- Up-to-date symlink: /root/Dojo/install/robot_perception/share/robot_perception/local_setup.sh\n'}
[1.345849] (robot_perception) StdoutLine: {'line': b'-- Up-to-date symlink: /root/Dojo/install/robot_perception/share/robot_perception/local_setup.zsh\n'}
[1.345985] (robot_perception) StdoutLine: {'line': b'-- Up-to-date symlink: /root/Dojo/install/robot_perception/share/robot_perception/local_setup.dsv\n'}
[1.346116] (robot_perception) StdoutLine: {'line': b'-- Symlinking: /root/Dojo/install/robot_perception/share/robot_perception/package.dsv\n'}
[1.346233] (robot_description) StdoutLine: {'line': b'-- Up-to-date symlink: /root/Dojo/install/robot_description/local/lib/python3.10/dist-packages/robot_description-0.0.1-py3.10.egg-info/PKG-INFO\n'}
[1.346483] (robot_description) StdoutLine: {'line': b'-- Up-to-date symlink: /root/Dojo/install/robot_description/local/lib/python3.10/dist-packages/robot_description-0.0.1-py3.10.egg-info/SOURCES.txt\n'}
[1.346826] (robot_description) StdoutLine: {'line': b'-- Up-to-date symlink: /root/Dojo/install/robot_description/local/lib/python3.10/dist-packages/robot_description-0.0.1-py3.10.egg-info/dependency_links.txt\n'}
[1.347099] (robot_description) StdoutLine: {'line': b'-- Up-to-date symlink: /root/Dojo/install/robot_description/local/lib/python3.10/dist-packages/robot_description-0.0.1-py3.10.egg-info/top_level.txt\n'}
[1.348498] (robot_description) StdoutLine: {'line': b'-- Up-to-date symlink: /root/Dojo/install/robot_description/local/lib/python3.10/dist-packages/robot_description/__init__.py\n'}
[1.348754] (robot_description) StdoutLine: {'line': b'-- Up-to-date symlink: /root/Dojo/install/robot_description/lib/robot_description/display_robot.py\n'}
[1.349020] (robot_description) StdoutLine: {'line': b'-- Up-to-date symlink: /root/Dojo/install/robot_description/share/ament_index/resource_index/package_run_dependencies/robot_description\n'}
[1.349347] (robot_description) StdoutLine: {'line': b'-- Up-to-date symlink: /root/Dojo/install/robot_description/share/ament_index/resource_index/parent_prefix_path/robot_description\n'}
[1.349786] (robot_description) StdoutLine: {'line': b'-- Up-to-date symlink: /root/Dojo/install/robot_description/share/robot_description/environment/ament_prefix_path.sh\n'}
[1.350312] (robot_description) StdoutLine: {'line': b'-- Up-to-date symlink: /root/Dojo/install/robot_description/share/robot_description/environment/ament_prefix_path.dsv\n'}
[1.350502] (robot_description) StdoutLine: {'line': b'-- Up-to-date symlink: /root/Dojo/install/robot_description/share/robot_description/environment/path.sh\n'}
[1.350614] (robot_description) StdoutLine: {'line': b'-- Up-to-date symlink: /root/Dojo/install/robot_description/share/robot_description/environment/path.dsv\n'}
[1.350735] (robot_description) StdoutLine: {'line': b'-- Up-to-date symlink: /root/Dojo/install/robot_description/share/robot_description/local_setup.bash\n'}
[1.350939] (robot_description) StdoutLine: {'line': b'-- Up-to-date symlink: /root/Dojo/install/robot_description/share/robot_description/local_setup.sh\n'}
[1.351111] (robot_description) StdoutLine: {'line': b'-- Up-to-date symlink: /root/Dojo/install/robot_description/share/robot_description/local_setup.zsh\n'}
[1.351304] (robot_description) StdoutLine: {'line': b'-- Up-to-date symlink: /root/Dojo/install/robot_description/share/robot_description/local_setup.dsv\n'}
[1.351803] (robot_description) StdoutLine: {'line': b'-- Symlinking: /root/Dojo/install/robot_description/share/robot_description/package.dsv\n'}
[1.352682] (robot_navigation) CommandEnded: {'returncode': 0}
[1.352997] (robot_perception) StdoutLine: {'line': b'-- Up-to-date symlink: /root/Dojo/install/robot_perception/share/ament_index/resource_index/packages/robot_perception\n'}
[1.353500] (robot_description) StdoutLine: {'line': b'-- Up-to-date symlink: /root/Dojo/install/robot_description/share/ament_index/resource_index/packages/robot_description\n'}
[1.353693] (robot_perception) StdoutLine: {'line': b'-- Up-to-date symlink: /root/Dojo/install/robot_perception/share/robot_perception/cmake/robot_perceptionConfig.cmake\n'}
[1.353948] (robot_perception) StdoutLine: {'line': b'-- Up-to-date symlink: /root/Dojo/install/robot_perception/share/robot_perception/cmake/robot_perceptionConfig-version.cmake\n'}
[1.354442] (robot_perception) StdoutLine: {'line': b'-- Up-to-date symlink: /root/Dojo/install/robot_perception/share/robot_perception/package.xml\n'}
[1.354674] (robot_description) StdoutLine: {'line': b'-- Up-to-date symlink: /root/Dojo/install/robot_description/share/robot_description/cmake/robot_descriptionConfig.cmake\n'}
[1.355057] (robot_description) StdoutLine: {'line': b'-- Up-to-date symlink: /root/Dojo/install/robot_description/share/robot_description/cmake/robot_descriptionConfig-version.cmake\n'}
[1.355581] (robot_description) StdoutLine: {'line': b'-- Up-to-date symlink: /root/Dojo/install/robot_description/share/robot_description/package.xml\n'}
[1.355719] (robot_description) StdoutLine: {'line': b'-- Up-to-date: /root/Dojo/install/robot_description/share/robot_description\n'}
[1.355840] (robot_description) StdoutLine: {'line': b'-- Up-to-date: /root/Dojo/install/robot_description/share/robot_description/urdf\n'}
[1.356053] (robot_description) StdoutLine: {'line': b'-- Up-to-date: /root/Dojo/install/robot_description/share/robot_description/include\n'}
[1.356620] (robot_description) StdoutLine: {'line': b'-- Up-to-date: /root/Dojo/install/robot_description/share/robot_description/include/robot_description\n'}
[1.357460] (robot_description) StdoutLine: {'line': b'-- Up-to-date: /root/Dojo/install/robot_description/share/robot_description/rviz\n'}
[1.359593] (robot_description) StdoutLine: {'line': b'-- Up-to-date: /root/Dojo/install/robot_description/share/robot_description/src\n'}
[1.359802] (robot_description) StdoutLine: {'line': b'-- Up-to-date: /root/Dojo/install/robot_description/share/robot_description/src/robot_description\n'}
[1.360217] (robot_description) StdoutLine: {'line': b'-- Up-to-date: /root/Dojo/install/robot_description/share/robot_description/meshes\n'}
[1.360375] (robot_description) StdoutLine: {'line': b'-- Up-to-date: /root/Dojo/install/robot_description/share/robot_description/robot_description\n'}
[1.360556] (robot_description) StdoutLine: {'line': b'-- Up-to-date: /root/Dojo/install/robot_description/share/robot_description/robot_description/robot_description\n'}
[1.361255] (robot_description) StdoutLine: {'line': b'-- Up-to-date: /root/Dojo/install/robot_description/share/robot_description/scripts\n'}
[1.361444] (robot_description) StdoutLine: {'line': b'-- Up-to-date: /root/Dojo/install/robot_description/share/robot_description/resource\n'}
[1.361866] (robot_description) StdoutLine: {'line': b'-- Up-to-date: /root/Dojo/install/robot_description/share/robot_description/launch\n'}
[1.362004] (robot_description) StdoutLine: {'line': b'-- Up-to-date: /root/Dojo/install/robot_description/share/robot_description/config\n'}
[1.363050] (robot_description) StdoutLine: {'line': b'-- Up-to-date: /root/Dojo/install/robot_description/lib/robot_description/robot_description\n'}
[1.363276] (robot_description) StdoutLine: {'line': b'-- Up-to-date: /root/Dojo/install/robot_description/lib/robot_description/robot_description/__init__.py\n'}
[1.378236] (robot_navigation) JobEnded: {'identifier': 'robot_navigation', 'rc': 0}
[1.384020] (robot_perception) StdoutLine: {'line': b"Listing '/root/Dojo/install/robot_perception/local/lib/python3.10/dist-packages/robot_perception'...\n"}
[1.392550] (robot_description) StdoutLine: {'line': b"Listing '/root/Dojo/install/robot_description/local/lib/python3.10/dist-packages/robot_description'...\n"}
[1.393250] (robot_perception) CommandEnded: {'returncode': 0}
[1.403510] (-) TimerEvent: {}
[1.415715] (robot_perception) JobEnded: {'identifier': 'robot_perception', 'rc': 0}
[1.416868] (robot_description) CommandEnded: {'returncode': 0}
[1.434653] (robot_description) JobEnded: {'identifier': 'robot_description', 'rc': 0}
[1.435885] (robot_gazebo) JobStarted: {'identifier': 'robot_gazebo'}
[1.444350] (robot_gazebo) JobProgress: {'identifier': 'robot_gazebo', 'progress': 'cmake'}
[1.445872] (robot_gazebo) JobProgress: {'identifier': 'robot_gazebo', 'progress': 'build'}
[1.447163] (robot_gazebo) Command: {'cmd': ['/usr/bin/cmake', '--build', '/root/Dojo/build/robot_gazebo', '--', '-j16', '-l16'], 'cwd': '/root/Dojo/build/robot_gazebo', 'env': OrderedDict([('HOSTNAME', 'gareth-joel-HP-Pavilion-Gaming-Laptop-15-ec2xxx'), ('SHLVL', '0'), ('LD_LIBRARY_PATH', '/usr/lib/x86_64-linux-gnu/gazebo-11/plugins:/opt/ros/humble/opt/rviz_ogre_vendor/lib:/opt/ros/humble/lib/x86_64-linux-gnu:/opt/ros/humble/lib'), ('HOME', '/root'), ('OLDPWD', '/'), ('ROS_PYTHON_VERSION', '3'), ('ROS_DISTRO', 'humble'), ('_', '/usr/bin/colcon'), ('ROS_VERSION', '2'), ('TERM', 'xterm'), ('ROS_LOCALHOST_ONLY', '0'), ('QT_X11_NO_MITSHM', '1'), ('PATH', '/opt/ros/humble/bin:/usr/local/sbin:/usr/local/bin:/usr/sbin:/usr/bin:/sbin:/bin'), ('DISPLAY', ':0'), ('LANG', 'C.UTF-8'), ('AMENT_PREFIX_PATH', '/root/Dojo/install/robot_description:/opt/ros/humble'), ('PWD', '/root/Dojo/build/robot_gazebo'), ('LC_ALL', 'C.UTF-8'), ('PYTHONPATH', '/root/Dojo/install/robot_description/local/lib/python3.10/dist-packages:/opt/ros/humble/lib/python3.10/site-packages:/opt/ros/humble/local/lib/python3.10/dist-packages'), ('COLCON', '1'), ('CMAKE_PREFIX_PATH', '/root/Dojo/install/robot_description:/opt/ros/humble')]), 'shell': False}
[1.503609] (-) TimerEvent: {}
[1.507919] (robot_gazebo) CommandEnded: {'returncode': 0}
[1.508823] (robot_gazebo) JobProgress: {'identifier': 'robot_gazebo', 'progress': 'install'}
[1.509364] (robot_gazebo) Command: {'cmd': ['/usr/bin/cmake', '--install', '/root/Dojo/build/robot_gazebo'], 'cwd': '/root/Dojo/build/robot_gazebo', 'env': OrderedDict([('HOSTNAME', 'gareth-joel-HP-Pavilion-Gaming-Laptop-15-ec2xxx'), ('SHLVL', '0'), ('LD_LIBRARY_PATH', '/usr/lib/x86_64-linux-gnu/gazebo-11/plugins:/opt/ros/humble/opt/rviz_ogre_vendor/lib:/opt/ros/humble/lib/x86_64-linux-gnu:/opt/ros/humble/lib'), ('HOME', '/root'), ('OLDPWD', '/'), ('ROS_PYTHON_VERSION', '3'), ('ROS_DISTRO', 'humble'), ('_', '/usr/bin/colcon'), ('ROS_VERSION', '2'), ('TERM', 'xterm'), ('ROS_LOCALHOST_ONLY', '0'), ('QT_X11_NO_MITSHM', '1'), ('PATH', '/opt/ros/humble/bin:/usr/local/sbin:/usr/local/bin:/usr/sbin:/usr/bin:/sbin:/bin'), ('DISPLAY', ':0'), ('LANG', 'C.UTF-8'), ('AMENT_PREFIX_PATH', '/root/Dojo/install/robot_description:/opt/ros/humble'), ('PWD', '/root/Dojo/build/robot_gazebo'), ('LC_ALL', 'C.UTF-8'), ('PYTHONPATH', '/root/Dojo/install/robot_description/local/lib/python3.10/dist-packages:/opt/ros/humble/lib/python3.10/site-packages:/opt/ros/humble/local/lib/python3.10/dist-packages'), ('COLCON', '1'), ('CMAKE_PREFIX_PATH', '/root/Dojo/install/robot_description:/opt/ros/humble')]), 'shell': False}
[1.519523] (robot_gazebo) StdoutLine: {'line': b'-- Install configuration: ""\n'}
[1.520247] (robot_gazebo) StdoutLine: {'line': b'-- Execute custom install script\n'}
[1.520749] (robot_gazebo) StdoutLine: {'line': b'-- Up-to-date symlink: /root/Dojo/install/robot_gazebo/share/robot_gazebo/launch/gazebo.launch.py\n'}
[1.520974] (robot_gazebo) StdoutLine: {'line': b'-- Up-to-date symlink: /root/Dojo/install/robot_gazebo/share/robot_gazebo/launch/robot_simulation.launch.py\n'}
[1.521348] (robot_gazebo) StdoutLine: {'line': b'-- Up-to-date symlink: /root/Dojo/install/robot_gazebo/share/robot_gazebo/config/diff_drive_controller.yaml\n'}
[1.521713] (robot_gazebo) StdoutLine: {'line': b'-- Up-to-date symlink: /root/Dojo/install/robot_gazebo/share/robot_gazebo/rviz/robot_simulation.rviz\n'}
[1.522061] (robot_gazebo) StdoutLine: {'line': b'-- Up-to-date symlink: /root/Dojo/install/robot_gazebo/share/robot_gazebo/worlds/empty.world\n'}
[1.522341] (robot_gazebo) StdoutLine: {'line': b'-- Up-to-date symlink: /root/Dojo/install/robot_gazebo/share/ament_index/resource_index/package_run_dependencies/robot_gazebo\n'}
[1.522600] (robot_gazebo) StdoutLine: {'line': b'-- Up-to-date symlink: /root/Dojo/install/robot_gazebo/share/ament_index/resource_index/parent_prefix_path/robot_gazebo\n'}
[1.522860] (robot_gazebo) StdoutLine: {'line': b'-- Up-to-date symlink: /root/Dojo/install/robot_gazebo/share/robot_gazebo/environment/ament_prefix_path.sh\n'}
[1.523089] (robot_gazebo) StdoutLine: {'line': b'-- Up-to-date symlink: /root/Dojo/install/robot_gazebo/share/robot_gazebo/environment/ament_prefix_path.dsv\n'}
[1.523351] (robot_gazebo) StdoutLine: {'line': b'-- Up-to-date symlink: /root/Dojo/install/robot_gazebo/share/robot_gazebo/environment/path.sh\n'}
[1.523579] (robot_gazebo) StdoutLine: {'line': b'-- Up-to-date symlink: /root/Dojo/install/robot_gazebo/share/robot_gazebo/environment/path.dsv\n'}
[1.523801] (robot_gazebo) StdoutLine: {'line': b'-- Up-to-date symlink: /root/Dojo/install/robot_gazebo/share/robot_gazebo/local_setup.bash\n'}
[1.524027] (robot_gazebo) StdoutLine: {'line': b'-- Up-to-date symlink: /root/Dojo/install/robot_gazebo/share/robot_gazebo/local_setup.sh\n'}
[1.524251] (robot_gazebo) StdoutLine: {'line': b'-- Up-to-date symlink: /root/Dojo/install/robot_gazebo/share/robot_gazebo/local_setup.zsh\n'}
[1.524600] (robot_gazebo) StdoutLine: {'line': b'-- Up-to-date symlink: /root/Dojo/install/robot_gazebo/share/robot_gazebo/local_setup.dsv\n'}
[1.524759] (robot_gazebo) StdoutLine: {'line': b'-- Symlinking: /root/Dojo/install/robot_gazebo/share/robot_gazebo/package.dsv\n'}
[1.537841] (robot_gazebo) StdoutLine: {'line': b'-- Up-to-date symlink: /root/Dojo/install/robot_gazebo/share/ament_index/resource_index/packages/robot_gazebo\n'}
[1.538148] (robot_gazebo) StdoutLine: {'line': b'-- Up-to-date symlink: /root/Dojo/install/robot_gazebo/share/robot_gazebo/cmake/robot_gazeboConfig.cmake\n'}
[1.538384] (robot_gazebo) StdoutLine: {'line': b'-- Up-to-date symlink: /root/Dojo/install/robot_gazebo/share/robot_gazebo/cmake/robot_gazeboConfig-version.cmake\n'}
[1.538583] (robot_gazebo) StdoutLine: {'line': b'-- Up-to-date symlink: /root/Dojo/install/robot_gazebo/share/robot_gazebo/package.xml\n'}
[1.538777] (robot_gazebo) StdoutLine: {'line': b'-- Up-to-date: /root/Dojo/install/robot_gazebo/lib/robot_gazebo\n'}
[1.538915] (robot_gazebo) StdoutLine: {'line': b'-- Up-to-date: /root/Dojo/install/robot_gazebo/lib/robot_gazebo/spawn_robot.py\n'}
[1.541579] (robot_gazebo) CommandEnded: {'returncode': 0}
[1.556084] (robot_gazebo) JobEnded: {'identifier': 'robot_gazebo', 'rc': 0}
[1.603714] (-) TimerEvent: {}
[1.704038] (-) TimerEvent: {}
[1.744007] (robot_sensors) Command: {'cmd': ['/usr/bin/python3', '-W', 'ignore:setup.py install is deprecated', '-W', 'ignore:easy_install command is deprecated', 'setup.py', 'develop', '--editable', '--build-directory', '/root/Dojo/build/robot_sensors/build', '--no-deps', 'symlink_data'], 'cwd': '/root/Dojo/build/robot_sensors', 'env': {'HOSTNAME': 'gareth-joel-HP-Pavilion-Gaming-Laptop-15-ec2xxx', 'SHLVL': '0', 'LD_LIBRARY_PATH': '/usr/lib/x86_64-linux-gnu/gazebo-11/plugins:/opt/ros/humble/opt/rviz_ogre_vendor/lib:/opt/ros/humble/lib/x86_64-linux-gnu:/opt/ros/humble/lib', 'HOME': '/root', 'OLDPWD': '/', 'ROS_PYTHON_VERSION': '3', 'ROS_DISTRO': 'humble', '_': '/usr/bin/colcon', 'ROS_VERSION': '2', 'TERM': 'xterm', 'ROS_LOCALHOST_ONLY': '0', 'QT_X11_NO_MITSHM': '1', 'PATH': '/opt/ros/humble/bin:/usr/local/sbin:/usr/local/bin:/usr/sbin:/usr/bin:/sbin:/bin', 'DISPLAY': ':0', 'LANG': 'C.UTF-8', 'AMENT_PREFIX_PATH': '/opt/ros/humble', 'PWD': '/root/Dojo/build/robot_sensors', 'LC_ALL': 'C.UTF-8', 'PYTHONPATH': '/root/Dojo/build/robot_sensors/prefix_override:/usr/lib/python3/dist-packages/colcon_core/task/python/colcon_distutils_commands:/root/Dojo/install/robot_sensors/lib/python3.10/site-packages:/opt/ros/humble/lib/python3.10/site-packages:/opt/ros/humble/local/lib/python3.10/dist-packages', 'COLCON': '1'}, 'shell': False}
[1.750863] (robot_control) Command: {'cmd': ['/usr/bin/python3', '-W', 'ignore:setup.py install is deprecated', '-W', 'ignore:easy_install command is deprecated', 'setup.py', 'develop', '--editable', '--build-directory', '/root/Dojo/build/robot_control/build', '--no-deps', 'symlink_data'], 'cwd': '/root/Dojo/build/robot_control', 'env': {'HOSTNAME': 'gareth-joel-HP-Pavilion-Gaming-Laptop-15-ec2xxx', 'SHLVL': '0', 'LD_LIBRARY_PATH': '/usr/lib/x86_64-linux-gnu/gazebo-11/plugins:/opt/ros/humble/opt/rviz_ogre_vendor/lib:/opt/ros/humble/lib/x86_64-linux-gnu:/opt/ros/humble/lib', 'HOME': '/root', 'OLDPWD': '/', 'ROS_PYTHON_VERSION': '3', 'ROS_DISTRO': 'humble', '_': '/usr/bin/colcon', 'ROS_VERSION': '2', 'TERM': 'xterm', 'ROS_LOCALHOST_ONLY': '0', 'QT_X11_NO_MITSHM': '1', 'PATH': '/opt/ros/humble/bin:/usr/local/sbin:/usr/local/bin:/usr/sbin:/usr/bin:/sbin:/bin', 'DISPLAY': ':0', 'LANG': 'C.UTF-8', 'AMENT_PREFIX_PATH': '/opt/ros/humble', 'PWD': '/root/Dojo/build/robot_control', 'LC_ALL': 'C.UTF-8', 'PYTHONPATH': '/root/Dojo/build/robot_control/prefix_override:/usr/lib/python3/dist-packages/colcon_core/task/python/colcon_distutils_commands:/root/Dojo/install/robot_control/lib/python3.10/site-packages:/opt/ros/humble/lib/python3.10/site-packages:/opt/ros/humble/local/lib/python3.10/dist-packages', 'COLCON': '1'}, 'shell': False}
[1.760501] (vision_system) Command: {'cmd': ['/usr/bin/python3', '-W', 'ignore:setup.py install is deprecated', '-W', 'ignore:easy_install command is deprecated', 'setup.py', 'develop', '--editable', '--build-directory', '/root/Dojo/build/vision_system/build', '--no-deps', 'symlink_data'], 'cwd': '/root/Dojo/build/vision_system', 'env': {'HOSTNAME': 'gareth-joel-HP-Pavilion-Gaming-Laptop-15-ec2xxx', 'SHLVL': '0', 'LD_LIBRARY_PATH': '/usr/lib/x86_64-linux-gnu/gazebo-11/plugins:/opt/ros/humble/opt/rviz_ogre_vendor/lib:/opt/ros/humble/lib/x86_64-linux-gnu:/opt/ros/humble/lib', 'HOME': '/root', 'OLDPWD': '/', 'ROS_PYTHON_VERSION': '3', 'ROS_DISTRO': 'humble', '_': '/usr/bin/colcon', 'ROS_VERSION': '2', 'TERM': 'xterm', 'ROS_LOCALHOST_ONLY': '0', 'QT_X11_NO_MITSHM': '1', 'PATH': '/opt/ros/humble/bin:/usr/local/sbin:/usr/local/bin:/usr/sbin:/usr/bin:/sbin:/bin', 'DISPLAY': ':0', 'LANG': 'C.UTF-8', 'AMENT_PREFIX_PATH': '/opt/ros/humble', 'PWD': '/root/Dojo/build/vision_system', 'LC_ALL': 'C.UTF-8', 'PYTHONPATH': '/root/Dojo/build/vision_system/prefix_override:/usr/lib/python3/dist-packages/colcon_core/task/python/colcon_distutils_commands:/root/Dojo/install/vision_system/lib/python3.10/site-packages:/opt/ros/humble/lib/python3.10/site-packages:/opt/ros/humble/local/lib/python3.10/dist-packages', 'COLCON': '1'}, 'shell': False}
[1.764222] (arduino_bridge) Command: {'cmd': ['/usr/bin/python3', '-W', 'ignore:setup.py install is deprecated', '-W', 'ignore:easy_install command is deprecated', 'setup.py', 'develop', '--editable', '--build-directory', '/root/Dojo/build/arduino_bridge/build', '--no-deps', 'symlink_data'], 'cwd': '/root/Dojo/build/arduino_bridge', 'env': {'HOSTNAME': 'gareth-joel-HP-Pavilion-Gaming-Laptop-15-ec2xxx', 'SHLVL': '0', 'LD_LIBRARY_PATH': '/usr/lib/x86_64-linux-gnu/gazebo-11/plugins:/opt/ros/humble/opt/rviz_ogre_vendor/lib:/opt/ros/humble/lib/x86_64-linux-gnu:/opt/ros/humble/lib', 'HOME': '/root', 'OLDPWD': '/', 'ROS_PYTHON_VERSION': '3', 'ROS_DISTRO': 'humble', '_': '/usr/bin/colcon', 'ROS_VERSION': '2', 'TERM': 'xterm', 'ROS_LOCALHOST_ONLY': '0', 'QT_X11_NO_MITSHM': '1', 'PATH': '/opt/ros/humble/bin:/usr/local/sbin:/usr/local/bin:/usr/sbin:/usr/bin:/sbin:/bin', 'DISPLAY': ':0', 'LANG': 'C.UTF-8', 'AMENT_PREFIX_PATH': '/opt/ros/humble', 'PWD': '/root/Dojo/build/arduino_bridge', 'LC_ALL': 'C.UTF-8', 'PYTHONPATH': '/root/Dojo/build/arduino_bridge/prefix_override:/usr/lib/python3/dist-packages/colcon_core/task/python/colcon_distutils_commands:/root/Dojo/install/arduino_bridge/lib/python3.10/site-packages:/opt/ros/humble/lib/python3.10/site-packages:/opt/ros/humble/local/lib/python3.10/dist-packages', 'COLCON': '1'}, 'shell': False}
[1.769803] (ros2arduino_bridge) Command: {'cmd': ['/usr/bin/python3', '-W', 'ignore:setup.py install is deprecated', '-W', 'ignore:easy_install command is deprecated', 'setup.py', 'develop', '--editable', '--build-directory', '/root/Dojo/build/ros2arduino_bridge/build', '--no-deps', 'symlink_data'], 'cwd': '/root/Dojo/build/ros2arduino_bridge', 'env': {'HOSTNAME': 'gareth-joel-HP-Pavilion-Gaming-Laptop-15-ec2xxx', 'SHLVL': '0', 'LD_LIBRARY_PATH': '/usr/lib/x86_64-linux-gnu/gazebo-11/plugins:/opt/ros/humble/opt/rviz_ogre_vendor/lib:/opt/ros/humble/lib/x86_64-linux-gnu:/opt/ros/humble/lib', 'HOME': '/root', 'OLDPWD': '/', 'ROS_PYTHON_VERSION': '3', 'ROS_DISTRO': 'humble', '_': '/usr/bin/colcon', 'ROS_VERSION': '2', 'TERM': 'xterm', 'ROS_LOCALHOST_ONLY': '0', 'QT_X11_NO_MITSHM': '1', 'PATH': '/opt/ros/humble/bin:/usr/local/sbin:/usr/local/bin:/usr/sbin:/usr/bin:/sbin:/bin', 'DISPLAY': ':0', 'LANG': 'C.UTF-8', 'AMENT_PREFIX_PATH': '/opt/ros/humble', 'PWD': '/root/Dojo/build/ros2arduino_bridge', 'LC_ALL': 'C.UTF-8', 'PYTHONPATH': '/root/Dojo/build/ros2arduino_bridge/prefix_override:/usr/lib/python3/dist-packages/colcon_core/task/python/colcon_distutils_commands:/root/Dojo/install/ros2arduino_bridge/lib/python3.10/site-packages:/opt/ros/humble/lib/python3.10/site-packages:/opt/ros/humble/local/lib/python3.10/dist-packages', 'COLCON': '1'}, 'shell': False}
[1.804136] (-) TimerEvent: {}
[1.904487] (-) TimerEvent: {}
[2.005324] (-) TimerEvent: {}
[2.075392] (robot_sensors) StdoutLine: {'line': b'running develop\n'}
[2.087691] (vision_system) StdoutLine: {'line': b'running develop\n'}
[2.094549] (ros2arduino_bridge) StderrLine: {'line': b"/usr/lib/python3/dist-packages/setuptools/dist.py:723: UserWarning: Usage of dash-separated 'script-dir' will not be supported in future versions. Please use the underscore name 'script_dir' instead\n"}
[2.094834] (ros2arduino_bridge) StderrLine: {'line': b'  warnings.warn(\n'}
[2.095706] (robot_control) StdoutLine: {'line': b'running develop\n'}
[2.106081] (-) TimerEvent: {}
[2.112177] (arduino_bridge) StdoutLine: {'line': b'running develop\n'}
[2.141753] (ros2arduino_bridge) StdoutLine: {'line': b'running develop\n'}
[2.206187] (-) TimerEvent: {}
[2.266155] (robot_sensors) StdoutLine: {'line': b'running egg_info\n'}
[2.266563] (vision_system) StdoutLine: {'line': b'running egg_info\n'}
[2.266858] (vision_system) StdoutLine: {'line': b'writing vision_system.egg-info/PKG-INFO\n'}
[2.267061] (robot_sensors) StdoutLine: {'line': b'writing robot_sensors.egg-info/PKG-INFO\n'}
[2.267222] (vision_system) StdoutLine: {'line': b'writing dependency_links to vision_system.egg-info/dependency_links.txt\n'}
[2.267394] (robot_sensors) StdoutLine: {'line': b'writing dependency_links to robot_sensors.egg-info/dependency_links.txt\n'}
[2.267611] (robot_sensors) StdoutLine: {'line': b'writing entry points to robot_sensors.egg-info/entry_points.txt\n'}
[2.267747] (robot_sensors) StdoutLine: {'line': b'writing requirements to robot_sensors.egg-info/requires.txt\n'}
[2.267877] (robot_sensors) StdoutLine: {'line': b'writing top-level names to robot_sensors.egg-info/top_level.txt\n'}
[2.268075] (vision_system) StdoutLine: {'line': b'writing entry points to vision_system.egg-info/entry_points.txt\n'}
[2.268266] (vision_system) StdoutLine: {'line': b'writing requirements to vision_system.egg-info/requires.txt\n'}
[2.268423] (vision_system) StdoutLine: {'line': b'writing top-level names to vision_system.egg-info/top_level.txt\n'}
[2.269713] (vision_system) StdoutLine: {'line': b"reading manifest file 'vision_system.egg-info/SOURCES.txt'\n"}
[2.270066] (robot_sensors) StdoutLine: {'line': b"reading manifest file 'robot_sensors.egg-info/SOURCES.txt'\n"}
[2.270568] (vision_system) StdoutLine: {'line': b"writing manifest file 'vision_system.egg-info/SOURCES.txt'\n"}
[2.270897] (robot_sensors) StdoutLine: {'line': b"writing manifest file 'robot_sensors.egg-info/SOURCES.txt'\n"}
[2.271987] (vision_system) StdoutLine: {'line': b'running build_ext\n'}
[2.272236] (vision_system) StdoutLine: {'line': b'Creating /root/Dojo/install/vision_system/lib/python3.10/site-packages/vision-system.egg-link (link to .)\n'}
[2.272429] (robot_sensors) StdoutLine: {'line': b'running build_ext\n'}
[2.272602] (robot_sensors) StdoutLine: {'line': b'Creating /root/Dojo/install/robot_sensors/lib/python3.10/site-packages/robot-sensors.egg-link (link to .)\n'}
[2.273207] (vision_system) StdoutLine: {'line': b'Installing object_detector script to /root/Dojo/install/vision_system/lib/vision_system\n'}
[2.273555] (robot_sensors) StdoutLine: {'line': b'Installing camera_publisher script to /root/Dojo/install/robot_sensors/lib/robot_sensors\n'}
[2.273754] (vision_system) StdoutLine: {'line': b'\n'}
[2.273885] (vision_system) StdoutLine: {'line': b'Installed /root/Dojo/build/vision_system\n'}
[2.274054] (vision_system) StdoutLine: {'line': b'running symlink_data\n'}
[2.274196] (robot_sensors) StdoutLine: {'line': b'\n'}
[2.274352] (robot_sensors) StdoutLine: {'line': b'Installed /root/Dojo/build/robot_sensors\n'}
[2.274484] (robot_sensors) StdoutLine: {'line': b'running symlink_data\n'}
[2.288534] (robot_control) StdoutLine: {'line': b'running egg_info\n'}
[2.288866] (robot_control) StdoutLine: {'line': b'writing robot_control.egg-info/PKG-INFO\n'}
[2.289108] (robot_control) StdoutLine: {'line': b'writing dependency_links to robot_control.egg-info/dependency_links.txt\n'}
[2.289389] (robot_control) StdoutLine: {'line': b'writing entry points to robot_control.egg-info/entry_points.txt\n'}
[2.289621] (robot_control) StdoutLine: {'line': b'writing requirements to robot_control.egg-info/requires.txt\n'}
[2.289803] (robot_control) StdoutLine: {'line': b'writing top-level names to robot_control.egg-info/top_level.txt\n'}
[2.292168] (robot_control) StdoutLine: {'line': b"reading manifest file 'robot_control.egg-info/SOURCES.txt'\n"}
[2.293053] (robot_control) StdoutLine: {'line': b"writing manifest file 'robot_control.egg-info/SOURCES.txt'\n"}
[2.294792] (robot_control) StdoutLine: {'line': b'running build_ext\n'}
[2.295055] (robot_control) StdoutLine: {'line': b'Creating /root/Dojo/install/robot_control/lib/python3.10/site-packages/robot-control.egg-link (link to .)\n'}
[2.296109] (robot_control) StdoutLine: {'line': b'Installing arduino_bridge script to /root/Dojo/install/robot_control/lib/robot_control\n'}
[2.296413] (robot_control) StdoutLine: {'line': b'Installing cmd_vel_to_motors script to /root/Dojo/install/robot_control/lib/robot_control\n'}
[2.296754] (robot_control) StdoutLine: {'line': b'\n'}
[2.296927] (robot_control) StdoutLine: {'line': b'Installed /root/Dojo/build/robot_control\n'}
[2.297112] (robot_control) StdoutLine: {'line': b'running symlink_data\n'}
[2.306316] (-) TimerEvent: {}
[2.309469] (vision_system) CommandEnded: {'returncode': 0}
[2.310988] (arduino_bridge) StdoutLine: {'line': b'running egg_info\n'}
[2.311252] (arduino_bridge) StdoutLine: {'line': b'writing arduino_bridge.egg-info/PKG-INFO\n'}
[2.311394] (arduino_bridge) StdoutLine: {'line': b'writing dependency_links to arduino_bridge.egg-info/dependency_links.txt\n'}
[2.311507] (arduino_bridge) StdoutLine: {'line': b'writing entry points to arduino_bridge.egg-info/entry_points.txt\n'}
[2.311614] (arduino_bridge) StdoutLine: {'line': b'writing requirements to arduino_bridge.egg-info/requires.txt\n'}
[2.311714] (arduino_bridge) StdoutLine: {'line': b'writing top-level names to arduino_bridge.egg-info/top_level.txt\n'}
[2.313895] (arduino_bridge) StdoutLine: {'line': b"reading manifest file 'arduino_bridge.egg-info/SOURCES.txt'\n"}
[2.315192] (arduino_bridge) StdoutLine: {'line': b"writing manifest file 'arduino_bridge.egg-info/SOURCES.txt'\n"}
[2.317234] (arduino_bridge) StdoutLine: {'line': b'running build_ext\n'}
[2.317740] (arduino_bridge) StdoutLine: {'line': b'Creating /root/Dojo/install/arduino_bridge/lib/python3.10/site-packages/arduino-bridge.egg-link (link to .)\n'}
[2.318453] (arduino_bridge) StdoutLine: {'line': b'Installing arduino_bridge_node script to /root/Dojo/install/arduino_bridge/lib/arduino_bridge\n'}
[2.319024] (arduino_bridge) StdoutLine: {'line': b'Installing test_arduino_bridge script to /root/Dojo/install/arduino_bridge/lib/arduino_bridge\n'}
[2.320153] (arduino_bridge) StdoutLine: {'line': b'\n'}
[2.320327] (arduino_bridge) StdoutLine: {'line': b'Installed /root/Dojo/build/arduino_bridge\n'}
[2.320630] (arduino_bridge) StdoutLine: {'line': b'running symlink_data\n'}
[2.323157] (vision_system) JobEnded: {'identifier': 'vision_system', 'rc': 0}
[2.324579] (robot_sensors) CommandEnded: {'returncode': 0}
[2.328536] (ros2arduino_bridge) StdoutLine: {'line': b'running egg_info\n'}
[2.329165] (ros2arduino_bridge) StdoutLine: {'line': b'writing ros2arduino_bridge.egg-info/PKG-INFO\n'}
[2.329536] (ros2arduino_bridge) StdoutLine: {'line': b'writing dependency_links to ros2arduino_bridge.egg-info/dependency_links.txt\n'}
[2.329678] (ros2arduino_bridge) StdoutLine: {'line': b'writing entry points to ros2arduino_bridge.egg-info/entry_points.txt\n'}
[2.329782] (ros2arduino_bridge) StdoutLine: {'line': b'writing requirements to ros2arduino_bridge.egg-info/requires.txt\n'}
[2.330323] (ros2arduino_bridge) StdoutLine: {'line': b'writing top-level names to ros2arduino_bridge.egg-info/top_level.txt\n'}
[2.331894] (ros2arduino_bridge) StdoutLine: {'line': b"reading manifest file 'ros2arduino_bridge.egg-info/SOURCES.txt'\n"}
[2.332668] (ros2arduino_bridge) StdoutLine: {'line': b"writing manifest file 'ros2arduino_bridge.egg-info/SOURCES.txt'\n"}
[2.334437] (ros2arduino_bridge) StdoutLine: {'line': b'running build_ext\n'}
[2.334803] (ros2arduino_bridge) StdoutLine: {'line': b'Creating /root/Dojo/install/ros2arduino_bridge/lib/python3.10/site-packages/ros2arduino-bridge.egg-link (link to .)\n'}
[2.335197] (robot_sensors) JobEnded: {'identifier': 'robot_sensors', 'rc': 0}
[2.335614] (ros2arduino_bridge) StdoutLine: {'line': b'Installing arduino_bridge script to /lib/ros2arduino_bridge\n'}
[2.335815] (ros2arduino_bridge) StdoutLine: {'line': b'\n'}
[2.335904] (ros2arduino_bridge) StdoutLine: {'line': b'Installed /root/Dojo/build/ros2arduino_bridge\n'}
[2.336000] (ros2arduino_bridge) StdoutLine: {'line': b'running symlink_data\n'}
[2.341955] (robot_control) CommandEnded: {'returncode': 0}
[2.351029] (robot_control) JobEnded: {'identifier': 'robot_control', 'rc': 0}
[2.352376] (robot_bringup) JobStarted: {'identifier': 'robot_bringup'}
[2.355992] (arduino_bridge) CommandEnded: {'returncode': 0}
[2.363320] (arduino_bridge) JobEnded: {'identifier': 'arduino_bridge', 'rc': 0}
[2.364268] (robot_bringup) JobProgress: {'identifier': 'robot_bringup', 'progress': 'cmake'}
[2.364786] (robot_bringup) JobProgress: {'identifier': 'robot_bringup', 'progress': 'build'}
[2.365239] (robot_bringup) Command: {'cmd': ['/usr/bin/cmake', '--build', '/root/Dojo/build/robot_bringup', '--', '-j16', '-l16'], 'cwd': '/root/Dojo/build/robot_bringup', 'env': OrderedDict([('HOSTNAME', 'gareth-joel-HP-Pavilion-Gaming-Laptop-15-ec2xxx'), ('SHLVL', '0'), ('LD_LIBRARY_PATH', '/usr/lib/x86_64-linux-gnu/gazebo-11/plugins:/opt/ros/humble/opt/rviz_ogre_vendor/lib:/opt/ros/humble/lib/x86_64-linux-gnu:/opt/ros/humble/lib'), ('HOME', '/root'), ('OLDPWD', '/'), ('ROS_PYTHON_VERSION', '3'), ('ROS_DISTRO', 'humble'), ('_', '/usr/bin/colcon'), ('ROS_VERSION', '2'), ('TERM', 'xterm'), ('ROS_LOCALHOST_ONLY', '0'), ('QT_X11_NO_MITSHM', '1'), ('PATH', '/opt/ros/humble/bin:/usr/local/sbin:/usr/local/bin:/usr/sbin:/usr/bin:/sbin:/bin'), ('DISPLAY', ':0'), ('LANG', 'C.UTF-8'), ('AMENT_PREFIX_PATH', '/root/Dojo/install/robot_sensors:/root/Dojo/install/robot_perception:/root/Dojo/install/robot_navigation:/root/Dojo/install/robot_description:/root/Dojo/install/robot_control:/opt/ros/humble'), ('PWD', '/root/Dojo/build/robot_bringup'), ('LC_ALL', 'C.UTF-8'), ('PYTHONPATH', '/root/Dojo/build/robot_sensors:/root/Dojo/install/robot_sensors/lib/python3.10/site-packages:/root/Dojo/install/robot_perception/local/lib/python3.10/dist-packages:/root/Dojo/install/robot_description/local/lib/python3.10/dist-packages:/root/Dojo/build/robot_control:/root/Dojo/install/robot_control/lib/python3.10/site-packages:/opt/ros/humble/lib/python3.10/site-packages:/opt/ros/humble/local/lib/python3.10/dist-packages'), ('COLCON', '1'), ('CMAKE_PREFIX_PATH', '/root/Dojo/install/robot_perception:/root/Dojo/install/robot_navigation:/root/Dojo/install/robot_description:/opt/ros/humble')]), 'shell': False}
[2.367517] (ros2arduino_bridge) CommandEnded: {'returncode': 0}
[2.375295] (ros2arduino_bridge) JobEnded: {'identifier': 'ros2arduino_bridge', 'rc': 0}
[2.406408] (-) TimerEvent: {}
[2.409647] (robot_bringup) CommandEnded: {'returncode': 0}
[2.410229] (robot_bringup) JobProgress: {'identifier': 'robot_bringup', 'progress': 'install'}
[2.410606] (robot_bringup) Command: {'cmd': ['/usr/bin/cmake', '--install', '/root/Dojo/build/robot_bringup'], 'cwd': '/root/Dojo/build/robot_bringup', 'env': OrderedDict([('HOSTNAME', 'gareth-joel-HP-Pavilion-Gaming-Laptop-15-ec2xxx'), ('SHLVL', '0'), ('LD_LIBRARY_PATH', '/usr/lib/x86_64-linux-gnu/gazebo-11/plugins:/opt/ros/humble/opt/rviz_ogre_vendor/lib:/opt/ros/humble/lib/x86_64-linux-gnu:/opt/ros/humble/lib'), ('HOME', '/root'), ('OLDPWD', '/'), ('ROS_PYTHON_VERSION', '3'), ('ROS_DISTRO', 'humble'), ('_', '/usr/bin/colcon'), ('ROS_VERSION', '2'), ('TERM', 'xterm'), ('ROS_LOCALHOST_ONLY', '0'), ('QT_X11_NO_MITSHM', '1'), ('PATH', '/opt/ros/humble/bin:/usr/local/sbin:/usr/local/bin:/usr/sbin:/usr/bin:/sbin:/bin'), ('DISPLAY', ':0'), ('LANG', 'C.UTF-8'), ('AMENT_PREFIX_PATH', '/root/Dojo/install/robot_sensors:/root/Dojo/install/robot_perception:/root/Dojo/install/robot_navigation:/root/Dojo/install/robot_description:/root/Dojo/install/robot_control:/opt/ros/humble'), ('PWD', '/root/Dojo/build/robot_bringup'), ('LC_ALL', 'C.UTF-8'), ('PYTHONPATH', '/root/Dojo/build/robot_sensors:/root/Dojo/install/robot_sensors/lib/python3.10/site-packages:/root/Dojo/install/robot_perception/local/lib/python3.10/dist-packages:/root/Dojo/install/robot_description/local/lib/python3.10/dist-packages:/root/Dojo/build/robot_control:/root/Dojo/install/robot_control/lib/python3.10/site-packages:/opt/ros/humble/lib/python3.10/site-packages:/opt/ros/humble/local/lib/python3.10/dist-packages'), ('COLCON', '1'), ('CMAKE_PREFIX_PATH', '/root/Dojo/install/robot_perception:/root/Dojo/install/robot_navigation:/root/Dojo/install/robot_description:/opt/ros/humble')]), 'shell': False}
[2.419191] (robot_bringup) StdoutLine: {'line': b'-- Install configuration: ""\n'}
[2.419685] (robot_bringup) StdoutLine: {'line': b'-- Execute custom install script\n'}
[2.420210] (robot_bringup) StdoutLine: {'line': b'-- Up-to-date symlink: /root/Dojo/install/robot_bringup/share/robot_bringup/launch/bringup.launch.py\n'}
[2.420398] (robot_bringup) StdoutLine: {'line': b'-- Symlinking: /root/Dojo/install/robot_bringup/share/robot_bringup/launch/modified_bringup.launch.py\n'}
[2.429745] (robot_bringup) StdoutLine: {'line': b'-- Up-to-date symlink: /root/Dojo/install/robot_bringup/share/ament_index/resource_index/package_run_dependencies/robot_bringup\n'}
[2.429965] (robot_bringup) StdoutLine: {'line': b'-- Up-to-date symlink: /root/Dojo/install/robot_bringup/share/ament_index/resource_index/parent_prefix_path/robot_bringup\n'}
[2.430098] (robot_bringup) StdoutLine: {'line': b'-- Up-to-date symlink: /root/Dojo/install/robot_bringup/share/robot_bringup/environment/ament_prefix_path.sh\n'}
[2.430210] (robot_bringup) StdoutLine: {'line': b'-- Up-to-date symlink: /root/Dojo/install/robot_bringup/share/robot_bringup/environment/ament_prefix_path.dsv\n'}
[2.430335] (robot_bringup) StdoutLine: {'line': b'-- Up-to-date symlink: /root/Dojo/install/robot_bringup/share/robot_bringup/environment/path.sh\n'}
[2.430444] (robot_bringup) StdoutLine: {'line': b'-- Up-to-date symlink: /root/Dojo/install/robot_bringup/share/robot_bringup/environment/path.dsv\n'}
[2.430554] (robot_bringup) StdoutLine: {'line': b'-- Up-to-date symlink: /root/Dojo/install/robot_bringup/share/robot_bringup/local_setup.bash\n'}
[2.430663] (robot_bringup) StdoutLine: {'line': b'-- Up-to-date symlink: /root/Dojo/install/robot_bringup/share/robot_bringup/local_setup.sh\n'}
[2.430834] (robot_bringup) StdoutLine: {'line': b'-- Up-to-date symlink: /root/Dojo/install/robot_bringup/share/robot_bringup/local_setup.zsh\n'}
[2.430964] (robot_bringup) StdoutLine: {'line': b'-- Up-to-date symlink: /root/Dojo/install/robot_bringup/share/robot_bringup/local_setup.dsv\n'}
[2.431068] (robot_bringup) StdoutLine: {'line': b'-- Symlinking: /root/Dojo/install/robot_bringup/share/robot_bringup/package.dsv\n'}
[2.442040] (robot_bringup) StdoutLine: {'line': b'-- Up-to-date symlink: /root/Dojo/install/robot_bringup/share/ament_index/resource_index/packages/robot_bringup\n'}
[2.442363] (robot_bringup) StdoutLine: {'line': b'-- Up-to-date symlink: /root/Dojo/install/robot_bringup/share/robot_bringup/cmake/robot_bringupConfig.cmake\n'}
[2.442518] (robot_bringup) StdoutLine: {'line': b'-- Up-to-date symlink: /root/Dojo/install/robot_bringup/share/robot_bringup/cmake/robot_bringupConfig-version.cmake\n'}
[2.442603] (robot_bringup) StdoutLine: {'line': b'-- Up-to-date symlink: /root/Dojo/install/robot_bringup/share/robot_bringup/package.xml\n'}
[2.444717] (robot_bringup) CommandEnded: {'returncode': 0}
[2.456352] (robot_bringup) JobEnded: {'identifier': 'robot_bringup', 'rc': 0}
[2.457123] (-) EventReactorShutdown: {}
