[2.384s] Invoking command in '/root/Dojo/build/camera_ros': CMAKE_PREFIX_PATH=${CMAKE_PREFIX_PATH}:/root/Dojo/install/vision_system:/root/Dojo/install/robot_launch:/root/Dojo/install/ros2arduino_bridge:/root/Dojo/install/robot_sensors:/root/Dojo/install/robot_perception:/root/Dojo/install/robot_hardware:/root/Dojo/install/robot_control:/root/Dojo/install/nv21_converter_pkg:/root/Dojo/install/arduino_bridge:/opt/ros/humble /usr/bin/cmake --build /root/Dojo/build/camera_ros -- -j16 -l16
[2.749s] [ 15%] Built target utils
[2.749s] [ 69%] Built target param
[2.750s] [ 84%] Built target camera_node
[2.750s] [100%] Built target camera_component
[3.146s] Invoked command in '/root/Dojo/build/camera_ros' returned '0': CMAKE_PREFIX_PATH=${CMAKE_PREFIX_PATH}:/root/Dojo/install/vision_system:/root/Dojo/install/robot_launch:/root/Dojo/install/ros2arduino_bridge:/root/Dojo/install/robot_sensors:/root/Dojo/install/robot_perception:/root/Dojo/install/robot_hardware:/root/Dojo/install/robot_control:/root/Dojo/install/nv21_converter_pkg:/root/Dojo/install/arduino_bridge:/opt/ros/humble /usr/bin/cmake --build /root/Dojo/build/camera_ros -- -j16 -l16
[3.148s] Invoking command in '/root/Dojo/build/camera_ros': CMAKE_PREFIX_PATH=${CMAKE_PREFIX_PATH}:/root/Dojo/install/vision_system:/root/Dojo/install/robot_launch:/root/Dojo/install/ros2arduino_bridge:/root/Dojo/install/robot_sensors:/root/Dojo/install/robot_perception:/root/Dojo/install/robot_hardware:/root/Dojo/install/robot_control:/root/Dojo/install/nv21_converter_pkg:/root/Dojo/install/arduino_bridge:/opt/ros/humble /usr/bin/cmake --install /root/Dojo/build/camera_ros
[3.178s] -- Install configuration: ""
[3.179s] -- Execute custom install script
[3.179s] -- Up-to-date symlink: /root/Dojo/install/camera_ros/lib/camera_ros/camera_node
[3.179s] -- Up-to-date symlink: /root/Dojo/install/camera_ros/share/camera_ros/environment/library_path.sh
[3.181s] -- Up-to-date symlink: /root/Dojo/install/camera_ros/share/camera_ros/environment/library_path.dsv
[3.182s] -- Up-to-date symlink: /root/Dojo/install/camera_ros/share/camera_ros//launch/camera.launch.py
[3.183s] -- Up-to-date symlink: /root/Dojo/install/camera_ros/share/ament_index/resource_index/package_run_dependencies/camera_ros
[3.184s] -- Up-to-date symlink: /root/Dojo/install/camera_ros/share/ament_index/resource_index/parent_prefix_path/camera_ros
[3.184s] -- Up-to-date symlink: /root/Dojo/install/camera_ros/share/camera_ros/environment/ament_prefix_path.sh
[3.184s] -- Up-to-date symlink: /root/Dojo/install/camera_ros/share/camera_ros/environment/ament_prefix_path.dsv
[3.184s] -- Up-to-date symlink: /root/Dojo/install/camera_ros/share/camera_ros/environment/path.sh
[3.185s] -- Up-to-date symlink: /root/Dojo/install/camera_ros/share/camera_ros/environment/path.dsv
[3.185s] -- Up-to-date symlink: /root/Dojo/install/camera_ros/share/camera_ros/local_setup.bash
[3.185s] -- Up-to-date symlink: /root/Dojo/install/camera_ros/share/camera_ros/local_setup.sh
[3.186s] -- Up-to-date symlink: /root/Dojo/install/camera_ros/share/camera_ros/local_setup.zsh
[3.186s] -- Up-to-date symlink: /root/Dojo/install/camera_ros/share/camera_ros/local_setup.dsv
[3.186s] -- Symlinking: /root/Dojo/install/camera_ros/share/camera_ros/package.dsv
[3.187s] -- Up-to-date symlink: /root/Dojo/install/camera_ros/share/ament_index/resource_index/packages/camera_ros
[3.187s] -- Up-to-date symlink: /root/Dojo/install/camera_ros/share/ament_index/resource_index/rclcpp_components/camera_ros
[3.188s] -- Up-to-date symlink: /root/Dojo/install/camera_ros/share/camera_ros/cmake/ament_cmake_export_targets-extras.cmake
[3.188s] -- Up-to-date symlink: /root/Dojo/install/camera_ros/share/camera_ros/cmake/ament_cmake_export_dependencies-extras.cmake
[3.188s] -- Up-to-date symlink: /root/Dojo/install/camera_ros/share/camera_ros/cmake/camera_rosConfig.cmake
[3.189s] -- Up-to-date symlink: /root/Dojo/install/camera_ros/share/camera_ros/cmake/camera_rosConfig-version.cmake
[3.189s] -- Up-to-date symlink: /root/Dojo/install/camera_ros/share/camera_ros/package.xml
[3.190s] -- Up-to-date: /root/Dojo/install/camera_ros/lib/libcamera_component.so
[3.213s] -- Up-to-date: /root/Dojo/install/camera_ros/share/camera_ros/cmake/camera_componentTargetsExport.cmake
[3.213s] -- Up-to-date: /root/Dojo/install/camera_ros/share/camera_ros/cmake/camera_componentTargetsExport-noconfig.cmake
[3.221s] Invoked command in '/root/Dojo/build/camera_ros' returned '0': CMAKE_PREFIX_PATH=${CMAKE_PREFIX_PATH}:/root/Dojo/install/vision_system:/root/Dojo/install/robot_launch:/root/Dojo/install/ros2arduino_bridge:/root/Dojo/install/robot_sensors:/root/Dojo/install/robot_perception:/root/Dojo/install/robot_hardware:/root/Dojo/install/robot_control:/root/Dojo/install/nv21_converter_pkg:/root/Dojo/install/arduino_bridge:/opt/ros/humble /usr/bin/cmake --install /root/Dojo/build/camera_ros
