[0.801s] Invoking command in '/root/Dojo/build/camera_ros': CMAKE_PREFIX_PATH=${CMAKE_PREFIX_PATH}:/root/Dojo/install/robot_hardware:/root/Dojo/install/robot_control:/opt/ros/humble /usr/bin/cmake /root/Dojo/backup_packages/camera_ws/src/camera_ros -DAMENT_CMAKE_SYMLINK_INSTALL=1 -DCMAKE_INSTALL_PREFIX=/root/Dojo/install/camera_ros
[0.877s] -- The C compiler identification is GNU 11.4.0
[0.964s] -- The CXX compiler identification is GNU 11.4.0
[0.973s] -- Detecting C compiler ABI info
[1.096s] -- Detecting C compiler ABI info - done
[1.107s] -- Check for working C compiler: /usr/bin/cc - skipped
[1.107s] -- Detecting C compile features
[1.108s] -- Detecting C compile features - done
[1.114s] -- Detecting CXX compiler ABI info
[1.236s] -- Detecting CXX compiler ABI info - done
[1.248s] -- Check for working CXX compiler: /usr/bin/c++ - skipped
[1.248s] -- Detecting CXX compile features
[1.249s] -- Detecting CXX compile features - done
[1.255s] -- Found ament_cmake: 1.3.12 (/opt/ros/humble/share/ament_cmake/cmake)
[2.250s] -- Found Python3: /usr/bin/python3 (found version "3.10.12") found components: Interpreter 
[2.347s] -- Override CMake install command with custom implementation using symlinks instead of copying resources
[2.411s] -- Found PkgConfig: /usr/bin/pkg-config (found version "0.29.2") 
[2.416s] -- Found rclcpp: 16.0.14 (/opt/ros/humble/share/rclcpp/cmake)
[2.492s] -- Found rosidl_generator_c: 3.1.7 (/opt/ros/humble/share/rosidl_generator_c/cmake)
[2.504s] -- Found rosidl_adapter: 3.1.7 (/opt/ros/humble/share/rosidl_adapter/cmake)
[2.521s] -- Found rosidl_generator_cpp: 3.1.7 (/opt/ros/humble/share/rosidl_generator_cpp/cmake)
[2.541s] -- Using all available rosidl_typesupport_c: rosidl_typesupport_fastrtps_c;rosidl_typesupport_introspection_c
[2.570s] -- Using all available rosidl_typesupport_cpp: rosidl_typesupport_fastrtps_cpp;rosidl_typesupport_introspection_cpp
[2.651s] -- Found rmw_implementation_cmake: 6.1.2 (/opt/ros/humble/share/rmw_implementation_cmake/cmake)
[2.657s] -- Found rmw_fastrtps_cpp: 6.2.8 (/opt/ros/humble/share/rmw_fastrtps_cpp/cmake)
[2.828s] -- Found OpenSSL: /usr/lib/x86_64-linux-gnu/libcrypto.so (found version "3.0.2")  
[2.881s] -- Found FastRTPS: /opt/ros/humble/include  
[2.958s] -- Using RMW implementation 'rmw_fastrtps_cpp' as default
[2.974s] -- Looking for pthread.h
[3.063s] -- Looking for pthread.h - found
[3.063s] -- Performing Test CMAKE_HAVE_LIBC_PTHREAD
[3.158s] -- Performing Test CMAKE_HAVE_LIBC_PTHREAD - Success
[3.159s] -- Found Threads: TRUE  
[3.234s] -- Found rclcpp_components: 16.0.14 (/opt/ros/humble/share/rclcpp_components/cmake)
[3.278s] -- Found sensor_msgs: 4.9.0 (/opt/ros/humble/share/sensor_msgs/cmake)
[3.320s] -- Found camera_info_manager: 3.1.12 (/opt/ros/humble/share/camera_info_manager/cmake)
[3.345s] -- Found cv_bridge: 3.2.1 (/opt/ros/humble/share/cv_bridge/cmake)
[3.360s] -- Checking for module 'libcamera>=0.1'
[3.382s] --   Found libcamera, version 0.1.0
[3.449s] -- Found ament_lint_auto: 0.12.14 (/opt/ros/humble/share/ament_lint_auto/cmake)
[3.668s] -- Added test 'clang_format' to check C / C++ code style
[3.678s] -- Added test 'cppcheck' to perform static code analysis on C / C++ code
[3.678s] -- Configured cppcheck include dirs: 
[3.679s] -- Configured cppcheck exclude dirs and/or files: 
[3.682s] -- Added test 'flake8' to check Python code syntax and style conventions
[3.684s] -- Added test 'lint_cmake' to check CMake code style
[3.686s] -- Added test 'mypy' to statically type check Python code.
[3.690s] -- Added test 'pep257' to check Python code against some of the docstring style conventions in PEP 257
[3.691s] -- Added test 'pyflakes' to perform static code analysis on Python code
[3.693s] -- Added test 'xmllint' to check XML markup files
[3.700s] -- Configuring done
[3.758s] -- Generating done
[3.776s] -- Build files have been written to: /root/Dojo/build/camera_ros
[3.798s] Invoked command in '/root/Dojo/build/camera_ros' returned '0': CMAKE_PREFIX_PATH=${CMAKE_PREFIX_PATH}:/root/Dojo/install/robot_hardware:/root/Dojo/install/robot_control:/opt/ros/humble /usr/bin/cmake /root/Dojo/backup_packages/camera_ws/src/camera_ros -DAMENT_CMAKE_SYMLINK_INSTALL=1 -DCMAKE_INSTALL_PREFIX=/root/Dojo/install/camera_ros
[3.799s] Invoking command in '/root/Dojo/build/camera_ros': CMAKE_PREFIX_PATH=${CMAKE_PREFIX_PATH}:/root/Dojo/install/robot_hardware:/root/Dojo/install/robot_control:/opt/ros/humble /usr/bin/cmake --build /root/Dojo/build/camera_ros -- -j16 -l16
[3.886s] [ 15%] [32mBuilding CXX object CMakeFiles/utils.dir/src/pretty_print.cpp.o[0m
[3.887s] [ 15%] [32mBuilding CXX object CMakeFiles/camera_node.dir/rclcpp_components/node_main_camera_node.cpp.o[0m
[3.889s] [ 23%] [32mBuilding CXX object CMakeFiles/utils.dir/src/format_mapping.cpp.o[0m
[3.889s] [ 30%] [32mBuilding CXX object CMakeFiles/param.dir/src/types.cpp.o[0m
[3.889s] [ 38%] [32mBuilding CXX object CMakeFiles/param.dir/src/ParameterHandler.cpp.o[0m
[3.890s] [ 46%] [32mBuilding CXX object CMakeFiles/param.dir/src/clamp.cpp.o[0m
[3.890s] [ 53%] [32mBuilding CXX object CMakeFiles/param.dir/src/type_extent.cpp.o[0m
[3.890s] [ 61%] [32mBuilding CXX object CMakeFiles/param.dir/src/pv_to_cv.cpp.o[0m
[3.891s] [ 69%] [32mBuilding CXX object CMakeFiles/param.dir/src/cv_to_pv.cpp.o[0m
[3.894s] [ 76%] [32mBuilding CXX object CMakeFiles/param.dir/src/ParameterConflictHandler.cpp.o[0m
[7.191s] [ 76%] Built target utils
[12.273s] [ 76%] Built target param
[12.397s] [ 84%] [32mBuilding CXX object CMakeFiles/camera_component.dir/src/CameraNode.cpp.o[0m
[13.399s] [ 92%] [32m[1mLinking CXX executable camera_node[0m
[14.049s] [ 92%] Built target camera_node
[23.796s] [100%] [32m[1mLinking CXX shared library libcamera_component.so[0m
[24.261s] [100%] Built target camera_component
[24.277s] Invoked command in '/root/Dojo/build/camera_ros' returned '0': CMAKE_PREFIX_PATH=${CMAKE_PREFIX_PATH}:/root/Dojo/install/robot_hardware:/root/Dojo/install/robot_control:/opt/ros/humble /usr/bin/cmake --build /root/Dojo/build/camera_ros -- -j16 -l16
[24.279s] Invoking command in '/root/Dojo/build/camera_ros': CMAKE_PREFIX_PATH=${CMAKE_PREFIX_PATH}:/root/Dojo/install/robot_hardware:/root/Dojo/install/robot_control:/opt/ros/humble /usr/bin/cmake --install /root/Dojo/build/camera_ros
[24.288s] -- Install configuration: ""
[24.289s] -- Execute custom install script
[24.289s] -- Symlinking: /root/Dojo/install/camera_ros/lib/camera_ros/camera_node
[24.302s] -- Symlinking: /root/Dojo/install/camera_ros/share/camera_ros/environment/library_path.sh
[24.316s] -- Symlinking: /root/Dojo/install/camera_ros/share/camera_ros/environment/library_path.dsv
[24.329s] -- Symlinking: /root/Dojo/install/camera_ros/share/camera_ros//launch/camera.launch.py
[24.341s] -- Symlinking: /root/Dojo/install/camera_ros/share/ament_index/resource_index/package_run_dependencies/camera_ros
[24.352s] -- Symlinking: /root/Dojo/install/camera_ros/share/ament_index/resource_index/parent_prefix_path/camera_ros
[24.363s] -- Symlinking: /root/Dojo/install/camera_ros/share/camera_ros/environment/ament_prefix_path.sh
[24.374s] -- Symlinking: /root/Dojo/install/camera_ros/share/camera_ros/environment/ament_prefix_path.dsv
[24.386s] -- Symlinking: /root/Dojo/install/camera_ros/share/camera_ros/environment/path.sh
[24.398s] -- Symlinking: /root/Dojo/install/camera_ros/share/camera_ros/environment/path.dsv
[24.409s] -- Symlinking: /root/Dojo/install/camera_ros/share/camera_ros/local_setup.bash
[24.420s] -- Symlinking: /root/Dojo/install/camera_ros/share/camera_ros/local_setup.sh
[24.431s] -- Symlinking: /root/Dojo/install/camera_ros/share/camera_ros/local_setup.zsh
[24.441s] -- Symlinking: /root/Dojo/install/camera_ros/share/camera_ros/local_setup.dsv
[24.454s] -- Symlinking: /root/Dojo/install/camera_ros/share/camera_ros/package.dsv
[24.468s] -- Symlinking: /root/Dojo/install/camera_ros/share/ament_index/resource_index/packages/camera_ros
[24.483s] -- Symlinking: /root/Dojo/install/camera_ros/share/ament_index/resource_index/rclcpp_components/camera_ros
[24.497s] -- Symlinking: /root/Dojo/install/camera_ros/share/camera_ros/cmake/ament_cmake_export_targets-extras.cmake
[24.512s] -- Symlinking: /root/Dojo/install/camera_ros/share/camera_ros/cmake/ament_cmake_export_dependencies-extras.cmake
[24.526s] -- Symlinking: /root/Dojo/install/camera_ros/share/camera_ros/cmake/camera_rosConfig.cmake
[24.538s] -- Symlinking: /root/Dojo/install/camera_ros/share/camera_ros/cmake/camera_rosConfig-version.cmake
[24.551s] -- Symlinking: /root/Dojo/install/camera_ros/share/camera_ros/package.xml
[24.563s] -- Installing: /root/Dojo/install/camera_ros/lib/libcamera_component.so
[24.570s] -- Set runtime path of "/root/Dojo/install/camera_ros/lib/libcamera_component.so" to ""
[24.570s] -- Installing: /root/Dojo/install/camera_ros/share/camera_ros/cmake/camera_componentTargetsExport.cmake
[24.570s] -- Installing: /root/Dojo/install/camera_ros/share/camera_ros/cmake/camera_componentTargetsExport-noconfig.cmake
[24.573s] Invoked command in '/root/Dojo/build/camera_ros' returned '0': CMAKE_PREFIX_PATH=${CMAKE_PREFIX_PATH}:/root/Dojo/install/robot_hardware:/root/Dojo/install/robot_control:/opt/ros/humble /usr/bin/cmake --install /root/Dojo/build/camera_ros
