[0.194s] DEBUG:colcon:Command line arguments: ['/usr/bin/colcon', 'build', '--symlink-install']
[0.194s] DEBUG:colcon:Parsed command line arguments: Namespace(log_base=None, log_level=None, verb_name='build', build_base='build', install_base='install', merge_install=False, symlink_install=True, test_result_base=None, continue_on_error=False, executor='parallel', parallel_workers=16, event_handlers=None, ignore_user_meta=False, metas=['./colcon.meta'], base_paths=['.'], packages_ignore=None, packages_ignore_regex=None, paths=None, packages_up_to=None, packages_up_to_regex=None, packages_above=None, packages_above_and_dependencies=None, packages_above_depth=None, packages_select_by_dep=None, packages_skip_by_dep=None, packages_skip_up_to=None, packages_select_build_failed=False, packages_skip_build_finished=False, packages_select_test_failures=False, packages_skip_test_passed=False, packages_select=None, packages_skip=None, packages_select_regex=None, packages_skip_regex=None, packages_start=None, packages_end=None, cmake_args=None, cmake_target=None, cmake_target_skip_unavailable=False, cmake_clean_cache=False, cmake_clean_first=False, cmake_force_configure=False, ament_cmake_args=None, catkin_cmake_args=None, catkin_skip_building_tests=False, mixin_files=None, mixin=None, verb_parser=<colcon_mixin.mixin.mixin_argument.MixinArgumentDecorator object at 0x75ac51e67ac0>, verb_extension=<colcon_core.verb.build.BuildVerb object at 0x75ac5200d1e0>, main=<bound method BuildVerb.main of <colcon_core.verb.build.BuildVerb object at 0x75ac5200d1e0>>, mixin_verb=('build',))
[0.465s] Level 1:colcon.colcon_core.package_discovery:discover_packages(colcon_meta) check parameters
[0.466s] INFO:colcon.colcon_metadata.package_discovery.colcon_meta:Using configuration from '/root/.colcon/metadata/default/Gazebo.meta'
[0.467s] INFO:colcon.colcon_metadata.package_discovery.colcon_meta:Using configuration from '/root/.colcon/metadata/default/fastdds.meta'
[0.468s] INFO:colcon.colcon_metadata.package_discovery.colcon_meta:Using configuration from '/root/.colcon/metadata/default/fastrtps.meta'
[0.468s] Level 1:colcon.colcon_core.package_discovery:discover_packages(recursive) check parameters
[0.468s] Level 1:colcon.colcon_core.package_discovery:discover_packages(ignore) check parameters
[0.468s] Level 1:colcon.colcon_core.package_discovery:discover_packages(path) check parameters
[0.468s] Level 1:colcon.colcon_core.package_discovery:discover_packages(colcon_meta) discover
[0.469s] Level 1:colcon.colcon_core.package_discovery:discover_packages(recursive) discover
[0.469s] INFO:colcon.colcon_core.package_discovery:Crawling recursively for packages in '/root/Dojo'
[0.469s] Level 1:colcon.colcon_core.package_identification:_identify(.) by extensions ['ignore', 'ignore_ament_install']
[0.469s] Level 1:colcon.colcon_core.package_identification:_identify(.) by extension 'ignore'
[0.469s] Level 1:colcon.colcon_core.package_identification:_identify(.) by extension 'ignore_ament_install'
[0.469s] Level 1:colcon.colcon_core.package_identification:_identify(.) by extensions ['colcon_pkg']
[0.469s] Level 1:colcon.colcon_core.package_identification:_identify(.) by extension 'colcon_pkg'
[0.469s] Level 1:colcon.colcon_core.package_identification:_identify(.) by extensions ['colcon_meta']
[0.469s] Level 1:colcon.colcon_core.package_identification:_identify(.) by extension 'colcon_meta'
[0.470s] Level 1:colcon.colcon_core.package_identification:_identify(.) by extensions ['ros']
[0.470s] Level 1:colcon.colcon_core.package_identification:_identify(.) by extension 'ros'
[0.493s] Level 1:colcon.colcon_core.package_identification:_identify(.) by extensions ['cmake', 'python']
[0.493s] Level 1:colcon.colcon_core.package_identification:_identify(.) by extension 'cmake'
[0.493s] Level 1:colcon.colcon_core.package_identification:_identify(.) by extension 'python'
[0.494s] Level 1:colcon.colcon_core.package_identification:_identify(.) by extensions ['python_setup_py']
[0.494s] Level 1:colcon.colcon_core.package_identification:_identify(.) by extension 'python_setup_py'
[0.494s] Level 1:colcon.colcon_core.package_identification:_identify(build) by extensions ['ignore', 'ignore_ament_install']
[0.494s] Level 1:colcon.colcon_core.package_identification:_identify(build) by extension 'ignore'
[0.494s] Level 1:colcon.colcon_core.package_identification:_identify(build) ignored
[0.494s] Level 1:colcon.colcon_core.package_identification:_identify(install) by extensions ['ignore', 'ignore_ament_install']
[0.495s] Level 1:colcon.colcon_core.package_identification:_identify(install) by extension 'ignore'
[0.495s] Level 1:colcon.colcon_core.package_identification:_identify(install) ignored
[0.495s] Level 1:colcon.colcon_core.package_identification:_identify(launch) by extensions ['ignore', 'ignore_ament_install']
[0.495s] Level 1:colcon.colcon_core.package_identification:_identify(launch) by extension 'ignore'
[0.495s] Level 1:colcon.colcon_core.package_identification:_identify(launch) by extension 'ignore_ament_install'
[0.495s] Level 1:colcon.colcon_core.package_identification:_identify(launch) by extensions ['colcon_pkg']
[0.495s] Level 1:colcon.colcon_core.package_identification:_identify(launch) by extension 'colcon_pkg'
[0.495s] Level 1:colcon.colcon_core.package_identification:_identify(launch) by extensions ['colcon_meta']
[0.495s] Level 1:colcon.colcon_core.package_identification:_identify(launch) by extension 'colcon_meta'
[0.496s] Level 1:colcon.colcon_core.package_identification:_identify(launch) by extensions ['ros']
[0.496s] Level 1:colcon.colcon_core.package_identification:_identify(launch) by extension 'ros'
[0.496s] Level 1:colcon.colcon_core.package_identification:_identify(launch) by extensions ['cmake', 'python']
[0.496s] Level 1:colcon.colcon_core.package_identification:_identify(launch) by extension 'cmake'
[0.496s] Level 1:colcon.colcon_core.package_identification:_identify(launch) by extension 'python'
[0.496s] Level 1:colcon.colcon_core.package_identification:_identify(launch) by extensions ['python_setup_py']
[0.496s] Level 1:colcon.colcon_core.package_identification:_identify(launch) by extension 'python_setup_py'
[0.496s] Level 1:colcon.colcon_core.package_identification:_identify(log) by extensions ['ignore', 'ignore_ament_install']
[0.496s] Level 1:colcon.colcon_core.package_identification:_identify(log) by extension 'ignore'
[0.497s] Level 1:colcon.colcon_core.package_identification:_identify(log) ignored
[0.497s] Level 1:colcon.colcon_core.package_identification:_identify(src) by extensions ['ignore', 'ignore_ament_install']
[0.497s] Level 1:colcon.colcon_core.package_identification:_identify(src) by extension 'ignore'
[0.497s] Level 1:colcon.colcon_core.package_identification:_identify(src) by extension 'ignore_ament_install'
[0.497s] Level 1:colcon.colcon_core.package_identification:_identify(src) by extensions ['colcon_pkg']
[0.497s] Level 1:colcon.colcon_core.package_identification:_identify(src) by extension 'colcon_pkg'
[0.497s] Level 1:colcon.colcon_core.package_identification:_identify(src) by extensions ['colcon_meta']
[0.497s] Level 1:colcon.colcon_core.package_identification:_identify(src) by extension 'colcon_meta'
[0.497s] Level 1:colcon.colcon_core.package_identification:_identify(src) by extensions ['ros']
[0.498s] Level 1:colcon.colcon_core.package_identification:_identify(src) by extension 'ros'
[0.498s] Level 1:colcon.colcon_core.package_identification:_identify(src) by extensions ['cmake', 'python']
[0.498s] Level 1:colcon.colcon_core.package_identification:_identify(src) by extension 'cmake'
[0.498s] Level 1:colcon.colcon_core.package_identification:_identify(src) by extension 'python'
[0.498s] Level 1:colcon.colcon_core.package_identification:_identify(src) by extensions ['python_setup_py']
[0.498s] Level 1:colcon.colcon_core.package_identification:_identify(src) by extension 'python_setup_py'
[0.498s] Level 1:colcon.colcon_core.package_identification:_identify(src/arduino_bridge) by extensions ['ignore', 'ignore_ament_install']
[0.498s] Level 1:colcon.colcon_core.package_identification:_identify(src/arduino_bridge) by extension 'ignore'
[0.498s] Level 1:colcon.colcon_core.package_identification:_identify(src/arduino_bridge) by extension 'ignore_ament_install'
[0.499s] Level 1:colcon.colcon_core.package_identification:_identify(src/arduino_bridge) by extensions ['colcon_pkg']
[0.499s] Level 1:colcon.colcon_core.package_identification:_identify(src/arduino_bridge) by extension 'colcon_pkg'
[0.499s] Level 1:colcon.colcon_core.package_identification:_identify(src/arduino_bridge) by extensions ['colcon_meta']
[0.499s] Level 1:colcon.colcon_core.package_identification:_identify(src/arduino_bridge) by extension 'colcon_meta'
[0.499s] Level 1:colcon.colcon_core.package_identification:_identify(src/arduino_bridge) by extensions ['ros']
[0.499s] Level 1:colcon.colcon_core.package_identification:_identify(src/arduino_bridge) by extension 'ros'
[0.504s] DEBUG:colcon.colcon_core.package_identification:Package 'src/arduino_bridge' with type 'ros.ament_python' and name 'arduino_bridge'
[0.504s] Level 1:colcon.colcon_core.package_identification:_identify(src/robot_bringup) by extensions ['ignore', 'ignore_ament_install']
[0.505s] Level 1:colcon.colcon_core.package_identification:_identify(src/robot_bringup) by extension 'ignore'
[0.505s] Level 1:colcon.colcon_core.package_identification:_identify(src/robot_bringup) by extension 'ignore_ament_install'
[0.505s] Level 1:colcon.colcon_core.package_identification:_identify(src/robot_bringup) by extensions ['colcon_pkg']
[0.505s] Level 1:colcon.colcon_core.package_identification:_identify(src/robot_bringup) by extension 'colcon_pkg'
[0.505s] Level 1:colcon.colcon_core.package_identification:_identify(src/robot_bringup) by extensions ['colcon_meta']
[0.505s] Level 1:colcon.colcon_core.package_identification:_identify(src/robot_bringup) by extension 'colcon_meta'
[0.505s] Level 1:colcon.colcon_core.package_identification:_identify(src/robot_bringup) by extensions ['ros']
[0.505s] Level 1:colcon.colcon_core.package_identification:_identify(src/robot_bringup) by extension 'ros'
[0.506s] DEBUG:colcon.colcon_core.package_identification:Package 'src/robot_bringup' with type 'ros.ament_cmake' and name 'robot_bringup'
[0.507s] Level 1:colcon.colcon_core.package_identification:_identify(src/robot_control) by extensions ['ignore', 'ignore_ament_install']
[0.507s] Level 1:colcon.colcon_core.package_identification:_identify(src/robot_control) by extension 'ignore'
[0.507s] Level 1:colcon.colcon_core.package_identification:_identify(src/robot_control) by extension 'ignore_ament_install'
[0.507s] Level 1:colcon.colcon_core.package_identification:_identify(src/robot_control) by extensions ['colcon_pkg']
[0.507s] Level 1:colcon.colcon_core.package_identification:_identify(src/robot_control) by extension 'colcon_pkg'
[0.507s] Level 1:colcon.colcon_core.package_identification:_identify(src/robot_control) by extensions ['colcon_meta']
[0.507s] Level 1:colcon.colcon_core.package_identification:_identify(src/robot_control) by extension 'colcon_meta'
[0.507s] Level 1:colcon.colcon_core.package_identification:_identify(src/robot_control) by extensions ['ros']
[0.507s] Level 1:colcon.colcon_core.package_identification:_identify(src/robot_control) by extension 'ros'
[0.508s] DEBUG:colcon.colcon_core.package_identification:Package 'src/robot_control' with type 'ros.ament_python' and name 'robot_control'
[0.509s] Level 1:colcon.colcon_core.package_identification:_identify(src/robot_description) by extensions ['ignore', 'ignore_ament_install']
[0.509s] Level 1:colcon.colcon_core.package_identification:_identify(src/robot_description) by extension 'ignore'
[0.509s] Level 1:colcon.colcon_core.package_identification:_identify(src/robot_description) by extension 'ignore_ament_install'
[0.509s] Level 1:colcon.colcon_core.package_identification:_identify(src/robot_description) by extensions ['colcon_pkg']
[0.509s] Level 1:colcon.colcon_core.package_identification:_identify(src/robot_description) by extension 'colcon_pkg'
[0.509s] Level 1:colcon.colcon_core.package_identification:_identify(src/robot_description) by extensions ['colcon_meta']
[0.509s] Level 1:colcon.colcon_core.package_identification:_identify(src/robot_description) by extension 'colcon_meta'
[0.509s] Level 1:colcon.colcon_core.package_identification:_identify(src/robot_description) by extensions ['ros']
[0.509s] Level 1:colcon.colcon_core.package_identification:_identify(src/robot_description) by extension 'ros'
[0.510s] DEBUG:colcon.colcon_core.package_identification:Package 'src/robot_description' with type 'ros.ament_cmake' and name 'robot_description'
[0.511s] Level 1:colcon.colcon_core.package_identification:_identify(src/robot_gazebo) by extensions ['ignore', 'ignore_ament_install']
[0.511s] Level 1:colcon.colcon_core.package_identification:_identify(src/robot_gazebo) by extension 'ignore'
[0.511s] Level 1:colcon.colcon_core.package_identification:_identify(src/robot_gazebo) by extension 'ignore_ament_install'
[0.511s] Level 1:colcon.colcon_core.package_identification:_identify(src/robot_gazebo) by extensions ['colcon_pkg']
[0.511s] Level 1:colcon.colcon_core.package_identification:_identify(src/robot_gazebo) by extension 'colcon_pkg'
[0.511s] Level 1:colcon.colcon_core.package_identification:_identify(src/robot_gazebo) by extensions ['colcon_meta']
[0.511s] Level 1:colcon.colcon_core.package_identification:_identify(src/robot_gazebo) by extension 'colcon_meta'
[0.511s] Level 1:colcon.colcon_core.package_identification:_identify(src/robot_gazebo) by extensions ['ros']
[0.511s] Level 1:colcon.colcon_core.package_identification:_identify(src/robot_gazebo) by extension 'ros'
[0.513s] DEBUG:colcon.colcon_core.package_identification:Package 'src/robot_gazebo' with type 'ros.ament_cmake' and name 'robot_gazebo'
[0.514s] Level 1:colcon.colcon_core.package_identification:_identify(src/robot_navigation) by extensions ['ignore', 'ignore_ament_install']
[0.514s] Level 1:colcon.colcon_core.package_identification:_identify(src/robot_navigation) by extension 'ignore'
[0.514s] Level 1:colcon.colcon_core.package_identification:_identify(src/robot_navigation) by extension 'ignore_ament_install'
[0.514s] Level 1:colcon.colcon_core.package_identification:_identify(src/robot_navigation) by extensions ['colcon_pkg']
[0.514s] Level 1:colcon.colcon_core.package_identification:_identify(src/robot_navigation) by extension 'colcon_pkg'
[0.514s] Level 1:colcon.colcon_core.package_identification:_identify(src/robot_navigation) by extensions ['colcon_meta']
[0.514s] Level 1:colcon.colcon_core.package_identification:_identify(src/robot_navigation) by extension 'colcon_meta'
[0.514s] Level 1:colcon.colcon_core.package_identification:_identify(src/robot_navigation) by extensions ['ros']
[0.515s] Level 1:colcon.colcon_core.package_identification:_identify(src/robot_navigation) by extension 'ros'
[0.517s] DEBUG:colcon.colcon_core.package_identification:Package 'src/robot_navigation' with type 'ros.ament_cmake' and name 'robot_navigation'
[0.517s] Level 1:colcon.colcon_core.package_identification:_identify(src/robot_perception) by extensions ['ignore', 'ignore_ament_install']
[0.517s] Level 1:colcon.colcon_core.package_identification:_identify(src/robot_perception) by extension 'ignore'
[0.517s] Level 1:colcon.colcon_core.package_identification:_identify(src/robot_perception) by extension 'ignore_ament_install'
[0.517s] Level 1:colcon.colcon_core.package_identification:_identify(src/robot_perception) by extensions ['colcon_pkg']
[0.517s] Level 1:colcon.colcon_core.package_identification:_identify(src/robot_perception) by extension 'colcon_pkg'
[0.517s] Level 1:colcon.colcon_core.package_identification:_identify(src/robot_perception) by extensions ['colcon_meta']
[0.518s] Level 1:colcon.colcon_core.package_identification:_identify(src/robot_perception) by extension 'colcon_meta'
[0.518s] Level 1:colcon.colcon_core.package_identification:_identify(src/robot_perception) by extensions ['ros']
[0.518s] Level 1:colcon.colcon_core.package_identification:_identify(src/robot_perception) by extension 'ros'
[0.519s] DEBUG:colcon.colcon_core.package_identification:Package 'src/robot_perception' with type 'ros.ament_cmake' and name 'robot_perception'
[0.519s] Level 1:colcon.colcon_core.package_identification:_identify(src/robot_sensors) by extensions ['ignore', 'ignore_ament_install']
[0.519s] Level 1:colcon.colcon_core.package_identification:_identify(src/robot_sensors) by extension 'ignore'
[0.520s] Level 1:colcon.colcon_core.package_identification:_identify(src/robot_sensors) by extension 'ignore_ament_install'
[0.520s] Level 1:colcon.colcon_core.package_identification:_identify(src/robot_sensors) by extensions ['colcon_pkg']
[0.520s] Level 1:colcon.colcon_core.package_identification:_identify(src/robot_sensors) by extension 'colcon_pkg'
[0.520s] Level 1:colcon.colcon_core.package_identification:_identify(src/robot_sensors) by extensions ['colcon_meta']
[0.520s] Level 1:colcon.colcon_core.package_identification:_identify(src/robot_sensors) by extension 'colcon_meta'
[0.520s] Level 1:colcon.colcon_core.package_identification:_identify(src/robot_sensors) by extensions ['ros']
[0.520s] Level 1:colcon.colcon_core.package_identification:_identify(src/robot_sensors) by extension 'ros'
[0.521s] DEBUG:colcon.colcon_core.package_identification:Package 'src/robot_sensors' with type 'ros.ament_python' and name 'robot_sensors'
[0.521s] Level 1:colcon.colcon_core.package_identification:_identify(src/ros2arduino_bridge) by extensions ['ignore', 'ignore_ament_install']
[0.521s] Level 1:colcon.colcon_core.package_identification:_identify(src/ros2arduino_bridge) by extension 'ignore'
[0.521s] Level 1:colcon.colcon_core.package_identification:_identify(src/ros2arduino_bridge) by extension 'ignore_ament_install'
[0.522s] Level 1:colcon.colcon_core.package_identification:_identify(src/ros2arduino_bridge) by extensions ['colcon_pkg']
[0.522s] Level 1:colcon.colcon_core.package_identification:_identify(src/ros2arduino_bridge) by extension 'colcon_pkg'
[0.522s] Level 1:colcon.colcon_core.package_identification:_identify(src/ros2arduino_bridge) by extensions ['colcon_meta']
[0.522s] Level 1:colcon.colcon_core.package_identification:_identify(src/ros2arduino_bridge) by extension 'colcon_meta'
[0.522s] Level 1:colcon.colcon_core.package_identification:_identify(src/ros2arduino_bridge) by extensions ['ros']
[0.522s] Level 1:colcon.colcon_core.package_identification:_identify(src/ros2arduino_bridge) by extension 'ros'
[0.524s] DEBUG:colcon.colcon_core.package_identification:Package 'src/ros2arduino_bridge' with type 'ros.ament_python' and name 'ros2arduino_bridge'
[0.524s] Level 1:colcon.colcon_core.package_identification:_identify(src/vision_system) by extensions ['ignore', 'ignore_ament_install']
[0.524s] Level 1:colcon.colcon_core.package_identification:_identify(src/vision_system) by extension 'ignore'
[0.525s] Level 1:colcon.colcon_core.package_identification:_identify(src/vision_system) by extension 'ignore_ament_install'
[0.525s] Level 1:colcon.colcon_core.package_identification:_identify(src/vision_system) by extensions ['colcon_pkg']
[0.525s] Level 1:colcon.colcon_core.package_identification:_identify(src/vision_system) by extension 'colcon_pkg'
[0.525s] Level 1:colcon.colcon_core.package_identification:_identify(src/vision_system) by extensions ['colcon_meta']
[0.525s] Level 1:colcon.colcon_core.package_identification:_identify(src/vision_system) by extension 'colcon_meta'
[0.525s] Level 1:colcon.colcon_core.package_identification:_identify(src/vision_system) by extensions ['ros']
[0.525s] Level 1:colcon.colcon_core.package_identification:_identify(src/vision_system) by extension 'ros'
[0.527s] DEBUG:colcon.colcon_core.package_identification:Package 'src/vision_system' with type 'ros.ament_python' and name 'vision_system'
[0.527s] Level 1:colcon.colcon_core.package_discovery:discover_packages(recursive) using defaults
[0.527s] Level 1:colcon.colcon_core.package_discovery:discover_packages(ignore) discover
[0.528s] Level 1:colcon.colcon_core.package_discovery:discover_packages(ignore) using defaults
[0.528s] Level 1:colcon.colcon_core.package_discovery:discover_packages(path) discover
[0.528s] Level 1:colcon.colcon_core.package_discovery:discover_packages(path) using defaults
[0.569s] Level 5:colcon.colcon_core.verb:set package 'arduino_bridge' build argument 'cmake_args' from command line to 'None'
[0.569s] Level 5:colcon.colcon_core.verb:set package 'arduino_bridge' build argument 'cmake_target' from command line to 'None'
[0.569s] Level 5:colcon.colcon_core.verb:set package 'arduino_bridge' build argument 'cmake_target_skip_unavailable' from command line to 'False'
[0.569s] Level 5:colcon.colcon_core.verb:set package 'arduino_bridge' build argument 'cmake_clean_cache' from command line to 'False'
[0.569s] Level 5:colcon.colcon_core.verb:set package 'arduino_bridge' build argument 'cmake_clean_first' from command line to 'False'
[0.569s] Level 5:colcon.colcon_core.verb:set package 'arduino_bridge' build argument 'cmake_force_configure' from command line to 'False'
[0.569s] Level 5:colcon.colcon_core.verb:set package 'arduino_bridge' build argument 'ament_cmake_args' from command line to 'None'
[0.570s] Level 5:colcon.colcon_core.verb:set package 'arduino_bridge' build argument 'catkin_cmake_args' from command line to 'None'
[0.570s] Level 5:colcon.colcon_core.verb:set package 'arduino_bridge' build argument 'catkin_skip_building_tests' from command line to 'False'
[0.570s] DEBUG:colcon.colcon_core.verb:Building package 'arduino_bridge' with the following arguments: {'ament_cmake_args': None, 'build_base': '/root/Dojo/build/arduino_bridge', 'catkin_cmake_args': None, 'catkin_skip_building_tests': False, 'cmake_args': None, 'cmake_clean_cache': False, 'cmake_clean_first': False, 'cmake_force_configure': False, 'cmake_target': None, 'cmake_target_skip_unavailable': False, 'install_base': '/root/Dojo/install/arduino_bridge', 'merge_install': False, 'path': '/root/Dojo/src/arduino_bridge', 'symlink_install': True, 'test_result_base': None}
[0.570s] Level 5:colcon.colcon_core.verb:set package 'robot_control' build argument 'cmake_args' from command line to 'None'
[0.570s] Level 5:colcon.colcon_core.verb:set package 'robot_control' build argument 'cmake_target' from command line to 'None'
[0.570s] Level 5:colcon.colcon_core.verb:set package 'robot_control' build argument 'cmake_target_skip_unavailable' from command line to 'False'
[0.570s] Level 5:colcon.colcon_core.verb:set package 'robot_control' build argument 'cmake_clean_cache' from command line to 'False'
[0.571s] Level 5:colcon.colcon_core.verb:set package 'robot_control' build argument 'cmake_clean_first' from command line to 'False'
[0.571s] Level 5:colcon.colcon_core.verb:set package 'robot_control' build argument 'cmake_force_configure' from command line to 'False'
[0.571s] Level 5:colcon.colcon_core.verb:set package 'robot_control' build argument 'ament_cmake_args' from command line to 'None'
[0.571s] Level 5:colcon.colcon_core.verb:set package 'robot_control' build argument 'catkin_cmake_args' from command line to 'None'
[0.571s] Level 5:colcon.colcon_core.verb:set package 'robot_control' build argument 'catkin_skip_building_tests' from command line to 'False'
[0.571s] DEBUG:colcon.colcon_core.verb:Building package 'robot_control' with the following arguments: {'ament_cmake_args': None, 'build_base': '/root/Dojo/build/robot_control', 'catkin_cmake_args': None, 'catkin_skip_building_tests': False, 'cmake_args': None, 'cmake_clean_cache': False, 'cmake_clean_first': False, 'cmake_force_configure': False, 'cmake_target': None, 'cmake_target_skip_unavailable': False, 'install_base': '/root/Dojo/install/robot_control', 'merge_install': False, 'path': '/root/Dojo/src/robot_control', 'symlink_install': True, 'test_result_base': None}
[0.571s] Level 5:colcon.colcon_core.verb:set package 'robot_description' build argument 'cmake_args' from command line to 'None'
[0.572s] Level 5:colcon.colcon_core.verb:set package 'robot_description' build argument 'cmake_target' from command line to 'None'
[0.572s] Level 5:colcon.colcon_core.verb:set package 'robot_description' build argument 'cmake_target_skip_unavailable' from command line to 'False'
[0.572s] Level 5:colcon.colcon_core.verb:set package 'robot_description' build argument 'cmake_clean_cache' from command line to 'False'
[0.572s] Level 5:colcon.colcon_core.verb:set package 'robot_description' build argument 'cmake_clean_first' from command line to 'False'
[0.572s] Level 5:colcon.colcon_core.verb:set package 'robot_description' build argument 'cmake_force_configure' from command line to 'False'
[0.572s] Level 5:colcon.colcon_core.verb:set package 'robot_description' build argument 'ament_cmake_args' from command line to 'None'
[0.572s] Level 5:colcon.colcon_core.verb:set package 'robot_description' build argument 'catkin_cmake_args' from command line to 'None'
[0.572s] Level 5:colcon.colcon_core.verb:set package 'robot_description' build argument 'catkin_skip_building_tests' from command line to 'False'
[0.572s] DEBUG:colcon.colcon_core.verb:Building package 'robot_description' with the following arguments: {'ament_cmake_args': None, 'build_base': '/root/Dojo/build/robot_description', 'catkin_cmake_args': None, 'catkin_skip_building_tests': False, 'cmake_args': None, 'cmake_clean_cache': False, 'cmake_clean_first': False, 'cmake_force_configure': False, 'cmake_target': None, 'cmake_target_skip_unavailable': False, 'install_base': '/root/Dojo/install/robot_description', 'merge_install': False, 'path': '/root/Dojo/src/robot_description', 'symlink_install': True, 'test_result_base': None}
[0.573s] Level 5:colcon.colcon_core.verb:set package 'robot_navigation' build argument 'cmake_args' from command line to 'None'
[0.573s] Level 5:colcon.colcon_core.verb:set package 'robot_navigation' build argument 'cmake_target' from command line to 'None'
[0.573s] Level 5:colcon.colcon_core.verb:set package 'robot_navigation' build argument 'cmake_target_skip_unavailable' from command line to 'False'
[0.573s] Level 5:colcon.colcon_core.verb:set package 'robot_navigation' build argument 'cmake_clean_cache' from command line to 'False'
[0.573s] Level 5:colcon.colcon_core.verb:set package 'robot_navigation' build argument 'cmake_clean_first' from command line to 'False'
[0.573s] Level 5:colcon.colcon_core.verb:set package 'robot_navigation' build argument 'cmake_force_configure' from command line to 'False'
[0.573s] Level 5:colcon.colcon_core.verb:set package 'robot_navigation' build argument 'ament_cmake_args' from command line to 'None'
[0.573s] Level 5:colcon.colcon_core.verb:set package 'robot_navigation' build argument 'catkin_cmake_args' from command line to 'None'
[0.573s] Level 5:colcon.colcon_core.verb:set package 'robot_navigation' build argument 'catkin_skip_building_tests' from command line to 'False'
[0.573s] DEBUG:colcon.colcon_core.verb:Building package 'robot_navigation' with the following arguments: {'ament_cmake_args': None, 'build_base': '/root/Dojo/build/robot_navigation', 'catkin_cmake_args': None, 'catkin_skip_building_tests': False, 'cmake_args': None, 'cmake_clean_cache': False, 'cmake_clean_first': False, 'cmake_force_configure': False, 'cmake_target': None, 'cmake_target_skip_unavailable': False, 'install_base': '/root/Dojo/install/robot_navigation', 'merge_install': False, 'path': '/root/Dojo/src/robot_navigation', 'symlink_install': True, 'test_result_base': None}
[0.574s] Level 5:colcon.colcon_core.verb:set package 'robot_perception' build argument 'cmake_args' from command line to 'None'
[0.574s] Level 5:colcon.colcon_core.verb:set package 'robot_perception' build argument 'cmake_target' from command line to 'None'
[0.574s] Level 5:colcon.colcon_core.verb:set package 'robot_perception' build argument 'cmake_target_skip_unavailable' from command line to 'False'
[0.574s] Level 5:colcon.colcon_core.verb:set package 'robot_perception' build argument 'cmake_clean_cache' from command line to 'False'
[0.574s] Level 5:colcon.colcon_core.verb:set package 'robot_perception' build argument 'cmake_clean_first' from command line to 'False'
[0.574s] Level 5:colcon.colcon_core.verb:set package 'robot_perception' build argument 'cmake_force_configure' from command line to 'False'
[0.574s] Level 5:colcon.colcon_core.verb:set package 'robot_perception' build argument 'ament_cmake_args' from command line to 'None'
[0.574s] Level 5:colcon.colcon_core.verb:set package 'robot_perception' build argument 'catkin_cmake_args' from command line to 'None'
[0.574s] Level 5:colcon.colcon_core.verb:set package 'robot_perception' build argument 'catkin_skip_building_tests' from command line to 'False'
[0.574s] DEBUG:colcon.colcon_core.verb:Building package 'robot_perception' with the following arguments: {'ament_cmake_args': None, 'build_base': '/root/Dojo/build/robot_perception', 'catkin_cmake_args': None, 'catkin_skip_building_tests': False, 'cmake_args': None, 'cmake_clean_cache': False, 'cmake_clean_first': False, 'cmake_force_configure': False, 'cmake_target': None, 'cmake_target_skip_unavailable': False, 'install_base': '/root/Dojo/install/robot_perception', 'merge_install': False, 'path': '/root/Dojo/src/robot_perception', 'symlink_install': True, 'test_result_base': None}
[0.575s] Level 5:colcon.colcon_core.verb:set package 'robot_sensors' build argument 'cmake_args' from command line to 'None'
[0.575s] Level 5:colcon.colcon_core.verb:set package 'robot_sensors' build argument 'cmake_target' from command line to 'None'
[0.575s] Level 5:colcon.colcon_core.verb:set package 'robot_sensors' build argument 'cmake_target_skip_unavailable' from command line to 'False'
[0.575s] Level 5:colcon.colcon_core.verb:set package 'robot_sensors' build argument 'cmake_clean_cache' from command line to 'False'
[0.575s] Level 5:colcon.colcon_core.verb:set package 'robot_sensors' build argument 'cmake_clean_first' from command line to 'False'
[0.575s] Level 5:colcon.colcon_core.verb:set package 'robot_sensors' build argument 'cmake_force_configure' from command line to 'False'
[0.575s] Level 5:colcon.colcon_core.verb:set package 'robot_sensors' build argument 'ament_cmake_args' from command line to 'None'
[0.575s] Level 5:colcon.colcon_core.verb:set package 'robot_sensors' build argument 'catkin_cmake_args' from command line to 'None'
[0.575s] Level 5:colcon.colcon_core.verb:set package 'robot_sensors' build argument 'catkin_skip_building_tests' from command line to 'False'
[0.575s] DEBUG:colcon.colcon_core.verb:Building package 'robot_sensors' with the following arguments: {'ament_cmake_args': None, 'build_base': '/root/Dojo/build/robot_sensors', 'catkin_cmake_args': None, 'catkin_skip_building_tests': False, 'cmake_args': None, 'cmake_clean_cache': False, 'cmake_clean_first': False, 'cmake_force_configure': False, 'cmake_target': None, 'cmake_target_skip_unavailable': False, 'install_base': '/root/Dojo/install/robot_sensors', 'merge_install': False, 'path': '/root/Dojo/src/robot_sensors', 'symlink_install': True, 'test_result_base': None}
[0.576s] Level 5:colcon.colcon_core.verb:set package 'ros2arduino_bridge' build argument 'cmake_args' from command line to 'None'
[0.576s] Level 5:colcon.colcon_core.verb:set package 'ros2arduino_bridge' build argument 'cmake_target' from command line to 'None'
[0.576s] Level 5:colcon.colcon_core.verb:set package 'ros2arduino_bridge' build argument 'cmake_target_skip_unavailable' from command line to 'False'
[0.576s] Level 5:colcon.colcon_core.verb:set package 'ros2arduino_bridge' build argument 'cmake_clean_cache' from command line to 'False'
[0.576s] Level 5:colcon.colcon_core.verb:set package 'ros2arduino_bridge' build argument 'cmake_clean_first' from command line to 'False'
[0.576s] Level 5:colcon.colcon_core.verb:set package 'ros2arduino_bridge' build argument 'cmake_force_configure' from command line to 'False'
[0.576s] Level 5:colcon.colcon_core.verb:set package 'ros2arduino_bridge' build argument 'ament_cmake_args' from command line to 'None'
[0.576s] Level 5:colcon.colcon_core.verb:set package 'ros2arduino_bridge' build argument 'catkin_cmake_args' from command line to 'None'
[0.576s] Level 5:colcon.colcon_core.verb:set package 'ros2arduino_bridge' build argument 'catkin_skip_building_tests' from command line to 'False'
[0.576s] DEBUG:colcon.colcon_core.verb:Building package 'ros2arduino_bridge' with the following arguments: {'ament_cmake_args': None, 'build_base': '/root/Dojo/build/ros2arduino_bridge', 'catkin_cmake_args': None, 'catkin_skip_building_tests': False, 'cmake_args': None, 'cmake_clean_cache': False, 'cmake_clean_first': False, 'cmake_force_configure': False, 'cmake_target': None, 'cmake_target_skip_unavailable': False, 'install_base': '/root/Dojo/install/ros2arduino_bridge', 'merge_install': False, 'path': '/root/Dojo/src/ros2arduino_bridge', 'symlink_install': True, 'test_result_base': None}
[0.577s] Level 5:colcon.colcon_core.verb:set package 'vision_system' build argument 'cmake_args' from command line to 'None'
[0.577s] Level 5:colcon.colcon_core.verb:set package 'vision_system' build argument 'cmake_target' from command line to 'None'
[0.577s] Level 5:colcon.colcon_core.verb:set package 'vision_system' build argument 'cmake_target_skip_unavailable' from command line to 'False'
[0.577s] Level 5:colcon.colcon_core.verb:set package 'vision_system' build argument 'cmake_clean_cache' from command line to 'False'
[0.577s] Level 5:colcon.colcon_core.verb:set package 'vision_system' build argument 'cmake_clean_first' from command line to 'False'
[0.577s] Level 5:colcon.colcon_core.verb:set package 'vision_system' build argument 'cmake_force_configure' from command line to 'False'
[0.577s] Level 5:colcon.colcon_core.verb:set package 'vision_system' build argument 'ament_cmake_args' from command line to 'None'
[0.577s] Level 5:colcon.colcon_core.verb:set package 'vision_system' build argument 'catkin_cmake_args' from command line to 'None'
[0.577s] Level 5:colcon.colcon_core.verb:set package 'vision_system' build argument 'catkin_skip_building_tests' from command line to 'False'
[0.577s] DEBUG:colcon.colcon_core.verb:Building package 'vision_system' with the following arguments: {'ament_cmake_args': None, 'build_base': '/root/Dojo/build/vision_system', 'catkin_cmake_args': None, 'catkin_skip_building_tests': False, 'cmake_args': None, 'cmake_clean_cache': False, 'cmake_clean_first': False, 'cmake_force_configure': False, 'cmake_target': None, 'cmake_target_skip_unavailable': False, 'install_base': '/root/Dojo/install/vision_system', 'merge_install': False, 'path': '/root/Dojo/src/vision_system', 'symlink_install': True, 'test_result_base': None}
[0.578s] Level 5:colcon.colcon_core.verb:set package 'robot_bringup' build argument 'cmake_args' from command line to 'None'
[0.578s] Level 5:colcon.colcon_core.verb:set package 'robot_bringup' build argument 'cmake_target' from command line to 'None'
[0.578s] Level 5:colcon.colcon_core.verb:set package 'robot_bringup' build argument 'cmake_target_skip_unavailable' from command line to 'False'
[0.578s] Level 5:colcon.colcon_core.verb:set package 'robot_bringup' build argument 'cmake_clean_cache' from command line to 'False'
[0.578s] Level 5:colcon.colcon_core.verb:set package 'robot_bringup' build argument 'cmake_clean_first' from command line to 'False'
[0.578s] Level 5:colcon.colcon_core.verb:set package 'robot_bringup' build argument 'cmake_force_configure' from command line to 'False'
[0.578s] Level 5:colcon.colcon_core.verb:set package 'robot_bringup' build argument 'ament_cmake_args' from command line to 'None'
[0.578s] Level 5:colcon.colcon_core.verb:set package 'robot_bringup' build argument 'catkin_cmake_args' from command line to 'None'
[0.578s] Level 5:colcon.colcon_core.verb:set package 'robot_bringup' build argument 'catkin_skip_building_tests' from command line to 'False'
[0.579s] DEBUG:colcon.colcon_core.verb:Building package 'robot_bringup' with the following arguments: {'ament_cmake_args': None, 'build_base': '/root/Dojo/build/robot_bringup', 'catkin_cmake_args': None, 'catkin_skip_building_tests': False, 'cmake_args': None, 'cmake_clean_cache': False, 'cmake_clean_first': False, 'cmake_force_configure': False, 'cmake_target': None, 'cmake_target_skip_unavailable': False, 'install_base': '/root/Dojo/install/robot_bringup', 'merge_install': False, 'path': '/root/Dojo/src/robot_bringup', 'symlink_install': True, 'test_result_base': None}
[0.579s] Level 5:colcon.colcon_core.verb:set package 'robot_gazebo' build argument 'cmake_args' from command line to 'None'
[0.579s] Level 5:colcon.colcon_core.verb:set package 'robot_gazebo' build argument 'cmake_target' from command line to 'None'
[0.579s] Level 5:colcon.colcon_core.verb:set package 'robot_gazebo' build argument 'cmake_target_skip_unavailable' from command line to 'False'
[0.579s] Level 5:colcon.colcon_core.verb:set package 'robot_gazebo' build argument 'cmake_clean_cache' from command line to 'False'
[0.579s] Level 5:colcon.colcon_core.verb:set package 'robot_gazebo' build argument 'cmake_clean_first' from command line to 'False'
[0.579s] Level 5:colcon.colcon_core.verb:set package 'robot_gazebo' build argument 'cmake_force_configure' from command line to 'False'
[0.579s] Level 5:colcon.colcon_core.verb:set package 'robot_gazebo' build argument 'ament_cmake_args' from command line to 'None'
[0.580s] Level 5:colcon.colcon_core.verb:set package 'robot_gazebo' build argument 'catkin_cmake_args' from command line to 'None'
[0.580s] Level 5:colcon.colcon_core.verb:set package 'robot_gazebo' build argument 'catkin_skip_building_tests' from command line to 'False'
[0.580s] DEBUG:colcon.colcon_core.verb:Building package 'robot_gazebo' with the following arguments: {'ament_cmake_args': None, 'build_base': '/root/Dojo/build/robot_gazebo', 'catkin_cmake_args': None, 'catkin_skip_building_tests': False, 'cmake_args': None, 'cmake_clean_cache': False, 'cmake_clean_first': False, 'cmake_force_configure': False, 'cmake_target': None, 'cmake_target_skip_unavailable': False, 'install_base': '/root/Dojo/install/robot_gazebo', 'merge_install': False, 'path': '/root/Dojo/src/robot_gazebo', 'symlink_install': True, 'test_result_base': None}
[0.580s] INFO:colcon.colcon_core.executor:Executing jobs using 'parallel' executor
[0.582s] DEBUG:colcon.colcon_parallel_executor.executor.parallel:run_until_complete
[0.582s] INFO:colcon.colcon_ros.task.ament_cmake.build:Building ROS package in '/root/Dojo/src/robot_description' with build type 'ament_cmake'
[0.583s] INFO:colcon.colcon_cmake.task.cmake.build:Building CMake package in '/root/Dojo/src/robot_description'
[0.589s] INFO:colcon.colcon_core.plugin_system:Skipping extension 'colcon_core.shell.bat': Not used on non-Windows systems
[0.589s] INFO:colcon.colcon_core.shell:Skip shell extension 'powershell' for command environment: Not usable outside of PowerShell
[0.589s] DEBUG:colcon.colcon_core.shell:Skip shell extension 'dsv' for command environment
[0.597s] INFO:colcon.colcon_ros.task.ament_python.build:Building ROS package in '/root/Dojo/src/robot_control' with build type 'ament_python'
[0.598s] Level 1:colcon.colcon_core.shell:create_environment_hook('robot_control', 'ament_prefix_path')
[0.598s] INFO:colcon.colcon_core.shell:Creating environment hook '/root/Dojo/install/robot_control/share/robot_control/hook/ament_prefix_path.ps1'
[0.599s] INFO:colcon.colcon_core.shell:Creating environment descriptor '/root/Dojo/install/robot_control/share/robot_control/hook/ament_prefix_path.dsv'
[0.600s] INFO:colcon.colcon_core.shell:Creating environment hook '/root/Dojo/install/robot_control/share/robot_control/hook/ament_prefix_path.sh'
[0.602s] INFO:colcon.colcon_core.shell:Skip shell extension 'powershell' for command environment: Not usable outside of PowerShell
[0.602s] DEBUG:colcon.colcon_core.shell:Skip shell extension 'dsv' for command environment
[0.608s] INFO:colcon.colcon_ros.task.ament_cmake.build:Building ROS package in '/root/Dojo/src/robot_navigation' with build type 'ament_cmake'
[0.609s] INFO:colcon.colcon_cmake.task.cmake.build:Building CMake package in '/root/Dojo/src/robot_navigation'
[0.609s] INFO:colcon.colcon_core.shell:Skip shell extension 'powershell' for command environment: Not usable outside of PowerShell
[0.609s] DEBUG:colcon.colcon_core.shell:Skip shell extension 'dsv' for command environment
[0.632s] INFO:colcon.colcon_ros.task.ament_cmake.build:Building ROS package in '/root/Dojo/src/robot_perception' with build type 'ament_cmake'
[0.633s] INFO:colcon.colcon_cmake.task.cmake.build:Building CMake package in '/root/Dojo/src/robot_perception'
[0.633s] INFO:colcon.colcon_core.shell:Skip shell extension 'powershell' for command environment: Not usable outside of PowerShell
[0.633s] DEBUG:colcon.colcon_core.shell:Skip shell extension 'dsv' for command environment
[0.640s] INFO:colcon.colcon_ros.task.ament_python.build:Building ROS package in '/root/Dojo/src/robot_sensors' with build type 'ament_python'
[0.640s] Level 1:colcon.colcon_core.shell:create_environment_hook('robot_sensors', 'ament_prefix_path')
[0.641s] INFO:colcon.colcon_core.shell:Creating environment hook '/root/Dojo/install/robot_sensors/share/robot_sensors/hook/ament_prefix_path.ps1'
[0.642s] INFO:colcon.colcon_core.shell:Creating environment descriptor '/root/Dojo/install/robot_sensors/share/robot_sensors/hook/ament_prefix_path.dsv'
[0.643s] INFO:colcon.colcon_core.shell:Creating environment hook '/root/Dojo/install/robot_sensors/share/robot_sensors/hook/ament_prefix_path.sh'
[0.644s] INFO:colcon.colcon_core.shell:Skip shell extension 'powershell' for command environment: Not usable outside of PowerShell
[0.644s] DEBUG:colcon.colcon_core.shell:Skip shell extension 'dsv' for command environment
[0.652s] INFO:colcon.colcon_ros.task.ament_python.build:Building ROS package in '/root/Dojo/src/arduino_bridge' with build type 'ament_python'
[0.652s] Level 1:colcon.colcon_core.shell:create_environment_hook('arduino_bridge', 'ament_prefix_path')
[0.653s] INFO:colcon.colcon_core.shell:Creating environment hook '/root/Dojo/install/arduino_bridge/share/arduino_bridge/hook/ament_prefix_path.ps1'
[0.654s] INFO:colcon.colcon_core.shell:Creating environment descriptor '/root/Dojo/install/arduino_bridge/share/arduino_bridge/hook/ament_prefix_path.dsv'
[0.654s] INFO:colcon.colcon_core.shell:Creating environment hook '/root/Dojo/install/arduino_bridge/share/arduino_bridge/hook/ament_prefix_path.sh'
[0.656s] INFO:colcon.colcon_core.shell:Skip shell extension 'powershell' for command environment: Not usable outside of PowerShell
[0.656s] DEBUG:colcon.colcon_core.shell:Skip shell extension 'dsv' for command environment
[0.662s] INFO:colcon.colcon_ros.task.ament_python.build:Building ROS package in '/root/Dojo/src/ros2arduino_bridge' with build type 'ament_python'
[0.663s] Level 1:colcon.colcon_core.shell:create_environment_hook('ros2arduino_bridge', 'ament_prefix_path')
[0.664s] INFO:colcon.colcon_core.shell:Creating environment hook '/root/Dojo/install/ros2arduino_bridge/share/ros2arduino_bridge/hook/ament_prefix_path.ps1'
[0.665s] INFO:colcon.colcon_core.shell:Creating environment descriptor '/root/Dojo/install/ros2arduino_bridge/share/ros2arduino_bridge/hook/ament_prefix_path.dsv'
[0.665s] INFO:colcon.colcon_core.shell:Creating environment hook '/root/Dojo/install/ros2arduino_bridge/share/ros2arduino_bridge/hook/ament_prefix_path.sh'
[0.667s] INFO:colcon.colcon_core.shell:Skip shell extension 'powershell' for command environment: Not usable outside of PowerShell
[0.667s] DEBUG:colcon.colcon_core.shell:Skip shell extension 'dsv' for command environment
[0.673s] INFO:colcon.colcon_ros.task.ament_python.build:Building ROS package in '/root/Dojo/src/vision_system' with build type 'ament_python'
[0.673s] Level 1:colcon.colcon_core.shell:create_environment_hook('vision_system', 'ament_prefix_path')
[0.673s] INFO:colcon.colcon_core.shell:Creating environment hook '/root/Dojo/install/vision_system/share/vision_system/hook/ament_prefix_path.ps1'
[0.675s] INFO:colcon.colcon_core.shell:Creating environment descriptor '/root/Dojo/install/vision_system/share/vision_system/hook/ament_prefix_path.dsv'
[0.675s] INFO:colcon.colcon_core.shell:Creating environment hook '/root/Dojo/install/vision_system/share/vision_system/hook/ament_prefix_path.sh'
[0.677s] INFO:colcon.colcon_core.shell:Skip shell extension 'powershell' for command environment: Not usable outside of PowerShell
[0.677s] DEBUG:colcon.colcon_core.shell:Skip shell extension 'dsv' for command environment
[0.695s] DEBUG:colcon.colcon_core.event_handler.log_command:Invoking command in '/root/Dojo/build/robot_description': CMAKE_PREFIX_PATH=/opt/ros/humble /usr/bin/cmake --build /root/Dojo/build/robot_description -- -j16 -l16
[1.149s] INFO:colcon.colcon_core.task.python.build:Building Python package in '/root/Dojo/src/robot_control'
[1.150s] INFO:colcon.colcon_core.shell:Skip shell extension 'powershell' for command environment: Not usable outside of PowerShell
[1.150s] DEBUG:colcon.colcon_core.shell:Skip shell extension 'dsv' for command environment
[1.160s] DEBUG:colcon.colcon_core.event_handler.log_command:Invoking command in '/root/Dojo/build/robot_navigation': CMAKE_PREFIX_PATH=/opt/ros/humble /usr/bin/cmake --build /root/Dojo/build/robot_navigation -- -j16 -l16
[1.164s] DEBUG:colcon.colcon_core.event_handler.log_command:Invoking command in '/root/Dojo/build/robot_perception': CMAKE_PREFIX_PATH=/opt/ros/humble /usr/bin/cmake --build /root/Dojo/build/robot_perception -- -j16 -l16
[1.484s] INFO:colcon.colcon_core.task.python.build:Building Python package in '/root/Dojo/src/robot_sensors'
[1.485s] INFO:colcon.colcon_core.shell:Skip shell extension 'powershell' for command environment: Not usable outside of PowerShell
[1.485s] DEBUG:colcon.colcon_core.shell:Skip shell extension 'dsv' for command environment
[1.686s] INFO:colcon.colcon_core.task.python.build:Building Python package in '/root/Dojo/src/arduino_bridge'
[1.686s] INFO:colcon.colcon_core.shell:Skip shell extension 'powershell' for command environment: Not usable outside of PowerShell
[1.686s] DEBUG:colcon.colcon_core.shell:Skip shell extension 'dsv' for command environment
[1.891s] INFO:colcon.colcon_core.task.python.build:Building Python package in '/root/Dojo/src/ros2arduino_bridge'
[1.891s] INFO:colcon.colcon_core.shell:Skip shell extension 'powershell' for command environment: Not usable outside of PowerShell
[1.891s] DEBUG:colcon.colcon_core.shell:Skip shell extension 'dsv' for command environment
[1.899s] DEBUG:colcon.colcon_core.event_handler.log_command:Invoked command in '/root/Dojo/build/robot_description' returned '0': CMAKE_PREFIX_PATH=/opt/ros/humble /usr/bin/cmake --build /root/Dojo/build/robot_description -- -j16 -l16
[1.909s] DEBUG:colcon.colcon_core.event_handler.log_command:Invoking command in '/root/Dojo/build/robot_description': CMAKE_PREFIX_PATH=/opt/ros/humble /usr/bin/cmake --install /root/Dojo/build/robot_description
[1.910s] DEBUG:colcon.colcon_core.event_handler.log_command:Invoked command in '/root/Dojo/build/robot_navigation' returned '0': CMAKE_PREFIX_PATH=/opt/ros/humble /usr/bin/cmake --build /root/Dojo/build/robot_navigation -- -j16 -l16
[1.911s] DEBUG:colcon.colcon_core.event_handler.log_command:Invoking command in '/root/Dojo/build/robot_navigation': CMAKE_PREFIX_PATH=/opt/ros/humble /usr/bin/cmake --install /root/Dojo/build/robot_navigation
[2.117s] INFO:colcon.colcon_core.task.python.build:Building Python package in '/root/Dojo/src/vision_system'
[2.117s] INFO:colcon.colcon_core.shell:Skip shell extension 'powershell' for command environment: Not usable outside of PowerShell
[2.117s] DEBUG:colcon.colcon_core.shell:Skip shell extension 'dsv' for command environment
[2.121s] DEBUG:colcon.colcon_core.event_handler.log_command:Invoked command in '/root/Dojo/build/robot_perception' returned '0': CMAKE_PREFIX_PATH=/opt/ros/humble /usr/bin/cmake --build /root/Dojo/build/robot_perception -- -j16 -l16
[2.122s] DEBUG:colcon.colcon_core.event_handler.log_command:Invoking command in '/root/Dojo/build/robot_perception': CMAKE_PREFIX_PATH=/opt/ros/humble /usr/bin/cmake --install /root/Dojo/build/robot_perception
[2.141s] Level 1:colcon.colcon_core.environment:create_environment_scripts_only(robot_navigation)
[2.143s] DEBUG:colcon.colcon_core.event_handler.log_command:Invoked command in '/root/Dojo/build/robot_navigation' returned '0': CMAKE_PREFIX_PATH=/opt/ros/humble /usr/bin/cmake --install /root/Dojo/build/robot_navigation
[2.145s] Level 1:colcon.colcon_core.environment:checking '/root/Dojo/install/robot_navigation' for CMake module files
[2.146s] Level 1:colcon.colcon_core.environment:checking '/root/Dojo/install/robot_navigation' for CMake config files
[2.146s] Level 1:colcon.colcon_core.shell:create_environment_hook('robot_navigation', 'cmake_prefix_path')
[2.147s] INFO:colcon.colcon_core.shell:Creating environment hook '/root/Dojo/install/robot_navigation/share/robot_navigation/hook/cmake_prefix_path.ps1'
[2.147s] INFO:colcon.colcon_core.shell:Creating environment descriptor '/root/Dojo/install/robot_navigation/share/robot_navigation/hook/cmake_prefix_path.dsv'
[2.147s] INFO:colcon.colcon_core.shell:Creating environment hook '/root/Dojo/install/robot_navigation/share/robot_navigation/hook/cmake_prefix_path.sh'
[2.148s] Level 1:colcon.colcon_core.environment:checking '/root/Dojo/install/robot_navigation/bin'
[2.148s] Level 1:colcon.colcon_core.environment:checking '/root/Dojo/install/robot_navigation/lib/pkgconfig/robot_navigation.pc'
[2.148s] Level 1:colcon.colcon_core.environment:checking '/root/Dojo/install/robot_navigation/lib/python3.10/site-packages'
[2.148s] Level 1:colcon.colcon_core.environment:checking '/root/Dojo/install/robot_navigation/bin'
[2.149s] INFO:colcon.colcon_core.shell:Creating package script '/root/Dojo/install/robot_navigation/share/robot_navigation/package.ps1'
[2.149s] INFO:colcon.colcon_core.shell:Creating package descriptor '/root/Dojo/install/robot_navigation/share/robot_navigation/package.dsv'
[2.150s] INFO:colcon.colcon_core.shell:Creating package script '/root/Dojo/install/robot_navigation/share/robot_navigation/package.sh'
[2.150s] INFO:colcon.colcon_core.shell:Creating package script '/root/Dojo/install/robot_navigation/share/robot_navigation/package.bash'
[2.151s] INFO:colcon.colcon_core.shell:Creating package script '/root/Dojo/install/robot_navigation/share/robot_navigation/package.zsh'
[2.151s] Level 1:colcon.colcon_core.environment:create_file_with_runtime_dependencies(/root/Dojo/install/robot_navigation/share/colcon-core/packages/robot_navigation)
[2.152s] Level 1:colcon.colcon_core.environment:create_environment_scripts_only(robot_navigation)
[2.152s] Level 1:colcon.colcon_core.environment:checking '/root/Dojo/install/robot_navigation' for CMake module files
[2.153s] Level 1:colcon.colcon_core.environment:checking '/root/Dojo/install/robot_navigation' for CMake config files
[2.153s] Level 1:colcon.colcon_core.shell:create_environment_hook('robot_navigation', 'cmake_prefix_path')
[2.153s] INFO:colcon.colcon_core.shell:Creating environment hook '/root/Dojo/install/robot_navigation/share/robot_navigation/hook/cmake_prefix_path.ps1'
[2.154s] INFO:colcon.colcon_core.shell:Creating environment descriptor '/root/Dojo/install/robot_navigation/share/robot_navigation/hook/cmake_prefix_path.dsv'
[2.154s] INFO:colcon.colcon_core.shell:Creating environment hook '/root/Dojo/install/robot_navigation/share/robot_navigation/hook/cmake_prefix_path.sh'
[2.154s] Level 1:colcon.colcon_core.environment:checking '/root/Dojo/install/robot_navigation/bin'
[2.154s] Level 1:colcon.colcon_core.environment:checking '/root/Dojo/install/robot_navigation/lib/pkgconfig/robot_navigation.pc'
[2.155s] Level 1:colcon.colcon_core.environment:checking '/root/Dojo/install/robot_navigation/lib/python3.10/site-packages'
[2.155s] Level 1:colcon.colcon_core.environment:checking '/root/Dojo/install/robot_navigation/bin'
[2.155s] INFO:colcon.colcon_core.shell:Creating package script '/root/Dojo/install/robot_navigation/share/robot_navigation/package.ps1'
[2.155s] INFO:colcon.colcon_core.shell:Creating package descriptor '/root/Dojo/install/robot_navigation/share/robot_navigation/package.dsv'
[2.156s] INFO:colcon.colcon_core.shell:Creating package script '/root/Dojo/install/robot_navigation/share/robot_navigation/package.sh'
[2.156s] INFO:colcon.colcon_core.shell:Creating package script '/root/Dojo/install/robot_navigation/share/robot_navigation/package.bash'
[2.157s] INFO:colcon.colcon_core.shell:Creating package script '/root/Dojo/install/robot_navigation/share/robot_navigation/package.zsh'
[2.157s] Level 1:colcon.colcon_core.environment:create_file_with_runtime_dependencies(/root/Dojo/install/robot_navigation/share/colcon-core/packages/robot_navigation)
[2.157s] Level 1:colcon.colcon_core.environment:create_environment_scripts_only(robot_description)
[2.157s] Level 1:colcon.colcon_core.environment:checking '/root/Dojo/install/robot_description' for CMake module files
[2.158s] DEBUG:colcon.colcon_core.event_handler.log_command:Invoked command in '/root/Dojo/build/robot_description' returned '0': CMAKE_PREFIX_PATH=/opt/ros/humble /usr/bin/cmake --install /root/Dojo/build/robot_description
[2.159s] Level 1:colcon.colcon_core.environment:checking '/root/Dojo/install/robot_description' for CMake config files
[2.159s] Level 1:colcon.colcon_core.shell:create_environment_hook('robot_description', 'cmake_prefix_path')
[2.159s] INFO:colcon.colcon_core.shell:Creating environment hook '/root/Dojo/install/robot_description/share/robot_description/hook/cmake_prefix_path.ps1'
[2.160s] INFO:colcon.colcon_core.shell:Creating environment descriptor '/root/Dojo/install/robot_description/share/robot_description/hook/cmake_prefix_path.dsv'
[2.160s] INFO:colcon.colcon_core.shell:Creating environment hook '/root/Dojo/install/robot_description/share/robot_description/hook/cmake_prefix_path.sh'
[2.161s] Level 1:colcon.colcon_core.environment:checking '/root/Dojo/install/robot_description/lib'
[2.161s] Level 1:colcon.colcon_core.environment:checking '/root/Dojo/install/robot_description/bin'
[2.161s] Level 1:colcon.colcon_core.environment:checking '/root/Dojo/install/robot_description/lib/pkgconfig/robot_description.pc'
[2.161s] Level 1:colcon.colcon_core.environment:checking '/root/Dojo/install/robot_description/lib/python3.10/site-packages'
[2.161s] Level 1:colcon.colcon_core.environment:checking '/root/Dojo/install/robot_description/bin'
[2.162s] INFO:colcon.colcon_core.shell:Creating package script '/root/Dojo/install/robot_description/share/robot_description/package.ps1'
[2.162s] INFO:colcon.colcon_core.shell:Creating package descriptor '/root/Dojo/install/robot_description/share/robot_description/package.dsv'
[2.162s] INFO:colcon.colcon_core.shell:Creating package script '/root/Dojo/install/robot_description/share/robot_description/package.sh'
[2.163s] INFO:colcon.colcon_core.shell:Creating package script '/root/Dojo/install/robot_description/share/robot_description/package.bash'
[2.163s] INFO:colcon.colcon_core.shell:Creating package script '/root/Dojo/install/robot_description/share/robot_description/package.zsh'
[2.164s] Level 1:colcon.colcon_core.environment:create_file_with_runtime_dependencies(/root/Dojo/install/robot_description/share/colcon-core/packages/robot_description)
[2.164s] Level 1:colcon.colcon_core.environment:create_environment_scripts_only(robot_description)
[2.164s] Level 1:colcon.colcon_core.environment:checking '/root/Dojo/install/robot_description' for CMake module files
[2.165s] Level 1:colcon.colcon_core.environment:checking '/root/Dojo/install/robot_description' for CMake config files
[2.165s] Level 1:colcon.colcon_core.shell:create_environment_hook('robot_description', 'cmake_prefix_path')
[2.166s] INFO:colcon.colcon_core.shell:Creating environment hook '/root/Dojo/install/robot_description/share/robot_description/hook/cmake_prefix_path.ps1'
[2.166s] INFO:colcon.colcon_core.shell:Creating environment descriptor '/root/Dojo/install/robot_description/share/robot_description/hook/cmake_prefix_path.dsv'
[2.166s] INFO:colcon.colcon_core.shell:Creating environment hook '/root/Dojo/install/robot_description/share/robot_description/hook/cmake_prefix_path.sh'
[2.167s] Level 1:colcon.colcon_core.environment:checking '/root/Dojo/install/robot_description/lib'
[2.167s] Level 1:colcon.colcon_core.environment:checking '/root/Dojo/install/robot_description/bin'
[2.167s] Level 1:colcon.colcon_core.environment:checking '/root/Dojo/install/robot_description/lib/pkgconfig/robot_description.pc'
[2.167s] Level 1:colcon.colcon_core.environment:checking '/root/Dojo/install/robot_description/lib/python3.10/site-packages'
[2.168s] Level 1:colcon.colcon_core.environment:checking '/root/Dojo/install/robot_description/bin'
[2.168s] INFO:colcon.colcon_core.shell:Creating package script '/root/Dojo/install/robot_description/share/robot_description/package.ps1'
[2.169s] INFO:colcon.colcon_core.shell:Creating package descriptor '/root/Dojo/install/robot_description/share/robot_description/package.dsv'
[2.169s] INFO:colcon.colcon_core.shell:Creating package script '/root/Dojo/install/robot_description/share/robot_description/package.sh'
[2.170s] INFO:colcon.colcon_core.shell:Creating package script '/root/Dojo/install/robot_description/share/robot_description/package.bash'
[2.170s] INFO:colcon.colcon_core.shell:Creating package script '/root/Dojo/install/robot_description/share/robot_description/package.zsh'
[2.171s] Level 1:colcon.colcon_core.environment:create_file_with_runtime_dependencies(/root/Dojo/install/robot_description/share/colcon-core/packages/robot_description)
[2.171s] INFO:colcon.colcon_ros.task.ament_cmake.build:Building ROS package in '/root/Dojo/src/robot_gazebo' with build type 'ament_cmake'
[2.172s] INFO:colcon.colcon_cmake.task.cmake.build:Building CMake package in '/root/Dojo/src/robot_gazebo'
[2.172s] INFO:colcon.colcon_core.shell:Skip shell extension 'powershell' for command environment: Not usable outside of PowerShell
[2.172s] DEBUG:colcon.colcon_core.shell:Skip shell extension 'dsv' for command environment
[2.184s] DEBUG:colcon.colcon_core.event_handler.log_command:Invoking command in '/root/Dojo/build/robot_gazebo': AMENT_PREFIX_PATH=/root/Dojo/install/robot_description:${AMENT_PREFIX_PATH} CMAKE_PREFIX_PATH=/root/Dojo/install/robot_description:/opt/ros/humble PYTHONPATH=/root/Dojo/install/robot_description/local/lib/python3.10/dist-packages:${PYTHONPATH} /usr/bin/cmake --build /root/Dojo/build/robot_gazebo -- -j16 -l16
[2.188s] Level 1:colcon.colcon_core.environment:create_environment_scripts_only(robot_perception)
[2.188s] Level 1:colcon.colcon_core.environment:checking '/root/Dojo/install/robot_perception' for CMake module files
[2.189s] DEBUG:colcon.colcon_core.event_handler.log_command:Invoked command in '/root/Dojo/build/robot_perception' returned '0': CMAKE_PREFIX_PATH=/opt/ros/humble /usr/bin/cmake --install /root/Dojo/build/robot_perception
[2.189s] Level 1:colcon.colcon_core.environment:checking '/root/Dojo/install/robot_perception' for CMake config files
[2.190s] Level 1:colcon.colcon_core.shell:create_environment_hook('robot_perception', 'cmake_prefix_path')
[2.190s] INFO:colcon.colcon_core.shell:Creating environment hook '/root/Dojo/install/robot_perception/share/robot_perception/hook/cmake_prefix_path.ps1'
[2.191s] INFO:colcon.colcon_core.shell:Creating environment descriptor '/root/Dojo/install/robot_perception/share/robot_perception/hook/cmake_prefix_path.dsv'
[2.191s] INFO:colcon.colcon_core.shell:Creating environment hook '/root/Dojo/install/robot_perception/share/robot_perception/hook/cmake_prefix_path.sh'
[2.192s] Level 1:colcon.colcon_core.environment:checking '/root/Dojo/install/robot_perception/bin'
[2.192s] Level 1:colcon.colcon_core.environment:checking '/root/Dojo/install/robot_perception/lib/pkgconfig/robot_perception.pc'
[2.193s] Level 1:colcon.colcon_core.environment:checking '/root/Dojo/install/robot_perception/lib/python3.10/site-packages'
[2.193s] Level 1:colcon.colcon_core.environment:checking '/root/Dojo/install/robot_perception/bin'
[2.194s] INFO:colcon.colcon_core.shell:Creating package script '/root/Dojo/install/robot_perception/share/robot_perception/package.ps1'
[2.194s] INFO:colcon.colcon_core.shell:Creating package descriptor '/root/Dojo/install/robot_perception/share/robot_perception/package.dsv'
[2.195s] INFO:colcon.colcon_core.shell:Creating package script '/root/Dojo/install/robot_perception/share/robot_perception/package.sh'
[2.196s] INFO:colcon.colcon_core.shell:Creating package script '/root/Dojo/install/robot_perception/share/robot_perception/package.bash'
[2.196s] INFO:colcon.colcon_core.shell:Creating package script '/root/Dojo/install/robot_perception/share/robot_perception/package.zsh'
[2.197s] Level 1:colcon.colcon_core.environment:create_file_with_runtime_dependencies(/root/Dojo/install/robot_perception/share/colcon-core/packages/robot_perception)
[2.198s] Level 1:colcon.colcon_core.environment:create_environment_scripts_only(robot_perception)
[2.198s] Level 1:colcon.colcon_core.environment:checking '/root/Dojo/install/robot_perception' for CMake module files
[2.198s] Level 1:colcon.colcon_core.environment:checking '/root/Dojo/install/robot_perception' for CMake config files
[2.199s] Level 1:colcon.colcon_core.shell:create_environment_hook('robot_perception', 'cmake_prefix_path')
[2.199s] INFO:colcon.colcon_core.shell:Creating environment hook '/root/Dojo/install/robot_perception/share/robot_perception/hook/cmake_prefix_path.ps1'
[2.199s] INFO:colcon.colcon_core.shell:Creating environment descriptor '/root/Dojo/install/robot_perception/share/robot_perception/hook/cmake_prefix_path.dsv'
[2.200s] INFO:colcon.colcon_core.shell:Creating environment hook '/root/Dojo/install/robot_perception/share/robot_perception/hook/cmake_prefix_path.sh'
[2.200s] Level 1:colcon.colcon_core.environment:checking '/root/Dojo/install/robot_perception/bin'
[2.200s] Level 1:colcon.colcon_core.environment:checking '/root/Dojo/install/robot_perception/lib/pkgconfig/robot_perception.pc'
[2.200s] Level 1:colcon.colcon_core.environment:checking '/root/Dojo/install/robot_perception/lib/python3.10/site-packages'
[2.201s] Level 1:colcon.colcon_core.environment:checking '/root/Dojo/install/robot_perception/bin'
[2.201s] INFO:colcon.colcon_core.shell:Creating package script '/root/Dojo/install/robot_perception/share/robot_perception/package.ps1'
[2.201s] INFO:colcon.colcon_core.shell:Creating package descriptor '/root/Dojo/install/robot_perception/share/robot_perception/package.dsv'
[2.202s] INFO:colcon.colcon_core.shell:Creating package script '/root/Dojo/install/robot_perception/share/robot_perception/package.sh'
[2.202s] INFO:colcon.colcon_core.shell:Creating package script '/root/Dojo/install/robot_perception/share/robot_perception/package.bash'
[2.202s] INFO:colcon.colcon_core.shell:Creating package script '/root/Dojo/install/robot_perception/share/robot_perception/package.zsh'
[2.203s] Level 1:colcon.colcon_core.environment:create_file_with_runtime_dependencies(/root/Dojo/install/robot_perception/share/colcon-core/packages/robot_perception)
[2.242s] DEBUG:colcon.colcon_core.event_handler.log_command:Invoked command in '/root/Dojo/build/robot_gazebo' returned '0': AMENT_PREFIX_PATH=/root/Dojo/install/robot_description:${AMENT_PREFIX_PATH} CMAKE_PREFIX_PATH=/root/Dojo/install/robot_description:/opt/ros/humble PYTHONPATH=/root/Dojo/install/robot_description/local/lib/python3.10/dist-packages:${PYTHONPATH} /usr/bin/cmake --build /root/Dojo/build/robot_gazebo -- -j16 -l16
[2.244s] DEBUG:colcon.colcon_core.event_handler.log_command:Invoking command in '/root/Dojo/build/robot_gazebo': AMENT_PREFIX_PATH=/root/Dojo/install/robot_description:${AMENT_PREFIX_PATH} CMAKE_PREFIX_PATH=/root/Dojo/install/robot_description:/opt/ros/humble PYTHONPATH=/root/Dojo/install/robot_description/local/lib/python3.10/dist-packages:${PYTHONPATH} /usr/bin/cmake --install /root/Dojo/build/robot_gazebo
[2.271s] Level 1:colcon.colcon_core.environment:create_environment_scripts_only(robot_gazebo)
[2.271s] Level 1:colcon.colcon_core.environment:checking '/root/Dojo/install/robot_gazebo' for CMake module files
[2.272s] DEBUG:colcon.colcon_core.event_handler.log_command:Invoked command in '/root/Dojo/build/robot_gazebo' returned '0': AMENT_PREFIX_PATH=/root/Dojo/install/robot_description:${AMENT_PREFIX_PATH} CMAKE_PREFIX_PATH=/root/Dojo/install/robot_description:/opt/ros/humble PYTHONPATH=/root/Dojo/install/robot_description/local/lib/python3.10/dist-packages:${PYTHONPATH} /usr/bin/cmake --install /root/Dojo/build/robot_gazebo
[2.272s] Level 1:colcon.colcon_core.environment:checking '/root/Dojo/install/robot_gazebo' for CMake config files
[2.272s] Level 1:colcon.colcon_core.shell:create_environment_hook('robot_gazebo', 'cmake_prefix_path')
[2.273s] INFO:colcon.colcon_core.shell:Creating environment hook '/root/Dojo/install/robot_gazebo/share/robot_gazebo/hook/cmake_prefix_path.ps1'
[2.273s] INFO:colcon.colcon_core.shell:Creating environment descriptor '/root/Dojo/install/robot_gazebo/share/robot_gazebo/hook/cmake_prefix_path.dsv'
[2.273s] INFO:colcon.colcon_core.shell:Creating environment hook '/root/Dojo/install/robot_gazebo/share/robot_gazebo/hook/cmake_prefix_path.sh'
[2.274s] Level 1:colcon.colcon_core.environment:checking '/root/Dojo/install/robot_gazebo/lib'
[2.274s] Level 1:colcon.colcon_core.environment:checking '/root/Dojo/install/robot_gazebo/bin'
[2.274s] Level 1:colcon.colcon_core.environment:checking '/root/Dojo/install/robot_gazebo/lib/pkgconfig/robot_gazebo.pc'
[2.274s] Level 1:colcon.colcon_core.environment:checking '/root/Dojo/install/robot_gazebo/lib/python3.10/site-packages'
[2.275s] Level 1:colcon.colcon_core.environment:checking '/root/Dojo/install/robot_gazebo/bin'
[2.275s] INFO:colcon.colcon_core.shell:Creating package script '/root/Dojo/install/robot_gazebo/share/robot_gazebo/package.ps1'
[2.275s] INFO:colcon.colcon_core.shell:Creating package descriptor '/root/Dojo/install/robot_gazebo/share/robot_gazebo/package.dsv'
[2.276s] INFO:colcon.colcon_core.shell:Creating package script '/root/Dojo/install/robot_gazebo/share/robot_gazebo/package.sh'
[2.276s] INFO:colcon.colcon_core.shell:Creating package script '/root/Dojo/install/robot_gazebo/share/robot_gazebo/package.bash'
[2.277s] INFO:colcon.colcon_core.shell:Creating package script '/root/Dojo/install/robot_gazebo/share/robot_gazebo/package.zsh'
[2.277s] Level 1:colcon.colcon_core.environment:create_file_with_runtime_dependencies(/root/Dojo/install/robot_gazebo/share/colcon-core/packages/robot_gazebo)
[2.278s] Level 1:colcon.colcon_core.environment:create_environment_scripts_only(robot_gazebo)
[2.278s] Level 1:colcon.colcon_core.environment:checking '/root/Dojo/install/robot_gazebo' for CMake module files
[2.278s] Level 1:colcon.colcon_core.environment:checking '/root/Dojo/install/robot_gazebo' for CMake config files
[2.279s] Level 1:colcon.colcon_core.shell:create_environment_hook('robot_gazebo', 'cmake_prefix_path')
[2.279s] INFO:colcon.colcon_core.shell:Creating environment hook '/root/Dojo/install/robot_gazebo/share/robot_gazebo/hook/cmake_prefix_path.ps1'
[2.279s] INFO:colcon.colcon_core.shell:Creating environment descriptor '/root/Dojo/install/robot_gazebo/share/robot_gazebo/hook/cmake_prefix_path.dsv'
[2.280s] INFO:colcon.colcon_core.shell:Creating environment hook '/root/Dojo/install/robot_gazebo/share/robot_gazebo/hook/cmake_prefix_path.sh'
[2.280s] Level 1:colcon.colcon_core.environment:checking '/root/Dojo/install/robot_gazebo/lib'
[2.281s] Level 1:colcon.colcon_core.environment:checking '/root/Dojo/install/robot_gazebo/bin'
[2.281s] Level 1:colcon.colcon_core.environment:checking '/root/Dojo/install/robot_gazebo/lib/pkgconfig/robot_gazebo.pc'
[2.281s] Level 1:colcon.colcon_core.environment:checking '/root/Dojo/install/robot_gazebo/lib/python3.10/site-packages'
[2.281s] Level 1:colcon.colcon_core.environment:checking '/root/Dojo/install/robot_gazebo/bin'
[2.281s] INFO:colcon.colcon_core.shell:Creating package script '/root/Dojo/install/robot_gazebo/share/robot_gazebo/package.ps1'
[2.282s] INFO:colcon.colcon_core.shell:Creating package descriptor '/root/Dojo/install/robot_gazebo/share/robot_gazebo/package.dsv'
[2.282s] INFO:colcon.colcon_core.shell:Creating package script '/root/Dojo/install/robot_gazebo/share/robot_gazebo/package.sh'
[2.283s] INFO:colcon.colcon_core.shell:Creating package script '/root/Dojo/install/robot_gazebo/share/robot_gazebo/package.bash'
[2.283s] INFO:colcon.colcon_core.shell:Creating package script '/root/Dojo/install/robot_gazebo/share/robot_gazebo/package.zsh'
[2.284s] Level 1:colcon.colcon_core.environment:create_file_with_runtime_dependencies(/root/Dojo/install/robot_gazebo/share/colcon-core/packages/robot_gazebo)
[2.477s] DEBUG:colcon.colcon_core.event_handler.log_command:Invoking command in '/root/Dojo/build/robot_sensors': PYTHONPATH=/root/Dojo/build/robot_sensors/prefix_override:/usr/lib/python3/dist-packages/colcon_core/task/python/colcon_distutils_commands:/root/Dojo/install/robot_sensors/lib/python3.10/site-packages:${PYTHONPATH} /usr/bin/python3 -W ignore:setup.py install is deprecated -W ignore:easy_install command is deprecated setup.py develop --editable --build-directory /root/Dojo/build/robot_sensors/build --no-deps symlink_data
[2.487s] DEBUG:colcon.colcon_core.event_handler.log_command:Invoking command in '/root/Dojo/build/arduino_bridge': PYTHONPATH=/root/Dojo/build/arduino_bridge/prefix_override:/usr/lib/python3/dist-packages/colcon_core/task/python/colcon_distutils_commands:/root/Dojo/install/arduino_bridge/lib/python3.10/site-packages:${PYTHONPATH} /usr/bin/python3 -W ignore:setup.py install is deprecated -W ignore:easy_install command is deprecated setup.py develop --editable --build-directory /root/Dojo/build/arduino_bridge/build --no-deps symlink_data
[2.494s] DEBUG:colcon.colcon_core.event_handler.log_command:Invoking command in '/root/Dojo/build/robot_control': PYTHONPATH=/root/Dojo/build/robot_control/prefix_override:/usr/lib/python3/dist-packages/colcon_core/task/python/colcon_distutils_commands:/root/Dojo/install/robot_control/lib/python3.10/site-packages:${PYTHONPATH} /usr/bin/python3 -W ignore:setup.py install is deprecated -W ignore:easy_install command is deprecated setup.py develop --editable --build-directory /root/Dojo/build/robot_control/build --no-deps symlink_data
[2.498s] DEBUG:colcon.colcon_core.event_handler.log_command:Invoking command in '/root/Dojo/build/ros2arduino_bridge': PYTHONPATH=/root/Dojo/build/ros2arduino_bridge/prefix_override:/usr/lib/python3/dist-packages/colcon_core/task/python/colcon_distutils_commands:/root/Dojo/install/ros2arduino_bridge/lib/python3.10/site-packages:${PYTHONPATH} /usr/bin/python3 -W ignore:setup.py install is deprecated -W ignore:easy_install command is deprecated setup.py develop --editable --build-directory /root/Dojo/build/ros2arduino_bridge/build --no-deps symlink_data
[2.508s] DEBUG:colcon.colcon_core.event_handler.log_command:Invoking command in '/root/Dojo/build/vision_system': PYTHONPATH=/root/Dojo/build/vision_system/prefix_override:/usr/lib/python3/dist-packages/colcon_core/task/python/colcon_distutils_commands:/root/Dojo/install/vision_system/lib/python3.10/site-packages:${PYTHONPATH} /usr/bin/python3 -W ignore:setup.py install is deprecated -W ignore:easy_install command is deprecated setup.py develop --editable --build-directory /root/Dojo/build/vision_system/build --no-deps symlink_data
[2.899s] Level 1:colcon.colcon_core.shell:create_environment_hook('robot_sensors', 'pythonpath_develop')
[2.899s] INFO:colcon.colcon_core.shell:Creating environment hook '/root/Dojo/build/robot_sensors/share/robot_sensors/hook/pythonpath_develop.ps1'
[2.899s] DEBUG:colcon.colcon_core.event_handler.log_command:Invoked command in '/root/Dojo/build/robot_sensors' returned '0': PYTHONPATH=/root/Dojo/build/robot_sensors/prefix_override:/usr/lib/python3/dist-packages/colcon_core/task/python/colcon_distutils_commands:/root/Dojo/install/robot_sensors/lib/python3.10/site-packages:${PYTHONPATH} /usr/bin/python3 -W ignore:setup.py install is deprecated -W ignore:easy_install command is deprecated setup.py develop --editable --build-directory /root/Dojo/build/robot_sensors/build --no-deps symlink_data
[2.900s] INFO:colcon.colcon_core.shell:Creating environment descriptor '/root/Dojo/build/robot_sensors/share/robot_sensors/hook/pythonpath_develop.dsv'
[2.900s] INFO:colcon.colcon_core.shell:Creating environment hook '/root/Dojo/build/robot_sensors/share/robot_sensors/hook/pythonpath_develop.sh'
[2.901s] Level 1:colcon.colcon_core.environment:checking '/root/Dojo/install/robot_sensors' for CMake module files
[2.901s] Level 1:colcon.colcon_core.environment:checking '/root/Dojo/install/robot_sensors' for CMake config files
[2.902s] Level 1:colcon.colcon_core.environment:checking '/root/Dojo/install/robot_sensors/lib'
[2.902s] Level 1:colcon.colcon_core.environment:checking '/root/Dojo/install/robot_sensors/bin'
[2.902s] Level 1:colcon.colcon_core.environment:checking '/root/Dojo/install/robot_sensors/lib/pkgconfig/robot_sensors.pc'
[2.902s] Level 1:colcon.colcon_core.environment:checking '/root/Dojo/install/robot_sensors/lib/python3.10/site-packages'
[2.902s] Level 1:colcon.colcon_core.shell:create_environment_hook('robot_sensors', 'pythonpath')
[2.902s] INFO:colcon.colcon_core.shell:Creating environment hook '/root/Dojo/install/robot_sensors/share/robot_sensors/hook/pythonpath.ps1'
[2.903s] INFO:colcon.colcon_core.shell:Creating environment descriptor '/root/Dojo/install/robot_sensors/share/robot_sensors/hook/pythonpath.dsv'
[2.903s] INFO:colcon.colcon_core.shell:Creating environment hook '/root/Dojo/install/robot_sensors/share/robot_sensors/hook/pythonpath.sh'
[2.903s] Level 1:colcon.colcon_core.environment:checking '/root/Dojo/install/robot_sensors/bin'
[2.903s] Level 1:colcon.colcon_core.environment:create_environment_scripts_only(robot_sensors)
[2.904s] INFO:colcon.colcon_core.shell:Creating package script '/root/Dojo/install/robot_sensors/share/robot_sensors/package.ps1'
[2.904s] INFO:colcon.colcon_core.shell:Creating package descriptor '/root/Dojo/install/robot_sensors/share/robot_sensors/package.dsv'
[2.905s] INFO:colcon.colcon_core.shell:Creating package script '/root/Dojo/install/robot_sensors/share/robot_sensors/package.sh'
[2.905s] INFO:colcon.colcon_core.shell:Creating package script '/root/Dojo/install/robot_sensors/share/robot_sensors/package.bash'
[2.905s] INFO:colcon.colcon_core.shell:Creating package script '/root/Dojo/install/robot_sensors/share/robot_sensors/package.zsh'
[2.906s] Level 1:colcon.colcon_core.environment:create_file_with_runtime_dependencies(/root/Dojo/install/robot_sensors/share/colcon-core/packages/robot_sensors)
[2.906s] Level 1:colcon.colcon_core.shell:create_environment_hook('robot_control', 'pythonpath_develop')
[2.906s] INFO:colcon.colcon_core.shell:Creating environment hook '/root/Dojo/build/robot_control/share/robot_control/hook/pythonpath_develop.ps1'
[2.907s] INFO:colcon.colcon_core.shell:Creating environment descriptor '/root/Dojo/build/robot_control/share/robot_control/hook/pythonpath_develop.dsv'
[2.907s] DEBUG:colcon.colcon_core.event_handler.log_command:Invoked command in '/root/Dojo/build/robot_control' returned '0': PYTHONPATH=/root/Dojo/build/robot_control/prefix_override:/usr/lib/python3/dist-packages/colcon_core/task/python/colcon_distutils_commands:/root/Dojo/install/robot_control/lib/python3.10/site-packages:${PYTHONPATH} /usr/bin/python3 -W ignore:setup.py install is deprecated -W ignore:easy_install command is deprecated setup.py develop --editable --build-directory /root/Dojo/build/robot_control/build --no-deps symlink_data
[2.908s] INFO:colcon.colcon_core.shell:Creating environment hook '/root/Dojo/build/robot_control/share/robot_control/hook/pythonpath_develop.sh'
[2.908s] Level 1:colcon.colcon_core.environment:checking '/root/Dojo/install/robot_control' for CMake module files
[2.909s] Level 1:colcon.colcon_core.environment:checking '/root/Dojo/install/robot_control' for CMake config files
[2.909s] Level 1:colcon.colcon_core.environment:checking '/root/Dojo/install/robot_control/lib'
[2.909s] Level 1:colcon.colcon_core.environment:checking '/root/Dojo/install/robot_control/bin'
[2.909s] Level 1:colcon.colcon_core.environment:checking '/root/Dojo/install/robot_control/lib/pkgconfig/robot_control.pc'
[2.909s] Level 1:colcon.colcon_core.environment:checking '/root/Dojo/install/robot_control/lib/python3.10/site-packages'
[2.909s] Level 1:colcon.colcon_core.shell:create_environment_hook('robot_control', 'pythonpath')
[2.910s] INFO:colcon.colcon_core.shell:Creating environment hook '/root/Dojo/install/robot_control/share/robot_control/hook/pythonpath.ps1'
[2.910s] INFO:colcon.colcon_core.shell:Creating environment descriptor '/root/Dojo/install/robot_control/share/robot_control/hook/pythonpath.dsv'
[2.910s] INFO:colcon.colcon_core.shell:Creating environment hook '/root/Dojo/install/robot_control/share/robot_control/hook/pythonpath.sh'
[2.911s] Level 1:colcon.colcon_core.environment:checking '/root/Dojo/install/robot_control/bin'
[2.911s] Level 1:colcon.colcon_core.environment:create_environment_scripts_only(robot_control)
[2.911s] INFO:colcon.colcon_core.shell:Creating package script '/root/Dojo/install/robot_control/share/robot_control/package.ps1'
[2.912s] INFO:colcon.colcon_core.shell:Creating package descriptor '/root/Dojo/install/robot_control/share/robot_control/package.dsv'
[2.912s] INFO:colcon.colcon_core.shell:Creating package script '/root/Dojo/install/robot_control/share/robot_control/package.sh'
[2.913s] INFO:colcon.colcon_core.shell:Creating package script '/root/Dojo/install/robot_control/share/robot_control/package.bash'
[2.913s] INFO:colcon.colcon_core.shell:Creating package script '/root/Dojo/install/robot_control/share/robot_control/package.zsh'
[2.913s] Level 1:colcon.colcon_core.environment:create_file_with_runtime_dependencies(/root/Dojo/install/robot_control/share/colcon-core/packages/robot_control)
[2.914s] INFO:colcon.colcon_ros.task.ament_cmake.build:Building ROS package in '/root/Dojo/src/robot_bringup' with build type 'ament_cmake'
[2.914s] INFO:colcon.colcon_cmake.task.cmake.build:Building CMake package in '/root/Dojo/src/robot_bringup'
[2.915s] INFO:colcon.colcon_core.shell:Skip shell extension 'powershell' for command environment: Not usable outside of PowerShell
[2.915s] DEBUG:colcon.colcon_core.shell:Skip shell extension 'dsv' for command environment
[2.919s] Level 1:colcon.colcon_core.shell:create_environment_hook('arduino_bridge', 'pythonpath_develop')
[2.919s] INFO:colcon.colcon_core.shell:Creating environment hook '/root/Dojo/build/arduino_bridge/share/arduino_bridge/hook/pythonpath_develop.ps1'
[2.919s] DEBUG:colcon.colcon_core.event_handler.log_command:Invoked command in '/root/Dojo/build/arduino_bridge' returned '0': PYTHONPATH=/root/Dojo/build/arduino_bridge/prefix_override:/usr/lib/python3/dist-packages/colcon_core/task/python/colcon_distutils_commands:/root/Dojo/install/arduino_bridge/lib/python3.10/site-packages:${PYTHONPATH} /usr/bin/python3 -W ignore:setup.py install is deprecated -W ignore:easy_install command is deprecated setup.py develop --editable --build-directory /root/Dojo/build/arduino_bridge/build --no-deps symlink_data
[2.919s] INFO:colcon.colcon_core.shell:Creating environment descriptor '/root/Dojo/build/arduino_bridge/share/arduino_bridge/hook/pythonpath_develop.dsv'
[2.920s] INFO:colcon.colcon_core.shell:Creating environment hook '/root/Dojo/build/arduino_bridge/share/arduino_bridge/hook/pythonpath_develop.sh'
[2.920s] Level 1:colcon.colcon_core.environment:checking '/root/Dojo/install/arduino_bridge' for CMake module files
[2.921s] Level 1:colcon.colcon_core.environment:checking '/root/Dojo/install/arduino_bridge' for CMake config files
[2.921s] Level 1:colcon.colcon_core.environment:checking '/root/Dojo/install/arduino_bridge/lib'
[2.922s] Level 1:colcon.colcon_core.environment:checking '/root/Dojo/install/arduino_bridge/bin'
[2.922s] Level 1:colcon.colcon_core.environment:checking '/root/Dojo/install/arduino_bridge/lib/pkgconfig/arduino_bridge.pc'
[2.922s] Level 1:colcon.colcon_core.environment:checking '/root/Dojo/install/arduino_bridge/lib/python3.10/site-packages'
[2.922s] Level 1:colcon.colcon_core.shell:create_environment_hook('arduino_bridge', 'pythonpath')
[2.922s] INFO:colcon.colcon_core.shell:Creating environment hook '/root/Dojo/install/arduino_bridge/share/arduino_bridge/hook/pythonpath.ps1'
[2.923s] INFO:colcon.colcon_core.shell:Creating environment descriptor '/root/Dojo/install/arduino_bridge/share/arduino_bridge/hook/pythonpath.dsv'
[2.923s] INFO:colcon.colcon_core.shell:Creating environment hook '/root/Dojo/install/arduino_bridge/share/arduino_bridge/hook/pythonpath.sh'
[2.924s] Level 1:colcon.colcon_core.environment:checking '/root/Dojo/install/arduino_bridge/bin'
[2.924s] Level 1:colcon.colcon_core.environment:create_environment_scripts_only(arduino_bridge)
[2.924s] INFO:colcon.colcon_core.shell:Creating package script '/root/Dojo/install/arduino_bridge/share/arduino_bridge/package.ps1'
[2.925s] INFO:colcon.colcon_core.shell:Creating package descriptor '/root/Dojo/install/arduino_bridge/share/arduino_bridge/package.dsv'
[2.925s] INFO:colcon.colcon_core.shell:Creating package script '/root/Dojo/install/arduino_bridge/share/arduino_bridge/package.sh'
[2.926s] INFO:colcon.colcon_core.shell:Creating package script '/root/Dojo/install/arduino_bridge/share/arduino_bridge/package.bash'
[2.926s] INFO:colcon.colcon_core.shell:Creating package script '/root/Dojo/install/arduino_bridge/share/arduino_bridge/package.zsh'
[2.927s] Level 1:colcon.colcon_core.environment:create_file_with_runtime_dependencies(/root/Dojo/install/arduino_bridge/share/colcon-core/packages/arduino_bridge)
[2.928s] Level 1:colcon.colcon_core.shell:create_environment_hook('vision_system', 'pythonpath_develop')
[2.929s] INFO:colcon.colcon_core.shell:Creating environment hook '/root/Dojo/build/vision_system/share/vision_system/hook/pythonpath_develop.ps1'
[2.929s] DEBUG:colcon.colcon_core.event_handler.log_command:Invoked command in '/root/Dojo/build/vision_system' returned '0': PYTHONPATH=/root/Dojo/build/vision_system/prefix_override:/usr/lib/python3/dist-packages/colcon_core/task/python/colcon_distutils_commands:/root/Dojo/install/vision_system/lib/python3.10/site-packages:${PYTHONPATH} /usr/bin/python3 -W ignore:setup.py install is deprecated -W ignore:easy_install command is deprecated setup.py develop --editable --build-directory /root/Dojo/build/vision_system/build --no-deps symlink_data
[2.929s] INFO:colcon.colcon_core.shell:Creating environment descriptor '/root/Dojo/build/vision_system/share/vision_system/hook/pythonpath_develop.dsv'
[2.930s] INFO:colcon.colcon_core.shell:Creating environment hook '/root/Dojo/build/vision_system/share/vision_system/hook/pythonpath_develop.sh'
[2.930s] Level 1:colcon.colcon_core.environment:checking '/root/Dojo/install/vision_system' for CMake module files
[2.931s] Level 1:colcon.colcon_core.environment:checking '/root/Dojo/install/vision_system' for CMake config files
[2.932s] Level 1:colcon.colcon_core.environment:checking '/root/Dojo/install/vision_system/lib'
[2.932s] Level 1:colcon.colcon_core.environment:checking '/root/Dojo/install/vision_system/bin'
[2.932s] Level 1:colcon.colcon_core.environment:checking '/root/Dojo/install/vision_system/lib/pkgconfig/vision_system.pc'
[2.932s] Level 1:colcon.colcon_core.environment:checking '/root/Dojo/install/vision_system/lib/python3.10/site-packages'
[2.932s] Level 1:colcon.colcon_core.shell:create_environment_hook('vision_system', 'pythonpath')
[2.933s] INFO:colcon.colcon_core.shell:Creating environment hook '/root/Dojo/install/vision_system/share/vision_system/hook/pythonpath.ps1'
[2.933s] INFO:colcon.colcon_core.shell:Creating environment descriptor '/root/Dojo/install/vision_system/share/vision_system/hook/pythonpath.dsv'
[2.933s] INFO:colcon.colcon_core.shell:Creating environment hook '/root/Dojo/install/vision_system/share/vision_system/hook/pythonpath.sh'
[2.934s] Level 1:colcon.colcon_core.environment:checking '/root/Dojo/install/vision_system/bin'
[2.934s] Level 1:colcon.colcon_core.environment:create_environment_scripts_only(vision_system)
[2.934s] INFO:colcon.colcon_core.shell:Creating package script '/root/Dojo/install/vision_system/share/vision_system/package.ps1'
[2.935s] INFO:colcon.colcon_core.shell:Creating package descriptor '/root/Dojo/install/vision_system/share/vision_system/package.dsv'
[2.935s] INFO:colcon.colcon_core.shell:Creating package script '/root/Dojo/install/vision_system/share/vision_system/package.sh'
[2.936s] INFO:colcon.colcon_core.shell:Creating package script '/root/Dojo/install/vision_system/share/vision_system/package.bash'
[2.936s] INFO:colcon.colcon_core.shell:Creating package script '/root/Dojo/install/vision_system/share/vision_system/package.zsh'
[2.937s] Level 1:colcon.colcon_core.environment:create_file_with_runtime_dependencies(/root/Dojo/install/vision_system/share/colcon-core/packages/vision_system)
[2.937s] Level 1:colcon.colcon_core.shell:create_environment_hook('ros2arduino_bridge', 'pythonpath_develop')
[2.937s] INFO:colcon.colcon_core.shell:Creating environment hook '/root/Dojo/build/ros2arduino_bridge/share/ros2arduino_bridge/hook/pythonpath_develop.ps1'
[2.938s] INFO:colcon.colcon_core.shell:Creating environment descriptor '/root/Dojo/build/ros2arduino_bridge/share/ros2arduino_bridge/hook/pythonpath_develop.dsv'
[2.938s] DEBUG:colcon.colcon_core.event_handler.log_command:Invoked command in '/root/Dojo/build/ros2arduino_bridge' returned '0': PYTHONPATH=/root/Dojo/build/ros2arduino_bridge/prefix_override:/usr/lib/python3/dist-packages/colcon_core/task/python/colcon_distutils_commands:/root/Dojo/install/ros2arduino_bridge/lib/python3.10/site-packages:${PYTHONPATH} /usr/bin/python3 -W ignore:setup.py install is deprecated -W ignore:easy_install command is deprecated setup.py develop --editable --build-directory /root/Dojo/build/ros2arduino_bridge/build --no-deps symlink_data
[2.939s] INFO:colcon.colcon_core.shell:Creating environment hook '/root/Dojo/build/ros2arduino_bridge/share/ros2arduino_bridge/hook/pythonpath_develop.sh'
[2.940s] Level 1:colcon.colcon_core.environment:checking '/root/Dojo/install/ros2arduino_bridge' for CMake module files
[2.940s] Level 1:colcon.colcon_core.environment:checking '/root/Dojo/install/ros2arduino_bridge' for CMake config files
[2.941s] Level 1:colcon.colcon_core.environment:checking '/root/Dojo/install/ros2arduino_bridge/lib'
[2.941s] Level 1:colcon.colcon_core.environment:checking '/root/Dojo/install/ros2arduino_bridge/bin'
[2.941s] Level 1:colcon.colcon_core.environment:checking '/root/Dojo/install/ros2arduino_bridge/lib/pkgconfig/ros2arduino_bridge.pc'
[2.941s] Level 1:colcon.colcon_core.environment:checking '/root/Dojo/install/ros2arduino_bridge/lib/python3.10/site-packages'
[2.941s] Level 1:colcon.colcon_core.shell:create_environment_hook('ros2arduino_bridge', 'pythonpath')
[2.942s] INFO:colcon.colcon_core.shell:Creating environment hook '/root/Dojo/install/ros2arduino_bridge/share/ros2arduino_bridge/hook/pythonpath.ps1'
[2.942s] INFO:colcon.colcon_core.shell:Creating environment descriptor '/root/Dojo/install/ros2arduino_bridge/share/ros2arduino_bridge/hook/pythonpath.dsv'
[2.943s] INFO:colcon.colcon_core.shell:Creating environment hook '/root/Dojo/install/ros2arduino_bridge/share/ros2arduino_bridge/hook/pythonpath.sh'
[2.943s] Level 1:colcon.colcon_core.environment:checking '/root/Dojo/install/ros2arduino_bridge/bin'
[2.943s] Level 1:colcon.colcon_core.environment:create_environment_scripts_only(ros2arduino_bridge)
[2.944s] INFO:colcon.colcon_core.shell:Creating package script '/root/Dojo/install/ros2arduino_bridge/share/ros2arduino_bridge/package.ps1'
[2.944s] INFO:colcon.colcon_core.shell:Creating package descriptor '/root/Dojo/install/ros2arduino_bridge/share/ros2arduino_bridge/package.dsv'
[2.945s] INFO:colcon.colcon_core.shell:Creating package script '/root/Dojo/install/ros2arduino_bridge/share/ros2arduino_bridge/package.sh'
[2.945s] INFO:colcon.colcon_core.shell:Creating package script '/root/Dojo/install/ros2arduino_bridge/share/ros2arduino_bridge/package.bash'
[2.946s] INFO:colcon.colcon_core.shell:Creating package script '/root/Dojo/install/ros2arduino_bridge/share/ros2arduino_bridge/package.zsh'
[2.946s] Level 1:colcon.colcon_core.environment:create_file_with_runtime_dependencies(/root/Dojo/install/ros2arduino_bridge/share/colcon-core/packages/ros2arduino_bridge)
[2.949s] DEBUG:colcon.colcon_core.event_handler.log_command:Invoking command in '/root/Dojo/build/robot_bringup': AMENT_PREFIX_PATH=/root/Dojo/install/robot_sensors:/root/Dojo/install/robot_perception:/root/Dojo/install/robot_navigation:/root/Dojo/install/robot_description:/root/Dojo/install/robot_control:${AMENT_PREFIX_PATH} CMAKE_PREFIX_PATH=/root/Dojo/install/robot_perception:/root/Dojo/install/robot_navigation:/root/Dojo/install/robot_description:/opt/ros/humble PYTHONPATH=/root/Dojo/build/robot_sensors:/root/Dojo/install/robot_sensors/lib/python3.10/site-packages:/root/Dojo/install/robot_perception/local/lib/python3.10/dist-packages:/root/Dojo/install/robot_description/local/lib/python3.10/dist-packages:/root/Dojo/build/robot_control:/root/Dojo/install/robot_control/lib/python3.10/site-packages:${PYTHONPATH} /usr/bin/cmake --build /root/Dojo/build/robot_bringup -- -j16 -l16
[2.990s] DEBUG:colcon.colcon_core.event_handler.log_command:Invoked command in '/root/Dojo/build/robot_bringup' returned '0': AMENT_PREFIX_PATH=/root/Dojo/install/robot_sensors:/root/Dojo/install/robot_perception:/root/Dojo/install/robot_navigation:/root/Dojo/install/robot_description:/root/Dojo/install/robot_control:${AMENT_PREFIX_PATH} CMAKE_PREFIX_PATH=/root/Dojo/install/robot_perception:/root/Dojo/install/robot_navigation:/root/Dojo/install/robot_description:/opt/ros/humble PYTHONPATH=/root/Dojo/build/robot_sensors:/root/Dojo/install/robot_sensors/lib/python3.10/site-packages:/root/Dojo/install/robot_perception/local/lib/python3.10/dist-packages:/root/Dojo/install/robot_description/local/lib/python3.10/dist-packages:/root/Dojo/build/robot_control:/root/Dojo/install/robot_control/lib/python3.10/site-packages:${PYTHONPATH} /usr/bin/cmake --build /root/Dojo/build/robot_bringup -- -j16 -l16
[2.991s] DEBUG:colcon.colcon_core.event_handler.log_command:Invoking command in '/root/Dojo/build/robot_bringup': AMENT_PREFIX_PATH=/root/Dojo/install/robot_sensors:/root/Dojo/install/robot_perception:/root/Dojo/install/robot_navigation:/root/Dojo/install/robot_description:/root/Dojo/install/robot_control:${AMENT_PREFIX_PATH} CMAKE_PREFIX_PATH=/root/Dojo/install/robot_perception:/root/Dojo/install/robot_navigation:/root/Dojo/install/robot_description:/opt/ros/humble PYTHONPATH=/root/Dojo/build/robot_sensors:/root/Dojo/install/robot_sensors/lib/python3.10/site-packages:/root/Dojo/install/robot_perception/local/lib/python3.10/dist-packages:/root/Dojo/install/robot_description/local/lib/python3.10/dist-packages:/root/Dojo/build/robot_control:/root/Dojo/install/robot_control/lib/python3.10/site-packages:${PYTHONPATH} /usr/bin/cmake --install /root/Dojo/build/robot_bringup
[3.014s] Level 1:colcon.colcon_core.environment:create_environment_scripts_only(robot_bringup)
[3.015s] Level 1:colcon.colcon_core.environment:checking '/root/Dojo/install/robot_bringup' for CMake module files
[3.015s] DEBUG:colcon.colcon_core.event_handler.log_command:Invoked command in '/root/Dojo/build/robot_bringup' returned '0': AMENT_PREFIX_PATH=/root/Dojo/install/robot_sensors:/root/Dojo/install/robot_perception:/root/Dojo/install/robot_navigation:/root/Dojo/install/robot_description:/root/Dojo/install/robot_control:${AMENT_PREFIX_PATH} CMAKE_PREFIX_PATH=/root/Dojo/install/robot_perception:/root/Dojo/install/robot_navigation:/root/Dojo/install/robot_description:/opt/ros/humble PYTHONPATH=/root/Dojo/build/robot_sensors:/root/Dojo/install/robot_sensors/lib/python3.10/site-packages:/root/Dojo/install/robot_perception/local/lib/python3.10/dist-packages:/root/Dojo/install/robot_description/local/lib/python3.10/dist-packages:/root/Dojo/build/robot_control:/root/Dojo/install/robot_control/lib/python3.10/site-packages:${PYTHONPATH} /usr/bin/cmake --install /root/Dojo/build/robot_bringup
[3.015s] Level 1:colcon.colcon_core.environment:checking '/root/Dojo/install/robot_bringup' for CMake config files
[3.016s] Level 1:colcon.colcon_core.shell:create_environment_hook('robot_bringup', 'cmake_prefix_path')
[3.016s] INFO:colcon.colcon_core.shell:Creating environment hook '/root/Dojo/install/robot_bringup/share/robot_bringup/hook/cmake_prefix_path.ps1'
[3.016s] INFO:colcon.colcon_core.shell:Creating environment descriptor '/root/Dojo/install/robot_bringup/share/robot_bringup/hook/cmake_prefix_path.dsv'
[3.017s] INFO:colcon.colcon_core.shell:Creating environment hook '/root/Dojo/install/robot_bringup/share/robot_bringup/hook/cmake_prefix_path.sh'
[3.017s] Level 1:colcon.colcon_core.environment:checking '/root/Dojo/install/robot_bringup/bin'
[3.017s] Level 1:colcon.colcon_core.environment:checking '/root/Dojo/install/robot_bringup/lib/pkgconfig/robot_bringup.pc'
[3.017s] Level 1:colcon.colcon_core.environment:checking '/root/Dojo/install/robot_bringup/lib/python3.10/site-packages'
[3.017s] Level 1:colcon.colcon_core.environment:checking '/root/Dojo/install/robot_bringup/bin'
[3.018s] INFO:colcon.colcon_core.shell:Creating package script '/root/Dojo/install/robot_bringup/share/robot_bringup/package.ps1'
[3.018s] INFO:colcon.colcon_core.shell:Creating package descriptor '/root/Dojo/install/robot_bringup/share/robot_bringup/package.dsv'
[3.019s] INFO:colcon.colcon_core.shell:Creating package script '/root/Dojo/install/robot_bringup/share/robot_bringup/package.sh'
[3.019s] INFO:colcon.colcon_core.shell:Creating package script '/root/Dojo/install/robot_bringup/share/robot_bringup/package.bash'
[3.019s] INFO:colcon.colcon_core.shell:Creating package script '/root/Dojo/install/robot_bringup/share/robot_bringup/package.zsh'
[3.020s] Level 1:colcon.colcon_core.environment:create_file_with_runtime_dependencies(/root/Dojo/install/robot_bringup/share/colcon-core/packages/robot_bringup)
[3.020s] Level 1:colcon.colcon_core.environment:create_environment_scripts_only(robot_bringup)
[3.020s] Level 1:colcon.colcon_core.environment:checking '/root/Dojo/install/robot_bringup' for CMake module files
[3.021s] Level 1:colcon.colcon_core.environment:checking '/root/Dojo/install/robot_bringup' for CMake config files
[3.021s] Level 1:colcon.colcon_core.shell:create_environment_hook('robot_bringup', 'cmake_prefix_path')
[3.021s] INFO:colcon.colcon_core.shell:Creating environment hook '/root/Dojo/install/robot_bringup/share/robot_bringup/hook/cmake_prefix_path.ps1'
[3.022s] INFO:colcon.colcon_core.shell:Creating environment descriptor '/root/Dojo/install/robot_bringup/share/robot_bringup/hook/cmake_prefix_path.dsv'
[3.022s] INFO:colcon.colcon_core.shell:Creating environment hook '/root/Dojo/install/robot_bringup/share/robot_bringup/hook/cmake_prefix_path.sh'
[3.022s] Level 1:colcon.colcon_core.environment:checking '/root/Dojo/install/robot_bringup/bin'
[3.022s] Level 1:colcon.colcon_core.environment:checking '/root/Dojo/install/robot_bringup/lib/pkgconfig/robot_bringup.pc'
[3.023s] Level 1:colcon.colcon_core.environment:checking '/root/Dojo/install/robot_bringup/lib/python3.10/site-packages'
[3.023s] Level 1:colcon.colcon_core.environment:checking '/root/Dojo/install/robot_bringup/bin'
[3.023s] INFO:colcon.colcon_core.shell:Creating package script '/root/Dojo/install/robot_bringup/share/robot_bringup/package.ps1'
[3.023s] INFO:colcon.colcon_core.shell:Creating package descriptor '/root/Dojo/install/robot_bringup/share/robot_bringup/package.dsv'
[3.024s] INFO:colcon.colcon_core.shell:Creating package script '/root/Dojo/install/robot_bringup/share/robot_bringup/package.sh'
[3.024s] INFO:colcon.colcon_core.shell:Creating package script '/root/Dojo/install/robot_bringup/share/robot_bringup/package.bash'
[3.025s] INFO:colcon.colcon_core.shell:Creating package script '/root/Dojo/install/robot_bringup/share/robot_bringup/package.zsh'
[3.025s] Level 1:colcon.colcon_core.environment:create_file_with_runtime_dependencies(/root/Dojo/install/robot_bringup/share/colcon-core/packages/robot_bringup)
[3.025s] DEBUG:colcon.colcon_parallel_executor.executor.parallel:closing loop
[3.026s] DEBUG:colcon.colcon_parallel_executor.executor.parallel:loop closed
[3.026s] DEBUG:colcon.colcon_parallel_executor.executor.parallel:run_until_complete finished with '0'
[3.026s] DEBUG:colcon.colcon_core.event_reactor:joining thread
[3.031s] INFO:colcon.colcon_core.plugin_system:Skipping extension 'colcon_notification.desktop_notification.notify_send': Could not find 'notify-send'
[3.031s] INFO:colcon.colcon_core.plugin_system:Skipping extension 'colcon_notification.desktop_notification.terminal_notifier': Not used on non-Darwin systems
[3.031s] INFO:colcon.colcon_core.plugin_system:Skipping extension 'colcon_notification.desktop_notification.win32': Not used on non-Windows systems
[3.031s] INFO:colcon.colcon_notification.desktop_notification:Sending desktop notification using 'notify2'
[3.035s] DEBUG:colcon.colcon_notification.desktop_notification.notify2:Failed to initialize notify2: org.freedesktop.DBus.Error.Spawn.ExecFailed: /usr/bin/dbus-launch terminated abnormally without any error message
[3.035s] DEBUG:colcon.colcon_core.event_reactor:joined thread
[3.035s] INFO:colcon.colcon_core.shell:Creating prefix script '/root/Dojo/install/local_setup.ps1'
[3.037s] INFO:colcon.colcon_core.shell:Creating prefix util module '/root/Dojo/install/_local_setup_util_ps1.py'
[3.038s] INFO:colcon.colcon_core.shell:Creating prefix chain script '/root/Dojo/install/setup.ps1'
[3.039s] INFO:colcon.colcon_core.shell:Creating prefix script '/root/Dojo/install/local_setup.sh'
[3.040s] INFO:colcon.colcon_core.shell:Creating prefix util module '/root/Dojo/install/_local_setup_util_sh.py'
[3.040s] INFO:colcon.colcon_core.shell:Creating prefix chain script '/root/Dojo/install/setup.sh'
[3.041s] INFO:colcon.colcon_core.shell:Creating prefix script '/root/Dojo/install/local_setup.bash'
[3.041s] INFO:colcon.colcon_core.shell:Creating prefix chain script '/root/Dojo/install/setup.bash'
[3.042s] INFO:colcon.colcon_core.shell:Creating prefix script '/root/Dojo/install/local_setup.zsh'
[3.043s] INFO:colcon.colcon_core.shell:Creating prefix chain script '/root/Dojo/install/setup.zsh'
