[1.101s] DEBUG:colcon:Command line arguments: ['/usr/bin/colcon', 'build', '--packages-select', 'nv21_converter_pkg']
[1.101s] DEBUG:colcon:Parsed command line arguments: Namespace(log_base=None, log_level=None, verb_name='build', build_base='build', install_base='install', merge_install=False, symlink_install=False, test_result_base=None, continue_on_error=False, executor='parallel', parallel_workers=4, event_handlers=None, ignore_user_meta=False, metas=['./colcon.meta'], base_paths=['.'], packages_ignore=None, packages_ignore_regex=None, paths=None, packages_up_to=None, packages_up_to_regex=None, packages_above=None, packages_above_and_dependencies=None, packages_above_depth=None, packages_select_by_dep=None, packages_skip_by_dep=None, packages_skip_up_to=None, packages_select_build_failed=False, packages_skip_build_finished=False, packages_select_test_failures=False, packages_skip_test_passed=False, packages_select=['nv21_converter_pkg'], packages_skip=None, packages_select_regex=None, packages_skip_regex=None, packages_start=None, packages_end=None, cmake_args=None, cmake_target=None, cmake_target_skip_unavailable=False, cmake_clean_cache=False, cmake_clean_first=False, cmake_force_configure=False, meson_args=[], ament_cmake_args=None, catkin_cmake_args=None, catkin_skip_building_tests=False, verb_parser=<colcon_defaults.argument_parser.defaults.DefaultArgumentsDecorator object at 0xffff93394850>, verb_extension=<colcon_core.verb.build.BuildVerb object at 0xffff93394400>, main=<bound method BuildVerb.main of <colcon_core.verb.build.BuildVerb object at 0xffff93394400>>)
[2.050s] Level 1:colcon.colcon_core.package_discovery:discover_packages(colcon_meta) check parameters
[2.050s] Level 1:colcon.colcon_core.package_discovery:discover_packages(recursive) check parameters
[2.050s] Level 1:colcon.colcon_core.package_discovery:discover_packages(ignore) check parameters
[2.050s] Level 1:colcon.colcon_core.package_discovery:discover_packages(path) check parameters
[2.051s] Level 1:colcon.colcon_core.package_discovery:discover_packages(colcon_meta) discover
[2.051s] Level 1:colcon.colcon_core.package_discovery:discover_packages(recursive) discover
[2.051s] INFO:colcon.colcon_core.package_discovery:Crawling recursively for packages in '/home/robosync/Robot/camera_ws'
[2.051s] Level 1:colcon.colcon_core.package_identification:_identify(.) by extensions ['ignore', 'ignore_ament_install']
[2.052s] Level 1:colcon.colcon_core.package_identification:_identify(.) by extension 'ignore'
[2.052s] Level 1:colcon.colcon_core.package_identification:_identify(.) by extension 'ignore_ament_install'
[2.052s] Level 1:colcon.colcon_core.package_identification:_identify(.) by extensions ['colcon_pkg']
[2.053s] Level 1:colcon.colcon_core.package_identification:_identify(.) by extension 'colcon_pkg'
[2.053s] Level 1:colcon.colcon_core.package_identification:_identify(.) by extensions ['colcon_meta']
[2.053s] Level 1:colcon.colcon_core.package_identification:_identify(.) by extension 'colcon_meta'
[2.053s] Level 1:colcon.colcon_core.package_identification:_identify(.) by extensions ['ros']
[2.053s] Level 1:colcon.colcon_core.package_identification:_identify(.) by extension 'ros'
[2.103s] Level 1:colcon.colcon_core.package_identification:_identify(.) by extensions ['cmake', 'meson', 'python']
[2.103s] Level 1:colcon.colcon_core.package_identification:_identify(.) by extension 'cmake'
[2.104s] Level 1:colcon.colcon_core.package_identification:_identify(.) by extension 'meson'
[2.104s] Level 1:colcon.colcon_core.package_identification:_identify(.) by extension 'python'
[2.104s] Level 1:colcon.colcon_core.package_identification:_identify(.) by extensions ['python_setup_py']
[2.104s] Level 1:colcon.colcon_core.package_identification:_identify(.) by extension 'python_setup_py'
[2.105s] Level 1:colcon.colcon_core.package_identification:_identify(build) by extensions ['ignore', 'ignore_ament_install']
[2.105s] Level 1:colcon.colcon_core.package_identification:_identify(build) by extension 'ignore'
[2.105s] Level 1:colcon.colcon_core.package_identification:_identify(build) ignored
[2.106s] Level 1:colcon.colcon_core.package_identification:_identify(install) by extensions ['ignore', 'ignore_ament_install']
[2.106s] Level 1:colcon.colcon_core.package_identification:_identify(install) by extension 'ignore'
[2.107s] Level 1:colcon.colcon_core.package_identification:_identify(install) ignored
[2.107s] Level 1:colcon.colcon_core.package_identification:_identify(log) by extensions ['ignore', 'ignore_ament_install']
[2.107s] Level 1:colcon.colcon_core.package_identification:_identify(log) by extension 'ignore'
[2.108s] Level 1:colcon.colcon_core.package_identification:_identify(log) ignored
[2.108s] Level 1:colcon.colcon_core.package_identification:_identify(src) by extensions ['ignore', 'ignore_ament_install']
[2.109s] Level 1:colcon.colcon_core.package_identification:_identify(src) by extension 'ignore'
[2.109s] Level 1:colcon.colcon_core.package_identification:_identify(src) by extension 'ignore_ament_install'
[2.109s] Level 1:colcon.colcon_core.package_identification:_identify(src) by extensions ['colcon_pkg']
[2.109s] Level 1:colcon.colcon_core.package_identification:_identify(src) by extension 'colcon_pkg'
[2.109s] Level 1:colcon.colcon_core.package_identification:_identify(src) by extensions ['colcon_meta']
[2.109s] Level 1:colcon.colcon_core.package_identification:_identify(src) by extension 'colcon_meta'
[2.110s] Level 1:colcon.colcon_core.package_identification:_identify(src) by extensions ['ros']
[2.110s] Level 1:colcon.colcon_core.package_identification:_identify(src) by extension 'ros'
[2.110s] Level 1:colcon.colcon_core.package_identification:_identify(src) by extensions ['cmake', 'meson', 'python']
[2.110s] Level 1:colcon.colcon_core.package_identification:_identify(src) by extension 'cmake'
[2.110s] Level 1:colcon.colcon_core.package_identification:_identify(src) by extension 'meson'
[2.111s] Level 1:colcon.colcon_core.package_identification:_identify(src) by extension 'python'
[2.111s] Level 1:colcon.colcon_core.package_identification:_identify(src) by extensions ['python_setup_py']
[2.111s] Level 1:colcon.colcon_core.package_identification:_identify(src) by extension 'python_setup_py'
[2.111s] Level 1:colcon.colcon_core.package_identification:_identify(src/camera_ros) by extensions ['ignore', 'ignore_ament_install']
[2.112s] Level 1:colcon.colcon_core.package_identification:_identify(src/camera_ros) by extension 'ignore'
[2.112s] Level 1:colcon.colcon_core.package_identification:_identify(src/camera_ros) by extension 'ignore_ament_install'
[2.112s] Level 1:colcon.colcon_core.package_identification:_identify(src/camera_ros) by extensions ['colcon_pkg']
[2.112s] Level 1:colcon.colcon_core.package_identification:_identify(src/camera_ros) by extension 'colcon_pkg'
[2.113s] Level 1:colcon.colcon_core.package_identification:_identify(src/camera_ros) by extensions ['colcon_meta']
[2.113s] Level 1:colcon.colcon_core.package_identification:_identify(src/camera_ros) by extension 'colcon_meta'
[2.113s] Level 1:colcon.colcon_core.package_identification:_identify(src/camera_ros) by extensions ['ros']
[2.113s] Level 1:colcon.colcon_core.package_identification:_identify(src/camera_ros) by extension 'ros'
[2.130s] DEBUG:colcon.colcon_core.package_identification:Package 'src/camera_ros' with type 'ros.ament_cmake' and name 'camera_ros'
[2.131s] Level 1:colcon.colcon_core.package_identification:_identify(src/libcamera) by extensions ['ignore', 'ignore_ament_install']
[2.132s] Level 1:colcon.colcon_core.package_identification:_identify(src/libcamera) by extension 'ignore'
[2.132s] Level 1:colcon.colcon_core.package_identification:_identify(src/libcamera) by extension 'ignore_ament_install'
[2.132s] Level 1:colcon.colcon_core.package_identification:_identify(src/libcamera) by extensions ['colcon_pkg']
[2.132s] Level 1:colcon.colcon_core.package_identification:_identify(src/libcamera) by extension 'colcon_pkg'
[2.133s] Level 1:colcon.colcon_core.package_identification:_identify(src/libcamera) by extensions ['colcon_meta']
[2.133s] Level 1:colcon.colcon_core.package_identification:_identify(src/libcamera) by extension 'colcon_meta'
[2.133s] Level 1:colcon.colcon_core.package_identification:_identify(src/libcamera) by extensions ['ros']
[2.133s] Level 1:colcon.colcon_core.package_identification:_identify(src/libcamera) by extension 'ros'
[2.134s] Level 1:colcon.colcon_core.package_identification:_identify(src/libcamera) by extensions ['cmake', 'meson', 'python']
[2.134s] Level 1:colcon.colcon_core.package_identification:_identify(src/libcamera) by extension 'cmake'
[2.134s] Level 1:colcon.colcon_core.package_identification:_identify(src/libcamera) by extension 'meson'
[2.689s] INFO:colcon.colcon_meson.identification:'libcamera' dependencies: {'yaml-0.1', 'qt6', 'gstreamer-video-1.0', 'libdw', 'gstreamer-allocators-1.0', 'pybind11', 'libtiff-4', 'SDL2', 'gstreamer-app-1.0', 'libexif', 'libudev', 'glib-2.0', 'libevent_pthreads', 'libdrm', 'libjpeg', 'gnutls', 'lttng-ust', 'libunwind', 'gstreamer-1.0', 'threads', 'gtest', 'dl'}
[2.690s] Level 1:colcon.colcon_core.package_identification:_identify(src/libcamera) by extension 'python'
[2.690s] DEBUG:colcon.colcon_core.package_identification:Package 'src/libcamera' with type 'meson' and name 'libcamera'
[2.691s] Level 1:colcon.colcon_core.package_identification:_identify(src/nv21_converter_pkg) by extensions ['ignore', 'ignore_ament_install']
[2.691s] Level 1:colcon.colcon_core.package_identification:_identify(src/nv21_converter_pkg) by extension 'ignore'
[2.691s] Level 1:colcon.colcon_core.package_identification:_identify(src/nv21_converter_pkg) by extension 'ignore_ament_install'
[2.691s] Level 1:colcon.colcon_core.package_identification:_identify(src/nv21_converter_pkg) by extensions ['colcon_pkg']
[2.692s] Level 1:colcon.colcon_core.package_identification:_identify(src/nv21_converter_pkg) by extension 'colcon_pkg'
[2.692s] Level 1:colcon.colcon_core.package_identification:_identify(src/nv21_converter_pkg) by extensions ['colcon_meta']
[2.692s] Level 1:colcon.colcon_core.package_identification:_identify(src/nv21_converter_pkg) by extension 'colcon_meta'
[2.692s] Level 1:colcon.colcon_core.package_identification:_identify(src/nv21_converter_pkg) by extensions ['ros']
[2.692s] Level 1:colcon.colcon_core.package_identification:_identify(src/nv21_converter_pkg) by extension 'ros'
[2.695s] DEBUG:colcon.colcon_core.package_identification:Package 'src/nv21_converter_pkg' with type 'ros.ament_python' and name 'nv21_converter_pkg'
[2.696s] Level 1:colcon.colcon_core.package_discovery:discover_packages(recursive) using defaults
[2.696s] Level 1:colcon.colcon_core.package_discovery:discover_packages(ignore) discover
[2.696s] Level 1:colcon.colcon_core.package_discovery:discover_packages(ignore) using defaults
[2.696s] Level 1:colcon.colcon_core.package_discovery:discover_packages(path) discover
[2.696s] Level 1:colcon.colcon_core.package_discovery:discover_packages(path) using defaults
[2.765s] INFO:colcon.colcon_core.package_selection:Skipping not selected package 'libcamera' in 'src/libcamera'
[2.765s] INFO:colcon.colcon_core.package_selection:Skipping not selected package 'camera_ros' in 'src/camera_ros'
[2.823s] Level 5:colcon.colcon_core.verb:set package 'nv21_converter_pkg' build argument 'cmake_args' from command line to 'None'
[2.823s] Level 5:colcon.colcon_core.verb:set package 'nv21_converter_pkg' build argument 'cmake_target' from command line to 'None'
[2.823s] Level 5:colcon.colcon_core.verb:set package 'nv21_converter_pkg' build argument 'cmake_target_skip_unavailable' from command line to 'False'
[2.823s] Level 5:colcon.colcon_core.verb:set package 'nv21_converter_pkg' build argument 'cmake_clean_cache' from command line to 'False'
[2.824s] Level 5:colcon.colcon_core.verb:set package 'nv21_converter_pkg' build argument 'cmake_clean_first' from command line to 'False'
[2.824s] Level 5:colcon.colcon_core.verb:set package 'nv21_converter_pkg' build argument 'cmake_force_configure' from command line to 'False'
[2.824s] Level 5:colcon.colcon_core.verb:set package 'nv21_converter_pkg' build argument 'meson_args' from command line to '[]'
[2.824s] Level 5:colcon.colcon_core.verb:set package 'nv21_converter_pkg' build argument 'ament_cmake_args' from command line to 'None'
[2.824s] Level 5:colcon.colcon_core.verb:set package 'nv21_converter_pkg' build argument 'catkin_cmake_args' from command line to 'None'
[2.824s] Level 5:colcon.colcon_core.verb:set package 'nv21_converter_pkg' build argument 'catkin_skip_building_tests' from command line to 'False'
[2.824s] DEBUG:colcon.colcon_core.verb:Building package 'nv21_converter_pkg' with the following arguments: {'ament_cmake_args': None, 'build_base': '/home/robosync/Robot/camera_ws/build/nv21_converter_pkg', 'catkin_cmake_args': None, 'catkin_skip_building_tests': False, 'cmake_args': None, 'cmake_clean_cache': False, 'cmake_clean_first': False, 'cmake_force_configure': False, 'cmake_target': None, 'cmake_target_skip_unavailable': False, 'install_base': '/home/robosync/Robot/camera_ws/install/nv21_converter_pkg', 'merge_install': False, 'meson_args': [], 'path': '/home/robosync/Robot/camera_ws/src/nv21_converter_pkg', 'symlink_install': False, 'test_result_base': None}
[2.825s] INFO:colcon.colcon_core.executor:Executing jobs using 'parallel' executor
[2.828s] DEBUG:colcon.colcon_parallel_executor.executor.parallel:run_until_complete
[2.829s] INFO:colcon.colcon_ros.task.ament_python.build:Building ROS package in '/home/robosync/Robot/camera_ws/src/nv21_converter_pkg' with build type 'ament_python'
[2.830s] Level 1:colcon.colcon_core.shell:create_environment_hook('nv21_converter_pkg', 'ament_prefix_path')
[2.839s] INFO:colcon.colcon_core.plugin_system:Skipping extension 'colcon_core.shell.bat': Not used on non-Windows systems
[2.840s] INFO:colcon.colcon_core.shell:Creating environment hook '/home/robosync/Robot/camera_ws/install/nv21_converter_pkg/share/nv21_converter_pkg/hook/ament_prefix_path.ps1'
[2.842s] INFO:colcon.colcon_core.shell:Creating environment descriptor '/home/robosync/Robot/camera_ws/install/nv21_converter_pkg/share/nv21_converter_pkg/hook/ament_prefix_path.dsv'
[2.845s] INFO:colcon.colcon_core.shell:Creating environment hook '/home/robosync/Robot/camera_ws/install/nv21_converter_pkg/share/nv21_converter_pkg/hook/ament_prefix_path.sh'
[2.848s] INFO:colcon.colcon_core.shell:Skip shell extension 'powershell' for command environment: Not usable outside of PowerShell
[2.849s] DEBUG:colcon.colcon_core.shell:Skip shell extension 'dsv' for command environment
[4.177s] INFO:colcon.colcon_core.task.python.build:Building Python package in '/home/robosync/Robot/camera_ws/src/nv21_converter_pkg'
[4.178s] INFO:colcon.colcon_core.shell:Skip shell extension 'powershell' for command environment: Not usable outside of PowerShell
[4.179s] DEBUG:colcon.colcon_core.shell:Skip shell extension 'dsv' for command environment
[5.980s] DEBUG:colcon.colcon_core.event_handler.log_command:Invoking command in '/home/robosync/Robot/camera_ws/src/nv21_converter_pkg': PYTHONPATH=/home/robosync/Robot/camera_ws/build/nv21_converter_pkg/prefix_override:/usr/lib/python3/dist-packages/colcon_core/task/python/colcon_distutils_commands:/home/robosync/Robot/camera_ws/install/nv21_converter_pkg/lib/python3.10/site-packages:${PYTHONPATH} /usr/bin/python3 -W ignore:setup.py install is deprecated -W ignore:easy_install command is deprecated setup.py egg_info --egg-base ../../build/nv21_converter_pkg build --build-base /home/robosync/Robot/camera_ws/build/nv21_converter_pkg/build install --record /home/robosync/Robot/camera_ws/build/nv21_converter_pkg/install.log --single-version-externally-managed install_data
[7.440s] DEBUG:colcon.colcon_core.event_handler.log_command:Invoked command in '/home/robosync/Robot/camera_ws/src/nv21_converter_pkg' returned '0': PYTHONPATH=/home/robosync/Robot/camera_ws/build/nv21_converter_pkg/prefix_override:/usr/lib/python3/dist-packages/colcon_core/task/python/colcon_distutils_commands:/home/robosync/Robot/camera_ws/install/nv21_converter_pkg/lib/python3.10/site-packages:${PYTHONPATH} /usr/bin/python3 -W ignore:setup.py install is deprecated -W ignore:easy_install command is deprecated setup.py egg_info --egg-base ../../build/nv21_converter_pkg build --build-base /home/robosync/Robot/camera_ws/build/nv21_converter_pkg/build install --record /home/robosync/Robot/camera_ws/build/nv21_converter_pkg/install.log --single-version-externally-managed install_data
[7.453s] Level 1:colcon.colcon_core.environment:checking '/home/robosync/Robot/camera_ws/install/nv21_converter_pkg' for CMake module files
[7.457s] Level 1:colcon.colcon_core.environment:checking '/home/robosync/Robot/camera_ws/install/nv21_converter_pkg' for CMake config files
[7.461s] Level 1:colcon.colcon_core.environment:checking '/home/robosync/Robot/camera_ws/install/nv21_converter_pkg/lib'
[7.462s] Level 1:colcon.colcon_core.environment:checking '/home/robosync/Robot/camera_ws/install/nv21_converter_pkg/bin'
[7.463s] Level 1:colcon.colcon_core.environment:checking '/home/robosync/Robot/camera_ws/install/nv21_converter_pkg/lib/pkgconfig/nv21_converter_pkg.pc'
[7.464s] Level 1:colcon.colcon_core.environment:checking '/home/robosync/Robot/camera_ws/install/nv21_converter_pkg/lib/python3.10/site-packages'
[7.464s] Level 1:colcon.colcon_core.shell:create_environment_hook('nv21_converter_pkg', 'pythonpath')
[7.466s] INFO:colcon.colcon_core.shell:Creating environment hook '/home/robosync/Robot/camera_ws/install/nv21_converter_pkg/share/nv21_converter_pkg/hook/pythonpath.ps1'
[7.468s] INFO:colcon.colcon_core.shell:Creating environment descriptor '/home/robosync/Robot/camera_ws/install/nv21_converter_pkg/share/nv21_converter_pkg/hook/pythonpath.dsv'
[7.470s] INFO:colcon.colcon_core.shell:Creating environment hook '/home/robosync/Robot/camera_ws/install/nv21_converter_pkg/share/nv21_converter_pkg/hook/pythonpath.sh'
[7.473s] Level 1:colcon.colcon_core.environment:checking '/home/robosync/Robot/camera_ws/install/nv21_converter_pkg/bin'
[7.473s] Level 1:colcon.colcon_core.environment:create_environment_scripts_only(nv21_converter_pkg)
[7.475s] INFO:colcon.colcon_core.shell:Creating package script '/home/robosync/Robot/camera_ws/install/nv21_converter_pkg/share/nv21_converter_pkg/package.ps1'
[7.478s] INFO:colcon.colcon_core.shell:Creating package descriptor '/home/robosync/Robot/camera_ws/install/nv21_converter_pkg/share/nv21_converter_pkg/package.dsv'
[7.482s] INFO:colcon.colcon_core.shell:Creating package script '/home/robosync/Robot/camera_ws/install/nv21_converter_pkg/share/nv21_converter_pkg/package.sh'
[7.486s] INFO:colcon.colcon_core.shell:Creating package script '/home/robosync/Robot/camera_ws/install/nv21_converter_pkg/share/nv21_converter_pkg/package.bash'
[7.493s] INFO:colcon.colcon_core.shell:Creating package script '/home/robosync/Robot/camera_ws/install/nv21_converter_pkg/share/nv21_converter_pkg/package.zsh'
[7.498s] Level 1:colcon.colcon_core.environment:create_file_with_runtime_dependencies(/home/robosync/Robot/camera_ws/install/nv21_converter_pkg/share/colcon-core/packages/nv21_converter_pkg)
[7.499s] DEBUG:colcon.colcon_parallel_executor.executor.parallel:closing loop
[7.500s] DEBUG:colcon.colcon_parallel_executor.executor.parallel:loop closed
[7.501s] DEBUG:colcon.colcon_parallel_executor.executor.parallel:run_until_complete finished with '0'
[7.501s] DEBUG:colcon.colcon_core.event_reactor:joining thread
[7.531s] INFO:colcon.colcon_core.plugin_system:Skipping extension 'colcon_notification.desktop_notification.notify_send': Could not find 'notify-send'
[7.532s] INFO:colcon.colcon_core.plugin_system:Skipping extension 'colcon_notification.desktop_notification.terminal_notifier': Not used on non-Darwin systems
[7.532s] INFO:colcon.colcon_core.plugin_system:Skipping extension 'colcon_notification.desktop_notification.win32': Not used on non-Windows systems
[7.532s] INFO:colcon.colcon_notification.desktop_notification:Sending desktop notification using 'notify2'
[7.536s] DEBUG:colcon.colcon_notification.desktop_notification.notify2:Failed to initialize notify2: org.freedesktop.DBus.Error.ServiceUnknown: The name org.freedesktop.Notifications was not provided by any .service files
[7.537s] DEBUG:colcon.colcon_core.event_reactor:joined thread
[7.538s] INFO:colcon.colcon_core.shell:Creating prefix script '/home/robosync/Robot/camera_ws/install/local_setup.ps1'
[7.543s] INFO:colcon.colcon_core.shell:Creating prefix util module '/home/robosync/Robot/camera_ws/install/_local_setup_util_ps1.py'
[7.549s] INFO:colcon.colcon_core.shell:Creating prefix chain script '/home/robosync/Robot/camera_ws/install/setup.ps1'
[7.555s] INFO:colcon.colcon_core.shell:Creating prefix script '/home/robosync/Robot/camera_ws/install/local_setup.sh'
[7.558s] INFO:colcon.colcon_core.shell:Creating prefix util module '/home/robosync/Robot/camera_ws/install/_local_setup_util_sh.py'
[7.561s] INFO:colcon.colcon_core.shell:Creating prefix chain script '/home/robosync/Robot/camera_ws/install/setup.sh'
[7.566s] INFO:colcon.colcon_core.shell:Creating prefix script '/home/robosync/Robot/camera_ws/install/local_setup.bash'
[7.569s] INFO:colcon.colcon_core.shell:Creating prefix chain script '/home/robosync/Robot/camera_ws/install/setup.bash'
[7.574s] INFO:colcon.colcon_core.shell:Creating prefix script '/home/robosync/Robot/camera_ws/install/local_setup.zsh'
[7.577s] INFO:colcon.colcon_core.shell:Creating prefix chain script '/home/robosync/Robot/camera_ws/install/setup.zsh'
