[0.657s] Invoking command in '/root/Dojo/build/robot_navigation': CMAKE_PREFIX_PATH=${CMAKE_PREFIX_PATH}:/root/Dojo/install/robot_perception:/root/Dojo/install/robot_hardware:/root/Dojo/install/robot_control:/opt/ros/humble /usr/bin/cmake /root/Dojo/src/robot_navigation -DAMENT_CMAKE_SYMLINK_INSTALL=1 -DCMAKE_INSTALL_PREFIX=/root/Dojo/install/robot_navigation
[0.990s] -- The C compiler identification is GNU 11.4.0
[0.991s] -- The CXX compiler identification is GNU 11.4.0
[0.991s] -- Detecting C compiler ABI info
[0.991s] -- Detecting C compiler ABI info - done
[0.992s] -- Check for working C compiler: /usr/bin/cc - skipped
[0.992s] -- Detecting C compile features
[0.993s] -- Detecting C compile features - done
[0.993s] -- Detecting CXX compiler ABI info
[0.993s] -- Detecting CXX compiler ABI info - done
[0.993s] -- Check for working CXX compiler: /usr/bin/c++ - skipped
[0.994s] -- Detecting CXX compile features
[0.994s] -- Detecting CXX compile features - done
[0.995s] -- Found ament_cmake: 1.3.12 (/opt/ros/humble/share/ament_cmake/cmake)
[1.662s] -- Found Python3: /usr/bin/python3 (found version "3.10.12") found components: Interpreter 
[1.733s] -- Override CMake install command with custom implementation using symlinks instead of copying resources
[1.850s] -- Configuring done
[1.853s] -- Generating done
[1.854s] -- Build files have been written to: /root/Dojo/build/robot_navigation
[1.860s] Invoked command in '/root/Dojo/build/robot_navigation' returned '0': CMAKE_PREFIX_PATH=${CMAKE_PREFIX_PATH}:/root/Dojo/install/robot_perception:/root/Dojo/install/robot_hardware:/root/Dojo/install/robot_control:/opt/ros/humble /usr/bin/cmake /root/Dojo/src/robot_navigation -DAMENT_CMAKE_SYMLINK_INSTALL=1 -DCMAKE_INSTALL_PREFIX=/root/Dojo/install/robot_navigation
[1.862s] Invoking command in '/root/Dojo/build/robot_navigation': CMAKE_PREFIX_PATH=${CMAKE_PREFIX_PATH}:/root/Dojo/install/robot_perception:/root/Dojo/install/robot_hardware:/root/Dojo/install/robot_control:/opt/ros/humble /usr/bin/cmake --build /root/Dojo/build/robot_navigation -- -j16 -l16
[1.905s] Invoked command in '/root/Dojo/build/robot_navigation' returned '0': CMAKE_PREFIX_PATH=${CMAKE_PREFIX_PATH}:/root/Dojo/install/robot_perception:/root/Dojo/install/robot_hardware:/root/Dojo/install/robot_control:/opt/ros/humble /usr/bin/cmake --build /root/Dojo/build/robot_navigation -- -j16 -l16
[1.918s] Invoking command in '/root/Dojo/build/robot_navigation': CMAKE_PREFIX_PATH=${CMAKE_PREFIX_PATH}:/root/Dojo/install/robot_perception:/root/Dojo/install/robot_hardware:/root/Dojo/install/robot_control:/opt/ros/humble /usr/bin/cmake --install /root/Dojo/build/robot_navigation
[1.927s] -- Install configuration: ""
[1.927s] -- Execute custom install script
[1.928s] -- Symlinking: /root/Dojo/install/robot_navigation/share/robot_navigation/navigation.launch.py
[1.938s] -- Symlinking: /root/Dojo/install/robot_navigation/share/robot_navigation/localization.launch.py
[1.949s] -- Symlinking: /root/Dojo/install/robot_navigation/share/robot_navigation/map_server.launch.py
[1.959s] -- Symlinking: /root/Dojo/install/robot_navigation/share/robot_navigation/nav2_params.yaml
[1.969s] -- Symlinking: /root/Dojo/install/robot_navigation/share/robot_navigation/localization_params.yaml
[1.981s] -- Symlinking: /root/Dojo/install/robot_navigation/share/robot_navigation/map_server_params.yaml
[1.991s] -- Symlinking: /root/Dojo/install/robot_navigation/share/robot_navigation/bt_navigator_params.yaml
[2.002s] -- Symlinking: /root/Dojo/install/robot_navigation/share/robot_navigation/planner_params.yaml
[2.013s] -- Symlinking: /root/Dojo/install/robot_navigation/share/robot_navigation/controller_params.yaml
[2.024s] -- Symlinking: /root/Dojo/install/robot_navigation/share/robot_navigation/costmap_common_params.yaml
[2.035s] -- Symlinking: /root/Dojo/install/robot_navigation/share/robot_navigation/global_costmap_params.yaml
[2.045s] -- Symlinking: /root/Dojo/install/robot_navigation/share/robot_navigation/local_costmap_params.yaml
[2.055s] -- Symlinking: /root/Dojo/install/robot_navigation/share/robot_navigation/launch/localization.launch.py
[2.066s] -- Symlinking: /root/Dojo/install/robot_navigation/share/robot_navigation/launch/map_server.launch.py
[2.078s] -- Symlinking: /root/Dojo/install/robot_navigation/share/robot_navigation/launch/navigation.launch.py
[2.089s] -- Symlinking: /root/Dojo/install/robot_navigation/share/robot_navigation/config/bt_navigator_params.yaml
[2.101s] -- Symlinking: /root/Dojo/install/robot_navigation/share/robot_navigation/config/controller_params.yaml
[2.111s] -- Symlinking: /root/Dojo/install/robot_navigation/share/robot_navigation/config/costmap_common_params.yaml
[2.121s] -- Symlinking: /root/Dojo/install/robot_navigation/share/robot_navigation/config/global_costmap_params.yaml
[2.133s] -- Symlinking: /root/Dojo/install/robot_navigation/share/robot_navigation/config/local_costmap_params.yaml
[2.143s] -- Symlinking: /root/Dojo/install/robot_navigation/share/robot_navigation/config/localization_params.yaml
[2.154s] -- Symlinking: /root/Dojo/install/robot_navigation/share/robot_navigation/config/map_server_params.yaml
[2.165s] -- Symlinking: /root/Dojo/install/robot_navigation/share/robot_navigation/config/nav2_params.yaml
[2.175s] -- Symlinking: /root/Dojo/install/robot_navigation/share/robot_navigation/config/planner_params.yaml
[2.189s] -- Up-to-date symlink: /root/Dojo/install/robot_navigation/share/robot_navigation/config/bt_navigator_params.yaml
[2.189s] -- Up-to-date symlink: /root/Dojo/install/robot_navigation/share/robot_navigation/config/controller_params.yaml
[2.190s] -- Up-to-date symlink: /root/Dojo/install/robot_navigation/share/robot_navigation/config/costmap_common_params.yaml
[2.190s] -- Up-to-date symlink: /root/Dojo/install/robot_navigation/share/robot_navigation/config/global_costmap_params.yaml
[2.190s] -- Up-to-date symlink: /root/Dojo/install/robot_navigation/share/robot_navigation/config/local_costmap_params.yaml
[2.190s] -- Up-to-date symlink: /root/Dojo/install/robot_navigation/share/robot_navigation/config/localization_params.yaml
[2.190s] -- Up-to-date symlink: /root/Dojo/install/robot_navigation/share/robot_navigation/config/map_server_params.yaml
[2.191s] -- Up-to-date symlink: /root/Dojo/install/robot_navigation/share/robot_navigation/config/nav2_params.yaml
[2.191s] -- Up-to-date symlink: /root/Dojo/install/robot_navigation/share/robot_navigation/config/planner_params.yaml
[2.191s] -- Up-to-date symlink: /root/Dojo/install/robot_navigation/share/robot_navigation/launch/localization.launch.py
[2.191s] -- Up-to-date symlink: /root/Dojo/install/robot_navigation/share/robot_navigation/launch/map_server.launch.py
[2.191s] -- Up-to-date symlink: /root/Dojo/install/robot_navigation/share/robot_navigation/launch/navigation.launch.py
[2.192s] -- Symlinking: /root/Dojo/install/robot_navigation/share/ament_index/resource_index/package_run_dependencies/robot_navigation
[2.202s] -- Symlinking: /root/Dojo/install/robot_navigation/share/ament_index/resource_index/parent_prefix_path/robot_navigation
[2.214s] -- Symlinking: /root/Dojo/install/robot_navigation/share/robot_navigation/environment/ament_prefix_path.sh
[2.224s] -- Symlinking: /root/Dojo/install/robot_navigation/share/robot_navigation/environment/ament_prefix_path.dsv
[2.235s] -- Symlinking: /root/Dojo/install/robot_navigation/share/robot_navigation/environment/path.sh
[2.246s] -- Symlinking: /root/Dojo/install/robot_navigation/share/robot_navigation/environment/path.dsv
[2.260s] -- Symlinking: /root/Dojo/install/robot_navigation/share/robot_navigation/local_setup.bash
[2.271s] -- Symlinking: /root/Dojo/install/robot_navigation/share/robot_navigation/local_setup.sh
[2.283s] -- Symlinking: /root/Dojo/install/robot_navigation/share/robot_navigation/local_setup.zsh
[2.296s] -- Symlinking: /root/Dojo/install/robot_navigation/share/robot_navigation/local_setup.dsv
[2.309s] -- Symlinking: /root/Dojo/install/robot_navigation/share/robot_navigation/package.dsv
[2.320s] -- Symlinking: /root/Dojo/install/robot_navigation/share/ament_index/resource_index/packages/robot_navigation
[2.332s] -- Symlinking: /root/Dojo/install/robot_navigation/share/robot_navigation/cmake/robot_navigationConfig.cmake
[2.341s] -- Symlinking: /root/Dojo/install/robot_navigation/share/robot_navigation/cmake/robot_navigationConfig-version.cmake
[2.353s] -- Symlinking: /root/Dojo/install/robot_navigation/share/robot_navigation/package.xml
[2.368s] Invoked command in '/root/Dojo/build/robot_navigation' returned '0': CMAKE_PREFIX_PATH=${CMAKE_PREFIX_PATH}:/root/Dojo/install/robot_perception:/root/Dojo/install/robot_hardware:/root/Dojo/install/robot_control:/opt/ros/humble /usr/bin/cmake --install /root/Dojo/build/robot_navigation
