[0.106s] Invoking command in '/root/Dojo/build/robot_description': CMAKE_PREFIX_PATH=/opt/ros/humble /usr/bin/cmake /root/Dojo/src/robot_description -DAMENT_CMAKE_SYMLINK_INSTALL=1 -DCMAKE_INSTALL_PREFIX=/root/Dojo/install/robot_description
[2.078s] -- The C compiler identification is GNU 11.4.0
[2.081s] -- The CXX compiler identification is GNU 11.4.0
[2.081s] -- Detecting C compiler ABI info
[2.081s] -- Detecting C compiler ABI info - done
[2.082s] -- Check for working C compiler: /usr/bin/cc - skipped
[2.082s] -- Detecting C compile features
[2.082s] -- Detecting C compile features - done
[2.082s] -- Detecting CXX compiler ABI info
[2.082s] -- Detecting CXX compiler ABI info - done
[2.082s] -- Check for working CXX compiler: /usr/bin/c++ - skipped
[2.083s] -- Detecting CXX compile features
[2.083s] -- Detecting CXX compile features - done
[2.083s] -- Found ament_cmake: 1.3.12 (/opt/ros/humble/share/ament_cmake/cmake)
[2.083s] -- Found Python3: /usr/bin/python3 (found version "3.10.12") found components: Interpreter 
[2.083s] -- Override CMake install command with custom implementation using symlinks instead of copying resources
[2.084s] -- Configuring done
[2.084s] -- Generating done
[2.085s] -- Build files have been written to: /root/Dojo/build/robot_description
[2.617s] Invoked command in '/root/Dojo/build/robot_description' returned '0': CMAKE_PREFIX_PATH=/opt/ros/humble /usr/bin/cmake /root/Dojo/src/robot_description -DAMENT_CMAKE_SYMLINK_INSTALL=1 -DCMAKE_INSTALL_PREFIX=/root/Dojo/install/robot_description
[2.621s] Invoking command in '/root/Dojo/build/robot_description': CMAKE_PREFIX_PATH=/opt/ros/humble /usr/bin/cmake --build /root/Dojo/build/robot_description -- -j16 -l16
[2.801s] Built target ament_cmake_python_symlink_robot_description
[3.439s] running egg_info
[3.441s] creating robot_description.egg-info
[3.446s] writing robot_description.egg-info/PKG-INFO
[3.447s] writing dependency_links to robot_description.egg-info/dependency_links.txt
[3.448s] writing top-level names to robot_description.egg-info/top_level.txt
[3.449s] writing manifest file 'robot_description.egg-info/SOURCES.txt'
[3.450s] reading manifest file 'robot_description.egg-info/SOURCES.txt'
[3.451s] writing manifest file 'robot_description.egg-info/SOURCES.txt'
[3.544s] Built target ament_cmake_python_build_robot_description_egg
[3.646s] Invoked command in '/root/Dojo/build/robot_description' returned '0': CMAKE_PREFIX_PATH=/opt/ros/humble /usr/bin/cmake --build /root/Dojo/build/robot_description -- -j16 -l16
[3.647s] Invoking command in '/root/Dojo/build/robot_description': CMAKE_PREFIX_PATH=/opt/ros/humble /usr/bin/cmake --install /root/Dojo/build/robot_description
[3.680s] -- Install configuration: ""
[3.682s] -- Execute custom install script
[3.683s] -- Symlinking: /root/Dojo/install/robot_description/share/robot_description/launch/display.launch.py
[3.709s] -- Symlinking: /root/Dojo/install/robot_description/share/robot_description/launch/robot_state_publisher.launch.py
[3.734s] -- Symlinking: /root/Dojo/install/robot_description/share/robot_description/urdf/robot.urdf
[3.756s] -- Symlinking: /root/Dojo/install/robot_description/share/robot_description/urdf/robot.urdf.xacro
[3.786s] -- Symlinking: /root/Dojo/install/robot_description/share/robot_description/rviz/robot.rviz
[3.824s] -- Symlinking: /root/Dojo/install/robot_description/share/robot_description/environment/pythonpath.sh
[3.847s] -- Symlinking: /root/Dojo/install/robot_description/share/robot_description/environment/pythonpath.dsv
[3.875s] -- Symlinking: /root/Dojo/install/robot_description/local/lib/python3.10/dist-packages/robot_description-0.0.1-py3.10.egg-info/PKG-INFO
[3.903s] -- Symlinking: /root/Dojo/install/robot_description/local/lib/python3.10/dist-packages/robot_description-0.0.1-py3.10.egg-info/SOURCES.txt
[3.927s] -- Symlinking: /root/Dojo/install/robot_description/local/lib/python3.10/dist-packages/robot_description-0.0.1-py3.10.egg-info/dependency_links.txt
[3.950s] -- Symlinking: /root/Dojo/install/robot_description/local/lib/python3.10/dist-packages/robot_description-0.0.1-py3.10.egg-info/top_level.txt
[3.986s] -- Symlinking: /root/Dojo/install/robot_description/local/lib/python3.10/dist-packages/robot_description/__init__.py
[4.021s] -- Symlinking: /root/Dojo/install/robot_description/lib/robot_description/display_robot.py
[4.047s] -- Symlinking: /root/Dojo/install/robot_description/share/ament_index/resource_index/package_run_dependencies/robot_description
[4.077s] -- Symlinking: /root/Dojo/install/robot_description/share/ament_index/resource_index/parent_prefix_path/robot_description
[4.099s] -- Symlinking: /root/Dojo/install/robot_description/share/robot_description/environment/ament_prefix_path.sh
[4.124s] -- Symlinking: /root/Dojo/install/robot_description/share/robot_description/environment/ament_prefix_path.dsv
[4.160s] -- Symlinking: /root/Dojo/install/robot_description/share/robot_description/environment/path.sh
[4.184s] -- Symlinking: /root/Dojo/install/robot_description/share/robot_description/environment/path.dsv
[4.214s] -- Symlinking: /root/Dojo/install/robot_description/share/robot_description/local_setup.bash
[4.242s] -- Symlinking: /root/Dojo/install/robot_description/share/robot_description/local_setup.sh
[4.278s] -- Symlinking: /root/Dojo/install/robot_description/share/robot_description/local_setup.zsh
[4.311s] -- Symlinking: /root/Dojo/install/robot_description/share/robot_description/local_setup.dsv
[4.319s] -- Symlinking: /root/Dojo/install/robot_description/share/robot_description/package.dsv
[4.347s] -- Symlinking: /root/Dojo/install/robot_description/share/ament_index/resource_index/packages/robot_description
[4.372s] -- Symlinking: /root/Dojo/install/robot_description/share/robot_description/cmake/robot_descriptionConfig.cmake
[4.392s] -- Symlinking: /root/Dojo/install/robot_description/share/robot_description/cmake/robot_descriptionConfig-version.cmake
[4.421s] -- Symlinking: /root/Dojo/install/robot_description/share/robot_description/package.xml
[4.447s] -- Up-to-date: /root/Dojo/install/robot_description/share/robot_description
[4.451s] -- Up-to-date: /root/Dojo/install/robot_description/share/robot_description/urdf
[4.452s] -- Installing: /root/Dojo/install/robot_description/share/robot_description/include
[4.455s] -- Installing: /root/Dojo/install/robot_description/share/robot_description/include/robot_description
[4.456s] -- Up-to-date: /root/Dojo/install/robot_description/share/robot_description/rviz
[4.457s] -- Installing: /root/Dojo/install/robot_description/share/robot_description/src
[4.458s] -- Installing: /root/Dojo/install/robot_description/share/robot_description/src/robot_description
[4.461s] -- Installing: /root/Dojo/install/robot_description/share/robot_description/meshes
[4.463s] -- Installing: /root/Dojo/install/robot_description/share/robot_description/robot_description
[4.464s] -- Installing: /root/Dojo/install/robot_description/share/robot_description/robot_description/robot_description
[4.465s] -- Installing: /root/Dojo/install/robot_description/share/robot_description/scripts
[4.466s] -- Installing: /root/Dojo/install/robot_description/share/robot_description/resource
[4.467s] -- Up-to-date: /root/Dojo/install/robot_description/share/robot_description/launch
[4.468s] -- Up-to-date: /root/Dojo/install/robot_description/share/robot_description/config
[4.470s] -- Installing: /root/Dojo/install/robot_description/lib/robot_description/robot_description
[4.471s] -- Installing: /root/Dojo/install/robot_description/lib/robot_description/robot_description/__init__.py
[4.548s] Listing '/root/Dojo/install/robot_description/local/lib/python3.10/dist-packages/robot_description'...
[4.548s] Compiling '/root/Dojo/install/robot_description/local/lib/python3.10/dist-packages/robot_description/__init__.py'...
[4.585s] Invoked command in '/root/Dojo/build/robot_description' returned '0': CMAKE_PREFIX_PATH=/opt/ros/humble /usr/bin/cmake --install /root/Dojo/build/robot_description
