[1.888s] DEBUG:colcon:Command line arguments: ['/usr/bin/colcon', 'build']
[1.889s] DEBUG:colcon:Parsed command line arguments: Namespace(log_base=None, log_level=None, verb_name='build', build_base='build', install_base='install', merge_install=False, symlink_install=False, test_result_base=None, continue_on_error=False, executor='parallel', parallel_workers=4, event_handlers=None, ignore_user_meta=False, metas=['./colcon.meta'], base_paths=['.'], packages_ignore=None, packages_ignore_regex=None, paths=None, packages_up_to=None, packages_up_to_regex=None, packages_above=None, packages_above_and_dependencies=None, packages_above_depth=None, packages_select_by_dep=None, packages_skip_by_dep=None, packages_skip_up_to=None, packages_select_build_failed=False, packages_skip_build_finished=False, packages_select_test_failures=False, packages_skip_test_passed=False, packages_select=None, packages_skip=None, packages_select_regex=None, packages_skip_regex=None, packages_start=None, packages_end=None, allow_overriding=[], cmake_args=None, cmake_target=None, cmake_target_skip_unavailable=False, cmake_clean_cache=False, cmake_clean_first=False, cmake_force_configure=False, meson_args=[], ament_cmake_args=None, catkin_cmake_args=None, catkin_skip_building_tests=False, verb_parser=<colcon_defaults.argument_parser.defaults.DefaultArgumentsDecorator object at 0xffff9f53d030>, verb_extension=<colcon_core.verb.build.BuildVerb object at 0xffff9f53cbe0>, main=<bound method BuildVerb.main of <colcon_core.verb.build.BuildVerb object at 0xffff9f53cbe0>>)
[3.393s] Level 1:colcon.colcon_core.package_discovery:discover_packages(colcon_meta) check parameters
[3.393s] Level 1:colcon.colcon_core.package_discovery:discover_packages(recursive) check parameters
[3.394s] Level 1:colcon.colcon_core.package_discovery:discover_packages(ignore) check parameters
[3.394s] Level 1:colcon.colcon_core.package_discovery:discover_packages(path) check parameters
[3.394s] Level 1:colcon.colcon_core.package_discovery:discover_packages(colcon_meta) discover
[3.394s] Level 1:colcon.colcon_core.package_discovery:discover_packages(recursive) discover
[3.394s] INFO:colcon.colcon_core.package_discovery:Crawling recursively for packages in '/home/robosync/Robot/camera_ws'
[3.395s] Level 1:colcon.colcon_core.package_identification:_identify(.) by extensions ['ignore', 'ignore_ament_install']
[3.395s] Level 1:colcon.colcon_core.package_identification:_identify(.) by extension 'ignore'
[3.395s] Level 1:colcon.colcon_core.package_identification:_identify(.) by extension 'ignore_ament_install'
[3.396s] Level 1:colcon.colcon_core.package_identification:_identify(.) by extensions ['colcon_pkg']
[3.396s] Level 1:colcon.colcon_core.package_identification:_identify(.) by extension 'colcon_pkg'
[3.396s] Level 1:colcon.colcon_core.package_identification:_identify(.) by extensions ['colcon_meta']
[3.396s] Level 1:colcon.colcon_core.package_identification:_identify(.) by extension 'colcon_meta'
[3.396s] Level 1:colcon.colcon_core.package_identification:_identify(.) by extensions ['ros']
[3.396s] Level 1:colcon.colcon_core.package_identification:_identify(.) by extension 'ros'
[3.468s] Level 1:colcon.colcon_core.package_identification:_identify(.) by extensions ['cmake', 'meson', 'python']
[3.469s] Level 1:colcon.colcon_core.package_identification:_identify(.) by extension 'cmake'
[3.469s] Level 1:colcon.colcon_core.package_identification:_identify(.) by extension 'meson'
[3.469s] Level 1:colcon.colcon_core.package_identification:_identify(.) by extension 'python'
[3.469s] Level 1:colcon.colcon_core.package_identification:_identify(.) by extensions ['python_setup_py']
[3.469s] Level 1:colcon.colcon_core.package_identification:_identify(.) by extension 'python_setup_py'
[3.470s] Level 1:colcon.colcon_core.package_identification:_identify(build) by extensions ['ignore', 'ignore_ament_install']
[3.471s] Level 1:colcon.colcon_core.package_identification:_identify(build) by extension 'ignore'
[3.471s] Level 1:colcon.colcon_core.package_identification:_identify(build) ignored
[3.472s] Level 1:colcon.colcon_core.package_identification:_identify(install) by extensions ['ignore', 'ignore_ament_install']
[3.472s] Level 1:colcon.colcon_core.package_identification:_identify(install) by extension 'ignore'
[3.472s] Level 1:colcon.colcon_core.package_identification:_identify(install) ignored
[3.473s] Level 1:colcon.colcon_core.package_identification:_identify(log) by extensions ['ignore', 'ignore_ament_install']
[3.473s] Level 1:colcon.colcon_core.package_identification:_identify(log) by extension 'ignore'
[3.473s] Level 1:colcon.colcon_core.package_identification:_identify(log) ignored
[3.474s] Level 1:colcon.colcon_core.package_identification:_identify(src) by extensions ['ignore', 'ignore_ament_install']
[3.474s] Level 1:colcon.colcon_core.package_identification:_identify(src) by extension 'ignore'
[3.474s] Level 1:colcon.colcon_core.package_identification:_identify(src) by extension 'ignore_ament_install'
[3.474s] Level 1:colcon.colcon_core.package_identification:_identify(src) by extensions ['colcon_pkg']
[3.474s] Level 1:colcon.colcon_core.package_identification:_identify(src) by extension 'colcon_pkg'
[3.475s] Level 1:colcon.colcon_core.package_identification:_identify(src) by extensions ['colcon_meta']
[3.475s] Level 1:colcon.colcon_core.package_identification:_identify(src) by extension 'colcon_meta'
[3.475s] Level 1:colcon.colcon_core.package_identification:_identify(src) by extensions ['ros']
[3.475s] Level 1:colcon.colcon_core.package_identification:_identify(src) by extension 'ros'
[3.475s] Level 1:colcon.colcon_core.package_identification:_identify(src) by extensions ['cmake', 'meson', 'python']
[3.476s] Level 1:colcon.colcon_core.package_identification:_identify(src) by extension 'cmake'
[3.476s] Level 1:colcon.colcon_core.package_identification:_identify(src) by extension 'meson'
[3.476s] Level 1:colcon.colcon_core.package_identification:_identify(src) by extension 'python'
[3.476s] Level 1:colcon.colcon_core.package_identification:_identify(src) by extensions ['python_setup_py']
[3.476s] Level 1:colcon.colcon_core.package_identification:_identify(src) by extension 'python_setup_py'
[3.478s] Level 1:colcon.colcon_core.package_identification:_identify(src/camera_ros) by extensions ['ignore', 'ignore_ament_install']
[3.478s] Level 1:colcon.colcon_core.package_identification:_identify(src/camera_ros) by extension 'ignore'
[3.478s] Level 1:colcon.colcon_core.package_identification:_identify(src/camera_ros) by extension 'ignore_ament_install'
[3.479s] Level 1:colcon.colcon_core.package_identification:_identify(src/camera_ros) by extensions ['colcon_pkg']
[3.479s] Level 1:colcon.colcon_core.package_identification:_identify(src/camera_ros) by extension 'colcon_pkg'
[3.479s] Level 1:colcon.colcon_core.package_identification:_identify(src/camera_ros) by extensions ['colcon_meta']
[3.479s] Level 1:colcon.colcon_core.package_identification:_identify(src/camera_ros) by extension 'colcon_meta'
[3.479s] Level 1:colcon.colcon_core.package_identification:_identify(src/camera_ros) by extensions ['ros']
[3.479s] Level 1:colcon.colcon_core.package_identification:_identify(src/camera_ros) by extension 'ros'
[3.501s] DEBUG:colcon.colcon_core.package_identification:Package 'src/camera_ros' with type 'ros.ament_cmake' and name 'camera_ros'
[3.503s] Level 1:colcon.colcon_core.package_identification:_identify(src/libcamera) by extensions ['ignore', 'ignore_ament_install']
[3.503s] Level 1:colcon.colcon_core.package_identification:_identify(src/libcamera) by extension 'ignore'
[3.504s] Level 1:colcon.colcon_core.package_identification:_identify(src/libcamera) by extension 'ignore_ament_install'
[3.504s] Level 1:colcon.colcon_core.package_identification:_identify(src/libcamera) by extensions ['colcon_pkg']
[3.504s] Level 1:colcon.colcon_core.package_identification:_identify(src/libcamera) by extension 'colcon_pkg'
[3.504s] Level 1:colcon.colcon_core.package_identification:_identify(src/libcamera) by extensions ['colcon_meta']
[3.504s] Level 1:colcon.colcon_core.package_identification:_identify(src/libcamera) by extension 'colcon_meta'
[3.505s] Level 1:colcon.colcon_core.package_identification:_identify(src/libcamera) by extensions ['ros']
[3.505s] Level 1:colcon.colcon_core.package_identification:_identify(src/libcamera) by extension 'ros'
[3.505s] Level 1:colcon.colcon_core.package_identification:_identify(src/libcamera) by extensions ['cmake', 'meson', 'python']
[3.505s] Level 1:colcon.colcon_core.package_identification:_identify(src/libcamera) by extension 'cmake'
[3.506s] Level 1:colcon.colcon_core.package_identification:_identify(src/libcamera) by extension 'meson'
[4.164s] INFO:colcon.colcon_meson.identification:'libcamera' dependencies: {'glib-2.0', 'SDL2', 'gstreamer-app-1.0', 'gstreamer-allocators-1.0', 'qt6', 'dl', 'libudev', 'libjpeg', 'gstreamer-video-1.0', 'gnutls', 'yaml-0.1', 'lttng-ust', 'pybind11', 'libdw', 'gstreamer-1.0', 'libunwind', 'libtiff-4', 'libexif', 'threads', 'libevent_pthreads', 'libdrm', 'gtest'}
[4.165s] Level 1:colcon.colcon_core.package_identification:_identify(src/libcamera) by extension 'python'
[4.165s] DEBUG:colcon.colcon_core.package_identification:Package 'src/libcamera' with type 'meson' and name 'libcamera'
[4.166s] Level 1:colcon.colcon_core.package_identification:_identify(src/nv21_converter_pkg) by extensions ['ignore', 'ignore_ament_install']
[4.167s] Level 1:colcon.colcon_core.package_identification:_identify(src/nv21_converter_pkg) by extension 'ignore'
[4.167s] Level 1:colcon.colcon_core.package_identification:_identify(src/nv21_converter_pkg) by extension 'ignore_ament_install'
[4.167s] Level 1:colcon.colcon_core.package_identification:_identify(src/nv21_converter_pkg) by extensions ['colcon_pkg']
[4.168s] Level 1:colcon.colcon_core.package_identification:_identify(src/nv21_converter_pkg) by extension 'colcon_pkg'
[4.168s] Level 1:colcon.colcon_core.package_identification:_identify(src/nv21_converter_pkg) by extensions ['colcon_meta']
[4.168s] Level 1:colcon.colcon_core.package_identification:_identify(src/nv21_converter_pkg) by extension 'colcon_meta'
[4.168s] Level 1:colcon.colcon_core.package_identification:_identify(src/nv21_converter_pkg) by extensions ['ros']
[4.168s] Level 1:colcon.colcon_core.package_identification:_identify(src/nv21_converter_pkg) by extension 'ros'
[4.173s] DEBUG:colcon.colcon_core.package_identification:Package 'src/nv21_converter_pkg' with type 'ros.ament_python' and name 'nv21_converter_pkg'
[4.173s] Level 1:colcon.colcon_core.package_discovery:discover_packages(recursive) using defaults
[4.173s] Level 1:colcon.colcon_core.package_discovery:discover_packages(ignore) discover
[4.173s] Level 1:colcon.colcon_core.package_discovery:discover_packages(ignore) using defaults
[4.173s] Level 1:colcon.colcon_core.package_discovery:discover_packages(path) discover
[4.174s] Level 1:colcon.colcon_core.package_discovery:discover_packages(path) using defaults
[4.299s] Level 1:colcon.colcon_core.package_discovery:discover_packages(prefix_path) check parameters
[4.299s] Level 1:colcon.colcon_core.package_discovery:discover_packages(prefix_path) discover
[4.313s] DEBUG:colcon.colcon_installed_package_information.package_discovery:Found 1 installed packages in /home/robosync/Robot/camera_ws/install
[4.323s] DEBUG:colcon.colcon_installed_package_information.package_discovery:Found 294 installed packages in /opt/ros/humble
[4.331s] Level 1:colcon.colcon_core.package_discovery:discover_packages(prefix_path) using defaults
[4.562s] Level 5:colcon.colcon_core.verb:set package 'libcamera' build argument 'cmake_args' from command line to 'None'
[4.563s] Level 5:colcon.colcon_core.verb:set package 'libcamera' build argument 'cmake_target' from command line to 'None'
[4.563s] Level 5:colcon.colcon_core.verb:set package 'libcamera' build argument 'cmake_target_skip_unavailable' from command line to 'False'
[4.563s] Level 5:colcon.colcon_core.verb:set package 'libcamera' build argument 'cmake_clean_cache' from command line to 'False'
[4.563s] Level 5:colcon.colcon_core.verb:set package 'libcamera' build argument 'cmake_clean_first' from command line to 'False'
[4.563s] Level 5:colcon.colcon_core.verb:set package 'libcamera' build argument 'cmake_force_configure' from command line to 'False'
[4.563s] Level 5:colcon.colcon_core.verb:set package 'libcamera' build argument 'meson_args' from command line to '[]'
[4.563s] Level 5:colcon.colcon_core.verb:set package 'libcamera' build argument 'ament_cmake_args' from command line to 'None'
[4.563s] Level 5:colcon.colcon_core.verb:set package 'libcamera' build argument 'catkin_cmake_args' from command line to 'None'
[4.564s] Level 5:colcon.colcon_core.verb:set package 'libcamera' build argument 'catkin_skip_building_tests' from command line to 'False'
[4.564s] DEBUG:colcon.colcon_core.verb:Building package 'libcamera' with the following arguments: {'ament_cmake_args': None, 'build_base': '/home/robosync/Robot/camera_ws/build/libcamera', 'catkin_cmake_args': None, 'catkin_skip_building_tests': False, 'cmake_args': None, 'cmake_clean_cache': False, 'cmake_clean_first': False, 'cmake_force_configure': False, 'cmake_target': None, 'cmake_target_skip_unavailable': False, 'install_base': '/home/robosync/Robot/camera_ws/install/libcamera', 'merge_install': False, 'meson_args': [], 'path': '/home/robosync/Robot/camera_ws/src/libcamera', 'symlink_install': False, 'test_result_base': None}
[4.619s] Level 5:colcon.colcon_core.verb:set package 'nv21_converter_pkg' build argument 'cmake_args' from command line to 'None'
[4.619s] Level 5:colcon.colcon_core.verb:set package 'nv21_converter_pkg' build argument 'cmake_target' from command line to 'None'
[4.619s] Level 5:colcon.colcon_core.verb:set package 'nv21_converter_pkg' build argument 'cmake_target_skip_unavailable' from command line to 'False'
[4.619s] Level 5:colcon.colcon_core.verb:set package 'nv21_converter_pkg' build argument 'cmake_clean_cache' from command line to 'False'
[4.619s] Level 5:colcon.colcon_core.verb:set package 'nv21_converter_pkg' build argument 'cmake_clean_first' from command line to 'False'
[4.619s] Level 5:colcon.colcon_core.verb:set package 'nv21_converter_pkg' build argument 'cmake_force_configure' from command line to 'False'
[4.619s] Level 5:colcon.colcon_core.verb:set package 'nv21_converter_pkg' build argument 'meson_args' from command line to '[]'
[4.620s] Level 5:colcon.colcon_core.verb:set package 'nv21_converter_pkg' build argument 'ament_cmake_args' from command line to 'None'
[4.620s] Level 5:colcon.colcon_core.verb:set package 'nv21_converter_pkg' build argument 'catkin_cmake_args' from command line to 'None'
[4.620s] Level 5:colcon.colcon_core.verb:set package 'nv21_converter_pkg' build argument 'catkin_skip_building_tests' from command line to 'False'
[4.620s] DEBUG:colcon.colcon_core.verb:Building package 'nv21_converter_pkg' with the following arguments: {'ament_cmake_args': None, 'build_base': '/home/robosync/Robot/camera_ws/build/nv21_converter_pkg', 'catkin_cmake_args': None, 'catkin_skip_building_tests': False, 'cmake_args': None, 'cmake_clean_cache': False, 'cmake_clean_first': False, 'cmake_force_configure': False, 'cmake_target': None, 'cmake_target_skip_unavailable': False, 'install_base': '/home/robosync/Robot/camera_ws/install/nv21_converter_pkg', 'merge_install': False, 'meson_args': [], 'path': '/home/robosync/Robot/camera_ws/src/nv21_converter_pkg', 'symlink_install': False, 'test_result_base': None}
[4.675s] Level 5:colcon.colcon_core.verb:set package 'camera_ros' build argument 'cmake_args' from command line to 'None'
[4.675s] Level 5:colcon.colcon_core.verb:set package 'camera_ros' build argument 'cmake_target' from command line to 'None'
[4.675s] Level 5:colcon.colcon_core.verb:set package 'camera_ros' build argument 'cmake_target_skip_unavailable' from command line to 'False'
[4.675s] Level 5:colcon.colcon_core.verb:set package 'camera_ros' build argument 'cmake_clean_cache' from command line to 'False'
[4.675s] Level 5:colcon.colcon_core.verb:set package 'camera_ros' build argument 'cmake_clean_first' from command line to 'False'
[4.675s] Level 5:colcon.colcon_core.verb:set package 'camera_ros' build argument 'cmake_force_configure' from command line to 'False'
[4.676s] Level 5:colcon.colcon_core.verb:set package 'camera_ros' build argument 'meson_args' from command line to '[]'
[4.676s] Level 5:colcon.colcon_core.verb:set package 'camera_ros' build argument 'ament_cmake_args' from command line to 'None'
[4.676s] Level 5:colcon.colcon_core.verb:set package 'camera_ros' build argument 'catkin_cmake_args' from command line to 'None'
[4.676s] Level 5:colcon.colcon_core.verb:set package 'camera_ros' build argument 'catkin_skip_building_tests' from command line to 'False'
[4.676s] DEBUG:colcon.colcon_core.verb:Building package 'camera_ros' with the following arguments: {'ament_cmake_args': None, 'build_base': '/home/robosync/Robot/camera_ws/build/camera_ros', 'catkin_cmake_args': None, 'catkin_skip_building_tests': False, 'cmake_args': None, 'cmake_clean_cache': False, 'cmake_clean_first': False, 'cmake_force_configure': False, 'cmake_target': None, 'cmake_target_skip_unavailable': False, 'install_base': '/home/robosync/Robot/camera_ws/install/camera_ros', 'merge_install': False, 'meson_args': [], 'path': '/home/robosync/Robot/camera_ws/src/camera_ros', 'symlink_install': False, 'test_result_base': None}
[4.677s] INFO:colcon.colcon_core.executor:Executing jobs using 'parallel' executor
[4.680s] DEBUG:colcon.colcon_parallel_executor.executor.parallel:run_until_complete
[4.699s] INFO:colcon.colcon_core.plugin_system:Skipping extension 'colcon_core.shell.bat': Not used on non-Windows systems
[4.700s] INFO:colcon.colcon_core.shell:Skip shell extension 'powershell' for command environment: Not usable outside of PowerShell
[4.700s] DEBUG:colcon.colcon_core.shell:Skip shell extension 'dsv' for command environment
[4.720s] INFO:colcon.colcon_ros.task.ament_python.build:Building ROS package in '/home/robosync/Robot/camera_ws/src/nv21_converter_pkg' with build type 'ament_python'
[4.721s] Level 1:colcon.colcon_core.shell:create_environment_hook('nv21_converter_pkg', 'ament_prefix_path')
[4.722s] INFO:colcon.colcon_core.shell:Creating environment hook '/home/robosync/Robot/camera_ws/install/nv21_converter_pkg/share/nv21_converter_pkg/hook/ament_prefix_path.ps1'
[4.727s] INFO:colcon.colcon_core.shell:Creating environment descriptor '/home/robosync/Robot/camera_ws/install/nv21_converter_pkg/share/nv21_converter_pkg/hook/ament_prefix_path.dsv'
[4.730s] INFO:colcon.colcon_core.shell:Creating environment hook '/home/robosync/Robot/camera_ws/install/nv21_converter_pkg/share/nv21_converter_pkg/hook/ament_prefix_path.sh'
[4.734s] INFO:colcon.colcon_core.shell:Skip shell extension 'powershell' for command environment: Not usable outside of PowerShell
[4.734s] DEBUG:colcon.colcon_core.shell:Skip shell extension 'dsv' for command environment
[4.762s] DEBUG:colcon.colcon_core.event_handler.log_command:Invoking command in '/home/robosync/Robot/camera_ws/build/libcamera': /home/robosync/.local/bin/meson setup --libdir=lib --prefix=/home/robosync/Robot/camera_ws/install/libcamera --buildtype=release /home/robosync/Robot/camera_ws/build/libcamera /home/robosync/Robot/camera_ws/src/libcamera
[6.264s] INFO:colcon.colcon_core.task.python.build:Building Python package in '/home/robosync/Robot/camera_ws/src/nv21_converter_pkg'
[6.265s] INFO:colcon.colcon_core.shell:Skip shell extension 'powershell' for command environment: Not usable outside of PowerShell
[6.265s] DEBUG:colcon.colcon_core.shell:Skip shell extension 'dsv' for command environment
[9.716s] DEBUG:colcon.colcon_core.event_handler.log_command:Invoking command in '/home/robosync/Robot/camera_ws/src/nv21_converter_pkg': PYTHONPATH=/home/robosync/Robot/camera_ws/build/nv21_converter_pkg/prefix_override:/usr/lib/python3/dist-packages/colcon_core/task/python/colcon_distutils_commands:/home/robosync/Robot/camera_ws/install/nv21_converter_pkg/lib/python3.10/site-packages:${PYTHONPATH} /usr/bin/python3 -W ignore:setup.py install is deprecated -W ignore:easy_install command is deprecated setup.py egg_info --egg-base ../../build/nv21_converter_pkg build --build-base /home/robosync/Robot/camera_ws/build/nv21_converter_pkg/build install --record /home/robosync/Robot/camera_ws/build/nv21_converter_pkg/install.log --single-version-externally-managed install_data
[11.334s] DEBUG:colcon.colcon_core.event_handler.log_command:Invoked command in '/home/robosync/Robot/camera_ws/src/nv21_converter_pkg' returned '0': PYTHONPATH=/home/robosync/Robot/camera_ws/build/nv21_converter_pkg/prefix_override:/usr/lib/python3/dist-packages/colcon_core/task/python/colcon_distutils_commands:/home/robosync/Robot/camera_ws/install/nv21_converter_pkg/lib/python3.10/site-packages:${PYTHONPATH} /usr/bin/python3 -W ignore:setup.py install is deprecated -W ignore:easy_install command is deprecated setup.py egg_info --egg-base ../../build/nv21_converter_pkg build --build-base /home/robosync/Robot/camera_ws/build/nv21_converter_pkg/build install --record /home/robosync/Robot/camera_ws/build/nv21_converter_pkg/install.log --single-version-externally-managed install_data
[11.361s] Level 1:colcon.colcon_core.environment:checking '/home/robosync/Robot/camera_ws/install/nv21_converter_pkg' for CMake module files
[11.364s] Level 1:colcon.colcon_core.environment:checking '/home/robosync/Robot/camera_ws/install/nv21_converter_pkg' for CMake config files
[11.368s] Level 1:colcon.colcon_core.environment:checking '/home/robosync/Robot/camera_ws/install/nv21_converter_pkg/lib'
[11.369s] Level 1:colcon.colcon_core.environment:checking '/home/robosync/Robot/camera_ws/install/nv21_converter_pkg/bin'
[11.369s] Level 1:colcon.colcon_core.environment:checking '/home/robosync/Robot/camera_ws/install/nv21_converter_pkg/lib/pkgconfig/nv21_converter_pkg.pc'
[11.371s] Level 1:colcon.colcon_core.environment:checking '/home/robosync/Robot/camera_ws/install/nv21_converter_pkg/lib/python3.10/site-packages'
[11.371s] Level 1:colcon.colcon_core.shell:create_environment_hook('nv21_converter_pkg', 'pythonpath')
[11.372s] INFO:colcon.colcon_core.shell:Creating environment hook '/home/robosync/Robot/camera_ws/install/nv21_converter_pkg/share/nv21_converter_pkg/hook/pythonpath.ps1'
[11.375s] INFO:colcon.colcon_core.shell:Creating environment descriptor '/home/robosync/Robot/camera_ws/install/nv21_converter_pkg/share/nv21_converter_pkg/hook/pythonpath.dsv'
[11.377s] INFO:colcon.colcon_core.shell:Creating environment hook '/home/robosync/Robot/camera_ws/install/nv21_converter_pkg/share/nv21_converter_pkg/hook/pythonpath.sh'
[11.380s] Level 1:colcon.colcon_core.environment:checking '/home/robosync/Robot/camera_ws/install/nv21_converter_pkg/bin'
[11.380s] Level 1:colcon.colcon_core.environment:create_environment_scripts_only(nv21_converter_pkg)
[11.382s] INFO:colcon.colcon_core.shell:Creating package script '/home/robosync/Robot/camera_ws/install/nv21_converter_pkg/share/nv21_converter_pkg/package.ps1'
[11.387s] INFO:colcon.colcon_core.shell:Creating package descriptor '/home/robosync/Robot/camera_ws/install/nv21_converter_pkg/share/nv21_converter_pkg/package.dsv'
[11.391s] INFO:colcon.colcon_core.shell:Creating package script '/home/robosync/Robot/camera_ws/install/nv21_converter_pkg/share/nv21_converter_pkg/package.sh'
[11.396s] INFO:colcon.colcon_core.shell:Creating package script '/home/robosync/Robot/camera_ws/install/nv21_converter_pkg/share/nv21_converter_pkg/package.bash'
[11.402s] INFO:colcon.colcon_core.shell:Creating package script '/home/robosync/Robot/camera_ws/install/nv21_converter_pkg/share/nv21_converter_pkg/package.zsh'
[11.407s] Level 1:colcon.colcon_core.environment:create_file_with_runtime_dependencies(/home/robosync/Robot/camera_ws/install/nv21_converter_pkg/share/colcon-core/packages/nv21_converter_pkg)
[21.713s] DEBUG:colcon.colcon_core.event_handler.log_command:Invoked command in '/home/robosync/Robot/camera_ws/build/libcamera' returned '0': /home/robosync/.local/bin/meson setup --libdir=lib --prefix=/home/robosync/Robot/camera_ws/install/libcamera --buildtype=release /home/robosync/Robot/camera_ws/build/libcamera /home/robosync/Robot/camera_ws/src/libcamera
[21.715s] DEBUG:colcon.colcon_core.event_handler.log_command:Invoking command in '/home/robosync/Robot/camera_ws/build/libcamera': /home/robosync/.local/bin/meson compile
[985.423s] DEBUG:colcon.colcon_core.event_handler.log_command:Invoked command in '/home/robosync/Robot/camera_ws/build/libcamera' returned '0': /home/robosync/.local/bin/meson compile
[985.426s] DEBUG:colcon.colcon_core.event_handler.log_command:Invoking command in '/home/robosync/Robot/camera_ws/build/libcamera': /home/robosync/.local/bin/meson install
[987.978s] Level 1:colcon.colcon_core.environment:create_environment_scripts_only(libcamera)
[987.979s] Level 1:colcon.colcon_core.environment:checking '/home/robosync/Robot/camera_ws/install/libcamera' for CMake module files
[987.980s] DEBUG:colcon.colcon_core.event_handler.log_command:Invoked command in '/home/robosync/Robot/camera_ws/build/libcamera' returned '0': /home/robosync/.local/bin/meson install
[987.982s] Level 1:colcon.colcon_core.environment:checking '/home/robosync/Robot/camera_ws/install/libcamera' for CMake config files
[987.989s] Level 1:colcon.colcon_core.environment:checking '/home/robosync/Robot/camera_ws/install/libcamera/lib'
[987.990s] Level 1:colcon.colcon_core.shell:create_environment_hook('libcamera', 'ld_library_path_lib')
[987.992s] INFO:colcon.colcon_core.shell:Creating environment hook '/home/robosync/Robot/camera_ws/install/libcamera/share/libcamera/hook/ld_library_path_lib.ps1'
[987.994s] INFO:colcon.colcon_core.shell:Creating environment descriptor '/home/robosync/Robot/camera_ws/install/libcamera/share/libcamera/hook/ld_library_path_lib.dsv'
[987.996s] INFO:colcon.colcon_core.shell:Creating environment hook '/home/robosync/Robot/camera_ws/install/libcamera/share/libcamera/hook/ld_library_path_lib.sh'
[987.997s] Level 1:colcon.colcon_core.environment:checking '/home/robosync/Robot/camera_ws/install/libcamera/libexec'
[987.998s] Level 1:colcon.colcon_core.environment:checking '/home/robosync/Robot/camera_ws/install/libcamera/bin'
[987.998s] Level 1:colcon.colcon_core.shell:create_environment_hook('libcamera', 'path')
[988.000s] INFO:colcon.colcon_core.shell:Creating environment hook '/home/robosync/Robot/camera_ws/install/libcamera/share/libcamera/hook/path.ps1'
[988.002s] INFO:colcon.colcon_core.shell:Creating environment descriptor '/home/robosync/Robot/camera_ws/install/libcamera/share/libcamera/hook/path.dsv'
[988.003s] INFO:colcon.colcon_core.shell:Creating environment hook '/home/robosync/Robot/camera_ws/install/libcamera/share/libcamera/hook/path.sh'
[988.005s] Level 1:colcon.colcon_core.environment:checking '/home/robosync/Robot/camera_ws/install/libcamera/lib/pkgconfig/libcamera.pc'
[988.005s] Level 1:colcon.colcon_core.shell:create_environment_hook('libcamera', 'pkg_config')
[988.006s] INFO:colcon.colcon_core.shell:Creating environment hook '/home/robosync/Robot/camera_ws/install/libcamera/share/libcamera/hook/pkg_config.ps1'
[988.008s] INFO:colcon.colcon_core.shell:Creating environment descriptor '/home/robosync/Robot/camera_ws/install/libcamera/share/libcamera/hook/pkg_config.dsv'
[988.010s] INFO:colcon.colcon_core.shell:Creating environment hook '/home/robosync/Robot/camera_ws/install/libcamera/share/libcamera/hook/pkg_config.sh'
[988.014s] Level 1:colcon.colcon_core.environment:checking '/home/robosync/Robot/camera_ws/install/libcamera/lib/python3.10/site-packages'
[988.015s] Level 1:colcon.colcon_core.environment:checking '/home/robosync/Robot/camera_ws/install/libcamera/bin'
[988.016s] Level 1:colcon.colcon_core.shell:create_environment_hook('libcamera', 'pythonscriptspath')
[988.018s] INFO:colcon.colcon_core.shell:Creating environment hook '/home/robosync/Robot/camera_ws/install/libcamera/share/libcamera/hook/pythonscriptspath.ps1'
[988.021s] INFO:colcon.colcon_core.shell:Creating environment descriptor '/home/robosync/Robot/camera_ws/install/libcamera/share/libcamera/hook/pythonscriptspath.dsv'
[988.024s] INFO:colcon.colcon_core.shell:Creating environment hook '/home/robosync/Robot/camera_ws/install/libcamera/share/libcamera/hook/pythonscriptspath.sh'
[988.029s] INFO:colcon.colcon_core.shell:Creating package script '/home/robosync/Robot/camera_ws/install/libcamera/share/libcamera/package.ps1'
[988.033s] INFO:colcon.colcon_core.shell:Creating package descriptor '/home/robosync/Robot/camera_ws/install/libcamera/share/libcamera/package.dsv'
[988.036s] INFO:colcon.colcon_core.shell:Creating package script '/home/robosync/Robot/camera_ws/install/libcamera/share/libcamera/package.sh'
[988.039s] INFO:colcon.colcon_core.shell:Creating package script '/home/robosync/Robot/camera_ws/install/libcamera/share/libcamera/package.bash'
[988.041s] INFO:colcon.colcon_core.shell:Creating package script '/home/robosync/Robot/camera_ws/install/libcamera/share/libcamera/package.zsh'
[988.044s] Level 1:colcon.colcon_core.environment:create_file_with_runtime_dependencies(/home/robosync/Robot/camera_ws/install/libcamera/share/colcon-core/packages/libcamera)
[988.046s] INFO:colcon.colcon_ros.task.ament_cmake.build:Building ROS package in '/home/robosync/Robot/camera_ws/src/camera_ros' with build type 'ament_cmake'
[988.047s] INFO:colcon.colcon_cmake.task.cmake.build:Building CMake package in '/home/robosync/Robot/camera_ws/src/camera_ros'
[988.048s] INFO:colcon.colcon_core.shell:Skip shell extension 'powershell' for command environment: Not usable outside of PowerShell
[988.049s] DEBUG:colcon.colcon_core.shell:Skip shell extension 'dsv' for command environment
[988.099s] DEBUG:colcon.colcon_core.event_handler.log_command:Invoking command in '/home/robosync/Robot/camera_ws/build/camera_ros': CMAKE_PREFIX_PATH=/home/robosync/Robot/camera_ws/install/nv21_converter_pkg:/opt/ros/humble LD_LIBRARY_PATH=/home/robosync/Robot/camera_ws/install/libcamera/lib:${LD_LIBRARY_PATH} PATH=/home/robosync/Robot/camera_ws/install/libcamera/bin:${PATH} PKG_CONFIG_PATH=/home/robosync/Robot/camera_ws/install/libcamera/lib/pkgconfig /usr/bin/cmake /home/robosync/Robot/camera_ws/src/camera_ros -DCMAKE_INSTALL_PREFIX=/home/robosync/Robot/camera_ws/install/camera_ros
[996.598s] DEBUG:colcon.colcon_core.event_handler.log_command:Invoked command in '/home/robosync/Robot/camera_ws/build/camera_ros' returned '0': CMAKE_PREFIX_PATH=/home/robosync/Robot/camera_ws/install/nv21_converter_pkg:/opt/ros/humble LD_LIBRARY_PATH=/home/robosync/Robot/camera_ws/install/libcamera/lib:${LD_LIBRARY_PATH} PATH=/home/robosync/Robot/camera_ws/install/libcamera/bin:${PATH} PKG_CONFIG_PATH=/home/robosync/Robot/camera_ws/install/libcamera/lib/pkgconfig /usr/bin/cmake /home/robosync/Robot/camera_ws/src/camera_ros -DCMAKE_INSTALL_PREFIX=/home/robosync/Robot/camera_ws/install/camera_ros
[996.599s] DEBUG:colcon.colcon_core.event_handler.log_command:Invoking command in '/home/robosync/Robot/camera_ws/build/camera_ros': CMAKE_PREFIX_PATH=/home/robosync/Robot/camera_ws/install/nv21_converter_pkg:/opt/ros/humble LD_LIBRARY_PATH=/home/robosync/Robot/camera_ws/install/libcamera/lib:${LD_LIBRARY_PATH} PATH=/home/robosync/Robot/camera_ws/install/libcamera/bin:${PATH} PKG_CONFIG_PATH=/home/robosync/Robot/camera_ws/install/libcamera/lib/pkgconfig /usr/bin/cmake --build /home/robosync/Robot/camera_ws/build/camera_ros -- -j4 -l4
[1119.694s] DEBUG:colcon.colcon_core.event_handler.log_command:Invoked command in '/home/robosync/Robot/camera_ws/build/camera_ros' returned '0': CMAKE_PREFIX_PATH=/home/robosync/Robot/camera_ws/install/nv21_converter_pkg:/opt/ros/humble LD_LIBRARY_PATH=/home/robosync/Robot/camera_ws/install/libcamera/lib:${LD_LIBRARY_PATH} PATH=/home/robosync/Robot/camera_ws/install/libcamera/bin:${PATH} PKG_CONFIG_PATH=/home/robosync/Robot/camera_ws/install/libcamera/lib/pkgconfig /usr/bin/cmake --build /home/robosync/Robot/camera_ws/build/camera_ros -- -j4 -l4
[1119.729s] DEBUG:colcon.colcon_core.event_handler.log_command:Invoking command in '/home/robosync/Robot/camera_ws/build/camera_ros': CMAKE_PREFIX_PATH=/home/robosync/Robot/camera_ws/install/nv21_converter_pkg:/opt/ros/humble LD_LIBRARY_PATH=/home/robosync/Robot/camera_ws/install/libcamera/lib:${LD_LIBRARY_PATH} PATH=/home/robosync/Robot/camera_ws/install/libcamera/bin:${PATH} PKG_CONFIG_PATH=/home/robosync/Robot/camera_ws/install/libcamera/lib/pkgconfig /usr/bin/cmake --install /home/robosync/Robot/camera_ws/build/camera_ros
[1119.861s] Level 1:colcon.colcon_core.environment:create_environment_scripts_only(camera_ros)
[1119.862s] Level 1:colcon.colcon_core.environment:checking '/home/robosync/Robot/camera_ws/install/camera_ros' for CMake module files
[1119.865s] Level 1:colcon.colcon_core.environment:checking '/home/robosync/Robot/camera_ws/install/camera_ros' for CMake config files
[1119.867s] Level 1:colcon.colcon_core.shell:create_environment_hook('camera_ros', 'cmake_prefix_path')
[1119.868s] INFO:colcon.colcon_core.shell:Creating environment hook '/home/robosync/Robot/camera_ws/install/camera_ros/share/camera_ros/hook/cmake_prefix_path.ps1'
[1119.869s] DEBUG:colcon.colcon_core.event_handler.log_command:Invoked command in '/home/robosync/Robot/camera_ws/build/camera_ros' returned '0': CMAKE_PREFIX_PATH=/home/robosync/Robot/camera_ws/install/nv21_converter_pkg:/opt/ros/humble LD_LIBRARY_PATH=/home/robosync/Robot/camera_ws/install/libcamera/lib:${LD_LIBRARY_PATH} PATH=/home/robosync/Robot/camera_ws/install/libcamera/bin:${PATH} PKG_CONFIG_PATH=/home/robosync/Robot/camera_ws/install/libcamera/lib/pkgconfig /usr/bin/cmake --install /home/robosync/Robot/camera_ws/build/camera_ros
[1119.872s] INFO:colcon.colcon_core.shell:Creating environment descriptor '/home/robosync/Robot/camera_ws/install/camera_ros/share/camera_ros/hook/cmake_prefix_path.dsv'
[1119.874s] INFO:colcon.colcon_core.shell:Creating environment hook '/home/robosync/Robot/camera_ws/install/camera_ros/share/camera_ros/hook/cmake_prefix_path.sh'
[1119.877s] Level 1:colcon.colcon_core.environment:checking '/home/robosync/Robot/camera_ws/install/camera_ros/lib'
[1119.877s] Level 1:colcon.colcon_core.shell:create_environment_hook('camera_ros', 'ld_library_path_lib')
[1119.878s] INFO:colcon.colcon_core.shell:Creating environment hook '/home/robosync/Robot/camera_ws/install/camera_ros/share/camera_ros/hook/ld_library_path_lib.ps1'
[1119.880s] INFO:colcon.colcon_core.shell:Creating environment descriptor '/home/robosync/Robot/camera_ws/install/camera_ros/share/camera_ros/hook/ld_library_path_lib.dsv'
[1119.882s] INFO:colcon.colcon_core.shell:Creating environment hook '/home/robosync/Robot/camera_ws/install/camera_ros/share/camera_ros/hook/ld_library_path_lib.sh'
[1119.884s] Level 1:colcon.colcon_core.environment:checking '/home/robosync/Robot/camera_ws/install/camera_ros/bin'
[1119.885s] Level 1:colcon.colcon_core.environment:checking '/home/robosync/Robot/camera_ws/install/camera_ros/lib/pkgconfig/camera_ros.pc'
[1119.886s] Level 1:colcon.colcon_core.environment:checking '/home/robosync/Robot/camera_ws/install/camera_ros/lib/python3.10/site-packages'
[1119.887s] Level 1:colcon.colcon_core.environment:checking '/home/robosync/Robot/camera_ws/install/camera_ros/bin'
[1119.888s] INFO:colcon.colcon_core.shell:Creating package script '/home/robosync/Robot/camera_ws/install/camera_ros/share/camera_ros/package.ps1'
[1119.891s] INFO:colcon.colcon_core.shell:Creating package descriptor '/home/robosync/Robot/camera_ws/install/camera_ros/share/camera_ros/package.dsv'
[1119.894s] INFO:colcon.colcon_core.shell:Creating package script '/home/robosync/Robot/camera_ws/install/camera_ros/share/camera_ros/package.sh'
[1119.897s] INFO:colcon.colcon_core.shell:Creating package script '/home/robosync/Robot/camera_ws/install/camera_ros/share/camera_ros/package.bash'
[1119.899s] INFO:colcon.colcon_core.shell:Creating package script '/home/robosync/Robot/camera_ws/install/camera_ros/share/camera_ros/package.zsh'
[1119.901s] Level 1:colcon.colcon_core.environment:create_file_with_runtime_dependencies(/home/robosync/Robot/camera_ws/install/camera_ros/share/colcon-core/packages/camera_ros)
[1119.905s] Level 1:colcon.colcon_core.environment:create_environment_scripts_only(camera_ros)
[1119.906s] Level 1:colcon.colcon_core.environment:checking '/home/robosync/Robot/camera_ws/install/camera_ros' for CMake module files
[1119.909s] Level 1:colcon.colcon_core.environment:checking '/home/robosync/Robot/camera_ws/install/camera_ros' for CMake config files
[1119.911s] Level 1:colcon.colcon_core.shell:create_environment_hook('camera_ros', 'cmake_prefix_path')
[1119.912s] INFO:colcon.colcon_core.shell:Creating environment hook '/home/robosync/Robot/camera_ws/install/camera_ros/share/camera_ros/hook/cmake_prefix_path.ps1'
[1119.915s] INFO:colcon.colcon_core.shell:Creating environment descriptor '/home/robosync/Robot/camera_ws/install/camera_ros/share/camera_ros/hook/cmake_prefix_path.dsv'
[1119.917s] INFO:colcon.colcon_core.shell:Creating environment hook '/home/robosync/Robot/camera_ws/install/camera_ros/share/camera_ros/hook/cmake_prefix_path.sh'
[1119.921s] Level 1:colcon.colcon_core.environment:checking '/home/robosync/Robot/camera_ws/install/camera_ros/lib'
[1119.922s] Level 1:colcon.colcon_core.shell:create_environment_hook('camera_ros', 'ld_library_path_lib')
[1119.924s] INFO:colcon.colcon_core.shell:Creating environment hook '/home/robosync/Robot/camera_ws/install/camera_ros/share/camera_ros/hook/ld_library_path_lib.ps1'
[1119.926s] INFO:colcon.colcon_core.shell:Creating environment descriptor '/home/robosync/Robot/camera_ws/install/camera_ros/share/camera_ros/hook/ld_library_path_lib.dsv'
[1119.929s] INFO:colcon.colcon_core.shell:Creating environment hook '/home/robosync/Robot/camera_ws/install/camera_ros/share/camera_ros/hook/ld_library_path_lib.sh'
[1119.931s] Level 1:colcon.colcon_core.environment:checking '/home/robosync/Robot/camera_ws/install/camera_ros/bin'
[1119.932s] Level 1:colcon.colcon_core.environment:checking '/home/robosync/Robot/camera_ws/install/camera_ros/lib/pkgconfig/camera_ros.pc'
[1119.933s] Level 1:colcon.colcon_core.environment:checking '/home/robosync/Robot/camera_ws/install/camera_ros/lib/python3.10/site-packages'
[1119.934s] Level 1:colcon.colcon_core.environment:checking '/home/robosync/Robot/camera_ws/install/camera_ros/bin'
[1119.936s] INFO:colcon.colcon_core.shell:Creating package script '/home/robosync/Robot/camera_ws/install/camera_ros/share/camera_ros/package.ps1'
[1119.939s] INFO:colcon.colcon_core.shell:Creating package descriptor '/home/robosync/Robot/camera_ws/install/camera_ros/share/camera_ros/package.dsv'
[1119.941s] INFO:colcon.colcon_core.shell:Creating package script '/home/robosync/Robot/camera_ws/install/camera_ros/share/camera_ros/package.sh'
[1119.944s] INFO:colcon.colcon_core.shell:Creating package script '/home/robosync/Robot/camera_ws/install/camera_ros/share/camera_ros/package.bash'
[1119.946s] INFO:colcon.colcon_core.shell:Creating package script '/home/robosync/Robot/camera_ws/install/camera_ros/share/camera_ros/package.zsh'
[1119.950s] Level 1:colcon.colcon_core.environment:create_file_with_runtime_dependencies(/home/robosync/Robot/camera_ws/install/camera_ros/share/colcon-core/packages/camera_ros)
[1119.952s] DEBUG:colcon.colcon_parallel_executor.executor.parallel:closing loop
[1119.953s] DEBUG:colcon.colcon_parallel_executor.executor.parallel:loop closed
[1119.954s] DEBUG:colcon.colcon_parallel_executor.executor.parallel:run_until_complete finished with '0'
[1119.954s] DEBUG:colcon.colcon_core.event_reactor:joining thread
[1119.990s] INFO:colcon.colcon_core.plugin_system:Skipping extension 'colcon_notification.desktop_notification.notify_send': Could not find 'notify-send'
[1119.990s] INFO:colcon.colcon_core.plugin_system:Skipping extension 'colcon_notification.desktop_notification.terminal_notifier': Not used on non-Darwin systems
[1119.991s] INFO:colcon.colcon_core.plugin_system:Skipping extension 'colcon_notification.desktop_notification.win32': Not used on non-Windows systems
[1119.991s] INFO:colcon.colcon_notification.desktop_notification:Sending desktop notification using 'notify2'
[1119.996s] DEBUG:colcon.colcon_notification.desktop_notification.notify2:Failed to initialize notify2: org.freedesktop.DBus.Error.ServiceUnknown: The name org.freedesktop.Notifications was not provided by any .service files
[1119.997s] DEBUG:colcon.colcon_core.event_reactor:joined thread
[1119.998s] INFO:colcon.colcon_core.shell:Creating prefix script '/home/robosync/Robot/camera_ws/install/local_setup.ps1'
[1120.002s] INFO:colcon.colcon_core.shell:Creating prefix util module '/home/robosync/Robot/camera_ws/install/_local_setup_util_ps1.py'
[1120.010s] INFO:colcon.colcon_core.shell:Creating prefix chain script '/home/robosync/Robot/camera_ws/install/setup.ps1'
[1120.016s] INFO:colcon.colcon_core.shell:Creating prefix script '/home/robosync/Robot/camera_ws/install/local_setup.sh'
[1120.020s] INFO:colcon.colcon_core.shell:Creating prefix util module '/home/robosync/Robot/camera_ws/install/_local_setup_util_sh.py'
[1120.022s] INFO:colcon.colcon_core.shell:Creating prefix chain script '/home/robosync/Robot/camera_ws/install/setup.sh'
[1120.030s] INFO:colcon.colcon_core.shell:Creating prefix script '/home/robosync/Robot/camera_ws/install/local_setup.bash'
[1120.034s] INFO:colcon.colcon_core.shell:Creating prefix chain script '/home/robosync/Robot/camera_ws/install/setup.bash'
[1120.040s] INFO:colcon.colcon_core.shell:Creating prefix script '/home/robosync/Robot/camera_ws/install/local_setup.zsh'
[1120.044s] INFO:colcon.colcon_core.shell:Creating prefix chain script '/home/robosync/Robot/camera_ws/install/setup.zsh'
