[4.188s] Invoking command in '/root/Dojo/build/robot_hardware': PYTHONPATH=/root/Dojo/build/robot_hardware/prefix_override:/usr/lib/python3/dist-packages/colcon_core/task/python/colcon_distutils_commands:/root/Dojo/install/robot_hardware/lib/python3.10/site-packages:${PYTHONPATH} /usr/bin/python3 -W ignore:setup.py install is deprecated -W ignore:easy_install command is deprecated setup.py develop --editable --build-directory /root/Dojo/build/robot_hardware/build --no-deps symlink_data
[4.784s] running develop
[5.196s] running egg_info
[5.218s] writing robot_hardware.egg-info/PKG-INFO
[5.218s] writing dependency_links to robot_hardware.egg-info/dependency_links.txt
[5.219s] writing entry points to robot_hardware.egg-info/entry_points.txt
[5.219s] writing requirements to robot_hardware.egg-info/requires.txt
[5.219s] writing top-level names to robot_hardware.egg-info/top_level.txt
[5.263s] reading manifest file 'robot_hardware.egg-info/SOURCES.txt'
[5.264s] writing manifest file 'robot_hardware.egg-info/SOURCES.txt'
[5.285s] running build_ext
[5.286s] Creating /root/Dojo/install/robot_hardware/lib/python3.10/site-packages/robot-hardware.egg-link (link to .)
[5.287s] Installing arduino_driver script to /root/Dojo/install/robot_hardware/lib/robot_hardware
[5.287s] Installing camera_driver script to /root/Dojo/install/robot_hardware/lib/robot_hardware
[5.287s] Installing hardware_manager script to /root/Dojo/install/robot_hardware/lib/robot_hardware
[5.288s] Installing lidar_driver script to /root/Dojo/install/robot_hardware/lib/robot_hardware
[5.288s] 
[5.288s] Installed /root/Dojo/build/robot_hardware
[5.288s] running symlink_data
[5.396s] Invoked command in '/root/Dojo/build/robot_hardware' returned '0': PYTHONPATH=/root/Dojo/build/robot_hardware/prefix_override:/usr/lib/python3/dist-packages/colcon_core/task/python/colcon_distutils_commands:/root/Dojo/install/robot_hardware/lib/python3.10/site-packages:${PYTHONPATH} /usr/bin/python3 -W ignore:setup.py install is deprecated -W ignore:easy_install command is deprecated setup.py develop --editable --build-directory /root/Dojo/build/robot_hardware/build --no-deps symlink_data
