[0.000000] (-) TimerEvent: {}
[0.000421] (-) JobUnselected: {'identifier': 'arduino_bridge'}
[0.000466] (-) JobUnselected: {'identifier': 'camera_ros'}
[0.000494] (-) JobUnselected: {'identifier': 'nv21_converter_pkg'}
[0.000521] (-) JobUnselected: {'identifier': 'robot_bringup'}
[0.000671] (-) JobUnselected: {'identifier': 'robot_control'}
[0.000702] (-) JobUnselected: {'identifier': 'robot_description'}
[0.000726] (-) JobUnselected: {'identifier': 'robot_hardware'}
[0.000750] (-) JobUnselected: {'identifier': 'robot_interfaces'}
[0.000955] (-) JobUnselected: {'identifier': 'robot_launch'}
[0.001013] (-) JobUnselected: {'identifier': 'robot_navigation'}
[0.001062] (-) JobUnselected: {'identifier': 'robot_perception'}
[0.001108] (-) JobUnselected: {'identifier': 'robot_sensors'}
[0.001151] (-) JobUnselected: {'identifier': 'ros2arduino_bridge'}
[0.001192] (-) JobUnselected: {'identifier': 'vision_system'}
[0.001243] (robot_gazebo) JobQueued: {'identifier': 'robot_gazebo', 'dependencies': OrderedDict([('robot_control', '/root/Dojo/install/robot_control'), ('robot_description', '/root/Dojo/install/robot_description')])}
[0.001295] (robot_gazebo) JobStarted: {'identifier': 'robot_gazebo'}
[0.014993] (robot_gazebo) JobProgress: {'identifier': 'robot_gazebo', 'progress': 'cmake'}
[0.016205] (robot_gazebo) Command: {'cmd': ['/usr/bin/cmake', '/root/Dojo/src/robot_gazebo', '-DCMAKE_INSTALL_PREFIX=/root/Dojo/install/robot_gazebo'], 'cwd': '/root/Dojo/build/robot_gazebo', 'env': OrderedDict([('HOSTNAME', 'gareth-joel-HP-Pavilion-Gaming-Laptop-15-ec2xxx'), ('SHLVL', '0'), ('LD_LIBRARY_PATH', '/usr/lib/x86_64-linux-gnu/gazebo-11/plugins:/opt/ros/humble/opt/rviz_ogre_vendor/lib:/opt/ros/humble/lib/x86_64-linux-gnu:/opt/ros/humble/lib'), ('HOME', '/root'), ('OLDPWD', '/'), ('ROS_PYTHON_VERSION', '3'), ('ROS_DISTRO', 'humble'), ('_', '/usr/bin/colcon'), ('ROS_VERSION', '2'), ('TERM', 'xterm'), ('ROS_LOCALHOST_ONLY', '0'), ('QT_X11_NO_MITSHM', '1'), ('PATH', '/opt/ros/humble/bin:/usr/local/sbin:/usr/local/bin:/usr/sbin:/usr/bin:/sbin:/bin'), ('DISPLAY', ':0'), ('LANG', 'C.UTF-8'), ('AMENT_PREFIX_PATH', '/root/Dojo/install/robot_description:/root/Dojo/install/robot_control:/opt/ros/humble'), ('PWD', '/root/Dojo/build/robot_gazebo'), ('LC_ALL', 'C.UTF-8'), ('PYTHONPATH', '/root/Dojo/install/robot_description/local/lib/python3.10/dist-packages:/root/Dojo/build/robot_control:/root/Dojo/install/robot_control/lib/python3.10/site-packages:/opt/ros/humble/lib/python3.10/site-packages:/opt/ros/humble/local/lib/python3.10/dist-packages'), ('COLCON', '1'), ('CMAKE_PREFIX_PATH', '/root/Dojo/install/robot_description:/opt/ros/humble')]), 'shell': False}
[0.037374] (robot_gazebo) StdoutLine: {'line': b'-- Found ament_cmake: 1.3.12 (/opt/ros/humble/share/ament_cmake/cmake)\n'}
[0.099802] (-) TimerEvent: {}
[0.164881] (robot_gazebo) StdoutLine: {'line': b'-- Override CMake install command with custom implementation using symlinks instead of copying resources\n'}
[0.172200] (robot_gazebo) StdoutLine: {'line': b'-- Found rclcpp: 16.0.14 (/opt/ros/humble/share/rclcpp/cmake)\n'}
[0.199939] (-) TimerEvent: {}
[0.205372] (robot_gazebo) StdoutLine: {'line': b'-- Found rosidl_generator_c: 3.1.7 (/opt/ros/humble/share/rosidl_generator_c/cmake)\n'}
[0.208184] (robot_gazebo) StdoutLine: {'line': b'-- Found rosidl_adapter: 3.1.7 (/opt/ros/humble/share/rosidl_adapter/cmake)\n'}
[0.214561] (robot_gazebo) StdoutLine: {'line': b'-- Found rosidl_generator_cpp: 3.1.7 (/opt/ros/humble/share/rosidl_generator_cpp/cmake)\n'}
[0.225181] (robot_gazebo) StdoutLine: {'line': b'-- Using all available rosidl_typesupport_c: rosidl_typesupport_fastrtps_c;rosidl_typesupport_introspection_c\n'}
[0.237875] (robot_gazebo) StdoutLine: {'line': b'-- Using all available rosidl_typesupport_cpp: rosidl_typesupport_fastrtps_cpp;rosidl_typesupport_introspection_cpp\n'}
[0.275589] (robot_gazebo) StdoutLine: {'line': b'-- Found rmw_implementation_cmake: 6.1.2 (/opt/ros/humble/share/rmw_implementation_cmake/cmake)\n'}
[0.277474] (robot_gazebo) StdoutLine: {'line': b'-- Found rmw_fastrtps_cpp: 6.2.8 (/opt/ros/humble/share/rmw_fastrtps_cpp/cmake)\n'}
[0.300029] (-) TimerEvent: {}
[0.400321] (-) TimerEvent: {}
[0.412974] (robot_gazebo) StdoutLine: {'line': b"-- Using RMW implementation 'rmw_fastrtps_cpp' as default\n"}
[0.465026] (robot_gazebo) StdoutLine: {'line': b'-- Found gazebo_ros: 3.9.0 (/opt/ros/humble/share/gazebo_ros/cmake)\n'}
[0.500423] (-) TimerEvent: {}
[0.502262] (robot_gazebo) StdoutLine: {'line': b'-- Found DART: /usr/include (Required is at least version "6.6") found components: dart \n'}
[0.532396] (robot_gazebo) StdoutLine: {'line': b'-- Found Protobuf: /usr/lib/x86_64-linux-gnu/libprotobuf.so (found version "3.12.4") \n'}
[0.535063] (robot_gazebo) StdoutLine: {'line': b'-- Looking for ignition-math6 -- found version 6.15.1\n'}
[0.540903] (robot_gazebo) StdoutLine: {'line': b'-- Searching for dependencies of ignition-math6\n'}
[0.542746] (robot_gazebo) StdoutLine: {'line': b'-- Looking for OGRE...\n'}
[0.550725] (robot_gazebo) StdoutLine: {'line': b'-- Found Ogre Ghadamon (1.9.0)\n'}
[0.550972] (robot_gazebo) StdoutLine: {'line': b'-- Found OGRE: optimized;/usr/lib/x86_64-linux-gnu/libOgreMain.so;debug;/usr/lib/x86_64-linux-gnu/libOgreMain.so\n'}
[0.559599] (robot_gazebo) StdoutLine: {'line': b'-- Looking for OGRE_Paging...\n'}
[0.559823] (robot_gazebo) StdoutLine: {'line': b'-- Found OGRE_Paging: optimized;/usr/lib/x86_64-linux-gnu/libOgrePaging.so;debug;/usr/lib/x86_64-linux-gnu/libOgrePaging.so\n'}
[0.559955] (robot_gazebo) StdoutLine: {'line': b'-- Looking for OGRE_Terrain...\n'}
[0.560041] (robot_gazebo) StdoutLine: {'line': b'-- Found OGRE_Terrain: optimized;/usr/lib/x86_64-linux-gnu/libOgreTerrain.so;debug;/usr/lib/x86_64-linux-gnu/libOgreTerrain.so\n'}
[0.560115] (robot_gazebo) StdoutLine: {'line': b'-- Looking for OGRE_Property...\n'}
[0.560184] (robot_gazebo) StdoutLine: {'line': b'-- Found OGRE_Property: optimized;/usr/lib/x86_64-linux-gnu/libOgreProperty.so;debug;/usr/lib/x86_64-linux-gnu/libOgreProperty.so\n'}
[0.560249] (robot_gazebo) StdoutLine: {'line': b'-- Looking for OGRE_RTShaderSystem...\n'}
[0.560304] (robot_gazebo) StdoutLine: {'line': b'-- Found OGRE_RTShaderSystem: optimized;/usr/lib/x86_64-linux-gnu/libOgreRTShaderSystem.so;debug;/usr/lib/x86_64-linux-gnu/libOgreRTShaderSystem.so\n'}
[0.560404] (robot_gazebo) StdoutLine: {'line': b'-- Looking for OGRE_Volume...\n'}
[0.560462] (robot_gazebo) StdoutLine: {'line': b'-- Found OGRE_Volume: optimized;/usr/lib/x86_64-linux-gnu/libOgreVolume.so;debug;/usr/lib/x86_64-linux-gnu/libOgreVolume.so\n'}
[0.560510] (robot_gazebo) StdoutLine: {'line': b'-- Looking for OGRE_Overlay...\n'}
[0.560568] (robot_gazebo) StdoutLine: {'line': b'-- Found OGRE_Overlay: optimized;/usr/lib/x86_64-linux-gnu/libOgreOverlay.so;debug;/usr/lib/x86_64-linux-gnu/libOgreOverlay.so\n'}
[0.600516] (-) TimerEvent: {}
[0.646196] (robot_gazebo) StdoutLine: {'line': b'-- Looking for ignition-math6 -- found version 6.15.1\n'}
[0.646828] (robot_gazebo) StdoutLine: {'line': b'-- Looking for ignition-transport8 -- found version 8.2.1\n'}
[0.647322] (robot_gazebo) StdoutLine: {'line': b'-- Searching for dependencies of ignition-transport8\n'}
[0.673401] (robot_gazebo) StdoutLine: {'line': b'-- Found Protobuf: /usr/lib/x86_64-linux-gnu/libprotobuf.so (found suitable version "3.12.4", minimum required is "3") \n'}
[0.691134] (robot_gazebo) StdoutLine: {'line': b'-- Config-file not installed for ZeroMQ -- checking for pkg-config\n'}
[0.696206] (robot_gazebo) StdoutLine: {'line': b"-- Checking for module 'libzmq >= 4'\n"}
[0.700578] (-) TimerEvent: {}
[0.712072] (robot_gazebo) StdoutLine: {'line': b'--   Found libzmq , version 4.3.4\n'}
[0.763159] (robot_gazebo) StdoutLine: {'line': b"-- Checking for module 'uuid'\n"}
[0.778094] (robot_gazebo) StdoutLine: {'line': b'--   Found uuid, version 2.37.2\n'}
[0.800677] (-) TimerEvent: {}
[0.819548] (robot_gazebo) StdoutLine: {'line': b'-- Looking for ignition-msgs5 -- found version 5.8.1\n'}
[0.819920] (robot_gazebo) StdoutLine: {'line': b'-- Searching for dependencies of ignition-msgs5\n'}
[0.847163] (robot_gazebo) StdoutLine: {'line': b'-- Looking for ignition-math6 -- found version 6.15.1\n'}
[0.854410] (robot_gazebo) StdoutLine: {'line': b"-- Checking for module 'tinyxml2'\n"}
[0.870059] (robot_gazebo) StdoutLine: {'line': b'--   Found tinyxml2, version 9.0.0\n'}
[0.900776] (-) TimerEvent: {}
[0.910366] (robot_gazebo) StdoutLine: {'line': b'-- Looking for ignition-msgs5 -- found version 5.8.1\n'}
[0.910897] (robot_gazebo) StdoutLine: {'line': b'-- Looking for ignition-common3 -- found version 3.14.0\n'}
[0.911302] (robot_gazebo) StdoutLine: {'line': b'-- Searching for dependencies of ignition-common3\n'}
[0.911584] (robot_gazebo) StdoutLine: {'line': b'-- Looking for dlfcn.h - found\n'}
[0.911682] (robot_gazebo) StdoutLine: {'line': b'-- Looking for libdl - found\n'}
[0.924080] (robot_gazebo) StdoutLine: {'line': b'-- Searching for <ignition-common3> component [graphics]\n'}
[0.924636] (robot_gazebo) StdoutLine: {'line': b'-- Looking for ignition-common3-graphics -- found version 3.14.0\n'}
[0.925046] (robot_gazebo) StdoutLine: {'line': b'-- Searching for dependencies of ignition-common3-graphics\n'}
[0.925341] (robot_gazebo) StdoutLine: {'line': b'-- Looking for ignition-math6 -- found version 6.15.1\n'}
[0.926623] (robot_gazebo) StdoutLine: {'line': b'-- Looking for ignition-fuel_tools4 -- found version 4.4.0\n'}
[0.926995] (robot_gazebo) StdoutLine: {'line': b'-- Searching for dependencies of ignition-fuel_tools4\n'}
[0.976915] (robot_gazebo) StdoutLine: {'line': b"-- Checking for module 'jsoncpp'\n"}
[0.992850] (robot_gazebo) StdoutLine: {'line': b'--   Found jsoncpp, version 1.9.5\n'}
[1.000874] (-) TimerEvent: {}
[1.039208] (robot_gazebo) StdoutLine: {'line': b"-- Checking for module 'libzip'\n"}
[1.055743] (robot_gazebo) StdoutLine: {'line': b'--   Found libzip, version 1.7.3\n'}
[1.097130] (robot_gazebo) StdoutLine: {'line': b'-- Looking for ignition-common3 -- found version 3.14.0\n'}
[1.097429] (robot_gazebo) StdoutLine: {'line': b'-- Looking for ignition-math6 -- found version 6.15.1\n'}
[1.097808] (robot_gazebo) StdoutLine: {'line': b'-- Looking for ignition-msgs5 -- found version 5.8.1\n'}
[1.100199] (robot_gazebo) StdoutLine: {'line': b'-- Gazebo version: 11.10\n'}
[1.100928] (-) TimerEvent: {}
[1.101355] (robot_gazebo) StdoutLine: {'line': b'-- Found ros2_control: 2.51.0 (/opt/ros/humble/share/ros2_control/cmake)\n'}
[1.101732] (robot_gazebo) StdoutLine: {'line': b'-- Found controller_manager: 2.51.0 (/opt/ros/humble/share/controller_manager/cmake)\n'}
[1.201043] (-) TimerEvent: {}
[1.290313] (robot_gazebo) StdoutLine: {'line': b'-- Found robot_state_publisher: 3.0.3 (/opt/ros/humble/share/robot_state_publisher/cmake)\n'}
[1.295012] (robot_gazebo) StdoutLine: {'line': b'-- Found eigen3_cmake_module: 0.1.1 (/opt/ros/humble/share/eigen3_cmake_module/cmake)\n'}
[1.297164] (robot_gazebo) StdoutLine: {'line': b'-- Ensuring Eigen3 include directory is part of orocos-kdl CMake target\n'}
[1.301117] (-) TimerEvent: {}
[1.401347] (-) TimerEvent: {}
[1.428061] (robot_gazebo) StdoutLine: {'line': b'-- Configuring done\n'}
[1.437658] (robot_gazebo) StdoutLine: {'line': b'-- Generating done\n'}
[1.441106] (robot_gazebo) StdoutLine: {'line': b'-- Build files have been written to: /root/Dojo/build/robot_gazebo\n'}
[1.454219] (robot_gazebo) CommandEnded: {'returncode': 0}
[1.454845] (robot_gazebo) JobProgress: {'identifier': 'robot_gazebo', 'progress': 'build'}
[1.456038] (robot_gazebo) Command: {'cmd': ['/usr/bin/cmake', '--build', '/root/Dojo/build/robot_gazebo', '--', '-j16', '-l16'], 'cwd': '/root/Dojo/build/robot_gazebo', 'env': OrderedDict([('HOSTNAME', 'gareth-joel-HP-Pavilion-Gaming-Laptop-15-ec2xxx'), ('SHLVL', '0'), ('LD_LIBRARY_PATH', '/usr/lib/x86_64-linux-gnu/gazebo-11/plugins:/opt/ros/humble/opt/rviz_ogre_vendor/lib:/opt/ros/humble/lib/x86_64-linux-gnu:/opt/ros/humble/lib'), ('HOME', '/root'), ('OLDPWD', '/'), ('ROS_PYTHON_VERSION', '3'), ('ROS_DISTRO', 'humble'), ('_', '/usr/bin/colcon'), ('ROS_VERSION', '2'), ('TERM', 'xterm'), ('ROS_LOCALHOST_ONLY', '0'), ('QT_X11_NO_MITSHM', '1'), ('PATH', '/opt/ros/humble/bin:/usr/local/sbin:/usr/local/bin:/usr/sbin:/usr/bin:/sbin:/bin'), ('DISPLAY', ':0'), ('LANG', 'C.UTF-8'), ('AMENT_PREFIX_PATH', '/root/Dojo/install/robot_description:/root/Dojo/install/robot_control:/opt/ros/humble'), ('PWD', '/root/Dojo/build/robot_gazebo'), ('LC_ALL', 'C.UTF-8'), ('PYTHONPATH', '/root/Dojo/install/robot_description/local/lib/python3.10/dist-packages:/root/Dojo/build/robot_control:/root/Dojo/install/robot_control/lib/python3.10/site-packages:/opt/ros/humble/lib/python3.10/site-packages:/opt/ros/humble/local/lib/python3.10/dist-packages'), ('COLCON', '1'), ('CMAKE_PREFIX_PATH', '/root/Dojo/install/robot_description:/opt/ros/humble')]), 'shell': False}
[1.501442] (-) TimerEvent: {}
[1.507537] (robot_gazebo) CommandEnded: {'returncode': 0}
[1.508242] (robot_gazebo) JobProgress: {'identifier': 'robot_gazebo', 'progress': 'install'}
[1.518752] (robot_gazebo) Command: {'cmd': ['/usr/bin/cmake', '--install', '/root/Dojo/build/robot_gazebo'], 'cwd': '/root/Dojo/build/robot_gazebo', 'env': OrderedDict([('HOSTNAME', 'gareth-joel-HP-Pavilion-Gaming-Laptop-15-ec2xxx'), ('SHLVL', '0'), ('LD_LIBRARY_PATH', '/usr/lib/x86_64-linux-gnu/gazebo-11/plugins:/opt/ros/humble/opt/rviz_ogre_vendor/lib:/opt/ros/humble/lib/x86_64-linux-gnu:/opt/ros/humble/lib'), ('HOME', '/root'), ('OLDPWD', '/'), ('ROS_PYTHON_VERSION', '3'), ('ROS_DISTRO', 'humble'), ('_', '/usr/bin/colcon'), ('ROS_VERSION', '2'), ('TERM', 'xterm'), ('ROS_LOCALHOST_ONLY', '0'), ('QT_X11_NO_MITSHM', '1'), ('PATH', '/opt/ros/humble/bin:/usr/local/sbin:/usr/local/bin:/usr/sbin:/usr/bin:/sbin:/bin'), ('DISPLAY', ':0'), ('LANG', 'C.UTF-8'), ('AMENT_PREFIX_PATH', '/root/Dojo/install/robot_description:/root/Dojo/install/robot_control:/opt/ros/humble'), ('PWD', '/root/Dojo/build/robot_gazebo'), ('LC_ALL', 'C.UTF-8'), ('PYTHONPATH', '/root/Dojo/install/robot_description/local/lib/python3.10/dist-packages:/root/Dojo/build/robot_control:/root/Dojo/install/robot_control/lib/python3.10/site-packages:/opt/ros/humble/lib/python3.10/site-packages:/opt/ros/humble/local/lib/python3.10/dist-packages'), ('COLCON', '1'), ('CMAKE_PREFIX_PATH', '/root/Dojo/install/robot_description:/opt/ros/humble')]), 'shell': False}
[1.526617] (robot_gazebo) StdoutLine: {'line': b'-- Install configuration: ""\n'}
[1.527001] (robot_gazebo) StdoutLine: {'line': b'-- Execute custom install script\n'}
[1.527355] (robot_gazebo) StdoutLine: {'line': b'-- Up-to-date symlink: /root/Dojo/install/robot_gazebo/share/robot_gazebo/launch/complete_simulation.launch.py\n'}
[1.527458] (robot_gazebo) StdoutLine: {'line': b'-- Up-to-date symlink: /root/Dojo/install/robot_gazebo/share/robot_gazebo/launch/docker_simulation.launch.py\n'}
[1.527563] (robot_gazebo) StdoutLine: {'line': b'-- Up-to-date symlink: /root/Dojo/install/robot_gazebo/share/robot_gazebo/launch/full_simulation.launch.py\n'}
[1.527655] (robot_gazebo) StdoutLine: {'line': b'-- Up-to-date symlink: /root/Dojo/install/robot_gazebo/share/robot_gazebo/launch/gazebo.launch.py\n'}
[1.527751] (robot_gazebo) StdoutLine: {'line': b'-- Up-to-date symlink: /root/Dojo/install/robot_gazebo/share/robot_gazebo/launch/perception_wrapper.launch.py\n'}
[1.527838] (robot_gazebo) StdoutLine: {'line': b'-- Up-to-date symlink: /root/Dojo/install/robot_gazebo/share/robot_gazebo/launch/robot_simulation.launch.py\n'}
[1.527925] (robot_gazebo) StdoutLine: {'line': b'-- Up-to-date symlink: /root/Dojo/install/robot_gazebo/share/robot_gazebo/launch/simple_simulation.launch.py\n'}
[1.528011] (robot_gazebo) StdoutLine: {'line': b'-- Up-to-date symlink: /root/Dojo/install/robot_gazebo/share/robot_gazebo/launch/simulation.launch.py\n'}
[1.528273] (robot_gazebo) StdoutLine: {'line': b'-- Up-to-date symlink: /root/Dojo/install/robot_gazebo/share/robot_gazebo/config/diff_drive_controller.yaml\n'}
[1.528357] (robot_gazebo) StdoutLine: {'line': b'-- Up-to-date symlink: /root/Dojo/install/robot_gazebo/share/robot_gazebo/config/ekf_config.yaml\n'}
[1.528441] (robot_gazebo) StdoutLine: {'line': b'-- Up-to-date symlink: /root/Dojo/install/robot_gazebo/share/robot_gazebo/config/ros2_control.yaml\n'}
[1.528525] (robot_gazebo) StdoutLine: {'line': b'-- Up-to-date symlink: /root/Dojo/install/robot_gazebo/share/robot_gazebo/config/slam_config.yaml\n'}
[1.528771] (robot_gazebo) StdoutLine: {'line': b'-- Up-to-date symlink: /root/Dojo/install/robot_gazebo/share/robot_gazebo/rviz/complete_simulation.rviz\n'}
[1.528858] (robot_gazebo) StdoutLine: {'line': b'-- Up-to-date symlink: /root/Dojo/install/robot_gazebo/share/robot_gazebo/rviz/full_simulation.rviz\n'}
[1.528944] (robot_gazebo) StdoutLine: {'line': b'-- Up-to-date symlink: /root/Dojo/install/robot_gazebo/share/robot_gazebo/rviz/robot_simulation.rviz\n'}
[1.529029] (robot_gazebo) StdoutLine: {'line': b'-- Up-to-date symlink: /root/Dojo/install/robot_gazebo/share/robot_gazebo/rviz/simulation.rviz\n'}
[1.529645] (robot_gazebo) StdoutLine: {'line': b'-- Up-to-date symlink: /root/Dojo/install/robot_gazebo/share/robot_gazebo/worlds/agriculture.world\n'}
[1.529754] (robot_gazebo) StdoutLine: {'line': b'-- Up-to-date symlink: /root/Dojo/install/robot_gazebo/share/robot_gazebo/worlds/azcar.world\n'}
[1.529849] (robot_gazebo) StdoutLine: {'line': b'-- Up-to-date symlink: /root/Dojo/install/robot_gazebo/share/robot_gazebo/worlds/barrels.world\n'}
[1.529932] (robot_gazebo) StdoutLine: {'line': b'-- Up-to-date symlink: /root/Dojo/install/robot_gazebo/share/robot_gazebo/worlds/canyonview_field.world\n'}
[1.530032] (robot_gazebo) StdoutLine: {'line': b'-- Up-to-date symlink: /root/Dojo/install/robot_gazebo/share/robot_gazebo/worlds/city_osm_roundabout.world\n'}
[1.530144] (robot_gazebo) StdoutLine: {'line': b'-- Up-to-date symlink: /root/Dojo/install/robot_gazebo/share/robot_gazebo/worlds/city_osm_roundabout_combined.world\n'}
[1.530284] (robot_gazebo) StdoutLine: {'line': b'-- Up-to-date symlink: /root/Dojo/install/robot_gazebo/share/robot_gazebo/worlds/cyberzoo.world\n'}
[1.530435] (robot_gazebo) StdoutLine: {'line': b'-- Up-to-date symlink: /root/Dojo/install/robot_gazebo/share/robot_gazebo/worlds/cyberzoo2019_orange_poles.world\n'}
[1.530598] (robot_gazebo) StdoutLine: {'line': b'-- Up-to-date symlink: /root/Dojo/install/robot_gazebo/share/robot_gazebo/worlds/cyberzoo2019_orange_poles_panels.world\n'}
[1.530741] (robot_gazebo) StdoutLine: {'line': b'-- Up-to-date symlink: /root/Dojo/install/robot_gazebo/share/robot_gazebo/worlds/cyberzoo2019_orange_poles_panels_mats.world\n'}
[1.530821] (robot_gazebo) StdoutLine: {'line': b'-- Up-to-date symlink: /root/Dojo/install/robot_gazebo/share/robot_gazebo/worlds/cyberzoo2019_ralphthesis2020.world\n'}
[1.530911] (robot_gazebo) StdoutLine: {'line': b'-- Up-to-date symlink: /root/Dojo/install/robot_gazebo/share/robot_gazebo/worlds/cyberzoo_4_panels.world\n'}
[1.531030] (robot_gazebo) StdoutLine: {'line': b'-- Up-to-date symlink: /root/Dojo/install/robot_gazebo/share/robot_gazebo/worlds/cyberzoo_orange_poles.world\n'}
[1.531129] (robot_gazebo) StdoutLine: {'line': b'-- Up-to-date symlink: /root/Dojo/install/robot_gazebo/share/robot_gazebo/worlds/cyberzoo_panel.world\n'}
[1.531203] (robot_gazebo) StdoutLine: {'line': b'-- Up-to-date symlink: /root/Dojo/install/robot_gazebo/share/robot_gazebo/worlds/demo_world.world\n'}
[1.531285] (robot_gazebo) StdoutLine: {'line': b'-- Up-to-date symlink: /root/Dojo/install/robot_gazebo/share/robot_gazebo/worlds/dojo_world.world\n'}
[1.531359] (robot_gazebo) StdoutLine: {'line': b'-- Up-to-date symlink: /root/Dojo/install/robot_gazebo/share/robot_gazebo/worlds/drone_race_track_2018_actual.world\n'}
[1.531438] (robot_gazebo) StdoutLine: {'line': b'-- Up-to-date symlink: /root/Dojo/install/robot_gazebo/share/robot_gazebo/worlds/drone_race_track_2018_actual_with_gatepapers.world\n'}
[1.531549] (robot_gazebo) StdoutLine: {'line': b'-- Up-to-date symlink: /root/Dojo/install/robot_gazebo/share/robot_gazebo/worlds/empty.world\n'}
[1.531653] (robot_gazebo) StdoutLine: {'line': b'-- Up-to-date symlink: /root/Dojo/install/robot_gazebo/share/robot_gazebo/worlds/empty_aerial_manipulation.world\n'}
[1.531732] (robot_gazebo) StdoutLine: {'line': b'-- Up-to-date symlink: /root/Dojo/install/robot_gazebo/share/robot_gazebo/worlds/fetchit_challenge_arena_montreal2019.world\n'}
[1.531822] (robot_gazebo) StdoutLine: {'line': b'-- Up-to-date symlink: /root/Dojo/install/robot_gazebo/share/robot_gazebo/worlds/fetchit_challenge_arena_montreal2019_highlights.world\n'}
[1.531910] (robot_gazebo) StdoutLine: {'line': b'-- Up-to-date symlink: /root/Dojo/install/robot_gazebo/share/robot_gazebo/worlds/fetchit_challenge_arena_montreal2019_onlylights.world\n'}
[1.531999] (robot_gazebo) StdoutLine: {'line': b'-- Up-to-date symlink: /root/Dojo/install/robot_gazebo/share/robot_gazebo/worlds/fetchit_challenge_assembly.world\n'}
[1.532086] (robot_gazebo) StdoutLine: {'line': b'-- Up-to-date symlink: /root/Dojo/install/robot_gazebo/share/robot_gazebo/worlds/fetchit_challenge_atrezzo.world\n'}
[1.532173] (robot_gazebo) StdoutLine: {'line': b'-- Up-to-date symlink: /root/Dojo/install/robot_gazebo/share/robot_gazebo/worlds/fetchit_challenge_simple.world\n'}
[1.532266] (robot_gazebo) StdoutLine: {'line': b'-- Up-to-date symlink: /root/Dojo/install/robot_gazebo/share/robot_gazebo/worlds/fetchit_challenge_simple_highlights.world\n'}
[1.532355] (robot_gazebo) StdoutLine: {'line': b'-- Up-to-date symlink: /root/Dojo/install/robot_gazebo/share/robot_gazebo/worlds/fetchit_challenge_tests.world\n'}
[1.532441] (robot_gazebo) StdoutLine: {'line': b'-- Up-to-date symlink: /root/Dojo/install/robot_gazebo/share/robot_gazebo/worlds/fetchit_challenge_tests_lowlights.world\n'}
[1.532532] (robot_gazebo) StdoutLine: {'line': b'-- Up-to-date symlink: /root/Dojo/install/robot_gazebo/share/robot_gazebo/worlds/hemicyl.world\n'}
[1.532627] (robot_gazebo) StdoutLine: {'line': b'-- Up-to-date symlink: /root/Dojo/install/robot_gazebo/share/robot_gazebo/worlds/house.world\n'}
[1.532732] (robot_gazebo) StdoutLine: {'line': b'-- Up-to-date symlink: /root/Dojo/install/robot_gazebo/share/robot_gazebo/worlds/inspection.world\n'}
[1.532877] (robot_gazebo) StdoutLine: {'line': b'-- Up-to-date symlink: /root/Dojo/install/robot_gazebo/share/robot_gazebo/worlds/neighborhood.world\n'}
[1.533010] (robot_gazebo) StdoutLine: {'line': b'-- Up-to-date symlink: /root/Dojo/install/robot_gazebo/share/robot_gazebo/worlds/office_cpr.world\n'}
[1.533114] (robot_gazebo) StdoutLine: {'line': b'-- Up-to-date symlink: /root/Dojo/install/robot_gazebo/share/robot_gazebo/worlds/office_cpr_construction.world\n'}
[1.533198] (robot_gazebo) StdoutLine: {'line': b'-- Up-to-date symlink: /root/Dojo/install/robot_gazebo/share/robot_gazebo/worlds/office_earthquake.world\n'}
[1.533306] (robot_gazebo) StdoutLine: {'line': b'-- Up-to-date symlink: /root/Dojo/install/robot_gazebo/share/robot_gazebo/worlds/office_env_large.world\n'}
[1.533449] (robot_gazebo) StdoutLine: {'line': b'-- Up-to-date symlink: /root/Dojo/install/robot_gazebo/share/robot_gazebo/worlds/office_small.world\n'}
[1.533554] (robot_gazebo) StdoutLine: {'line': b'-- Up-to-date symlink: /root/Dojo/install/robot_gazebo/share/robot_gazebo/worlds/outdoor.world\n'}
[1.533647] (robot_gazebo) StdoutLine: {'line': b'-- Up-to-date symlink: /root/Dojo/install/robot_gazebo/share/robot_gazebo/worlds/powerplant.world\n'}
[1.533735] (robot_gazebo) StdoutLine: {'line': b'-- Up-to-date symlink: /root/Dojo/install/robot_gazebo/share/robot_gazebo/worlds/rubble.world\n'}
[1.533815] (robot_gazebo) StdoutLine: {'line': b'-- Up-to-date symlink: /root/Dojo/install/robot_gazebo/share/robot_gazebo/worlds/simple_env_1.world\n'}
[1.533905] (robot_gazebo) StdoutLine: {'line': b'-- Up-to-date symlink: /root/Dojo/install/robot_gazebo/share/robot_gazebo/worlds/simple_env_2.world\n'}
[1.533986] (robot_gazebo) StdoutLine: {'line': b'-- Up-to-date symlink: /root/Dojo/install/robot_gazebo/share/robot_gazebo/worlds/simple_env_3.world\n'}
[1.534077] (robot_gazebo) StdoutLine: {'line': b'-- Up-to-date symlink: /root/Dojo/install/robot_gazebo/share/robot_gazebo/worlds/skidpan.world\n'}
[1.534156] (robot_gazebo) StdoutLine: {'line': b'-- Up-to-date symlink: /root/Dojo/install/robot_gazebo/share/robot_gazebo/worlds/small_city.world\n'}
[1.534248] (robot_gazebo) StdoutLine: {'line': b'-- Up-to-date symlink: /root/Dojo/install/robot_gazebo/share/robot_gazebo/worlds/test_city.world\n'}
[1.534327] (robot_gazebo) StdoutLine: {'line': b'-- Up-to-date symlink: /root/Dojo/install/robot_gazebo/share/robot_gazebo/worlds/test_zone.world\n'}
[1.534413] (robot_gazebo) StdoutLine: {'line': b'-- Up-to-date symlink: /root/Dojo/install/robot_gazebo/share/robot_gazebo/worlds/wall_aerial_manipulation.world\n'}
[1.534503] (robot_gazebo) StdoutLine: {'line': b'-- Up-to-date symlink: /root/Dojo/install/robot_gazebo/share/robot_gazebo/worlds/warehouse.world\n'}
[1.534587] (robot_gazebo) StdoutLine: {'line': b'-- Up-to-date symlink: /root/Dojo/install/robot_gazebo/share/robot_gazebo/worlds/waypoint.world\n'}
[1.534647] (robot_gazebo) StdoutLine: {'line': b'-- Up-to-date symlink: /root/Dojo/install/robot_gazebo/share/robot_gazebo/worlds/workshop_example.world\n'}
[1.534738] (robot_gazebo) StdoutLine: {'line': b'-- Up-to-date symlink: /root/Dojo/install/robot_gazebo/share/robot_gazebo/worlds/yosemite.world\n'}
[1.534797] (robot_gazebo) StdoutLine: {'line': b'-- Up-to-date symlink: /root/Dojo/install/robot_gazebo/share/ament_index/resource_index/package_run_dependencies/robot_gazebo\n'}
[1.534888] (robot_gazebo) StdoutLine: {'line': b'-- Up-to-date symlink: /root/Dojo/install/robot_gazebo/share/ament_index/resource_index/parent_prefix_path/robot_gazebo\n'}
[1.534984] (robot_gazebo) StdoutLine: {'line': b'-- Up-to-date symlink: /root/Dojo/install/robot_gazebo/share/robot_gazebo/environment/ament_prefix_path.sh\n'}
[1.535107] (robot_gazebo) StdoutLine: {'line': b'-- Up-to-date symlink: /root/Dojo/install/robot_gazebo/share/robot_gazebo/environment/ament_prefix_path.dsv\n'}
[1.535245] (robot_gazebo) StdoutLine: {'line': b'-- Up-to-date symlink: /root/Dojo/install/robot_gazebo/share/robot_gazebo/environment/path.sh\n'}
[1.535366] (robot_gazebo) StdoutLine: {'line': b'-- Up-to-date symlink: /root/Dojo/install/robot_gazebo/share/robot_gazebo/environment/path.dsv\n'}
[1.535485] (robot_gazebo) StdoutLine: {'line': b'-- Up-to-date symlink: /root/Dojo/install/robot_gazebo/share/robot_gazebo/local_setup.bash\n'}
[1.535816] (robot_gazebo) StdoutLine: {'line': b'-- Up-to-date symlink: /root/Dojo/install/robot_gazebo/share/robot_gazebo/local_setup.sh\n'}
[1.535966] (robot_gazebo) StdoutLine: {'line': b'-- Up-to-date symlink: /root/Dojo/install/robot_gazebo/share/robot_gazebo/local_setup.zsh\n'}
[1.536085] (robot_gazebo) StdoutLine: {'line': b'-- Up-to-date symlink: /root/Dojo/install/robot_gazebo/share/robot_gazebo/local_setup.dsv\n'}
[1.536200] (robot_gazebo) StdoutLine: {'line': b'-- Symlinking: /root/Dojo/install/robot_gazebo/share/robot_gazebo/package.dsv\n'}
[1.546071] (robot_gazebo) StdoutLine: {'line': b'-- Up-to-date symlink: /root/Dojo/install/robot_gazebo/share/ament_index/resource_index/packages/robot_gazebo\n'}
[1.546331] (robot_gazebo) StdoutLine: {'line': b'-- Up-to-date symlink: /root/Dojo/install/robot_gazebo/share/robot_gazebo/cmake/robot_gazeboConfig.cmake\n'}
[1.546443] (robot_gazebo) StdoutLine: {'line': b'-- Up-to-date symlink: /root/Dojo/install/robot_gazebo/share/robot_gazebo/cmake/robot_gazeboConfig-version.cmake\n'}
[1.546518] (robot_gazebo) StdoutLine: {'line': b'-- Up-to-date symlink: /root/Dojo/install/robot_gazebo/share/robot_gazebo/package.xml\n'}
[1.546614] (robot_gazebo) StdoutLine: {'line': b'-- Up-to-date: /root/Dojo/install/robot_gazebo/lib/robot_gazebo\n'}
[1.547148] (robot_gazebo) StdoutLine: {'line': b'-- Up-to-date: /root/Dojo/install/robot_gazebo/lib/robot_gazebo/spawn_robot.py\n'}
[1.550082] (robot_gazebo) CommandEnded: {'returncode': 0}
[1.566671] (robot_gazebo) JobEnded: {'identifier': 'robot_gazebo', 'rc': 0}
[1.567291] (-) EventReactorShutdown: {}
