[2.106s] Invoking command in '/root/Dojo/build/robot_hardware': PYTHONPATH=/root/Dojo/build/robot_hardware/prefix_override:/usr/lib/python3/dist-packages/colcon_core/task/python/colcon_distutils_commands:/root/Dojo/install/robot_hardware/lib/python3.10/site-packages:${PYTHONPATH} /usr/bin/python3 -W ignore:setup.py install is deprecated -W ignore:easy_install command is deprecated setup.py develop --editable --build-directory /root/Dojo/build/robot_hardware/build --no-deps symlink_data
[2.569s] running develop
[2.904s] running egg_info
[2.904s] creating robot_hardware.egg-info
[2.924s] writing robot_hardware.egg-info/PKG-INFO
[2.924s] writing dependency_links to robot_hardware.egg-info/dependency_links.txt
[2.925s] writing entry points to robot_hardware.egg-info/entry_points.txt
[2.925s] writing requirements to robot_hardware.egg-info/requires.txt
[2.925s] writing top-level names to robot_hardware.egg-info/top_level.txt
[2.925s] writing manifest file 'robot_hardware.egg-info/SOURCES.txt'
[2.973s] reading manifest file 'robot_hardware.egg-info/SOURCES.txt'
[2.974s] writing manifest file 'robot_hardware.egg-info/SOURCES.txt'
[2.999s] running build_ext
[2.999s] Creating /root/Dojo/install/robot_hardware/lib/python3.10/site-packages/robot-hardware.egg-link (link to .)
[3.000s] Installing arduino_driver script to /root/Dojo/install/robot_hardware/lib/robot_hardware
[3.000s] Installing camera_driver script to /root/Dojo/install/robot_hardware/lib/robot_hardware
[3.001s] Installing hardware_manager script to /root/Dojo/install/robot_hardware/lib/robot_hardware
[3.002s] Installing lidar_driver script to /root/Dojo/install/robot_hardware/lib/robot_hardware
[3.002s] 
[3.002s] Installed /root/Dojo/build/robot_hardware
[3.003s] running symlink_data
[3.138s] Invoked command in '/root/Dojo/build/robot_hardware' returned '0': PYTHONPATH=/root/Dojo/build/robot_hardware/prefix_override:/usr/lib/python3/dist-packages/colcon_core/task/python/colcon_distutils_commands:/root/Dojo/install/robot_hardware/lib/python3.10/site-packages:${PYTHONPATH} /usr/bin/python3 -W ignore:setup.py install is deprecated -W ignore:easy_install command is deprecated setup.py develop --editable --build-directory /root/Dojo/build/robot_hardware/build --no-deps symlink_data
