[0.276s] Invoking command in '/home/Dojo/Dojo/build/robot_perception': CMAKE_PREFIX_PATH=/opt/ros/humble /usr/bin/cmake --build /home/Dojo/Dojo/build/robot_perception -- -j16 -l16
[1.061s] Built target ament_cmake_python_symlink_robot_perception
[1.062s] running egg_info
[1.062s] writing robot_perception.egg-info/PKG-INFO
[1.062s] writing dependency_links to robot_perception.egg-info/dependency_links.txt
[1.062s] writing top-level names to robot_perception.egg-info/top_level.txt
[1.062s] reading manifest file 'robot_perception.egg-info/SOURCES.txt'
[1.062s] writing manifest file 'robot_perception.egg-info/SOURCES.txt'
[1.062s] Built target ament_cmake_python_build_robot_perception_egg
[1.071s] Invoked command in '/home/Dojo/Dojo/build/robot_perception' returned '0': CMAKE_PREFIX_PATH=/opt/ros/humble /usr/bin/cmake --build /home/Dojo/Dojo/build/robot_perception -- -j16 -l16
[1.072s] Invoking command in '/home/Dojo/Dojo/build/robot_perception': CMAKE_PREFIX_PATH=/opt/ros/humble /usr/bin/cmake --install /home/Dojo/Dojo/build/robot_perception
[1.316s] -- Install configuration: ""
[1.316s] -- Execute custom install script
[1.316s] -- Up-to-date symlink: /home/Dojo/Dojo/install/robot_perception/share/robot_perception/environment/pythonpath.sh
[1.316s] -- Up-to-date symlink: /home/Dojo/Dojo/install/robot_perception/share/robot_perception/environment/pythonpath.dsv
[1.316s] -- Up-to-date symlink: /home/Dojo/Dojo/install/robot_perception/local/lib/python3.10/dist-packages/robot_perception-0.0.1-py3.10.egg-info/PKG-INFO
[1.316s] -- Up-to-date symlink: /home/Dojo/Dojo/install/robot_perception/local/lib/python3.10/dist-packages/robot_perception-0.0.1-py3.10.egg-info/SOURCES.txt
[1.317s] -- Up-to-date symlink: /home/Dojo/Dojo/install/robot_perception/local/lib/python3.10/dist-packages/robot_perception-0.0.1-py3.10.egg-info/dependency_links.txt
[1.317s] -- Up-to-date symlink: /home/Dojo/Dojo/install/robot_perception/local/lib/python3.10/dist-packages/robot_perception-0.0.1-py3.10.egg-info/top_level.txt
[1.317s] -- Up-to-date symlink: /home/Dojo/Dojo/install/robot_perception/local/lib/python3.10/dist-packages/robot_perception/__init__.py
[1.317s] -- Up-to-date symlink: /home/Dojo/Dojo/install/robot_perception/share/robot_perception/launch/perception.launch.py
[1.318s] -- Up-to-date symlink: /home/Dojo/Dojo/install/robot_perception/share/robot_perception/launch/robot_perception.launch.py
[1.318s] -- Up-to-date symlink: /home/Dojo/Dojo/install/robot_perception/share/robot_perception/config/robot_perception_params.yaml
[1.318s] -- Up-to-date symlink: /home/Dojo/Dojo/install/robot_perception/share/ament_index/resource_index/package_run_dependencies/robot_perception
[1.319s] -- Up-to-date symlink: /home/Dojo/Dojo/install/robot_perception/share/ament_index/resource_index/parent_prefix_path/robot_perception
[1.319s] -- Up-to-date symlink: /home/Dojo/Dojo/install/robot_perception/share/robot_perception/environment/ament_prefix_path.sh
[1.319s] -- Up-to-date symlink: /home/Dojo/Dojo/install/robot_perception/share/robot_perception/environment/ament_prefix_path.dsv
[1.319s] -- Up-to-date symlink: /home/Dojo/Dojo/install/robot_perception/share/robot_perception/environment/path.sh
[1.319s] -- Up-to-date symlink: /home/Dojo/Dojo/install/robot_perception/share/robot_perception/environment/path.dsv
[1.320s] -- Up-to-date symlink: /home/Dojo/Dojo/install/robot_perception/share/robot_perception/local_setup.bash
[1.320s] -- Up-to-date symlink: /home/Dojo/Dojo/install/robot_perception/share/robot_perception/local_setup.sh
[1.320s] -- Up-to-date symlink: /home/Dojo/Dojo/install/robot_perception/share/robot_perception/local_setup.zsh
[1.320s] -- Up-to-date symlink: /home/Dojo/Dojo/install/robot_perception/share/robot_perception/local_setup.dsv
[1.320s] -- Symlinking: /home/Dojo/Dojo/install/robot_perception/share/robot_perception/package.dsv
[1.320s] -- Up-to-date symlink: /home/Dojo/Dojo/install/robot_perception/share/ament_index/resource_index/packages/robot_perception
[1.321s] -- Up-to-date symlink: /home/Dojo/Dojo/install/robot_perception/share/robot_perception/cmake/robot_perceptionConfig.cmake
[1.321s] -- Up-to-date symlink: /home/Dojo/Dojo/install/robot_perception/share/robot_perception/cmake/robot_perceptionConfig-version.cmake
[1.321s] -- Up-to-date symlink: /home/Dojo/Dojo/install/robot_perception/share/robot_perception/package.xml
[1.321s] Listing '/home/Dojo/Dojo/install/robot_perception/local/lib/python3.10/dist-packages/robot_perception'...
[1.368s] Invoked command in '/home/Dojo/Dojo/build/robot_perception' returned '0': CMAKE_PREFIX_PATH=/opt/ros/humble /usr/bin/cmake --install /home/Dojo/Dojo/build/robot_perception
