[0.017s] Invoking command in '/root/Dojo/build/robot_description': CMAKE_PREFIX_PATH=/opt/ros/humble /usr/bin/cmake --build /root/Dojo/build/robot_description -- -j16 -l16
[0.088s] Built target ament_cmake_python_symlink_robot_description
[0.475s] running egg_info
[0.490s] writing robot_description.egg-info/PKG-INFO
[0.490s] writing dependency_links to robot_description.egg-info/dependency_links.txt
[0.491s] writing top-level names to robot_description.egg-info/top_level.txt
[0.538s] reading manifest file 'robot_description.egg-info/SOURCES.txt'
[0.539s] writing manifest file 'robot_description.egg-info/SOURCES.txt'
[0.587s] Built target ament_cmake_python_build_robot_description_egg
[0.601s] Invoked command in '/root/Dojo/build/robot_description' returned '0': CMAKE_PREFIX_PATH=/opt/ros/humble /usr/bin/cmake --build /root/Dojo/build/robot_description -- -j16 -l16
[0.612s] Invoking command in '/root/Dojo/build/robot_description': CMAKE_PREFIX_PATH=/opt/ros/humble /usr/bin/cmake --install /root/Dojo/build/robot_description
[0.621s] -- Install configuration: ""
[0.621s] -- Execute custom install script
[0.622s] -- Up-to-date symlink: /root/Dojo/install/robot_description/share/robot_description/launch/display.launch.py
[0.622s] -- Up-to-date symlink: /root/Dojo/install/robot_description/share/robot_description/launch/robot_state_publisher.launch.py
[0.622s] -- Up-to-date symlink: /root/Dojo/install/robot_description/share/robot_description/urdf/common_properties.xacro
[0.622s] -- Up-to-date symlink: /root/Dojo/install/robot_description/share/robot_description/urdf/dojo_robot.gazebo
[0.622s] -- Up-to-date symlink: /root/Dojo/install/robot_description/share/robot_description/urdf/dojo_robot.urdf.xacro
[0.622s] -- Up-to-date symlink: /root/Dojo/install/robot_description/share/robot_description/urdf/robot.urdf
[0.623s] -- Up-to-date symlink: /root/Dojo/install/robot_description/share/robot_description/urdf/robot.urdf.xacro
[0.623s] -- Up-to-date symlink: /root/Dojo/install/robot_description/share/robot_description/urdf/sensors/rplidar.urdf.xacro
[0.623s] -- Up-to-date symlink: /root/Dojo/install/robot_description/share/robot_description/rviz/display.rviz
[0.623s] -- Up-to-date symlink: /root/Dojo/install/robot_description/share/robot_description/rviz/robot.rviz
[0.623s] -- Up-to-date symlink: /root/Dojo/install/robot_description/share/robot_description/environment/pythonpath.sh
[0.623s] -- Up-to-date symlink: /root/Dojo/install/robot_description/share/robot_description/environment/pythonpath.dsv
[0.624s] -- Up-to-date symlink: /root/Dojo/install/robot_description/local/lib/python3.10/dist-packages/robot_description-0.0.1-py3.10.egg-info/PKG-INFO
[0.624s] -- Up-to-date symlink: /root/Dojo/install/robot_description/local/lib/python3.10/dist-packages/robot_description-0.0.1-py3.10.egg-info/SOURCES.txt
[0.624s] -- Up-to-date symlink: /root/Dojo/install/robot_description/local/lib/python3.10/dist-packages/robot_description-0.0.1-py3.10.egg-info/dependency_links.txt
[0.624s] -- Up-to-date symlink: /root/Dojo/install/robot_description/local/lib/python3.10/dist-packages/robot_description-0.0.1-py3.10.egg-info/top_level.txt
[0.624s] -- Up-to-date symlink: /root/Dojo/install/robot_description/local/lib/python3.10/dist-packages/robot_description/__init__.py
[0.624s] -- Up-to-date symlink: /root/Dojo/install/robot_description/lib/robot_description/display_robot.py
[0.625s] -- Up-to-date symlink: /root/Dojo/install/robot_description/share/ament_index/resource_index/package_run_dependencies/robot_description
[0.625s] -- Up-to-date symlink: /root/Dojo/install/robot_description/share/ament_index/resource_index/parent_prefix_path/robot_description
[0.625s] -- Up-to-date symlink: /root/Dojo/install/robot_description/share/robot_description/environment/ament_prefix_path.sh
[0.625s] -- Up-to-date symlink: /root/Dojo/install/robot_description/share/robot_description/environment/ament_prefix_path.dsv
[0.625s] -- Up-to-date symlink: /root/Dojo/install/robot_description/share/robot_description/environment/path.sh
[0.625s] -- Up-to-date symlink: /root/Dojo/install/robot_description/share/robot_description/environment/path.dsv
[0.625s] -- Up-to-date symlink: /root/Dojo/install/robot_description/share/robot_description/local_setup.bash
[0.625s] -- Up-to-date symlink: /root/Dojo/install/robot_description/share/robot_description/local_setup.sh
[0.626s] -- Up-to-date symlink: /root/Dojo/install/robot_description/share/robot_description/local_setup.zsh
[0.626s] -- Up-to-date symlink: /root/Dojo/install/robot_description/share/robot_description/local_setup.dsv
[0.626s] -- Symlinking: /root/Dojo/install/robot_description/share/robot_description/package.dsv
[0.637s] -- Up-to-date symlink: /root/Dojo/install/robot_description/share/ament_index/resource_index/packages/robot_description
[0.638s] -- Up-to-date symlink: /root/Dojo/install/robot_description/share/robot_description/cmake/robot_descriptionConfig.cmake
[0.638s] -- Up-to-date symlink: /root/Dojo/install/robot_description/share/robot_description/cmake/robot_descriptionConfig-version.cmake
[0.638s] -- Up-to-date symlink: /root/Dojo/install/robot_description/share/robot_description/package.xml
[0.638s] -- Up-to-date: /root/Dojo/install/robot_description/share/robot_description
[0.638s] -- Up-to-date: /root/Dojo/install/robot_description/share/robot_description/urdf
[0.638s] -- Up-to-date: /root/Dojo/install/robot_description/share/robot_description/urdf/sensors
[0.638s] -- Up-to-date: /root/Dojo/install/robot_description/share/robot_description/rviz
[0.638s] -- Up-to-date: /root/Dojo/install/robot_description/share/robot_description/src
[0.638s] -- Up-to-date: /root/Dojo/install/robot_description/share/robot_description/src/robot_description
[0.638s] -- Up-to-date: /root/Dojo/install/robot_description/share/robot_description/robot_description
[0.638s] -- Up-to-date: /root/Dojo/install/robot_description/share/robot_description/robot_description/robot_description
[0.638s] -- Up-to-date: /root/Dojo/install/robot_description/share/robot_description/scripts
[0.638s] -- Up-to-date: /root/Dojo/install/robot_description/share/robot_description/resource
[0.639s] -- Up-to-date: /root/Dojo/install/robot_description/share/robot_description/launch
[0.639s] -- Up-to-date: /root/Dojo/install/robot_description/share/robot_description/config
[0.639s] -- Up-to-date: /root/Dojo/install/robot_description/lib/robot_description/robot_description
[0.639s] -- Up-to-date: /root/Dojo/install/robot_description/lib/robot_description/robot_description/__init__.py
[0.671s] Listing '/root/Dojo/install/robot_description/local/lib/python3.10/dist-packages/robot_description'...
[0.679s] Invoked command in '/root/Dojo/build/robot_description' returned '0': CMAKE_PREFIX_PATH=/opt/ros/humble /usr/bin/cmake --install /root/Dojo/build/robot_description
