[0.410s] Invoking command in '/home/Dojo/Dojo/build/arduino_bridge': PYTHONPATH=/home/Dojo/Dojo/build/arduino_bridge/prefix_override:/usr/lib/python3/dist-packages/colcon_core/task/python/colcon_distutils_commands:/home/Dojo/Dojo/install/arduino_bridge/lib/python3.10/site-packages: /usr/bin/python3 -W ignore:setup.py install is deprecated -W ignore:easy_install command is deprecated setup.py develop --editable --build-directory /home/Dojo/Dojo/build/arduino_bridge/build --no-deps symlink_data
[0.588s] running develop
[0.658s] running egg_info
[0.658s] creating arduino_bridge.egg-info
[0.658s] writing arduino_bridge.egg-info/PKG-INFO
[0.658s] writing dependency_links to arduino_bridge.egg-info/dependency_links.txt
[0.658s] writing entry points to arduino_bridge.egg-info/entry_points.txt
[0.658s] writing requirements to arduino_bridge.egg-info/requires.txt
[0.658s] writing top-level names to arduino_bridge.egg-info/top_level.txt
[0.658s] writing manifest file 'arduino_bridge.egg-info/SOURCES.txt'
[0.660s] reading manifest file 'arduino_bridge.egg-info/SOURCES.txt'
[0.660s] writing manifest file 'arduino_bridge.egg-info/SOURCES.txt'
[0.661s] running build_ext
[0.661s] Creating /home/Dojo/Dojo/install/arduino_bridge/lib/python3.10/site-packages/arduino-bridge.egg-link (link to .)
[0.662s] Installing arduino_bridge_node script to /home/Dojo/Dojo/install/arduino_bridge/lib/arduino_bridge
[0.662s] Installing test_arduino_bridge script to /home/Dojo/Dojo/install/arduino_bridge/lib/arduino_bridge
[0.662s] 
[0.663s] Installed /home/Dojo/Dojo/build/arduino_bridge
[0.663s] running symlink_data
[0.663s] creating /home/Dojo/Dojo/install/arduino_bridge/share/ament_index
[0.663s] creating /home/Dojo/Dojo/install/arduino_bridge/share/ament_index/resource_index
[0.663s] creating /home/Dojo/Dojo/install/arduino_bridge/share/ament_index/resource_index/packages
[0.663s] symbolically linking /home/Dojo/Dojo/build/arduino_bridge/resource/arduino_bridge -> /home/Dojo/Dojo/install/arduino_bridge/share/ament_index/resource_index/packages
[0.663s] symbolically linking /home/Dojo/Dojo/build/arduino_bridge/package.xml -> /home/Dojo/Dojo/install/arduino_bridge/share/arduino_bridge
[0.663s] creating /home/Dojo/Dojo/install/arduino_bridge/share/arduino_bridge/launch
[0.663s] symbolically linking /home/Dojo/Dojo/build/arduino_bridge/launch/arduino_bridge.launch.py -> /home/Dojo/Dojo/install/arduino_bridge/share/arduino_bridge/launch
[0.664s] symbolically linking /home/Dojo/Dojo/build/arduino_bridge/launch/test_arduino.launch.py -> /home/Dojo/Dojo/install/arduino_bridge/share/arduino_bridge/launch
[0.664s] creating /home/Dojo/Dojo/install/arduino_bridge/share/arduino_bridge/config
[0.664s] symbolically linking /home/Dojo/Dojo/build/arduino_bridge/config/arduino_bridge_params.yaml -> /home/Dojo/Dojo/install/arduino_bridge/share/arduino_bridge/config
[0.684s] Invoked command in '/home/Dojo/Dojo/build/arduino_bridge' returned '0': PYTHONPATH=/home/Dojo/Dojo/build/arduino_bridge/prefix_override:/usr/lib/python3/dist-packages/colcon_core/task/python/colcon_distutils_commands:/home/Dojo/Dojo/install/arduino_bridge/lib/python3.10/site-packages: /usr/bin/python3 -W ignore:setup.py install is deprecated -W ignore:easy_install command is deprecated setup.py develop --editable --build-directory /home/Dojo/Dojo/build/arduino_bridge/build --no-deps symlink_data
