[1.883s] DEBUG:colcon:Command line arguments: ['/usr/bin/colcon', 'build', '--symlink-install']
[1.884s] DEBUG:colcon:Parsed command line arguments: Namespace(log_base=None, log_level=None, verb_name='build', build_base='build', install_base='install', merge_install=False, symlink_install=True, test_result_base=None, continue_on_error=False, executor='parallel', parallel_workers=4, event_handlers=None, ignore_user_meta=False, metas=['./colcon.meta'], base_paths=['.'], packages_ignore=None, packages_ignore_regex=None, paths=None, packages_up_to=None, packages_up_to_regex=None, packages_above=None, packages_above_and_dependencies=None, packages_above_depth=None, packages_select_by_dep=None, packages_skip_by_dep=None, packages_skip_up_to=None, packages_select_build_failed=False, packages_skip_build_finished=False, packages_select_test_failures=False, packages_skip_test_passed=False, packages_select=None, packages_skip=None, packages_select_regex=None, packages_skip_regex=None, packages_start=None, packages_end=None, allow_overriding=[], cmake_args=None, cmake_target=None, cmake_target_skip_unavailable=False, cmake_clean_cache=False, cmake_clean_first=False, cmake_force_configure=False, meson_args=[], ament_cmake_args=None, catkin_cmake_args=None, catkin_skip_building_tests=False, verb_parser=<colcon_defaults.argument_parser.defaults.DefaultArgumentsDecorator object at 0xffff9ad6a1d0>, verb_extension=<colcon_core.verb.build.BuildVerb object at 0xffff9ad69d80>, main=<bound method BuildVerb.main of <colcon_core.verb.build.BuildVerb object at 0xffff9ad69d80>>)
[4.309s] Level 1:colcon.colcon_core.package_discovery:discover_packages(colcon_meta) check parameters
[4.310s] Level 1:colcon.colcon_core.package_discovery:discover_packages(recursive) check parameters
[4.310s] Level 1:colcon.colcon_core.package_discovery:discover_packages(ignore) check parameters
[4.311s] Level 1:colcon.colcon_core.package_discovery:discover_packages(path) check parameters
[4.311s] Level 1:colcon.colcon_core.package_discovery:discover_packages(colcon_meta) discover
[4.311s] Level 1:colcon.colcon_core.package_discovery:discover_packages(recursive) discover
[4.351s] INFO:colcon.colcon_core.package_discovery:Crawling recursively for packages in '/home/robosync/Robot/camera_ws'
[4.353s] Level 1:colcon.colcon_core.package_identification:_identify(.) by extensions ['ignore', 'ignore_ament_install']
[4.354s] Level 1:colcon.colcon_core.package_identification:_identify(.) by extension 'ignore'
[4.355s] Level 1:colcon.colcon_core.package_identification:_identify(.) by extension 'ignore_ament_install'
[4.357s] Level 1:colcon.colcon_core.package_identification:_identify(.) by extensions ['colcon_pkg']
[4.358s] Level 1:colcon.colcon_core.package_identification:_identify(.) by extension 'colcon_pkg'
[4.359s] Level 1:colcon.colcon_core.package_identification:_identify(.) by extensions ['colcon_meta']
[4.404s] Level 1:colcon.colcon_core.package_identification:_identify(.) by extension 'colcon_meta'
[4.405s] Level 1:colcon.colcon_core.package_identification:_identify(.) by extensions ['ros']
[4.405s] Level 1:colcon.colcon_core.package_identification:_identify(.) by extension 'ros'
[4.598s] Level 1:colcon.colcon_core.package_identification:_identify(.) by extensions ['cmake', 'meson', 'python']
[4.599s] Level 1:colcon.colcon_core.package_identification:_identify(.) by extension 'cmake'
[4.600s] Level 1:colcon.colcon_core.package_identification:_identify(.) by extension 'meson'
[4.600s] Level 1:colcon.colcon_core.package_identification:_identify(.) by extension 'python'
[4.601s] Level 1:colcon.colcon_core.package_identification:_identify(.) by extensions ['python_setup_py']
[4.602s] Level 1:colcon.colcon_core.package_identification:_identify(.) by extension 'python_setup_py'
[4.604s] Level 1:colcon.colcon_core.package_identification:_identify(build) by extensions ['ignore', 'ignore_ament_install']
[4.605s] Level 1:colcon.colcon_core.package_identification:_identify(build) by extension 'ignore'
[4.606s] Level 1:colcon.colcon_core.package_identification:_identify(build) ignored
[4.608s] Level 1:colcon.colcon_core.package_identification:_identify(install) by extensions ['ignore', 'ignore_ament_install']
[4.609s] Level 1:colcon.colcon_core.package_identification:_identify(install) by extension 'ignore'
[4.610s] Level 1:colcon.colcon_core.package_identification:_identify(install) ignored
[4.612s] Level 1:colcon.colcon_core.package_identification:_identify(log) by extensions ['ignore', 'ignore_ament_install']
[4.613s] Level 1:colcon.colcon_core.package_identification:_identify(log) by extension 'ignore'
[4.614s] Level 1:colcon.colcon_core.package_identification:_identify(log) ignored
[4.617s] Level 1:colcon.colcon_core.package_identification:_identify(src) by extensions ['ignore', 'ignore_ament_install']
[4.618s] Level 1:colcon.colcon_core.package_identification:_identify(src) by extension 'ignore'
[4.620s] Level 1:colcon.colcon_core.package_identification:_identify(src) by extension 'ignore_ament_install'
[4.621s] Level 1:colcon.colcon_core.package_identification:_identify(src) by extensions ['colcon_pkg']
[4.622s] Level 1:colcon.colcon_core.package_identification:_identify(src) by extension 'colcon_pkg'
[4.623s] Level 1:colcon.colcon_core.package_identification:_identify(src) by extensions ['colcon_meta']
[4.623s] Level 1:colcon.colcon_core.package_identification:_identify(src) by extension 'colcon_meta'
[4.624s] Level 1:colcon.colcon_core.package_identification:_identify(src) by extensions ['ros']
[4.625s] Level 1:colcon.colcon_core.package_identification:_identify(src) by extension 'ros'
[4.627s] Level 1:colcon.colcon_core.package_identification:_identify(src) by extensions ['cmake', 'meson', 'python']
[4.628s] Level 1:colcon.colcon_core.package_identification:_identify(src) by extension 'cmake'
[4.629s] Level 1:colcon.colcon_core.package_identification:_identify(src) by extension 'meson'
[4.630s] Level 1:colcon.colcon_core.package_identification:_identify(src) by extension 'python'
[4.631s] Level 1:colcon.colcon_core.package_identification:_identify(src) by extensions ['python_setup_py']
[4.632s] Level 1:colcon.colcon_core.package_identification:_identify(src) by extension 'python_setup_py'
[4.656s] Level 1:colcon.colcon_core.package_identification:_identify(src/camera_ros) by extensions ['ignore', 'ignore_ament_install']
[4.657s] Level 1:colcon.colcon_core.package_identification:_identify(src/camera_ros) by extension 'ignore'
[4.658s] Level 1:colcon.colcon_core.package_identification:_identify(src/camera_ros) by extension 'ignore_ament_install'
[4.659s] Level 1:colcon.colcon_core.package_identification:_identify(src/camera_ros) by extensions ['colcon_pkg']
[4.660s] Level 1:colcon.colcon_core.package_identification:_identify(src/camera_ros) by extension 'colcon_pkg'
[4.660s] Level 1:colcon.colcon_core.package_identification:_identify(src/camera_ros) by extensions ['colcon_meta']
[4.660s] Level 1:colcon.colcon_core.package_identification:_identify(src/camera_ros) by extension 'colcon_meta'
[4.661s] Level 1:colcon.colcon_core.package_identification:_identify(src/camera_ros) by extensions ['ros']
[4.661s] Level 1:colcon.colcon_core.package_identification:_identify(src/camera_ros) by extension 'ros'
[4.692s] DEBUG:colcon.colcon_core.package_identification:Package 'src/camera_ros' with type 'ros.ament_cmake' and name 'camera_ros'
[4.694s] Level 1:colcon.colcon_core.package_identification:_identify(src/libcamera) by extensions ['ignore', 'ignore_ament_install']
[4.695s] Level 1:colcon.colcon_core.package_identification:_identify(src/libcamera) by extension 'ignore'
[4.695s] Level 1:colcon.colcon_core.package_identification:_identify(src/libcamera) by extension 'ignore_ament_install'
[4.696s] Level 1:colcon.colcon_core.package_identification:_identify(src/libcamera) by extensions ['colcon_pkg']
[4.696s] Level 1:colcon.colcon_core.package_identification:_identify(src/libcamera) by extension 'colcon_pkg'
[4.697s] Level 1:colcon.colcon_core.package_identification:_identify(src/libcamera) by extensions ['colcon_meta']
[4.697s] Level 1:colcon.colcon_core.package_identification:_identify(src/libcamera) by extension 'colcon_meta'
[4.698s] Level 1:colcon.colcon_core.package_identification:_identify(src/libcamera) by extensions ['ros']
[4.699s] Level 1:colcon.colcon_core.package_identification:_identify(src/libcamera) by extension 'ros'
[4.700s] Level 1:colcon.colcon_core.package_identification:_identify(src/libcamera) by extensions ['cmake', 'meson', 'python']
[4.700s] Level 1:colcon.colcon_core.package_identification:_identify(src/libcamera) by extension 'cmake'
[4.701s] Level 1:colcon.colcon_core.package_identification:_identify(src/libcamera) by extension 'meson'
[5.584s] INFO:colcon.colcon_meson.identification:'libcamera' dependencies: {'qt6', 'gstreamer-1.0', 'threads', 'libudev', 'gstreamer-app-1.0', 'libunwind', 'SDL2', 'libdw', 'libjpeg', 'libevent_pthreads', 'dl', 'glib-2.0', 'gnutls', 'libexif', 'libtiff-4', 'gstreamer-video-1.0', 'lttng-ust', 'yaml-0.1', 'gstreamer-allocators-1.0', 'pybind11', 'libdrm', 'gtest'}
[5.585s] Level 1:colcon.colcon_core.package_identification:_identify(src/libcamera) by extension 'python'
[5.585s] DEBUG:colcon.colcon_core.package_identification:Package 'src/libcamera' with type 'meson' and name 'libcamera'
[5.586s] Level 1:colcon.colcon_core.package_identification:_identify(src/nv21_converter_pkg) by extensions ['ignore', 'ignore_ament_install']
[5.587s] Level 1:colcon.colcon_core.package_identification:_identify(src/nv21_converter_pkg) by extension 'ignore'
[5.587s] Level 1:colcon.colcon_core.package_identification:_identify(src/nv21_converter_pkg) by extension 'ignore_ament_install'
[5.587s] Level 1:colcon.colcon_core.package_identification:_identify(src/nv21_converter_pkg) by extensions ['colcon_pkg']
[5.587s] Level 1:colcon.colcon_core.package_identification:_identify(src/nv21_converter_pkg) by extension 'colcon_pkg'
[5.587s] Level 1:colcon.colcon_core.package_identification:_identify(src/nv21_converter_pkg) by extensions ['colcon_meta']
[5.588s] Level 1:colcon.colcon_core.package_identification:_identify(src/nv21_converter_pkg) by extension 'colcon_meta'
[5.588s] Level 1:colcon.colcon_core.package_identification:_identify(src/nv21_converter_pkg) by extensions ['ros']
[5.588s] Level 1:colcon.colcon_core.package_identification:_identify(src/nv21_converter_pkg) by extension 'ros'
[5.592s] DEBUG:colcon.colcon_core.package_identification:Package 'src/nv21_converter_pkg' with type 'ros.ament_python' and name 'nv21_converter_pkg'
[5.592s] Level 1:colcon.colcon_core.package_discovery:discover_packages(recursive) using defaults
[5.592s] Level 1:colcon.colcon_core.package_discovery:discover_packages(ignore) discover
[5.592s] Level 1:colcon.colcon_core.package_discovery:discover_packages(ignore) using defaults
[5.592s] Level 1:colcon.colcon_core.package_discovery:discover_packages(path) discover
[5.593s] Level 1:colcon.colcon_core.package_discovery:discover_packages(path) using defaults
[5.706s] Level 1:colcon.colcon_core.package_discovery:discover_packages(prefix_path) check parameters
[5.706s] Level 1:colcon.colcon_core.package_discovery:discover_packages(prefix_path) discover
[5.719s] DEBUG:colcon.colcon_installed_package_information.package_discovery:Found 3 installed packages in /home/robosync/Robot/camera_ws/install
[5.732s] DEBUG:colcon.colcon_installed_package_information.package_discovery:Found 396 installed packages in /opt/ros/humble
[5.745s] Level 1:colcon.colcon_core.package_discovery:discover_packages(prefix_path) using defaults
[6.176s] Level 5:colcon.colcon_core.verb:set package 'libcamera' build argument 'cmake_args' from command line to 'None'
[6.176s] Level 5:colcon.colcon_core.verb:set package 'libcamera' build argument 'cmake_target' from command line to 'None'
[6.177s] Level 5:colcon.colcon_core.verb:set package 'libcamera' build argument 'cmake_target_skip_unavailable' from command line to 'False'
[6.177s] Level 5:colcon.colcon_core.verb:set package 'libcamera' build argument 'cmake_clean_cache' from command line to 'False'
[6.177s] Level 5:colcon.colcon_core.verb:set package 'libcamera' build argument 'cmake_clean_first' from command line to 'False'
[6.177s] Level 5:colcon.colcon_core.verb:set package 'libcamera' build argument 'cmake_force_configure' from command line to 'False'
[6.178s] Level 5:colcon.colcon_core.verb:set package 'libcamera' build argument 'meson_args' from command line to '[]'
[6.178s] Level 5:colcon.colcon_core.verb:set package 'libcamera' build argument 'ament_cmake_args' from command line to 'None'
[6.178s] Level 5:colcon.colcon_core.verb:set package 'libcamera' build argument 'catkin_cmake_args' from command line to 'None'
[6.179s] Level 5:colcon.colcon_core.verb:set package 'libcamera' build argument 'catkin_skip_building_tests' from command line to 'False'
[6.179s] DEBUG:colcon.colcon_core.verb:Building package 'libcamera' with the following arguments: {'ament_cmake_args': None, 'build_base': '/home/robosync/Robot/camera_ws/build/libcamera', 'catkin_cmake_args': None, 'catkin_skip_building_tests': False, 'cmake_args': None, 'cmake_clean_cache': False, 'cmake_clean_first': False, 'cmake_force_configure': False, 'cmake_target': None, 'cmake_target_skip_unavailable': False, 'install_base': '/home/robosync/Robot/camera_ws/install/libcamera', 'merge_install': False, 'meson_args': [], 'path': '/home/robosync/Robot/camera_ws/src/libcamera', 'symlink_install': True, 'test_result_base': None}
[6.295s] Level 5:colcon.colcon_core.verb:set package 'nv21_converter_pkg' build argument 'cmake_args' from command line to 'None'
[6.296s] Level 5:colcon.colcon_core.verb:set package 'nv21_converter_pkg' build argument 'cmake_target' from command line to 'None'
[6.296s] Level 5:colcon.colcon_core.verb:set package 'nv21_converter_pkg' build argument 'cmake_target_skip_unavailable' from command line to 'False'
[6.296s] Level 5:colcon.colcon_core.verb:set package 'nv21_converter_pkg' build argument 'cmake_clean_cache' from command line to 'False'
[6.297s] Level 5:colcon.colcon_core.verb:set package 'nv21_converter_pkg' build argument 'cmake_clean_first' from command line to 'False'
[6.297s] Level 5:colcon.colcon_core.verb:set package 'nv21_converter_pkg' build argument 'cmake_force_configure' from command line to 'False'
[6.297s] Level 5:colcon.colcon_core.verb:set package 'nv21_converter_pkg' build argument 'meson_args' from command line to '[]'
[6.297s] Level 5:colcon.colcon_core.verb:set package 'nv21_converter_pkg' build argument 'ament_cmake_args' from command line to 'None'
[6.297s] Level 5:colcon.colcon_core.verb:set package 'nv21_converter_pkg' build argument 'catkin_cmake_args' from command line to 'None'
[6.298s] Level 5:colcon.colcon_core.verb:set package 'nv21_converter_pkg' build argument 'catkin_skip_building_tests' from command line to 'False'
[6.298s] DEBUG:colcon.colcon_core.verb:Building package 'nv21_converter_pkg' with the following arguments: {'ament_cmake_args': None, 'build_base': '/home/robosync/Robot/camera_ws/build/nv21_converter_pkg', 'catkin_cmake_args': None, 'catkin_skip_building_tests': False, 'cmake_args': None, 'cmake_clean_cache': False, 'cmake_clean_first': False, 'cmake_force_configure': False, 'cmake_target': None, 'cmake_target_skip_unavailable': False, 'install_base': '/home/robosync/Robot/camera_ws/install/nv21_converter_pkg', 'merge_install': False, 'meson_args': [], 'path': '/home/robosync/Robot/camera_ws/src/nv21_converter_pkg', 'symlink_install': True, 'test_result_base': None}
[6.395s] Level 5:colcon.colcon_core.verb:set package 'camera_ros' build argument 'cmake_args' from command line to 'None'
[6.395s] Level 5:colcon.colcon_core.verb:set package 'camera_ros' build argument 'cmake_target' from command line to 'None'
[6.395s] Level 5:colcon.colcon_core.verb:set package 'camera_ros' build argument 'cmake_target_skip_unavailable' from command line to 'False'
[6.395s] Level 5:colcon.colcon_core.verb:set package 'camera_ros' build argument 'cmake_clean_cache' from command line to 'False'
[6.395s] Level 5:colcon.colcon_core.verb:set package 'camera_ros' build argument 'cmake_clean_first' from command line to 'False'
[6.396s] Level 5:colcon.colcon_core.verb:set package 'camera_ros' build argument 'cmake_force_configure' from command line to 'False'
[6.396s] Level 5:colcon.colcon_core.verb:set package 'camera_ros' build argument 'meson_args' from command line to '[]'
[6.396s] Level 5:colcon.colcon_core.verb:set package 'camera_ros' build argument 'ament_cmake_args' from command line to 'None'
[6.396s] Level 5:colcon.colcon_core.verb:set package 'camera_ros' build argument 'catkin_cmake_args' from command line to 'None'
[6.396s] Level 5:colcon.colcon_core.verb:set package 'camera_ros' build argument 'catkin_skip_building_tests' from command line to 'False'
[6.396s] DEBUG:colcon.colcon_core.verb:Building package 'camera_ros' with the following arguments: {'ament_cmake_args': None, 'build_base': '/home/robosync/Robot/camera_ws/build/camera_ros', 'catkin_cmake_args': None, 'catkin_skip_building_tests': False, 'cmake_args': None, 'cmake_clean_cache': False, 'cmake_clean_first': False, 'cmake_force_configure': False, 'cmake_target': None, 'cmake_target_skip_unavailable': False, 'install_base': '/home/robosync/Robot/camera_ws/install/camera_ros', 'merge_install': False, 'meson_args': [], 'path': '/home/robosync/Robot/camera_ws/src/camera_ros', 'symlink_install': True, 'test_result_base': None}
[6.397s] INFO:colcon.colcon_core.executor:Executing jobs using 'parallel' executor
[6.401s] DEBUG:colcon.colcon_parallel_executor.executor.parallel:run_until_complete
[6.429s] INFO:colcon.colcon_core.plugin_system:Skipping extension 'colcon_core.shell.bat': Not used on non-Windows systems
[6.430s] INFO:colcon.colcon_core.shell:Skip shell extension 'powershell' for command environment: Not usable outside of PowerShell
[6.431s] DEBUG:colcon.colcon_core.shell:Skip shell extension 'dsv' for command environment
[6.462s] INFO:colcon.colcon_ros.task.ament_python.build:Building ROS package in '/home/robosync/Robot/camera_ws/src/nv21_converter_pkg' with build type 'ament_python'
[6.464s] Level 1:colcon.colcon_core.shell:create_environment_hook('nv21_converter_pkg', 'ament_prefix_path')
[6.465s] INFO:colcon.colcon_core.shell:Creating environment hook '/home/robosync/Robot/camera_ws/install/nv21_converter_pkg/share/nv21_converter_pkg/hook/ament_prefix_path.ps1'
[6.475s] INFO:colcon.colcon_core.shell:Creating environment descriptor '/home/robosync/Robot/camera_ws/install/nv21_converter_pkg/share/nv21_converter_pkg/hook/ament_prefix_path.dsv'
[6.478s] INFO:colcon.colcon_core.shell:Creating environment hook '/home/robosync/Robot/camera_ws/install/nv21_converter_pkg/share/nv21_converter_pkg/hook/ament_prefix_path.sh'
[6.488s] INFO:colcon.colcon_core.shell:Skip shell extension 'powershell' for command environment: Not usable outside of PowerShell
[6.488s] DEBUG:colcon.colcon_core.shell:Skip shell extension 'dsv' for command environment
[6.527s] DEBUG:colcon.colcon_core.event_handler.log_command:Invoking command in '/home/robosync/Robot/camera_ws/build/libcamera': /home/robosync/.local/bin/meson compile
[8.797s] INFO:colcon.colcon_core.task.python.build:Building Python package in '/home/robosync/Robot/camera_ws/src/nv21_converter_pkg'
[8.799s] INFO:colcon.colcon_core.shell:Skip shell extension 'powershell' for command environment: Not usable outside of PowerShell
[8.799s] DEBUG:colcon.colcon_core.shell:Skip shell extension 'dsv' for command environment
[10.460s] DEBUG:colcon.colcon_core.event_handler.log_command:Invoked command in '/home/robosync/Robot/camera_ws/build/libcamera' returned '0': /home/robosync/.local/bin/meson compile
[10.476s] DEBUG:colcon.colcon_core.event_handler.log_command:Invoking command in '/home/robosync/Robot/camera_ws/build/libcamera': /home/robosync/.local/bin/meson install
[12.337s] DEBUG:colcon.colcon_core.task.python.build:While undoing a previous installation files outside the Python library path are being ignored: /home/robosync/Robot/camera_ws/install/nv21_converter_pkg/share/ament_index/resource_index/packages/nv21_converter_pkg
[12.338s] DEBUG:colcon.colcon_core.task.python.build:While undoing a previous installation files outside the Python library path are being ignored: /home/robosync/Robot/camera_ws/install/nv21_converter_pkg/share/nv21_converter_pkg/package.xml
[12.343s] DEBUG:colcon.colcon_core.task.python.build:While undoing a previous installation files outside the Python library path are being ignored: /home/robosync/Robot/camera_ws/install/nv21_converter_pkg/lib/nv21_converter_pkg/nv21_converter
[12.353s] DEBUG:colcon.colcon_core.event_handler.log_command:Invoking command in '/home/robosync/Robot/camera_ws/build/nv21_converter_pkg': PYTHONPATH=/home/robosync/Robot/camera_ws/build/nv21_converter_pkg/prefix_override:/usr/lib/python3/dist-packages/colcon_core/task/python/colcon_distutils_commands:/home/robosync/Robot/camera_ws/install/nv21_converter_pkg/lib/python3.10/site-packages:${PYTHONPATH} /usr/bin/python3 -W ignore:setup.py install is deprecated -W ignore:easy_install command is deprecated setup.py develop --editable --build-directory /home/robosync/Robot/camera_ws/build/nv21_converter_pkg/build --no-deps symlink_data --force
[14.188s] Level 1:colcon.colcon_core.environment:create_environment_scripts_only(libcamera)
[14.189s] DEBUG:colcon.colcon_core.event_handler.log_command:Invoked command in '/home/robosync/Robot/camera_ws/build/libcamera' returned '0': /home/robosync/.local/bin/meson install
[14.211s] Level 1:colcon.colcon_core.environment:checking '/home/robosync/Robot/camera_ws/install/libcamera' for CMake module files
[14.213s] Level 1:colcon.colcon_core.environment:checking '/home/robosync/Robot/camera_ws/install/libcamera' for CMake config files
[14.221s] Level 1:colcon.colcon_core.environment:checking '/home/robosync/Robot/camera_ws/install/libcamera/lib'
[14.222s] Level 1:colcon.colcon_core.shell:create_environment_hook('libcamera', 'ld_library_path_lib')
[14.223s] INFO:colcon.colcon_core.shell:Creating environment hook '/home/robosync/Robot/camera_ws/install/libcamera/share/libcamera/hook/ld_library_path_lib.ps1'
[14.225s] INFO:colcon.colcon_core.shell:Creating environment descriptor '/home/robosync/Robot/camera_ws/install/libcamera/share/libcamera/hook/ld_library_path_lib.dsv'
[14.227s] INFO:colcon.colcon_core.shell:Creating environment hook '/home/robosync/Robot/camera_ws/install/libcamera/share/libcamera/hook/ld_library_path_lib.sh'
[14.231s] Level 1:colcon.colcon_core.environment:checking '/home/robosync/Robot/camera_ws/install/libcamera/libexec'
[14.231s] Level 1:colcon.colcon_core.environment:checking '/home/robosync/Robot/camera_ws/install/libcamera/bin'
[14.232s] Level 1:colcon.colcon_core.shell:create_environment_hook('libcamera', 'path')
[14.233s] INFO:colcon.colcon_core.shell:Creating environment hook '/home/robosync/Robot/camera_ws/install/libcamera/share/libcamera/hook/path.ps1'
[14.235s] INFO:colcon.colcon_core.shell:Creating environment descriptor '/home/robosync/Robot/camera_ws/install/libcamera/share/libcamera/hook/path.dsv'
[14.237s] INFO:colcon.colcon_core.shell:Creating environment hook '/home/robosync/Robot/camera_ws/install/libcamera/share/libcamera/hook/path.sh'
[14.239s] Level 1:colcon.colcon_core.environment:checking '/home/robosync/Robot/camera_ws/install/libcamera/lib/pkgconfig/libcamera.pc'
[14.239s] Level 1:colcon.colcon_core.shell:create_environment_hook('libcamera', 'pkg_config')
[14.240s] INFO:colcon.colcon_core.shell:Creating environment hook '/home/robosync/Robot/camera_ws/install/libcamera/share/libcamera/hook/pkg_config.ps1'
[14.242s] INFO:colcon.colcon_core.shell:Creating environment descriptor '/home/robosync/Robot/camera_ws/install/libcamera/share/libcamera/hook/pkg_config.dsv'
[14.244s] INFO:colcon.colcon_core.shell:Creating environment hook '/home/robosync/Robot/camera_ws/install/libcamera/share/libcamera/hook/pkg_config.sh'
[14.247s] Level 1:colcon.colcon_core.environment:checking '/home/robosync/Robot/camera_ws/install/libcamera/lib/python3.10/site-packages'
[14.248s] Level 1:colcon.colcon_core.environment:checking '/home/robosync/Robot/camera_ws/install/libcamera/bin'
[14.249s] Level 1:colcon.colcon_core.shell:create_environment_hook('libcamera', 'pythonscriptspath')
[14.250s] INFO:colcon.colcon_core.shell:Creating environment hook '/home/robosync/Robot/camera_ws/install/libcamera/share/libcamera/hook/pythonscriptspath.ps1'
[14.252s] INFO:colcon.colcon_core.shell:Creating environment descriptor '/home/robosync/Robot/camera_ws/install/libcamera/share/libcamera/hook/pythonscriptspath.dsv'
[14.254s] INFO:colcon.colcon_core.shell:Creating environment hook '/home/robosync/Robot/camera_ws/install/libcamera/share/libcamera/hook/pythonscriptspath.sh'
[14.258s] INFO:colcon.colcon_core.shell:Creating package script '/home/robosync/Robot/camera_ws/install/libcamera/share/libcamera/package.ps1'
[14.263s] INFO:colcon.colcon_core.shell:Creating package descriptor '/home/robosync/Robot/camera_ws/install/libcamera/share/libcamera/package.dsv'
[14.268s] INFO:colcon.colcon_core.shell:Creating package script '/home/robosync/Robot/camera_ws/install/libcamera/share/libcamera/package.sh'
[14.274s] INFO:colcon.colcon_core.shell:Creating package script '/home/robosync/Robot/camera_ws/install/libcamera/share/libcamera/package.bash'
[14.279s] INFO:colcon.colcon_core.shell:Creating package script '/home/robosync/Robot/camera_ws/install/libcamera/share/libcamera/package.zsh'
[14.284s] Level 1:colcon.colcon_core.environment:create_file_with_runtime_dependencies(/home/robosync/Robot/camera_ws/install/libcamera/share/colcon-core/packages/libcamera)
[14.286s] INFO:colcon.colcon_ros.task.ament_cmake.build:Building ROS package in '/home/robosync/Robot/camera_ws/src/camera_ros' with build type 'ament_cmake'
[14.286s] INFO:colcon.colcon_cmake.task.cmake.build:Building CMake package in '/home/robosync/Robot/camera_ws/src/camera_ros'
[14.288s] INFO:colcon.colcon_core.shell:Skip shell extension 'powershell' for command environment: Not usable outside of PowerShell
[14.288s] DEBUG:colcon.colcon_core.shell:Skip shell extension 'dsv' for command environment
[14.346s] DEBUG:colcon.colcon_core.event_handler.log_command:Invoking command in '/home/robosync/Robot/camera_ws/build/camera_ros': CMAKE_PREFIX_PATH=${CMAKE_PREFIX_PATH}:/home/robosync/Robot/camera_ws/install/nv21_converter_pkg:/opt/ros/humble LD_LIBRARY_PATH=/home/robosync/Robot/camera_ws/install/libcamera/lib:/home/robosync/Robot/camera_ws/install/camera_ros/lib:/opt/ros/humble/opt/rviz_ogre_vendor/lib:/opt/ros/humble/lib/aarch64-linux-gnu:/opt/ros/humble/lib PATH=/home/robosync/Robot/camera_ws/install/libcamera/bin:/home/robosync/.local/bin:/home/robosync/Robot/Dojo/install/robot_perception/bin:/home/robosync/Robot/Dojo/install/robot_perception/bin:/home/robosync/.local/bin:/opt/ros/humble/bin:/home/robosync/.local/bin:/home/robosync/.local/bin:/home/robosync/.local/bin:/usr/local/sbin:/usr/local/bin:/usr/sbin:/usr/bin:/sbin:/bin:/usr/games:/usr/local/games:/snap/bin /usr/bin/cmake /home/robosync/Robot/camera_ws/src/camera_ros -DAMENT_CMAKE_SYMLINK_INSTALL=1 -DCMAKE_INSTALL_PREFIX=/home/robosync/Robot/camera_ws/install/camera_ros
[18.664s] Level 1:colcon.colcon_core.shell:create_environment_hook('nv21_converter_pkg', 'pythonpath_develop')
[18.665s] INFO:colcon.colcon_core.shell:Creating environment hook '/home/robosync/Robot/camera_ws/build/nv21_converter_pkg/share/nv21_converter_pkg/hook/pythonpath_develop.ps1'
[18.666s] DEBUG:colcon.colcon_core.event_handler.log_command:Invoked command in '/home/robosync/Robot/camera_ws/build/nv21_converter_pkg' returned '0': PYTHONPATH=/home/robosync/Robot/camera_ws/build/nv21_converter_pkg/prefix_override:/usr/lib/python3/dist-packages/colcon_core/task/python/colcon_distutils_commands:/home/robosync/Robot/camera_ws/install/nv21_converter_pkg/lib/python3.10/site-packages:${PYTHONPATH} /usr/bin/python3 -W ignore:setup.py install is deprecated -W ignore:easy_install command is deprecated setup.py develop --editable --build-directory /home/robosync/Robot/camera_ws/build/nv21_converter_pkg/build --no-deps symlink_data --force
[18.669s] INFO:colcon.colcon_core.shell:Creating environment descriptor '/home/robosync/Robot/camera_ws/build/nv21_converter_pkg/share/nv21_converter_pkg/hook/pythonpath_develop.dsv'
[18.670s] INFO:colcon.colcon_core.shell:Creating environment hook '/home/robosync/Robot/camera_ws/build/nv21_converter_pkg/share/nv21_converter_pkg/hook/pythonpath_develop.sh'
[18.673s] Level 1:colcon.colcon_core.environment:checking '/home/robosync/Robot/camera_ws/install/nv21_converter_pkg' for CMake module files
[18.676s] Level 1:colcon.colcon_core.environment:checking '/home/robosync/Robot/camera_ws/install/nv21_converter_pkg' for CMake config files
[18.679s] Level 1:colcon.colcon_core.environment:checking '/home/robosync/Robot/camera_ws/install/nv21_converter_pkg/lib'
[18.680s] Level 1:colcon.colcon_core.environment:checking '/home/robosync/Robot/camera_ws/install/nv21_converter_pkg/bin'
[18.680s] Level 1:colcon.colcon_core.environment:checking '/home/robosync/Robot/camera_ws/install/nv21_converter_pkg/lib/pkgconfig/nv21_converter_pkg.pc'
[18.682s] Level 1:colcon.colcon_core.environment:checking '/home/robosync/Robot/camera_ws/install/nv21_converter_pkg/lib/python3.10/site-packages'
[18.682s] Level 1:colcon.colcon_core.shell:create_environment_hook('nv21_converter_pkg', 'pythonpath')
[18.683s] INFO:colcon.colcon_core.shell:Creating environment hook '/home/robosync/Robot/camera_ws/install/nv21_converter_pkg/share/nv21_converter_pkg/hook/pythonpath.ps1'
[18.686s] INFO:colcon.colcon_core.shell:Creating environment descriptor '/home/robosync/Robot/camera_ws/install/nv21_converter_pkg/share/nv21_converter_pkg/hook/pythonpath.dsv'
[18.688s] INFO:colcon.colcon_core.shell:Creating environment hook '/home/robosync/Robot/camera_ws/install/nv21_converter_pkg/share/nv21_converter_pkg/hook/pythonpath.sh'
[18.691s] Level 1:colcon.colcon_core.environment:checking '/home/robosync/Robot/camera_ws/install/nv21_converter_pkg/bin'
[18.691s] Level 1:colcon.colcon_core.environment:create_environment_scripts_only(nv21_converter_pkg)
[18.693s] INFO:colcon.colcon_core.shell:Creating package script '/home/robosync/Robot/camera_ws/install/nv21_converter_pkg/share/nv21_converter_pkg/package.ps1'
[18.696s] INFO:colcon.colcon_core.shell:Creating package descriptor '/home/robosync/Robot/camera_ws/install/nv21_converter_pkg/share/nv21_converter_pkg/package.dsv'
[18.698s] INFO:colcon.colcon_core.shell:Creating package script '/home/robosync/Robot/camera_ws/install/nv21_converter_pkg/share/nv21_converter_pkg/package.sh'
[18.701s] INFO:colcon.colcon_core.shell:Creating package script '/home/robosync/Robot/camera_ws/install/nv21_converter_pkg/share/nv21_converter_pkg/package.bash'
[18.703s] INFO:colcon.colcon_core.shell:Creating package script '/home/robosync/Robot/camera_ws/install/nv21_converter_pkg/share/nv21_converter_pkg/package.zsh'
[18.705s] Level 1:colcon.colcon_core.environment:create_file_with_runtime_dependencies(/home/robosync/Robot/camera_ws/install/nv21_converter_pkg/share/colcon-core/packages/nv21_converter_pkg)
[20.438s] DEBUG:colcon.colcon_core.event_handler.log_command:Invoked command in '/home/robosync/Robot/camera_ws/build/camera_ros' returned '0': CMAKE_PREFIX_PATH=${CMAKE_PREFIX_PATH}:/home/robosync/Robot/camera_ws/install/nv21_converter_pkg:/opt/ros/humble LD_LIBRARY_PATH=/home/robosync/Robot/camera_ws/install/libcamera/lib:/home/robosync/Robot/camera_ws/install/camera_ros/lib:/opt/ros/humble/opt/rviz_ogre_vendor/lib:/opt/ros/humble/lib/aarch64-linux-gnu:/opt/ros/humble/lib PATH=/home/robosync/Robot/camera_ws/install/libcamera/bin:/home/robosync/.local/bin:/home/robosync/Robot/Dojo/install/robot_perception/bin:/home/robosync/Robot/Dojo/install/robot_perception/bin:/home/robosync/.local/bin:/opt/ros/humble/bin:/home/robosync/.local/bin:/home/robosync/.local/bin:/home/robosync/.local/bin:/usr/local/sbin:/usr/local/bin:/usr/sbin:/usr/bin:/sbin:/bin:/usr/games:/usr/local/games:/snap/bin /usr/bin/cmake /home/robosync/Robot/camera_ws/src/camera_ros -DAMENT_CMAKE_SYMLINK_INSTALL=1 -DCMAKE_INSTALL_PREFIX=/home/robosync/Robot/camera_ws/install/camera_ros
[20.448s] DEBUG:colcon.colcon_core.event_handler.log_command:Invoking command in '/home/robosync/Robot/camera_ws/build/camera_ros': CMAKE_PREFIX_PATH=${CMAKE_PREFIX_PATH}:/home/robosync/Robot/camera_ws/install/nv21_converter_pkg:/opt/ros/humble LD_LIBRARY_PATH=/home/robosync/Robot/camera_ws/install/libcamera/lib:/home/robosync/Robot/camera_ws/install/camera_ros/lib:/opt/ros/humble/opt/rviz_ogre_vendor/lib:/opt/ros/humble/lib/aarch64-linux-gnu:/opt/ros/humble/lib PATH=/home/robosync/Robot/camera_ws/install/libcamera/bin:/home/robosync/.local/bin:/home/robosync/Robot/Dojo/install/robot_perception/bin:/home/robosync/Robot/Dojo/install/robot_perception/bin:/home/robosync/.local/bin:/opt/ros/humble/bin:/home/robosync/.local/bin:/home/robosync/.local/bin:/home/robosync/.local/bin:/usr/local/sbin:/usr/local/bin:/usr/sbin:/usr/bin:/sbin:/bin:/usr/games:/usr/local/games:/snap/bin /usr/bin/cmake --build /home/robosync/Robot/camera_ws/build/camera_ros -- -j4 -l4
[25.686s] DEBUG:colcon.colcon_core.event_handler.log_command:Invoked command in '/home/robosync/Robot/camera_ws/build/camera_ros' returned '0': CMAKE_PREFIX_PATH=${CMAKE_PREFIX_PATH}:/home/robosync/Robot/camera_ws/install/nv21_converter_pkg:/opt/ros/humble LD_LIBRARY_PATH=/home/robosync/Robot/camera_ws/install/libcamera/lib:/home/robosync/Robot/camera_ws/install/camera_ros/lib:/opt/ros/humble/opt/rviz_ogre_vendor/lib:/opt/ros/humble/lib/aarch64-linux-gnu:/opt/ros/humble/lib PATH=/home/robosync/Robot/camera_ws/install/libcamera/bin:/home/robosync/.local/bin:/home/robosync/Robot/Dojo/install/robot_perception/bin:/home/robosync/Robot/Dojo/install/robot_perception/bin:/home/robosync/.local/bin:/opt/ros/humble/bin:/home/robosync/.local/bin:/home/robosync/.local/bin:/home/robosync/.local/bin:/usr/local/sbin:/usr/local/bin:/usr/sbin:/usr/bin:/sbin:/bin:/usr/games:/usr/local/games:/snap/bin /usr/bin/cmake --build /home/robosync/Robot/camera_ws/build/camera_ros -- -j4 -l4
[25.731s] DEBUG:colcon.colcon_core.event_handler.log_command:Invoking command in '/home/robosync/Robot/camera_ws/build/camera_ros': CMAKE_PREFIX_PATH=${CMAKE_PREFIX_PATH}:/home/robosync/Robot/camera_ws/install/nv21_converter_pkg:/opt/ros/humble LD_LIBRARY_PATH=/home/robosync/Robot/camera_ws/install/libcamera/lib:/home/robosync/Robot/camera_ws/install/camera_ros/lib:/opt/ros/humble/opt/rviz_ogre_vendor/lib:/opt/ros/humble/lib/aarch64-linux-gnu:/opt/ros/humble/lib PATH=/home/robosync/Robot/camera_ws/install/libcamera/bin:/home/robosync/.local/bin:/home/robosync/Robot/Dojo/install/robot_perception/bin:/home/robosync/Robot/Dojo/install/robot_perception/bin:/home/robosync/.local/bin:/opt/ros/humble/bin:/home/robosync/.local/bin:/home/robosync/.local/bin:/home/robosync/.local/bin:/usr/local/sbin:/usr/local/bin:/usr/sbin:/usr/bin:/sbin:/bin:/usr/games:/usr/local/games:/snap/bin /usr/bin/cmake --install /home/robosync/Robot/camera_ws/build/camera_ros
[26.717s] Level 1:colcon.colcon_core.environment:create_environment_scripts_only(camera_ros)
[26.718s] Level 1:colcon.colcon_core.environment:checking '/home/robosync/Robot/camera_ws/install/camera_ros' for CMake module files
[26.720s] DEBUG:colcon.colcon_core.event_handler.log_command:Invoked command in '/home/robosync/Robot/camera_ws/build/camera_ros' returned '0': CMAKE_PREFIX_PATH=${CMAKE_PREFIX_PATH}:/home/robosync/Robot/camera_ws/install/nv21_converter_pkg:/opt/ros/humble LD_LIBRARY_PATH=/home/robosync/Robot/camera_ws/install/libcamera/lib:/home/robosync/Robot/camera_ws/install/camera_ros/lib:/opt/ros/humble/opt/rviz_ogre_vendor/lib:/opt/ros/humble/lib/aarch64-linux-gnu:/opt/ros/humble/lib PATH=/home/robosync/Robot/camera_ws/install/libcamera/bin:/home/robosync/.local/bin:/home/robosync/Robot/Dojo/install/robot_perception/bin:/home/robosync/Robot/Dojo/install/robot_perception/bin:/home/robosync/.local/bin:/opt/ros/humble/bin:/home/robosync/.local/bin:/home/robosync/.local/bin:/home/robosync/.local/bin:/usr/local/sbin:/usr/local/bin:/usr/sbin:/usr/bin:/sbin:/bin:/usr/games:/usr/local/games:/snap/bin /usr/bin/cmake --install /home/robosync/Robot/camera_ws/build/camera_ros
[26.723s] Level 1:colcon.colcon_core.environment:checking '/home/robosync/Robot/camera_ws/install/camera_ros' for CMake config files
[26.725s] Level 1:colcon.colcon_core.shell:create_environment_hook('camera_ros', 'cmake_prefix_path')
[26.726s] INFO:colcon.colcon_core.shell:Creating environment hook '/home/robosync/Robot/camera_ws/install/camera_ros/share/camera_ros/hook/cmake_prefix_path.ps1'
[26.728s] INFO:colcon.colcon_core.shell:Creating environment descriptor '/home/robosync/Robot/camera_ws/install/camera_ros/share/camera_ros/hook/cmake_prefix_path.dsv'
[26.731s] INFO:colcon.colcon_core.shell:Creating environment hook '/home/robosync/Robot/camera_ws/install/camera_ros/share/camera_ros/hook/cmake_prefix_path.sh'
[26.734s] Level 1:colcon.colcon_core.environment:checking '/home/robosync/Robot/camera_ws/install/camera_ros/lib'
[26.734s] Level 1:colcon.colcon_core.shell:create_environment_hook('camera_ros', 'ld_library_path_lib')
[26.735s] INFO:colcon.colcon_core.shell:Creating environment hook '/home/robosync/Robot/camera_ws/install/camera_ros/share/camera_ros/hook/ld_library_path_lib.ps1'
[26.737s] INFO:colcon.colcon_core.shell:Creating environment descriptor '/home/robosync/Robot/camera_ws/install/camera_ros/share/camera_ros/hook/ld_library_path_lib.dsv'
[26.739s] INFO:colcon.colcon_core.shell:Creating environment hook '/home/robosync/Robot/camera_ws/install/camera_ros/share/camera_ros/hook/ld_library_path_lib.sh'
[26.741s] Level 1:colcon.colcon_core.environment:checking '/home/robosync/Robot/camera_ws/install/camera_ros/bin'
[26.742s] Level 1:colcon.colcon_core.environment:checking '/home/robosync/Robot/camera_ws/install/camera_ros/lib/pkgconfig/camera_ros.pc'
[26.743s] Level 1:colcon.colcon_core.environment:checking '/home/robosync/Robot/camera_ws/install/camera_ros/lib/python3.10/site-packages'
[26.744s] Level 1:colcon.colcon_core.environment:checking '/home/robosync/Robot/camera_ws/install/camera_ros/bin'
[26.745s] INFO:colcon.colcon_core.shell:Creating package script '/home/robosync/Robot/camera_ws/install/camera_ros/share/camera_ros/package.ps1'
[26.747s] INFO:colcon.colcon_core.shell:Creating package descriptor '/home/robosync/Robot/camera_ws/install/camera_ros/share/camera_ros/package.dsv'
[26.749s] INFO:colcon.colcon_core.shell:Creating package script '/home/robosync/Robot/camera_ws/install/camera_ros/share/camera_ros/package.sh'
[26.751s] INFO:colcon.colcon_core.shell:Creating package script '/home/robosync/Robot/camera_ws/install/camera_ros/share/camera_ros/package.bash'
[26.753s] INFO:colcon.colcon_core.shell:Creating package script '/home/robosync/Robot/camera_ws/install/camera_ros/share/camera_ros/package.zsh'
[26.755s] Level 1:colcon.colcon_core.environment:create_file_with_runtime_dependencies(/home/robosync/Robot/camera_ws/install/camera_ros/share/colcon-core/packages/camera_ros)
[26.758s] Level 1:colcon.colcon_core.environment:create_environment_scripts_only(camera_ros)
[26.759s] Level 1:colcon.colcon_core.environment:checking '/home/robosync/Robot/camera_ws/install/camera_ros' for CMake module files
[26.762s] Level 1:colcon.colcon_core.environment:checking '/home/robosync/Robot/camera_ws/install/camera_ros' for CMake config files
[26.764s] Level 1:colcon.colcon_core.shell:create_environment_hook('camera_ros', 'cmake_prefix_path')
[26.765s] INFO:colcon.colcon_core.shell:Creating environment hook '/home/robosync/Robot/camera_ws/install/camera_ros/share/camera_ros/hook/cmake_prefix_path.ps1'
[26.767s] INFO:colcon.colcon_core.shell:Creating environment descriptor '/home/robosync/Robot/camera_ws/install/camera_ros/share/camera_ros/hook/cmake_prefix_path.dsv'
[26.769s] INFO:colcon.colcon_core.shell:Creating environment hook '/home/robosync/Robot/camera_ws/install/camera_ros/share/camera_ros/hook/cmake_prefix_path.sh'
[26.772s] Level 1:colcon.colcon_core.environment:checking '/home/robosync/Robot/camera_ws/install/camera_ros/lib'
[26.772s] Level 1:colcon.colcon_core.shell:create_environment_hook('camera_ros', 'ld_library_path_lib')
[26.773s] INFO:colcon.colcon_core.shell:Creating environment hook '/home/robosync/Robot/camera_ws/install/camera_ros/share/camera_ros/hook/ld_library_path_lib.ps1'
[26.775s] INFO:colcon.colcon_core.shell:Creating environment descriptor '/home/robosync/Robot/camera_ws/install/camera_ros/share/camera_ros/hook/ld_library_path_lib.dsv'
[26.778s] INFO:colcon.colcon_core.shell:Creating environment hook '/home/robosync/Robot/camera_ws/install/camera_ros/share/camera_ros/hook/ld_library_path_lib.sh'
[26.780s] Level 1:colcon.colcon_core.environment:checking '/home/robosync/Robot/camera_ws/install/camera_ros/bin'
[26.780s] Level 1:colcon.colcon_core.environment:checking '/home/robosync/Robot/camera_ws/install/camera_ros/lib/pkgconfig/camera_ros.pc'
[26.781s] Level 1:colcon.colcon_core.environment:checking '/home/robosync/Robot/camera_ws/install/camera_ros/lib/python3.10/site-packages'
[26.782s] Level 1:colcon.colcon_core.environment:checking '/home/robosync/Robot/camera_ws/install/camera_ros/bin'
[26.783s] INFO:colcon.colcon_core.shell:Creating package script '/home/robosync/Robot/camera_ws/install/camera_ros/share/camera_ros/package.ps1'
[26.786s] INFO:colcon.colcon_core.shell:Creating package descriptor '/home/robosync/Robot/camera_ws/install/camera_ros/share/camera_ros/package.dsv'
[26.792s] INFO:colcon.colcon_core.shell:Creating package script '/home/robosync/Robot/camera_ws/install/camera_ros/share/camera_ros/package.sh'
[26.797s] INFO:colcon.colcon_core.shell:Creating package script '/home/robosync/Robot/camera_ws/install/camera_ros/share/camera_ros/package.bash'
[26.801s] INFO:colcon.colcon_core.shell:Creating package script '/home/robosync/Robot/camera_ws/install/camera_ros/share/camera_ros/package.zsh'
[26.804s] Level 1:colcon.colcon_core.environment:create_file_with_runtime_dependencies(/home/robosync/Robot/camera_ws/install/camera_ros/share/colcon-core/packages/camera_ros)
[26.806s] DEBUG:colcon.colcon_parallel_executor.executor.parallel:closing loop
[26.808s] DEBUG:colcon.colcon_parallel_executor.executor.parallel:loop closed
[26.808s] DEBUG:colcon.colcon_parallel_executor.executor.parallel:run_until_complete finished with '0'
[26.809s] DEBUG:colcon.colcon_core.event_reactor:joining thread
[26.872s] INFO:colcon.colcon_core.plugin_system:Skipping extension 'colcon_notification.desktop_notification.notify_send': Could not find 'notify-send'
[26.873s] INFO:colcon.colcon_core.plugin_system:Skipping extension 'colcon_notification.desktop_notification.terminal_notifier': Not used on non-Darwin systems
[26.873s] INFO:colcon.colcon_core.plugin_system:Skipping extension 'colcon_notification.desktop_notification.win32': Not used on non-Windows systems
[26.874s] INFO:colcon.colcon_notification.desktop_notification:Sending desktop notification using 'notify2'
[26.896s] DEBUG:colcon.colcon_notification.desktop_notification.notify2:Failed to initialize notify2: org.freedesktop.DBus.Error.ServiceUnknown: The name org.freedesktop.Notifications was not provided by any .service files
[26.900s] DEBUG:colcon.colcon_core.event_reactor:joined thread
[26.901s] INFO:colcon.colcon_core.shell:Creating prefix script '/home/robosync/Robot/camera_ws/install/local_setup.ps1'
[26.930s] INFO:colcon.colcon_core.shell:Creating prefix util module '/home/robosync/Robot/camera_ws/install/_local_setup_util_ps1.py'
[26.956s] INFO:colcon.colcon_core.shell:Creating prefix chain script '/home/robosync/Robot/camera_ws/install/setup.ps1'
[26.988s] INFO:colcon.colcon_core.shell:Creating prefix script '/home/robosync/Robot/camera_ws/install/local_setup.sh'
[26.998s] INFO:colcon.colcon_core.shell:Creating prefix util module '/home/robosync/Robot/camera_ws/install/_local_setup_util_sh.py'
[27.009s] INFO:colcon.colcon_core.shell:Creating prefix chain script '/home/robosync/Robot/camera_ws/install/setup.sh'
[27.023s] INFO:colcon.colcon_core.shell:Creating prefix script '/home/robosync/Robot/camera_ws/install/local_setup.bash'
[27.030s] INFO:colcon.colcon_core.shell:Creating prefix chain script '/home/robosync/Robot/camera_ws/install/setup.bash'
[27.040s] INFO:colcon.colcon_core.shell:Creating prefix script '/home/robosync/Robot/camera_ws/install/local_setup.zsh'
[27.046s] INFO:colcon.colcon_core.shell:Creating prefix chain script '/home/robosync/Robot/camera_ws/install/setup.zsh'
