[0.042s] Invoking command in '/home/Dojo/Dojo/build/robot_description': CMAKE_PREFIX_PATH=/opt/ros/humble /usr/bin/cmake --build /home/Dojo/Dojo/build/robot_description -- -j16 -l16
[1.074s] Built target ament_cmake_python_symlink_robot_description
[1.075s] running egg_info
[1.075s] writing robot_description.egg-info/PKG-INFO
[1.076s] writing dependency_links to robot_description.egg-info/dependency_links.txt
[1.076s] writing top-level names to robot_description.egg-info/top_level.txt
[1.077s] reading manifest file 'robot_description.egg-info/SOURCES.txt'
[1.077s] writing manifest file 'robot_description.egg-info/SOURCES.txt'
[1.077s] Built target ament_cmake_python_build_robot_description_egg
[1.088s] Invoked command in '/home/Dojo/Dojo/build/robot_description' returned '0': CMAKE_PREFIX_PATH=/opt/ros/humble /usr/bin/cmake --build /home/Dojo/Dojo/build/robot_description -- -j16 -l16
[1.089s] Invoking command in '/home/Dojo/Dojo/build/robot_description': CMAKE_PREFIX_PATH=/opt/ros/humble /usr/bin/cmake --install /home/Dojo/Dojo/build/robot_description
[1.340s] -- Install configuration: ""
[1.340s] -- Execute custom install script
[1.340s] -- Up-to-date symlink: /home/Dojo/Dojo/install/robot_description/share/robot_description/launch/display.launch.py
[1.341s] -- Up-to-date symlink: /home/Dojo/Dojo/install/robot_description/share/robot_description/launch/robot_state_publisher.launch.py
[1.341s] -- Up-to-date symlink: /home/Dojo/Dojo/install/robot_description/share/robot_description/urdf/robot.urdf
[1.341s] -- Up-to-date symlink: /home/Dojo/Dojo/install/robot_description/share/robot_description/urdf/robot.urdf.xacro
[1.341s] -- Up-to-date symlink: /home/Dojo/Dojo/install/robot_description/share/robot_description/rviz/robot.rviz
[1.342s] -- Up-to-date symlink: /home/Dojo/Dojo/install/robot_description/share/robot_description/environment/pythonpath.sh
[1.342s] -- Up-to-date symlink: /home/Dojo/Dojo/install/robot_description/share/robot_description/environment/pythonpath.dsv
[1.342s] -- Up-to-date symlink: /home/Dojo/Dojo/install/robot_description/local/lib/python3.10/dist-packages/robot_description-0.0.1-py3.10.egg-info/PKG-INFO
[1.342s] -- Up-to-date symlink: /home/Dojo/Dojo/install/robot_description/local/lib/python3.10/dist-packages/robot_description-0.0.1-py3.10.egg-info/SOURCES.txt
[1.343s] -- Up-to-date symlink: /home/Dojo/Dojo/install/robot_description/local/lib/python3.10/dist-packages/robot_description-0.0.1-py3.10.egg-info/dependency_links.txt
[1.343s] -- Up-to-date symlink: /home/Dojo/Dojo/install/robot_description/local/lib/python3.10/dist-packages/robot_description-0.0.1-py3.10.egg-info/top_level.txt
[1.343s] -- Up-to-date symlink: /home/Dojo/Dojo/install/robot_description/local/lib/python3.10/dist-packages/robot_description/__init__.py
[1.343s] -- Up-to-date symlink: /home/Dojo/Dojo/install/robot_description/local/lib/python3.10/dist-packages/robot_description/robot_description/__init__.py
[1.344s] -- Up-to-date symlink: /home/Dojo/Dojo/install/robot_description/lib/robot_description/display_robot.py
[1.344s] -- Up-to-date symlink: /home/Dojo/Dojo/install/robot_description/share/ament_index/resource_index/package_run_dependencies/robot_description
[1.344s] -- Up-to-date symlink: /home/Dojo/Dojo/install/robot_description/share/ament_index/resource_index/parent_prefix_path/robot_description
[1.344s] -- Up-to-date symlink: /home/Dojo/Dojo/install/robot_description/share/robot_description/environment/ament_prefix_path.sh
[1.344s] -- Up-to-date symlink: /home/Dojo/Dojo/install/robot_description/share/robot_description/environment/ament_prefix_path.dsv
[1.344s] -- Up-to-date symlink: /home/Dojo/Dojo/install/robot_description/share/robot_description/environment/path.sh
[1.344s] -- Up-to-date symlink: /home/Dojo/Dojo/install/robot_description/share/robot_description/environment/path.dsv
[1.345s] -- Up-to-date symlink: /home/Dojo/Dojo/install/robot_description/share/robot_description/local_setup.bash
[1.345s] -- Up-to-date symlink: /home/Dojo/Dojo/install/robot_description/share/robot_description/local_setup.sh
[1.345s] -- Up-to-date symlink: /home/Dojo/Dojo/install/robot_description/share/robot_description/local_setup.zsh
[1.345s] -- Up-to-date symlink: /home/Dojo/Dojo/install/robot_description/share/robot_description/local_setup.dsv
[1.345s] -- Symlinking: /home/Dojo/Dojo/install/robot_description/share/robot_description/package.dsv
[1.345s] -- Up-to-date symlink: /home/Dojo/Dojo/install/robot_description/share/ament_index/resource_index/packages/robot_description
[1.346s] -- Up-to-date symlink: /home/Dojo/Dojo/install/robot_description/share/robot_description/cmake/robot_descriptionConfig.cmake
[1.346s] -- Up-to-date symlink: /home/Dojo/Dojo/install/robot_description/share/robot_description/cmake/robot_descriptionConfig-version.cmake
[1.346s] -- Up-to-date symlink: /home/Dojo/Dojo/install/robot_description/share/robot_description/package.xml
[1.346s] -- Up-to-date: /home/Dojo/Dojo/install/robot_description/share/robot_description
[1.346s] -- Up-to-date: /home/Dojo/Dojo/install/robot_description/share/robot_description/urdf
[1.347s] -- Up-to-date: /home/Dojo/Dojo/install/robot_description/share/robot_description/rviz
[1.347s] -- Up-to-date: /home/Dojo/Dojo/install/robot_description/share/robot_description/src
[1.347s] -- Up-to-date: /home/Dojo/Dojo/install/robot_description/share/robot_description/src/robot_description
[1.350s] -- Up-to-date: /home/Dojo/Dojo/install/robot_description/share/robot_description/src/robot_description/robot_description
[1.350s] -- Up-to-date: /home/Dojo/Dojo/install/robot_description/share/robot_description/meshes
[1.350s] -- Up-to-date: /home/Dojo/Dojo/install/robot_description/share/robot_description/scripts
[1.350s] -- Up-to-date: /home/Dojo/Dojo/install/robot_description/share/robot_description/resource
[1.350s] -- Up-to-date: /home/Dojo/Dojo/install/robot_description/share/robot_description/launch
[1.350s] -- Up-to-date: /home/Dojo/Dojo/install/robot_description/share/robot_description/robot_description_temp
[1.350s] -- Up-to-date: /home/Dojo/Dojo/install/robot_description/share/robot_description/robot_description_temp/urdf
[1.350s] -- Up-to-date: /home/Dojo/Dojo/install/robot_description/share/robot_description/robot_description_temp/build
[1.350s] -- Up-to-date: /home/Dojo/Dojo/install/robot_description/share/robot_description/robot_description_temp/build/ament_cppcheck
[1.350s] -- Up-to-date: /home/Dojo/Dojo/install/robot_description/share/robot_description/robot_description_temp/build/CMakeFiles
[1.350s] -- Up-to-date: /home/Dojo/Dojo/install/robot_description/share/robot_description/robot_description_temp/build/CMakeFiles/uninstall.dir
[1.350s] -- Up-to-date: /home/Dojo/Dojo/install/robot_description/share/robot_description/robot_description_temp/build/CMakeFiles/Robot_description_uninstall.dir
[1.350s] -- Up-to-date: /home/Dojo/Dojo/install/robot_description/share/robot_description/robot_description_temp/build/CMakeFiles/3.28.3
[1.351s] -- Up-to-date: /home/Dojo/Dojo/install/robot_description/share/robot_description/robot_description_temp/build/CMakeFiles/3.28.3/CompilerIdC
[1.351s] -- Up-to-date: /home/Dojo/Dojo/install/robot_description/share/robot_description/robot_description_temp/build/CMakeFiles/3.28.3/CompilerIdC/tmp
[1.351s] -- Up-to-date: /home/Dojo/Dojo/install/robot_description/share/robot_description/robot_description_temp/build/CMakeFiles/3.28.3/CompilerIdCXX
[1.351s] -- Up-to-date: /home/Dojo/Dojo/install/robot_description/share/robot_description/robot_description_temp/build/CMakeFiles/3.28.3/CompilerIdCXX/tmp
[1.351s] -- Up-to-date: /home/Dojo/Dojo/install/robot_description/share/robot_description/robot_description_temp/build/CMakeFiles/pkgRedirects
[1.351s] -- Up-to-date: /home/Dojo/Dojo/install/robot_description/share/robot_description/robot_description_temp/build/ament_cmake_environment_hooks
[1.351s] -- Up-to-date: /home/Dojo/Dojo/install/robot_description/share/robot_description/robot_description_temp/build/Testing
[1.351s] -- Up-to-date: /home/Dojo/Dojo/install/robot_description/share/robot_description/robot_description_temp/build/Testing/Temporary
[1.351s] -- Up-to-date: /home/Dojo/Dojo/install/robot_description/share/robot_description/robot_description_temp/build/Testing/20250903-0916
[1.351s] -- Up-to-date: /home/Dojo/Dojo/install/robot_description/share/robot_description/robot_description_temp/build/Testing/20250904-0957
[1.351s] -- Up-to-date: /home/Dojo/Dojo/install/robot_description/share/robot_description/robot_description_temp/build/ament_cmake_index
[1.351s] -- Up-to-date: /home/Dojo/Dojo/install/robot_description/share/robot_description/robot_description_temp/build/ament_cmake_index/share
[1.351s] -- Up-to-date: /home/Dojo/Dojo/install/robot_description/share/robot_description/robot_description_temp/build/ament_cmake_index/share/ament_index
[1.352s] -- Up-to-date: /home/Dojo/Dojo/install/robot_description/share/robot_description/robot_description_temp/build/ament_cmake_index/share/ament_index/resource_index
[1.352s] -- Up-to-date: /home/Dojo/Dojo/install/robot_description/share/robot_description/robot_description_temp/build/ament_cmake_index/share/ament_index/resource_index/parent_prefix_path
[1.352s] -- Up-to-date: /home/Dojo/Dojo/install/robot_description/share/robot_description/robot_description_temp/build/ament_cmake_index/share/ament_index/resource_index/package_run_dependencies
[1.352s] -- Up-to-date: /home/Dojo/Dojo/install/robot_description/share/robot_description/robot_description_temp/build/ament_cmake_index/share/ament_index/resource_index/packages
[1.352s] -- Up-to-date: /home/Dojo/Dojo/install/robot_description/share/robot_description/robot_description_temp/build/ament_copyright
[1.353s] -- Up-to-date: /home/Dojo/Dojo/install/robot_description/share/robot_description/robot_description_temp/build/ament_xmllint
[1.353s] -- Up-to-date: /home/Dojo/Dojo/install/robot_description/share/robot_description/robot_description_temp/build/ament_flake8
[1.353s] -- Up-to-date: /home/Dojo/Dojo/install/robot_description/share/robot_description/robot_description_temp/build/ament_cmake_package_templates
[1.353s] -- Up-to-date: /home/Dojo/Dojo/install/robot_description/share/robot_description/robot_description_temp/build/ament_cpplint
[1.353s] -- Up-to-date: /home/Dojo/Dojo/install/robot_description/share/robot_description/robot_description_temp/build/.cmake
[1.353s] -- Up-to-date: /home/Dojo/Dojo/install/robot_description/share/robot_description/robot_description_temp/build/.cmake/api
[1.354s] -- Up-to-date: /home/Dojo/Dojo/install/robot_description/share/robot_description/robot_description_temp/build/.cmake/api/v1
[1.354s] -- Up-to-date: /home/Dojo/Dojo/install/robot_description/share/robot_description/robot_description_temp/build/.cmake/api/v1/reply
[1.354s] -- Up-to-date: /home/Dojo/Dojo/install/robot_description/share/robot_description/robot_description_temp/build/.cmake/api/v1/query
[1.354s] -- Up-to-date: /home/Dojo/Dojo/install/robot_description/share/robot_description/robot_description_temp/build/.cmake/api/v1/query/client-vscode
[1.354s] -- Up-to-date: /home/Dojo/Dojo/install/robot_description/share/robot_description/robot_description_temp/build/ament_pep257
[1.354s] -- Up-to-date: /home/Dojo/Dojo/install/robot_description/share/robot_description/robot_description_temp/build/ament_cmake_uninstall_target
[1.354s] -- Up-to-date: /home/Dojo/Dojo/install/robot_description/share/robot_description/robot_description_temp/build/ament_uncrustify
[1.354s] -- Up-to-date: /home/Dojo/Dojo/install/robot_description/share/robot_description/robot_description_temp/build/ament_cmake_core
[1.354s] -- Up-to-date: /home/Dojo/Dojo/install/robot_description/share/robot_description/robot_description_temp/build/ament_cmake_core/stamps
[1.354s] -- Up-to-date: /home/Dojo/Dojo/install/robot_description/share/robot_description/robot_description_temp/build/ament_lint_cmake
[1.354s] -- Up-to-date: /home/Dojo/Dojo/install/robot_description/share/robot_description/robot_description_temp/worlds
[1.355s] -- Up-to-date: /home/Dojo/Dojo/install/robot_description/share/robot_description/robot_description_temp/launch
[1.355s] -- Up-to-date: /home/Dojo/Dojo/install/robot_description/share/robot_description/robot_description_temp/config
[1.355s] -- Up-to-date: /home/Dojo/Dojo/install/robot_description/share/robot_description/robot_description_temp/package.xml
[1.355s] -- Up-to-date: /home/Dojo/Dojo/install/robot_description/share/robot_description/config
[1.355s] -- Up-to-date: /home/Dojo/Dojo/install/robot_description/lib/robot_description/robot_description
[1.355s] -- Up-to-date: /home/Dojo/Dojo/install/robot_description/lib/robot_description/robot_description/robot_description
[1.355s] -- Up-to-date: /home/Dojo/Dojo/install/robot_description/lib/robot_description/robot_description/robot_description/__init__.py
[1.355s] -- Up-to-date: /home/Dojo/Dojo/install/robot_description/lib/robot_description/robot_description/__init__.py
[1.355s] Listing '/home/Dojo/Dojo/install/robot_description/local/lib/python3.10/dist-packages/robot_description'...
[1.356s] Listing '/home/Dojo/Dojo/install/robot_description/local/lib/python3.10/dist-packages/robot_description/robot_description'...
[1.370s] Invoked command in '/home/Dojo/Dojo/build/robot_description' returned '0': CMAKE_PREFIX_PATH=/opt/ros/humble /usr/bin/cmake --install /home/Dojo/Dojo/build/robot_description
