[0.000000] (-) TimerEvent: {}
[0.000240] (-) JobUnselected: {'identifier': 'arduino_bridge'}
[0.000470] (-) JobUnselected: {'identifier': 'robot_bringup'}
[0.000582] (-) JobUnselected: {'identifier': 'robot_control'}
[0.000602] (-) JobUnselected: {'identifier': 'robot_description'}
[0.000617] (-) JobUnselected: {'identifier': 'robot_navigation'}
[0.000631] (-) JobUnselected: {'identifier': 'robot_perception'}
[0.000713] (-) JobUnselected: {'identifier': 'robot_sensors'}
[0.000766] (ros2arduino_bridge) JobQueued: {'identifier': 'ros2arduino_bridge', 'dependencies': OrderedDict()}
[0.000802] (ros2arduino_bridge) JobStarted: {'identifier': 'ros2arduino_bridge'}
[0.006557] (ros2arduino_bridge) JobProgress: {'identifier': 'ros2arduino_bridge', 'progress': 'cmake'}
[0.007141] (ros2arduino_bridge) Command: {'cmd': ['/usr/bin/cmake', '/home/Dojo/Dojo/src/ros2arduino_bridge', '-DAMENT_CMAKE_SYMLINK_INSTALL=1', '-DCMAKE_INSTALL_PREFIX=/home/Dojo/Dojo/install/ros2arduino_bridge'], 'cwd': '/home/Dojo/Dojo/build/ros2arduino_bridge', 'env': OrderedDict([('HOSTNAME', 'gareth-joel-HP-Pavilion-Gaming-Laptop-15-ec2xxx'), ('SHLVL', '0'), ('HOME', '/root'), ('OLDPWD', '/ros2_ws'), ('ROS_DISTRO', 'humble'), ('_', '/usr/bin/colcon'), ('NVIDIA_DRIVER_CAPABILITIES', 'all'), ('TERM', 'xterm'), ('PATH', '/usr/local/sbin:/usr/local/bin:/usr/sbin:/usr/bin:/sbin:/bin'), ('XDG_RUNTIME_DIR', '/tmp'), ('DISPLAY', ':0'), ('LANG', 'C.UTF-8'), ('DEBIAN_FRONTEND', 'noninteractive'), ('PWD', '/home/Dojo/Dojo/build/ros2arduino_bridge'), ('LC_ALL', 'C.UTF-8'), ('NVIDIA_VISIBLE_DEVICES', 'all'), ('COLCON', '1')]), 'shell': False}
[0.035646] (ros2arduino_bridge) StderrLine: {'line': b'\x1b[31mCMake Error at CMakeLists.txt:10 (find_package):\n'}
[0.035846] (ros2arduino_bridge) StderrLine: {'line': b'  By not providing "Findament_cmake.cmake" in CMAKE_MODULE_PATH this project\n'}
[0.035932] (ros2arduino_bridge) StderrLine: {'line': b'  has asked CMake to find a package configuration file provided by\n'}
[0.036015] (ros2arduino_bridge) StderrLine: {'line': b'  "ament_cmake", but CMake did not find one.\n'}
[0.036089] (ros2arduino_bridge) StderrLine: {'line': b'\n'}
[0.036162] (ros2arduino_bridge) StderrLine: {'line': b'  Could not find a package configuration file provided by "ament_cmake" with\n'}
[0.036235] (ros2arduino_bridge) StderrLine: {'line': b'  any of the following names:\n'}
[0.036307] (ros2arduino_bridge) StderrLine: {'line': b'\n'}
[0.036374] (ros2arduino_bridge) StderrLine: {'line': b'    ament_cmakeConfig.cmake\n'}
[0.036440] (ros2arduino_bridge) StderrLine: {'line': b'    ament_cmake-config.cmake\n'}
[0.036508] (ros2arduino_bridge) StderrLine: {'line': b'\n'}
[0.036569] (ros2arduino_bridge) StderrLine: {'line': b'  Add the installation prefix of "ament_cmake" to CMAKE_PREFIX_PATH or set\n'}
[0.036625] (ros2arduino_bridge) StderrLine: {'line': b'  "ament_cmake_DIR" to a directory containing one of the above files.  If\n'}
[0.036673] (ros2arduino_bridge) StderrLine: {'line': b'  "ament_cmake" provides a separate development package or SDK, be sure it\n'}
[0.036729] (ros2arduino_bridge) StderrLine: {'line': b'  has been installed.\n'}
[0.036778] (ros2arduino_bridge) StderrLine: {'line': b'\n'}
[0.036830] (ros2arduino_bridge) StderrLine: {'line': b'\x1b[0m\n'}
[0.036885] (ros2arduino_bridge) StdoutLine: {'line': b'-- Configuring incomplete, errors occurred!\n'}
[0.036976] (ros2arduino_bridge) StdoutLine: {'line': b'See also "/home/Dojo/Dojo/build/ros2arduino_bridge/CMakeFiles/CMakeOutput.log".\n'}
[0.037876] (ros2arduino_bridge) CommandEnded: {'returncode': 1}
[0.057320] (ros2arduino_bridge) JobEnded: {'identifier': 'ros2arduino_bridge', 'rc': 1}
[0.067913] (-) EventReactorShutdown: {}
