[0.017s] Invoking command in '/home/Dojo/Dojo/build/robot_bringup': AMENT_PREFIX_PATH=/home/Dojo/Dojo/install/robot_sensors:/home/Dojo/Dojo/install/robot_perception:/home/Dojo/Dojo/install/robot_navigation:/home/Dojo/Dojo/install/robot_description:/home/Dojo/Dojo/install/robot_control:${AMENT_PREFIX_PATH} CMAKE_PREFIX_PATH=/home/Dojo/Dojo/install/robot_perception:/home/Dojo/Dojo/install/robot_navigation:/home/Dojo/Dojo/install/robot_description:/opt/ros/humble PYTHONPATH=/home/Dojo/Dojo/build/robot_sensors:/home/Dojo/Dojo/install/robot_sensors/lib/python3.10/site-packages:/home/Dojo/Dojo/install/robot_perception/local/lib/python3.10/dist-packages:/home/Dojo/Dojo/install/robot_description/local/lib/python3.10/dist-packages:/home/Dojo/Dojo/build/robot_control:/home/Dojo/Dojo/install/robot_control/lib/python3.10/site-packages:${PYTHONPATH} /usr/bin/cmake --build /home/Dojo/Dojo/build/robot_bringup -- -j16 -l16
[0.056s] Invoked command in '/home/Dojo/Dojo/build/robot_bringup' returned '0': AMENT_PREFIX_PATH=/home/Dojo/Dojo/install/robot_sensors:/home/Dojo/Dojo/install/robot_perception:/home/Dojo/Dojo/install/robot_navigation:/home/Dojo/Dojo/install/robot_description:/home/Dojo/Dojo/install/robot_control:${AMENT_PREFIX_PATH} CMAKE_PREFIX_PATH=/home/Dojo/Dojo/install/robot_perception:/home/Dojo/Dojo/install/robot_navigation:/home/Dojo/Dojo/install/robot_description:/opt/ros/humble PYTHONPATH=/home/Dojo/Dojo/build/robot_sensors:/home/Dojo/Dojo/install/robot_sensors/lib/python3.10/site-packages:/home/Dojo/Dojo/install/robot_perception/local/lib/python3.10/dist-packages:/home/Dojo/Dojo/install/robot_description/local/lib/python3.10/dist-packages:/home/Dojo/Dojo/build/robot_control:/home/Dojo/Dojo/install/robot_control/lib/python3.10/site-packages:${PYTHONPATH} /usr/bin/cmake --build /home/Dojo/Dojo/build/robot_bringup -- -j16 -l16
[0.057s] Invoking command in '/home/Dojo/Dojo/build/robot_bringup': AMENT_PREFIX_PATH=/home/Dojo/Dojo/install/robot_sensors:/home/Dojo/Dojo/install/robot_perception:/home/Dojo/Dojo/install/robot_navigation:/home/Dojo/Dojo/install/robot_description:/home/Dojo/Dojo/install/robot_control:${AMENT_PREFIX_PATH} CMAKE_PREFIX_PATH=/home/Dojo/Dojo/install/robot_perception:/home/Dojo/Dojo/install/robot_navigation:/home/Dojo/Dojo/install/robot_description:/opt/ros/humble PYTHONPATH=/home/Dojo/Dojo/build/robot_sensors:/home/Dojo/Dojo/install/robot_sensors/lib/python3.10/site-packages:/home/Dojo/Dojo/install/robot_perception/local/lib/python3.10/dist-packages:/home/Dojo/Dojo/install/robot_description/local/lib/python3.10/dist-packages:/home/Dojo/Dojo/build/robot_control:/home/Dojo/Dojo/install/robot_control/lib/python3.10/site-packages:${PYTHONPATH} /usr/bin/cmake --install /home/Dojo/Dojo/build/robot_bringup
[0.065s] -- Install configuration: ""
[0.065s] -- Execute custom install script
[0.065s] -- Up-to-date symlink: /home/Dojo/Dojo/install/robot_bringup/share/robot_bringup/launch/bringup.launch.py
[0.065s] -- Up-to-date symlink: /home/Dojo/Dojo/install/robot_bringup/share/ament_index/resource_index/package_run_dependencies/robot_bringup
[0.066s] -- Up-to-date symlink: /home/Dojo/Dojo/install/robot_bringup/share/ament_index/resource_index/parent_prefix_path/robot_bringup
[0.066s] -- Up-to-date symlink: /home/Dojo/Dojo/install/robot_bringup/share/robot_bringup/environment/ament_prefix_path.sh
[0.066s] -- Up-to-date symlink: /home/Dojo/Dojo/install/robot_bringup/share/robot_bringup/environment/ament_prefix_path.dsv
[0.066s] -- Up-to-date symlink: /home/Dojo/Dojo/install/robot_bringup/share/robot_bringup/environment/path.sh
[0.066s] -- Up-to-date symlink: /home/Dojo/Dojo/install/robot_bringup/share/robot_bringup/environment/path.dsv
[0.066s] -- Up-to-date symlink: /home/Dojo/Dojo/install/robot_bringup/share/robot_bringup/local_setup.bash
[0.066s] -- Up-to-date symlink: /home/Dojo/Dojo/install/robot_bringup/share/robot_bringup/local_setup.sh
[0.066s] -- Up-to-date symlink: /home/Dojo/Dojo/install/robot_bringup/share/robot_bringup/local_setup.zsh
[0.067s] -- Up-to-date symlink: /home/Dojo/Dojo/install/robot_bringup/share/robot_bringup/local_setup.dsv
[0.067s] -- Symlinking: /home/Dojo/Dojo/install/robot_bringup/share/robot_bringup/package.dsv
[0.076s] -- Up-to-date symlink: /home/Dojo/Dojo/install/robot_bringup/share/ament_index/resource_index/packages/robot_bringup
[0.076s] -- Up-to-date symlink: /home/Dojo/Dojo/install/robot_bringup/share/robot_bringup/cmake/robot_bringupConfig.cmake
[0.076s] -- Up-to-date symlink: /home/Dojo/Dojo/install/robot_bringup/share/robot_bringup/cmake/robot_bringupConfig-version.cmake
[0.076s] -- Up-to-date symlink: /home/Dojo/Dojo/install/robot_bringup/share/robot_bringup/package.xml
[0.079s] Invoked command in '/home/Dojo/Dojo/build/robot_bringup' returned '0': AMENT_PREFIX_PATH=/home/Dojo/Dojo/install/robot_sensors:/home/Dojo/Dojo/install/robot_perception:/home/Dojo/Dojo/install/robot_navigation:/home/Dojo/Dojo/install/robot_description:/home/Dojo/Dojo/install/robot_control:${AMENT_PREFIX_PATH} CMAKE_PREFIX_PATH=/home/Dojo/Dojo/install/robot_perception:/home/Dojo/Dojo/install/robot_navigation:/home/Dojo/Dojo/install/robot_description:/opt/ros/humble PYTHONPATH=/home/Dojo/Dojo/build/robot_sensors:/home/Dojo/Dojo/install/robot_sensors/lib/python3.10/site-packages:/home/Dojo/Dojo/install/robot_perception/local/lib/python3.10/dist-packages:/home/Dojo/Dojo/install/robot_description/local/lib/python3.10/dist-packages:/home/Dojo/Dojo/build/robot_control:/home/Dojo/Dojo/install/robot_control/lib/python3.10/site-packages:${PYTHONPATH} /usr/bin/cmake --install /home/Dojo/Dojo/build/robot_bringup
