[0.379s] Invoking command in '/root/Dojo/build/robot_description': CMAKE_PREFIX_PATH=${CMAKE_PREFIX_PATH}:/root/Dojo/install/robot_perception:/root/Dojo/install/robot_hardware:/root/Dojo/install/robot_control:/opt/ros/humble /usr/bin/cmake /root/Dojo/src/robot_description -DAMENT_CMAKE_SYMLINK_INSTALL=1 -DCMAKE_INSTALL_PREFIX=/root/Dojo/install/robot_description
[1.167s] -- The C compiler identification is GNU 11.4.0
[1.168s] -- The CXX compiler identification is GNU 11.4.0
[1.169s] -- Detecting C compiler ABI info
[1.169s] -- Detecting C compiler ABI info - done
[1.169s] -- Check for working C compiler: /usr/bin/cc - skipped
[1.170s] -- Detecting C compile features
[1.170s] -- Detecting C compile features - done
[1.170s] -- Detecting CXX compiler ABI info
[1.170s] -- Detecting CXX compiler ABI info - done
[1.171s] -- Check for working CXX compiler: /usr/bin/c++ - skipped
[1.171s] -- Detecting CXX compile features
[1.172s] -- Detecting CXX compile features - done
[1.172s] -- Found ament_cmake: 1.3.12 (/opt/ros/humble/share/ament_cmake/cmake)
[1.549s] -- Found Python3: /usr/bin/python3 (found version "3.10.12") found components: Interpreter 
[1.663s] -- Override CMake install command with custom implementation using symlinks instead of copying resources
[1.955s] -- Configuring done
[1.960s] -- Generating done
[1.963s] -- Build files have been written to: /root/Dojo/build/robot_description
[1.969s] Invoked command in '/root/Dojo/build/robot_description' returned '0': CMAKE_PREFIX_PATH=${CMAKE_PREFIX_PATH}:/root/Dojo/install/robot_perception:/root/Dojo/install/robot_hardware:/root/Dojo/install/robot_control:/opt/ros/humble /usr/bin/cmake /root/Dojo/src/robot_description -DAMENT_CMAKE_SYMLINK_INSTALL=1 -DCMAKE_INSTALL_PREFIX=/root/Dojo/install/robot_description
[1.971s] Invoking command in '/root/Dojo/build/robot_description': CMAKE_PREFIX_PATH=${CMAKE_PREFIX_PATH}:/root/Dojo/install/robot_perception:/root/Dojo/install/robot_hardware:/root/Dojo/install/robot_control:/opt/ros/humble /usr/bin/cmake --build /root/Dojo/build/robot_description -- -j16 -l16
[2.050s] Built target ament_cmake_python_symlink_robot_description
[2.485s] running egg_info
[2.486s] creating robot_description.egg-info
[2.504s] writing robot_description.egg-info/PKG-INFO
[2.504s] writing dependency_links to robot_description.egg-info/dependency_links.txt
[2.504s] writing top-level names to robot_description.egg-info/top_level.txt
[2.504s] writing manifest file 'robot_description.egg-info/SOURCES.txt'
[2.557s] reading manifest file 'robot_description.egg-info/SOURCES.txt'
[2.558s] writing manifest file 'robot_description.egg-info/SOURCES.txt'
[2.645s] Built target ament_cmake_python_build_robot_description_egg
[2.666s] Invoked command in '/root/Dojo/build/robot_description' returned '0': CMAKE_PREFIX_PATH=${CMAKE_PREFIX_PATH}:/root/Dojo/install/robot_perception:/root/Dojo/install/robot_hardware:/root/Dojo/install/robot_control:/opt/ros/humble /usr/bin/cmake --build /root/Dojo/build/robot_description -- -j16 -l16
[2.668s] Invoking command in '/root/Dojo/build/robot_description': CMAKE_PREFIX_PATH=${CMAKE_PREFIX_PATH}:/root/Dojo/install/robot_perception:/root/Dojo/install/robot_hardware:/root/Dojo/install/robot_control:/opt/ros/humble /usr/bin/cmake --install /root/Dojo/build/robot_description
[2.680s] -- Install configuration: ""
[2.681s] -- Execute custom install script
[2.681s] -- Up-to-date symlink: /root/Dojo/install/robot_description/share/robot_description/launch/display.launch.py
[2.682s] -- Up-to-date symlink: /root/Dojo/install/robot_description/share/robot_description/launch/robot_state_publisher.launch.py
[2.682s] -- Up-to-date symlink: /root/Dojo/install/robot_description/share/robot_description/urdf/common_properties.xacro
[2.682s] -- Up-to-date symlink: /root/Dojo/install/robot_description/share/robot_description/urdf/dojo_robot.gazebo
[2.683s] -- Up-to-date symlink: /root/Dojo/install/robot_description/share/robot_description/urdf/dojo_robot.urdf.xacro
[2.683s] -- Up-to-date symlink: /root/Dojo/install/robot_description/share/robot_description/urdf/robot.urdf
[2.683s] -- Up-to-date symlink: /root/Dojo/install/robot_description/share/robot_description/urdf/robot.urdf.xacro
[2.683s] -- Up-to-date symlink: /root/Dojo/install/robot_description/share/robot_description/urdf/sensors/rplidar.urdf.xacro
[2.684s] -- Up-to-date symlink: /root/Dojo/install/robot_description/share/robot_description/rviz/display.rviz
[2.684s] -- Up-to-date symlink: /root/Dojo/install/robot_description/share/robot_description/rviz/robot.rviz
[2.684s] -- Up-to-date symlink: /root/Dojo/install/robot_description/share/robot_description/environment/pythonpath.sh
[2.684s] -- Up-to-date symlink: /root/Dojo/install/robot_description/share/robot_description/environment/pythonpath.dsv
[2.685s] -- Up-to-date symlink: /root/Dojo/install/robot_description/local/lib/python3.10/dist-packages/robot_description-0.0.1-py3.10.egg-info/PKG-INFO
[2.685s] -- Up-to-date symlink: /root/Dojo/install/robot_description/local/lib/python3.10/dist-packages/robot_description-0.0.1-py3.10.egg-info/SOURCES.txt
[2.685s] -- Up-to-date symlink: /root/Dojo/install/robot_description/local/lib/python3.10/dist-packages/robot_description-0.0.1-py3.10.egg-info/dependency_links.txt
[2.685s] -- Up-to-date symlink: /root/Dojo/install/robot_description/local/lib/python3.10/dist-packages/robot_description-0.0.1-py3.10.egg-info/top_level.txt
[2.686s] -- Up-to-date symlink: /root/Dojo/install/robot_description/local/lib/python3.10/dist-packages/robot_description/__init__.py
[2.686s] -- Up-to-date symlink: /root/Dojo/install/robot_description/lib/robot_description/display_robot.py
[2.686s] -- Up-to-date symlink: /root/Dojo/install/robot_description/share/ament_index/resource_index/package_run_dependencies/robot_description
[2.687s] -- Up-to-date symlink: /root/Dojo/install/robot_description/share/ament_index/resource_index/parent_prefix_path/robot_description
[2.687s] -- Up-to-date symlink: /root/Dojo/install/robot_description/share/robot_description/environment/ament_prefix_path.sh
[2.687s] -- Up-to-date symlink: /root/Dojo/install/robot_description/share/robot_description/environment/ament_prefix_path.dsv
[2.688s] -- Up-to-date symlink: /root/Dojo/install/robot_description/share/robot_description/environment/path.sh
[2.688s] -- Up-to-date symlink: /root/Dojo/install/robot_description/share/robot_description/environment/path.dsv
[2.688s] -- Up-to-date symlink: /root/Dojo/install/robot_description/share/robot_description/local_setup.bash
[2.688s] -- Up-to-date symlink: /root/Dojo/install/robot_description/share/robot_description/local_setup.sh
[2.689s] -- Up-to-date symlink: /root/Dojo/install/robot_description/share/robot_description/local_setup.zsh
[2.689s] -- Up-to-date symlink: /root/Dojo/install/robot_description/share/robot_description/local_setup.dsv
[2.689s] -- Symlinking: /root/Dojo/install/robot_description/share/robot_description/package.dsv
[2.704s] -- Up-to-date symlink: /root/Dojo/install/robot_description/share/ament_index/resource_index/packages/robot_description
[2.704s] -- Up-to-date symlink: /root/Dojo/install/robot_description/share/robot_description/cmake/robot_descriptionConfig.cmake
[2.704s] -- Up-to-date symlink: /root/Dojo/install/robot_description/share/robot_description/cmake/robot_descriptionConfig-version.cmake
[2.705s] -- Up-to-date symlink: /root/Dojo/install/robot_description/share/robot_description/package.xml
[2.705s] -- Up-to-date: /root/Dojo/install/robot_description/share/robot_description
[2.705s] -- Up-to-date: /root/Dojo/install/robot_description/share/robot_description/urdf
[2.705s] -- Up-to-date: /root/Dojo/install/robot_description/share/robot_description/urdf/sensors
[2.706s] -- Up-to-date: /root/Dojo/install/robot_description/share/robot_description/include
[2.706s] -- Up-to-date: /root/Dojo/install/robot_description/share/robot_description/include/robot_description
[2.706s] -- Up-to-date: /root/Dojo/install/robot_description/share/robot_description/rviz
[2.706s] -- Up-to-date: /root/Dojo/install/robot_description/share/robot_description/src
[2.706s] -- Up-to-date: /root/Dojo/install/robot_description/share/robot_description/src/robot_description
[2.706s] -- Up-to-date: /root/Dojo/install/robot_description/share/robot_description/meshes
[2.707s] -- Up-to-date: /root/Dojo/install/robot_description/share/robot_description/robot_description
[2.707s] -- Up-to-date: /root/Dojo/install/robot_description/share/robot_description/robot_description/robot_description
[2.707s] -- Up-to-date: /root/Dojo/install/robot_description/share/robot_description/scripts
[2.707s] -- Up-to-date: /root/Dojo/install/robot_description/share/robot_description/resource
[2.707s] -- Up-to-date: /root/Dojo/install/robot_description/share/robot_description/launch
[2.707s] -- Up-to-date: /root/Dojo/install/robot_description/share/robot_description/config
[2.708s] -- Up-to-date: /root/Dojo/install/robot_description/lib/robot_description/robot_description
[2.708s] -- Up-to-date: /root/Dojo/install/robot_description/lib/robot_description/robot_description/__init__.py
[2.760s] Listing '/root/Dojo/install/robot_description/local/lib/python3.10/dist-packages/robot_description'...
[2.771s] Invoked command in '/root/Dojo/build/robot_description' returned '0': CMAKE_PREFIX_PATH=${CMAKE_PREFIX_PATH}:/root/Dojo/install/robot_perception:/root/Dojo/install/robot_hardware:/root/Dojo/install/robot_control:/opt/ros/humble /usr/bin/cmake --install /root/Dojo/build/robot_description
