[0.180s] Invoking command in '/home/Dojo/Dojo/build/robot_description': /usr/bin/cmake /home/Dojo/Dojo/src/robot_description -DAMENT_CMAKE_SYMLINK_INSTALL=1 -DCMAKE_INSTALL_PREFIX=/home/Dojo/Dojo/install/robot_description
[0.571s] -- The C compiler identification is GNU 11.4.0
[0.571s] -- The CXX compiler identification is GNU 11.4.0
[0.571s] -- Detecting C compiler ABI info
[0.571s] -- Detecting C compiler ABI info - done
[0.571s] -- Check for working C compiler: /usr/bin/cc - skipped
[0.571s] -- Detecting C compile features
[0.571s] -- Detecting C compile features - done
[0.571s] -- Detecting CXX compiler ABI info
[0.571s] -- Detecting CXX compiler ABI info - done
[0.571s] -- Check for working CXX compiler: /usr/bin/c++ - skipped
[0.571s] -- Detecting CXX compile features
[0.571s] -- Detecting CXX compile features - done
[0.571s] -- Configuring incomplete, errors occurred!
[0.572s] See also "/home/Dojo/Dojo/build/robot_description/CMakeFiles/CMakeOutput.log".
[0.574s] [31mCMake Error at CMakeLists.txt:10 (find_package):
[0.574s]   By not providing "Findament_cmake.cmake" in CMAKE_MODULE_PATH this project
[0.574s]   has asked CMake to find a package configuration file provided by
[0.574s]   "ament_cmake", but CMake did not find one.
[0.574s] 
[0.574s]   Could not find a package configuration file provided by "ament_cmake" with
[0.574s]   any of the following names:
[0.574s] 
[0.574s]     ament_cmakeConfig.cmake
[0.574s]     ament_cmake-config.cmake
[0.575s] 
[0.575s]   Add the installation prefix of "ament_cmake" to CMAKE_PREFIX_PATH or set
[0.575s]   "ament_cmake_DIR" to a directory containing one of the above files.  If
[0.575s]   "ament_cmake" provides a separate development package or SDK, be sure it
[0.575s]   has been installed.
[0.575s] 
[0.575s] [0m
[0.582s] Invoked command in '/home/Dojo/Dojo/build/robot_description' returned '1': /usr/bin/cmake /home/Dojo/Dojo/src/robot_description -DAMENT_CMAKE_SYMLINK_INSTALL=1 -DCMAKE_INSTALL_PREFIX=/home/Dojo/Dojo/install/robot_description
