[0.011s] Invoking command in '/home/Dojo/Dojo/build/robot_bringup': AMENT_PREFIX_PATH=/home/Dojo/Dojo/install/robot_sensors:/home/Dojo/Dojo/install/robot_perception:/home/Dojo/Dojo/install/robot_navigation:/home/Dojo/Dojo/install/robot_description:/home/Dojo/Dojo/install/robot_control:${AMENT_PREFIX_PATH} CMAKE_PREFIX_PATH=/home/Dojo/Dojo/install/robot_perception:/home/Dojo/Dojo/install/robot_navigation:/home/Dojo/Dojo/install/robot_description:/opt/ros/humble PYTHONPATH=/home/Dojo/Dojo/build/robot_sensors:/home/Dojo/Dojo/install/robot_sensors/lib/python3.10/site-packages:/home/Dojo/Dojo/install/robot_perception/local/lib/python3.10/dist-packages:/home/Dojo/Dojo/install/robot_description/local/lib/python3.10/dist-packages:/home/Dojo/Dojo/build/robot_control:/home/Dojo/Dojo/install/robot_control/lib/python3.10/site-packages:${PYTHONPATH} /usr/bin/cmake /home/Dojo/Dojo/src/robot_bringup -DAMENT_CMAKE_SYMLINK_INSTALL=1 -DCMAKE_INSTALL_PREFIX=/home/Dojo/Dojo/install/robot_bringup
[0.060s] -- The C compiler identification is GNU 11.4.0
[0.109s] -- The CXX compiler identification is GNU 11.4.0
[0.116s] -- Detecting C compiler ABI info
[0.179s] -- Detecting C compiler ABI info - done
[0.185s] -- Check for working C compiler: /usr/bin/cc - skipped
[0.185s] -- Detecting C compile features
[0.185s] -- Detecting C compile features - done
[0.188s] -- Detecting CXX compiler ABI info
[0.260s] -- Detecting CXX compiler ABI info - done
[0.266s] -- Check for working CXX compiler: /usr/bin/c++ - skipped
[0.266s] -- Detecting CXX compile features
[0.267s] -- Detecting CXX compile features - done
[0.270s] -- Found ament_cmake: 1.3.11 (/opt/ros/humble/share/ament_cmake/cmake)
[0.408s] -- Found Python3: /usr/bin/python3 (found version "3.10.12") found components: Interpreter 
[0.464s] -- Override CMake install command with custom implementation using symlinks instead of copying resources
[0.557s] -- Configuring done
[0.560s] -- Generating done
[0.562s] -- Build files have been written to: /home/Dojo/Dojo/build/robot_bringup
[0.566s] Invoked command in '/home/Dojo/Dojo/build/robot_bringup' returned '0': AMENT_PREFIX_PATH=/home/Dojo/Dojo/install/robot_sensors:/home/Dojo/Dojo/install/robot_perception:/home/Dojo/Dojo/install/robot_navigation:/home/Dojo/Dojo/install/robot_description:/home/Dojo/Dojo/install/robot_control:${AMENT_PREFIX_PATH} CMAKE_PREFIX_PATH=/home/Dojo/Dojo/install/robot_perception:/home/Dojo/Dojo/install/robot_navigation:/home/Dojo/Dojo/install/robot_description:/opt/ros/humble PYTHONPATH=/home/Dojo/Dojo/build/robot_sensors:/home/Dojo/Dojo/install/robot_sensors/lib/python3.10/site-packages:/home/Dojo/Dojo/install/robot_perception/local/lib/python3.10/dist-packages:/home/Dojo/Dojo/install/robot_description/local/lib/python3.10/dist-packages:/home/Dojo/Dojo/build/robot_control:/home/Dojo/Dojo/install/robot_control/lib/python3.10/site-packages:${PYTHONPATH} /usr/bin/cmake /home/Dojo/Dojo/src/robot_bringup -DAMENT_CMAKE_SYMLINK_INSTALL=1 -DCMAKE_INSTALL_PREFIX=/home/Dojo/Dojo/install/robot_bringup
[0.567s] Invoking command in '/home/Dojo/Dojo/build/robot_bringup': AMENT_PREFIX_PATH=/home/Dojo/Dojo/install/robot_sensors:/home/Dojo/Dojo/install/robot_perception:/home/Dojo/Dojo/install/robot_navigation:/home/Dojo/Dojo/install/robot_description:/home/Dojo/Dojo/install/robot_control:${AMENT_PREFIX_PATH} CMAKE_PREFIX_PATH=/home/Dojo/Dojo/install/robot_perception:/home/Dojo/Dojo/install/robot_navigation:/home/Dojo/Dojo/install/robot_description:/opt/ros/humble PYTHONPATH=/home/Dojo/Dojo/build/robot_sensors:/home/Dojo/Dojo/install/robot_sensors/lib/python3.10/site-packages:/home/Dojo/Dojo/install/robot_perception/local/lib/python3.10/dist-packages:/home/Dojo/Dojo/install/robot_description/local/lib/python3.10/dist-packages:/home/Dojo/Dojo/build/robot_control:/home/Dojo/Dojo/install/robot_control/lib/python3.10/site-packages:${PYTHONPATH} /usr/bin/cmake --build /home/Dojo/Dojo/build/robot_bringup -- -j16 -l16
[0.602s] Invoked command in '/home/Dojo/Dojo/build/robot_bringup' returned '0': AMENT_PREFIX_PATH=/home/Dojo/Dojo/install/robot_sensors:/home/Dojo/Dojo/install/robot_perception:/home/Dojo/Dojo/install/robot_navigation:/home/Dojo/Dojo/install/robot_description:/home/Dojo/Dojo/install/robot_control:${AMENT_PREFIX_PATH} CMAKE_PREFIX_PATH=/home/Dojo/Dojo/install/robot_perception:/home/Dojo/Dojo/install/robot_navigation:/home/Dojo/Dojo/install/robot_description:/opt/ros/humble PYTHONPATH=/home/Dojo/Dojo/build/robot_sensors:/home/Dojo/Dojo/install/robot_sensors/lib/python3.10/site-packages:/home/Dojo/Dojo/install/robot_perception/local/lib/python3.10/dist-packages:/home/Dojo/Dojo/install/robot_description/local/lib/python3.10/dist-packages:/home/Dojo/Dojo/build/robot_control:/home/Dojo/Dojo/install/robot_control/lib/python3.10/site-packages:${PYTHONPATH} /usr/bin/cmake --build /home/Dojo/Dojo/build/robot_bringup -- -j16 -l16
[0.603s] Invoking command in '/home/Dojo/Dojo/build/robot_bringup': AMENT_PREFIX_PATH=/home/Dojo/Dojo/install/robot_sensors:/home/Dojo/Dojo/install/robot_perception:/home/Dojo/Dojo/install/robot_navigation:/home/Dojo/Dojo/install/robot_description:/home/Dojo/Dojo/install/robot_control:${AMENT_PREFIX_PATH} CMAKE_PREFIX_PATH=/home/Dojo/Dojo/install/robot_perception:/home/Dojo/Dojo/install/robot_navigation:/home/Dojo/Dojo/install/robot_description:/opt/ros/humble PYTHONPATH=/home/Dojo/Dojo/build/robot_sensors:/home/Dojo/Dojo/install/robot_sensors/lib/python3.10/site-packages:/home/Dojo/Dojo/install/robot_perception/local/lib/python3.10/dist-packages:/home/Dojo/Dojo/install/robot_description/local/lib/python3.10/dist-packages:/home/Dojo/Dojo/build/robot_control:/home/Dojo/Dojo/install/robot_control/lib/python3.10/site-packages:${PYTHONPATH} /usr/bin/cmake --install /home/Dojo/Dojo/build/robot_bringup
[0.611s] -- Install configuration: ""
[0.611s] -- Execute custom install script
[0.612s] -- Symlinking: /home/Dojo/Dojo/install/robot_bringup/share/robot_bringup/launch/bringup.launch.py
[0.620s] -- Symlinking: /home/Dojo/Dojo/install/robot_bringup/share/ament_index/resource_index/package_run_dependencies/robot_bringup
[0.628s] -- Symlinking: /home/Dojo/Dojo/install/robot_bringup/share/ament_index/resource_index/parent_prefix_path/robot_bringup
[0.637s] -- Symlinking: /home/Dojo/Dojo/install/robot_bringup/share/robot_bringup/environment/ament_prefix_path.sh
[0.645s] -- Symlinking: /home/Dojo/Dojo/install/robot_bringup/share/robot_bringup/environment/ament_prefix_path.dsv
[0.652s] -- Symlinking: /home/Dojo/Dojo/install/robot_bringup/share/robot_bringup/environment/path.sh
[0.660s] -- Symlinking: /home/Dojo/Dojo/install/robot_bringup/share/robot_bringup/environment/path.dsv
[0.668s] -- Symlinking: /home/Dojo/Dojo/install/robot_bringup/share/robot_bringup/local_setup.bash
[0.676s] -- Symlinking: /home/Dojo/Dojo/install/robot_bringup/share/robot_bringup/local_setup.sh
[0.685s] -- Symlinking: /home/Dojo/Dojo/install/robot_bringup/share/robot_bringup/local_setup.zsh
[0.693s] -- Symlinking: /home/Dojo/Dojo/install/robot_bringup/share/robot_bringup/local_setup.dsv
[0.701s] -- Symlinking: /home/Dojo/Dojo/install/robot_bringup/share/robot_bringup/package.dsv
[0.711s] -- Symlinking: /home/Dojo/Dojo/install/robot_bringup/share/ament_index/resource_index/packages/robot_bringup
[0.719s] -- Symlinking: /home/Dojo/Dojo/install/robot_bringup/share/robot_bringup/cmake/robot_bringupConfig.cmake
[0.727s] -- Symlinking: /home/Dojo/Dojo/install/robot_bringup/share/robot_bringup/cmake/robot_bringupConfig-version.cmake
[0.735s] -- Symlinking: /home/Dojo/Dojo/install/robot_bringup/share/robot_bringup/package.xml
[0.745s] Invoked command in '/home/Dojo/Dojo/build/robot_bringup' returned '0': AMENT_PREFIX_PATH=/home/Dojo/Dojo/install/robot_sensors:/home/Dojo/Dojo/install/robot_perception:/home/Dojo/Dojo/install/robot_navigation:/home/Dojo/Dojo/install/robot_description:/home/Dojo/Dojo/install/robot_control:${AMENT_PREFIX_PATH} CMAKE_PREFIX_PATH=/home/Dojo/Dojo/install/robot_perception:/home/Dojo/Dojo/install/robot_navigation:/home/Dojo/Dojo/install/robot_description:/opt/ros/humble PYTHONPATH=/home/Dojo/Dojo/build/robot_sensors:/home/Dojo/Dojo/install/robot_sensors/lib/python3.10/site-packages:/home/Dojo/Dojo/install/robot_perception/local/lib/python3.10/dist-packages:/home/Dojo/Dojo/install/robot_description/local/lib/python3.10/dist-packages:/home/Dojo/Dojo/build/robot_control:/home/Dojo/Dojo/install/robot_control/lib/python3.10/site-packages:${PYTHONPATH} /usr/bin/cmake --install /home/Dojo/Dojo/build/robot_bringup
