[0.015s] Invoking command in '/root/Dojo/build/robot_bringup': AMENT_PREFIX_PATH=/root/Dojo/install/robot_perception:/root/Dojo/install/robot_hardware:/root/Dojo/install/robot_control:/root/Dojo/install/robot_bringup:/root/Dojo/install/robot_navigation:/root/Dojo/install/robot_interfaces:/root/Dojo/install/robot_gazebo:/root/Dojo/install/robot_description:/root/Dojo/install/camera_ros:/opt/ros/humble CMAKE_PREFIX_PATH=/root/Dojo/install/robot_navigation:/root/Dojo/install/robot_description:/root/Dojo/install/robot_bringup:/root/Dojo/install/robot_interfaces:/root/Dojo/install/robot_gazebo:/root/Dojo/install/camera_ros:/root/Dojo/install/robot_perception:/root/Dojo/install/robot_hardware:/root/Dojo/install/robot_control:/opt/ros/humble PYTHONPATH=/root/Dojo/build/robot_perception:/root/Dojo/install/robot_perception/lib/python3.10/site-packages:/root/Dojo/build/robot_hardware:/root/Dojo/install/robot_hardware/lib/python3.10/site-packages:/root/Dojo/build/robot_control:/root/Dojo/install/robot_control/lib/python3.10/site-packages:/root/Dojo/install/robot_interfaces/local/lib/python3.10/dist-packages:/root/Dojo/install/robot_description/local/lib/python3.10/dist-packages:/opt/ros/humble/lib/python3.10/site-packages:/opt/ros/humble/local/lib/python3.10/dist-packages /usr/bin/cmake /root/Dojo/src/robot_bringup -DAMENT_CMAKE_SYMLINK_INSTALL=1 -DCMAKE_INSTALL_PREFIX=/root/Dojo/install/robot_bringup
[0.071s] -- The C compiler identification is GNU 11.4.0
[0.129s] -- The CXX compiler identification is GNU 11.4.0
[0.137s] -- Detecting C compiler ABI info
[0.212s] -- Detecting C compiler ABI info - done
[0.219s] -- Check for working C compiler: /usr/bin/cc - skipped
[0.219s] -- Detecting C compile features
[0.219s] -- Detecting C compile features - done
[0.222s] -- Detecting CXX compiler ABI info
[0.307s] -- Detecting CXX compiler ABI info - done
[0.314s] -- Check for working CXX compiler: /usr/bin/c++ - skipped
[0.314s] -- Detecting CXX compile features
[0.315s] -- Detecting CXX compile features - done
[0.319s] -- Found ament_cmake: 1.3.12 (/opt/ros/humble/share/ament_cmake/cmake)
[1.202s] -- Found Python3: /usr/bin/python3 (found version "3.10.12") found components: Interpreter 
[1.342s] -- Override CMake install command with custom implementation using symlinks instead of copying resources
[1.590s] -- Configuring done
[1.596s] -- Generating done
[1.599s] -- Build files have been written to: /root/Dojo/build/robot_bringup
[1.611s] Invoked command in '/root/Dojo/build/robot_bringup' returned '0': AMENT_PREFIX_PATH=/root/Dojo/install/robot_perception:/root/Dojo/install/robot_hardware:/root/Dojo/install/robot_control:/root/Dojo/install/robot_bringup:/root/Dojo/install/robot_navigation:/root/Dojo/install/robot_interfaces:/root/Dojo/install/robot_gazebo:/root/Dojo/install/robot_description:/root/Dojo/install/camera_ros:/opt/ros/humble CMAKE_PREFIX_PATH=/root/Dojo/install/robot_navigation:/root/Dojo/install/robot_description:/root/Dojo/install/robot_bringup:/root/Dojo/install/robot_interfaces:/root/Dojo/install/robot_gazebo:/root/Dojo/install/camera_ros:/root/Dojo/install/robot_perception:/root/Dojo/install/robot_hardware:/root/Dojo/install/robot_control:/opt/ros/humble PYTHONPATH=/root/Dojo/build/robot_perception:/root/Dojo/install/robot_perception/lib/python3.10/site-packages:/root/Dojo/build/robot_hardware:/root/Dojo/install/robot_hardware/lib/python3.10/site-packages:/root/Dojo/build/robot_control:/root/Dojo/install/robot_control/lib/python3.10/site-packages:/root/Dojo/install/robot_interfaces/local/lib/python3.10/dist-packages:/root/Dojo/install/robot_description/local/lib/python3.10/dist-packages:/opt/ros/humble/lib/python3.10/site-packages:/opt/ros/humble/local/lib/python3.10/dist-packages /usr/bin/cmake /root/Dojo/src/robot_bringup -DAMENT_CMAKE_SYMLINK_INSTALL=1 -DCMAKE_INSTALL_PREFIX=/root/Dojo/install/robot_bringup
[1.612s] Invoking command in '/root/Dojo/build/robot_bringup': AMENT_PREFIX_PATH=/root/Dojo/install/robot_perception:/root/Dojo/install/robot_hardware:/root/Dojo/install/robot_control:/root/Dojo/install/robot_bringup:/root/Dojo/install/robot_navigation:/root/Dojo/install/robot_interfaces:/root/Dojo/install/robot_gazebo:/root/Dojo/install/robot_description:/root/Dojo/install/camera_ros:/opt/ros/humble CMAKE_PREFIX_PATH=/root/Dojo/install/robot_navigation:/root/Dojo/install/robot_description:/root/Dojo/install/robot_bringup:/root/Dojo/install/robot_interfaces:/root/Dojo/install/robot_gazebo:/root/Dojo/install/camera_ros:/root/Dojo/install/robot_perception:/root/Dojo/install/robot_hardware:/root/Dojo/install/robot_control:/opt/ros/humble PYTHONPATH=/root/Dojo/build/robot_perception:/root/Dojo/install/robot_perception/lib/python3.10/site-packages:/root/Dojo/build/robot_hardware:/root/Dojo/install/robot_hardware/lib/python3.10/site-packages:/root/Dojo/build/robot_control:/root/Dojo/install/robot_control/lib/python3.10/site-packages:/root/Dojo/install/robot_interfaces/local/lib/python3.10/dist-packages:/root/Dojo/install/robot_description/local/lib/python3.10/dist-packages:/opt/ros/humble/lib/python3.10/site-packages:/opt/ros/humble/local/lib/python3.10/dist-packages /usr/bin/cmake --build /root/Dojo/build/robot_bringup -- -j16 -l16
[1.718s] Invoked command in '/root/Dojo/build/robot_bringup' returned '0': AMENT_PREFIX_PATH=/root/Dojo/install/robot_perception:/root/Dojo/install/robot_hardware:/root/Dojo/install/robot_control:/root/Dojo/install/robot_bringup:/root/Dojo/install/robot_navigation:/root/Dojo/install/robot_interfaces:/root/Dojo/install/robot_gazebo:/root/Dojo/install/robot_description:/root/Dojo/install/camera_ros:/opt/ros/humble CMAKE_PREFIX_PATH=/root/Dojo/install/robot_navigation:/root/Dojo/install/robot_description:/root/Dojo/install/robot_bringup:/root/Dojo/install/robot_interfaces:/root/Dojo/install/robot_gazebo:/root/Dojo/install/camera_ros:/root/Dojo/install/robot_perception:/root/Dojo/install/robot_hardware:/root/Dojo/install/robot_control:/opt/ros/humble PYTHONPATH=/root/Dojo/build/robot_perception:/root/Dojo/install/robot_perception/lib/python3.10/site-packages:/root/Dojo/build/robot_hardware:/root/Dojo/install/robot_hardware/lib/python3.10/site-packages:/root/Dojo/build/robot_control:/root/Dojo/install/robot_control/lib/python3.10/site-packages:/root/Dojo/install/robot_interfaces/local/lib/python3.10/dist-packages:/root/Dojo/install/robot_description/local/lib/python3.10/dist-packages:/opt/ros/humble/lib/python3.10/site-packages:/opt/ros/humble/local/lib/python3.10/dist-packages /usr/bin/cmake --build /root/Dojo/build/robot_bringup -- -j16 -l16
[1.722s] Invoking command in '/root/Dojo/build/robot_bringup': AMENT_PREFIX_PATH=/root/Dojo/install/robot_perception:/root/Dojo/install/robot_hardware:/root/Dojo/install/robot_control:/root/Dojo/install/robot_bringup:/root/Dojo/install/robot_navigation:/root/Dojo/install/robot_interfaces:/root/Dojo/install/robot_gazebo:/root/Dojo/install/robot_description:/root/Dojo/install/camera_ros:/opt/ros/humble CMAKE_PREFIX_PATH=/root/Dojo/install/robot_navigation:/root/Dojo/install/robot_description:/root/Dojo/install/robot_bringup:/root/Dojo/install/robot_interfaces:/root/Dojo/install/robot_gazebo:/root/Dojo/install/camera_ros:/root/Dojo/install/robot_perception:/root/Dojo/install/robot_hardware:/root/Dojo/install/robot_control:/opt/ros/humble PYTHONPATH=/root/Dojo/build/robot_perception:/root/Dojo/install/robot_perception/lib/python3.10/site-packages:/root/Dojo/build/robot_hardware:/root/Dojo/install/robot_hardware/lib/python3.10/site-packages:/root/Dojo/build/robot_control:/root/Dojo/install/robot_control/lib/python3.10/site-packages:/root/Dojo/install/robot_interfaces/local/lib/python3.10/dist-packages:/root/Dojo/install/robot_description/local/lib/python3.10/dist-packages:/opt/ros/humble/lib/python3.10/site-packages:/opt/ros/humble/local/lib/python3.10/dist-packages /usr/bin/cmake --install /root/Dojo/build/robot_bringup
[1.737s] -- Install configuration: ""
[1.740s] -- Execute custom install script
[1.741s] -- Symlinking: /root/Dojo/install/robot_bringup/share/robot_bringup/launch/bringup.launch.py
[1.760s] -- Symlinking: /root/Dojo/install/robot_bringup/share/robot_bringup/launch/modified_bringup.launch.py
[1.783s] -- Symlinking: /root/Dojo/install/robot_bringup/share/ament_index/resource_index/package_run_dependencies/robot_bringup
[1.799s] -- Symlinking: /root/Dojo/install/robot_bringup/share/ament_index/resource_index/parent_prefix_path/robot_bringup
[1.820s] -- Symlinking: /root/Dojo/install/robot_bringup/share/robot_bringup/environment/ament_prefix_path.sh
[1.848s] -- Symlinking: /root/Dojo/install/robot_bringup/share/robot_bringup/environment/ament_prefix_path.dsv
[1.865s] -- Symlinking: /root/Dojo/install/robot_bringup/share/robot_bringup/environment/path.sh
[1.883s] -- Symlinking: /root/Dojo/install/robot_bringup/share/robot_bringup/environment/path.dsv
[1.908s] -- Symlinking: /root/Dojo/install/robot_bringup/share/robot_bringup/local_setup.bash
[1.927s] -- Symlinking: /root/Dojo/install/robot_bringup/share/robot_bringup/local_setup.sh
[1.947s] -- Symlinking: /root/Dojo/install/robot_bringup/share/robot_bringup/local_setup.zsh
[1.969s] -- Symlinking: /root/Dojo/install/robot_bringup/share/robot_bringup/local_setup.dsv
[1.990s] -- Symlinking: /root/Dojo/install/robot_bringup/share/robot_bringup/package.dsv
[2.016s] -- Symlinking: /root/Dojo/install/robot_bringup/share/ament_index/resource_index/packages/robot_bringup
[2.048s] -- Symlinking: /root/Dojo/install/robot_bringup/share/robot_bringup/cmake/robot_bringupConfig.cmake
[2.065s] -- Symlinking: /root/Dojo/install/robot_bringup/share/robot_bringup/cmake/robot_bringupConfig-version.cmake
[2.095s] -- Symlinking: /root/Dojo/install/robot_bringup/share/robot_bringup/package.xml
[2.118s] Invoked command in '/root/Dojo/build/robot_bringup' returned '0': AMENT_PREFIX_PATH=/root/Dojo/install/robot_perception:/root/Dojo/install/robot_hardware:/root/Dojo/install/robot_control:/root/Dojo/install/robot_bringup:/root/Dojo/install/robot_navigation:/root/Dojo/install/robot_interfaces:/root/Dojo/install/robot_gazebo:/root/Dojo/install/robot_description:/root/Dojo/install/camera_ros:/opt/ros/humble CMAKE_PREFIX_PATH=/root/Dojo/install/robot_navigation:/root/Dojo/install/robot_description:/root/Dojo/install/robot_bringup:/root/Dojo/install/robot_interfaces:/root/Dojo/install/robot_gazebo:/root/Dojo/install/camera_ros:/root/Dojo/install/robot_perception:/root/Dojo/install/robot_hardware:/root/Dojo/install/robot_control:/opt/ros/humble PYTHONPATH=/root/Dojo/build/robot_perception:/root/Dojo/install/robot_perception/lib/python3.10/site-packages:/root/Dojo/build/robot_hardware:/root/Dojo/install/robot_hardware/lib/python3.10/site-packages:/root/Dojo/build/robot_control:/root/Dojo/install/robot_control/lib/python3.10/site-packages:/root/Dojo/install/robot_interfaces/local/lib/python3.10/dist-packages:/root/Dojo/install/robot_description/local/lib/python3.10/dist-packages:/opt/ros/humble/lib/python3.10/site-packages:/opt/ros/humble/local/lib/python3.10/dist-packages /usr/bin/cmake --install /root/Dojo/build/robot_bringup
