[0.940s] Invoking command in '/root/Dojo/build/camera_ros': CMAKE_PREFIX_PATH=/opt/ros/humble /usr/bin/cmake --build /root/Dojo/build/camera_ros -- -j16 -l16
[1.008s] [35m[1mConsolidate compiler generated dependencies of target camera_node[0m
[1.008s] [35m[1mConsolidate compiler generated dependencies of target utils[0m
[1.018s] [35m[1mConsolidate compiler generated dependencies of target param[0m
[1.055s] [ 15%] Built target utils
[1.073s] [ 69%] Built target param
[1.079s] [ 84%] Built target camera_node
[1.091s] [35m[1mConsolidate compiler generated dependencies of target camera_component[0m
[1.129s] [100%] Built target camera_component
[1.144s] Invoked command in '/root/Dojo/build/camera_ros' returned '0': CMAKE_PREFIX_PATH=/opt/ros/humble /usr/bin/cmake --build /root/Dojo/build/camera_ros -- -j16 -l16
[1.145s] Invoking command in '/root/Dojo/build/camera_ros': CMAKE_PREFIX_PATH=/opt/ros/humble /usr/bin/cmake --install /root/Dojo/build/camera_ros
[1.154s] -- Install configuration: ""
[1.154s] -- Execute custom install script
[1.155s] -- Up-to-date symlink: /root/Dojo/install/camera_ros/lib/camera_ros/camera_node
[1.155s] -- Up-to-date symlink: /root/Dojo/install/camera_ros/share/camera_ros/environment/library_path.sh
[1.155s] -- Up-to-date symlink: /root/Dojo/install/camera_ros/share/camera_ros/environment/library_path.dsv
[1.156s] -- Up-to-date symlink: /root/Dojo/install/camera_ros/share/camera_ros//launch/camera.launch.py
[1.156s] -- Up-to-date symlink: /root/Dojo/install/camera_ros/share/ament_index/resource_index/package_run_dependencies/camera_ros
[1.156s] -- Up-to-date symlink: /root/Dojo/install/camera_ros/share/ament_index/resource_index/parent_prefix_path/camera_ros
[1.157s] -- Up-to-date symlink: /root/Dojo/install/camera_ros/share/camera_ros/environment/ament_prefix_path.sh
[1.157s] -- Up-to-date symlink: /root/Dojo/install/camera_ros/share/camera_ros/environment/ament_prefix_path.dsv
[1.157s] -- Up-to-date symlink: /root/Dojo/install/camera_ros/share/camera_ros/environment/path.sh
[1.157s] -- Up-to-date symlink: /root/Dojo/install/camera_ros/share/camera_ros/environment/path.dsv
[1.158s] -- Up-to-date symlink: /root/Dojo/install/camera_ros/share/camera_ros/local_setup.bash
[1.158s] -- Up-to-date symlink: /root/Dojo/install/camera_ros/share/camera_ros/local_setup.sh
[1.158s] -- Up-to-date symlink: /root/Dojo/install/camera_ros/share/camera_ros/local_setup.zsh
[1.158s] -- Up-to-date symlink: /root/Dojo/install/camera_ros/share/camera_ros/local_setup.dsv
[1.159s] -- Symlinking: /root/Dojo/install/camera_ros/share/camera_ros/package.dsv
[1.170s] -- Up-to-date symlink: /root/Dojo/install/camera_ros/share/ament_index/resource_index/packages/camera_ros
[1.170s] -- Up-to-date symlink: /root/Dojo/install/camera_ros/share/ament_index/resource_index/rclcpp_components/camera_ros
[1.171s] -- Up-to-date symlink: /root/Dojo/install/camera_ros/share/camera_ros/cmake/ament_cmake_export_targets-extras.cmake
[1.171s] -- Up-to-date symlink: /root/Dojo/install/camera_ros/share/camera_ros/cmake/ament_cmake_export_dependencies-extras.cmake
[1.171s] -- Up-to-date symlink: /root/Dojo/install/camera_ros/share/camera_ros/cmake/camera_rosConfig.cmake
[1.171s] -- Up-to-date symlink: /root/Dojo/install/camera_ros/share/camera_ros/cmake/camera_rosConfig-version.cmake
[1.171s] -- Up-to-date symlink: /root/Dojo/install/camera_ros/share/camera_ros/package.xml
[1.172s] -- Up-to-date: /root/Dojo/install/camera_ros/lib/libcamera_component.so
[1.172s] -- Up-to-date: /root/Dojo/install/camera_ros/share/camera_ros/cmake/camera_componentTargetsExport.cmake
[1.172s] -- Up-to-date: /root/Dojo/install/camera_ros/share/camera_ros/cmake/camera_componentTargetsExport-noconfig.cmake
[1.175s] Invoked command in '/root/Dojo/build/camera_ros' returned '0': CMAKE_PREFIX_PATH=/opt/ros/humble /usr/bin/cmake --install /root/Dojo/build/camera_ros
