[0.000000] (-) TimerEvent: {}
[0.000507] (-) JobUnselected: {'identifier': 'arduino_bridge'}
[0.000575] (-) JobUnselected: {'identifier': 'camera_ros'}
[0.000600] (-) JobUnselected: {'identifier': 'nv21_converter_pkg'}
[0.000667] (-) JobUnselected: {'identifier': 'robot_bringup'}
[0.000736] (-) JobUnselected: {'identifier': 'robot_control'}
[0.000867] (-) JobUnselected: {'identifier': 'robot_gazebo'}
[0.000925] (-) JobUnselected: {'identifier': 'robot_hardware'}
[0.000947] (-) JobUnselected: {'identifier': 'robot_interfaces'}
[0.000963] (-) JobUnselected: {'identifier': 'robot_launch'}
[0.000977] (-) JobUnselected: {'identifier': 'robot_navigation'}
[0.000992] (-) JobUnselected: {'identifier': 'robot_perception'}
[0.001005] (-) JobUnselected: {'identifier': 'robot_sensors'}
[0.001017] (-) JobUnselected: {'identifier': 'ros2arduino_bridge'}
[0.001031] (-) JobUnselected: {'identifier': 'vision_system'}
[0.001051] (robot_description) JobQueued: {'identifier': 'robot_description', 'dependencies': OrderedDict()}
[0.001073] (robot_description) JobStarted: {'identifier': 'robot_description'}
[0.015301] (robot_description) JobProgress: {'identifier': 'robot_description', 'progress': 'cmake'}
[0.015952] (robot_description) JobProgress: {'identifier': 'robot_description', 'progress': 'build'}
[0.016554] (robot_description) Command: {'cmd': ['/usr/bin/cmake', '--build', '/root/Dojo/build/robot_description', '--', '-j16', '-l16'], 'cwd': '/root/Dojo/build/robot_description', 'env': OrderedDict([('HOSTNAME', 'gareth-joel-HP-Pavilion-Gaming-Laptop-15-ec2xxx'), ('SHLVL', '0'), ('LD_LIBRARY_PATH', '/root/Dojo/install/robot_interfaces/lib:/root/Dojo/install/camera_ros/lib:/usr/lib/x86_64-linux-gnu/gazebo-11/plugins:/opt/ros/humble/opt/rviz_ogre_vendor/lib:/opt/ros/humble/lib/x86_64-linux-gnu:/opt/ros/humble/lib'), ('HOME', '/root'), ('OLDPWD', '/'), ('ROS_PYTHON_VERSION', '3'), ('COLCON_PREFIX_PATH', '/root/Dojo/install'), ('ROS_DISTRO', 'humble'), ('_', '/usr/bin/colcon'), ('ROS_VERSION', '2'), ('TERM', 'xterm'), ('ROS_LOCALHOST_ONLY', '0'), ('QT_X11_NO_MITSHM', '1'), ('PATH', '/root/Dojo/install/robot_perception/bin:/opt/ros/humble/bin:/usr/local/sbin:/usr/local/bin:/usr/sbin:/usr/bin:/sbin:/bin'), ('DISPLAY', ':0'), ('LANG', 'C.UTF-8'), ('AMENT_PREFIX_PATH', '/root/Dojo/install/vision_system:/root/Dojo/install/robot_launch:/root/Dojo/install/ros2arduino_bridge:/root/Dojo/install/robot_sensors:/root/Dojo/install/robot_bringup:/root/Dojo/install/robot_perception:/root/Dojo/install/robot_navigation:/root/Dojo/install/robot_interfaces:/root/Dojo/install/robot_hardware:/root/Dojo/install/robot_description:/root/Dojo/install/robot_control:/root/Dojo/install/nv21_converter_pkg:/root/Dojo/install/camera_ros:/root/Dojo/install/articubot_one:/root/Dojo/install/arduino_bridge:/opt/ros/humble'), ('PWD', '/root/Dojo/build/robot_description'), ('LC_ALL', 'C.UTF-8'), ('PYTHONPATH', '/root/Dojo/build/vision_system:/root/Dojo/install/vision_system/lib/python3.10/site-packages:/root/Dojo/build/robot_launch:/root/Dojo/install/robot_launch/lib/python3.10/site-packages:/root/Dojo/build/ros2arduino_bridge:/root/Dojo/install/ros2arduino_bridge/lib/python3.10/site-packages:/root/Dojo/build/robot_sensors:/root/Dojo/install/robot_sensors/lib/python3.10/site-packages:/root/Dojo/build/robot_perception:/root/Dojo/install/robot_perception/lib/python3.10/site-packages:/root/Dojo/install/robot_interfaces/local/lib/python3.10/dist-packages:/root/Dojo/build/robot_hardware:/root/Dojo/install/robot_hardware/lib/python3.10/site-packages:/root/Dojo/install/robot_description/local/lib/python3.10/dist-packages:/root/Dojo/build/robot_control:/root/Dojo/install/robot_control/lib/python3.10/site-packages:/root/Dojo/build/nv21_converter_pkg:/root/Dojo/install/nv21_converter_pkg/lib/python3.10/site-packages:/root/Dojo/build/arduino_bridge:/root/Dojo/install/arduino_bridge/lib/python3.10/site-packages:/opt/ros/humble/lib/python3.10/site-packages:/opt/ros/humble/local/lib/python3.10/dist-packages'), ('COLCON', '1'), ('CMAKE_PREFIX_PATH', '/root/Dojo/install/robot_bringup:/root/Dojo/install/robot_navigation:/root/Dojo/install/robot_interfaces:/root/Dojo/install/robot_gazebo:/root/Dojo/install/robot_description:/root/Dojo/install/camera_ros:/root/Dojo/install/articubot_one:/root/Dojo/install/vision_system:/root/Dojo/install/robot_launch:/root/Dojo/install/ros2arduino_bridge:/root/Dojo/install/robot_sensors:/root/Dojo/install/robot_perception:/root/Dojo/install/robot_hardware:/root/Dojo/install/robot_control:/root/Dojo/install/nv21_converter_pkg:/root/Dojo/install/arduino_bridge:/opt/ros/humble')]), 'shell': False}
[0.098661] (robot_description) StdoutLine: {'line': b'Built target ament_cmake_python_symlink_robot_description\n'}
[0.099595] (-) TimerEvent: {}
[0.199780] (-) TimerEvent: {}
[0.300046] (-) TimerEvent: {}
[0.400320] (-) TimerEvent: {}
[0.462624] (robot_description) StdoutLine: {'line': b'running egg_info\n'}
[0.477803] (robot_description) StdoutLine: {'line': b'writing robot_description.egg-info/PKG-INFO\n'}
[0.478067] (robot_description) StdoutLine: {'line': b'writing dependency_links to robot_description.egg-info/dependency_links.txt\n'}
[0.478330] (robot_description) StdoutLine: {'line': b'writing top-level names to robot_description.egg-info/top_level.txt\n'}
[0.500397] (-) TimerEvent: {}
[0.521372] (robot_description) StdoutLine: {'line': b"reading manifest file 'robot_description.egg-info/SOURCES.txt'\n"}
[0.521948] (robot_description) StdoutLine: {'line': b"writing manifest file 'robot_description.egg-info/SOURCES.txt'\n"}
[0.560869] (robot_description) StdoutLine: {'line': b'Built target ament_cmake_python_build_robot_description_egg\n'}
[0.572802] (robot_description) CommandEnded: {'returncode': 0}
[0.573615] (robot_description) JobProgress: {'identifier': 'robot_description', 'progress': 'install'}
[0.582180] (robot_description) Command: {'cmd': ['/usr/bin/cmake', '--install', '/root/Dojo/build/robot_description'], 'cwd': '/root/Dojo/build/robot_description', 'env': OrderedDict([('HOSTNAME', 'gareth-joel-HP-Pavilion-Gaming-Laptop-15-ec2xxx'), ('SHLVL', '0'), ('LD_LIBRARY_PATH', '/root/Dojo/install/robot_interfaces/lib:/root/Dojo/install/camera_ros/lib:/usr/lib/x86_64-linux-gnu/gazebo-11/plugins:/opt/ros/humble/opt/rviz_ogre_vendor/lib:/opt/ros/humble/lib/x86_64-linux-gnu:/opt/ros/humble/lib'), ('HOME', '/root'), ('OLDPWD', '/'), ('ROS_PYTHON_VERSION', '3'), ('COLCON_PREFIX_PATH', '/root/Dojo/install'), ('ROS_DISTRO', 'humble'), ('_', '/usr/bin/colcon'), ('ROS_VERSION', '2'), ('TERM', 'xterm'), ('ROS_LOCALHOST_ONLY', '0'), ('QT_X11_NO_MITSHM', '1'), ('PATH', '/root/Dojo/install/robot_perception/bin:/opt/ros/humble/bin:/usr/local/sbin:/usr/local/bin:/usr/sbin:/usr/bin:/sbin:/bin'), ('DISPLAY', ':0'), ('LANG', 'C.UTF-8'), ('AMENT_PREFIX_PATH', '/root/Dojo/install/vision_system:/root/Dojo/install/robot_launch:/root/Dojo/install/ros2arduino_bridge:/root/Dojo/install/robot_sensors:/root/Dojo/install/robot_bringup:/root/Dojo/install/robot_perception:/root/Dojo/install/robot_navigation:/root/Dojo/install/robot_interfaces:/root/Dojo/install/robot_hardware:/root/Dojo/install/robot_description:/root/Dojo/install/robot_control:/root/Dojo/install/nv21_converter_pkg:/root/Dojo/install/camera_ros:/root/Dojo/install/articubot_one:/root/Dojo/install/arduino_bridge:/opt/ros/humble'), ('PWD', '/root/Dojo/build/robot_description'), ('LC_ALL', 'C.UTF-8'), ('PYTHONPATH', '/root/Dojo/build/vision_system:/root/Dojo/install/vision_system/lib/python3.10/site-packages:/root/Dojo/build/robot_launch:/root/Dojo/install/robot_launch/lib/python3.10/site-packages:/root/Dojo/build/ros2arduino_bridge:/root/Dojo/install/ros2arduino_bridge/lib/python3.10/site-packages:/root/Dojo/build/robot_sensors:/root/Dojo/install/robot_sensors/lib/python3.10/site-packages:/root/Dojo/build/robot_perception:/root/Dojo/install/robot_perception/lib/python3.10/site-packages:/root/Dojo/install/robot_interfaces/local/lib/python3.10/dist-packages:/root/Dojo/build/robot_hardware:/root/Dojo/install/robot_hardware/lib/python3.10/site-packages:/root/Dojo/install/robot_description/local/lib/python3.10/dist-packages:/root/Dojo/build/robot_control:/root/Dojo/install/robot_control/lib/python3.10/site-packages:/root/Dojo/build/nv21_converter_pkg:/root/Dojo/install/nv21_converter_pkg/lib/python3.10/site-packages:/root/Dojo/build/arduino_bridge:/root/Dojo/install/arduino_bridge/lib/python3.10/site-packages:/opt/ros/humble/lib/python3.10/site-packages:/opt/ros/humble/local/lib/python3.10/dist-packages'), ('COLCON', '1'), ('CMAKE_PREFIX_PATH', '/root/Dojo/install/robot_bringup:/root/Dojo/install/robot_navigation:/root/Dojo/install/robot_interfaces:/root/Dojo/install/robot_gazebo:/root/Dojo/install/robot_description:/root/Dojo/install/camera_ros:/root/Dojo/install/articubot_one:/root/Dojo/install/vision_system:/root/Dojo/install/robot_launch:/root/Dojo/install/ros2arduino_bridge:/root/Dojo/install/robot_sensors:/root/Dojo/install/robot_perception:/root/Dojo/install/robot_hardware:/root/Dojo/install/robot_control:/root/Dojo/install/nv21_converter_pkg:/root/Dojo/install/arduino_bridge:/opt/ros/humble')]), 'shell': False}
[0.590125] (robot_description) StdoutLine: {'line': b'-- Install configuration: ""\n'}
[0.591007] (robot_description) StdoutLine: {'line': b'-- Execute custom install script\n'}
[0.591783] (robot_description) StdoutLine: {'line': b'-- Up-to-date symlink: /root/Dojo/install/robot_description/share/robot_description/launch/display.launch.py\n'}
[0.592026] (robot_description) StdoutLine: {'line': b'-- Up-to-date symlink: /root/Dojo/install/robot_description/share/robot_description/launch/robot_state_publisher.launch.py\n'}
[0.592326] (robot_description) StdoutLine: {'line': b'-- Up-to-date symlink: /root/Dojo/install/robot_description/share/robot_description/urdf/common_properties.xacro\n'}
[0.592425] (robot_description) StdoutLine: {'line': b'-- Up-to-date symlink: /root/Dojo/install/robot_description/share/robot_description/urdf/dojo_robot.gazebo\n'}
[0.592522] (robot_description) StdoutLine: {'line': b'-- Up-to-date symlink: /root/Dojo/install/robot_description/share/robot_description/urdf/dojo_robot.urdf.xacro\n'}
[0.592619] (robot_description) StdoutLine: {'line': b'-- Up-to-date symlink: /root/Dojo/install/robot_description/share/robot_description/urdf/robot.urdf\n'}
[0.592710] (robot_description) StdoutLine: {'line': b'-- Up-to-date symlink: /root/Dojo/install/robot_description/share/robot_description/urdf/robot.urdf.xacro\n'}
[0.592789] (robot_description) StdoutLine: {'line': b'-- Up-to-date symlink: /root/Dojo/install/robot_description/share/robot_description/urdf/sensors/rplidar.urdf.xacro\n'}
[0.592979] (robot_description) StdoutLine: {'line': b'-- Up-to-date symlink: /root/Dojo/install/robot_description/share/robot_description/rviz/display.rviz\n'}
[0.593067] (robot_description) StdoutLine: {'line': b'-- Up-to-date symlink: /root/Dojo/install/robot_description/share/robot_description/rviz/robot.rviz\n'}
[0.593316] (robot_description) StdoutLine: {'line': b'-- Up-to-date symlink: /root/Dojo/install/robot_description/share/robot_description/environment/pythonpath.sh\n'}
[0.593441] (robot_description) StdoutLine: {'line': b'-- Up-to-date symlink: /root/Dojo/install/robot_description/share/robot_description/environment/pythonpath.dsv\n'}
[0.593685] (robot_description) StdoutLine: {'line': b'-- Up-to-date symlink: /root/Dojo/install/robot_description/local/lib/python3.10/dist-packages/robot_description-0.0.1-py3.10.egg-info/PKG-INFO\n'}
[0.593895] (robot_description) StdoutLine: {'line': b'-- Up-to-date symlink: /root/Dojo/install/robot_description/local/lib/python3.10/dist-packages/robot_description-0.0.1-py3.10.egg-info/SOURCES.txt\n'}
[0.594086] (robot_description) StdoutLine: {'line': b'-- Up-to-date symlink: /root/Dojo/install/robot_description/local/lib/python3.10/dist-packages/robot_description-0.0.1-py3.10.egg-info/dependency_links.txt\n'}
[0.594295] (robot_description) StdoutLine: {'line': b'-- Up-to-date symlink: /root/Dojo/install/robot_description/local/lib/python3.10/dist-packages/robot_description-0.0.1-py3.10.egg-info/top_level.txt\n'}
[0.594562] (robot_description) StdoutLine: {'line': b'-- Up-to-date symlink: /root/Dojo/install/robot_description/local/lib/python3.10/dist-packages/robot_description/__init__.py\n'}
[0.594693] (robot_description) StdoutLine: {'line': b'-- Up-to-date symlink: /root/Dojo/install/robot_description/lib/robot_description/display_robot.py\n'}
[0.594918] (robot_description) StdoutLine: {'line': b'-- Up-to-date symlink: /root/Dojo/install/robot_description/share/ament_index/resource_index/package_run_dependencies/robot_description\n'}
[0.595138] (robot_description) StdoutLine: {'line': b'-- Up-to-date symlink: /root/Dojo/install/robot_description/share/ament_index/resource_index/parent_prefix_path/robot_description\n'}
[0.595293] (robot_description) StdoutLine: {'line': b'-- Up-to-date symlink: /root/Dojo/install/robot_description/share/robot_description/environment/ament_prefix_path.sh\n'}
[0.595648] (robot_description) StdoutLine: {'line': b'-- Up-to-date symlink: /root/Dojo/install/robot_description/share/robot_description/environment/ament_prefix_path.dsv\n'}
[0.595785] (robot_description) StdoutLine: {'line': b'-- Up-to-date symlink: /root/Dojo/install/robot_description/share/robot_description/environment/path.sh\n'}
[0.595880] (robot_description) StdoutLine: {'line': b'-- Up-to-date symlink: /root/Dojo/install/robot_description/share/robot_description/environment/path.dsv\n'}
[0.595993] (robot_description) StdoutLine: {'line': b'-- Up-to-date symlink: /root/Dojo/install/robot_description/share/robot_description/local_setup.bash\n'}
[0.596122] (robot_description) StdoutLine: {'line': b'-- Up-to-date symlink: /root/Dojo/install/robot_description/share/robot_description/local_setup.sh\n'}
[0.596253] (robot_description) StdoutLine: {'line': b'-- Up-to-date symlink: /root/Dojo/install/robot_description/share/robot_description/local_setup.zsh\n'}
[0.596372] (robot_description) StdoutLine: {'line': b'-- Up-to-date symlink: /root/Dojo/install/robot_description/share/robot_description/local_setup.dsv\n'}
[0.596484] (robot_description) StdoutLine: {'line': b'-- Symlinking: /root/Dojo/install/robot_description/share/robot_description/package.dsv\n'}
[0.600489] (-) TimerEvent: {}
[0.606388] (robot_description) StdoutLine: {'line': b'-- Up-to-date symlink: /root/Dojo/install/robot_description/share/ament_index/resource_index/packages/robot_description\n'}
[0.606661] (robot_description) StdoutLine: {'line': b'-- Up-to-date symlink: /root/Dojo/install/robot_description/share/robot_description/cmake/robot_descriptionConfig.cmake\n'}
[0.606808] (robot_description) StdoutLine: {'line': b'-- Up-to-date symlink: /root/Dojo/install/robot_description/share/robot_description/cmake/robot_descriptionConfig-version.cmake\n'}
[0.606926] (robot_description) StdoutLine: {'line': b'-- Up-to-date symlink: /root/Dojo/install/robot_description/share/robot_description/package.xml\n'}
[0.607068] (robot_description) StdoutLine: {'line': b'-- Up-to-date: /root/Dojo/install/robot_description/share/robot_description\n'}
[0.607150] (robot_description) StdoutLine: {'line': b'-- Up-to-date: /root/Dojo/install/robot_description/share/robot_description/urdf\n'}
[0.607222] (robot_description) StdoutLine: {'line': b'-- Up-to-date: /root/Dojo/install/robot_description/share/robot_description/urdf/sensors\n'}
[0.607298] (robot_description) StdoutLine: {'line': b'-- Up-to-date: /root/Dojo/install/robot_description/share/robot_description/rviz\n'}
[0.607398] (robot_description) StdoutLine: {'line': b'-- Up-to-date: /root/Dojo/install/robot_description/share/robot_description/src\n'}
[0.607545] (robot_description) StdoutLine: {'line': b'-- Up-to-date: /root/Dojo/install/robot_description/share/robot_description/src/robot_description\n'}
[0.607613] (robot_description) StdoutLine: {'line': b'-- Up-to-date: /root/Dojo/install/robot_description/share/robot_description/robot_description\n'}
[0.607671] (robot_description) StdoutLine: {'line': b'-- Up-to-date: /root/Dojo/install/robot_description/share/robot_description/robot_description/robot_description\n'}
[0.607718] (robot_description) StdoutLine: {'line': b'-- Up-to-date: /root/Dojo/install/robot_description/share/robot_description/scripts\n'}
[0.607779] (robot_description) StdoutLine: {'line': b'-- Up-to-date: /root/Dojo/install/robot_description/share/robot_description/resource\n'}
[0.607825] (robot_description) StdoutLine: {'line': b'-- Up-to-date: /root/Dojo/install/robot_description/share/robot_description/launch\n'}
[0.607874] (robot_description) StdoutLine: {'line': b'-- Up-to-date: /root/Dojo/install/robot_description/share/robot_description/config\n'}
[0.607921] (robot_description) StdoutLine: {'line': b'-- Up-to-date: /root/Dojo/install/robot_description/lib/robot_description/robot_description\n'}
[0.607968] (robot_description) StdoutLine: {'line': b'-- Up-to-date: /root/Dojo/install/robot_description/lib/robot_description/robot_description/__init__.py\n'}
[0.646367] (robot_description) StdoutLine: {'line': b"Listing '/root/Dojo/install/robot_description/local/lib/python3.10/dist-packages/robot_description'...\n"}
[0.654471] (robot_description) CommandEnded: {'returncode': 0}
[0.673296] (robot_description) JobEnded: {'identifier': 'robot_description', 'rc': 0}
[0.673995] (-) EventReactorShutdown: {}
