[1.831s] Invoking command in '/root/Dojo/build/robot_control': PYTHONPATH=/root/Dojo/build/robot_control/prefix_override:/usr/lib/python3/dist-packages/colcon_core/task/python/colcon_distutils_commands:/root/Dojo/install/robot_control/lib/python3.10/site-packages:${PYTHONPATH} /usr/bin/python3 -W ignore:setup.py install is deprecated -W ignore:easy_install command is deprecated setup.py develop --editable --build-directory /root/Dojo/build/robot_control/build --no-deps symlink_data
[2.342s] running develop
[2.686s] running egg_info
[2.687s] creating robot_control.egg-info
[2.706s] writing robot_control.egg-info/PKG-INFO
[2.706s] writing dependency_links to robot_control.egg-info/dependency_links.txt
[2.706s] writing entry points to robot_control.egg-info/entry_points.txt
[2.707s] writing requirements to robot_control.egg-info/requires.txt
[2.707s] writing top-level names to robot_control.egg-info/top_level.txt
[2.707s] writing manifest file 'robot_control.egg-info/SOURCES.txt'
[2.752s] reading manifest file 'robot_control.egg-info/SOURCES.txt'
[2.753s] writing manifest file 'robot_control.egg-info/SOURCES.txt'
[2.779s] running build_ext
[2.779s] Creating /root/Dojo/install/robot_control/lib/python3.10/site-packages/robot-control.egg-link (link to .)
[2.780s] Installing arduino_bridge script to /root/Dojo/install/robot_control/lib/robot_control
[2.780s] Installing cmd_vel_to_motors script to /root/Dojo/install/robot_control/lib/robot_control
[2.781s] Installing control_manager script to /root/Dojo/install/robot_control/lib/robot_control
[2.781s] 
[2.781s] Installed /root/Dojo/build/robot_control
[2.781s] running symlink_data
[2.782s] creating /root/Dojo/install/robot_control/share/ament_index
[2.782s] creating /root/Dojo/install/robot_control/share/ament_index/resource_index
[2.782s] creating /root/Dojo/install/robot_control/share/ament_index/resource_index/packages
[2.782s] symbolically linking /root/Dojo/build/robot_control/resource/robot_control -> /root/Dojo/install/robot_control/share/ament_index/resource_index/packages
[2.782s] symbolically linking /root/Dojo/build/robot_control/package.xml -> /root/Dojo/install/robot_control/share/robot_control
[2.782s] creating /root/Dojo/install/robot_control/share/robot_control/launch
[2.783s] symbolically linking /root/Dojo/build/robot_control/launch/control.launch.py -> /root/Dojo/install/robot_control/share/robot_control/launch
[2.783s] creating /root/Dojo/install/robot_control/share/robot_control/config
[2.783s] symbolically linking /root/Dojo/build/robot_control/config/arduino.yaml -> /root/Dojo/install/robot_control/share/robot_control/config
[2.895s] Invoked command in '/root/Dojo/build/robot_control' returned '0': PYTHONPATH=/root/Dojo/build/robot_control/prefix_override:/usr/lib/python3/dist-packages/colcon_core/task/python/colcon_distutils_commands:/root/Dojo/install/robot_control/lib/python3.10/site-packages:${PYTHONPATH} /usr/bin/python3 -W ignore:setup.py install is deprecated -W ignore:easy_install command is deprecated setup.py develop --editable --build-directory /root/Dojo/build/robot_control/build --no-deps symlink_data
