[4.313s] Invoking command in '/home/Dojo/Dojo/build/robot_control': PYTHONPATH=/home/Dojo/Dojo/build/robot_control/prefix_override:/usr/lib/python3/dist-packages/colcon_core/task/python/colcon_distutils_commands:/home/Dojo/Dojo/install/robot_control/lib/python3.10/site-packages:${PYTHONPATH} /usr/bin/python3 -W ignore:setup.py install is deprecated -W ignore:easy_install command is deprecated setup.py develop --editable --build-directory /home/Dojo/Dojo/build/robot_control/build --no-deps symlink_data
[4.703s] running develop
[4.917s] running egg_info
[4.917s] creating robot_control.egg-info
[4.918s] writing robot_control.egg-info/PKG-INFO
[4.918s] writing dependency_links to robot_control.egg-info/dependency_links.txt
[4.919s] writing entry points to robot_control.egg-info/entry_points.txt
[4.919s] writing requirements to robot_control.egg-info/requires.txt
[4.919s] writing top-level names to robot_control.egg-info/top_level.txt
[4.920s] writing manifest file 'robot_control.egg-info/SOURCES.txt'
[4.921s] reading manifest file 'robot_control.egg-info/SOURCES.txt'
[4.922s] writing manifest file 'robot_control.egg-info/SOURCES.txt'
[4.923s] running build_ext
[4.923s] Creating /home/Dojo/Dojo/install/robot_control/lib/python3.10/site-packages/robot-control.egg-link (link to .)
[4.924s] Installing arduino_bridge script to /home/Dojo/Dojo/install/robot_control/lib/robot_control
[4.925s] Installing cmd_vel_to_motors script to /home/Dojo/Dojo/install/robot_control/lib/robot_control
[4.925s] 
[4.925s] Installed /home/Dojo/Dojo/build/robot_control
[4.925s] running symlink_data
[4.927s] creating /home/Dojo/Dojo/install/robot_control/share/ament_index
[4.927s] creating /home/Dojo/Dojo/install/robot_control/share/ament_index/resource_index
[4.928s] creating /home/Dojo/Dojo/install/robot_control/share/ament_index/resource_index/packages
[4.928s] symbolically linking /home/Dojo/Dojo/build/robot_control/resource/robot_control -> /home/Dojo/Dojo/install/robot_control/share/ament_index/resource_index/packages
[4.928s] symbolically linking /home/Dojo/Dojo/build/robot_control/package.xml -> /home/Dojo/Dojo/install/robot_control/share/robot_control
[4.928s] creating /home/Dojo/Dojo/install/robot_control/share/robot_control/launch
[4.928s] symbolically linking /home/Dojo/Dojo/build/robot_control/launch/control.launch.py -> /home/Dojo/Dojo/install/robot_control/share/robot_control/launch
[4.928s] creating /home/Dojo/Dojo/install/robot_control/share/robot_control/config
[4.928s] symbolically linking /home/Dojo/Dojo/build/robot_control/config/arduino.yaml -> /home/Dojo/Dojo/install/robot_control/share/robot_control/config
[4.973s] Invoked command in '/home/Dojo/Dojo/build/robot_control' returned '0': PYTHONPATH=/home/Dojo/Dojo/build/robot_control/prefix_override:/usr/lib/python3/dist-packages/colcon_core/task/python/colcon_distutils_commands:/home/Dojo/Dojo/install/robot_control/lib/python3.10/site-packages:${PYTHONPATH} /usr/bin/python3 -W ignore:setup.py install is deprecated -W ignore:easy_install command is deprecated setup.py develop --editable --build-directory /home/Dojo/Dojo/build/robot_control/build --no-deps symlink_data
