-- Found ament_cmake: 1.3.11 (/opt/ros/humble/share/ament_cmake/cmake)
-- Found Python3: /usr/bin/python3 (found version "3.10.12") found components: Interpreter 
-- Override CMake install command with custom implementation using symlinks instead of copying resources
-- Found rclpy: 3.3.16 (/opt/ros/humble/share/rclpy/cmake)
-- Found sensor_msgs: 4.9.0 (/opt/ros/humble/share/sensor_msgs/cmake)
-- Found rosidl_generator_c: 3.1.6 (/opt/ros/humble/share/rosidl_generator_c/cmake)
-- Found rosidl_adapter: 3.1.6 (/opt/ros/humble/share/rosidl_adapter/cmake)
-- Found rosidl_generator_cpp: 3.1.6 (/opt/ros/humble/share/rosidl_generator_cpp/cmake)
-- Using all available rosidl_typesupport_c: rosidl_typesupport_fastrtps_c;rosidl_typesupport_introspection_c
-- Using all available rosidl_typesupport_cpp: rosidl_typesupport_fastrtps_cpp;rosidl_typesupport_introspection_cpp
-- Found cv_bridge: 3.2.1 (/opt/ros/humble/share/cv_bridge/cmake)
-- Found image_transport: 3.1.12 (/opt/ros/humble/share/image_transport/cmake)
-- Found rmw_implementation_cmake: 6.1.2 (/opt/ros/humble/share/rmw_implementation_cmake/cmake)
-- Found rmw_fastrtps_cpp: 6.2.7 (/opt/ros/humble/share/rmw_fastrtps_cpp/cmake)
-- Found OpenSSL: /usr/lib/x86_64-linux-gnu/libcrypto.so (found version "3.0.2")  
-- Found FastRTPS: /opt/ros/humble/include  
-- Using RMW implementation 'rmw_fastrtps_cpp' as default
-- Looking for pthread.h
-- Looking for pthread.h - found
-- Performing Test CMAKE_HAVE_LIBC_PTHREAD
-- Performing Test CMAKE_HAVE_LIBC_PTHREAD - Success
-- Found Threads: TRUE  
-- Configuring done
-- Generating done
-- Build files have been written to: /home/Dojo/Dojo/build/robot_perception
Built target ament_cmake_python_symlink_robot_perception
running egg_info
creating robot_perception.egg-info
writing robot_perception.egg-info/PKG-INFO
writing dependency_links to robot_perception.egg-info/dependency_links.txt
writing top-level names to robot_perception.egg-info/top_level.txt
writing manifest file 'robot_perception.egg-info/SOURCES.txt'
reading manifest file 'robot_perception.egg-info/SOURCES.txt'
writing manifest file 'robot_perception.egg-info/SOURCES.txt'
Built target ament_cmake_python_build_robot_perception_egg
-- Install configuration: ""
-- Execute custom install script
-- Symlinking: /home/Dojo/Dojo/install/robot_perception/share/robot_perception/environment/pythonpath.sh
-- Symlinking: /home/Dojo/Dojo/install/robot_perception/share/robot_perception/environment/pythonpath.dsv
-- Symlinking: /home/Dojo/Dojo/install/robot_perception/local/lib/python3.10/dist-packages/robot_perception-0.0.1-py3.10.egg-info/PKG-INFO
-- Symlinking: /home/Dojo/Dojo/install/robot_perception/local/lib/python3.10/dist-packages/robot_perception-0.0.1-py3.10.egg-info/SOURCES.txt
-- Symlinking: /home/Dojo/Dojo/install/robot_perception/local/lib/python3.10/dist-packages/robot_perception-0.0.1-py3.10.egg-info/dependency_links.txt
-- Symlinking: /home/Dojo/Dojo/install/robot_perception/local/lib/python3.10/dist-packages/robot_perception-0.0.1-py3.10.egg-info/top_level.txt
-- Symlinking: /home/Dojo/Dojo/install/robot_perception/local/lib/python3.10/dist-packages/robot_perception/__init__.py
-- Symlinking: /home/Dojo/Dojo/install/robot_perception/share/robot_perception/launch/perception.launch.py
-- Symlinking: /home/Dojo/Dojo/install/robot_perception/share/robot_perception/launch/robot_perception.launch.py
-- Symlinking: /home/Dojo/Dojo/install/robot_perception/share/robot_perception/config/robot_perception_params.yaml
-- Symlinking: /home/Dojo/Dojo/install/robot_perception/share/ament_index/resource_index/package_run_dependencies/robot_perception
-- Symlinking: /home/Dojo/Dojo/install/robot_perception/share/ament_index/resource_index/parent_prefix_path/robot_perception
-- Symlinking: /home/Dojo/Dojo/install/robot_perception/share/robot_perception/environment/ament_prefix_path.sh
-- Symlinking: /home/Dojo/Dojo/install/robot_perception/share/robot_perception/environment/ament_prefix_path.dsv
-- Symlinking: /home/Dojo/Dojo/install/robot_perception/share/robot_perception/environment/path.sh
-- Symlinking: /home/Dojo/Dojo/install/robot_perception/share/robot_perception/environment/path.dsv
-- Symlinking: /home/Dojo/Dojo/install/robot_perception/share/robot_perception/local_setup.bash
-- Symlinking: /home/Dojo/Dojo/install/robot_perception/share/robot_perception/local_setup.sh
-- Symlinking: /home/Dojo/Dojo/install/robot_perception/share/robot_perception/local_setup.zsh
-- Symlinking: /home/Dojo/Dojo/install/robot_perception/share/robot_perception/local_setup.dsv
-- Symlinking: /home/Dojo/Dojo/install/robot_perception/share/robot_perception/package.dsv
-- Symlinking: /home/Dojo/Dojo/install/robot_perception/share/ament_index/resource_index/packages/robot_perception
-- Symlinking: /home/Dojo/Dojo/install/robot_perception/share/robot_perception/cmake/robot_perceptionConfig.cmake
-- Symlinking: /home/Dojo/Dojo/install/robot_perception/share/robot_perception/cmake/robot_perceptionConfig-version.cmake
-- Symlinking: /home/Dojo/Dojo/install/robot_perception/share/robot_perception/package.xml
Listing '/home/Dojo/Dojo/install/robot_perception/local/lib/python3.10/dist-packages/robot_perception'...
Compiling '/home/Dojo/Dojo/install/robot_perception/local/lib/python3.10/dist-packages/robot_perception/__init__.py'...
