[0.251s] Invoking command in '/home/Dojo/Dojo/build/robot_perception': CMAKE_PREFIX_PATH=/opt/ros/humble /usr/bin/cmake /home/Dojo/Dojo/src/robot_perception -DAMENT_CMAKE_SYMLINK_INSTALL=1 -DCMAKE_INSTALL_PREFIX=/home/Dojo/Dojo/install/robot_perception
[0.710s] -- Found ament_cmake: 1.3.11 (/opt/ros/humble/share/ament_cmake/cmake)
[0.710s] -- Found Python3: /usr/bin/python3 (found version "3.10.12") found components: Interpreter 
[0.710s] -- Override CMake install command with custom implementation using symlinks instead of copying resources
[0.710s] -- Found rclpy: 3.3.16 (/opt/ros/humble/share/rclpy/cmake)
[0.710s] -- Found sensor_msgs: 4.9.0 (/opt/ros/humble/share/sensor_msgs/cmake)
[0.710s] -- Found rosidl_generator_c: 3.1.6 (/opt/ros/humble/share/rosidl_generator_c/cmake)
[0.710s] -- Found rosidl_adapter: 3.1.6 (/opt/ros/humble/share/rosidl_adapter/cmake)
[0.710s] -- Found rosidl_generator_cpp: 3.1.6 (/opt/ros/humble/share/rosidl_generator_cpp/cmake)
[0.710s] -- Using all available rosidl_typesupport_c: rosidl_typesupport_fastrtps_c;rosidl_typesupport_introspection_c
[0.710s] -- Using all available rosidl_typesupport_cpp: rosidl_typesupport_fastrtps_cpp;rosidl_typesupport_introspection_cpp
[0.710s] -- Found cv_bridge: 3.2.1 (/opt/ros/humble/share/cv_bridge/cmake)
[0.710s] -- Found image_transport: 3.1.12 (/opt/ros/humble/share/image_transport/cmake)
[0.710s] -- Found rmw_implementation_cmake: 6.1.2 (/opt/ros/humble/share/rmw_implementation_cmake/cmake)
[0.711s] -- Found rmw_fastrtps_cpp: 6.2.7 (/opt/ros/humble/share/rmw_fastrtps_cpp/cmake)
[0.789s] -- Found OpenSSL: /usr/lib/x86_64-linux-gnu/libcrypto.so (found version "3.0.2")  
[0.831s] -- Found FastRTPS: /opt/ros/humble/include  
[0.892s] -- Using RMW implementation 'rmw_fastrtps_cpp' as default
[0.904s] -- Looking for pthread.h
[0.979s] -- Looking for pthread.h - found
[0.980s] -- Performing Test CMAKE_HAVE_LIBC_PTHREAD
[1.056s] -- Performing Test CMAKE_HAVE_LIBC_PTHREAD - Success
[1.057s] -- Found Threads: TRUE  
[1.297s] -- Configuring done
[1.306s] -- Generating done
[1.310s] -- Build files have been written to: /home/Dojo/Dojo/build/robot_perception
[1.317s] Invoked command in '/home/Dojo/Dojo/build/robot_perception' returned '0': CMAKE_PREFIX_PATH=/opt/ros/humble /usr/bin/cmake /home/Dojo/Dojo/src/robot_perception -DAMENT_CMAKE_SYMLINK_INSTALL=1 -DCMAKE_INSTALL_PREFIX=/home/Dojo/Dojo/install/robot_perception
[1.319s] Invoking command in '/home/Dojo/Dojo/build/robot_perception': CMAKE_PREFIX_PATH=/opt/ros/humble /usr/bin/cmake --build /home/Dojo/Dojo/build/robot_perception -- -j16 -l16
[1.381s] Built target ament_cmake_python_symlink_robot_perception
[1.599s] running egg_info
[1.599s] creating robot_perception.egg-info
[1.599s] writing robot_perception.egg-info/PKG-INFO
[1.600s] writing dependency_links to robot_perception.egg-info/dependency_links.txt
[1.600s] writing top-level names to robot_perception.egg-info/top_level.txt
[1.600s] writing manifest file 'robot_perception.egg-info/SOURCES.txt'
[1.602s] reading manifest file 'robot_perception.egg-info/SOURCES.txt'
[1.602s] writing manifest file 'robot_perception.egg-info/SOURCES.txt'
[1.626s] Built target ament_cmake_python_build_robot_perception_egg
[1.638s] Invoked command in '/home/Dojo/Dojo/build/robot_perception' returned '0': CMAKE_PREFIX_PATH=/opt/ros/humble /usr/bin/cmake --build /home/Dojo/Dojo/build/robot_perception -- -j16 -l16
[1.639s] Invoking command in '/home/Dojo/Dojo/build/robot_perception': CMAKE_PREFIX_PATH=/opt/ros/humble /usr/bin/cmake --install /home/Dojo/Dojo/build/robot_perception
[1.645s] -- Install configuration: ""
[1.646s] -- Execute custom install script
[1.646s] -- Symlinking: /home/Dojo/Dojo/install/robot_perception/share/robot_perception/environment/pythonpath.sh
[1.654s] -- Symlinking: /home/Dojo/Dojo/install/robot_perception/share/robot_perception/environment/pythonpath.dsv
[1.663s] -- Symlinking: /home/Dojo/Dojo/install/robot_perception/local/lib/python3.10/dist-packages/robot_perception-0.0.1-py3.10.egg-info/PKG-INFO
[1.671s] -- Symlinking: /home/Dojo/Dojo/install/robot_perception/local/lib/python3.10/dist-packages/robot_perception-0.0.1-py3.10.egg-info/SOURCES.txt
[1.679s] -- Symlinking: /home/Dojo/Dojo/install/robot_perception/local/lib/python3.10/dist-packages/robot_perception-0.0.1-py3.10.egg-info/dependency_links.txt
[1.686s] -- Symlinking: /home/Dojo/Dojo/install/robot_perception/local/lib/python3.10/dist-packages/robot_perception-0.0.1-py3.10.egg-info/top_level.txt
[1.695s] -- Symlinking: /home/Dojo/Dojo/install/robot_perception/local/lib/python3.10/dist-packages/robot_perception/__init__.py
[1.704s] -- Symlinking: /home/Dojo/Dojo/install/robot_perception/share/robot_perception/launch/perception.launch.py
[1.712s] -- Symlinking: /home/Dojo/Dojo/install/robot_perception/share/robot_perception/launch/robot_perception.launch.py
[1.721s] -- Symlinking: /home/Dojo/Dojo/install/robot_perception/share/robot_perception/config/robot_perception_params.yaml
[1.729s] -- Symlinking: /home/Dojo/Dojo/install/robot_perception/share/ament_index/resource_index/package_run_dependencies/robot_perception
[1.737s] -- Symlinking: /home/Dojo/Dojo/install/robot_perception/share/ament_index/resource_index/parent_prefix_path/robot_perception
[1.744s] -- Symlinking: /home/Dojo/Dojo/install/robot_perception/share/robot_perception/environment/ament_prefix_path.sh
[1.752s] -- Symlinking: /home/Dojo/Dojo/install/robot_perception/share/robot_perception/environment/ament_prefix_path.dsv
[1.760s] -- Symlinking: /home/Dojo/Dojo/install/robot_perception/share/robot_perception/environment/path.sh
[1.768s] -- Symlinking: /home/Dojo/Dojo/install/robot_perception/share/robot_perception/environment/path.dsv
[1.775s] -- Symlinking: /home/Dojo/Dojo/install/robot_perception/share/robot_perception/local_setup.bash
[1.782s] -- Symlinking: /home/Dojo/Dojo/install/robot_perception/share/robot_perception/local_setup.sh
[1.791s] -- Symlinking: /home/Dojo/Dojo/install/robot_perception/share/robot_perception/local_setup.zsh
[1.800s] -- Symlinking: /home/Dojo/Dojo/install/robot_perception/share/robot_perception/local_setup.dsv
[1.809s] -- Symlinking: /home/Dojo/Dojo/install/robot_perception/share/robot_perception/package.dsv
[1.817s] -- Symlinking: /home/Dojo/Dojo/install/robot_perception/share/ament_index/resource_index/packages/robot_perception
[1.825s] -- Symlinking: /home/Dojo/Dojo/install/robot_perception/share/robot_perception/cmake/robot_perceptionConfig.cmake
[1.833s] -- Symlinking: /home/Dojo/Dojo/install/robot_perception/share/robot_perception/cmake/robot_perceptionConfig-version.cmake
[1.841s] -- Symlinking: /home/Dojo/Dojo/install/robot_perception/share/robot_perception/package.xml
[1.874s] Listing '/home/Dojo/Dojo/install/robot_perception/local/lib/python3.10/dist-packages/robot_perception'...
[1.875s] Compiling '/home/Dojo/Dojo/install/robot_perception/local/lib/python3.10/dist-packages/robot_perception/__init__.py'...
[1.880s] Invoked command in '/home/Dojo/Dojo/build/robot_perception' returned '0': CMAKE_PREFIX_PATH=/opt/ros/humble /usr/bin/cmake --install /home/Dojo/Dojo/build/robot_perception
