[0.000000] (-) TimerEvent: {}
[0.000251] (arduino_bridge) JobQueued: {'identifier': 'arduino_bridge', 'dependencies': OrderedDict()}
[0.000588] (robot_control) JobQueued: {'identifier': 'robot_control', 'dependencies': OrderedDict()}
[0.000667] (robot_description) JobQueued: {'identifier': 'robot_description', 'dependencies': OrderedDict()}
[0.000720] (robot_navigation) JobQueued: {'identifier': 'robot_navigation', 'dependencies': OrderedDict()}
[0.000764] (robot_perception) JobQueued: {'identifier': 'robot_perception', 'dependencies': OrderedDict()}
[0.000807] (robot_sensors) JobQueued: {'identifier': 'robot_sensors', 'dependencies': OrderedDict()}
[0.001393] (ros2arduino_bridge) JobQueued: {'identifier': 'ros2arduino_bridge', 'dependencies': OrderedDict()}
[0.001656] (vision_system) JobQueued: {'identifier': 'vision_system', 'dependencies': OrderedDict()}
[0.001899] (robot_bringup) JobQueued: {'identifier': 'robot_bringup', 'dependencies': OrderedDict([('robot_control', '/root/Dojo/install/robot_control'), ('robot_description', '/root/Dojo/install/robot_description'), ('robot_navigation', '/root/Dojo/install/robot_navigation'), ('robot_perception', '/root/Dojo/install/robot_perception'), ('robot_sensors', '/root/Dojo/install/robot_sensors')])}
[0.002024] (robot_gazebo) JobQueued: {'identifier': 'robot_gazebo', 'dependencies': OrderedDict([('robot_description', '/root/Dojo/install/robot_description')])}
[0.002127] (robot_description) JobStarted: {'identifier': 'robot_description'}
[0.015049] (robot_control) JobStarted: {'identifier': 'robot_control'}
[0.025091] (robot_navigation) JobStarted: {'identifier': 'robot_navigation'}
[0.050154] (robot_perception) JobStarted: {'identifier': 'robot_perception'}
[0.056439] (robot_sensors) JobStarted: {'identifier': 'robot_sensors'}
[0.065595] (arduino_bridge) JobStarted: {'identifier': 'arduino_bridge'}
[0.074295] (ros2arduino_bridge) JobStarted: {'identifier': 'ros2arduino_bridge'}
[0.083189] (vision_system) JobStarted: {'identifier': 'vision_system'}
[0.095711] (robot_description) JobProgress: {'identifier': 'robot_description', 'progress': 'cmake'}
[0.096525] (robot_description) Command: {'cmd': ['/usr/bin/cmake', '/root/Dojo/src/robot_description', '-DAMENT_CMAKE_SYMLINK_INSTALL=1', '-DCMAKE_INSTALL_PREFIX=/root/Dojo/install/robot_description'], 'cwd': '/root/Dojo/build/robot_description', 'env': OrderedDict([('HOSTNAME', 'gareth-joel-HP-Pavilion-Gaming-Laptop-15-ec2xxx'), ('SHLVL', '0'), ('LD_LIBRARY_PATH', '/usr/lib/x86_64-linux-gnu/gazebo-11/plugins:/opt/ros/humble/opt/rviz_ogre_vendor/lib:/opt/ros/humble/lib/x86_64-linux-gnu:/opt/ros/humble/lib'), ('HOME', '/root'), ('OLDPWD', '/'), ('ROS_PYTHON_VERSION', '3'), ('ROS_DISTRO', 'humble'), ('_', '/usr/bin/colcon'), ('ROS_VERSION', '2'), ('TERM', 'xterm'), ('ROS_LOCALHOST_ONLY', '0'), ('QT_X11_NO_MITSHM', '1'), ('PATH', '/opt/ros/humble/bin:/usr/local/sbin:/usr/local/bin:/usr/sbin:/usr/bin:/sbin:/bin'), ('DISPLAY', ':0'), ('LANG', 'C.UTF-8'), ('AMENT_PREFIX_PATH', '/opt/ros/humble'), ('PWD', '/root/Dojo/build/robot_description'), ('LC_ALL', 'C.UTF-8'), ('PYTHONPATH', '/opt/ros/humble/lib/python3.10/site-packages:/opt/ros/humble/local/lib/python3.10/dist-packages'), ('COLCON', '1'), ('CMAKE_PREFIX_PATH', '/opt/ros/humble')]), 'shell': False}
[0.108296] (-) TimerEvent: {}
[0.208719] (-) TimerEvent: {}
[0.309235] (-) TimerEvent: {}
[0.409813] (-) TimerEvent: {}
[0.510364] (-) TimerEvent: {}
[0.584139] (robot_navigation) JobProgress: {'identifier': 'robot_navigation', 'progress': 'cmake'}
[0.586741] (robot_navigation) Command: {'cmd': ['/usr/bin/cmake', '/root/Dojo/src/robot_navigation', '-DAMENT_CMAKE_SYMLINK_INSTALL=1', '-DCMAKE_INSTALL_PREFIX=/root/Dojo/install/robot_navigation'], 'cwd': '/root/Dojo/build/robot_navigation', 'env': OrderedDict([('HOSTNAME', 'gareth-joel-HP-Pavilion-Gaming-Laptop-15-ec2xxx'), ('SHLVL', '0'), ('LD_LIBRARY_PATH', '/usr/lib/x86_64-linux-gnu/gazebo-11/plugins:/opt/ros/humble/opt/rviz_ogre_vendor/lib:/opt/ros/humble/lib/x86_64-linux-gnu:/opt/ros/humble/lib'), ('HOME', '/root'), ('OLDPWD', '/'), ('ROS_PYTHON_VERSION', '3'), ('ROS_DISTRO', 'humble'), ('_', '/usr/bin/colcon'), ('ROS_VERSION', '2'), ('TERM', 'xterm'), ('ROS_LOCALHOST_ONLY', '0'), ('QT_X11_NO_MITSHM', '1'), ('PATH', '/opt/ros/humble/bin:/usr/local/sbin:/usr/local/bin:/usr/sbin:/usr/bin:/sbin:/bin'), ('DISPLAY', ':0'), ('LANG', 'C.UTF-8'), ('AMENT_PREFIX_PATH', '/opt/ros/humble'), ('PWD', '/root/Dojo/build/robot_navigation'), ('LC_ALL', 'C.UTF-8'), ('PYTHONPATH', '/opt/ros/humble/lib/python3.10/site-packages:/opt/ros/humble/local/lib/python3.10/dist-packages'), ('COLCON', '1'), ('CMAKE_PREFIX_PATH', '/opt/ros/humble')]), 'shell': False}
[0.589329] (robot_perception) JobProgress: {'identifier': 'robot_perception', 'progress': 'cmake'}
[0.589898] (robot_perception) Command: {'cmd': ['/usr/bin/cmake', '/root/Dojo/src/robot_perception', '-DAMENT_CMAKE_SYMLINK_INSTALL=1', '-DCMAKE_INSTALL_PREFIX=/root/Dojo/install/robot_perception'], 'cwd': '/root/Dojo/build/robot_perception', 'env': OrderedDict([('HOSTNAME', 'gareth-joel-HP-Pavilion-Gaming-Laptop-15-ec2xxx'), ('SHLVL', '0'), ('LD_LIBRARY_PATH', '/usr/lib/x86_64-linux-gnu/gazebo-11/plugins:/opt/ros/humble/opt/rviz_ogre_vendor/lib:/opt/ros/humble/lib/x86_64-linux-gnu:/opt/ros/humble/lib'), ('HOME', '/root'), ('OLDPWD', '/'), ('ROS_PYTHON_VERSION', '3'), ('ROS_DISTRO', 'humble'), ('_', '/usr/bin/colcon'), ('ROS_VERSION', '2'), ('TERM', 'xterm'), ('ROS_LOCALHOST_ONLY', '0'), ('QT_X11_NO_MITSHM', '1'), ('PATH', '/opt/ros/humble/bin:/usr/local/sbin:/usr/local/bin:/usr/sbin:/usr/bin:/sbin:/bin'), ('DISPLAY', ':0'), ('LANG', 'C.UTF-8'), ('AMENT_PREFIX_PATH', '/opt/ros/humble'), ('PWD', '/root/Dojo/build/robot_perception'), ('LC_ALL', 'C.UTF-8'), ('PYTHONPATH', '/opt/ros/humble/lib/python3.10/site-packages:/opt/ros/humble/local/lib/python3.10/dist-packages'), ('COLCON', '1'), ('CMAKE_PREFIX_PATH', '/opt/ros/humble')]), 'shell': False}
[0.610481] (-) TimerEvent: {}
[0.711132] (-) TimerEvent: {}
[0.811680] (-) TimerEvent: {}
[0.912238] (-) TimerEvent: {}
[1.012691] (-) TimerEvent: {}
[1.113111] (-) TimerEvent: {}
[1.213677] (-) TimerEvent: {}
[1.314146] (-) TimerEvent: {}
[1.414660] (-) TimerEvent: {}
[1.515144] (-) TimerEvent: {}
[1.615580] (-) TimerEvent: {}
[1.716126] (-) TimerEvent: {}
[1.816658] (-) TimerEvent: {}
[1.917153] (-) TimerEvent: {}
[2.017718] (-) TimerEvent: {}
[2.079397] (robot_description) StdoutLine: {'line': b'-- The C compiler identification is GNU 11.4.0\n'}
[2.082922] (robot_description) StdoutLine: {'line': b'-- The CXX compiler identification is GNU 11.4.0\n'}
[2.083243] (robot_description) StdoutLine: {'line': b'-- Detecting C compiler ABI info\n'}
[2.083445] (robot_description) StdoutLine: {'line': b'-- Detecting C compiler ABI info - done\n'}
[2.083649] (robot_description) StdoutLine: {'line': b'-- Check for working C compiler: /usr/bin/cc - skipped\n'}
[2.083848] (robot_description) StdoutLine: {'line': b'-- Detecting C compile features\n'}
[2.084017] (robot_description) StdoutLine: {'line': b'-- Detecting C compile features - done\n'}
[2.084177] (robot_description) StdoutLine: {'line': b'-- Detecting CXX compiler ABI info\n'}
[2.084341] (robot_description) StdoutLine: {'line': b'-- Detecting CXX compiler ABI info - done\n'}
[2.084496] (robot_description) StdoutLine: {'line': b'-- Check for working CXX compiler: /usr/bin/c++ - skipped\n'}
[2.084678] (robot_description) StdoutLine: {'line': b'-- Detecting CXX compile features\n'}
[2.084858] (robot_description) StdoutLine: {'line': b'-- Detecting CXX compile features - done\n'}
[2.085012] (robot_description) StdoutLine: {'line': b'-- Found ament_cmake: 1.3.12 (/opt/ros/humble/share/ament_cmake/cmake)\n'}
[2.085165] (robot_description) StdoutLine: {'line': b'-- Found Python3: /usr/bin/python3 (found version "3.10.12") found components: Interpreter \n'}
[2.085316] (robot_description) StdoutLine: {'line': b'-- Override CMake install command with custom implementation using symlinks instead of copying resources\n'}
[2.085548] (robot_description) StdoutLine: {'line': b'-- Configuring done\n'}
[2.086417] (robot_description) StdoutLine: {'line': b'-- Generating done\n'}
[2.086644] (robot_description) StdoutLine: {'line': b'-- Build files have been written to: /root/Dojo/build/robot_description\n'}
[2.086913] (robot_navigation) StdoutLine: {'line': b'-- The C compiler identification is GNU 11.4.0\n'}
[2.087163] (robot_navigation) StdoutLine: {'line': b'-- The CXX compiler identification is GNU 11.4.0\n'}
[2.087326] (robot_navigation) StdoutLine: {'line': b'-- Detecting C compiler ABI info\n'}
[2.087487] (robot_navigation) StdoutLine: {'line': b'-- Detecting C compiler ABI info - done\n'}
[2.088839] (robot_navigation) StdoutLine: {'line': b'-- Check for working C compiler: /usr/bin/cc - skipped\n'}
[2.090522] (robot_navigation) StdoutLine: {'line': b'-- Detecting C compile features\n'}
[2.095992] (robot_navigation) StdoutLine: {'line': b'-- Detecting C compile features - done\n'}
[2.096250] (robot_navigation) StdoutLine: {'line': b'-- Detecting CXX compiler ABI info\n'}
[2.096463] (robot_navigation) StdoutLine: {'line': b'-- Detecting CXX compiler ABI info - done\n'}
[2.097018] (robot_navigation) StdoutLine: {'line': b'-- Check for working CXX compiler: /usr/bin/c++ - skipped\n'}
[2.097234] (robot_navigation) StdoutLine: {'line': b'-- Detecting CXX compile features\n'}
[2.097402] (robot_navigation) StdoutLine: {'line': b'-- Detecting CXX compile features - done\n'}
[2.097591] (robot_navigation) StdoutLine: {'line': b'-- Found ament_cmake: 1.3.12 (/opt/ros/humble/share/ament_cmake/cmake)\n'}
[2.097810] (robot_navigation) StdoutLine: {'line': b'-- Found Python3: /usr/bin/python3 (found version "3.10.12") found components: Interpreter \n'}
[2.097993] (robot_navigation) StdoutLine: {'line': b'-- Override CMake install command with custom implementation using symlinks instead of copying resources\n'}
[2.098155] (robot_navigation) StdoutLine: {'line': b'-- Configuring done\n'}
[2.098305] (robot_navigation) StdoutLine: {'line': b'-- Generating done\n'}
[2.098464] (robot_navigation) StdoutLine: {'line': b'-- Build files have been written to: /root/Dojo/build/robot_navigation\n'}
[2.098640] (robot_perception) StdoutLine: {'line': b'-- The C compiler identification is GNU 11.4.0\n'}
[2.098918] (robot_perception) StdoutLine: {'line': b'-- The CXX compiler identification is GNU 11.4.0\n'}
[2.099117] (robot_perception) StdoutLine: {'line': b'-- Detecting C compiler ABI info\n'}
[2.099277] (robot_perception) StdoutLine: {'line': b'-- Detecting C compiler ABI info - done\n'}
[2.099441] (robot_perception) StdoutLine: {'line': b'-- Check for working C compiler: /usr/bin/cc - skipped\n'}
[2.099598] (robot_perception) StdoutLine: {'line': b'-- Detecting C compile features\n'}
[2.101150] (robot_perception) StdoutLine: {'line': b'-- Detecting C compile features - done\n'}
[2.101891] (robot_perception) StdoutLine: {'line': b'-- Detecting CXX compiler ABI info\n'}
[2.102079] (robot_perception) StdoutLine: {'line': b'-- Detecting CXX compiler ABI info - done\n'}
[2.102263] (robot_perception) StdoutLine: {'line': b'-- Check for working CXX compiler: /usr/bin/c++ - skipped\n'}
[2.102414] (robot_perception) StdoutLine: {'line': b'-- Detecting CXX compile features\n'}
[2.102564] (robot_perception) StdoutLine: {'line': b'-- Detecting CXX compile features - done\n'}
[2.102755] (robot_perception) StdoutLine: {'line': b'-- Found ament_cmake: 1.3.12 (/opt/ros/humble/share/ament_cmake/cmake)\n'}
[2.102895] (robot_perception) StdoutLine: {'line': b'-- Found Python3: /usr/bin/python3 (found version "3.10.12") found components: Interpreter \n'}
[2.103074] (robot_perception) StdoutLine: {'line': b'-- Override CMake install command with custom implementation using symlinks instead of copying resources\n'}
[2.103277] (robot_perception) StdoutLine: {'line': b'-- Found rclpy: 3.3.17 (/opt/ros/humble/share/rclpy/cmake)\n'}
[2.103486] (robot_perception) StdoutLine: {'line': b'-- Found sensor_msgs: 4.9.0 (/opt/ros/humble/share/sensor_msgs/cmake)\n'}
[2.103686] (robot_perception) StdoutLine: {'line': b'-- Found rosidl_generator_c: 3.1.7 (/opt/ros/humble/share/rosidl_generator_c/cmake)\n'}
[2.103869] (robot_perception) StdoutLine: {'line': b'-- Found rosidl_adapter: 3.1.7 (/opt/ros/humble/share/rosidl_adapter/cmake)\n'}
[2.104066] (robot_perception) StdoutLine: {'line': b'-- Found rosidl_generator_cpp: 3.1.7 (/opt/ros/humble/share/rosidl_generator_cpp/cmake)\n'}
[2.104285] (robot_perception) StdoutLine: {'line': b'-- Using all available rosidl_typesupport_c: rosidl_typesupport_fastrtps_c;rosidl_typesupport_introspection_c\n'}
[2.104461] (robot_perception) StdoutLine: {'line': b'-- Using all available rosidl_typesupport_cpp: rosidl_typesupport_fastrtps_cpp;rosidl_typesupport_introspection_cpp\n'}
[2.114416] (robot_perception) StdoutLine: {'line': b'-- Found cv_bridge: 3.2.1 (/opt/ros/humble/share/cv_bridge/cmake)\n'}
[2.117824] (-) TimerEvent: {}
[2.155190] (robot_perception) StdoutLine: {'line': b'-- Found image_transport: 3.1.12 (/opt/ros/humble/share/image_transport/cmake)\n'}
[2.218697] (-) TimerEvent: {}
[2.306923] (robot_perception) StdoutLine: {'line': b'-- Found rmw_implementation_cmake: 6.1.2 (/opt/ros/humble/share/rmw_implementation_cmake/cmake)\n'}
[2.315281] (robot_perception) StdoutLine: {'line': b'-- Found rmw_fastrtps_cpp: 6.2.8 (/opt/ros/humble/share/rmw_fastrtps_cpp/cmake)\n'}
[2.318825] (-) TimerEvent: {}
[2.419333] (-) TimerEvent: {}
[2.519863] (-) TimerEvent: {}
[2.571669] (robot_perception) StdoutLine: {'line': b'-- Found OpenSSL: /usr/lib/x86_64-linux-gnu/libcrypto.so (found version "3.0.2")  \n'}
[2.619386] (robot_description) CommandEnded: {'returncode': 0}
[2.620153] (-) TimerEvent: {}
[2.622675] (robot_description) JobProgress: {'identifier': 'robot_description', 'progress': 'build'}
[2.622849] (robot_description) Command: {'cmd': ['/usr/bin/cmake', '--build', '/root/Dojo/build/robot_description', '--', '-j16', '-l16'], 'cwd': '/root/Dojo/build/robot_description', 'env': OrderedDict([('HOSTNAME', 'gareth-joel-HP-Pavilion-Gaming-Laptop-15-ec2xxx'), ('SHLVL', '0'), ('LD_LIBRARY_PATH', '/usr/lib/x86_64-linux-gnu/gazebo-11/plugins:/opt/ros/humble/opt/rviz_ogre_vendor/lib:/opt/ros/humble/lib/x86_64-linux-gnu:/opt/ros/humble/lib'), ('HOME', '/root'), ('OLDPWD', '/'), ('ROS_PYTHON_VERSION', '3'), ('ROS_DISTRO', 'humble'), ('_', '/usr/bin/colcon'), ('ROS_VERSION', '2'), ('TERM', 'xterm'), ('ROS_LOCALHOST_ONLY', '0'), ('QT_X11_NO_MITSHM', '1'), ('PATH', '/opt/ros/humble/bin:/usr/local/sbin:/usr/local/bin:/usr/sbin:/usr/bin:/sbin:/bin'), ('DISPLAY', ':0'), ('LANG', 'C.UTF-8'), ('AMENT_PREFIX_PATH', '/opt/ros/humble'), ('PWD', '/root/Dojo/build/robot_description'), ('LC_ALL', 'C.UTF-8'), ('PYTHONPATH', '/opt/ros/humble/lib/python3.10/site-packages:/opt/ros/humble/local/lib/python3.10/dist-packages'), ('COLCON', '1'), ('CMAKE_PREFIX_PATH', '/opt/ros/humble')]), 'shell': False}
[2.623713] (robot_navigation) CommandEnded: {'returncode': 0}
[2.624513] (robot_navigation) JobProgress: {'identifier': 'robot_navigation', 'progress': 'build'}
[2.624945] (robot_navigation) Command: {'cmd': ['/usr/bin/cmake', '--build', '/root/Dojo/build/robot_navigation', '--', '-j16', '-l16'], 'cwd': '/root/Dojo/build/robot_navigation', 'env': OrderedDict([('HOSTNAME', 'gareth-joel-HP-Pavilion-Gaming-Laptop-15-ec2xxx'), ('SHLVL', '0'), ('LD_LIBRARY_PATH', '/usr/lib/x86_64-linux-gnu/gazebo-11/plugins:/opt/ros/humble/opt/rviz_ogre_vendor/lib:/opt/ros/humble/lib/x86_64-linux-gnu:/opt/ros/humble/lib'), ('HOME', '/root'), ('OLDPWD', '/'), ('ROS_PYTHON_VERSION', '3'), ('ROS_DISTRO', 'humble'), ('_', '/usr/bin/colcon'), ('ROS_VERSION', '2'), ('TERM', 'xterm'), ('ROS_LOCALHOST_ONLY', '0'), ('QT_X11_NO_MITSHM', '1'), ('PATH', '/opt/ros/humble/bin:/usr/local/sbin:/usr/local/bin:/usr/sbin:/usr/bin:/sbin:/bin'), ('DISPLAY', ':0'), ('LANG', 'C.UTF-8'), ('AMENT_PREFIX_PATH', '/opt/ros/humble'), ('PWD', '/root/Dojo/build/robot_navigation'), ('LC_ALL', 'C.UTF-8'), ('PYTHONPATH', '/opt/ros/humble/lib/python3.10/site-packages:/opt/ros/humble/local/lib/python3.10/dist-packages'), ('COLCON', '1'), ('CMAKE_PREFIX_PATH', '/opt/ros/humble')]), 'shell': False}
[2.652726] (robot_perception) StdoutLine: {'line': b'-- Found FastRTPS: /opt/ros/humble/include  \n'}
[2.723690] (-) TimerEvent: {}
[2.762855] (robot_navigation) CommandEnded: {'returncode': 0}
[2.764745] (robot_navigation) JobProgress: {'identifier': 'robot_navigation', 'progress': 'install'}
[2.797438] (robot_navigation) Command: {'cmd': ['/usr/bin/cmake', '--install', '/root/Dojo/build/robot_navigation'], 'cwd': '/root/Dojo/build/robot_navigation', 'env': OrderedDict([('HOSTNAME', 'gareth-joel-HP-Pavilion-Gaming-Laptop-15-ec2xxx'), ('SHLVL', '0'), ('LD_LIBRARY_PATH', '/usr/lib/x86_64-linux-gnu/gazebo-11/plugins:/opt/ros/humble/opt/rviz_ogre_vendor/lib:/opt/ros/humble/lib/x86_64-linux-gnu:/opt/ros/humble/lib'), ('HOME', '/root'), ('OLDPWD', '/'), ('ROS_PYTHON_VERSION', '3'), ('ROS_DISTRO', 'humble'), ('_', '/usr/bin/colcon'), ('ROS_VERSION', '2'), ('TERM', 'xterm'), ('ROS_LOCALHOST_ONLY', '0'), ('QT_X11_NO_MITSHM', '1'), ('PATH', '/opt/ros/humble/bin:/usr/local/sbin:/usr/local/bin:/usr/sbin:/usr/bin:/sbin:/bin'), ('DISPLAY', ':0'), ('LANG', 'C.UTF-8'), ('AMENT_PREFIX_PATH', '/opt/ros/humble'), ('PWD', '/root/Dojo/build/robot_navigation'), ('LC_ALL', 'C.UTF-8'), ('PYTHONPATH', '/opt/ros/humble/lib/python3.10/site-packages:/opt/ros/humble/local/lib/python3.10/dist-packages'), ('COLCON', '1'), ('CMAKE_PREFIX_PATH', '/opt/ros/humble')]), 'shell': False}
[2.801680] (robot_description) StdoutLine: {'line': b'Built target ament_cmake_python_symlink_robot_description\n'}
[2.812308] (robot_perception) StdoutLine: {'line': b"-- Using RMW implementation 'rmw_fastrtps_cpp' as default\n"}
[2.819572] (robot_navigation) StdoutLine: {'line': b'-- Install configuration: ""\n'}
[2.822730] (robot_navigation) StdoutLine: {'line': b'-- Execute custom install script\n'}
[2.823836] (-) TimerEvent: {}
[2.824552] (robot_navigation) StdoutLine: {'line': b'-- Symlinking: /root/Dojo/install/robot_navigation/share/robot_navigation/navigation.launch.py\n'}
[2.857134] (robot_navigation) StdoutLine: {'line': b'-- Symlinking: /root/Dojo/install/robot_navigation/share/robot_navigation/localization.launch.py\n'}
[2.874678] (robot_perception) StdoutLine: {'line': b'-- Looking for pthread.h\n'}
[2.885155] (robot_navigation) StdoutLine: {'line': b'-- Symlinking: /root/Dojo/install/robot_navigation/share/robot_navigation/map_server.launch.py\n'}
[2.909078] (robot_navigation) StdoutLine: {'line': b'-- Symlinking: /root/Dojo/install/robot_navigation/share/robot_navigation/nav2_params.yaml\n'}
[2.924680] (-) TimerEvent: {}
[2.945747] (robot_navigation) StdoutLine: {'line': b'-- Symlinking: /root/Dojo/install/robot_navigation/share/robot_navigation/localization_params.yaml\n'}
[2.987937] (robot_navigation) StdoutLine: {'line': b'-- Symlinking: /root/Dojo/install/robot_navigation/share/robot_navigation/map_server_params.yaml\n'}
[3.024807] (-) TimerEvent: {}
[3.039653] (robot_navigation) StdoutLine: {'line': b'-- Symlinking: /root/Dojo/install/robot_navigation/share/robot_navigation/bt_navigator_params.yaml\n'}
[3.092186] (robot_navigation) StdoutLine: {'line': b'-- Symlinking: /root/Dojo/install/robot_navigation/share/robot_navigation/planner_params.yaml\n'}
[3.124940] (-) TimerEvent: {}
[3.130583] (robot_navigation) StdoutLine: {'line': b'-- Symlinking: /root/Dojo/install/robot_navigation/share/robot_navigation/controller_params.yaml\n'}
[3.159361] (robot_navigation) StdoutLine: {'line': b'-- Symlinking: /root/Dojo/install/robot_navigation/share/robot_navigation/costmap_common_params.yaml\n'}
[3.216014] (robot_perception) StdoutLine: {'line': b'-- Looking for pthread.h - found\n'}
[3.218020] (robot_perception) StdoutLine: {'line': b'-- Performing Test CMAKE_HAVE_LIBC_PTHREAD\n'}
[3.225115] (-) TimerEvent: {}
[3.227605] (robot_navigation) StdoutLine: {'line': b'-- Symlinking: /root/Dojo/install/robot_navigation/share/robot_navigation/global_costmap_params.yaml\n'}
[3.257853] (robot_navigation) StdoutLine: {'line': b'-- Symlinking: /root/Dojo/install/robot_navigation/share/robot_navigation/local_costmap_params.yaml\n'}
[3.294376] (robot_navigation) StdoutLine: {'line': b'-- Symlinking: /root/Dojo/install/robot_navigation/share/robot_navigation/launch/localization.launch.py\n'}
[3.321756] (robot_navigation) StdoutLine: {'line': b'-- Symlinking: /root/Dojo/install/robot_navigation/share/robot_navigation/launch/map_server.launch.py\n'}
[3.325202] (-) TimerEvent: {}
[3.348795] (robot_navigation) StdoutLine: {'line': b'-- Symlinking: /root/Dojo/install/robot_navigation/share/robot_navigation/launch/navigation.launch.py\n'}
[3.377220] (robot_navigation) StdoutLine: {'line': b'-- Symlinking: /root/Dojo/install/robot_navigation/share/robot_navigation/config/bt_navigator_params.yaml\n'}
[3.404695] (robot_navigation) StdoutLine: {'line': b'-- Symlinking: /root/Dojo/install/robot_navigation/share/robot_navigation/config/controller_params.yaml\n'}
[3.425331] (-) TimerEvent: {}
[3.431791] (robot_navigation) StdoutLine: {'line': b'-- Symlinking: /root/Dojo/install/robot_navigation/share/robot_navigation/config/costmap_common_params.yaml\n'}
[3.439485] (robot_description) StdoutLine: {'line': b'running egg_info\n'}
[3.441798] (robot_description) StdoutLine: {'line': b'creating robot_description.egg-info\n'}
[3.443440] (robot_description) StdoutLine: {'line': b'writing robot_description.egg-info/PKG-INFO\n'}
[3.448300] (robot_description) StdoutLine: {'line': b'writing dependency_links to robot_description.egg-info/dependency_links.txt\n'}
[3.449381] (robot_description) StdoutLine: {'line': b'writing top-level names to robot_description.egg-info/top_level.txt\n'}
[3.450345] (robot_description) StdoutLine: {'line': b"writing manifest file 'robot_description.egg-info/SOURCES.txt'\n"}
[3.451414] (robot_description) StdoutLine: {'line': b"reading manifest file 'robot_description.egg-info/SOURCES.txt'\n"}
[3.452480] (robot_description) StdoutLine: {'line': b"writing manifest file 'robot_description.egg-info/SOURCES.txt'\n"}
[3.459086] (robot_navigation) StdoutLine: {'line': b'-- Symlinking: /root/Dojo/install/robot_navigation/share/robot_navigation/config/global_costmap_params.yaml\n'}
[3.490211] (robot_navigation) StdoutLine: {'line': b'-- Symlinking: /root/Dojo/install/robot_navigation/share/robot_navigation/config/local_costmap_params.yaml\n'}
[3.494062] (robot_perception) StdoutLine: {'line': b'-- Performing Test CMAKE_HAVE_LIBC_PTHREAD - Success\n'}
[3.498747] (robot_perception) StdoutLine: {'line': b'-- Found Threads: TRUE  \n'}
[3.501324] (vision_system) Command: {'cmd': ['/usr/bin/python3', '-W', 'ignore:setup.py install is deprecated', '-W', 'ignore:easy_install command is deprecated', 'setup.py', 'develop', '--editable', '--build-directory', '/root/Dojo/build/vision_system/build', '--no-deps', 'symlink_data'], 'cwd': '/root/Dojo/build/vision_system', 'env': {'HOSTNAME': 'gareth-joel-HP-Pavilion-Gaming-Laptop-15-ec2xxx', 'SHLVL': '0', 'LD_LIBRARY_PATH': '/usr/lib/x86_64-linux-gnu/gazebo-11/plugins:/opt/ros/humble/opt/rviz_ogre_vendor/lib:/opt/ros/humble/lib/x86_64-linux-gnu:/opt/ros/humble/lib', 'HOME': '/root', 'OLDPWD': '/', 'ROS_PYTHON_VERSION': '3', 'ROS_DISTRO': 'humble', '_': '/usr/bin/colcon', 'ROS_VERSION': '2', 'TERM': 'xterm', 'ROS_LOCALHOST_ONLY': '0', 'QT_X11_NO_MITSHM': '1', 'PATH': '/opt/ros/humble/bin:/usr/local/sbin:/usr/local/bin:/usr/sbin:/usr/bin:/sbin:/bin', 'DISPLAY': ':0', 'LANG': 'C.UTF-8', 'AMENT_PREFIX_PATH': '/opt/ros/humble', 'PWD': '/root/Dojo/build/vision_system', 'LC_ALL': 'C.UTF-8', 'PYTHONPATH': '/root/Dojo/build/vision_system/prefix_override:/usr/lib/python3/dist-packages/colcon_core/task/python/colcon_distutils_commands:/root/Dojo/install/vision_system/lib/python3.10/site-packages:/opt/ros/humble/lib/python3.10/site-packages:/opt/ros/humble/local/lib/python3.10/dist-packages', 'COLCON': '1'}, 'shell': False}
[3.527856] (-) TimerEvent: {}
[3.537069] (ros2arduino_bridge) Command: {'cmd': ['/usr/bin/python3', '-W', 'ignore:setup.py install is deprecated', '-W', 'ignore:easy_install command is deprecated', 'setup.py', 'develop', '--editable', '--build-directory', '/root/Dojo/build/ros2arduino_bridge/build', '--no-deps', 'symlink_data'], 'cwd': '/root/Dojo/build/ros2arduino_bridge', 'env': {'HOSTNAME': 'gareth-joel-HP-Pavilion-Gaming-Laptop-15-ec2xxx', 'SHLVL': '0', 'LD_LIBRARY_PATH': '/usr/lib/x86_64-linux-gnu/gazebo-11/plugins:/opt/ros/humble/opt/rviz_ogre_vendor/lib:/opt/ros/humble/lib/x86_64-linux-gnu:/opt/ros/humble/lib', 'HOME': '/root', 'OLDPWD': '/', 'ROS_PYTHON_VERSION': '3', 'ROS_DISTRO': 'humble', '_': '/usr/bin/colcon', 'ROS_VERSION': '2', 'TERM': 'xterm', 'ROS_LOCALHOST_ONLY': '0', 'QT_X11_NO_MITSHM': '1', 'PATH': '/opt/ros/humble/bin:/usr/local/sbin:/usr/local/bin:/usr/sbin:/usr/bin:/sbin:/bin', 'DISPLAY': ':0', 'LANG': 'C.UTF-8', 'AMENT_PREFIX_PATH': '/opt/ros/humble', 'PWD': '/root/Dojo/build/ros2arduino_bridge', 'LC_ALL': 'C.UTF-8', 'PYTHONPATH': '/root/Dojo/build/ros2arduino_bridge/prefix_override:/usr/lib/python3/dist-packages/colcon_core/task/python/colcon_distutils_commands:/root/Dojo/install/ros2arduino_bridge/lib/python3.10/site-packages:/opt/ros/humble/lib/python3.10/site-packages:/opt/ros/humble/local/lib/python3.10/dist-packages', 'COLCON': '1'}, 'shell': False}
[3.545787] (robot_description) StdoutLine: {'line': b'Built target ament_cmake_python_build_robot_description_egg\n'}
[3.549586] (robot_control) Command: {'cmd': ['/usr/bin/python3', '-W', 'ignore:setup.py install is deprecated', '-W', 'ignore:easy_install command is deprecated', 'setup.py', 'develop', '--editable', '--build-directory', '/root/Dojo/build/robot_control/build', '--no-deps', 'symlink_data'], 'cwd': '/root/Dojo/build/robot_control', 'env': {'HOSTNAME': 'gareth-joel-HP-Pavilion-Gaming-Laptop-15-ec2xxx', 'SHLVL': '0', 'LD_LIBRARY_PATH': '/usr/lib/x86_64-linux-gnu/gazebo-11/plugins:/opt/ros/humble/opt/rviz_ogre_vendor/lib:/opt/ros/humble/lib/x86_64-linux-gnu:/opt/ros/humble/lib', 'HOME': '/root', 'OLDPWD': '/', 'ROS_PYTHON_VERSION': '3', 'ROS_DISTRO': 'humble', '_': '/usr/bin/colcon', 'ROS_VERSION': '2', 'TERM': 'xterm', 'ROS_LOCALHOST_ONLY': '0', 'QT_X11_NO_MITSHM': '1', 'PATH': '/opt/ros/humble/bin:/usr/local/sbin:/usr/local/bin:/usr/sbin:/usr/bin:/sbin:/bin', 'DISPLAY': ':0', 'LANG': 'C.UTF-8', 'AMENT_PREFIX_PATH': '/opt/ros/humble', 'PWD': '/root/Dojo/build/robot_control', 'LC_ALL': 'C.UTF-8', 'PYTHONPATH': '/root/Dojo/build/robot_control/prefix_override:/usr/lib/python3/dist-packages/colcon_core/task/python/colcon_distutils_commands:/root/Dojo/install/robot_control/lib/python3.10/site-packages:/opt/ros/humble/lib/python3.10/site-packages:/opt/ros/humble/local/lib/python3.10/dist-packages', 'COLCON': '1'}, 'shell': False}
[3.628894] (robot_sensors) Command: {'cmd': ['/usr/bin/python3', '-W', 'ignore:setup.py install is deprecated', '-W', 'ignore:easy_install command is deprecated', 'setup.py', 'develop', '--editable', '--build-directory', '/root/Dojo/build/robot_sensors/build', '--no-deps', 'symlink_data'], 'cwd': '/root/Dojo/build/robot_sensors', 'env': {'HOSTNAME': 'gareth-joel-HP-Pavilion-Gaming-Laptop-15-ec2xxx', 'SHLVL': '0', 'LD_LIBRARY_PATH': '/usr/lib/x86_64-linux-gnu/gazebo-11/plugins:/opt/ros/humble/opt/rviz_ogre_vendor/lib:/opt/ros/humble/lib/x86_64-linux-gnu:/opt/ros/humble/lib', 'HOME': '/root', 'OLDPWD': '/', 'ROS_PYTHON_VERSION': '3', 'ROS_DISTRO': 'humble', '_': '/usr/bin/colcon', 'ROS_VERSION': '2', 'TERM': 'xterm', 'ROS_LOCALHOST_ONLY': '0', 'QT_X11_NO_MITSHM': '1', 'PATH': '/opt/ros/humble/bin:/usr/local/sbin:/usr/local/bin:/usr/sbin:/usr/bin:/sbin:/bin', 'DISPLAY': ':0', 'LANG': 'C.UTF-8', 'AMENT_PREFIX_PATH': '/opt/ros/humble', 'PWD': '/root/Dojo/build/robot_sensors', 'LC_ALL': 'C.UTF-8', 'PYTHONPATH': '/root/Dojo/build/robot_sensors/prefix_override:/usr/lib/python3/dist-packages/colcon_core/task/python/colcon_distutils_commands:/root/Dojo/install/robot_sensors/lib/python3.10/site-packages:/opt/ros/humble/lib/python3.10/site-packages:/opt/ros/humble/local/lib/python3.10/dist-packages', 'COLCON': '1'}, 'shell': False}
[3.630659] (-) TimerEvent: {}
[3.647992] (robot_description) CommandEnded: {'returncode': 0}
[3.648582] (robot_description) JobProgress: {'identifier': 'robot_description', 'progress': 'install'}
[3.648664] (robot_description) Command: {'cmd': ['/usr/bin/cmake', '--install', '/root/Dojo/build/robot_description'], 'cwd': '/root/Dojo/build/robot_description', 'env': OrderedDict([('HOSTNAME', 'gareth-joel-HP-Pavilion-Gaming-Laptop-15-ec2xxx'), ('SHLVL', '0'), ('LD_LIBRARY_PATH', '/usr/lib/x86_64-linux-gnu/gazebo-11/plugins:/opt/ros/humble/opt/rviz_ogre_vendor/lib:/opt/ros/humble/lib/x86_64-linux-gnu:/opt/ros/humble/lib'), ('HOME', '/root'), ('OLDPWD', '/'), ('ROS_PYTHON_VERSION', '3'), ('ROS_DISTRO', 'humble'), ('_', '/usr/bin/colcon'), ('ROS_VERSION', '2'), ('TERM', 'xterm'), ('ROS_LOCALHOST_ONLY', '0'), ('QT_X11_NO_MITSHM', '1'), ('PATH', '/opt/ros/humble/bin:/usr/local/sbin:/usr/local/bin:/usr/sbin:/usr/bin:/sbin:/bin'), ('DISPLAY', ':0'), ('LANG', 'C.UTF-8'), ('AMENT_PREFIX_PATH', '/opt/ros/humble'), ('PWD', '/root/Dojo/build/robot_description'), ('LC_ALL', 'C.UTF-8'), ('PYTHONPATH', '/opt/ros/humble/lib/python3.10/site-packages:/opt/ros/humble/local/lib/python3.10/dist-packages'), ('COLCON', '1'), ('CMAKE_PREFIX_PATH', '/opt/ros/humble')]), 'shell': False}
[3.666793] (robot_navigation) StdoutLine: {'line': b'-- Symlinking: /root/Dojo/install/robot_navigation/share/robot_navigation/config/localization_params.yaml\n'}
[3.671165] (arduino_bridge) Command: {'cmd': ['/usr/bin/python3', '-W', 'ignore:setup.py install is deprecated', '-W', 'ignore:easy_install command is deprecated', 'setup.py', 'develop', '--editable', '--build-directory', '/root/Dojo/build/arduino_bridge/build', '--no-deps', 'symlink_data'], 'cwd': '/root/Dojo/build/arduino_bridge', 'env': {'HOSTNAME': 'gareth-joel-HP-Pavilion-Gaming-Laptop-15-ec2xxx', 'SHLVL': '0', 'LD_LIBRARY_PATH': '/usr/lib/x86_64-linux-gnu/gazebo-11/plugins:/opt/ros/humble/opt/rviz_ogre_vendor/lib:/opt/ros/humble/lib/x86_64-linux-gnu:/opt/ros/humble/lib', 'HOME': '/root', 'OLDPWD': '/', 'ROS_PYTHON_VERSION': '3', 'ROS_DISTRO': 'humble', '_': '/usr/bin/colcon', 'ROS_VERSION': '2', 'TERM': 'xterm', 'ROS_LOCALHOST_ONLY': '0', 'QT_X11_NO_MITSHM': '1', 'PATH': '/opt/ros/humble/bin:/usr/local/sbin:/usr/local/bin:/usr/sbin:/usr/bin:/sbin:/bin', 'DISPLAY': ':0', 'LANG': 'C.UTF-8', 'AMENT_PREFIX_PATH': '/opt/ros/humble', 'PWD': '/root/Dojo/build/arduino_bridge', 'LC_ALL': 'C.UTF-8', 'PYTHONPATH': '/root/Dojo/build/arduino_bridge/prefix_override:/usr/lib/python3/dist-packages/colcon_core/task/python/colcon_distutils_commands:/root/Dojo/install/arduino_bridge/lib/python3.10/site-packages:/opt/ros/humble/lib/python3.10/site-packages:/opt/ros/humble/local/lib/python3.10/dist-packages', 'COLCON': '1'}, 'shell': False}
[3.681209] (robot_description) StdoutLine: {'line': b'-- Install configuration: ""\n'}
[3.683085] (robot_description) StdoutLine: {'line': b'-- Execute custom install script\n'}
[3.684250] (robot_description) StdoutLine: {'line': b'-- Symlinking: /root/Dojo/install/robot_description/share/robot_description/launch/display.launch.py\n'}
[3.697793] (robot_navigation) StdoutLine: {'line': b'-- Symlinking: /root/Dojo/install/robot_navigation/share/robot_navigation/config/map_server_params.yaml\n'}
[3.710623] (robot_description) StdoutLine: {'line': b'-- Symlinking: /root/Dojo/install/robot_description/share/robot_description/launch/robot_state_publisher.launch.py\n'}
[3.723324] (robot_navigation) StdoutLine: {'line': b'-- Symlinking: /root/Dojo/install/robot_navigation/share/robot_navigation/config/nav2_params.yaml\n'}
[3.730788] (-) TimerEvent: {}
[3.735600] (robot_description) StdoutLine: {'line': b'-- Symlinking: /root/Dojo/install/robot_description/share/robot_description/urdf/robot.urdf\n'}
[3.749667] (robot_navigation) StdoutLine: {'line': b'-- Symlinking: /root/Dojo/install/robot_navigation/share/robot_navigation/config/planner_params.yaml\n'}
[3.757535] (robot_description) StdoutLine: {'line': b'-- Symlinking: /root/Dojo/install/robot_description/share/robot_description/urdf/robot.urdf.xacro\n'}
[3.772035] (robot_navigation) StdoutLine: {'line': b'-- Up-to-date symlink: /root/Dojo/install/robot_navigation/share/robot_navigation/config/bt_navigator_params.yaml\n'}
[3.773251] (robot_navigation) StdoutLine: {'line': b'-- Up-to-date symlink: /root/Dojo/install/robot_navigation/share/robot_navigation/config/controller_params.yaml\n'}
[3.773584] (robot_navigation) StdoutLine: {'line': b'-- Up-to-date symlink: /root/Dojo/install/robot_navigation/share/robot_navigation/config/costmap_common_params.yaml\n'}
[3.774033] (robot_navigation) StdoutLine: {'line': b'-- Up-to-date symlink: /root/Dojo/install/robot_navigation/share/robot_navigation/config/global_costmap_params.yaml\n'}
[3.774504] (robot_navigation) StdoutLine: {'line': b'-- Up-to-date symlink: /root/Dojo/install/robot_navigation/share/robot_navigation/config/local_costmap_params.yaml\n'}
[3.774938] (robot_navigation) StdoutLine: {'line': b'-- Up-to-date symlink: /root/Dojo/install/robot_navigation/share/robot_navigation/config/localization_params.yaml\n'}
[3.776171] (robot_navigation) StdoutLine: {'line': b'-- Up-to-date symlink: /root/Dojo/install/robot_navigation/share/robot_navigation/config/map_server_params.yaml\n'}
[3.776596] (robot_navigation) StdoutLine: {'line': b'-- Up-to-date symlink: /root/Dojo/install/robot_navigation/share/robot_navigation/config/nav2_params.yaml\n'}
[3.776931] (robot_navigation) StdoutLine: {'line': b'-- Up-to-date symlink: /root/Dojo/install/robot_navigation/share/robot_navigation/config/planner_params.yaml\n'}
[3.777693] (robot_navigation) StdoutLine: {'line': b'-- Up-to-date symlink: /root/Dojo/install/robot_navigation/share/robot_navigation/launch/localization.launch.py\n'}
[3.778406] (robot_navigation) StdoutLine: {'line': b'-- Up-to-date symlink: /root/Dojo/install/robot_navigation/share/robot_navigation/launch/map_server.launch.py\n'}
[3.778873] (robot_navigation) StdoutLine: {'line': b'-- Up-to-date symlink: /root/Dojo/install/robot_navigation/share/robot_navigation/launch/navigation.launch.py\n'}
[3.780109] (robot_navigation) StdoutLine: {'line': b'-- Symlinking: /root/Dojo/install/robot_navigation/share/ament_index/resource_index/package_run_dependencies/robot_navigation\n'}
[3.788050] (robot_description) StdoutLine: {'line': b'-- Symlinking: /root/Dojo/install/robot_description/share/robot_description/rviz/robot.rviz\n'}
[3.817805] (robot_navigation) StdoutLine: {'line': b'-- Symlinking: /root/Dojo/install/robot_navigation/share/ament_index/resource_index/parent_prefix_path/robot_navigation\n'}
[3.825769] (robot_description) StdoutLine: {'line': b'-- Symlinking: /root/Dojo/install/robot_description/share/robot_description/environment/pythonpath.sh\n'}
[3.830902] (-) TimerEvent: {}
[3.847083] (robot_navigation) StdoutLine: {'line': b'-- Symlinking: /root/Dojo/install/robot_navigation/share/robot_navigation/environment/ament_prefix_path.sh\n'}
[3.848684] (robot_description) StdoutLine: {'line': b'-- Symlinking: /root/Dojo/install/robot_description/share/robot_description/environment/pythonpath.dsv\n'}
[3.871785] (robot_navigation) StdoutLine: {'line': b'-- Symlinking: /root/Dojo/install/robot_navigation/share/robot_navigation/environment/ament_prefix_path.dsv\n'}
[3.876937] (robot_description) StdoutLine: {'line': b'-- Symlinking: /root/Dojo/install/robot_description/local/lib/python3.10/dist-packages/robot_description-0.0.1-py3.10.egg-info/PKG-INFO\n'}
[3.895196] (robot_navigation) StdoutLine: {'line': b'-- Symlinking: /root/Dojo/install/robot_navigation/share/robot_navigation/environment/path.sh\n'}
[3.903069] (robot_description) StdoutLine: {'line': b'-- Symlinking: /root/Dojo/install/robot_description/local/lib/python3.10/dist-packages/robot_description-0.0.1-py3.10.egg-info/SOURCES.txt\n'}
[3.927631] (robot_description) StdoutLine: {'line': b'-- Symlinking: /root/Dojo/install/robot_description/local/lib/python3.10/dist-packages/robot_description-0.0.1-py3.10.egg-info/dependency_links.txt\n'}
[3.929296] (robot_navigation) StdoutLine: {'line': b'-- Symlinking: /root/Dojo/install/robot_navigation/share/robot_navigation/environment/path.dsv\n'}
[3.931013] (-) TimerEvent: {}
[3.950266] (robot_description) StdoutLine: {'line': b'-- Symlinking: /root/Dojo/install/robot_description/local/lib/python3.10/dist-packages/robot_description-0.0.1-py3.10.egg-info/top_level.txt\n'}
[3.952569] (robot_navigation) StdoutLine: {'line': b'-- Symlinking: /root/Dojo/install/robot_navigation/share/robot_navigation/local_setup.bash\n'}
[3.987763] (robot_description) StdoutLine: {'line': b'-- Symlinking: /root/Dojo/install/robot_description/local/lib/python3.10/dist-packages/robot_description/__init__.py\n'}
[3.989820] (robot_navigation) StdoutLine: {'line': b'-- Symlinking: /root/Dojo/install/robot_navigation/share/robot_navigation/local_setup.sh\n'}
[4.021887] (robot_description) StdoutLine: {'line': b'-- Symlinking: /root/Dojo/install/robot_description/lib/robot_description/display_robot.py\n'}
[4.027755] (robot_navigation) StdoutLine: {'line': b'-- Symlinking: /root/Dojo/install/robot_navigation/share/robot_navigation/local_setup.zsh\n'}
[4.031109] (-) TimerEvent: {}
[4.049468] (robot_description) StdoutLine: {'line': b'-- Symlinking: /root/Dojo/install/robot_description/share/ament_index/resource_index/package_run_dependencies/robot_description\n'}
[4.061030] (robot_navigation) StdoutLine: {'line': b'-- Symlinking: /root/Dojo/install/robot_navigation/share/robot_navigation/local_setup.dsv\n'}
[4.078739] (robot_description) StdoutLine: {'line': b'-- Symlinking: /root/Dojo/install/robot_description/share/ament_index/resource_index/parent_prefix_path/robot_description\n'}
[4.091172] (robot_navigation) StdoutLine: {'line': b'-- Symlinking: /root/Dojo/install/robot_navigation/share/robot_navigation/package.dsv\n'}
[4.100586] (robot_description) StdoutLine: {'line': b'-- Symlinking: /root/Dojo/install/robot_description/share/robot_description/environment/ament_prefix_path.sh\n'}
[4.116086] (robot_navigation) StdoutLine: {'line': b'-- Symlinking: /root/Dojo/install/robot_navigation/share/ament_index/resource_index/packages/robot_navigation\n'}
[4.125703] (robot_description) StdoutLine: {'line': b'-- Symlinking: /root/Dojo/install/robot_description/share/robot_description/environment/ament_prefix_path.dsv\n'}
[4.131235] (-) TimerEvent: {}
[4.132865] (ros2arduino_bridge) StderrLine: {'line': b"/usr/lib/python3/dist-packages/setuptools/dist.py:723: UserWarning: Usage of dash-separated 'script-dir' will not be supported in future versions. Please use the underscore name 'script_dir' instead\n"}
[4.133203] (ros2arduino_bridge) StderrLine: {'line': b'  warnings.warn(\n'}
[4.140679] (robot_navigation) StdoutLine: {'line': b'-- Symlinking: /root/Dojo/install/robot_navigation/share/robot_navigation/cmake/robot_navigationConfig.cmake\n'}
[4.160509] (robot_description) StdoutLine: {'line': b'-- Symlinking: /root/Dojo/install/robot_description/share/robot_description/environment/path.sh\n'}
[4.163215] (robot_navigation) StdoutLine: {'line': b'-- Symlinking: /root/Dojo/install/robot_navigation/share/robot_navigation/cmake/robot_navigationConfig-version.cmake\n'}
[4.171677] (robot_control) StdoutLine: {'line': b'running develop\n'}
[4.184957] (robot_description) StdoutLine: {'line': b'-- Symlinking: /root/Dojo/install/robot_description/share/robot_description/environment/path.dsv\n'}
[4.194324] (robot_navigation) StdoutLine: {'line': b'-- Symlinking: /root/Dojo/install/robot_navigation/share/robot_navigation/package.xml\n'}
[4.210061] (ros2arduino_bridge) StdoutLine: {'line': b'running develop\n'}
[4.212775] (vision_system) StdoutLine: {'line': b'running develop\n'}
[4.215755] (robot_description) StdoutLine: {'line': b'-- Symlinking: /root/Dojo/install/robot_description/share/robot_description/local_setup.bash\n'}
[4.231367] (-) TimerEvent: {}
[4.235231] (robot_navigation) CommandEnded: {'returncode': 0}
[4.242933] (robot_description) StdoutLine: {'line': b'-- Symlinking: /root/Dojo/install/robot_description/share/robot_description/local_setup.sh\n'}
[4.274136] (robot_description) StdoutLine: {'line': b'-- Symlinking: /root/Dojo/install/robot_description/share/robot_description/local_setup.zsh\n'}
[4.280206] (arduino_bridge) StdoutLine: {'line': b'running develop\n'}
[4.283181] (robot_sensors) StdoutLine: {'line': b'running develop\n'}
[4.284303] (robot_perception) StdoutLine: {'line': b'-- Configuring done\n'}
[4.299005] (robot_description) StdoutLine: {'line': b'-- Symlinking: /root/Dojo/install/robot_description/share/robot_description/local_setup.dsv\n'}
[4.314167] (robot_perception) StdoutLine: {'line': b'-- Generating done\n'}
[4.316980] (robot_perception) StdoutLine: {'line': b'-- Build files have been written to: /root/Dojo/build/robot_perception\n'}
[4.320704] (robot_description) StdoutLine: {'line': b'-- Symlinking: /root/Dojo/install/robot_description/share/robot_description/package.dsv\n'}
[4.331988] (-) TimerEvent: {}
[4.336682] (robot_navigation) JobEnded: {'identifier': 'robot_navigation', 'rc': 0}
[4.338331] (robot_perception) CommandEnded: {'returncode': 0}
[4.341537] (robot_perception) JobProgress: {'identifier': 'robot_perception', 'progress': 'build'}
[4.341824] (robot_perception) Command: {'cmd': ['/usr/bin/cmake', '--build', '/root/Dojo/build/robot_perception', '--', '-j16', '-l16'], 'cwd': '/root/Dojo/build/robot_perception', 'env': OrderedDict([('HOSTNAME', 'gareth-joel-HP-Pavilion-Gaming-Laptop-15-ec2xxx'), ('SHLVL', '0'), ('LD_LIBRARY_PATH', '/usr/lib/x86_64-linux-gnu/gazebo-11/plugins:/opt/ros/humble/opt/rviz_ogre_vendor/lib:/opt/ros/humble/lib/x86_64-linux-gnu:/opt/ros/humble/lib'), ('HOME', '/root'), ('OLDPWD', '/'), ('ROS_PYTHON_VERSION', '3'), ('ROS_DISTRO', 'humble'), ('_', '/usr/bin/colcon'), ('ROS_VERSION', '2'), ('TERM', 'xterm'), ('ROS_LOCALHOST_ONLY', '0'), ('QT_X11_NO_MITSHM', '1'), ('PATH', '/opt/ros/humble/bin:/usr/local/sbin:/usr/local/bin:/usr/sbin:/usr/bin:/sbin:/bin'), ('DISPLAY', ':0'), ('LANG', 'C.UTF-8'), ('AMENT_PREFIX_PATH', '/opt/ros/humble'), ('PWD', '/root/Dojo/build/robot_perception'), ('LC_ALL', 'C.UTF-8'), ('PYTHONPATH', '/opt/ros/humble/lib/python3.10/site-packages:/opt/ros/humble/local/lib/python3.10/dist-packages'), ('COLCON', '1'), ('CMAKE_PREFIX_PATH', '/opt/ros/humble')]), 'shell': False}
[4.348983] (robot_description) StdoutLine: {'line': b'-- Symlinking: /root/Dojo/install/robot_description/share/ament_index/resource_index/packages/robot_description\n'}
[4.374082] (robot_description) StdoutLine: {'line': b'-- Symlinking: /root/Dojo/install/robot_description/share/robot_description/cmake/robot_descriptionConfig.cmake\n'}
[4.393722] (robot_description) StdoutLine: {'line': b'-- Symlinking: /root/Dojo/install/robot_description/share/robot_description/cmake/robot_descriptionConfig-version.cmake\n'}
[4.422761] (robot_description) StdoutLine: {'line': b'-- Symlinking: /root/Dojo/install/robot_description/share/robot_description/package.xml\n'}
[4.432106] (-) TimerEvent: {}
[4.448603] (robot_description) StdoutLine: {'line': b'-- Up-to-date: /root/Dojo/install/robot_description/share/robot_description\n'}
[4.451835] (robot_description) StdoutLine: {'line': b'-- Up-to-date: /root/Dojo/install/robot_description/share/robot_description/urdf\n'}
[4.453106] (robot_description) StdoutLine: {'line': b'-- Installing: /root/Dojo/install/robot_description/share/robot_description/include\n'}
[4.454294] (robot_description) StdoutLine: {'line': b'-- Installing: /root/Dojo/install/robot_description/share/robot_description/include/robot_description\n'}
[4.457391] (robot_description) StdoutLine: {'line': b'-- Up-to-date: /root/Dojo/install/robot_description/share/robot_description/rviz\n'}
[4.458529] (robot_description) StdoutLine: {'line': b'-- Installing: /root/Dojo/install/robot_description/share/robot_description/src\n'}
[4.459735] (robot_description) StdoutLine: {'line': b'-- Installing: /root/Dojo/install/robot_description/share/robot_description/src/robot_description\n'}
[4.462648] (robot_description) StdoutLine: {'line': b'-- Installing: /root/Dojo/install/robot_description/share/robot_description/meshes\n'}
[4.463858] (robot_description) StdoutLine: {'line': b'-- Installing: /root/Dojo/install/robot_description/share/robot_description/robot_description\n'}
[4.465063] (robot_description) StdoutLine: {'line': b'-- Installing: /root/Dojo/install/robot_description/share/robot_description/robot_description/robot_description\n'}
[4.466274] (robot_description) StdoutLine: {'line': b'-- Installing: /root/Dojo/install/robot_description/share/robot_description/scripts\n'}
[4.467433] (robot_description) StdoutLine: {'line': b'-- Installing: /root/Dojo/install/robot_description/share/robot_description/resource\n'}
[4.468632] (robot_description) StdoutLine: {'line': b'-- Up-to-date: /root/Dojo/install/robot_description/share/robot_description/launch\n'}
[4.469790] (robot_description) StdoutLine: {'line': b'-- Up-to-date: /root/Dojo/install/robot_description/share/robot_description/config\n'}
[4.470956] (robot_description) StdoutLine: {'line': b'-- Installing: /root/Dojo/install/robot_description/lib/robot_description/robot_description\n'}
[4.472115] (robot_description) StdoutLine: {'line': b'-- Installing: /root/Dojo/install/robot_description/lib/robot_description/robot_description/__init__.py\n'}
[4.481544] (robot_control) StdoutLine: {'line': b'running egg_info\n'}
[4.482070] (robot_control) StdoutLine: {'line': b'creating robot_control.egg-info\n'}
[4.482470] (robot_control) StdoutLine: {'line': b'writing robot_control.egg-info/PKG-INFO\n'}
[4.482973] (robot_control) StdoutLine: {'line': b'writing dependency_links to robot_control.egg-info/dependency_links.txt\n'}
[4.483344] (robot_control) StdoutLine: {'line': b'writing entry points to robot_control.egg-info/entry_points.txt\n'}
[4.483697] (robot_control) StdoutLine: {'line': b'writing requirements to robot_control.egg-info/requires.txt\n'}
[4.483926] (robot_control) StdoutLine: {'line': b'writing top-level names to robot_control.egg-info/top_level.txt\n'}
[4.484251] (robot_control) StdoutLine: {'line': b"writing manifest file 'robot_control.egg-info/SOURCES.txt'\n"}
[4.488028] (robot_control) StdoutLine: {'line': b"reading manifest file 'robot_control.egg-info/SOURCES.txt'\n"}
[4.489949] (robot_control) StdoutLine: {'line': b"writing manifest file 'robot_control.egg-info/SOURCES.txt'\n"}
[4.493355] (robot_control) StdoutLine: {'line': b'running build_ext\n'}
[4.494130] (robot_control) StdoutLine: {'line': b'Creating /root/Dojo/install/robot_control/lib/python3.10/site-packages/robot-control.egg-link (link to .)\n'}
[4.495836] (robot_control) StdoutLine: {'line': b'Installing arduino_bridge script to /root/Dojo/install/robot_control/lib/robot_control\n'}
[4.496269] (robot_control) StdoutLine: {'line': b'Installing cmd_vel_to_motors script to /root/Dojo/install/robot_control/lib/robot_control\n'}
[4.496699] (robot_control) StdoutLine: {'line': b'\n'}
[4.497898] (robot_control) StdoutLine: {'line': b'Installed /root/Dojo/build/robot_control\n'}
[4.498170] (robot_control) StdoutLine: {'line': b'running symlink_data\n'}
[4.498560] (robot_control) StdoutLine: {'line': b'creating /root/Dojo/install/robot_control/share/ament_index\n'}
[4.498830] (robot_control) StdoutLine: {'line': b'creating /root/Dojo/install/robot_control/share/ament_index/resource_index\n'}
[4.499069] (robot_control) StdoutLine: {'line': b'creating /root/Dojo/install/robot_control/share/ament_index/resource_index/packages\n'}
[4.499828] (robot_control) StdoutLine: {'line': b'symbolically linking /root/Dojo/build/robot_control/resource/robot_control -> /root/Dojo/install/robot_control/share/ament_index/resource_index/packages\n'}
[4.500099] (robot_control) StdoutLine: {'line': b'symbolically linking /root/Dojo/build/robot_control/package.xml -> /root/Dojo/install/robot_control/share/robot_control\n'}
[4.500361] (robot_control) StdoutLine: {'line': b'creating /root/Dojo/install/robot_control/share/robot_control/launch\n'}
[4.500597] (robot_control) StdoutLine: {'line': b'symbolically linking /root/Dojo/build/robot_control/launch/control.launch.py -> /root/Dojo/install/robot_control/share/robot_control/launch\n'}
[4.500843] (robot_control) StdoutLine: {'line': b'creating /root/Dojo/install/robot_control/share/robot_control/config\n'}
[4.501074] (robot_control) StdoutLine: {'line': b'symbolically linking /root/Dojo/build/robot_control/config/arduino.yaml -> /root/Dojo/install/robot_control/share/robot_control/config\n'}
[4.510475] (robot_perception) StdoutLine: {'line': b'Built target ament_cmake_python_symlink_robot_perception\n'}
[4.532238] (-) TimerEvent: {}
[4.536280] (ros2arduino_bridge) StdoutLine: {'line': b'running egg_info\n'}
[4.536647] (ros2arduino_bridge) StdoutLine: {'line': b'creating ros2arduino_bridge.egg-info\n'}
[4.537013] (ros2arduino_bridge) StdoutLine: {'line': b'writing ros2arduino_bridge.egg-info/PKG-INFO\n'}
[4.537374] (ros2arduino_bridge) StdoutLine: {'line': b'writing dependency_links to ros2arduino_bridge.egg-info/dependency_links.txt\n'}
[4.537696] (ros2arduino_bridge) StdoutLine: {'line': b'writing entry points to ros2arduino_bridge.egg-info/entry_points.txt\n'}
[4.538013] (ros2arduino_bridge) StdoutLine: {'line': b'writing requirements to ros2arduino_bridge.egg-info/requires.txt\n'}
[4.538338] (ros2arduino_bridge) StdoutLine: {'line': b'writing top-level names to ros2arduino_bridge.egg-info/top_level.txt\n'}
[4.538830] (ros2arduino_bridge) StdoutLine: {'line': b"writing manifest file 'ros2arduino_bridge.egg-info/SOURCES.txt'\n"}
[4.542252] (ros2arduino_bridge) StdoutLine: {'line': b"reading manifest file 'ros2arduino_bridge.egg-info/SOURCES.txt'\n"}
[4.543545] (ros2arduino_bridge) StdoutLine: {'line': b"writing manifest file 'ros2arduino_bridge.egg-info/SOURCES.txt'\n"}
[4.545259] (vision_system) StdoutLine: {'line': b'running egg_info\n'}
[4.545671] (vision_system) StdoutLine: {'line': b'creating vision_system.egg-info\n'}
[4.545992] (vision_system) StdoutLine: {'line': b'writing vision_system.egg-info/PKG-INFO\n'}
[4.546305] (vision_system) StdoutLine: {'line': b'writing dependency_links to vision_system.egg-info/dependency_links.txt\n'}
[4.546677] (ros2arduino_bridge) StdoutLine: {'line': b'running build_ext\n'}
[4.547155] (vision_system) StdoutLine: {'line': b'writing entry points to vision_system.egg-info/entry_points.txt\n'}
[4.547352] (ros2arduino_bridge) StdoutLine: {'line': b'Creating /root/Dojo/install/ros2arduino_bridge/lib/python3.10/site-packages/ros2arduino-bridge.egg-link (link to .)\n'}
[4.547653] (vision_system) StdoutLine: {'line': b'writing requirements to vision_system.egg-info/requires.txt\n'}
[4.547868] (vision_system) StdoutLine: {'line': b'writing top-level names to vision_system.egg-info/top_level.txt\n'}
[4.548010] (vision_system) StdoutLine: {'line': b"writing manifest file 'vision_system.egg-info/SOURCES.txt'\n"}
[4.548570] (ros2arduino_bridge) StdoutLine: {'line': b'Installing arduino_bridge script to /lib/ros2arduino_bridge\n'}
[4.549231] (ros2arduino_bridge) StdoutLine: {'line': b'\n'}
[4.549475] (ros2arduino_bridge) StdoutLine: {'line': b'Installed /root/Dojo/build/ros2arduino_bridge\n'}
[4.549716] (ros2arduino_bridge) StdoutLine: {'line': b'running symlink_data\n'}
[4.549979] (ros2arduino_bridge) StdoutLine: {'line': b'creating /root/Dojo/install/ros2arduino_bridge/share/ament_index\n'}
[4.550185] (robot_description) StdoutLine: {'line': b"Listing '/root/Dojo/install/robot_description/local/lib/python3.10/dist-packages/robot_description'...\n"}
[4.550419] (robot_description) StdoutLine: {'line': b"Compiling '/root/Dojo/install/robot_description/local/lib/python3.10/dist-packages/robot_description/__init__.py'...\n"}
[4.550648] (ros2arduino_bridge) StdoutLine: {'line': b'creating /root/Dojo/install/ros2arduino_bridge/share/ament_index/resource_index\n'}
[4.550887] (ros2arduino_bridge) StdoutLine: {'line': b'creating /root/Dojo/install/ros2arduino_bridge/share/ament_index/resource_index/packages\n'}
[4.551058] (ros2arduino_bridge) StdoutLine: {'line': b'symbolically linking /root/Dojo/build/ros2arduino_bridge/resource/ros2arduino_bridge -> /root/Dojo/install/ros2arduino_bridge/share/ament_index/resource_index/packages\n'}
[4.551268] (ros2arduino_bridge) StdoutLine: {'line': b'symbolically linking /root/Dojo/build/ros2arduino_bridge/package.xml -> /root/Dojo/install/ros2arduino_bridge/share/ros2arduino_bridge\n'}
[4.551429] (ros2arduino_bridge) StdoutLine: {'line': b'creating /root/Dojo/install/ros2arduino_bridge/share/ros2arduino_bridge/launch\n'}
[4.551571] (ros2arduino_bridge) StdoutLine: {'line': b'symbolically linking /root/Dojo/build/ros2arduino_bridge/launch/ros2arduino_bridge.launch.py -> /root/Dojo/install/ros2arduino_bridge/share/ros2arduino_bridge/launch\n'}
[4.551780] (ros2arduino_bridge) StdoutLine: {'line': b'creating /root/Dojo/install/ros2arduino_bridge/share/ros2arduino_bridge/config\n'}
[4.551920] (vision_system) StdoutLine: {'line': b"reading manifest file 'vision_system.egg-info/SOURCES.txt'\n"}
[4.552082] (ros2arduino_bridge) StdoutLine: {'line': b'symbolically linking /root/Dojo/build/ros2arduino_bridge/config/ros2arduino_bridge_params.yaml -> /root/Dojo/install/ros2arduino_bridge/share/ros2arduino_bridge/config\n'}
[4.552272] (vision_system) StdoutLine: {'line': b"writing manifest file 'vision_system.egg-info/SOURCES.txt'\n"}
[4.555111] (vision_system) StdoutLine: {'line': b'running build_ext\n'}
[4.555554] (vision_system) StdoutLine: {'line': b'Creating /root/Dojo/install/vision_system/lib/python3.10/site-packages/vision-system.egg-link (link to .)\n'}
[4.557288] (vision_system) StdoutLine: {'line': b'Installing object_detector script to /root/Dojo/install/vision_system/lib/vision_system\n'}
[4.557844] (vision_system) StdoutLine: {'line': b'\n'}
[4.558174] (vision_system) StdoutLine: {'line': b'Installed /root/Dojo/build/vision_system\n'}
[4.559170] (vision_system) StdoutLine: {'line': b'running symlink_data\n'}
[4.559494] (vision_system) StdoutLine: {'line': b'creating /root/Dojo/install/vision_system/share/ament_index\n'}
[4.559712] (vision_system) StdoutLine: {'line': b'creating /root/Dojo/install/vision_system/share/ament_index/resource_index\n'}
[4.559885] (vision_system) StdoutLine: {'line': b'creating /root/Dojo/install/vision_system/share/ament_index/resource_index/packages\n'}
[4.560034] (vision_system) StdoutLine: {'line': b'symbolically linking /root/Dojo/build/vision_system/resource/vision_system -> /root/Dojo/install/vision_system/share/ament_index/resource_index/packages\n'}
[4.560181] (vision_system) StdoutLine: {'line': b'symbolically linking /root/Dojo/build/vision_system/package.xml -> /root/Dojo/install/vision_system/share/vision_system\n'}
[4.562703] (vision_system) StdoutLine: {'line': b'creating /root/Dojo/install/vision_system/share/vision_system/launch\n'}
[4.563022] (vision_system) StdoutLine: {'line': b'symbolically linking /root/Dojo/build/vision_system/launch/vision_system.launch.py -> /root/Dojo/install/vision_system/share/vision_system/launch\n'}
[4.563201] (vision_system) StdoutLine: {'line': b'creating /root/Dojo/install/vision_system/share/vision_system/config\n'}
[4.564329] (robot_control) CommandEnded: {'returncode': 0}
[4.583849] (robot_control) JobEnded: {'identifier': 'robot_control', 'rc': 0}
[4.586694] (robot_description) CommandEnded: {'returncode': 0}
[4.587973] (arduino_bridge) StdoutLine: {'line': b'running egg_info\n'}
[4.588605] (arduino_bridge) StdoutLine: {'line': b'creating arduino_bridge.egg-info\n'}
[4.589177] (arduino_bridge) StdoutLine: {'line': b'writing arduino_bridge.egg-info/PKG-INFO\n'}
[4.589570] (arduino_bridge) StdoutLine: {'line': b'writing dependency_links to arduino_bridge.egg-info/dependency_links.txt\n'}
[4.590209] (arduino_bridge) StdoutLine: {'line': b'writing entry points to arduino_bridge.egg-info/entry_points.txt\n'}
[4.590543] (arduino_bridge) StdoutLine: {'line': b'writing requirements to arduino_bridge.egg-info/requires.txt\n'}
[4.590993] (arduino_bridge) StdoutLine: {'line': b'writing top-level names to arduino_bridge.egg-info/top_level.txt\n'}
[4.591226] (arduino_bridge) StdoutLine: {'line': b"writing manifest file 'arduino_bridge.egg-info/SOURCES.txt'\n"}
[4.594870] (arduino_bridge) StdoutLine: {'line': b"reading manifest file 'arduino_bridge.egg-info/SOURCES.txt'\n"}
[4.596549] (arduino_bridge) StdoutLine: {'line': b"writing manifest file 'arduino_bridge.egg-info/SOURCES.txt'\n"}
[4.600381] (arduino_bridge) StdoutLine: {'line': b'running build_ext\n'}
[4.602194] (arduino_bridge) StdoutLine: {'line': b'Creating /root/Dojo/install/arduino_bridge/lib/python3.10/site-packages/arduino-bridge.egg-link (link to .)\n'}
[4.602445] (robot_sensors) StdoutLine: {'line': b'running egg_info\n'}
[4.602653] (robot_sensors) StdoutLine: {'line': b'creating robot_sensors.egg-info\n'}
[4.602863] (robot_sensors) StdoutLine: {'line': b'writing robot_sensors.egg-info/PKG-INFO\n'}
[4.603115] (robot_sensors) StdoutLine: {'line': b'writing dependency_links to robot_sensors.egg-info/dependency_links.txt\n'}
[4.603647] (robot_sensors) StdoutLine: {'line': b'writing entry points to robot_sensors.egg-info/entry_points.txt\n'}
[4.604167] (robot_sensors) StdoutLine: {'line': b'writing requirements to robot_sensors.egg-info/requires.txt\n'}
[4.605071] (robot_sensors) StdoutLine: {'line': b'writing top-level names to robot_sensors.egg-info/top_level.txt\n'}
[4.605277] (robot_sensors) StdoutLine: {'line': b"writing manifest file 'robot_sensors.egg-info/SOURCES.txt'\n"}
[4.605455] (arduino_bridge) StdoutLine: {'line': b'Installing arduino_bridge_node script to /root/Dojo/install/arduino_bridge/lib/arduino_bridge\n'}
[4.606301] (arduino_bridge) StdoutLine: {'line': b'Installing test_arduino_bridge script to /root/Dojo/install/arduino_bridge/lib/arduino_bridge\n'}
[4.606478] (arduino_bridge) StdoutLine: {'line': b'\n'}
[4.606649] (arduino_bridge) StdoutLine: {'line': b'Installed /root/Dojo/build/arduino_bridge\n'}
[4.606808] (arduino_bridge) StdoutLine: {'line': b'running symlink_data\n'}
[4.606962] (arduino_bridge) StdoutLine: {'line': b'creating /root/Dojo/install/arduino_bridge/share/ament_index\n'}
[4.607112] (arduino_bridge) StdoutLine: {'line': b'creating /root/Dojo/install/arduino_bridge/share/ament_index/resource_index\n'}
[4.607259] (arduino_bridge) StdoutLine: {'line': b'creating /root/Dojo/install/arduino_bridge/share/ament_index/resource_index/packages\n'}
[4.607460] (arduino_bridge) StdoutLine: {'line': b'symbolically linking /root/Dojo/build/arduino_bridge/resource/arduino_bridge -> /root/Dojo/install/arduino_bridge/share/ament_index/resource_index/packages\n'}
[4.609032] (arduino_bridge) StdoutLine: {'line': b'symbolically linking /root/Dojo/build/arduino_bridge/package.xml -> /root/Dojo/install/arduino_bridge/share/arduino_bridge\n'}
[4.609359] (arduino_bridge) StdoutLine: {'line': b'creating /root/Dojo/install/arduino_bridge/share/arduino_bridge/launch\n'}
[4.609944] (arduino_bridge) StdoutLine: {'line': b'symbolically linking /root/Dojo/build/arduino_bridge/launch/arduino_bridge.launch.py -> /root/Dojo/install/arduino_bridge/share/arduino_bridge/launch\n'}
[4.610348] (arduino_bridge) StdoutLine: {'line': b'symbolically linking /root/Dojo/build/arduino_bridge/launch/test_arduino.launch.py -> /root/Dojo/install/arduino_bridge/share/arduino_bridge/launch\n'}
[4.610729] (arduino_bridge) StdoutLine: {'line': b'creating /root/Dojo/install/arduino_bridge/share/arduino_bridge/config\n'}
[4.610950] (arduino_bridge) StdoutLine: {'line': b'symbolically linking /root/Dojo/build/arduino_bridge/config/arduino_bridge_params.yaml -> /root/Dojo/install/arduino_bridge/share/arduino_bridge/config\n'}
[4.611151] (robot_sensors) StdoutLine: {'line': b"reading manifest file 'robot_sensors.egg-info/SOURCES.txt'\n"}
[4.611359] (robot_sensors) StdoutLine: {'line': b"writing manifest file 'robot_sensors.egg-info/SOURCES.txt'\n"}
[4.611536] (robot_sensors) StdoutLine: {'line': b'running build_ext\n'}
[4.611871] (robot_sensors) StdoutLine: {'line': b'Creating /root/Dojo/install/robot_sensors/lib/python3.10/site-packages/robot-sensors.egg-link (link to .)\n'}
[4.613476] (robot_sensors) StdoutLine: {'line': b'Installing camera_publisher script to /root/Dojo/install/robot_sensors/lib/robot_sensors\n'}
[4.614421] (robot_sensors) StdoutLine: {'line': b'\n'}
[4.614631] (robot_sensors) StdoutLine: {'line': b'Installed /root/Dojo/build/robot_sensors\n'}
[4.614827] (robot_sensors) StdoutLine: {'line': b'running symlink_data\n'}
[4.615139] (robot_sensors) StdoutLine: {'line': b'creating /root/Dojo/install/robot_sensors/share/ament_index\n'}
[4.615875] (robot_sensors) StdoutLine: {'line': b'creating /root/Dojo/install/robot_sensors/share/ament_index/resource_index\n'}
[4.616087] (robot_sensors) StdoutLine: {'line': b'creating /root/Dojo/install/robot_sensors/share/ament_index/resource_index/packages\n'}
[4.616268] (robot_sensors) StdoutLine: {'line': b'symbolically linking /root/Dojo/build/robot_sensors/resource/robot_sensors -> /root/Dojo/install/robot_sensors/share/ament_index/resource_index/packages\n'}
[4.616583] (robot_sensors) StdoutLine: {'line': b'symbolically linking /root/Dojo/build/robot_sensors/package.xml -> /root/Dojo/install/robot_sensors/share/robot_sensors\n'}
[4.616818] (robot_sensors) StdoutLine: {'line': b'creating /root/Dojo/install/robot_sensors/share/robot_sensors/launch\n'}
[4.617013] (robot_sensors) StdoutLine: {'line': b'symbolically linking /root/Dojo/build/robot_sensors/launch/sensors.launch.py -> /root/Dojo/install/robot_sensors/share/robot_sensors/launch\n'}
[4.631140] (robot_description) JobEnded: {'identifier': 'robot_description', 'rc': 0}
[4.633755] (-) TimerEvent: {}
[4.634019] (robot_gazebo) JobStarted: {'identifier': 'robot_gazebo'}
[4.643873] (vision_system) CommandEnded: {'returncode': 0}
[4.659080] (vision_system) JobEnded: {'identifier': 'vision_system', 'rc': 0}
[4.660942] (ros2arduino_bridge) CommandEnded: {'returncode': 0}
[4.673821] (ros2arduino_bridge) JobEnded: {'identifier': 'ros2arduino_bridge', 'rc': 0}
[4.676914] (arduino_bridge) CommandEnded: {'returncode': 0}
[4.691781] (arduino_bridge) JobEnded: {'identifier': 'arduino_bridge', 'rc': 0}
[4.692598] (robot_gazebo) JobProgress: {'identifier': 'robot_gazebo', 'progress': 'cmake'}
[4.693923] (robot_gazebo) Command: {'cmd': ['/usr/bin/cmake', '/root/Dojo/src/robot_gazebo', '-DAMENT_CMAKE_SYMLINK_INSTALL=1', '-DCMAKE_INSTALL_PREFIX=/root/Dojo/install/robot_gazebo'], 'cwd': '/root/Dojo/build/robot_gazebo', 'env': OrderedDict([('HOSTNAME', 'gareth-joel-HP-Pavilion-Gaming-Laptop-15-ec2xxx'), ('SHLVL', '0'), ('LD_LIBRARY_PATH', '/usr/lib/x86_64-linux-gnu/gazebo-11/plugins:/opt/ros/humble/opt/rviz_ogre_vendor/lib:/opt/ros/humble/lib/x86_64-linux-gnu:/opt/ros/humble/lib'), ('HOME', '/root'), ('OLDPWD', '/'), ('ROS_PYTHON_VERSION', '3'), ('ROS_DISTRO', 'humble'), ('_', '/usr/bin/colcon'), ('ROS_VERSION', '2'), ('TERM', 'xterm'), ('ROS_LOCALHOST_ONLY', '0'), ('QT_X11_NO_MITSHM', '1'), ('PATH', '/opt/ros/humble/bin:/usr/local/sbin:/usr/local/bin:/usr/sbin:/usr/bin:/sbin:/bin'), ('DISPLAY', ':0'), ('LANG', 'C.UTF-8'), ('AMENT_PREFIX_PATH', '/root/Dojo/install/robot_description:/opt/ros/humble'), ('PWD', '/root/Dojo/build/robot_gazebo'), ('LC_ALL', 'C.UTF-8'), ('PYTHONPATH', '/root/Dojo/install/robot_description/local/lib/python3.10/dist-packages:/opt/ros/humble/lib/python3.10/site-packages:/opt/ros/humble/local/lib/python3.10/dist-packages'), ('COLCON', '1'), ('CMAKE_PREFIX_PATH', '/root/Dojo/install/robot_description:/opt/ros/humble')]), 'shell': False}
[4.698226] (robot_sensors) CommandEnded: {'returncode': 0}
[4.711366] (robot_sensors) JobEnded: {'identifier': 'robot_sensors', 'rc': 0}
[4.733898] (-) TimerEvent: {}
[4.807850] (robot_gazebo) StdoutLine: {'line': b'-- The C compiler identification is GNU 11.4.0\n'}
[4.834028] (-) TimerEvent: {}
[4.918366] (robot_gazebo) StdoutLine: {'line': b'-- The CXX compiler identification is GNU 11.4.0\n'}
[4.933650] (robot_gazebo) StdoutLine: {'line': b'-- Detecting C compiler ABI info\n'}
[4.934106] (-) TimerEvent: {}
[4.955538] (robot_perception) StdoutLine: {'line': b'running egg_info\n'}
[4.956063] (robot_perception) StdoutLine: {'line': b'creating robot_perception.egg-info\n'}
[4.956216] (robot_perception) StdoutLine: {'line': b'writing robot_perception.egg-info/PKG-INFO\n'}
[4.956363] (robot_perception) StdoutLine: {'line': b'writing dependency_links to robot_perception.egg-info/dependency_links.txt\n'}
[4.956544] (robot_perception) StdoutLine: {'line': b'writing top-level names to robot_perception.egg-info/top_level.txt\n'}
[4.956757] (robot_perception) StdoutLine: {'line': b"writing manifest file 'robot_perception.egg-info/SOURCES.txt'\n"}
[4.958240] (robot_perception) StdoutLine: {'line': b"reading manifest file 'robot_perception.egg-info/SOURCES.txt'\n"}
[4.958683] (robot_perception) StdoutLine: {'line': b"writing manifest file 'robot_perception.egg-info/SOURCES.txt'\n"}
[4.990786] (robot_perception) StdoutLine: {'line': b'Built target ament_cmake_python_build_robot_perception_egg\n'}
[5.004701] (robot_perception) CommandEnded: {'returncode': 0}
[5.005321] (robot_perception) JobProgress: {'identifier': 'robot_perception', 'progress': 'install'}
[5.005552] (robot_perception) Command: {'cmd': ['/usr/bin/cmake', '--install', '/root/Dojo/build/robot_perception'], 'cwd': '/root/Dojo/build/robot_perception', 'env': OrderedDict([('HOSTNAME', 'gareth-joel-HP-Pavilion-Gaming-Laptop-15-ec2xxx'), ('SHLVL', '0'), ('LD_LIBRARY_PATH', '/usr/lib/x86_64-linux-gnu/gazebo-11/plugins:/opt/ros/humble/opt/rviz_ogre_vendor/lib:/opt/ros/humble/lib/x86_64-linux-gnu:/opt/ros/humble/lib'), ('HOME', '/root'), ('OLDPWD', '/'), ('ROS_PYTHON_VERSION', '3'), ('ROS_DISTRO', 'humble'), ('_', '/usr/bin/colcon'), ('ROS_VERSION', '2'), ('TERM', 'xterm'), ('ROS_LOCALHOST_ONLY', '0'), ('QT_X11_NO_MITSHM', '1'), ('PATH', '/opt/ros/humble/bin:/usr/local/sbin:/usr/local/bin:/usr/sbin:/usr/bin:/sbin:/bin'), ('DISPLAY', ':0'), ('LANG', 'C.UTF-8'), ('AMENT_PREFIX_PATH', '/opt/ros/humble'), ('PWD', '/root/Dojo/build/robot_perception'), ('LC_ALL', 'C.UTF-8'), ('PYTHONPATH', '/opt/ros/humble/lib/python3.10/site-packages:/opt/ros/humble/local/lib/python3.10/dist-packages'), ('COLCON', '1'), ('CMAKE_PREFIX_PATH', '/opt/ros/humble')]), 'shell': False}
[5.012428] (robot_gazebo) StdoutLine: {'line': b'-- Detecting C compiler ABI info - done\n'}
[5.014513] (robot_perception) StdoutLine: {'line': b'-- Install configuration: ""\n'}
[5.014965] (robot_perception) StdoutLine: {'line': b'-- Execute custom install script\n'}
[5.015246] (robot_perception) StdoutLine: {'line': b'-- Symlinking: /root/Dojo/install/robot_perception/share/robot_perception/environment/pythonpath.sh\n'}
[5.019206] (robot_gazebo) StdoutLine: {'line': b'-- Check for working C compiler: /usr/bin/cc - skipped\n'}
[5.019486] (robot_gazebo) StdoutLine: {'line': b'-- Detecting C compile features\n'}
[5.019900] (robot_gazebo) StdoutLine: {'line': b'-- Detecting C compile features - done\n'}
[5.022734] (robot_gazebo) StdoutLine: {'line': b'-- Detecting CXX compiler ABI info\n'}
[5.024830] (robot_perception) StdoutLine: {'line': b'-- Symlinking: /root/Dojo/install/robot_perception/share/robot_perception/environment/pythonpath.dsv\n'}
[5.034225] (-) TimerEvent: {}
[5.036071] (robot_perception) StdoutLine: {'line': b'-- Symlinking: /root/Dojo/install/robot_perception/local/lib/python3.10/dist-packages/robot_perception-0.0.1-py3.10.egg-info/PKG-INFO\n'}
[5.045910] (robot_perception) StdoutLine: {'line': b'-- Symlinking: /root/Dojo/install/robot_perception/local/lib/python3.10/dist-packages/robot_perception-0.0.1-py3.10.egg-info/SOURCES.txt\n'}
[5.056828] (robot_perception) StdoutLine: {'line': b'-- Symlinking: /root/Dojo/install/robot_perception/local/lib/python3.10/dist-packages/robot_perception-0.0.1-py3.10.egg-info/dependency_links.txt\n'}
[5.067088] (robot_perception) StdoutLine: {'line': b'-- Symlinking: /root/Dojo/install/robot_perception/local/lib/python3.10/dist-packages/robot_perception-0.0.1-py3.10.egg-info/top_level.txt\n'}
[5.077375] (robot_perception) StdoutLine: {'line': b'-- Symlinking: /root/Dojo/install/robot_perception/local/lib/python3.10/dist-packages/robot_perception/__init__.py\n'}
[5.087710] (robot_perception) StdoutLine: {'line': b'-- Symlinking: /root/Dojo/install/robot_perception/share/robot_perception/launch/perception.launch.py\n'}
[5.099693] (robot_perception) StdoutLine: {'line': b'-- Symlinking: /root/Dojo/install/robot_perception/share/robot_perception/launch/robot_perception.launch.py\n'}
[5.108897] (robot_gazebo) StdoutLine: {'line': b'-- Detecting CXX compiler ABI info - done\n'}
[5.112205] (robot_perception) StdoutLine: {'line': b'-- Symlinking: /root/Dojo/install/robot_perception/share/robot_perception/config/robot_perception_params.yaml\n'}
[5.116147] (robot_gazebo) StdoutLine: {'line': b'-- Check for working CXX compiler: /usr/bin/c++ - skipped\n'}
[5.116449] (robot_gazebo) StdoutLine: {'line': b'-- Detecting CXX compile features\n'}
[5.116957] (robot_gazebo) StdoutLine: {'line': b'-- Detecting CXX compile features - done\n'}
[5.120312] (robot_gazebo) StdoutLine: {'line': b'-- Found ament_cmake: 1.3.12 (/opt/ros/humble/share/ament_cmake/cmake)\n'}
[5.123917] (robot_perception) StdoutLine: {'line': b'-- Symlinking: /root/Dojo/install/robot_perception/share/ament_index/resource_index/package_run_dependencies/robot_perception\n'}
[5.134311] (-) TimerEvent: {}
[5.135873] (robot_perception) StdoutLine: {'line': b'-- Symlinking: /root/Dojo/install/robot_perception/share/ament_index/resource_index/parent_prefix_path/robot_perception\n'}
[5.147134] (robot_perception) StdoutLine: {'line': b'-- Symlinking: /root/Dojo/install/robot_perception/share/robot_perception/environment/ament_prefix_path.sh\n'}
[5.158568] (robot_perception) StdoutLine: {'line': b'-- Symlinking: /root/Dojo/install/robot_perception/share/robot_perception/environment/ament_prefix_path.dsv\n'}
[5.169430] (robot_perception) StdoutLine: {'line': b'-- Symlinking: /root/Dojo/install/robot_perception/share/robot_perception/environment/path.sh\n'}
[5.182569] (robot_perception) StdoutLine: {'line': b'-- Symlinking: /root/Dojo/install/robot_perception/share/robot_perception/environment/path.dsv\n'}
[5.196893] (robot_perception) StdoutLine: {'line': b'-- Symlinking: /root/Dojo/install/robot_perception/share/robot_perception/local_setup.bash\n'}
[5.210874] (robot_perception) StdoutLine: {'line': b'-- Symlinking: /root/Dojo/install/robot_perception/share/robot_perception/local_setup.sh\n'}
[5.221913] (robot_perception) StdoutLine: {'line': b'-- Symlinking: /root/Dojo/install/robot_perception/share/robot_perception/local_setup.zsh\n'}
[5.233252] (robot_perception) StdoutLine: {'line': b'-- Symlinking: /root/Dojo/install/robot_perception/share/robot_perception/local_setup.dsv\n'}
[5.234381] (-) TimerEvent: {}
[5.243772] (robot_perception) StdoutLine: {'line': b'-- Symlinking: /root/Dojo/install/robot_perception/share/robot_perception/package.dsv\n'}
[5.255245] (robot_perception) StdoutLine: {'line': b'-- Symlinking: /root/Dojo/install/robot_perception/share/ament_index/resource_index/packages/robot_perception\n'}
[5.266706] (robot_perception) StdoutLine: {'line': b'-- Symlinking: /root/Dojo/install/robot_perception/share/robot_perception/cmake/robot_perceptionConfig.cmake\n'}
[5.277378] (robot_perception) StdoutLine: {'line': b'-- Symlinking: /root/Dojo/install/robot_perception/share/robot_perception/cmake/robot_perceptionConfig-version.cmake\n'}
[5.283729] (robot_gazebo) StdoutLine: {'line': b'-- Found Python3: /usr/bin/python3 (found version "3.10.12") found components: Interpreter \n'}
[5.289824] (robot_perception) StdoutLine: {'line': b'-- Symlinking: /root/Dojo/install/robot_perception/share/robot_perception/package.xml\n'}
[5.333046] (robot_perception) StdoutLine: {'line': b"Listing '/root/Dojo/install/robot_perception/local/lib/python3.10/dist-packages/robot_perception'...\n"}
[5.333269] (robot_perception) StdoutLine: {'line': b"Compiling '/root/Dojo/install/robot_perception/local/lib/python3.10/dist-packages/robot_perception/__init__.py'...\n"}
[5.334462] (-) TimerEvent: {}
[5.340352] (robot_perception) CommandEnded: {'returncode': 0}
[5.353735] (robot_perception) JobEnded: {'identifier': 'robot_perception', 'rc': 0}
[5.354910] (robot_bringup) JobStarted: {'identifier': 'robot_bringup'}
[5.356325] (robot_gazebo) StdoutLine: {'line': b'-- Override CMake install command with custom implementation using symlinks instead of copying resources\n'}
[5.368016] (robot_bringup) JobProgress: {'identifier': 'robot_bringup', 'progress': 'cmake'}
[5.368889] (robot_bringup) Command: {'cmd': ['/usr/bin/cmake', '/root/Dojo/src/robot_bringup', '-DAMENT_CMAKE_SYMLINK_INSTALL=1', '-DCMAKE_INSTALL_PREFIX=/root/Dojo/install/robot_bringup'], 'cwd': '/root/Dojo/build/robot_bringup', 'env': OrderedDict([('HOSTNAME', 'gareth-joel-HP-Pavilion-Gaming-Laptop-15-ec2xxx'), ('SHLVL', '0'), ('LD_LIBRARY_PATH', '/usr/lib/x86_64-linux-gnu/gazebo-11/plugins:/opt/ros/humble/opt/rviz_ogre_vendor/lib:/opt/ros/humble/lib/x86_64-linux-gnu:/opt/ros/humble/lib'), ('HOME', '/root'), ('OLDPWD', '/'), ('ROS_PYTHON_VERSION', '3'), ('ROS_DISTRO', 'humble'), ('_', '/usr/bin/colcon'), ('ROS_VERSION', '2'), ('TERM', 'xterm'), ('ROS_LOCALHOST_ONLY', '0'), ('QT_X11_NO_MITSHM', '1'), ('PATH', '/opt/ros/humble/bin:/usr/local/sbin:/usr/local/bin:/usr/sbin:/usr/bin:/sbin:/bin'), ('DISPLAY', ':0'), ('LANG', 'C.UTF-8'), ('AMENT_PREFIX_PATH', '/root/Dojo/install/robot_sensors:/root/Dojo/install/robot_perception:/root/Dojo/install/robot_navigation:/root/Dojo/install/robot_description:/root/Dojo/install/robot_control:/opt/ros/humble'), ('PWD', '/root/Dojo/build/robot_bringup'), ('LC_ALL', 'C.UTF-8'), ('PYTHONPATH', '/root/Dojo/build/robot_sensors:/root/Dojo/install/robot_sensors/lib/python3.10/site-packages:/root/Dojo/install/robot_perception/local/lib/python3.10/dist-packages:/root/Dojo/install/robot_description/local/lib/python3.10/dist-packages:/root/Dojo/build/robot_control:/root/Dojo/install/robot_control/lib/python3.10/site-packages:/opt/ros/humble/lib/python3.10/site-packages:/opt/ros/humble/local/lib/python3.10/dist-packages'), ('COLCON', '1'), ('CMAKE_PREFIX_PATH', '/root/Dojo/install/robot_perception:/root/Dojo/install/robot_navigation:/root/Dojo/install/robot_description:/opt/ros/humble')]), 'shell': False}
[5.396715] (robot_gazebo) StdoutLine: {'line': b'-- Found rclcpp: 16.0.14 (/opt/ros/humble/share/rclcpp/cmake)\n'}
[5.428491] (robot_bringup) StdoutLine: {'line': b'-- The C compiler identification is GNU 11.4.0\n'}
[5.434558] (-) TimerEvent: {}
[5.442285] (robot_gazebo) StdoutLine: {'line': b'-- Found rosidl_generator_c: 3.1.7 (/opt/ros/humble/share/rosidl_generator_c/cmake)\n'}
[5.448688] (robot_gazebo) StdoutLine: {'line': b'-- Found rosidl_adapter: 3.1.7 (/opt/ros/humble/share/rosidl_adapter/cmake)\n'}
[5.457955] (robot_gazebo) StdoutLine: {'line': b'-- Found rosidl_generator_cpp: 3.1.7 (/opt/ros/humble/share/rosidl_generator_cpp/cmake)\n'}
[5.473945] (robot_gazebo) StdoutLine: {'line': b'-- Using all available rosidl_typesupport_c: rosidl_typesupport_fastrtps_c;rosidl_typesupport_introspection_c\n'}
[5.487563] (robot_bringup) StdoutLine: {'line': b'-- The CXX compiler identification is GNU 11.4.0\n'}
[5.492320] (robot_gazebo) StdoutLine: {'line': b'-- Using all available rosidl_typesupport_cpp: rosidl_typesupport_fastrtps_cpp;rosidl_typesupport_introspection_cpp\n'}
[5.496893] (robot_bringup) StdoutLine: {'line': b'-- Detecting C compiler ABI info\n'}
[5.534688] (-) TimerEvent: {}
[5.544456] (robot_gazebo) StdoutLine: {'line': b'-- Found rmw_implementation_cmake: 6.1.2 (/opt/ros/humble/share/rmw_implementation_cmake/cmake)\n'}
[5.547205] (robot_gazebo) StdoutLine: {'line': b'-- Found rmw_fastrtps_cpp: 6.2.8 (/opt/ros/humble/share/rmw_fastrtps_cpp/cmake)\n'}
[5.574647] (robot_bringup) StdoutLine: {'line': b'-- Detecting C compiler ABI info - done\n'}
[5.581801] (robot_bringup) StdoutLine: {'line': b'-- Check for working C compiler: /usr/bin/cc - skipped\n'}
[5.582034] (robot_bringup) StdoutLine: {'line': b'-- Detecting C compile features\n'}
[5.582383] (robot_bringup) StdoutLine: {'line': b'-- Detecting C compile features - done\n'}
[5.585296] (robot_bringup) StdoutLine: {'line': b'-- Detecting CXX compiler ABI info\n'}
[5.634785] (-) TimerEvent: {}
[5.653909] (robot_gazebo) StdoutLine: {'line': b'-- Found OpenSSL: /usr/lib/x86_64-linux-gnu/libcrypto.so (found version "3.0.2")  \n'}
[5.666480] (robot_bringup) StdoutLine: {'line': b'-- Detecting CXX compiler ABI info - done\n'}
[5.673252] (robot_bringup) StdoutLine: {'line': b'-- Check for working CXX compiler: /usr/bin/c++ - skipped\n'}
[5.673522] (robot_bringup) StdoutLine: {'line': b'-- Detecting CXX compile features\n'}
[5.673970] (robot_bringup) StdoutLine: {'line': b'-- Detecting CXX compile features - done\n'}
[5.677487] (robot_bringup) StdoutLine: {'line': b'-- Found ament_cmake: 1.3.12 (/opt/ros/humble/share/ament_cmake/cmake)\n'}
[5.689582] (robot_gazebo) StdoutLine: {'line': b'-- Found FastRTPS: /opt/ros/humble/include  \n'}
[5.734901] (-) TimerEvent: {}
[5.745073] (robot_gazebo) StdoutLine: {'line': b"-- Using RMW implementation 'rmw_fastrtps_cpp' as default\n"}
[5.755417] (robot_gazebo) StdoutLine: {'line': b'-- Looking for pthread.h\n'}
[5.834988] (-) TimerEvent: {}
[5.835403] (robot_gazebo) StdoutLine: {'line': b'-- Looking for pthread.h - found\n'}
[5.835991] (robot_gazebo) StdoutLine: {'line': b'-- Performing Test CMAKE_HAVE_LIBC_PTHREAD\n'}
[5.840125] (robot_bringup) StdoutLine: {'line': b'-- Found Python3: /usr/bin/python3 (found version "3.10.12") found components: Interpreter \n'}
[5.910561] (robot_bringup) StdoutLine: {'line': b'-- Override CMake install command with custom implementation using symlinks instead of copying resources\n'}
[5.918703] (robot_gazebo) StdoutLine: {'line': b'-- Performing Test CMAKE_HAVE_LIBC_PTHREAD - Success\n'}
[5.919772] (robot_gazebo) StdoutLine: {'line': b'-- Found Threads: TRUE  \n'}
[5.935095] (-) TimerEvent: {}
[5.977354] (robot_gazebo) StdoutLine: {'line': b'-- Found gazebo_ros: 3.9.0 (/opt/ros/humble/share/gazebo_ros/cmake)\n'}
[5.991380] (robot_gazebo) StdoutLine: {'line': b'-- Found PkgConfig: /usr/bin/pkg-config (found version "0.29.2") \n'}
[5.992564] (robot_gazebo) StdoutLine: {'line': b"-- Checking for module 'bullet>=2.82'\n"}
[6.010594] (robot_gazebo) StdoutLine: {'line': b'--   Found bullet, version 3.05\n'}
[6.020705] (robot_bringup) StdoutLine: {'line': b'-- Configuring done\n'}
[6.023981] (robot_bringup) StdoutLine: {'line': b'-- Generating done\n'}
[6.025599] (robot_bringup) StdoutLine: {'line': b'-- Build files have been written to: /root/Dojo/build/robot_bringup\n'}
[6.031005] (robot_bringup) CommandEnded: {'returncode': 0}
[6.031529] (robot_bringup) JobProgress: {'identifier': 'robot_bringup', 'progress': 'build'}
[6.032024] (robot_bringup) Command: {'cmd': ['/usr/bin/cmake', '--build', '/root/Dojo/build/robot_bringup', '--', '-j16', '-l16'], 'cwd': '/root/Dojo/build/robot_bringup', 'env': OrderedDict([('HOSTNAME', 'gareth-joel-HP-Pavilion-Gaming-Laptop-15-ec2xxx'), ('SHLVL', '0'), ('LD_LIBRARY_PATH', '/usr/lib/x86_64-linux-gnu/gazebo-11/plugins:/opt/ros/humble/opt/rviz_ogre_vendor/lib:/opt/ros/humble/lib/x86_64-linux-gnu:/opt/ros/humble/lib'), ('HOME', '/root'), ('OLDPWD', '/'), ('ROS_PYTHON_VERSION', '3'), ('ROS_DISTRO', 'humble'), ('_', '/usr/bin/colcon'), ('ROS_VERSION', '2'), ('TERM', 'xterm'), ('ROS_LOCALHOST_ONLY', '0'), ('QT_X11_NO_MITSHM', '1'), ('PATH', '/opt/ros/humble/bin:/usr/local/sbin:/usr/local/bin:/usr/sbin:/usr/bin:/sbin:/bin'), ('DISPLAY', ':0'), ('LANG', 'C.UTF-8'), ('AMENT_PREFIX_PATH', '/root/Dojo/install/robot_sensors:/root/Dojo/install/robot_perception:/root/Dojo/install/robot_navigation:/root/Dojo/install/robot_description:/root/Dojo/install/robot_control:/opt/ros/humble'), ('PWD', '/root/Dojo/build/robot_bringup'), ('LC_ALL', 'C.UTF-8'), ('PYTHONPATH', '/root/Dojo/build/robot_sensors:/root/Dojo/install/robot_sensors/lib/python3.10/site-packages:/root/Dojo/install/robot_perception/local/lib/python3.10/dist-packages:/root/Dojo/install/robot_description/local/lib/python3.10/dist-packages:/root/Dojo/build/robot_control:/root/Dojo/install/robot_control/lib/python3.10/site-packages:/opt/ros/humble/lib/python3.10/site-packages:/opt/ros/humble/local/lib/python3.10/dist-packages'), ('COLCON', '1'), ('CMAKE_PREFIX_PATH', '/root/Dojo/install/robot_perception:/root/Dojo/install/robot_navigation:/root/Dojo/install/robot_description:/opt/ros/humble')]), 'shell': False}
[6.035159] (-) TimerEvent: {}
[6.073738] (robot_bringup) CommandEnded: {'returncode': 0}
[6.074330] (robot_bringup) JobProgress: {'identifier': 'robot_bringup', 'progress': 'install'}
[6.074650] (robot_bringup) Command: {'cmd': ['/usr/bin/cmake', '--install', '/root/Dojo/build/robot_bringup'], 'cwd': '/root/Dojo/build/robot_bringup', 'env': OrderedDict([('HOSTNAME', 'gareth-joel-HP-Pavilion-Gaming-Laptop-15-ec2xxx'), ('SHLVL', '0'), ('LD_LIBRARY_PATH', '/usr/lib/x86_64-linux-gnu/gazebo-11/plugins:/opt/ros/humble/opt/rviz_ogre_vendor/lib:/opt/ros/humble/lib/x86_64-linux-gnu:/opt/ros/humble/lib'), ('HOME', '/root'), ('OLDPWD', '/'), ('ROS_PYTHON_VERSION', '3'), ('ROS_DISTRO', 'humble'), ('_', '/usr/bin/colcon'), ('ROS_VERSION', '2'), ('TERM', 'xterm'), ('ROS_LOCALHOST_ONLY', '0'), ('QT_X11_NO_MITSHM', '1'), ('PATH', '/opt/ros/humble/bin:/usr/local/sbin:/usr/local/bin:/usr/sbin:/usr/bin:/sbin:/bin'), ('DISPLAY', ':0'), ('LANG', 'C.UTF-8'), ('AMENT_PREFIX_PATH', '/root/Dojo/install/robot_sensors:/root/Dojo/install/robot_perception:/root/Dojo/install/robot_navigation:/root/Dojo/install/robot_description:/root/Dojo/install/robot_control:/opt/ros/humble'), ('PWD', '/root/Dojo/build/robot_bringup'), ('LC_ALL', 'C.UTF-8'), ('PYTHONPATH', '/root/Dojo/build/robot_sensors:/root/Dojo/install/robot_sensors/lib/python3.10/site-packages:/root/Dojo/install/robot_perception/local/lib/python3.10/dist-packages:/root/Dojo/install/robot_description/local/lib/python3.10/dist-packages:/root/Dojo/build/robot_control:/root/Dojo/install/robot_control/lib/python3.10/site-packages:/opt/ros/humble/lib/python3.10/site-packages:/opt/ros/humble/local/lib/python3.10/dist-packages'), ('COLCON', '1'), ('CMAKE_PREFIX_PATH', '/root/Dojo/install/robot_perception:/root/Dojo/install/robot_navigation:/root/Dojo/install/robot_description:/opt/ros/humble')]), 'shell': False}
[6.082913] (robot_bringup) StdoutLine: {'line': b'-- Install configuration: ""\n'}
[6.083309] (robot_bringup) StdoutLine: {'line': b'-- Execute custom install script\n'}
[6.083768] (robot_bringup) StdoutLine: {'line': b'-- Symlinking: /root/Dojo/install/robot_bringup/share/robot_bringup/launch/bringup.launch.py\n'}
[6.094791] (robot_bringup) StdoutLine: {'line': b'-- Symlinking: /root/Dojo/install/robot_bringup/share/ament_index/resource_index/package_run_dependencies/robot_bringup\n'}
[6.104854] (robot_bringup) StdoutLine: {'line': b'-- Symlinking: /root/Dojo/install/robot_bringup/share/ament_index/resource_index/parent_prefix_path/robot_bringup\n'}
[6.115178] (robot_bringup) StdoutLine: {'line': b'-- Symlinking: /root/Dojo/install/robot_bringup/share/robot_bringup/environment/ament_prefix_path.sh\n'}
[6.125722] (robot_bringup) StdoutLine: {'line': b'-- Symlinking: /root/Dojo/install/robot_bringup/share/robot_bringup/environment/ament_prefix_path.dsv\n'}
[6.135281] (-) TimerEvent: {}
[6.136953] (robot_bringup) StdoutLine: {'line': b'-- Symlinking: /root/Dojo/install/robot_bringup/share/robot_bringup/environment/path.sh\n'}
[6.149758] (robot_bringup) StdoutLine: {'line': b'-- Symlinking: /root/Dojo/install/robot_bringup/share/robot_bringup/environment/path.dsv\n'}
[6.156183] (robot_gazebo) StdoutLine: {'line': b'-- Found fcl: /usr/include (found suitable version "0.7.0", minimum required is "0.5.0") \n'}
[6.161302] (robot_bringup) StdoutLine: {'line': b'-- Symlinking: /root/Dojo/install/robot_bringup/share/robot_bringup/local_setup.bash\n'}
[6.172070] (robot_bringup) StdoutLine: {'line': b'-- Symlinking: /root/Dojo/install/robot_bringup/share/robot_bringup/local_setup.sh\n'}
[6.181442] (robot_bringup) StdoutLine: {'line': b'-- Symlinking: /root/Dojo/install/robot_bringup/share/robot_bringup/local_setup.zsh\n'}
[6.190895] (robot_bringup) StdoutLine: {'line': b'-- Symlinking: /root/Dojo/install/robot_bringup/share/robot_bringup/local_setup.dsv\n'}
[6.200963] (robot_bringup) StdoutLine: {'line': b'-- Symlinking: /root/Dojo/install/robot_bringup/share/robot_bringup/package.dsv\n'}
[6.210876] (robot_bringup) StdoutLine: {'line': b'-- Symlinking: /root/Dojo/install/robot_bringup/share/ament_index/resource_index/packages/robot_bringup\n'}
[6.219817] (robot_gazebo) StdoutLine: {'line': b'-- Found assimp: /usr/include (found version "5.2.0") \n'}
[6.221168] (robot_bringup) StdoutLine: {'line': b'-- Symlinking: /root/Dojo/install/robot_bringup/share/robot_bringup/cmake/robot_bringupConfig.cmake\n'}
[6.233307] (robot_bringup) StdoutLine: {'line': b'-- Symlinking: /root/Dojo/install/robot_bringup/share/robot_bringup/cmake/robot_bringupConfig-version.cmake\n'}
[6.235355] (-) TimerEvent: {}
[6.244733] (robot_bringup) StdoutLine: {'line': b'-- Symlinking: /root/Dojo/install/robot_bringup/share/robot_bringup/package.xml\n'}
[6.248255] (robot_gazebo) StdoutLine: {'line': b'-- Found DART: /usr/include (Required is at least version "6.6") found components: dart \n'}
[6.257724] (robot_bringup) CommandEnded: {'returncode': 0}
[6.271112] (robot_bringup) JobEnded: {'identifier': 'robot_bringup', 'rc': 0}
[6.283463] (robot_gazebo) StdoutLine: {'line': b'-- Found Boost: /usr/lib/x86_64-linux-gnu/cmake/Boost-1.74.0/BoostConfig.cmake (found suitable version "1.74.0", minimum required is "1.40.0") found components: thread system filesystem program_options regex iostreams date_time \n'}
[6.298534] (robot_gazebo) StdoutLine: {'line': b'-- Found Protobuf: /usr/lib/x86_64-linux-gnu/libprotobuf.so (found version "3.12.4") \n'}
[6.306956] (robot_gazebo) StdoutLine: {'line': b'-- Looking for ignition-math6 -- found version 6.15.1\n'}
[6.315537] (robot_gazebo) StdoutLine: {'line': b'-- Searching for dependencies of ignition-math6\n'}
[6.317235] (robot_gazebo) StdoutLine: {'line': b'-- Looking for OGRE...\n'}
[6.317697] (robot_gazebo) StdoutLine: {'line': b'-- OGRE_PREFIX_WATCH changed.\n'}
[6.324621] (robot_gazebo) StdoutLine: {'line': b"-- Checking for module 'OGRE'\n"}
[6.335464] (-) TimerEvent: {}
[6.341045] (robot_gazebo) StdoutLine: {'line': b'--   Found OGRE, version 1.9.0\n'}
[6.389938] (robot_gazebo) StdoutLine: {'line': b'-- Found Ogre Ghadamon (1.9.0)\n'}
[6.398102] (robot_gazebo) StdoutLine: {'line': b'-- Found OGRE: optimized;/usr/lib/x86_64-linux-gnu/libOgreMain.so;debug;/usr/lib/x86_64-linux-gnu/libOgreMain.so\n'}
[6.411507] (robot_gazebo) StdoutLine: {'line': b'-- Looking for OGRE_Paging...\n'}
[6.416366] (robot_gazebo) StdoutLine: {'line': b'-- Found OGRE_Paging: optimized;/usr/lib/x86_64-linux-gnu/libOgrePaging.so;debug;/usr/lib/x86_64-linux-gnu/libOgrePaging.so\n'}
[6.416555] (robot_gazebo) StdoutLine: {'line': b'-- Looking for OGRE_Terrain...\n'}
[6.420029] (robot_gazebo) StdoutLine: {'line': b'-- Found OGRE_Terrain: optimized;/usr/lib/x86_64-linux-gnu/libOgreTerrain.so;debug;/usr/lib/x86_64-linux-gnu/libOgreTerrain.so\n'}
[6.420191] (robot_gazebo) StdoutLine: {'line': b'-- Looking for OGRE_Property...\n'}
[6.423498] (robot_gazebo) StdoutLine: {'line': b'-- Found OGRE_Property: optimized;/usr/lib/x86_64-linux-gnu/libOgreProperty.so;debug;/usr/lib/x86_64-linux-gnu/libOgreProperty.so\n'}
[6.423680] (robot_gazebo) StdoutLine: {'line': b'-- Looking for OGRE_RTShaderSystem...\n'}
[6.426890] (robot_gazebo) StdoutLine: {'line': b'-- Found OGRE_RTShaderSystem: optimized;/usr/lib/x86_64-linux-gnu/libOgreRTShaderSystem.so;debug;/usr/lib/x86_64-linux-gnu/libOgreRTShaderSystem.so\n'}
[6.427070] (robot_gazebo) StdoutLine: {'line': b'-- Looking for OGRE_Volume...\n'}
[6.430764] (robot_gazebo) StdoutLine: {'line': b'-- Found OGRE_Volume: optimized;/usr/lib/x86_64-linux-gnu/libOgreVolume.so;debug;/usr/lib/x86_64-linux-gnu/libOgreVolume.so\n'}
[6.430932] (robot_gazebo) StdoutLine: {'line': b'-- Looking for OGRE_Overlay...\n'}
[6.434099] (robot_gazebo) StdoutLine: {'line': b'-- Found OGRE_Overlay: optimized;/usr/lib/x86_64-linux-gnu/libOgreOverlay.so;debug;/usr/lib/x86_64-linux-gnu/libOgreOverlay.so\n'}
[6.435517] (-) TimerEvent: {}
[6.517274] (robot_gazebo) StdoutLine: {'line': b'-- Looking for ignition-math6 -- found version 6.15.1\n'}
[6.520831] (robot_gazebo) StdoutLine: {'line': b'-- Looking for ignition-transport8 -- found version 8.2.1\n'}
[6.521366] (robot_gazebo) StdoutLine: {'line': b'-- Searching for dependencies of ignition-transport8\n'}
[6.535655] (-) TimerEvent: {}
[6.551736] (robot_gazebo) StdoutLine: {'line': b'-- Found Protobuf: /usr/lib/x86_64-linux-gnu/libprotobuf.so (found suitable version "3.12.4", minimum required is "3") \n'}
[6.572315] (robot_gazebo) StdoutLine: {'line': b'-- Config-file not installed for ZeroMQ -- checking for pkg-config\n'}
[6.579231] (robot_gazebo) StdoutLine: {'line': b"-- Checking for module 'libzmq >= 4'\n"}
[6.599177] (robot_gazebo) StdoutLine: {'line': b'--   Found libzmq , version 4.3.4\n'}
[6.635760] (-) TimerEvent: {}
[6.648532] (robot_gazebo) StdoutLine: {'line': b'-- Found ZeroMQ: TRUE (Required is at least version "4") \n'}
[6.655116] (robot_gazebo) StdoutLine: {'line': b"-- Checking for module 'uuid'\n"}
[6.670477] (robot_gazebo) StdoutLine: {'line': b'--   Found uuid, version 2.37.2\n'}
[6.717197] (robot_gazebo) StdoutLine: {'line': b'-- Found UUID: TRUE  \n'}
[6.720372] (robot_gazebo) StdoutLine: {'line': b'-- Looking for ignition-msgs5 -- found version 5.8.1\n'}
[6.720861] (robot_gazebo) StdoutLine: {'line': b'-- Searching for dependencies of ignition-msgs5\n'}
[6.735852] (-) TimerEvent: {}
[6.746988] (robot_gazebo) StdoutLine: {'line': b'-- Looking for ignition-math6 -- found version 6.15.1\n'}
[6.752743] (robot_gazebo) StdoutLine: {'line': b"-- Checking for module 'tinyxml2'\n"}
[6.769378] (robot_gazebo) StdoutLine: {'line': b'--   Found tinyxml2, version 9.0.0\n'}
[6.813301] (robot_gazebo) StdoutLine: {'line': b'-- Looking for ignition-msgs5 -- found version 5.8.1\n'}
[6.816170] (robot_gazebo) StdoutLine: {'line': b'-- Looking for ignition-common3 -- found version 3.14.0\n'}
[6.816601] (robot_gazebo) StdoutLine: {'line': b'-- Searching for dependencies of ignition-common3\n'}
[6.816953] (robot_gazebo) StdoutLine: {'line': b'-- Looking for dlfcn.h - found\n'}
[6.817598] (robot_gazebo) StdoutLine: {'line': b'-- Looking for libdl - found\n'}
[6.818936] (robot_gazebo) StdoutLine: {'line': b'-- Found DL: TRUE  \n'}
[6.832703] (robot_gazebo) StdoutLine: {'line': b'-- Found tinyobjloader: /usr/lib/x86_64-linux-gnu/cmake/tinyobjloader/tinyobjloader-config.cmake (found version "2.0.0") \n'}
[6.833193] (robot_gazebo) StdoutLine: {'line': b'-- Searching for <ignition-common3> component [graphics]\n'}
[6.835928] (-) TimerEvent: {}
[6.836471] (robot_gazebo) StdoutLine: {'line': b'-- Looking for ignition-common3-graphics -- found version 3.14.0\n'}
[6.837107] (robot_gazebo) StdoutLine: {'line': b'-- Searching for dependencies of ignition-common3-graphics\n'}
[6.837532] (robot_gazebo) StdoutLine: {'line': b'-- Looking for ignition-math6 -- found version 6.15.1\n'}
[6.841149] (robot_gazebo) StdoutLine: {'line': b'-- Looking for ignition-fuel_tools4 -- found version 4.4.0\n'}
[6.841636] (robot_gazebo) StdoutLine: {'line': b'-- Searching for dependencies of ignition-fuel_tools4\n'}
[6.936036] (-) TimerEvent: {}
[6.944597] (robot_gazebo) StdoutLine: {'line': b'-- Found CURL: /usr/lib/x86_64-linux-gnu/libcurl.so (found version "7.81.0")  \n'}
[6.954662] (robot_gazebo) StdoutLine: {'line': b"-- Checking for module 'jsoncpp'\n"}
[6.970959] (robot_gazebo) StdoutLine: {'line': b'--   Found jsoncpp, version 1.9.5\n'}
[7.013052] (robot_gazebo) StdoutLine: {'line': b'-- Found JSONCPP: TRUE  \n'}
[7.019431] (robot_gazebo) StdoutLine: {'line': b"-- Checking for module 'libzip'\n"}
[7.035678] (robot_gazebo) StdoutLine: {'line': b'--   Found libzip, version 1.7.3\n'}
[7.036094] (-) TimerEvent: {}
[7.079974] (robot_gazebo) StdoutLine: {'line': b'-- Found ZIP: TRUE  \n'}
[7.080446] (robot_gazebo) StdoutLine: {'line': b'-- Looking for ignition-common3 -- found version 3.14.0\n'}
[7.080869] (robot_gazebo) StdoutLine: {'line': b'-- Looking for ignition-math6 -- found version 6.15.1\n'}
[7.081307] (robot_gazebo) StdoutLine: {'line': b'-- Looking for ignition-msgs5 -- found version 5.8.1\n'}
[7.085684] (robot_gazebo) StdoutLine: {'line': b'-- Gazebo version: 11.10\n'}
[7.086027] (robot_gazebo) StdoutLine: {'line': b"-- Checking for module 'tbb'\n"}
[7.103944] (robot_gazebo) StdoutLine: {'line': b'--   Found tbb, version 2021.5.0\n'}
[7.136232] (-) TimerEvent: {}
[7.161412] (robot_gazebo) StderrLine: {'line': b'\x1b[31mCMake Error at CMakeLists.txt:13 (find_package):\n'}
[7.161716] (robot_gazebo) StderrLine: {'line': b'  By not providing "Findros2_control.cmake" in CMAKE_MODULE_PATH this project\n'}
[7.161802] (robot_gazebo) StderrLine: {'line': b'  has asked CMake to find a package configuration file provided by\n'}
[7.161883] (robot_gazebo) StderrLine: {'line': b'  "ros2_control", but CMake did not find one.\n'}
[7.161949] (robot_gazebo) StderrLine: {'line': b'\n'}
[7.162006] (robot_gazebo) StderrLine: {'line': b'  Could not find a package configuration file provided by "ros2_control" with\n'}
[7.162070] (robot_gazebo) StderrLine: {'line': b'  any of the following names:\n'}
[7.162144] (robot_gazebo) StderrLine: {'line': b'\n'}
[7.162206] (robot_gazebo) StderrLine: {'line': b'    ros2_controlConfig.cmake\n'}
[7.162263] (robot_gazebo) StderrLine: {'line': b'    ros2_control-config.cmake\n'}
[7.162319] (robot_gazebo) StderrLine: {'line': b'\n'}
[7.162376] (robot_gazebo) StderrLine: {'line': b'  Add the installation prefix of "ros2_control" to CMAKE_PREFIX_PATH or set\n'}
[7.162435] (robot_gazebo) StderrLine: {'line': b'  "ros2_control_DIR" to a directory containing one of the above files.  If\n'}
[7.162493] (robot_gazebo) StderrLine: {'line': b'  "ros2_control" provides a separate development package or SDK, be sure it\n'}
[7.162551] (robot_gazebo) StderrLine: {'line': b'  has been installed.\n'}
[7.162614] (robot_gazebo) StderrLine: {'line': b'\n'}
[7.162676] (robot_gazebo) StderrLine: {'line': b'\x1b[0m\n'}
[7.162734] (robot_gazebo) StdoutLine: {'line': b'-- Configuring incomplete, errors occurred!\n'}
[7.162800] (robot_gazebo) StdoutLine: {'line': b'See also "/root/Dojo/build/robot_gazebo/CMakeFiles/CMakeOutput.log".\n'}
[7.174732] (robot_gazebo) CommandEnded: {'returncode': 1}
[7.194121] (robot_gazebo) JobEnded: {'identifier': 'robot_gazebo', 'rc': 1}
[7.204793] (-) EventReactorShutdown: {}
