-- Found ament_cmake: 1.3.11 (/opt/ros/humble/share/ament_cmake/cmake)
-- Override CMake install command with custom implementation using symlinks instead of copying resources
-- Configuring done
-- Generating done
-- Build files have been written to: /home/Dojo/Dojo/build/robot_description
Built target ament_cmake_python_symlink_robot_description
running egg_info
writing robot_description.egg-info/PKG-INFO
writing dependency_links to robot_description.egg-info/dependency_links.txt
writing top-level names to robot_description.egg-info/top_level.txt
reading manifest file 'robot_description.egg-info/SOURCES.txt'
writing manifest file 'robot_description.egg-info/SOURCES.txt'
Built target ament_cmake_python_build_robot_description_egg
-- Install configuration: ""
-- Execute custom install script
-- Up-to-date symlink: /home/Dojo/Dojo/install/robot_description/share/robot_description/launch/display.launch.py
-- Up-to-date symlink: /home/Dojo/Dojo/install/robot_description/share/robot_description/launch/robot_state_publisher.launch.py
-- Up-to-date symlink: /home/Dojo/Dojo/install/robot_description/share/robot_description/urdf/robot.urdf
-- Up-to-date symlink: /home/Dojo/Dojo/install/robot_description/share/robot_description/urdf/robot.urdf.xacro
-- Up-to-date symlink: /home/Dojo/Dojo/install/robot_description/share/robot_description/rviz/robot.rviz
-- Up-to-date symlink: /home/Dojo/Dojo/install/robot_description/share/robot_description/environment/pythonpath.sh
-- Up-to-date symlink: /home/Dojo/Dojo/install/robot_description/share/robot_description/environment/pythonpath.dsv
-- Up-to-date symlink: /home/Dojo/Dojo/install/robot_description/local/lib/python3.10/dist-packages/robot_description-0.0.1-py3.10.egg-info/PKG-INFO
-- Up-to-date symlink: /home/Dojo/Dojo/install/robot_description/local/lib/python3.10/dist-packages/robot_description-0.0.1-py3.10.egg-info/SOURCES.txt
-- Up-to-date symlink: /home/Dojo/Dojo/install/robot_description/local/lib/python3.10/dist-packages/robot_description-0.0.1-py3.10.egg-info/dependency_links.txt
-- Up-to-date symlink: /home/Dojo/Dojo/install/robot_description/local/lib/python3.10/dist-packages/robot_description-0.0.1-py3.10.egg-info/top_level.txt
-- Up-to-date symlink: /home/Dojo/Dojo/install/robot_description/local/lib/python3.10/dist-packages/robot_description/__init__.py
-- Up-to-date symlink: /home/Dojo/Dojo/install/robot_description/lib/robot_description/display_robot.py
-- Up-to-date symlink: /home/Dojo/Dojo/install/robot_description/share/ament_index/resource_index/package_run_dependencies/robot_description
-- Up-to-date symlink: /home/Dojo/Dojo/install/robot_description/share/ament_index/resource_index/parent_prefix_path/robot_description
-- Up-to-date symlink: /home/Dojo/Dojo/install/robot_description/share/robot_description/environment/ament_prefix_path.sh
-- Up-to-date symlink: /home/Dojo/Dojo/install/robot_description/share/robot_description/environment/ament_prefix_path.dsv
-- Up-to-date symlink: /home/Dojo/Dojo/install/robot_description/share/robot_description/environment/path.sh
-- Up-to-date symlink: /home/Dojo/Dojo/install/robot_description/share/robot_description/environment/path.dsv
-- Up-to-date symlink: /home/Dojo/Dojo/install/robot_description/share/robot_description/local_setup.bash
-- Up-to-date symlink: /home/Dojo/Dojo/install/robot_description/share/robot_description/local_setup.sh
-- Up-to-date symlink: /home/Dojo/Dojo/install/robot_description/share/robot_description/local_setup.zsh
-- Up-to-date symlink: /home/Dojo/Dojo/install/robot_description/share/robot_description/local_setup.dsv
-- Symlinking: /home/Dojo/Dojo/install/robot_description/share/robot_description/package.dsv
-- Up-to-date symlink: /home/Dojo/Dojo/install/robot_description/share/ament_index/resource_index/packages/robot_description
-- Up-to-date symlink: /home/Dojo/Dojo/install/robot_description/share/robot_description/cmake/robot_descriptionConfig.cmake
-- Up-to-date symlink: /home/Dojo/Dojo/install/robot_description/share/robot_description/cmake/robot_descriptionConfig-version.cmake
-- Up-to-date symlink: /home/Dojo/Dojo/install/robot_description/share/robot_description/package.xml
-- Up-to-date: /home/Dojo/Dojo/install/robot_description/share/robot_description
-- Up-to-date: /home/Dojo/Dojo/install/robot_description/share/robot_description/urdf
-- Up-to-date: /home/Dojo/Dojo/install/robot_description/share/robot_description/rviz
-- Up-to-date: /home/Dojo/Dojo/install/robot_description/share/robot_description/src
-- Up-to-date: /home/Dojo/Dojo/install/robot_description/share/robot_description/src/robot_description
-- Up-to-date: /home/Dojo/Dojo/install/robot_description/share/robot_description/meshes
-- Up-to-date: /home/Dojo/Dojo/install/robot_description/share/robot_description/robot_description
-- Up-to-date: /home/Dojo/Dojo/install/robot_description/share/robot_description/robot_description/robot_description
-- Up-to-date: /home/Dojo/Dojo/install/robot_description/share/robot_description/scripts
-- Up-to-date: /home/Dojo/Dojo/install/robot_description/share/robot_description/resource
-- Up-to-date: /home/Dojo/Dojo/install/robot_description/share/robot_description/launch
-- Up-to-date: /home/Dojo/Dojo/install/robot_description/share/robot_description/config
-- Up-to-date: /home/Dojo/Dojo/install/robot_description/lib/robot_description/robot_description
-- Installing: /home/Dojo/Dojo/install/robot_description/lib/robot_description/robot_description/__init__.py
Listing '/home/Dojo/Dojo/install/robot_description/local/lib/python3.10/dist-packages/robot_description'...
Compiling '/home/Dojo/Dojo/install/robot_description/local/lib/python3.10/dist-packages/robot_description/__init__.py'...
Listing '/home/Dojo/Dojo/install/robot_description/local/lib/python3.10/dist-packages/robot_description/robot_description'...
