[0.806s] Invoking command in '/root/Dojo/build/robot_navigation': CMAKE_PREFIX_PATH=${CMAKE_PREFIX_PATH}:/root/Dojo/install/robot_hardware:/root/Dojo/install/robot_control:/opt/ros/humble /usr/bin/cmake /root/Dojo/src/robot_navigation -DAMENT_CMAKE_SYMLINK_INSTALL=1 -DCMAKE_INSTALL_PREFIX=/root/Dojo/install/robot_navigation
[0.875s] -- The C compiler identification is GNU 11.4.0
[0.967s] -- The CXX compiler identification is GNU 11.4.0
[0.977s] -- Detecting C compiler ABI info
[1.090s] -- Detecting C compiler ABI info - done
[1.101s] -- Check for working C compiler: /usr/bin/cc - skipped
[1.104s] -- Detecting C compile features
[1.105s] -- Detecting C compile features - done
[1.110s] -- Detecting CXX compiler ABI info
[1.241s] -- Detecting CXX compiler ABI info - done
[1.251s] -- Check for working CXX compiler: /usr/bin/c++ - skipped
[1.251s] -- Detecting CXX compile features
[1.252s] -- Detecting CXX compile features - done
[1.258s] -- Found ament_cmake: 1.3.12 (/opt/ros/humble/share/ament_cmake/cmake)
[2.256s] -- Found Python3: /usr/bin/python3 (found version "3.10.12") found components: Interpreter 
[2.345s] -- Override CMake install command with custom implementation using symlinks instead of copying resources
[2.496s] -- Configuring done
[2.500s] -- Generating done
[2.502s] -- Build files have been written to: /root/Dojo/build/robot_navigation
[2.510s] Invoked command in '/root/Dojo/build/robot_navigation' returned '0': CMAKE_PREFIX_PATH=${CMAKE_PREFIX_PATH}:/root/Dojo/install/robot_hardware:/root/Dojo/install/robot_control:/opt/ros/humble /usr/bin/cmake /root/Dojo/src/robot_navigation -DAMENT_CMAKE_SYMLINK_INSTALL=1 -DCMAKE_INSTALL_PREFIX=/root/Dojo/install/robot_navigation
[2.512s] Invoking command in '/root/Dojo/build/robot_navigation': CMAKE_PREFIX_PATH=${CMAKE_PREFIX_PATH}:/root/Dojo/install/robot_hardware:/root/Dojo/install/robot_control:/opt/ros/humble /usr/bin/cmake --build /root/Dojo/build/robot_navigation -- -j16 -l16
[2.571s] Invoked command in '/root/Dojo/build/robot_navigation' returned '0': CMAKE_PREFIX_PATH=${CMAKE_PREFIX_PATH}:/root/Dojo/install/robot_hardware:/root/Dojo/install/robot_control:/opt/ros/humble /usr/bin/cmake --build /root/Dojo/build/robot_navigation -- -j16 -l16
[2.587s] Invoking command in '/root/Dojo/build/robot_navigation': CMAKE_PREFIX_PATH=${CMAKE_PREFIX_PATH}:/root/Dojo/install/robot_hardware:/root/Dojo/install/robot_control:/opt/ros/humble /usr/bin/cmake --install /root/Dojo/build/robot_navigation
[2.598s] -- Install configuration: ""
[2.598s] -- Execute custom install script
[2.599s] -- Symlinking: /root/Dojo/install/robot_navigation/share/robot_navigation/navigation.launch.py
[2.613s] -- Symlinking: /root/Dojo/install/robot_navigation/share/robot_navigation/localization.launch.py
[2.628s] -- Symlinking: /root/Dojo/install/robot_navigation/share/robot_navigation/map_server.launch.py
[2.642s] -- Symlinking: /root/Dojo/install/robot_navigation/share/robot_navigation/nav2_params.yaml
[2.656s] -- Symlinking: /root/Dojo/install/robot_navigation/share/robot_navigation/localization_params.yaml
[2.668s] -- Symlinking: /root/Dojo/install/robot_navigation/share/robot_navigation/map_server_params.yaml
[2.681s] -- Symlinking: /root/Dojo/install/robot_navigation/share/robot_navigation/bt_navigator_params.yaml
[2.695s] -- Symlinking: /root/Dojo/install/robot_navigation/share/robot_navigation/planner_params.yaml
[2.709s] -- Symlinking: /root/Dojo/install/robot_navigation/share/robot_navigation/controller_params.yaml
[2.726s] -- Symlinking: /root/Dojo/install/robot_navigation/share/robot_navigation/costmap_common_params.yaml
[2.740s] -- Symlinking: /root/Dojo/install/robot_navigation/share/robot_navigation/global_costmap_params.yaml
[2.754s] -- Symlinking: /root/Dojo/install/robot_navigation/share/robot_navigation/local_costmap_params.yaml
[2.769s] -- Symlinking: /root/Dojo/install/robot_navigation/share/robot_navigation/launch/localization.launch.py
[2.783s] -- Symlinking: /root/Dojo/install/robot_navigation/share/robot_navigation/launch/map_server.launch.py
[2.797s] -- Symlinking: /root/Dojo/install/robot_navigation/share/robot_navigation/launch/navigation.launch.py
[2.811s] -- Symlinking: /root/Dojo/install/robot_navigation/share/robot_navigation/config/bt_navigator_params.yaml
[2.826s] -- Symlinking: /root/Dojo/install/robot_navigation/share/robot_navigation/config/controller_params.yaml
[2.839s] -- Symlinking: /root/Dojo/install/robot_navigation/share/robot_navigation/config/costmap_common_params.yaml
[2.852s] -- Symlinking: /root/Dojo/install/robot_navigation/share/robot_navigation/config/global_costmap_params.yaml
[2.865s] -- Symlinking: /root/Dojo/install/robot_navigation/share/robot_navigation/config/local_costmap_params.yaml
[2.878s] -- Symlinking: /root/Dojo/install/robot_navigation/share/robot_navigation/config/localization_params.yaml
[2.890s] -- Symlinking: /root/Dojo/install/robot_navigation/share/robot_navigation/config/map_server_params.yaml
[2.901s] -- Symlinking: /root/Dojo/install/robot_navigation/share/robot_navigation/config/nav2_params.yaml
[2.913s] -- Symlinking: /root/Dojo/install/robot_navigation/share/robot_navigation/config/planner_params.yaml
[2.927s] -- Up-to-date symlink: /root/Dojo/install/robot_navigation/share/robot_navigation/config/bt_navigator_params.yaml
[2.928s] -- Up-to-date symlink: /root/Dojo/install/robot_navigation/share/robot_navigation/config/controller_params.yaml
[2.928s] -- Up-to-date symlink: /root/Dojo/install/robot_navigation/share/robot_navigation/config/costmap_common_params.yaml
[2.928s] -- Up-to-date symlink: /root/Dojo/install/robot_navigation/share/robot_navigation/config/global_costmap_params.yaml
[2.928s] -- Up-to-date symlink: /root/Dojo/install/robot_navigation/share/robot_navigation/config/local_costmap_params.yaml
[2.929s] -- Up-to-date symlink: /root/Dojo/install/robot_navigation/share/robot_navigation/config/localization_params.yaml
[2.929s] -- Up-to-date symlink: /root/Dojo/install/robot_navigation/share/robot_navigation/config/map_server_params.yaml
[2.929s] -- Up-to-date symlink: /root/Dojo/install/robot_navigation/share/robot_navigation/config/nav2_params.yaml
[2.929s] -- Up-to-date symlink: /root/Dojo/install/robot_navigation/share/robot_navigation/config/planner_params.yaml
[2.929s] -- Up-to-date symlink: /root/Dojo/install/robot_navigation/share/robot_navigation/launch/localization.launch.py
[2.929s] -- Up-to-date symlink: /root/Dojo/install/robot_navigation/share/robot_navigation/launch/map_server.launch.py
[2.929s] -- Up-to-date symlink: /root/Dojo/install/robot_navigation/share/robot_navigation/launch/navigation.launch.py
[2.929s] -- Symlinking: /root/Dojo/install/robot_navigation/share/ament_index/resource_index/package_run_dependencies/robot_navigation
[2.942s] -- Symlinking: /root/Dojo/install/robot_navigation/share/ament_index/resource_index/parent_prefix_path/robot_navigation
[2.955s] -- Symlinking: /root/Dojo/install/robot_navigation/share/robot_navigation/environment/ament_prefix_path.sh
[2.966s] -- Symlinking: /root/Dojo/install/robot_navigation/share/robot_navigation/environment/ament_prefix_path.dsv
[2.978s] -- Symlinking: /root/Dojo/install/robot_navigation/share/robot_navigation/environment/path.sh
[2.990s] -- Symlinking: /root/Dojo/install/robot_navigation/share/robot_navigation/environment/path.dsv
[3.000s] -- Symlinking: /root/Dojo/install/robot_navigation/share/robot_navigation/local_setup.bash
[3.011s] -- Symlinking: /root/Dojo/install/robot_navigation/share/robot_navigation/local_setup.sh
[3.023s] -- Symlinking: /root/Dojo/install/robot_navigation/share/robot_navigation/local_setup.zsh
[3.034s] -- Symlinking: /root/Dojo/install/robot_navigation/share/robot_navigation/local_setup.dsv
[3.045s] -- Symlinking: /root/Dojo/install/robot_navigation/share/robot_navigation/package.dsv
[3.056s] -- Symlinking: /root/Dojo/install/robot_navigation/share/ament_index/resource_index/packages/robot_navigation
[3.067s] -- Symlinking: /root/Dojo/install/robot_navigation/share/robot_navigation/cmake/robot_navigationConfig.cmake
[3.079s] -- Symlinking: /root/Dojo/install/robot_navigation/share/robot_navigation/cmake/robot_navigationConfig-version.cmake
[3.091s] -- Symlinking: /root/Dojo/install/robot_navigation/share/robot_navigation/package.xml
[3.106s] Invoked command in '/root/Dojo/build/robot_navigation' returned '0': CMAKE_PREFIX_PATH=${CMAKE_PREFIX_PATH}:/root/Dojo/install/robot_hardware:/root/Dojo/install/robot_control:/opt/ros/humble /usr/bin/cmake --install /root/Dojo/build/robot_navigation
