[0.000000] (-) TimerEvent: {}
[0.000245] (-) JobUnselected: {'identifier': 'arduino_bridge'}
[0.000447] (-) JobUnselected: {'identifier': 'robot_bringup'}
[0.000636] (-) JobUnselected: {'identifier': 'robot_control'}
[0.000684] (-) JobUnselected: {'identifier': 'robot_description'}
[0.000723] (-) JobUnselected: {'identifier': 'robot_navigation'}
[0.000772] (-) JobUnselected: {'identifier': 'robot_perception'}
[0.000806] (-) JobUnselected: {'identifier': 'robot_sensors'}
[0.000870] (-) JobUnselected: {'identifier': 'ros2arduino_bridge'}
[0.000935] (-) JobUnselected: {'identifier': 'vision_system'}
[0.000971] (robot_gazebo) JobQueued: {'identifier': 'robot_gazebo', 'dependencies': OrderedDict([('robot_description', '/home/Dojo/Dojo/install/robot_description')])}
[0.001000] (robot_gazebo) JobStarted: {'identifier': 'robot_gazebo'}
[0.010360] (robot_gazebo) JobProgress: {'identifier': 'robot_gazebo', 'progress': 'cmake'}
[0.011195] (robot_gazebo) JobProgress: {'identifier': 'robot_gazebo', 'progress': 'build'}
[0.011950] (robot_gazebo) Command: {'cmd': ['/usr/bin/cmake', '--build', '/home/Dojo/Dojo/build/robot_gazebo', '--', '-j16', '-l16'], 'cwd': '/home/Dojo/Dojo/build/robot_gazebo', 'env': OrderedDict([('HOSTNAME', 'gareth-joel-HP-Pavilion-Gaming-Laptop-15-ec2xxx'), ('SHLVL', '0'), ('LD_LIBRARY_PATH', '/usr/lib/x86_64-linux-gnu/gazebo-11/plugins:/opt/ros/humble/opt/rviz_ogre_vendor/lib:/opt/ros/humble/lib/x86_64-linux-gnu:/opt/ros/humble/lib'), ('HOME', '/root'), ('OLDPWD', '/ros2_ws'), ('ROS_PYTHON_VERSION', '3'), ('ROS_DISTRO', 'humble'), ('_', '/usr/bin/colcon'), ('ROS_VERSION', '2'), ('NVIDIA_DRIVER_CAPABILITIES', 'all'), ('TERM', 'xterm'), ('ROS_LOCALHOST_ONLY', '0'), ('PATH', '/opt/ros/humble/bin:/usr/local/sbin:/usr/local/bin:/usr/sbin:/usr/bin:/sbin:/bin'), ('XDG_RUNTIME_DIR', '/tmp'), ('DISPLAY', ':0'), ('LANG', 'C.UTF-8'), ('AMENT_PREFIX_PATH', '/home/Dojo/Dojo/install/robot_description:/opt/ros/humble'), ('DEBIAN_FRONTEND', 'noninteractive'), ('PWD', '/home/Dojo/Dojo/build/robot_gazebo'), ('LC_ALL', 'C.UTF-8'), ('PYTHONPATH', '/home/Dojo/Dojo/install/robot_description/local/lib/python3.10/dist-packages:/opt/ros/humble/lib/python3.10/site-packages:/opt/ros/humble/local/lib/python3.10/dist-packages'), ('NVIDIA_VISIBLE_DEVICES', 'all'), ('COLCON', '1'), ('CMAKE_PREFIX_PATH', '/home/Dojo/Dojo/install/robot_description:/opt/ros/humble')]), 'shell': False}
[0.060900] (robot_gazebo) CommandEnded: {'returncode': 0}
[0.061427] (robot_gazebo) JobProgress: {'identifier': 'robot_gazebo', 'progress': 'install'}
[0.070342] (robot_gazebo) Command: {'cmd': ['/usr/bin/cmake', '--install', '/home/Dojo/Dojo/build/robot_gazebo'], 'cwd': '/home/Dojo/Dojo/build/robot_gazebo', 'env': OrderedDict([('HOSTNAME', 'gareth-joel-HP-Pavilion-Gaming-Laptop-15-ec2xxx'), ('SHLVL', '0'), ('LD_LIBRARY_PATH', '/usr/lib/x86_64-linux-gnu/gazebo-11/plugins:/opt/ros/humble/opt/rviz_ogre_vendor/lib:/opt/ros/humble/lib/x86_64-linux-gnu:/opt/ros/humble/lib'), ('HOME', '/root'), ('OLDPWD', '/ros2_ws'), ('ROS_PYTHON_VERSION', '3'), ('ROS_DISTRO', 'humble'), ('_', '/usr/bin/colcon'), ('ROS_VERSION', '2'), ('NVIDIA_DRIVER_CAPABILITIES', 'all'), ('TERM', 'xterm'), ('ROS_LOCALHOST_ONLY', '0'), ('PATH', '/opt/ros/humble/bin:/usr/local/sbin:/usr/local/bin:/usr/sbin:/usr/bin:/sbin:/bin'), ('XDG_RUNTIME_DIR', '/tmp'), ('DISPLAY', ':0'), ('LANG', 'C.UTF-8'), ('AMENT_PREFIX_PATH', '/home/Dojo/Dojo/install/robot_description:/opt/ros/humble'), ('DEBIAN_FRONTEND', 'noninteractive'), ('PWD', '/home/Dojo/Dojo/build/robot_gazebo'), ('LC_ALL', 'C.UTF-8'), ('PYTHONPATH', '/home/Dojo/Dojo/install/robot_description/local/lib/python3.10/dist-packages:/opt/ros/humble/lib/python3.10/site-packages:/opt/ros/humble/local/lib/python3.10/dist-packages'), ('NVIDIA_VISIBLE_DEVICES', 'all'), ('COLCON', '1'), ('CMAKE_PREFIX_PATH', '/home/Dojo/Dojo/install/robot_description:/opt/ros/humble')]), 'shell': False}
[0.078200] (robot_gazebo) StdoutLine: {'line': b'-- Install configuration: ""\n'}
[0.078706] (robot_gazebo) StdoutLine: {'line': b'-- Execute custom install script\n'}
[0.079021] (robot_gazebo) StdoutLine: {'line': b'-- Up-to-date symlink: /home/Dojo/Dojo/install/robot_gazebo/share/robot_gazebo/launch/gazebo.launch.py\n'}
[0.079128] (robot_gazebo) StdoutLine: {'line': b'-- Up-to-date symlink: /home/Dojo/Dojo/install/robot_gazebo/share/robot_gazebo/launch/robot_simulation.launch.py\n'}
[0.079382] (robot_gazebo) StdoutLine: {'line': b'-- Up-to-date symlink: /home/Dojo/Dojo/install/robot_gazebo/share/robot_gazebo/config/diff_drive_controller.yaml\n'}
[0.079611] (robot_gazebo) StdoutLine: {'line': b'-- Up-to-date symlink: /home/Dojo/Dojo/install/robot_gazebo/share/robot_gazebo/rviz/robot_simulation.rviz\n'}
[0.079847] (robot_gazebo) StdoutLine: {'line': b'-- Up-to-date symlink: /home/Dojo/Dojo/install/robot_gazebo/share/robot_gazebo/worlds/empty.world\n'}
[0.080001] (robot_gazebo) StdoutLine: {'line': b'-- Up-to-date symlink: /home/Dojo/Dojo/install/robot_gazebo/share/ament_index/resource_index/package_run_dependencies/robot_gazebo\n'}
[0.080157] (robot_gazebo) StdoutLine: {'line': b'-- Up-to-date symlink: /home/Dojo/Dojo/install/robot_gazebo/share/ament_index/resource_index/parent_prefix_path/robot_gazebo\n'}
[0.080312] (robot_gazebo) StdoutLine: {'line': b'-- Up-to-date symlink: /home/Dojo/Dojo/install/robot_gazebo/share/robot_gazebo/environment/ament_prefix_path.sh\n'}
[0.080453] (robot_gazebo) StdoutLine: {'line': b'-- Up-to-date symlink: /home/Dojo/Dojo/install/robot_gazebo/share/robot_gazebo/environment/ament_prefix_path.dsv\n'}
[0.080597] (robot_gazebo) StdoutLine: {'line': b'-- Up-to-date symlink: /home/Dojo/Dojo/install/robot_gazebo/share/robot_gazebo/environment/path.sh\n'}
[0.080729] (robot_gazebo) StdoutLine: {'line': b'-- Up-to-date symlink: /home/Dojo/Dojo/install/robot_gazebo/share/robot_gazebo/environment/path.dsv\n'}
[0.080857] (robot_gazebo) StdoutLine: {'line': b'-- Up-to-date symlink: /home/Dojo/Dojo/install/robot_gazebo/share/robot_gazebo/local_setup.bash\n'}
[0.080984] (robot_gazebo) StdoutLine: {'line': b'-- Up-to-date symlink: /home/Dojo/Dojo/install/robot_gazebo/share/robot_gazebo/local_setup.sh\n'}
[0.081107] (robot_gazebo) StdoutLine: {'line': b'-- Up-to-date symlink: /home/Dojo/Dojo/install/robot_gazebo/share/robot_gazebo/local_setup.zsh\n'}
[0.081231] (robot_gazebo) StdoutLine: {'line': b'-- Up-to-date symlink: /home/Dojo/Dojo/install/robot_gazebo/share/robot_gazebo/local_setup.dsv\n'}
[0.081317] (robot_gazebo) StdoutLine: {'line': b'-- Symlinking: /home/Dojo/Dojo/install/robot_gazebo/share/robot_gazebo/package.dsv\n'}
[0.090362] (robot_gazebo) StdoutLine: {'line': b'-- Up-to-date symlink: /home/Dojo/Dojo/install/robot_gazebo/share/ament_index/resource_index/packages/robot_gazebo\n'}
[0.090545] (robot_gazebo) StdoutLine: {'line': b'-- Up-to-date symlink: /home/Dojo/Dojo/install/robot_gazebo/share/robot_gazebo/cmake/robot_gazeboConfig.cmake\n'}
[0.090666] (robot_gazebo) StdoutLine: {'line': b'-- Up-to-date symlink: /home/Dojo/Dojo/install/robot_gazebo/share/robot_gazebo/cmake/robot_gazeboConfig-version.cmake\n'}
[0.090809] (robot_gazebo) StdoutLine: {'line': b'-- Up-to-date symlink: /home/Dojo/Dojo/install/robot_gazebo/share/robot_gazebo/package.xml\n'}
[0.090907] (robot_gazebo) StdoutLine: {'line': b'-- Up-to-date: /home/Dojo/Dojo/install/robot_gazebo/lib/robot_gazebo\n'}
[0.091003] (robot_gazebo) StdoutLine: {'line': b'-- Up-to-date: /home/Dojo/Dojo/install/robot_gazebo/lib/robot_gazebo/spawn_robot.py\n'}
[0.092864] (robot_gazebo) CommandEnded: {'returncode': 0}
[0.099929] (-) TimerEvent: {}
[0.107776] (robot_gazebo) JobEnded: {'identifier': 'robot_gazebo', 'rc': 0}
[0.108411] (-) EventReactorShutdown: {}
