[1.150s] Invoking command in '/root/Dojo/build/camera_ros': CMAKE_PREFIX_PATH=${CMAKE_PREFIX_PATH}:/root/Dojo/install/robot_perception:/root/Dojo/install/robot_hardware:/root/Dojo/install/robot_control:/opt/ros/humble /usr/bin/cmake /root/Dojo/backup_packages/camera_ws/src/camera_ros -DAMENT_CMAKE_SYMLINK_INSTALL=1 -DCMAKE_INSTALL_PREFIX=/root/Dojo/install/camera_ros
[1.225s] -- The C compiler identification is GNU 11.4.0
[1.298s] -- The CXX compiler identification is GNU 11.4.0
[1.307s] -- Detecting C compiler ABI info
[1.407s] -- Detecting C compiler ABI info - done
[1.418s] -- Check for working C compiler: /usr/bin/cc - skipped
[1.418s] -- Detecting C compile features
[1.418s] -- Detecting C compile features - done
[1.422s] -- Detecting CXX compiler ABI info
[1.594s] -- Detecting CXX compiler ABI info - done
[1.615s] -- Check for working CXX compiler: /usr/bin/c++ - skipped
[1.616s] -- Detecting CXX compile features
[1.619s] -- Detecting CXX compile features - done
[1.625s] -- Found ament_cmake: 1.3.12 (/opt/ros/humble/share/ament_cmake/cmake)
[2.662s] -- Found Python3: /usr/bin/python3 (found version "3.10.12") found components: Interpreter 
[2.796s] -- Override CMake install command with custom implementation using symlinks instead of copying resources
[2.878s] -- Found PkgConfig: /usr/bin/pkg-config (found version "0.29.2") 
[2.885s] -- Found rclcpp: 16.0.14 (/opt/ros/humble/share/rclcpp/cmake)
[3.009s] -- Found rosidl_generator_c: 3.1.7 (/opt/ros/humble/share/rosidl_generator_c/cmake)
[3.028s] -- Found rosidl_adapter: 3.1.7 (/opt/ros/humble/share/rosidl_adapter/cmake)
[3.052s] -- Found rosidl_generator_cpp: 3.1.7 (/opt/ros/humble/share/rosidl_generator_cpp/cmake)
[3.088s] -- Using all available rosidl_typesupport_c: rosidl_typesupport_fastrtps_c;rosidl_typesupport_introspection_c
[3.135s] -- Using all available rosidl_typesupport_cpp: rosidl_typesupport_fastrtps_cpp;rosidl_typesupport_introspection_cpp
[3.249s] -- Found rmw_implementation_cmake: 6.1.2 (/opt/ros/humble/share/rmw_implementation_cmake/cmake)
[3.256s] -- Found rmw_fastrtps_cpp: 6.2.8 (/opt/ros/humble/share/rmw_fastrtps_cpp/cmake)
[3.449s] -- Found OpenSSL: /usr/lib/x86_64-linux-gnu/libcrypto.so (found version "3.0.2")  
[3.498s] -- Found FastRTPS: /opt/ros/humble/include  
[3.582s] -- Using RMW implementation 'rmw_fastrtps_cpp' as default
[3.607s] -- Looking for pthread.h
[3.712s] -- Looking for pthread.h - found
[3.713s] -- Performing Test CMAKE_HAVE_LIBC_PTHREAD
[3.816s] -- Performing Test CMAKE_HAVE_LIBC_PTHREAD - Success
[3.818s] -- Found Threads: TRUE  
[3.902s] -- Found rclcpp_components: 16.0.14 (/opt/ros/humble/share/rclcpp_components/cmake)
[3.952s] -- Found sensor_msgs: 4.9.0 (/opt/ros/humble/share/sensor_msgs/cmake)
[3.994s] -- Found camera_info_manager: 3.1.12 (/opt/ros/humble/share/camera_info_manager/cmake)
[4.023s] -- Found cv_bridge: 3.2.1 (/opt/ros/humble/share/cv_bridge/cmake)
[4.042s] -- Checking for module 'libcamera>=0.1'
[4.064s] --   Found libcamera, version 0.1.0
[4.127s] -- Found ament_lint_auto: 0.12.14 (/opt/ros/humble/share/ament_lint_auto/cmake)
[4.291s] -- Added test 'clang_format' to check C / C++ code style
[4.300s] -- Added test 'cppcheck' to perform static code analysis on C / C++ code
[4.300s] -- Configured cppcheck include dirs: 
[4.300s] -- Configured cppcheck exclude dirs and/or files: 
[4.302s] -- Added test 'flake8' to check Python code syntax and style conventions
[4.305s] -- Added test 'lint_cmake' to check CMake code style
[4.307s] -- Added test 'mypy' to statically type check Python code.
[4.309s] -- Added test 'pep257' to check Python code against some of the docstring style conventions in PEP 257
[4.314s] -- Added test 'pyflakes' to perform static code analysis on Python code
[4.318s] -- Added test 'xmllint' to check XML markup files
[4.323s] -- Configuring done
[4.369s] -- Generating done
[4.384s] -- Build files have been written to: /root/Dojo/build/camera_ros
[4.408s] Invoked command in '/root/Dojo/build/camera_ros' returned '0': CMAKE_PREFIX_PATH=${CMAKE_PREFIX_PATH}:/root/Dojo/install/robot_perception:/root/Dojo/install/robot_hardware:/root/Dojo/install/robot_control:/opt/ros/humble /usr/bin/cmake /root/Dojo/backup_packages/camera_ws/src/camera_ros -DAMENT_CMAKE_SYMLINK_INSTALL=1 -DCMAKE_INSTALL_PREFIX=/root/Dojo/install/camera_ros
[4.410s] Invoking command in '/root/Dojo/build/camera_ros': CMAKE_PREFIX_PATH=${CMAKE_PREFIX_PATH}:/root/Dojo/install/robot_perception:/root/Dojo/install/robot_hardware:/root/Dojo/install/robot_control:/opt/ros/humble /usr/bin/cmake --build /root/Dojo/build/camera_ros -- -j16 -l16
[4.495s] [ 61%] [32mBuilding CXX object CMakeFiles/param.dir/src/types.cpp.o[0m
[4.496s] [ 69%] [32mBuilding CXX object CMakeFiles/utils.dir/src/pretty_print.cpp.o[0m
[4.496s] [ 69%] [32mBuilding CXX object CMakeFiles/param.dir/src/cv_to_pv.cpp.o[0m
[4.496s] [ 69%] [32mBuilding CXX object CMakeFiles/camera_node.dir/rclcpp_components/node_main_camera_node.cpp.o[0m
[4.496s] [ 69%] [32mBuilding CXX object CMakeFiles/param.dir/src/clamp.cpp.o[0m
[4.496s] [ 69%] [32mBuilding CXX object CMakeFiles/param.dir/src/pv_to_cv.cpp.o[0m
[4.496s] [ 69%] [32mBuilding CXX object CMakeFiles/param.dir/src/type_extent.cpp.o[0m
[4.497s] [ 69%] [32mBuilding CXX object CMakeFiles/utils.dir/src/format_mapping.cpp.o[0m
[4.497s] [ 76%] [32mBuilding CXX object CMakeFiles/param.dir/src/ParameterHandler.cpp.o[0m
[4.497s] [ 76%] [32mBuilding CXX object CMakeFiles/param.dir/src/ParameterConflictHandler.cpp.o[0m
[6.739s] [ 76%] Built target utils
[10.503s] [ 76%] Built target param
[10.709s] [ 84%] [32mBuilding CXX object CMakeFiles/camera_component.dir/src/CameraNode.cpp.o[0m
[12.014s] [ 92%] [32m[1mLinking CXX executable camera_node[0m
[12.674s] [ 92%] Built target camera_node
[19.972s] [100%] [32m[1mLinking CXX shared library libcamera_component.so[0m
[20.392s] [100%] Built target camera_component
[20.405s] Invoked command in '/root/Dojo/build/camera_ros' returned '0': CMAKE_PREFIX_PATH=${CMAKE_PREFIX_PATH}:/root/Dojo/install/robot_perception:/root/Dojo/install/robot_hardware:/root/Dojo/install/robot_control:/opt/ros/humble /usr/bin/cmake --build /root/Dojo/build/camera_ros -- -j16 -l16
[20.406s] Invoking command in '/root/Dojo/build/camera_ros': CMAKE_PREFIX_PATH=${CMAKE_PREFIX_PATH}:/root/Dojo/install/robot_perception:/root/Dojo/install/robot_hardware:/root/Dojo/install/robot_control:/opt/ros/humble /usr/bin/cmake --install /root/Dojo/build/camera_ros
[20.414s] -- Install configuration: ""
[20.414s] -- Execute custom install script
[20.415s] -- Symlinking: /root/Dojo/install/camera_ros/lib/camera_ros/camera_node
[20.424s] -- Symlinking: /root/Dojo/install/camera_ros/share/camera_ros/environment/library_path.sh
[20.434s] -- Symlinking: /root/Dojo/install/camera_ros/share/camera_ros/environment/library_path.dsv
[20.444s] -- Symlinking: /root/Dojo/install/camera_ros/share/camera_ros//launch/camera.launch.py
[20.454s] -- Symlinking: /root/Dojo/install/camera_ros/share/ament_index/resource_index/package_run_dependencies/camera_ros
[20.465s] -- Symlinking: /root/Dojo/install/camera_ros/share/ament_index/resource_index/parent_prefix_path/camera_ros
[20.475s] -- Symlinking: /root/Dojo/install/camera_ros/share/camera_ros/environment/ament_prefix_path.sh
[20.485s] -- Symlinking: /root/Dojo/install/camera_ros/share/camera_ros/environment/ament_prefix_path.dsv
[20.495s] -- Symlinking: /root/Dojo/install/camera_ros/share/camera_ros/environment/path.sh
[20.504s] -- Symlinking: /root/Dojo/install/camera_ros/share/camera_ros/environment/path.dsv
[20.514s] -- Symlinking: /root/Dojo/install/camera_ros/share/camera_ros/local_setup.bash
[20.524s] -- Symlinking: /root/Dojo/install/camera_ros/share/camera_ros/local_setup.sh
[20.534s] -- Symlinking: /root/Dojo/install/camera_ros/share/camera_ros/local_setup.zsh
[20.545s] -- Symlinking: /root/Dojo/install/camera_ros/share/camera_ros/local_setup.dsv
[20.557s] -- Symlinking: /root/Dojo/install/camera_ros/share/camera_ros/package.dsv
[20.568s] -- Symlinking: /root/Dojo/install/camera_ros/share/ament_index/resource_index/packages/camera_ros
[20.579s] -- Symlinking: /root/Dojo/install/camera_ros/share/ament_index/resource_index/rclcpp_components/camera_ros
[20.591s] -- Symlinking: /root/Dojo/install/camera_ros/share/camera_ros/cmake/ament_cmake_export_targets-extras.cmake
[20.604s] -- Symlinking: /root/Dojo/install/camera_ros/share/camera_ros/cmake/ament_cmake_export_dependencies-extras.cmake
[20.616s] -- Symlinking: /root/Dojo/install/camera_ros/share/camera_ros/cmake/camera_rosConfig.cmake
[20.628s] -- Symlinking: /root/Dojo/install/camera_ros/share/camera_ros/cmake/camera_rosConfig-version.cmake
[20.640s] -- Symlinking: /root/Dojo/install/camera_ros/share/camera_ros/package.xml
[20.652s] -- Installing: /root/Dojo/install/camera_ros/lib/libcamera_component.so
[20.659s] -- Set runtime path of "/root/Dojo/install/camera_ros/lib/libcamera_component.so" to ""
[20.659s] -- Installing: /root/Dojo/install/camera_ros/share/camera_ros/cmake/camera_componentTargetsExport.cmake
[20.659s] -- Installing: /root/Dojo/install/camera_ros/share/camera_ros/cmake/camera_componentTargetsExport-noconfig.cmake
[20.663s] Invoked command in '/root/Dojo/build/camera_ros' returned '0': CMAKE_PREFIX_PATH=${CMAKE_PREFIX_PATH}:/root/Dojo/install/robot_perception:/root/Dojo/install/robot_hardware:/root/Dojo/install/robot_control:/opt/ros/humble /usr/bin/cmake --install /root/Dojo/build/camera_ros
