[0.000000] (-) TimerEvent: {}
[0.000460] (-) JobUnselected: {'identifier': 'arduino_bridge'}
[0.000604] (-) JobUnselected: {'identifier': 'robot_bringup'}
[0.000724] (-) JobUnselected: {'identifier': 'robot_control'}
[0.000768] (-) JobUnselected: {'identifier': 'robot_description'}
[0.000805] (-) JobUnselected: {'identifier': 'robot_gazebo'}
[0.000845] (-) JobUnselected: {'identifier': 'robot_navigation'}
[0.000880] (-) JobUnselected: {'identifier': 'robot_perception'}
[0.000896] (-) JobUnselected: {'identifier': 'robot_sensors'}
[0.000928] (-) JobUnselected: {'identifier': 'vision_system'}
[0.000948] (ros2arduino_bridge) JobQueued: {'identifier': 'ros2arduino_bridge', 'dependencies': OrderedDict()}
[0.000985] (ros2arduino_bridge) JobStarted: {'identifier': 'ros2arduino_bridge'}
[0.099809] (-) TimerEvent: {}
[0.200070] (-) TimerEvent: {}
[0.300305] (-) TimerEvent: {}
[0.400590] (-) TimerEvent: {}
[0.500857] (-) TimerEvent: {}
[0.601091] (-) TimerEvent: {}
[0.655115] (ros2arduino_bridge) Command: {'cmd': ['/usr/bin/python3', '-W', 'ignore:setup.py install is deprecated', '-W', 'ignore:easy_install command is deprecated', 'setup.py', 'develop', '--editable', '--build-directory', '/home/Dojo/Dojo/build/ros2arduino_bridge/build', '--no-deps', 'symlink_data'], 'cwd': '/home/Dojo/Dojo/build/ros2arduino_bridge', 'env': {'HOSTNAME': 'gareth-joel-HP-Pavilion-Gaming-Laptop-15-ec2xxx', 'SHLVL': '0', 'LD_LIBRARY_PATH': '/usr/lib/x86_64-linux-gnu/gazebo-11/plugins:/opt/ros/humble/opt/rviz_ogre_vendor/lib:/opt/ros/humble/lib/x86_64-linux-gnu:/opt/ros/humble/lib', 'HOME': '/root', 'OLDPWD': '/ros2_ws', 'ROS_PYTHON_VERSION': '3', 'ROS_DISTRO': 'humble', '_': '/usr/bin/colcon', 'ROS_VERSION': '2', 'NVIDIA_DRIVER_CAPABILITIES': 'all', 'TERM': 'xterm', 'ROS_LOCALHOST_ONLY': '0', 'PATH': '/opt/ros/humble/bin:/usr/local/sbin:/usr/local/bin:/usr/sbin:/usr/bin:/sbin:/bin', 'XDG_RUNTIME_DIR': '/tmp', 'DISPLAY': ':0', 'LANG': 'C.UTF-8', 'AMENT_PREFIX_PATH': '/opt/ros/humble', 'DEBIAN_FRONTEND': 'noninteractive', 'PWD': '/home/Dojo/Dojo/build/ros2arduino_bridge', 'LC_ALL': 'C.UTF-8', 'PYTHONPATH': '/home/Dojo/Dojo/build/ros2arduino_bridge/prefix_override:/usr/lib/python3/dist-packages/colcon_core/task/python/colcon_distutils_commands:/home/Dojo/Dojo/install/ros2arduino_bridge/lib/python3.10/site-packages:/opt/ros/humble/lib/python3.10/site-packages:/opt/ros/humble/local/lib/python3.10/dist-packages', 'NVIDIA_VISIBLE_DEVICES': 'all', 'COLCON': '1'}, 'shell': False}
[0.701184] (-) TimerEvent: {}
[0.801456] (-) TimerEvent: {}
[0.891841] (ros2arduino_bridge) StderrLine: {'line': b"/usr/lib/python3/dist-packages/setuptools/dist.py:723: UserWarning: Usage of dash-separated 'script-dir' will not be supported in future versions. Please use the underscore name 'script_dir' instead\n"}
[0.892052] (ros2arduino_bridge) StderrLine: {'line': b'  warnings.warn(\n'}
[0.901539] (-) TimerEvent: {}
[0.921079] (ros2arduino_bridge) StdoutLine: {'line': b'running develop\n'}
[1.001641] (-) TimerEvent: {}
[1.093522] (ros2arduino_bridge) StdoutLine: {'line': b'running egg_info\n'}
[1.093725] (ros2arduino_bridge) StdoutLine: {'line': b'writing ros2arduino_bridge.egg-info/PKG-INFO\n'}
[1.093921] (ros2arduino_bridge) StdoutLine: {'line': b'writing dependency_links to ros2arduino_bridge.egg-info/dependency_links.txt\n'}
[1.094068] (ros2arduino_bridge) StdoutLine: {'line': b'writing entry points to ros2arduino_bridge.egg-info/entry_points.txt\n'}
[1.094191] (ros2arduino_bridge) StdoutLine: {'line': b'writing requirements to ros2arduino_bridge.egg-info/requires.txt\n'}
[1.094321] (ros2arduino_bridge) StdoutLine: {'line': b'writing top-level names to ros2arduino_bridge.egg-info/top_level.txt\n'}
[1.095962] (ros2arduino_bridge) StdoutLine: {'line': b"reading manifest file 'ros2arduino_bridge.egg-info/SOURCES.txt'\n"}
[1.096703] (ros2arduino_bridge) StdoutLine: {'line': b"writing manifest file 'ros2arduino_bridge.egg-info/SOURCES.txt'\n"}
[1.098237] (ros2arduino_bridge) StdoutLine: {'line': b'running build_ext\n'}
[1.098398] (ros2arduino_bridge) StdoutLine: {'line': b'Creating /home/Dojo/Dojo/install/ros2arduino_bridge/lib/python3.10/site-packages/ros2arduino-bridge.egg-link (link to .)\n'}
[1.099201] (ros2arduino_bridge) StdoutLine: {'line': b'Installing arduino_bridge script to /lib/ros2arduino_bridge\n'}
[1.099522] (ros2arduino_bridge) StdoutLine: {'line': b'\n'}
[1.099609] (ros2arduino_bridge) StdoutLine: {'line': b'Installed /home/Dojo/Dojo/build/ros2arduino_bridge\n'}
[1.099669] (ros2arduino_bridge) StdoutLine: {'line': b'running symlink_data\n'}
[1.101702] (-) TimerEvent: {}
[1.126443] (ros2arduino_bridge) CommandEnded: {'returncode': 0}
[1.142559] (ros2arduino_bridge) JobEnded: {'identifier': 'ros2arduino_bridge', 'rc': 0}
[1.143310] (-) EventReactorShutdown: {}
