[0.563s] Invoking command in '/root/Dojo/build/robot_navigation': CMAKE_PREFIX_PATH=/opt/ros/humble /usr/bin/cmake /root/Dojo/src/robot_navigation -DAMENT_CMAKE_SYMLINK_INSTALL=1 -DCMAKE_INSTALL_PREFIX=/root/Dojo/install/robot_navigation
[2.062s] -- The C compiler identification is GNU 11.4.0
[2.062s] -- The CXX compiler identification is GNU 11.4.0
[2.062s] -- Detecting C compiler ABI info
[2.062s] -- Detecting C compiler ABI info - done
[2.065s] -- Check for working C compiler: /usr/bin/cc - skipped
[2.070s] -- Detecting C compile features
[2.071s] -- Detecting C compile features - done
[2.071s] -- Detecting CXX compiler ABI info
[2.072s] -- Detecting CXX compiler ABI info - done
[2.072s] -- Check for working CXX compiler: /usr/bin/c++ - skipped
[2.072s] -- Detecting CXX compile features
[2.072s] -- Detecting CXX compile features - done
[2.072s] -- Found ament_cmake: 1.3.12 (/opt/ros/humble/share/ament_cmake/cmake)
[2.073s] -- Found Python3: /usr/bin/python3 (found version "3.10.12") found components: Interpreter 
[2.073s] -- Override CMake install command with custom implementation using symlinks instead of copying resources
[2.073s] -- Configuring done
[2.073s] -- Generating done
[2.073s] -- Build files have been written to: /root/Dojo/build/robot_navigation
[2.599s] Invoked command in '/root/Dojo/build/robot_navigation' returned '0': CMAKE_PREFIX_PATH=/opt/ros/humble /usr/bin/cmake /root/Dojo/src/robot_navigation -DAMENT_CMAKE_SYMLINK_INSTALL=1 -DCMAKE_INSTALL_PREFIX=/root/Dojo/install/robot_navigation
[2.601s] Invoking command in '/root/Dojo/build/robot_navigation': CMAKE_PREFIX_PATH=/opt/ros/humble /usr/bin/cmake --build /root/Dojo/build/robot_navigation -- -j16 -l16
[2.738s] Invoked command in '/root/Dojo/build/robot_navigation' returned '0': CMAKE_PREFIX_PATH=/opt/ros/humble /usr/bin/cmake --build /root/Dojo/build/robot_navigation -- -j16 -l16
[2.772s] Invoking command in '/root/Dojo/build/robot_navigation': CMAKE_PREFIX_PATH=/opt/ros/humble /usr/bin/cmake --install /root/Dojo/build/robot_navigation
[2.796s] -- Install configuration: ""
[2.798s] -- Execute custom install script
[2.801s] -- Symlinking: /root/Dojo/install/robot_navigation/share/robot_navigation/navigation.launch.py
[2.832s] -- Symlinking: /root/Dojo/install/robot_navigation/share/robot_navigation/localization.launch.py
[2.860s] -- Symlinking: /root/Dojo/install/robot_navigation/share/robot_navigation/map_server.launch.py
[2.884s] -- Symlinking: /root/Dojo/install/robot_navigation/share/robot_navigation/nav2_params.yaml
[2.921s] -- Symlinking: /root/Dojo/install/robot_navigation/share/robot_navigation/localization_params.yaml
[2.963s] -- Symlinking: /root/Dojo/install/robot_navigation/share/robot_navigation/map_server_params.yaml
[3.015s] -- Symlinking: /root/Dojo/install/robot_navigation/share/robot_navigation/bt_navigator_params.yaml
[3.067s] -- Symlinking: /root/Dojo/install/robot_navigation/share/robot_navigation/planner_params.yaml
[3.105s] -- Symlinking: /root/Dojo/install/robot_navigation/share/robot_navigation/controller_params.yaml
[3.137s] -- Symlinking: /root/Dojo/install/robot_navigation/share/robot_navigation/costmap_common_params.yaml
[3.203s] -- Symlinking: /root/Dojo/install/robot_navigation/share/robot_navigation/global_costmap_params.yaml
[3.233s] -- Symlinking: /root/Dojo/install/robot_navigation/share/robot_navigation/local_costmap_params.yaml
[3.270s] -- Symlinking: /root/Dojo/install/robot_navigation/share/robot_navigation/launch/localization.launch.py
[3.297s] -- Symlinking: /root/Dojo/install/robot_navigation/share/robot_navigation/launch/map_server.launch.py
[3.324s] -- Symlinking: /root/Dojo/install/robot_navigation/share/robot_navigation/launch/navigation.launch.py
[3.353s] -- Symlinking: /root/Dojo/install/robot_navigation/share/robot_navigation/config/bt_navigator_params.yaml
[3.380s] -- Symlinking: /root/Dojo/install/robot_navigation/share/robot_navigation/config/controller_params.yaml
[3.407s] -- Symlinking: /root/Dojo/install/robot_navigation/share/robot_navigation/config/costmap_common_params.yaml
[3.435s] -- Symlinking: /root/Dojo/install/robot_navigation/share/robot_navigation/config/global_costmap_params.yaml
[3.466s] -- Symlinking: /root/Dojo/install/robot_navigation/share/robot_navigation/config/local_costmap_params.yaml
[3.642s] -- Symlinking: /root/Dojo/install/robot_navigation/share/robot_navigation/config/localization_params.yaml
[3.673s] -- Symlinking: /root/Dojo/install/robot_navigation/share/robot_navigation/config/map_server_params.yaml
[3.698s] -- Symlinking: /root/Dojo/install/robot_navigation/share/robot_navigation/config/nav2_params.yaml
[3.725s] -- Symlinking: /root/Dojo/install/robot_navigation/share/robot_navigation/config/planner_params.yaml
[3.747s] -- Up-to-date symlink: /root/Dojo/install/robot_navigation/share/robot_navigation/config/bt_navigator_params.yaml
[3.748s] -- Up-to-date symlink: /root/Dojo/install/robot_navigation/share/robot_navigation/config/controller_params.yaml
[3.748s] -- Up-to-date symlink: /root/Dojo/install/robot_navigation/share/robot_navigation/config/costmap_common_params.yaml
[3.749s] -- Up-to-date symlink: /root/Dojo/install/robot_navigation/share/robot_navigation/config/global_costmap_params.yaml
[3.749s] -- Up-to-date symlink: /root/Dojo/install/robot_navigation/share/robot_navigation/config/local_costmap_params.yaml
[3.750s] -- Up-to-date symlink: /root/Dojo/install/robot_navigation/share/robot_navigation/config/localization_params.yaml
[3.751s] -- Up-to-date symlink: /root/Dojo/install/robot_navigation/share/robot_navigation/config/map_server_params.yaml
[3.751s] -- Up-to-date symlink: /root/Dojo/install/robot_navigation/share/robot_navigation/config/nav2_params.yaml
[3.752s] -- Up-to-date symlink: /root/Dojo/install/robot_navigation/share/robot_navigation/config/planner_params.yaml
[3.752s] -- Up-to-date symlink: /root/Dojo/install/robot_navigation/share/robot_navigation/launch/localization.launch.py
[3.753s] -- Up-to-date symlink: /root/Dojo/install/robot_navigation/share/robot_navigation/launch/map_server.launch.py
[3.754s] -- Up-to-date symlink: /root/Dojo/install/robot_navigation/share/robot_navigation/launch/navigation.launch.py
[3.755s] -- Symlinking: /root/Dojo/install/robot_navigation/share/ament_index/resource_index/package_run_dependencies/robot_navigation
[3.793s] -- Symlinking: /root/Dojo/install/robot_navigation/share/ament_index/resource_index/parent_prefix_path/robot_navigation
[3.822s] -- Symlinking: /root/Dojo/install/robot_navigation/share/robot_navigation/environment/ament_prefix_path.sh
[3.847s] -- Symlinking: /root/Dojo/install/robot_navigation/share/robot_navigation/environment/ament_prefix_path.dsv
[3.871s] -- Symlinking: /root/Dojo/install/robot_navigation/share/robot_navigation/environment/path.sh
[3.905s] -- Symlinking: /root/Dojo/install/robot_navigation/share/robot_navigation/environment/path.dsv
[3.927s] -- Symlinking: /root/Dojo/install/robot_navigation/share/robot_navigation/local_setup.bash
[3.965s] -- Symlinking: /root/Dojo/install/robot_navigation/share/robot_navigation/local_setup.sh
[4.003s] -- Symlinking: /root/Dojo/install/robot_navigation/share/robot_navigation/local_setup.zsh
[4.036s] -- Symlinking: /root/Dojo/install/robot_navigation/share/robot_navigation/local_setup.dsv
[4.066s] -- Symlinking: /root/Dojo/install/robot_navigation/share/robot_navigation/package.dsv
[4.091s] -- Symlinking: /root/Dojo/install/robot_navigation/share/ament_index/resource_index/packages/robot_navigation
[4.116s] -- Symlinking: /root/Dojo/install/robot_navigation/share/robot_navigation/cmake/robot_navigationConfig.cmake
[4.139s] -- Symlinking: /root/Dojo/install/robot_navigation/share/robot_navigation/cmake/robot_navigationConfig-version.cmake
[4.170s] -- Symlinking: /root/Dojo/install/robot_navigation/share/robot_navigation/package.xml
[4.217s] Invoked command in '/root/Dojo/build/robot_navigation' returned '0': CMAKE_PREFIX_PATH=/opt/ros/humble /usr/bin/cmake --install /root/Dojo/build/robot_navigation
