[1.750s] Invoking command in '/root/Dojo/build/robot_perception': PYTHONPATH=/root/Dojo/build/robot_perception/prefix_override:/usr/lib/python3/dist-packages/colcon_core/task/python/colcon_distutils_commands:/root/Dojo/install/robot_perception/lib/python3.10/site-packages:${PYTHONPATH} /usr/bin/python3 -W ignore:setup.py install is deprecated -W ignore:easy_install command is deprecated setup.py develop --editable --build-directory /root/Dojo/build/robot_perception/build --no-deps symlink_data
[2.201s] running develop
[2.489s] running egg_info
[2.489s] creating robot_perception.egg-info
[2.507s] writing robot_perception.egg-info/PKG-INFO
[2.507s] writing dependency_links to robot_perception.egg-info/dependency_links.txt
[2.509s] writing entry points to robot_perception.egg-info/entry_points.txt
[2.509s] writing requirements to robot_perception.egg-info/requires.txt
[2.510s] writing top-level names to robot_perception.egg-info/top_level.txt
[2.510s] writing manifest file 'robot_perception.egg-info/SOURCES.txt'
[2.548s] reading manifest file 'robot_perception.egg-info/SOURCES.txt'
[2.549s] writing manifest file 'robot_perception.egg-info/SOURCES.txt'
[2.568s] running build_ext
[2.568s] Creating /root/Dojo/install/robot_perception/lib/python3.10/site-packages/robot-perception.egg-link (link to .)
[2.569s] Installing camera_processor script to /root/Dojo/install/robot_perception/bin
[2.571s] Installing object_detector script to /root/Dojo/install/robot_perception/bin
[2.571s] 
[2.571s] Installed /root/Dojo/build/robot_perception
[2.571s] running symlink_data
[2.571s] creating /root/Dojo/install/robot_perception/share/ament_index
[2.571s] creating /root/Dojo/install/robot_perception/share/ament_index/resource_index
[2.571s] creating /root/Dojo/install/robot_perception/share/ament_index/resource_index/packages
[2.572s] symbolically linking /root/Dojo/build/robot_perception/resource/robot_perception -> /root/Dojo/install/robot_perception/share/ament_index/resource_index/packages
[2.572s] symbolically linking /root/Dojo/build/robot_perception/package.xml -> /root/Dojo/install/robot_perception/share/robot_perception
[2.572s] creating /root/Dojo/install/robot_perception/share/robot_perception/launch
[2.573s] symbolically linking /root/Dojo/build/robot_perception/launch/robot_perception.launch.py -> /root/Dojo/install/robot_perception/share/robot_perception/launch
[2.573s] symbolically linking /root/Dojo/build/robot_perception/launch/perception.launch.py -> /root/Dojo/install/robot_perception/share/robot_perception/launch
[2.573s] creating /root/Dojo/install/robot_perception/share/robot_perception/config
[2.573s] symbolically linking /root/Dojo/build/robot_perception/config/robot_perception_params.yaml -> /root/Dojo/install/robot_perception/share/robot_perception/config
[2.680s] Invoked command in '/root/Dojo/build/robot_perception' returned '0': PYTHONPATH=/root/Dojo/build/robot_perception/prefix_override:/usr/lib/python3/dist-packages/colcon_core/task/python/colcon_distutils_commands:/root/Dojo/install/robot_perception/lib/python3.10/site-packages:${PYTHONPATH} /usr/bin/python3 -W ignore:setup.py install is deprecated -W ignore:easy_install command is deprecated setup.py develop --editable --build-directory /root/Dojo/build/robot_perception/build --no-deps symlink_data
