[0.013s] Invoking command in '/home/Dojo/Dojo/build/robot_bringup': AMENT_PREFIX_PATH=/home/Dojo/Dojo/install/robot_sensors:/home/Dojo/Dojo/install/robot_perception:/home/Dojo/Dojo/install/robot_navigation:/home/Dojo/Dojo/install/robot_description:/home/Dojo/Dojo/install/robot_control:${AMENT_PREFIX_PATH} CMAKE_PREFIX_PATH=/home/Dojo/Dojo/install/robot_perception:/home/Dojo/Dojo/install/robot_navigation:/home/Dojo/Dojo/install/robot_description:/opt/ros/humble PYTHONPATH=/home/Dojo/Dojo/build/robot_sensors:/home/Dojo/Dojo/install/robot_sensors/lib/python3.10/site-packages:/home/Dojo/Dojo/install/robot_perception/local/lib/python3.10/dist-packages:/home/Dojo/Dojo/install/robot_description/local/lib/python3.10/dist-packages:/home/Dojo/Dojo/build/robot_control:/home/Dojo/Dojo/install/robot_control/lib/python3.10/site-packages:${PYTHONPATH} /usr/bin/cmake /home/Dojo/Dojo/src/robot_bringup -DAMENT_CMAKE_SYMLINK_INSTALL=1 -DCMAKE_INSTALL_PREFIX=/home/Dojo/Dojo/install/robot_bringup
[0.070s] -- The C compiler identification is GNU 11.4.0
[0.127s] -- The CXX compiler identification is GNU 11.4.0
[0.134s] -- Detecting C compiler ABI info
[0.207s] -- Detecting C compiler ABI info - done
[0.213s] -- Check for working C compiler: /usr/bin/cc - skipped
[0.213s] -- Detecting C compile features
[0.213s] -- Detecting C compile features - done
[0.217s] -- Detecting CXX compiler ABI info
[0.297s] -- Detecting CXX compiler ABI info - done
[0.303s] -- Check for working CXX compiler: /usr/bin/c++ - skipped
[0.303s] -- Detecting CXX compile features
[0.304s] -- Detecting CXX compile features - done
[0.307s] -- Found ament_cmake: 1.3.11 (/opt/ros/humble/share/ament_cmake/cmake)
[0.462s] -- Found Python3: /usr/bin/python3 (found version "3.10.12") found components: Interpreter 
[0.525s] -- Override CMake install command with custom implementation using symlinks instead of copying resources
[0.636s] -- Configuring done
[0.639s] -- Generating done
[0.641s] -- Build files have been written to: /home/Dojo/Dojo/build/robot_bringup
[0.645s] Invoked command in '/home/Dojo/Dojo/build/robot_bringup' returned '0': AMENT_PREFIX_PATH=/home/Dojo/Dojo/install/robot_sensors:/home/Dojo/Dojo/install/robot_perception:/home/Dojo/Dojo/install/robot_navigation:/home/Dojo/Dojo/install/robot_description:/home/Dojo/Dojo/install/robot_control:${AMENT_PREFIX_PATH} CMAKE_PREFIX_PATH=/home/Dojo/Dojo/install/robot_perception:/home/Dojo/Dojo/install/robot_navigation:/home/Dojo/Dojo/install/robot_description:/opt/ros/humble PYTHONPATH=/home/Dojo/Dojo/build/robot_sensors:/home/Dojo/Dojo/install/robot_sensors/lib/python3.10/site-packages:/home/Dojo/Dojo/install/robot_perception/local/lib/python3.10/dist-packages:/home/Dojo/Dojo/install/robot_description/local/lib/python3.10/dist-packages:/home/Dojo/Dojo/build/robot_control:/home/Dojo/Dojo/install/robot_control/lib/python3.10/site-packages:${PYTHONPATH} /usr/bin/cmake /home/Dojo/Dojo/src/robot_bringup -DAMENT_CMAKE_SYMLINK_INSTALL=1 -DCMAKE_INSTALL_PREFIX=/home/Dojo/Dojo/install/robot_bringup
[0.646s] Invoking command in '/home/Dojo/Dojo/build/robot_bringup': AMENT_PREFIX_PATH=/home/Dojo/Dojo/install/robot_sensors:/home/Dojo/Dojo/install/robot_perception:/home/Dojo/Dojo/install/robot_navigation:/home/Dojo/Dojo/install/robot_description:/home/Dojo/Dojo/install/robot_control:${AMENT_PREFIX_PATH} CMAKE_PREFIX_PATH=/home/Dojo/Dojo/install/robot_perception:/home/Dojo/Dojo/install/robot_navigation:/home/Dojo/Dojo/install/robot_description:/opt/ros/humble PYTHONPATH=/home/Dojo/Dojo/build/robot_sensors:/home/Dojo/Dojo/install/robot_sensors/lib/python3.10/site-packages:/home/Dojo/Dojo/install/robot_perception/local/lib/python3.10/dist-packages:/home/Dojo/Dojo/install/robot_description/local/lib/python3.10/dist-packages:/home/Dojo/Dojo/build/robot_control:/home/Dojo/Dojo/install/robot_control/lib/python3.10/site-packages:${PYTHONPATH} /usr/bin/cmake --build /home/Dojo/Dojo/build/robot_bringup -- -j16 -l16
[0.688s] Invoked command in '/home/Dojo/Dojo/build/robot_bringup' returned '0': AMENT_PREFIX_PATH=/home/Dojo/Dojo/install/robot_sensors:/home/Dojo/Dojo/install/robot_perception:/home/Dojo/Dojo/install/robot_navigation:/home/Dojo/Dojo/install/robot_description:/home/Dojo/Dojo/install/robot_control:${AMENT_PREFIX_PATH} CMAKE_PREFIX_PATH=/home/Dojo/Dojo/install/robot_perception:/home/Dojo/Dojo/install/robot_navigation:/home/Dojo/Dojo/install/robot_description:/opt/ros/humble PYTHONPATH=/home/Dojo/Dojo/build/robot_sensors:/home/Dojo/Dojo/install/robot_sensors/lib/python3.10/site-packages:/home/Dojo/Dojo/install/robot_perception/local/lib/python3.10/dist-packages:/home/Dojo/Dojo/install/robot_description/local/lib/python3.10/dist-packages:/home/Dojo/Dojo/build/robot_control:/home/Dojo/Dojo/install/robot_control/lib/python3.10/site-packages:${PYTHONPATH} /usr/bin/cmake --build /home/Dojo/Dojo/build/robot_bringup -- -j16 -l16
[0.690s] Invoking command in '/home/Dojo/Dojo/build/robot_bringup': AMENT_PREFIX_PATH=/home/Dojo/Dojo/install/robot_sensors:/home/Dojo/Dojo/install/robot_perception:/home/Dojo/Dojo/install/robot_navigation:/home/Dojo/Dojo/install/robot_description:/home/Dojo/Dojo/install/robot_control:${AMENT_PREFIX_PATH} CMAKE_PREFIX_PATH=/home/Dojo/Dojo/install/robot_perception:/home/Dojo/Dojo/install/robot_navigation:/home/Dojo/Dojo/install/robot_description:/opt/ros/humble PYTHONPATH=/home/Dojo/Dojo/build/robot_sensors:/home/Dojo/Dojo/install/robot_sensors/lib/python3.10/site-packages:/home/Dojo/Dojo/install/robot_perception/local/lib/python3.10/dist-packages:/home/Dojo/Dojo/install/robot_description/local/lib/python3.10/dist-packages:/home/Dojo/Dojo/build/robot_control:/home/Dojo/Dojo/install/robot_control/lib/python3.10/site-packages:${PYTHONPATH} /usr/bin/cmake --install /home/Dojo/Dojo/build/robot_bringup
[0.697s] -- Install configuration: ""
[0.697s] -- Execute custom install script
[0.697s] -- Symlinking: /home/Dojo/Dojo/install/robot_bringup/share/robot_bringup/launch/bringup.launch.py
[0.708s] -- Symlinking: /home/Dojo/Dojo/install/robot_bringup/share/ament_index/resource_index/package_run_dependencies/robot_bringup
[0.718s] -- Symlinking: /home/Dojo/Dojo/install/robot_bringup/share/ament_index/resource_index/parent_prefix_path/robot_bringup
[0.728s] -- Symlinking: /home/Dojo/Dojo/install/robot_bringup/share/robot_bringup/environment/ament_prefix_path.sh
[0.738s] -- Symlinking: /home/Dojo/Dojo/install/robot_bringup/share/robot_bringup/environment/ament_prefix_path.dsv
[0.747s] -- Symlinking: /home/Dojo/Dojo/install/robot_bringup/share/robot_bringup/environment/path.sh
[0.757s] -- Symlinking: /home/Dojo/Dojo/install/robot_bringup/share/robot_bringup/environment/path.dsv
[0.765s] -- Symlinking: /home/Dojo/Dojo/install/robot_bringup/share/robot_bringup/local_setup.bash
[0.774s] -- Symlinking: /home/Dojo/Dojo/install/robot_bringup/share/robot_bringup/local_setup.sh
[0.783s] -- Symlinking: /home/Dojo/Dojo/install/robot_bringup/share/robot_bringup/local_setup.zsh
[0.793s] -- Symlinking: /home/Dojo/Dojo/install/robot_bringup/share/robot_bringup/local_setup.dsv
[0.804s] -- Symlinking: /home/Dojo/Dojo/install/robot_bringup/share/robot_bringup/package.dsv
[0.813s] -- Symlinking: /home/Dojo/Dojo/install/robot_bringup/share/ament_index/resource_index/packages/robot_bringup
[0.823s] -- Symlinking: /home/Dojo/Dojo/install/robot_bringup/share/robot_bringup/cmake/robot_bringupConfig.cmake
[0.832s] -- Symlinking: /home/Dojo/Dojo/install/robot_bringup/share/robot_bringup/cmake/robot_bringupConfig-version.cmake
[0.842s] -- Symlinking: /home/Dojo/Dojo/install/robot_bringup/share/robot_bringup/package.xml
[0.854s] Invoked command in '/home/Dojo/Dojo/build/robot_bringup' returned '0': AMENT_PREFIX_PATH=/home/Dojo/Dojo/install/robot_sensors:/home/Dojo/Dojo/install/robot_perception:/home/Dojo/Dojo/install/robot_navigation:/home/Dojo/Dojo/install/robot_description:/home/Dojo/Dojo/install/robot_control:${AMENT_PREFIX_PATH} CMAKE_PREFIX_PATH=/home/Dojo/Dojo/install/robot_perception:/home/Dojo/Dojo/install/robot_navigation:/home/Dojo/Dojo/install/robot_description:/opt/ros/humble PYTHONPATH=/home/Dojo/Dojo/build/robot_sensors:/home/Dojo/Dojo/install/robot_sensors/lib/python3.10/site-packages:/home/Dojo/Dojo/install/robot_perception/local/lib/python3.10/dist-packages:/home/Dojo/Dojo/install/robot_description/local/lib/python3.10/dist-packages:/home/Dojo/Dojo/build/robot_control:/home/Dojo/Dojo/install/robot_control/lib/python3.10/site-packages:${PYTHONPATH} /usr/bin/cmake --install /home/Dojo/Dojo/build/robot_bringup
