[0.548s] Invoking command in '/root/Dojo/build/robot_description': CMAKE_PREFIX_PATH=${CMAKE_PREFIX_PATH}:/root/Dojo/install/vision_system:/root/Dojo/install/robot_launch:/root/Dojo/install/ros2arduino_bridge:/root/Dojo/install/robot_sensors:/root/Dojo/install/robot_perception:/root/Dojo/install/robot_hardware:/root/Dojo/install/robot_control:/root/Dojo/install/nv21_converter_pkg:/root/Dojo/install/arduino_bridge:/opt/ros/humble /usr/bin/cmake --build /root/Dojo/build/robot_description -- -j16 -l16
[2.803s] -- Found ament_cmake: 1.3.12 (/opt/ros/humble/share/ament_cmake/cmake)
[2.803s] -- Override CMake install command with custom implementation using symlinks instead of copying resources
[2.803s] -- Configuring done
[2.803s] -- Generating done
[2.803s] -- Build files have been written to: /root/Dojo/build/robot_description
[2.804s] Built target ament_cmake_python_symlink_robot_description
[2.804s] running egg_info
[2.804s] writing robot_description.egg-info/PKG-INFO
[2.804s] writing dependency_links to robot_description.egg-info/dependency_links.txt
[2.804s] writing top-level names to robot_description.egg-info/top_level.txt
[2.804s] reading manifest file 'robot_description.egg-info/SOURCES.txt'
[2.804s] writing manifest file 'robot_description.egg-info/SOURCES.txt'
[2.804s] Built target ament_cmake_python_build_robot_description_egg
[3.200s] Invoked command in '/root/Dojo/build/robot_description' returned '0': CMAKE_PREFIX_PATH=${CMAKE_PREFIX_PATH}:/root/Dojo/install/vision_system:/root/Dojo/install/robot_launch:/root/Dojo/install/ros2arduino_bridge:/root/Dojo/install/robot_sensors:/root/Dojo/install/robot_perception:/root/Dojo/install/robot_hardware:/root/Dojo/install/robot_control:/root/Dojo/install/nv21_converter_pkg:/root/Dojo/install/arduino_bridge:/opt/ros/humble /usr/bin/cmake --build /root/Dojo/build/robot_description -- -j16 -l16
[3.201s] Invoking command in '/root/Dojo/build/robot_description': CMAKE_PREFIX_PATH=${CMAKE_PREFIX_PATH}:/root/Dojo/install/vision_system:/root/Dojo/install/robot_launch:/root/Dojo/install/ros2arduino_bridge:/root/Dojo/install/robot_sensors:/root/Dojo/install/robot_perception:/root/Dojo/install/robot_hardware:/root/Dojo/install/robot_control:/root/Dojo/install/nv21_converter_pkg:/root/Dojo/install/arduino_bridge:/opt/ros/humble /usr/bin/cmake --install /root/Dojo/build/robot_description
[3.246s] -- Install configuration: ""
[3.246s] -- Execute custom install script
[3.246s] -- Up-to-date symlink: /root/Dojo/install/robot_description/share/robot_description/launch/display.launch.py
[3.246s] -- Up-to-date symlink: /root/Dojo/install/robot_description/share/robot_description/launch/robot_state_publisher.launch.py
[3.247s] -- Up-to-date symlink: /root/Dojo/install/robot_description/share/robot_description/urdf/common_properties.xacro
[3.247s] -- Up-to-date symlink: /root/Dojo/install/robot_description/share/robot_description/urdf/dojo_robot.gazebo
[3.247s] -- Up-to-date symlink: /root/Dojo/install/robot_description/share/robot_description/urdf/dojo_robot.urdf.xacro
[3.247s] -- Up-to-date symlink: /root/Dojo/install/robot_description/share/robot_description/urdf/robot.urdf
[3.248s] -- Up-to-date symlink: /root/Dojo/install/robot_description/share/robot_description/urdf/robot.urdf.xacro
[3.248s] -- Up-to-date symlink: /root/Dojo/install/robot_description/share/robot_description/urdf/sensors/rplidar.urdf.xacro
[3.249s] -- Up-to-date symlink: /root/Dojo/install/robot_description/share/robot_description/rviz/display.rviz
[3.249s] -- Up-to-date symlink: /root/Dojo/install/robot_description/share/robot_description/rviz/robot.rviz
[3.249s] -- Up-to-date symlink: /root/Dojo/install/robot_description/share/robot_description/environment/pythonpath.sh
[3.250s] -- Up-to-date symlink: /root/Dojo/install/robot_description/share/robot_description/environment/pythonpath.dsv
[3.250s] -- Up-to-date symlink: /root/Dojo/install/robot_description/local/lib/python3.10/dist-packages/robot_description-0.0.1-py3.10.egg-info/PKG-INFO
[3.250s] -- Up-to-date symlink: /root/Dojo/install/robot_description/local/lib/python3.10/dist-packages/robot_description-0.0.1-py3.10.egg-info/SOURCES.txt
[3.251s] -- Up-to-date symlink: /root/Dojo/install/robot_description/local/lib/python3.10/dist-packages/robot_description-0.0.1-py3.10.egg-info/dependency_links.txt
[3.251s] -- Up-to-date symlink: /root/Dojo/install/robot_description/local/lib/python3.10/dist-packages/robot_description-0.0.1-py3.10.egg-info/top_level.txt
[3.251s] -- Up-to-date symlink: /root/Dojo/install/robot_description/local/lib/python3.10/dist-packages/robot_description/__init__.py
[3.252s] -- Up-to-date symlink: /root/Dojo/install/robot_description/lib/robot_description/display_robot.py
[3.252s] -- Up-to-date symlink: /root/Dojo/install/robot_description/share/ament_index/resource_index/package_run_dependencies/robot_description
[3.252s] -- Up-to-date symlink: /root/Dojo/install/robot_description/share/ament_index/resource_index/parent_prefix_path/robot_description
[3.252s] -- Up-to-date symlink: /root/Dojo/install/robot_description/share/robot_description/environment/ament_prefix_path.sh
[3.252s] -- Up-to-date symlink: /root/Dojo/install/robot_description/share/robot_description/environment/ament_prefix_path.dsv
[3.253s] -- Up-to-date symlink: /root/Dojo/install/robot_description/share/robot_description/environment/path.sh
[3.253s] -- Up-to-date symlink: /root/Dojo/install/robot_description/share/robot_description/environment/path.dsv
[3.253s] -- Up-to-date symlink: /root/Dojo/install/robot_description/share/robot_description/local_setup.bash
[3.253s] -- Up-to-date symlink: /root/Dojo/install/robot_description/share/robot_description/local_setup.sh
[3.254s] -- Up-to-date symlink: /root/Dojo/install/robot_description/share/robot_description/local_setup.zsh
[3.254s] -- Up-to-date symlink: /root/Dojo/install/robot_description/share/robot_description/local_setup.dsv
[3.255s] -- Symlinking: /root/Dojo/install/robot_description/share/robot_description/package.dsv
[3.255s] -- Up-to-date symlink: /root/Dojo/install/robot_description/share/ament_index/resource_index/packages/robot_description
[3.255s] -- Up-to-date symlink: /root/Dojo/install/robot_description/share/robot_description/cmake/robot_descriptionConfig.cmake
[3.256s] -- Up-to-date symlink: /root/Dojo/install/robot_description/share/robot_description/cmake/robot_descriptionConfig-version.cmake
[3.257s] -- Up-to-date symlink: /root/Dojo/install/robot_description/share/robot_description/package.xml
[3.257s] -- Up-to-date: /root/Dojo/install/robot_description/share/robot_description
[3.257s] -- Up-to-date: /root/Dojo/install/robot_description/share/robot_description/urdf
[3.257s] -- Up-to-date: /root/Dojo/install/robot_description/share/robot_description/urdf/sensors
[3.270s] -- Up-to-date: /root/Dojo/install/robot_description/share/robot_description/rviz
[3.270s] -- Up-to-date: /root/Dojo/install/robot_description/share/robot_description/src
[3.270s] -- Up-to-date: /root/Dojo/install/robot_description/share/robot_description/src/robot_description
[3.271s] -- Up-to-date: /root/Dojo/install/robot_description/share/robot_description/robot_description
[3.271s] -- Up-to-date: /root/Dojo/install/robot_description/share/robot_description/robot_description/robot_description
[3.271s] -- Up-to-date: /root/Dojo/install/robot_description/share/robot_description/scripts
[3.271s] -- Up-to-date: /root/Dojo/install/robot_description/share/robot_description/resource
[3.271s] -- Up-to-date: /root/Dojo/install/robot_description/share/robot_description/launch
[3.271s] -- Up-to-date: /root/Dojo/install/robot_description/share/robot_description/config
[3.271s] -- Up-to-date: /root/Dojo/install/robot_description/share/robot_description
[3.271s] -- Up-to-date: /root/Dojo/install/robot_description/share/robot_description/urdf
[3.272s] -- Up-to-date: /root/Dojo/install/robot_description/share/robot_description/urdf/sensors
[3.272s] -- Up-to-date: /root/Dojo/install/robot_description/share/robot_description/rviz
[3.272s] -- Up-to-date: /root/Dojo/install/robot_description/share/robot_description/src
[3.272s] -- Up-to-date: /root/Dojo/install/robot_description/share/robot_description/src/robot_description
[3.272s] -- Up-to-date: /root/Dojo/install/robot_description/share/robot_description/robot_description
[3.272s] -- Up-to-date: /root/Dojo/install/robot_description/share/robot_description/robot_description/robot_description
[3.272s] -- Up-to-date: /root/Dojo/install/robot_description/share/robot_description/scripts
[3.273s] -- Up-to-date: /root/Dojo/install/robot_description/share/robot_description/resource
[3.273s] -- Up-to-date: /root/Dojo/install/robot_description/share/robot_description/launch
[3.273s] -- Up-to-date: /root/Dojo/install/robot_description/share/robot_description/config
[3.273s] -- Up-to-date: /root/Dojo/install/robot_description/lib/robot_description/robot_description
[3.273s] -- Up-to-date: /root/Dojo/install/robot_description/lib/robot_description/robot_description/__init__.py
[3.316s] Listing '/root/Dojo/install/robot_description/local/lib/python3.10/dist-packages/robot_description'...
[3.336s] Invoked command in '/root/Dojo/build/robot_description' returned '0': CMAKE_PREFIX_PATH=${CMAKE_PREFIX_PATH}:/root/Dojo/install/vision_system:/root/Dojo/install/robot_launch:/root/Dojo/install/ros2arduino_bridge:/root/Dojo/install/robot_sensors:/root/Dojo/install/robot_perception:/root/Dojo/install/robot_hardware:/root/Dojo/install/robot_control:/root/Dojo/install/nv21_converter_pkg:/root/Dojo/install/arduino_bridge:/opt/ros/humble /usr/bin/cmake --install /root/Dojo/build/robot_description
