[0.000000] (-) TimerEvent: {}
[0.000282] (arduino_bridge) JobQueued: {'identifier': 'arduino_bridge', 'dependencies': OrderedDict()}
[0.000572] (robot_control) JobQueued: {'identifier': 'robot_control', 'dependencies': OrderedDict()}
[0.000594] (robot_description) JobQueued: {'identifier': 'robot_description', 'dependencies': OrderedDict()}
[0.000611] (robot_navigation) JobQueued: {'identifier': 'robot_navigation', 'dependencies': OrderedDict()}
[0.000717] (robot_perception) JobQueued: {'identifier': 'robot_perception', 'dependencies': OrderedDict()}
[0.000832] (robot_sensors) JobQueued: {'identifier': 'robot_sensors', 'dependencies': OrderedDict()}
[0.000874] (ros2arduino_bridge) JobQueued: {'identifier': 'ros2arduino_bridge', 'dependencies': OrderedDict()}
[0.000912] (vision_system) JobQueued: {'identifier': 'vision_system', 'dependencies': OrderedDict()}
[0.000949] (robot_bringup) JobQueued: {'identifier': 'robot_bringup', 'dependencies': OrderedDict([('robot_control', '/home/Dojo/Dojo/install/robot_control'), ('robot_description', '/home/Dojo/Dojo/install/robot_description'), ('robot_navigation', '/home/Dojo/Dojo/install/robot_navigation'), ('robot_perception', '/home/Dojo/Dojo/install/robot_perception'), ('robot_sensors', '/home/Dojo/Dojo/install/robot_sensors')])}
[0.000993] (robot_gazebo) JobQueued: {'identifier': 'robot_gazebo', 'dependencies': OrderedDict([('robot_description', '/home/Dojo/Dojo/install/robot_description')])}
[0.001031] (robot_description) JobStarted: {'identifier': 'robot_description'}
[0.007656] (robot_control) JobStarted: {'identifier': 'robot_control'}
[0.012817] (robot_navigation) JobStarted: {'identifier': 'robot_navigation'}
[0.016199] (robot_perception) JobStarted: {'identifier': 'robot_perception'}
[0.019606] (robot_sensors) JobStarted: {'identifier': 'robot_sensors'}
[0.024645] (arduino_bridge) JobStarted: {'identifier': 'arduino_bridge'}
[0.029363] (ros2arduino_bridge) JobStarted: {'identifier': 'ros2arduino_bridge'}
[0.034300] (vision_system) JobStarted: {'identifier': 'vision_system'}
[0.040856] (robot_description) JobProgress: {'identifier': 'robot_description', 'progress': 'cmake'}
[0.041304] (robot_description) JobProgress: {'identifier': 'robot_description', 'progress': 'build'}
[0.041830] (robot_description) Command: {'cmd': ['/usr/bin/cmake', '--build', '/home/Dojo/Dojo/build/robot_description', '--', '-j16', '-l16'], 'cwd': '/home/Dojo/Dojo/build/robot_description', 'env': OrderedDict([('HOSTNAME', 'gareth-joel-HP-Pavilion-Gaming-Laptop-15-ec2xxx'), ('SHLVL', '0'), ('LD_LIBRARY_PATH', '/usr/lib/x86_64-linux-gnu/gazebo-11/plugins:/opt/ros/humble/opt/rviz_ogre_vendor/lib:/opt/ros/humble/lib/x86_64-linux-gnu:/opt/ros/humble/lib'), ('HOME', '/root'), ('OLDPWD', '/ros2_ws'), ('ROS_PYTHON_VERSION', '3'), ('ROS_DISTRO', 'humble'), ('_', '/usr/bin/colcon'), ('ROS_VERSION', '2'), ('NVIDIA_DRIVER_CAPABILITIES', 'all'), ('TERM', 'xterm'), ('ROS_LOCALHOST_ONLY', '0'), ('PATH', '/opt/ros/humble/bin:/usr/local/sbin:/usr/local/bin:/usr/sbin:/usr/bin:/sbin:/bin'), ('XDG_RUNTIME_DIR', '/tmp'), ('DISPLAY', ':0'), ('LANG', 'C.UTF-8'), ('AMENT_PREFIX_PATH', '/opt/ros/humble'), ('DEBIAN_FRONTEND', 'noninteractive'), ('PWD', '/home/Dojo/Dojo/build/robot_description'), ('LC_ALL', 'C.UTF-8'), ('PYTHONPATH', '/opt/ros/humble/lib/python3.10/site-packages:/opt/ros/humble/local/lib/python3.10/dist-packages'), ('NVIDIA_VISIBLE_DEVICES', 'all'), ('COLCON', '1'), ('CMAKE_PREFIX_PATH', '/opt/ros/humble')]), 'shell': False}
[0.099808] (-) TimerEvent: {}
[0.200091] (-) TimerEvent: {}
[0.288620] (robot_navigation) JobProgress: {'identifier': 'robot_navigation', 'progress': 'cmake'}
[0.289177] (robot_navigation) JobProgress: {'identifier': 'robot_navigation', 'progress': 'build'}
[0.289847] (robot_navigation) Command: {'cmd': ['/usr/bin/cmake', '--build', '/home/Dojo/Dojo/build/robot_navigation', '--', '-j16', '-l16'], 'cwd': '/home/Dojo/Dojo/build/robot_navigation', 'env': OrderedDict([('HOSTNAME', 'gareth-joel-HP-Pavilion-Gaming-Laptop-15-ec2xxx'), ('SHLVL', '0'), ('LD_LIBRARY_PATH', '/usr/lib/x86_64-linux-gnu/gazebo-11/plugins:/opt/ros/humble/opt/rviz_ogre_vendor/lib:/opt/ros/humble/lib/x86_64-linux-gnu:/opt/ros/humble/lib'), ('HOME', '/root'), ('OLDPWD', '/ros2_ws'), ('ROS_PYTHON_VERSION', '3'), ('ROS_DISTRO', 'humble'), ('_', '/usr/bin/colcon'), ('ROS_VERSION', '2'), ('NVIDIA_DRIVER_CAPABILITIES', 'all'), ('TERM', 'xterm'), ('ROS_LOCALHOST_ONLY', '0'), ('PATH', '/opt/ros/humble/bin:/usr/local/sbin:/usr/local/bin:/usr/sbin:/usr/bin:/sbin:/bin'), ('XDG_RUNTIME_DIR', '/tmp'), ('DISPLAY', ':0'), ('LANG', 'C.UTF-8'), ('AMENT_PREFIX_PATH', '/opt/ros/humble'), ('DEBIAN_FRONTEND', 'noninteractive'), ('PWD', '/home/Dojo/Dojo/build/robot_navigation'), ('LC_ALL', 'C.UTF-8'), ('PYTHONPATH', '/opt/ros/humble/lib/python3.10/site-packages:/opt/ros/humble/local/lib/python3.10/dist-packages'), ('NVIDIA_VISIBLE_DEVICES', 'all'), ('COLCON', '1'), ('CMAKE_PREFIX_PATH', '/opt/ros/humble')]), 'shell': False}
[0.290999] (robot_perception) JobProgress: {'identifier': 'robot_perception', 'progress': 'cmake'}
[0.291152] (robot_perception) JobProgress: {'identifier': 'robot_perception', 'progress': 'build'}
[0.291518] (robot_perception) Command: {'cmd': ['/usr/bin/cmake', '--build', '/home/Dojo/Dojo/build/robot_perception', '--', '-j16', '-l16'], 'cwd': '/home/Dojo/Dojo/build/robot_perception', 'env': OrderedDict([('HOSTNAME', 'gareth-joel-HP-Pavilion-Gaming-Laptop-15-ec2xxx'), ('SHLVL', '0'), ('LD_LIBRARY_PATH', '/usr/lib/x86_64-linux-gnu/gazebo-11/plugins:/opt/ros/humble/opt/rviz_ogre_vendor/lib:/opt/ros/humble/lib/x86_64-linux-gnu:/opt/ros/humble/lib'), ('HOME', '/root'), ('OLDPWD', '/ros2_ws'), ('ROS_PYTHON_VERSION', '3'), ('ROS_DISTRO', 'humble'), ('_', '/usr/bin/colcon'), ('ROS_VERSION', '2'), ('NVIDIA_DRIVER_CAPABILITIES', 'all'), ('TERM', 'xterm'), ('ROS_LOCALHOST_ONLY', '0'), ('PATH', '/opt/ros/humble/bin:/usr/local/sbin:/usr/local/bin:/usr/sbin:/usr/bin:/sbin:/bin'), ('XDG_RUNTIME_DIR', '/tmp'), ('DISPLAY', ':0'), ('LANG', 'C.UTF-8'), ('AMENT_PREFIX_PATH', '/opt/ros/humble'), ('DEBIAN_FRONTEND', 'noninteractive'), ('PWD', '/home/Dojo/Dojo/build/robot_perception'), ('LC_ALL', 'C.UTF-8'), ('PYTHONPATH', '/opt/ros/humble/lib/python3.10/site-packages:/opt/ros/humble/local/lib/python3.10/dist-packages'), ('NVIDIA_VISIBLE_DEVICES', 'all'), ('COLCON', '1'), ('CMAKE_PREFIX_PATH', '/opt/ros/humble')]), 'shell': False}
[0.300159] (-) TimerEvent: {}
[0.400424] (-) TimerEvent: {}
[0.500718] (-) TimerEvent: {}
[0.601040] (-) TimerEvent: {}
[0.701461] (-) TimerEvent: {}
[0.801800] (-) TimerEvent: {}
[0.902114] (-) TimerEvent: {}
[1.002423] (-) TimerEvent: {}
[1.074853] (robot_description) StdoutLine: {'line': b'Built target ament_cmake_python_symlink_robot_description\n'}
[1.075579] (robot_description) StdoutLine: {'line': b'running egg_info\n'}
[1.075963] (robot_description) StdoutLine: {'line': b'writing robot_description.egg-info/PKG-INFO\n'}
[1.076613] (robot_description) StdoutLine: {'line': b'writing dependency_links to robot_description.egg-info/dependency_links.txt\n'}
[1.076821] (robot_description) StdoutLine: {'line': b'writing top-level names to robot_description.egg-info/top_level.txt\n'}
[1.077164] (robot_description) StdoutLine: {'line': b"reading manifest file 'robot_description.egg-info/SOURCES.txt'\n"}
[1.077628] (robot_description) StdoutLine: {'line': b"writing manifest file 'robot_description.egg-info/SOURCES.txt'\n"}
[1.077726] (robot_description) StdoutLine: {'line': b'Built target ament_cmake_python_build_robot_description_egg\n'}
[1.077870] (robot_perception) StdoutLine: {'line': b'Built target ament_cmake_python_symlink_robot_perception\n'}
[1.078023] (robot_perception) StdoutLine: {'line': b'running egg_info\n'}
[1.078378] (robot_perception) StdoutLine: {'line': b'writing robot_perception.egg-info/PKG-INFO\n'}
[1.078435] (robot_perception) StdoutLine: {'line': b'writing dependency_links to robot_perception.egg-info/dependency_links.txt\n'}
[1.078486] (robot_perception) StdoutLine: {'line': b'writing top-level names to robot_perception.egg-info/top_level.txt\n'}
[1.078535] (robot_perception) StdoutLine: {'line': b"reading manifest file 'robot_perception.egg-info/SOURCES.txt'\n"}
[1.078589] (robot_perception) StdoutLine: {'line': b"writing manifest file 'robot_perception.egg-info/SOURCES.txt'\n"}
[1.078636] (robot_perception) StdoutLine: {'line': b'Built target ament_cmake_python_build_robot_perception_egg\n'}
[1.078683] (robot_navigation) CommandEnded: {'returncode': 0}
[1.078887] (robot_navigation) JobProgress: {'identifier': 'robot_navigation', 'progress': 'install'}
[1.086672] (robot_navigation) Command: {'cmd': ['/usr/bin/cmake', '--install', '/home/Dojo/Dojo/build/robot_navigation'], 'cwd': '/home/Dojo/Dojo/build/robot_navigation', 'env': OrderedDict([('HOSTNAME', 'gareth-joel-HP-Pavilion-Gaming-Laptop-15-ec2xxx'), ('SHLVL', '0'), ('LD_LIBRARY_PATH', '/usr/lib/x86_64-linux-gnu/gazebo-11/plugins:/opt/ros/humble/opt/rviz_ogre_vendor/lib:/opt/ros/humble/lib/x86_64-linux-gnu:/opt/ros/humble/lib'), ('HOME', '/root'), ('OLDPWD', '/ros2_ws'), ('ROS_PYTHON_VERSION', '3'), ('ROS_DISTRO', 'humble'), ('_', '/usr/bin/colcon'), ('ROS_VERSION', '2'), ('NVIDIA_DRIVER_CAPABILITIES', 'all'), ('TERM', 'xterm'), ('ROS_LOCALHOST_ONLY', '0'), ('PATH', '/opt/ros/humble/bin:/usr/local/sbin:/usr/local/bin:/usr/sbin:/usr/bin:/sbin:/bin'), ('XDG_RUNTIME_DIR', '/tmp'), ('DISPLAY', ':0'), ('LANG', 'C.UTF-8'), ('AMENT_PREFIX_PATH', '/opt/ros/humble'), ('DEBIAN_FRONTEND', 'noninteractive'), ('PWD', '/home/Dojo/Dojo/build/robot_navigation'), ('LC_ALL', 'C.UTF-8'), ('PYTHONPATH', '/opt/ros/humble/lib/python3.10/site-packages:/opt/ros/humble/local/lib/python3.10/dist-packages'), ('NVIDIA_VISIBLE_DEVICES', 'all'), ('COLCON', '1'), ('CMAKE_PREFIX_PATH', '/opt/ros/humble')]), 'shell': False}
[1.087578] (robot_perception) CommandEnded: {'returncode': 0}
[1.088103] (robot_perception) JobProgress: {'identifier': 'robot_perception', 'progress': 'install'}
[1.088464] (robot_perception) Command: {'cmd': ['/usr/bin/cmake', '--install', '/home/Dojo/Dojo/build/robot_perception'], 'cwd': '/home/Dojo/Dojo/build/robot_perception', 'env': OrderedDict([('HOSTNAME', 'gareth-joel-HP-Pavilion-Gaming-Laptop-15-ec2xxx'), ('SHLVL', '0'), ('LD_LIBRARY_PATH', '/usr/lib/x86_64-linux-gnu/gazebo-11/plugins:/opt/ros/humble/opt/rviz_ogre_vendor/lib:/opt/ros/humble/lib/x86_64-linux-gnu:/opt/ros/humble/lib'), ('HOME', '/root'), ('OLDPWD', '/ros2_ws'), ('ROS_PYTHON_VERSION', '3'), ('ROS_DISTRO', 'humble'), ('_', '/usr/bin/colcon'), ('ROS_VERSION', '2'), ('NVIDIA_DRIVER_CAPABILITIES', 'all'), ('TERM', 'xterm'), ('ROS_LOCALHOST_ONLY', '0'), ('PATH', '/opt/ros/humble/bin:/usr/local/sbin:/usr/local/bin:/usr/sbin:/usr/bin:/sbin:/bin'), ('XDG_RUNTIME_DIR', '/tmp'), ('DISPLAY', ':0'), ('LANG', 'C.UTF-8'), ('AMENT_PREFIX_PATH', '/opt/ros/humble'), ('DEBIAN_FRONTEND', 'noninteractive'), ('PWD', '/home/Dojo/Dojo/build/robot_perception'), ('LC_ALL', 'C.UTF-8'), ('PYTHONPATH', '/opt/ros/humble/lib/python3.10/site-packages:/opt/ros/humble/local/lib/python3.10/dist-packages'), ('NVIDIA_VISIBLE_DEVICES', 'all'), ('COLCON', '1'), ('CMAKE_PREFIX_PATH', '/opt/ros/humble')]), 'shell': False}
[1.089141] (robot_description) CommandEnded: {'returncode': 0}
[1.089506] (robot_description) JobProgress: {'identifier': 'robot_description', 'progress': 'install'}
[1.089790] (robot_description) Command: {'cmd': ['/usr/bin/cmake', '--install', '/home/Dojo/Dojo/build/robot_description'], 'cwd': '/home/Dojo/Dojo/build/robot_description', 'env': OrderedDict([('HOSTNAME', 'gareth-joel-HP-Pavilion-Gaming-Laptop-15-ec2xxx'), ('SHLVL', '0'), ('LD_LIBRARY_PATH', '/usr/lib/x86_64-linux-gnu/gazebo-11/plugins:/opt/ros/humble/opt/rviz_ogre_vendor/lib:/opt/ros/humble/lib/x86_64-linux-gnu:/opt/ros/humble/lib'), ('HOME', '/root'), ('OLDPWD', '/ros2_ws'), ('ROS_PYTHON_VERSION', '3'), ('ROS_DISTRO', 'humble'), ('_', '/usr/bin/colcon'), ('ROS_VERSION', '2'), ('NVIDIA_DRIVER_CAPABILITIES', 'all'), ('TERM', 'xterm'), ('ROS_LOCALHOST_ONLY', '0'), ('PATH', '/opt/ros/humble/bin:/usr/local/sbin:/usr/local/bin:/usr/sbin:/usr/bin:/sbin:/bin'), ('XDG_RUNTIME_DIR', '/tmp'), ('DISPLAY', ':0'), ('LANG', 'C.UTF-8'), ('AMENT_PREFIX_PATH', '/opt/ros/humble'), ('DEBIAN_FRONTEND', 'noninteractive'), ('PWD', '/home/Dojo/Dojo/build/robot_description'), ('LC_ALL', 'C.UTF-8'), ('PYTHONPATH', '/opt/ros/humble/lib/python3.10/site-packages:/opt/ros/humble/local/lib/python3.10/dist-packages'), ('NVIDIA_VISIBLE_DEVICES', 'all'), ('COLCON', '1'), ('CMAKE_PREFIX_PATH', '/opt/ros/humble')]), 'shell': False}
[1.102514] (-) TimerEvent: {}
[1.202862] (-) TimerEvent: {}
[1.303327] (-) TimerEvent: {}
[1.331896] (robot_perception) StdoutLine: {'line': b'-- Install configuration: ""\n'}
[1.332231] (robot_perception) StdoutLine: {'line': b'-- Execute custom install script\n'}
[1.332302] (robot_perception) StdoutLine: {'line': b'-- Up-to-date symlink: /home/Dojo/Dojo/install/robot_perception/share/robot_perception/environment/pythonpath.sh\n'}
[1.332366] (robot_perception) StdoutLine: {'line': b'-- Up-to-date symlink: /home/Dojo/Dojo/install/robot_perception/share/robot_perception/environment/pythonpath.dsv\n'}
[1.332462] (robot_perception) StdoutLine: {'line': b'-- Up-to-date symlink: /home/Dojo/Dojo/install/robot_perception/local/lib/python3.10/dist-packages/robot_perception-0.0.1-py3.10.egg-info/PKG-INFO\n'}
[1.332729] (robot_perception) StdoutLine: {'line': b'-- Up-to-date symlink: /home/Dojo/Dojo/install/robot_perception/local/lib/python3.10/dist-packages/robot_perception-0.0.1-py3.10.egg-info/SOURCES.txt\n'}
[1.332899] (robot_perception) StdoutLine: {'line': b'-- Up-to-date symlink: /home/Dojo/Dojo/install/robot_perception/local/lib/python3.10/dist-packages/robot_perception-0.0.1-py3.10.egg-info/dependency_links.txt\n'}
[1.333126] (robot_perception) StdoutLine: {'line': b'-- Up-to-date symlink: /home/Dojo/Dojo/install/robot_perception/local/lib/python3.10/dist-packages/robot_perception-0.0.1-py3.10.egg-info/top_level.txt\n'}
[1.333309] (robot_perception) StdoutLine: {'line': b'-- Up-to-date symlink: /home/Dojo/Dojo/install/robot_perception/local/lib/python3.10/dist-packages/robot_perception/__init__.py\n'}
[1.333407] (robot_perception) StdoutLine: {'line': b'-- Up-to-date symlink: /home/Dojo/Dojo/install/robot_perception/share/robot_perception/launch/perception.launch.py\n'}
[1.334037] (robot_perception) StdoutLine: {'line': b'-- Up-to-date symlink: /home/Dojo/Dojo/install/robot_perception/share/robot_perception/launch/robot_perception.launch.py\n'}
[1.334378] (robot_perception) StdoutLine: {'line': b'-- Up-to-date symlink: /home/Dojo/Dojo/install/robot_perception/share/robot_perception/config/robot_perception_params.yaml\n'}
[1.334947] (robot_perception) StdoutLine: {'line': b'-- Up-to-date symlink: /home/Dojo/Dojo/install/robot_perception/share/ament_index/resource_index/package_run_dependencies/robot_perception\n'}
[1.335074] (robot_perception) StdoutLine: {'line': b'-- Up-to-date symlink: /home/Dojo/Dojo/install/robot_perception/share/ament_index/resource_index/parent_prefix_path/robot_perception\n'}
[1.335267] (robot_perception) StdoutLine: {'line': b'-- Up-to-date symlink: /home/Dojo/Dojo/install/robot_perception/share/robot_perception/environment/ament_prefix_path.sh\n'}
[1.335352] (robot_perception) StdoutLine: {'line': b'-- Up-to-date symlink: /home/Dojo/Dojo/install/robot_perception/share/robot_perception/environment/ament_prefix_path.dsv\n'}
[1.335591] (robot_perception) StdoutLine: {'line': b'-- Up-to-date symlink: /home/Dojo/Dojo/install/robot_perception/share/robot_perception/environment/path.sh\n'}
[1.335704] (robot_perception) StdoutLine: {'line': b'-- Up-to-date symlink: /home/Dojo/Dojo/install/robot_perception/share/robot_perception/environment/path.dsv\n'}
[1.336383] (robot_perception) StdoutLine: {'line': b'-- Up-to-date symlink: /home/Dojo/Dojo/install/robot_perception/share/robot_perception/local_setup.bash\n'}
[1.336634] (robot_perception) StdoutLine: {'line': b'-- Up-to-date symlink: /home/Dojo/Dojo/install/robot_perception/share/robot_perception/local_setup.sh\n'}
[1.336725] (robot_perception) StdoutLine: {'line': b'-- Up-to-date symlink: /home/Dojo/Dojo/install/robot_perception/share/robot_perception/local_setup.zsh\n'}
[1.336818] (robot_perception) StdoutLine: {'line': b'-- Up-to-date symlink: /home/Dojo/Dojo/install/robot_perception/share/robot_perception/local_setup.dsv\n'}
[1.336901] (robot_perception) StdoutLine: {'line': b'-- Symlinking: /home/Dojo/Dojo/install/robot_perception/share/robot_perception/package.dsv\n'}
[1.336964] (robot_perception) StdoutLine: {'line': b'-- Up-to-date symlink: /home/Dojo/Dojo/install/robot_perception/share/ament_index/resource_index/packages/robot_perception\n'}
[1.337025] (robot_perception) StdoutLine: {'line': b'-- Up-to-date symlink: /home/Dojo/Dojo/install/robot_perception/share/robot_perception/cmake/robot_perceptionConfig.cmake\n'}
[1.337132] (robot_perception) StdoutLine: {'line': b'-- Up-to-date symlink: /home/Dojo/Dojo/install/robot_perception/share/robot_perception/cmake/robot_perceptionConfig-version.cmake\n'}
[1.337331] (robot_perception) StdoutLine: {'line': b'-- Up-to-date symlink: /home/Dojo/Dojo/install/robot_perception/share/robot_perception/package.xml\n'}
[1.337397] (robot_perception) StdoutLine: {'line': b"Listing '/home/Dojo/Dojo/install/robot_perception/local/lib/python3.10/dist-packages/robot_perception'...\n"}
[1.337455] (robot_navigation) StdoutLine: {'line': b'-- Install configuration: ""\n'}
[1.337715] (robot_navigation) StdoutLine: {'line': b'-- Execute custom install script\n'}
[1.337818] (robot_navigation) StdoutLine: {'line': b'-- Up-to-date symlink: /home/Dojo/Dojo/install/robot_navigation/share/robot_navigation/navigation.launch.py\n'}
[1.337876] (robot_navigation) StdoutLine: {'line': b'-- Up-to-date symlink: /home/Dojo/Dojo/install/robot_navigation/share/robot_navigation/localization.launch.py\n'}
[1.337966] (robot_navigation) StdoutLine: {'line': b'-- Up-to-date symlink: /home/Dojo/Dojo/install/robot_navigation/share/robot_navigation/map_server.launch.py\n'}
[1.338025] (robot_navigation) StdoutLine: {'line': b'-- Up-to-date symlink: /home/Dojo/Dojo/install/robot_navigation/share/robot_navigation/nav2_params.yaml\n'}
[1.338099] (robot_navigation) StdoutLine: {'line': b'-- Up-to-date symlink: /home/Dojo/Dojo/install/robot_navigation/share/robot_navigation/localization_params.yaml\n'}
[1.338157] (robot_navigation) StdoutLine: {'line': b'-- Up-to-date symlink: /home/Dojo/Dojo/install/robot_navigation/share/robot_navigation/map_server_params.yaml\n'}
[1.338217] (robot_navigation) StdoutLine: {'line': b'-- Up-to-date symlink: /home/Dojo/Dojo/install/robot_navigation/share/robot_navigation/bt_navigator_params.yaml\n'}
[1.338268] (robot_navigation) StdoutLine: {'line': b'-- Up-to-date symlink: /home/Dojo/Dojo/install/robot_navigation/share/robot_navigation/planner_params.yaml\n'}
[1.338319] (robot_navigation) StdoutLine: {'line': b'-- Up-to-date symlink: /home/Dojo/Dojo/install/robot_navigation/share/robot_navigation/controller_params.yaml\n'}
[1.338402] (robot_navigation) StdoutLine: {'line': b'-- Up-to-date symlink: /home/Dojo/Dojo/install/robot_navigation/share/robot_navigation/costmap_common_params.yaml\n'}
[1.338465] (robot_navigation) StdoutLine: {'line': b'-- Up-to-date symlink: /home/Dojo/Dojo/install/robot_navigation/share/robot_navigation/global_costmap_params.yaml\n'}
[1.338515] (robot_navigation) StdoutLine: {'line': b'-- Up-to-date symlink: /home/Dojo/Dojo/install/robot_navigation/share/robot_navigation/local_costmap_params.yaml\n'}
[1.338566] (robot_navigation) StdoutLine: {'line': b'-- Up-to-date symlink: /home/Dojo/Dojo/install/robot_navigation/share/robot_navigation/launch/localization.launch.py\n'}
[1.338659] (robot_navigation) StdoutLine: {'line': b'-- Up-to-date symlink: /home/Dojo/Dojo/install/robot_navigation/share/robot_navigation/launch/map_server.launch.py\n'}
[1.338725] (robot_navigation) StdoutLine: {'line': b'-- Up-to-date symlink: /home/Dojo/Dojo/install/robot_navigation/share/robot_navigation/launch/navigation.launch.py\n'}
[1.338796] (robot_navigation) StdoutLine: {'line': b'-- Up-to-date symlink: /home/Dojo/Dojo/install/robot_navigation/share/robot_navigation/config/bt_navigator_params.yaml\n'}
[1.338852] (robot_navigation) StdoutLine: {'line': b'-- Up-to-date symlink: /home/Dojo/Dojo/install/robot_navigation/share/robot_navigation/config/controller_params.yaml\n'}
[1.339161] (robot_navigation) StdoutLine: {'line': b'-- Up-to-date symlink: /home/Dojo/Dojo/install/robot_navigation/share/robot_navigation/config/costmap_common_params.yaml\n'}
[1.339225] (robot_navigation) StdoutLine: {'line': b'-- Up-to-date symlink: /home/Dojo/Dojo/install/robot_navigation/share/robot_navigation/config/global_costmap_params.yaml\n'}
[1.339281] (robot_navigation) StdoutLine: {'line': b'-- Up-to-date symlink: /home/Dojo/Dojo/install/robot_navigation/share/robot_navigation/config/local_costmap_params.yaml\n'}
[1.339438] (robot_navigation) StdoutLine: {'line': b'-- Up-to-date symlink: /home/Dojo/Dojo/install/robot_navigation/share/robot_navigation/config/localization_params.yaml\n'}
[1.339499] (robot_navigation) StdoutLine: {'line': b'-- Up-to-date symlink: /home/Dojo/Dojo/install/robot_navigation/share/robot_navigation/config/map_server_params.yaml\n'}
[1.339570] (robot_navigation) StdoutLine: {'line': b'-- Up-to-date symlink: /home/Dojo/Dojo/install/robot_navigation/share/robot_navigation/config/nav2_params.yaml\n'}
[1.340162] (robot_navigation) StdoutLine: {'line': b'-- Up-to-date symlink: /home/Dojo/Dojo/install/robot_navigation/share/robot_navigation/config/planner_params.yaml\n'}
[1.340232] (robot_navigation) StdoutLine: {'line': b'-- Up-to-date symlink: /home/Dojo/Dojo/install/robot_navigation/share/robot_navigation/config/bt_navigator_params.yaml\n'}
[1.340292] (robot_navigation) StdoutLine: {'line': b'-- Up-to-date symlink: /home/Dojo/Dojo/install/robot_navigation/share/robot_navigation/config/controller_params.yaml\n'}
[1.340352] (robot_navigation) StdoutLine: {'line': b'-- Up-to-date symlink: /home/Dojo/Dojo/install/robot_navigation/share/robot_navigation/config/costmap_common_params.yaml\n'}
[1.340411] (robot_navigation) StdoutLine: {'line': b'-- Up-to-date symlink: /home/Dojo/Dojo/install/robot_navigation/share/robot_navigation/config/global_costmap_params.yaml\n'}
[1.340466] (robot_navigation) StdoutLine: {'line': b'-- Up-to-date symlink: /home/Dojo/Dojo/install/robot_navigation/share/robot_navigation/config/local_costmap_params.yaml\n'}
[1.340619] (robot_navigation) StdoutLine: {'line': b'-- Up-to-date symlink: /home/Dojo/Dojo/install/robot_navigation/share/robot_navigation/config/localization_params.yaml\n'}
[1.340693] (robot_navigation) StdoutLine: {'line': b'-- Up-to-date symlink: /home/Dojo/Dojo/install/robot_navigation/share/robot_navigation/config/map_server_params.yaml\n'}
[1.340762] (robot_navigation) StdoutLine: {'line': b'-- Up-to-date symlink: /home/Dojo/Dojo/install/robot_navigation/share/robot_navigation/config/nav2_params.yaml\n'}
[1.340823] (robot_navigation) StdoutLine: {'line': b'-- Up-to-date symlink: /home/Dojo/Dojo/install/robot_navigation/share/robot_navigation/config/planner_params.yaml\n'}
[1.341007] (robot_navigation) StdoutLine: {'line': b'-- Up-to-date symlink: /home/Dojo/Dojo/install/robot_navigation/share/robot_navigation/launch/localization.launch.py\n'}
[1.341079] (robot_description) StdoutLine: {'line': b'-- Install configuration: ""\n'}
[1.341192] (robot_description) StdoutLine: {'line': b'-- Execute custom install script\n'}
[1.341388] (robot_description) StdoutLine: {'line': b'-- Up-to-date symlink: /home/Dojo/Dojo/install/robot_description/share/robot_description/launch/display.launch.py\n'}
[1.341604] (robot_description) StdoutLine: {'line': b'-- Up-to-date symlink: /home/Dojo/Dojo/install/robot_description/share/robot_description/launch/robot_state_publisher.launch.py\n'}
[1.341721] (robot_description) StdoutLine: {'line': b'-- Up-to-date symlink: /home/Dojo/Dojo/install/robot_description/share/robot_description/urdf/robot.urdf\n'}
[1.341831] (robot_description) StdoutLine: {'line': b'-- Up-to-date symlink: /home/Dojo/Dojo/install/robot_description/share/robot_description/urdf/robot.urdf.xacro\n'}
[1.342106] (robot_description) StdoutLine: {'line': b'-- Up-to-date symlink: /home/Dojo/Dojo/install/robot_description/share/robot_description/rviz/robot.rviz\n'}
[1.342616] (robot_description) StdoutLine: {'line': b'-- Up-to-date symlink: /home/Dojo/Dojo/install/robot_description/share/robot_description/environment/pythonpath.sh\n'}
[1.343243] (robot_description) StdoutLine: {'line': b'-- Up-to-date symlink: /home/Dojo/Dojo/install/robot_description/share/robot_description/environment/pythonpath.dsv\n'}
[1.343340] (robot_description) StdoutLine: {'line': b'-- Up-to-date symlink: /home/Dojo/Dojo/install/robot_description/local/lib/python3.10/dist-packages/robot_description-0.0.1-py3.10.egg-info/PKG-INFO\n'}
[1.343422] (robot_description) StdoutLine: {'line': b'-- Up-to-date symlink: /home/Dojo/Dojo/install/robot_description/local/lib/python3.10/dist-packages/robot_description-0.0.1-py3.10.egg-info/SOURCES.txt\n'}
[1.343493] (robot_description) StdoutLine: {'line': b'-- Up-to-date symlink: /home/Dojo/Dojo/install/robot_description/local/lib/python3.10/dist-packages/robot_description-0.0.1-py3.10.egg-info/dependency_links.txt\n'}
[1.343925] (robot_description) StdoutLine: {'line': b'-- Up-to-date symlink: /home/Dojo/Dojo/install/robot_description/local/lib/python3.10/dist-packages/robot_description-0.0.1-py3.10.egg-info/top_level.txt\n'}
[1.344013] (robot_description) StdoutLine: {'line': b'-- Up-to-date symlink: /home/Dojo/Dojo/install/robot_description/local/lib/python3.10/dist-packages/robot_description/__init__.py\n'}
[1.344076] (robot_description) StdoutLine: {'line': b'-- Up-to-date symlink: /home/Dojo/Dojo/install/robot_description/local/lib/python3.10/dist-packages/robot_description/robot_description/__init__.py\n'}
[1.344135] (robot_description) StdoutLine: {'line': b'-- Up-to-date symlink: /home/Dojo/Dojo/install/robot_description/lib/robot_description/display_robot.py\n'}
[1.344741] (robot_description) StdoutLine: {'line': b'-- Up-to-date symlink: /home/Dojo/Dojo/install/robot_description/share/ament_index/resource_index/package_run_dependencies/robot_description\n'}
[1.344815] (robot_description) StdoutLine: {'line': b'-- Up-to-date symlink: /home/Dojo/Dojo/install/robot_description/share/ament_index/resource_index/parent_prefix_path/robot_description\n'}
[1.344874] (robot_description) StdoutLine: {'line': b'-- Up-to-date symlink: /home/Dojo/Dojo/install/robot_description/share/robot_description/environment/ament_prefix_path.sh\n'}
[1.345020] (robot_description) StdoutLine: {'line': b'-- Up-to-date symlink: /home/Dojo/Dojo/install/robot_description/share/robot_description/environment/ament_prefix_path.dsv\n'}
[1.345078] (robot_description) StdoutLine: {'line': b'-- Up-to-date symlink: /home/Dojo/Dojo/install/robot_description/share/robot_description/environment/path.sh\n'}
[1.345201] (robot_description) StdoutLine: {'line': b'-- Up-to-date symlink: /home/Dojo/Dojo/install/robot_description/share/robot_description/environment/path.dsv\n'}
[1.345294] (robot_description) StdoutLine: {'line': b'-- Up-to-date symlink: /home/Dojo/Dojo/install/robot_description/share/robot_description/local_setup.bash\n'}
[1.345878] (robot_description) StdoutLine: {'line': b'-- Up-to-date symlink: /home/Dojo/Dojo/install/robot_description/share/robot_description/local_setup.sh\n'}
[1.346104] (robot_description) StdoutLine: {'line': b'-- Up-to-date symlink: /home/Dojo/Dojo/install/robot_description/share/robot_description/local_setup.zsh\n'}
[1.346268] (robot_description) StdoutLine: {'line': b'-- Up-to-date symlink: /home/Dojo/Dojo/install/robot_description/share/robot_description/local_setup.dsv\n'}
[1.346411] (robot_description) StdoutLine: {'line': b'-- Symlinking: /home/Dojo/Dojo/install/robot_description/share/robot_description/package.dsv\n'}
[1.346503] (robot_description) StdoutLine: {'line': b'-- Up-to-date symlink: /home/Dojo/Dojo/install/robot_description/share/ament_index/resource_index/packages/robot_description\n'}
[1.346597] (robot_description) StdoutLine: {'line': b'-- Up-to-date symlink: /home/Dojo/Dojo/install/robot_description/share/robot_description/cmake/robot_descriptionConfig.cmake\n'}
[1.346746] (robot_description) StdoutLine: {'line': b'-- Up-to-date symlink: /home/Dojo/Dojo/install/robot_description/share/robot_description/cmake/robot_descriptionConfig-version.cmake\n'}
[1.346969] (robot_description) StdoutLine: {'line': b'-- Up-to-date symlink: /home/Dojo/Dojo/install/robot_description/share/robot_description/package.xml\n'}
[1.347137] (robot_description) StdoutLine: {'line': b'-- Up-to-date: /home/Dojo/Dojo/install/robot_description/share/robot_description\n'}
[1.347386] (robot_description) StdoutLine: {'line': b'-- Up-to-date: /home/Dojo/Dojo/install/robot_description/share/robot_description/urdf\n'}
[1.347547] (robot_description) StdoutLine: {'line': b'-- Up-to-date: /home/Dojo/Dojo/install/robot_description/share/robot_description/rviz\n'}
[1.347731] (robot_description) StdoutLine: {'line': b'-- Up-to-date: /home/Dojo/Dojo/install/robot_description/share/robot_description/src\n'}
[1.347882] (robot_description) StdoutLine: {'line': b'-- Up-to-date: /home/Dojo/Dojo/install/robot_description/share/robot_description/src/robot_description\n'}
[1.348020] (robot_navigation) StdoutLine: {'line': b'-- Up-to-date symlink: /home/Dojo/Dojo/install/robot_navigation/share/robot_navigation/launch/map_server.launch.py\n'}
[1.348125] (robot_navigation) StdoutLine: {'line': b'-- Up-to-date symlink: /home/Dojo/Dojo/install/robot_navigation/share/robot_navigation/launch/navigation.launch.py\n'}
[1.348222] (robot_navigation) StdoutLine: {'line': b'-- Up-to-date symlink: /home/Dojo/Dojo/install/robot_navigation/share/ament_index/resource_index/package_run_dependencies/robot_navigation\n'}
[1.348378] (robot_navigation) StdoutLine: {'line': b'-- Up-to-date symlink: /home/Dojo/Dojo/install/robot_navigation/share/ament_index/resource_index/parent_prefix_path/robot_navigation\n'}
[1.348477] (robot_navigation) StdoutLine: {'line': b'-- Up-to-date symlink: /home/Dojo/Dojo/install/robot_navigation/share/robot_navigation/environment/ament_prefix_path.sh\n'}
[1.348615] (robot_navigation) StdoutLine: {'line': b'-- Up-to-date symlink: /home/Dojo/Dojo/install/robot_navigation/share/robot_navigation/environment/ament_prefix_path.dsv\n'}
[1.348735] (robot_navigation) StdoutLine: {'line': b'-- Up-to-date symlink: /home/Dojo/Dojo/install/robot_navigation/share/robot_navigation/environment/path.sh\n'}
[1.348827] (robot_navigation) StdoutLine: {'line': b'-- Up-to-date symlink: /home/Dojo/Dojo/install/robot_navigation/share/robot_navigation/environment/path.dsv\n'}
[1.348984] (robot_navigation) StdoutLine: {'line': b'-- Up-to-date symlink: /home/Dojo/Dojo/install/robot_navigation/share/robot_navigation/local_setup.bash\n'}
[1.349083] (robot_navigation) StdoutLine: {'line': b'-- Up-to-date symlink: /home/Dojo/Dojo/install/robot_navigation/share/robot_navigation/local_setup.sh\n'}
[1.349311] (robot_navigation) StdoutLine: {'line': b'-- Up-to-date symlink: /home/Dojo/Dojo/install/robot_navigation/share/robot_navigation/local_setup.zsh\n'}
[1.349427] (robot_navigation) StdoutLine: {'line': b'-- Up-to-date symlink: /home/Dojo/Dojo/install/robot_navigation/share/robot_navigation/local_setup.dsv\n'}
[1.349569] (robot_navigation) StdoutLine: {'line': b'-- Symlinking: /home/Dojo/Dojo/install/robot_navigation/share/robot_navigation/package.dsv\n'}
[1.349777] (robot_navigation) StdoutLine: {'line': b'-- Up-to-date symlink: /home/Dojo/Dojo/install/robot_navigation/share/ament_index/resource_index/packages/robot_navigation\n'}
[1.349950] (robot_navigation) StdoutLine: {'line': b'-- Up-to-date symlink: /home/Dojo/Dojo/install/robot_navigation/share/robot_navigation/cmake/robot_navigationConfig.cmake\n'}
[1.350057] (robot_navigation) StdoutLine: {'line': b'-- Up-to-date symlink: /home/Dojo/Dojo/install/robot_navigation/share/robot_navigation/cmake/robot_navigationConfig-version.cmake\n'}
[1.350380] (robot_navigation) StdoutLine: {'line': b'-- Up-to-date symlink: /home/Dojo/Dojo/install/robot_navigation/share/robot_navigation/package.xml\n'}
[1.350732] (robot_description) StdoutLine: {'line': b'-- Up-to-date: /home/Dojo/Dojo/install/robot_description/share/robot_description/src/robot_description/robot_description\n'}
[1.350819] (robot_description) StdoutLine: {'line': b'-- Up-to-date: /home/Dojo/Dojo/install/robot_description/share/robot_description/meshes\n'}
[1.350912] (robot_description) StdoutLine: {'line': b'-- Up-to-date: /home/Dojo/Dojo/install/robot_description/share/robot_description/scripts\n'}
[1.350972] (robot_description) StdoutLine: {'line': b'-- Up-to-date: /home/Dojo/Dojo/install/robot_description/share/robot_description/resource\n'}
[1.351031] (robot_description) StdoutLine: {'line': b'-- Up-to-date: /home/Dojo/Dojo/install/robot_description/share/robot_description/launch\n'}
[1.351088] (robot_description) StdoutLine: {'line': b'-- Up-to-date: /home/Dojo/Dojo/install/robot_description/share/robot_description/robot_description_temp\n'}
[1.351145] (robot_description) StdoutLine: {'line': b'-- Up-to-date: /home/Dojo/Dojo/install/robot_description/share/robot_description/robot_description_temp/urdf\n'}
[1.351199] (robot_description) StdoutLine: {'line': b'-- Up-to-date: /home/Dojo/Dojo/install/robot_description/share/robot_description/robot_description_temp/build\n'}
[1.351253] (robot_description) StdoutLine: {'line': b'-- Up-to-date: /home/Dojo/Dojo/install/robot_description/share/robot_description/robot_description_temp/build/ament_cppcheck\n'}
[1.351315] (robot_description) StdoutLine: {'line': b'-- Up-to-date: /home/Dojo/Dojo/install/robot_description/share/robot_description/robot_description_temp/build/CMakeFiles\n'}
[1.351375] (robot_description) StdoutLine: {'line': b'-- Up-to-date: /home/Dojo/Dojo/install/robot_description/share/robot_description/robot_description_temp/build/CMakeFiles/uninstall.dir\n'}
[1.351440] (robot_description) StdoutLine: {'line': b'-- Up-to-date: /home/Dojo/Dojo/install/robot_description/share/robot_description/robot_description_temp/build/CMakeFiles/Robot_description_uninstall.dir\n'}
[1.351496] (robot_description) StdoutLine: {'line': b'-- Up-to-date: /home/Dojo/Dojo/install/robot_description/share/robot_description/robot_description_temp/build/CMakeFiles/3.28.3\n'}
[1.351551] (robot_description) StdoutLine: {'line': b'-- Up-to-date: /home/Dojo/Dojo/install/robot_description/share/robot_description/robot_description_temp/build/CMakeFiles/3.28.3/CompilerIdC\n'}
[1.351608] (robot_description) StdoutLine: {'line': b'-- Up-to-date: /home/Dojo/Dojo/install/robot_description/share/robot_description/robot_description_temp/build/CMakeFiles/3.28.3/CompilerIdC/tmp\n'}
[1.351665] (robot_description) StdoutLine: {'line': b'-- Up-to-date: /home/Dojo/Dojo/install/robot_description/share/robot_description/robot_description_temp/build/CMakeFiles/3.28.3/CompilerIdCXX\n'}
[1.351721] (robot_description) StdoutLine: {'line': b'-- Up-to-date: /home/Dojo/Dojo/install/robot_description/share/robot_description/robot_description_temp/build/CMakeFiles/3.28.3/CompilerIdCXX/tmp\n'}
[1.351822] (robot_description) StdoutLine: {'line': b'-- Up-to-date: /home/Dojo/Dojo/install/robot_description/share/robot_description/robot_description_temp/build/CMakeFiles/pkgRedirects\n'}
[1.351884] (robot_description) StdoutLine: {'line': b'-- Up-to-date: /home/Dojo/Dojo/install/robot_description/share/robot_description/robot_description_temp/build/ament_cmake_environment_hooks\n'}
[1.351986] (robot_description) StdoutLine: {'line': b'-- Up-to-date: /home/Dojo/Dojo/install/robot_description/share/robot_description/robot_description_temp/build/Testing\n'}
[1.352048] (robot_description) StdoutLine: {'line': b'-- Up-to-date: /home/Dojo/Dojo/install/robot_description/share/robot_description/robot_description_temp/build/Testing/Temporary\n'}
[1.352123] (robot_description) StdoutLine: {'line': b'-- Up-to-date: /home/Dojo/Dojo/install/robot_description/share/robot_description/robot_description_temp/build/Testing/20250903-0916\n'}
[1.352244] (robot_description) StdoutLine: {'line': b'-- Up-to-date: /home/Dojo/Dojo/install/robot_description/share/robot_description/robot_description_temp/build/Testing/20250904-0957\n'}
[1.352339] (robot_description) StdoutLine: {'line': b'-- Up-to-date: /home/Dojo/Dojo/install/robot_description/share/robot_description/robot_description_temp/build/ament_cmake_index\n'}
[1.352409] (robot_description) StdoutLine: {'line': b'-- Up-to-date: /home/Dojo/Dojo/install/robot_description/share/robot_description/robot_description_temp/build/ament_cmake_index/share\n'}
[1.352462] (robot_description) StdoutLine: {'line': b'-- Up-to-date: /home/Dojo/Dojo/install/robot_description/share/robot_description/robot_description_temp/build/ament_cmake_index/share/ament_index\n'}
[1.352523] (robot_description) StdoutLine: {'line': b'-- Up-to-date: /home/Dojo/Dojo/install/robot_description/share/robot_description/robot_description_temp/build/ament_cmake_index/share/ament_index/resource_index\n'}
[1.352581] (robot_description) StdoutLine: {'line': b'-- Up-to-date: /home/Dojo/Dojo/install/robot_description/share/robot_description/robot_description_temp/build/ament_cmake_index/share/ament_index/resource_index/parent_prefix_path\n'}
[1.352791] (robot_description) StdoutLine: {'line': b'-- Up-to-date: /home/Dojo/Dojo/install/robot_description/share/robot_description/robot_description_temp/build/ament_cmake_index/share/ament_index/resource_index/package_run_dependencies\n'}
[1.352919] (robot_description) StdoutLine: {'line': b'-- Up-to-date: /home/Dojo/Dojo/install/robot_description/share/robot_description/robot_description_temp/build/ament_cmake_index/share/ament_index/resource_index/packages\n'}
[1.353010] (robot_description) StdoutLine: {'line': b'-- Up-to-date: /home/Dojo/Dojo/install/robot_description/share/robot_description/robot_description_temp/build/ament_copyright\n'}
[1.353093] (robot_description) StdoutLine: {'line': b'-- Up-to-date: /home/Dojo/Dojo/install/robot_description/share/robot_description/robot_description_temp/build/ament_xmllint\n'}
[1.353735] (robot_description) StdoutLine: {'line': b'-- Up-to-date: /home/Dojo/Dojo/install/robot_description/share/robot_description/robot_description_temp/build/ament_flake8\n'}
[1.353837] (robot_description) StdoutLine: {'line': b'-- Up-to-date: /home/Dojo/Dojo/install/robot_description/share/robot_description/robot_description_temp/build/ament_cmake_package_templates\n'}
[1.354168] (robot_description) StdoutLine: {'line': b'-- Up-to-date: /home/Dojo/Dojo/install/robot_description/share/robot_description/robot_description_temp/build/ament_cpplint\n'}
[1.354353] (robot_description) StdoutLine: {'line': b'-- Up-to-date: /home/Dojo/Dojo/install/robot_description/share/robot_description/robot_description_temp/build/.cmake\n'}
[1.354443] (robot_description) StdoutLine: {'line': b'-- Up-to-date: /home/Dojo/Dojo/install/robot_description/share/robot_description/robot_description_temp/build/.cmake/api\n'}
[1.354525] (robot_description) StdoutLine: {'line': b'-- Up-to-date: /home/Dojo/Dojo/install/robot_description/share/robot_description/robot_description_temp/build/.cmake/api/v1\n'}
[1.354601] (robot_description) StdoutLine: {'line': b'-- Up-to-date: /home/Dojo/Dojo/install/robot_description/share/robot_description/robot_description_temp/build/.cmake/api/v1/reply\n'}
[1.354685] (robot_description) StdoutLine: {'line': b'-- Up-to-date: /home/Dojo/Dojo/install/robot_description/share/robot_description/robot_description_temp/build/.cmake/api/v1/query\n'}
[1.354773] (robot_description) StdoutLine: {'line': b'-- Up-to-date: /home/Dojo/Dojo/install/robot_description/share/robot_description/robot_description_temp/build/.cmake/api/v1/query/client-vscode\n'}
[1.354854] (robot_description) StdoutLine: {'line': b'-- Up-to-date: /home/Dojo/Dojo/install/robot_description/share/robot_description/robot_description_temp/build/ament_pep257\n'}
[1.354933] (robot_description) StdoutLine: {'line': b'-- Up-to-date: /home/Dojo/Dojo/install/robot_description/share/robot_description/robot_description_temp/build/ament_cmake_uninstall_target\n'}
[1.355012] (robot_description) StdoutLine: {'line': b'-- Up-to-date: /home/Dojo/Dojo/install/robot_description/share/robot_description/robot_description_temp/build/ament_uncrustify\n'}
[1.355121] (robot_description) StdoutLine: {'line': b'-- Up-to-date: /home/Dojo/Dojo/install/robot_description/share/robot_description/robot_description_temp/build/ament_cmake_core\n'}
[1.355243] (robot_description) StdoutLine: {'line': b'-- Up-to-date: /home/Dojo/Dojo/install/robot_description/share/robot_description/robot_description_temp/build/ament_cmake_core/stamps\n'}
[1.355355] (robot_description) StdoutLine: {'line': b'-- Up-to-date: /home/Dojo/Dojo/install/robot_description/share/robot_description/robot_description_temp/build/ament_lint_cmake\n'}
[1.355473] (robot_description) StdoutLine: {'line': b'-- Up-to-date: /home/Dojo/Dojo/install/robot_description/share/robot_description/robot_description_temp/worlds\n'}
[1.355556] (robot_description) StdoutLine: {'line': b'-- Up-to-date: /home/Dojo/Dojo/install/robot_description/share/robot_description/robot_description_temp/launch\n'}
[1.355656] (robot_description) StdoutLine: {'line': b'-- Up-to-date: /home/Dojo/Dojo/install/robot_description/share/robot_description/robot_description_temp/config\n'}
[1.355792] (robot_description) StdoutLine: {'line': b'-- Up-to-date: /home/Dojo/Dojo/install/robot_description/share/robot_description/robot_description_temp/package.xml\n'}
[1.355934] (robot_description) StdoutLine: {'line': b'-- Up-to-date: /home/Dojo/Dojo/install/robot_description/share/robot_description/config\n'}
[1.356061] (robot_description) StdoutLine: {'line': b'-- Up-to-date: /home/Dojo/Dojo/install/robot_description/lib/robot_description/robot_description\n'}
[1.356142] (robot_description) StdoutLine: {'line': b'-- Up-to-date: /home/Dojo/Dojo/install/robot_description/lib/robot_description/robot_description/robot_description\n'}
[1.356222] (robot_description) StdoutLine: {'line': b'-- Up-to-date: /home/Dojo/Dojo/install/robot_description/lib/robot_description/robot_description/robot_description/__init__.py\n'}
[1.356342] (robot_description) StdoutLine: {'line': b'-- Up-to-date: /home/Dojo/Dojo/install/robot_description/lib/robot_description/robot_description/__init__.py\n'}
[1.356427] (robot_description) StdoutLine: {'line': b"Listing '/home/Dojo/Dojo/install/robot_description/local/lib/python3.10/dist-packages/robot_description'...\n"}
[1.356505] (robot_description) StdoutLine: {'line': b"Listing '/home/Dojo/Dojo/install/robot_description/local/lib/python3.10/dist-packages/robot_description/robot_description'...\n"}
[1.356579] (robot_navigation) CommandEnded: {'returncode': 0}
[1.369597] (robot_navigation) JobEnded: {'identifier': 'robot_navigation', 'rc': 0}
[1.370705] (robot_description) CommandEnded: {'returncode': 0}
[1.383506] (robot_description) JobEnded: {'identifier': 'robot_description', 'rc': 0}
[1.384371] (robot_perception) CommandEnded: {'returncode': 0}
[1.396703] (robot_perception) JobEnded: {'identifier': 'robot_perception', 'rc': 0}
[1.398467] (robot_gazebo) JobStarted: {'identifier': 'robot_gazebo'}
[1.403892] (-) TimerEvent: {}
[1.407029] (robot_gazebo) JobProgress: {'identifier': 'robot_gazebo', 'progress': 'cmake'}
[1.407933] (robot_gazebo) JobProgress: {'identifier': 'robot_gazebo', 'progress': 'build'}
[1.408438] (robot_gazebo) Command: {'cmd': ['/usr/bin/cmake', '--build', '/home/Dojo/Dojo/build/robot_gazebo', '--', '-j16', '-l16'], 'cwd': '/home/Dojo/Dojo/build/robot_gazebo', 'env': OrderedDict([('HOSTNAME', 'gareth-joel-HP-Pavilion-Gaming-Laptop-15-ec2xxx'), ('SHLVL', '0'), ('LD_LIBRARY_PATH', '/usr/lib/x86_64-linux-gnu/gazebo-11/plugins:/opt/ros/humble/opt/rviz_ogre_vendor/lib:/opt/ros/humble/lib/x86_64-linux-gnu:/opt/ros/humble/lib'), ('HOME', '/root'), ('OLDPWD', '/ros2_ws'), ('ROS_PYTHON_VERSION', '3'), ('ROS_DISTRO', 'humble'), ('_', '/usr/bin/colcon'), ('ROS_VERSION', '2'), ('NVIDIA_DRIVER_CAPABILITIES', 'all'), ('TERM', 'xterm'), ('ROS_LOCALHOST_ONLY', '0'), ('PATH', '/opt/ros/humble/bin:/usr/local/sbin:/usr/local/bin:/usr/sbin:/usr/bin:/sbin:/bin'), ('XDG_RUNTIME_DIR', '/tmp'), ('DISPLAY', ':0'), ('LANG', 'C.UTF-8'), ('AMENT_PREFIX_PATH', '/home/Dojo/Dojo/install/robot_description:/opt/ros/humble'), ('DEBIAN_FRONTEND', 'noninteractive'), ('PWD', '/home/Dojo/Dojo/build/robot_gazebo'), ('LC_ALL', 'C.UTF-8'), ('PYTHONPATH', '/home/Dojo/Dojo/install/robot_description/local/lib/python3.10/dist-packages:/opt/ros/humble/lib/python3.10/site-packages:/opt/ros/humble/local/lib/python3.10/dist-packages'), ('NVIDIA_VISIBLE_DEVICES', 'all'), ('COLCON', '1'), ('CMAKE_PREFIX_PATH', '/home/Dojo/Dojo/install/robot_description:/opt/ros/humble')]), 'shell': False}
[1.465060] (robot_gazebo) CommandEnded: {'returncode': 0}
[1.465694] (robot_gazebo) JobProgress: {'identifier': 'robot_gazebo', 'progress': 'install'}
[1.466055] (robot_gazebo) Command: {'cmd': ['/usr/bin/cmake', '--install', '/home/Dojo/Dojo/build/robot_gazebo'], 'cwd': '/home/Dojo/Dojo/build/robot_gazebo', 'env': OrderedDict([('HOSTNAME', 'gareth-joel-HP-Pavilion-Gaming-Laptop-15-ec2xxx'), ('SHLVL', '0'), ('LD_LIBRARY_PATH', '/usr/lib/x86_64-linux-gnu/gazebo-11/plugins:/opt/ros/humble/opt/rviz_ogre_vendor/lib:/opt/ros/humble/lib/x86_64-linux-gnu:/opt/ros/humble/lib'), ('HOME', '/root'), ('OLDPWD', '/ros2_ws'), ('ROS_PYTHON_VERSION', '3'), ('ROS_DISTRO', 'humble'), ('_', '/usr/bin/colcon'), ('ROS_VERSION', '2'), ('NVIDIA_DRIVER_CAPABILITIES', 'all'), ('TERM', 'xterm'), ('ROS_LOCALHOST_ONLY', '0'), ('PATH', '/opt/ros/humble/bin:/usr/local/sbin:/usr/local/bin:/usr/sbin:/usr/bin:/sbin:/bin'), ('XDG_RUNTIME_DIR', '/tmp'), ('DISPLAY', ':0'), ('LANG', 'C.UTF-8'), ('AMENT_PREFIX_PATH', '/home/Dojo/Dojo/install/robot_description:/opt/ros/humble'), ('DEBIAN_FRONTEND', 'noninteractive'), ('PWD', '/home/Dojo/Dojo/build/robot_gazebo'), ('LC_ALL', 'C.UTF-8'), ('PYTHONPATH', '/home/Dojo/Dojo/install/robot_description/local/lib/python3.10/dist-packages:/opt/ros/humble/lib/python3.10/site-packages:/opt/ros/humble/local/lib/python3.10/dist-packages'), ('NVIDIA_VISIBLE_DEVICES', 'all'), ('COLCON', '1'), ('CMAKE_PREFIX_PATH', '/home/Dojo/Dojo/install/robot_description:/opt/ros/humble')]), 'shell': False}
[1.475311] (robot_gazebo) StdoutLine: {'line': b'-- Install configuration: ""\n'}
[1.475798] (robot_gazebo) StdoutLine: {'line': b'-- Execute custom install script\n'}
[1.476183] (robot_gazebo) StdoutLine: {'line': b'-- Up-to-date symlink: /home/Dojo/Dojo/install/robot_gazebo/share/robot_gazebo/launch/gazebo.launch.py\n'}
[1.476336] (robot_gazebo) StdoutLine: {'line': b'-- Up-to-date symlink: /home/Dojo/Dojo/install/robot_gazebo/share/robot_gazebo/launch/robot_simulation.launch.py\n'}
[1.476672] (robot_gazebo) StdoutLine: {'line': b'-- Up-to-date symlink: /home/Dojo/Dojo/install/robot_gazebo/share/robot_gazebo/config/diff_drive_controller.yaml\n'}
[1.476981] (robot_gazebo) StdoutLine: {'line': b'-- Up-to-date symlink: /home/Dojo/Dojo/install/robot_gazebo/share/robot_gazebo/rviz/robot_simulation.rviz\n'}
[1.477270] (robot_gazebo) StdoutLine: {'line': b'-- Up-to-date symlink: /home/Dojo/Dojo/install/robot_gazebo/share/robot_gazebo/worlds/empty.world\n'}
[1.477448] (robot_gazebo) StdoutLine: {'line': b'-- Up-to-date symlink: /home/Dojo/Dojo/install/robot_gazebo/share/ament_index/resource_index/package_run_dependencies/robot_gazebo\n'}
[1.477630] (robot_gazebo) StdoutLine: {'line': b'-- Up-to-date symlink: /home/Dojo/Dojo/install/robot_gazebo/share/ament_index/resource_index/parent_prefix_path/robot_gazebo\n'}
[1.477809] (robot_gazebo) StdoutLine: {'line': b'-- Up-to-date symlink: /home/Dojo/Dojo/install/robot_gazebo/share/robot_gazebo/environment/ament_prefix_path.sh\n'}
[1.478000] (robot_gazebo) StdoutLine: {'line': b'-- Up-to-date symlink: /home/Dojo/Dojo/install/robot_gazebo/share/robot_gazebo/environment/ament_prefix_path.dsv\n'}
[1.478211] (robot_gazebo) StdoutLine: {'line': b'-- Up-to-date symlink: /home/Dojo/Dojo/install/robot_gazebo/share/robot_gazebo/environment/path.sh\n'}
[1.478448] (robot_gazebo) StdoutLine: {'line': b'-- Up-to-date symlink: /home/Dojo/Dojo/install/robot_gazebo/share/robot_gazebo/environment/path.dsv\n'}
[1.478705] (robot_gazebo) StdoutLine: {'line': b'-- Up-to-date symlink: /home/Dojo/Dojo/install/robot_gazebo/share/robot_gazebo/local_setup.bash\n'}
[1.478934] (robot_gazebo) StdoutLine: {'line': b'-- Up-to-date symlink: /home/Dojo/Dojo/install/robot_gazebo/share/robot_gazebo/local_setup.sh\n'}
[1.479110] (robot_gazebo) StdoutLine: {'line': b'-- Up-to-date symlink: /home/Dojo/Dojo/install/robot_gazebo/share/robot_gazebo/local_setup.zsh\n'}
[1.479294] (robot_gazebo) StdoutLine: {'line': b'-- Up-to-date symlink: /home/Dojo/Dojo/install/robot_gazebo/share/robot_gazebo/local_setup.dsv\n'}
[1.479439] (robot_gazebo) StdoutLine: {'line': b'-- Symlinking: /home/Dojo/Dojo/install/robot_gazebo/share/robot_gazebo/package.dsv\n'}
[1.490819] (robot_gazebo) StdoutLine: {'line': b'-- Up-to-date symlink: /home/Dojo/Dojo/install/robot_gazebo/share/ament_index/resource_index/packages/robot_gazebo\n'}
[1.491039] (robot_gazebo) StdoutLine: {'line': b'-- Up-to-date symlink: /home/Dojo/Dojo/install/robot_gazebo/share/robot_gazebo/cmake/robot_gazeboConfig.cmake\n'}
[1.491204] (robot_gazebo) StdoutLine: {'line': b'-- Up-to-date symlink: /home/Dojo/Dojo/install/robot_gazebo/share/robot_gazebo/cmake/robot_gazeboConfig-version.cmake\n'}
[1.491370] (robot_gazebo) StdoutLine: {'line': b'-- Up-to-date symlink: /home/Dojo/Dojo/install/robot_gazebo/share/robot_gazebo/package.xml\n'}
[1.491500] (robot_gazebo) StdoutLine: {'line': b'-- Up-to-date: /home/Dojo/Dojo/install/robot_gazebo/lib/robot_gazebo\n'}
[1.491624] (robot_gazebo) StdoutLine: {'line': b'-- Up-to-date: /home/Dojo/Dojo/install/robot_gazebo/lib/robot_gazebo/spawn_robot.py\n'}
[1.493732] (robot_gazebo) CommandEnded: {'returncode': 0}
[1.504232] (-) TimerEvent: {}
[1.508963] (robot_gazebo) JobEnded: {'identifier': 'robot_gazebo', 'rc': 0}
[1.604344] (-) TimerEvent: {}
[1.704740] (-) TimerEvent: {}
[1.736166] (robot_control) Command: {'cmd': ['/usr/bin/python3', '-W', 'ignore:setup.py install is deprecated', '-W', 'ignore:easy_install command is deprecated', 'setup.py', 'develop', '--editable', '--build-directory', '/home/Dojo/Dojo/build/robot_control/build', '--no-deps', 'symlink_data'], 'cwd': '/home/Dojo/Dojo/build/robot_control', 'env': {'HOSTNAME': 'gareth-joel-HP-Pavilion-Gaming-Laptop-15-ec2xxx', 'SHLVL': '0', 'LD_LIBRARY_PATH': '/usr/lib/x86_64-linux-gnu/gazebo-11/plugins:/opt/ros/humble/opt/rviz_ogre_vendor/lib:/opt/ros/humble/lib/x86_64-linux-gnu:/opt/ros/humble/lib', 'HOME': '/root', 'OLDPWD': '/ros2_ws', 'ROS_PYTHON_VERSION': '3', 'ROS_DISTRO': 'humble', '_': '/usr/bin/colcon', 'ROS_VERSION': '2', 'NVIDIA_DRIVER_CAPABILITIES': 'all', 'TERM': 'xterm', 'ROS_LOCALHOST_ONLY': '0', 'PATH': '/opt/ros/humble/bin:/usr/local/sbin:/usr/local/bin:/usr/sbin:/usr/bin:/sbin:/bin', 'XDG_RUNTIME_DIR': '/tmp', 'DISPLAY': ':0', 'LANG': 'C.UTF-8', 'AMENT_PREFIX_PATH': '/opt/ros/humble', 'DEBIAN_FRONTEND': 'noninteractive', 'PWD': '/home/Dojo/Dojo/build/robot_control', 'LC_ALL': 'C.UTF-8', 'PYTHONPATH': '/home/Dojo/Dojo/build/robot_control/prefix_override:/usr/lib/python3/dist-packages/colcon_core/task/python/colcon_distutils_commands:/home/Dojo/Dojo/install/robot_control/lib/python3.10/site-packages:/opt/ros/humble/lib/python3.10/site-packages:/opt/ros/humble/local/lib/python3.10/dist-packages', 'NVIDIA_VISIBLE_DEVICES': 'all', 'COLCON': '1'}, 'shell': False}
[1.739484] (robot_sensors) Command: {'cmd': ['/usr/bin/python3', '-W', 'ignore:setup.py install is deprecated', '-W', 'ignore:easy_install command is deprecated', 'setup.py', 'develop', '--editable', '--build-directory', '/home/Dojo/Dojo/build/robot_sensors/build', '--no-deps', 'symlink_data'], 'cwd': '/home/Dojo/Dojo/build/robot_sensors', 'env': {'HOSTNAME': 'gareth-joel-HP-Pavilion-Gaming-Laptop-15-ec2xxx', 'SHLVL': '0', 'LD_LIBRARY_PATH': '/usr/lib/x86_64-linux-gnu/gazebo-11/plugins:/opt/ros/humble/opt/rviz_ogre_vendor/lib:/opt/ros/humble/lib/x86_64-linux-gnu:/opt/ros/humble/lib', 'HOME': '/root', 'OLDPWD': '/ros2_ws', 'ROS_PYTHON_VERSION': '3', 'ROS_DISTRO': 'humble', '_': '/usr/bin/colcon', 'ROS_VERSION': '2', 'NVIDIA_DRIVER_CAPABILITIES': 'all', 'TERM': 'xterm', 'ROS_LOCALHOST_ONLY': '0', 'PATH': '/opt/ros/humble/bin:/usr/local/sbin:/usr/local/bin:/usr/sbin:/usr/bin:/sbin:/bin', 'XDG_RUNTIME_DIR': '/tmp', 'DISPLAY': ':0', 'LANG': 'C.UTF-8', 'AMENT_PREFIX_PATH': '/opt/ros/humble', 'DEBIAN_FRONTEND': 'noninteractive', 'PWD': '/home/Dojo/Dojo/build/robot_sensors', 'LC_ALL': 'C.UTF-8', 'PYTHONPATH': '/home/Dojo/Dojo/build/robot_sensors/prefix_override:/usr/lib/python3/dist-packages/colcon_core/task/python/colcon_distutils_commands:/home/Dojo/Dojo/install/robot_sensors/lib/python3.10/site-packages:/opt/ros/humble/lib/python3.10/site-packages:/opt/ros/humble/local/lib/python3.10/dist-packages', 'NVIDIA_VISIBLE_DEVICES': 'all', 'COLCON': '1'}, 'shell': False}
[1.741703] (ros2arduino_bridge) Command: {'cmd': ['/usr/bin/python3', '-W', 'ignore:setup.py install is deprecated', '-W', 'ignore:easy_install command is deprecated', 'setup.py', 'develop', '--editable', '--build-directory', '/home/Dojo/Dojo/build/ros2arduino_bridge/build', '--no-deps', 'symlink_data'], 'cwd': '/home/Dojo/Dojo/build/ros2arduino_bridge', 'env': {'HOSTNAME': 'gareth-joel-HP-Pavilion-Gaming-Laptop-15-ec2xxx', 'SHLVL': '0', 'LD_LIBRARY_PATH': '/usr/lib/x86_64-linux-gnu/gazebo-11/plugins:/opt/ros/humble/opt/rviz_ogre_vendor/lib:/opt/ros/humble/lib/x86_64-linux-gnu:/opt/ros/humble/lib', 'HOME': '/root', 'OLDPWD': '/ros2_ws', 'ROS_PYTHON_VERSION': '3', 'ROS_DISTRO': 'humble', '_': '/usr/bin/colcon', 'ROS_VERSION': '2', 'NVIDIA_DRIVER_CAPABILITIES': 'all', 'TERM': 'xterm', 'ROS_LOCALHOST_ONLY': '0', 'PATH': '/opt/ros/humble/bin:/usr/local/sbin:/usr/local/bin:/usr/sbin:/usr/bin:/sbin:/bin', 'XDG_RUNTIME_DIR': '/tmp', 'DISPLAY': ':0', 'LANG': 'C.UTF-8', 'AMENT_PREFIX_PATH': '/opt/ros/humble', 'DEBIAN_FRONTEND': 'noninteractive', 'PWD': '/home/Dojo/Dojo/build/ros2arduino_bridge', 'LC_ALL': 'C.UTF-8', 'PYTHONPATH': '/home/Dojo/Dojo/build/ros2arduino_bridge/prefix_override:/usr/lib/python3/dist-packages/colcon_core/task/python/colcon_distutils_commands:/home/Dojo/Dojo/install/ros2arduino_bridge/lib/python3.10/site-packages:/opt/ros/humble/lib/python3.10/site-packages:/opt/ros/humble/local/lib/python3.10/dist-packages', 'NVIDIA_VISIBLE_DEVICES': 'all', 'COLCON': '1'}, 'shell': False}
[1.743697] (arduino_bridge) Command: {'cmd': ['/usr/bin/python3', '-W', 'ignore:setup.py install is deprecated', '-W', 'ignore:easy_install command is deprecated', 'setup.py', 'develop', '--editable', '--build-directory', '/home/Dojo/Dojo/build/arduino_bridge/build', '--no-deps', 'symlink_data'], 'cwd': '/home/Dojo/Dojo/build/arduino_bridge', 'env': {'HOSTNAME': 'gareth-joel-HP-Pavilion-Gaming-Laptop-15-ec2xxx', 'SHLVL': '0', 'LD_LIBRARY_PATH': '/usr/lib/x86_64-linux-gnu/gazebo-11/plugins:/opt/ros/humble/opt/rviz_ogre_vendor/lib:/opt/ros/humble/lib/x86_64-linux-gnu:/opt/ros/humble/lib', 'HOME': '/root', 'OLDPWD': '/ros2_ws', 'ROS_PYTHON_VERSION': '3', 'ROS_DISTRO': 'humble', '_': '/usr/bin/colcon', 'ROS_VERSION': '2', 'NVIDIA_DRIVER_CAPABILITIES': 'all', 'TERM': 'xterm', 'ROS_LOCALHOST_ONLY': '0', 'PATH': '/opt/ros/humble/bin:/usr/local/sbin:/usr/local/bin:/usr/sbin:/usr/bin:/sbin:/bin', 'XDG_RUNTIME_DIR': '/tmp', 'DISPLAY': ':0', 'LANG': 'C.UTF-8', 'AMENT_PREFIX_PATH': '/opt/ros/humble', 'DEBIAN_FRONTEND': 'noninteractive', 'PWD': '/home/Dojo/Dojo/build/arduino_bridge', 'LC_ALL': 'C.UTF-8', 'PYTHONPATH': '/home/Dojo/Dojo/build/arduino_bridge/prefix_override:/usr/lib/python3/dist-packages/colcon_core/task/python/colcon_distutils_commands:/home/Dojo/Dojo/install/arduino_bridge/lib/python3.10/site-packages:/opt/ros/humble/lib/python3.10/site-packages:/opt/ros/humble/local/lib/python3.10/dist-packages', 'NVIDIA_VISIBLE_DEVICES': 'all', 'COLCON': '1'}, 'shell': False}
[1.804837] (-) TimerEvent: {}
[1.805451] (vision_system) Command: {'cmd': ['/usr/bin/python3', '-W', 'ignore:setup.py install is deprecated', '-W', 'ignore:easy_install command is deprecated', 'setup.py', 'develop', '--editable', '--build-directory', '/home/Dojo/Dojo/build/vision_system/build', '--no-deps', 'symlink_data'], 'cwd': '/home/Dojo/Dojo/build/vision_system', 'env': {'HOSTNAME': 'gareth-joel-HP-Pavilion-Gaming-Laptop-15-ec2xxx', 'SHLVL': '0', 'LD_LIBRARY_PATH': '/usr/lib/x86_64-linux-gnu/gazebo-11/plugins:/opt/ros/humble/opt/rviz_ogre_vendor/lib:/opt/ros/humble/lib/x86_64-linux-gnu:/opt/ros/humble/lib', 'HOME': '/root', 'OLDPWD': '/ros2_ws', 'ROS_PYTHON_VERSION': '3', 'ROS_DISTRO': 'humble', '_': '/usr/bin/colcon', 'ROS_VERSION': '2', 'NVIDIA_DRIVER_CAPABILITIES': 'all', 'TERM': 'xterm', 'ROS_LOCALHOST_ONLY': '0', 'PATH': '/opt/ros/humble/bin:/usr/local/sbin:/usr/local/bin:/usr/sbin:/usr/bin:/sbin:/bin', 'XDG_RUNTIME_DIR': '/tmp', 'DISPLAY': ':0', 'LANG': 'C.UTF-8', 'AMENT_PREFIX_PATH': '/opt/ros/humble', 'DEBIAN_FRONTEND': 'noninteractive', 'PWD': '/home/Dojo/Dojo/build/vision_system', 'LC_ALL': 'C.UTF-8', 'PYTHONPATH': '/home/Dojo/Dojo/build/vision_system/prefix_override:/usr/lib/python3/dist-packages/colcon_core/task/python/colcon_distutils_commands:/home/Dojo/Dojo/install/vision_system/lib/python3.10/site-packages:/opt/ros/humble/lib/python3.10/site-packages:/opt/ros/humble/local/lib/python3.10/dist-packages', 'NVIDIA_VISIBLE_DEVICES': 'all', 'COLCON': '1'}, 'shell': False}
[1.904962] (-) TimerEvent: {}
[2.005338] (-) TimerEvent: {}
[2.019456] (robot_sensors) StdoutLine: {'line': b'running develop\n'}
[2.019800] (robot_control) StdoutLine: {'line': b'running develop\n'}
[2.026734] (ros2arduino_bridge) StdoutLine: {'line': b'running develop\n'}
[2.040489] (arduino_bridge) StdoutLine: {'line': b'running develop\n'}
[2.100109] (vision_system) StdoutLine: {'line': b'running develop\n'}
[2.105430] (-) TimerEvent: {}
[2.199999] (robot_sensors) StdoutLine: {'line': b'running egg_info\n'}
[2.200223] (robot_sensors) StdoutLine: {'line': b'writing robot_sensors.egg-info/PKG-INFO\n'}
[2.200444] (robot_sensors) StdoutLine: {'line': b'writing dependency_links to robot_sensors.egg-info/dependency_links.txt\n'}
[2.200626] (robot_sensors) StdoutLine: {'line': b'writing entry points to robot_sensors.egg-info/entry_points.txt\n'}
[2.200723] (robot_control) StdoutLine: {'line': b'running egg_info\n'}
[2.200835] (robot_sensors) StdoutLine: {'line': b'writing requirements to robot_sensors.egg-info/requires.txt\n'}
[2.200937] (robot_sensors) StdoutLine: {'line': b'writing top-level names to robot_sensors.egg-info/top_level.txt\n'}
[2.201040] (robot_control) StdoutLine: {'line': b'writing robot_control.egg-info/PKG-INFO\n'}
[2.201138] (robot_control) StdoutLine: {'line': b'writing dependency_links to robot_control.egg-info/dependency_links.txt\n'}
[2.201310] (robot_control) StdoutLine: {'line': b'writing entry points to robot_control.egg-info/entry_points.txt\n'}
[2.201447] (robot_control) StdoutLine: {'line': b'writing requirements to robot_control.egg-info/requires.txt\n'}
[2.201555] (robot_control) StdoutLine: {'line': b'writing top-level names to robot_control.egg-info/top_level.txt\n'}
[2.202243] (robot_sensors) StderrLine: {'line': b"package init file 'robot_sensors/__init__.py' not found (or not a regular file)\n"}
[2.202700] (robot_sensors) StdoutLine: {'line': b"reading manifest file 'robot_sensors.egg-info/SOURCES.txt'\n"}
[2.203475] (robot_sensors) StdoutLine: {'line': b"writing manifest file 'robot_sensors.egg-info/SOURCES.txt'\n"}
[2.203672] (robot_control) StdoutLine: {'line': b"reading manifest file 'robot_control.egg-info/SOURCES.txt'\n"}
[2.204413] (robot_control) StdoutLine: {'line': b"writing manifest file 'robot_control.egg-info/SOURCES.txt'\n"}
[2.204564] (ros2arduino_bridge) StdoutLine: {'line': b'running egg_info\n'}
[2.204784] (ros2arduino_bridge) StdoutLine: {'line': b'writing ros2arduino_bridge.egg-info/PKG-INFO\n'}
[2.205094] (robot_sensors) StdoutLine: {'line': b'running build_ext\n'}
[2.205201] (ros2arduino_bridge) StdoutLine: {'line': b'writing dependency_links to ros2arduino_bridge.egg-info/dependency_links.txt\n'}
[2.205316] (ros2arduino_bridge) StdoutLine: {'line': b'writing entry points to ros2arduino_bridge.egg-info/entry_points.txt\n'}
[2.205435] (robot_sensors) StdoutLine: {'line': b'Creating /home/Dojo/Dojo/install/robot_sensors/lib/python3.10/site-packages/robot-sensors.egg-link (link to .)\n'}
[2.205535] (-) TimerEvent: {}
[2.205669] (ros2arduino_bridge) StdoutLine: {'line': b'writing requirements to ros2arduino_bridge.egg-info/requires.txt\n'}
[2.205790] (ros2arduino_bridge) StdoutLine: {'line': b'writing top-level names to ros2arduino_bridge.egg-info/top_level.txt\n'}
[2.205968] (robot_control) StdoutLine: {'line': b'running build_ext\n'}
[2.206169] (robot_control) StdoutLine: {'line': b'Creating /home/Dojo/Dojo/install/robot_control/lib/python3.10/site-packages/robot-control.egg-link (link to .)\n'}
[2.206441] (robot_sensors) StdoutLine: {'line': b'Installing camera_publisher script to /home/Dojo/Dojo/install/robot_sensors/lib/robot_sensors\n'}
[2.206797] (robot_sensors) StdoutLine: {'line': b'\n'}
[2.206868] (robot_sensors) StdoutLine: {'line': b'Installed /home/Dojo/Dojo/build/robot_sensors\n'}
[2.206964] (robot_sensors) StdoutLine: {'line': b'running symlink_data\n'}
[2.207070] (robot_control) StdoutLine: {'line': b'Installing arduino_bridge script to /home/Dojo/Dojo/install/robot_control/lib/robot_control\n'}
[2.207200] (robot_control) StdoutLine: {'line': b'Installing cmd_vel_to_motors script to /home/Dojo/Dojo/install/robot_control/lib/robot_control\n'}
[2.207424] (robot_control) StdoutLine: {'line': b'\n'}
[2.207494] (robot_control) StdoutLine: {'line': b'Installed /home/Dojo/Dojo/build/robot_control\n'}
[2.207578] (robot_control) StdoutLine: {'line': b'running symlink_data\n'}
[2.207690] (ros2arduino_bridge) StdoutLine: {'line': b"reading manifest file 'ros2arduino_bridge.egg-info/SOURCES.txt'\n"}
[2.208558] (ros2arduino_bridge) StdoutLine: {'line': b"writing manifest file 'ros2arduino_bridge.egg-info/SOURCES.txt'\n"}
[2.210079] (ros2arduino_bridge) StdoutLine: {'line': b'running build_ext\n'}
[2.210290] (ros2arduino_bridge) StdoutLine: {'line': b'Creating /home/Dojo/Dojo/install/ros2arduino_bridge/lib/python3.10/site-packages/ros2arduino-bridge.egg-link (link to .)\n'}
[2.211276] (ros2arduino_bridge) StdoutLine: {'line': b'Installing arduino_bridge script to /home/Dojo/Dojo/install/ros2arduino_bridge/bin\n'}
[2.211525] (ros2arduino_bridge) StdoutLine: {'line': b'Installing arduino_bridge_tester script to /home/Dojo/Dojo/install/ros2arduino_bridge/bin\n'}
[2.211699] (ros2arduino_bridge) StdoutLine: {'line': b'Installing test_arduino_bridge script to /home/Dojo/Dojo/install/ros2arduino_bridge/bin\n'}
[2.212003] (ros2arduino_bridge) StdoutLine: {'line': b'\n'}
[2.212095] (ros2arduino_bridge) StdoutLine: {'line': b'Installed /home/Dojo/Dojo/build/ros2arduino_bridge\n'}
[2.212202] (ros2arduino_bridge) StdoutLine: {'line': b'running symlink_data\n'}
[2.224791] (arduino_bridge) StdoutLine: {'line': b'running egg_info\n'}
[2.225021] (arduino_bridge) StdoutLine: {'line': b'writing arduino_bridge.egg-info/PKG-INFO\n'}
[2.225259] (arduino_bridge) StdoutLine: {'line': b'writing dependency_links to arduino_bridge.egg-info/dependency_links.txt\n'}
[2.225433] (arduino_bridge) StdoutLine: {'line': b'writing entry points to arduino_bridge.egg-info/entry_points.txt\n'}
[2.225575] (arduino_bridge) StdoutLine: {'line': b'writing requirements to arduino_bridge.egg-info/requires.txt\n'}
[2.225681] (arduino_bridge) StdoutLine: {'line': b'writing top-level names to arduino_bridge.egg-info/top_level.txt\n'}
[2.227711] (arduino_bridge) StdoutLine: {'line': b"reading manifest file 'arduino_bridge.egg-info/SOURCES.txt'\n"}
[2.228588] (arduino_bridge) StdoutLine: {'line': b"writing manifest file 'arduino_bridge.egg-info/SOURCES.txt'\n"}
[2.230205] (arduino_bridge) StdoutLine: {'line': b'running build_ext\n'}
[2.230383] (arduino_bridge) StdoutLine: {'line': b'Creating /home/Dojo/Dojo/install/arduino_bridge/lib/python3.10/site-packages/arduino-bridge.egg-link (link to .)\n'}
[2.231292] (arduino_bridge) StdoutLine: {'line': b'Installing arduino_bridge_node script to /home/Dojo/Dojo/install/arduino_bridge/lib/arduino_bridge\n'}
[2.231492] (arduino_bridge) StdoutLine: {'line': b'Installing test_arduino_bridge script to /home/Dojo/Dojo/install/arduino_bridge/lib/arduino_bridge\n'}
[2.231724] (arduino_bridge) StdoutLine: {'line': b'\n'}
[2.231827] (arduino_bridge) StdoutLine: {'line': b'Installed /home/Dojo/Dojo/build/arduino_bridge\n'}
[2.231888] (arduino_bridge) StdoutLine: {'line': b'running symlink_data\n'}
[2.244599] (robot_control) CommandEnded: {'returncode': 0}
[2.252192] (robot_control) JobEnded: {'identifier': 'robot_control', 'rc': 0}
[2.253431] (robot_sensors) CommandEnded: {'returncode': 0}
[2.261091] (robot_sensors) JobEnded: {'identifier': 'robot_sensors', 'rc': 0}
[2.262199] (robot_bringup) JobStarted: {'identifier': 'robot_bringup'}
[2.266485] (ros2arduino_bridge) CommandEnded: {'returncode': 0}
[2.277765] (ros2arduino_bridge) JobEnded: {'identifier': 'ros2arduino_bridge', 'rc': 0}
[2.278877] (robot_bringup) JobProgress: {'identifier': 'robot_bringup', 'progress': 'cmake'}
[2.279376] (robot_bringup) JobProgress: {'identifier': 'robot_bringup', 'progress': 'build'}
[2.279713] (robot_bringup) Command: {'cmd': ['/usr/bin/cmake', '--build', '/home/Dojo/Dojo/build/robot_bringup', '--', '-j16', '-l16'], 'cwd': '/home/Dojo/Dojo/build/robot_bringup', 'env': OrderedDict([('HOSTNAME', 'gareth-joel-HP-Pavilion-Gaming-Laptop-15-ec2xxx'), ('SHLVL', '0'), ('LD_LIBRARY_PATH', '/usr/lib/x86_64-linux-gnu/gazebo-11/plugins:/opt/ros/humble/opt/rviz_ogre_vendor/lib:/opt/ros/humble/lib/x86_64-linux-gnu:/opt/ros/humble/lib'), ('HOME', '/root'), ('OLDPWD', '/ros2_ws'), ('ROS_PYTHON_VERSION', '3'), ('ROS_DISTRO', 'humble'), ('_', '/usr/bin/colcon'), ('ROS_VERSION', '2'), ('NVIDIA_DRIVER_CAPABILITIES', 'all'), ('TERM', 'xterm'), ('ROS_LOCALHOST_ONLY', '0'), ('PATH', '/opt/ros/humble/bin:/usr/local/sbin:/usr/local/bin:/usr/sbin:/usr/bin:/sbin:/bin'), ('XDG_RUNTIME_DIR', '/tmp'), ('DISPLAY', ':0'), ('LANG', 'C.UTF-8'), ('AMENT_PREFIX_PATH', '/home/Dojo/Dojo/install/robot_sensors:/home/Dojo/Dojo/install/robot_perception:/home/Dojo/Dojo/install/robot_navigation:/home/Dojo/Dojo/install/robot_description:/home/Dojo/Dojo/install/robot_control:/opt/ros/humble'), ('DEBIAN_FRONTEND', 'noninteractive'), ('PWD', '/home/Dojo/Dojo/build/robot_bringup'), ('LC_ALL', 'C.UTF-8'), ('PYTHONPATH', '/home/Dojo/Dojo/build/robot_sensors:/home/Dojo/Dojo/install/robot_sensors/lib/python3.10/site-packages:/home/Dojo/Dojo/install/robot_perception/local/lib/python3.10/dist-packages:/home/Dojo/Dojo/install/robot_description/local/lib/python3.10/dist-packages:/home/Dojo/Dojo/build/robot_control:/home/Dojo/Dojo/install/robot_control/lib/python3.10/site-packages:/opt/ros/humble/lib/python3.10/site-packages:/opt/ros/humble/local/lib/python3.10/dist-packages'), ('NVIDIA_VISIBLE_DEVICES', 'all'), ('COLCON', '1'), ('CMAKE_PREFIX_PATH', '/home/Dojo/Dojo/install/robot_perception:/home/Dojo/Dojo/install/robot_navigation:/home/Dojo/Dojo/install/robot_description:/opt/ros/humble')]), 'shell': False}
[2.281948] (arduino_bridge) CommandEnded: {'returncode': 0}
[2.286289] (vision_system) StdoutLine: {'line': b'running egg_info\n'}
[2.286861] (vision_system) StdoutLine: {'line': b'writing vision_system.egg-info/PKG-INFO\n'}
[2.287012] (vision_system) StdoutLine: {'line': b'writing dependency_links to vision_system.egg-info/dependency_links.txt\n'}
[2.287150] (vision_system) StdoutLine: {'line': b'writing entry points to vision_system.egg-info/entry_points.txt\n'}
[2.287402] (vision_system) StdoutLine: {'line': b'writing requirements to vision_system.egg-info/requires.txt\n'}
[2.287787] (vision_system) StdoutLine: {'line': b'writing top-level names to vision_system.egg-info/top_level.txt\n'}
[2.288747] (vision_system) StdoutLine: {'line': b"reading manifest file 'vision_system.egg-info/SOURCES.txt'\n"}
[2.289512] (vision_system) StdoutLine: {'line': b"writing manifest file 'vision_system.egg-info/SOURCES.txt'\n"}
[2.290114] (arduino_bridge) JobEnded: {'identifier': 'arduino_bridge', 'rc': 0}
[2.290622] (vision_system) StdoutLine: {'line': b'running build_ext\n'}
[2.290814] (vision_system) StdoutLine: {'line': b'Creating /home/Dojo/Dojo/install/vision_system/lib/python3.10/site-packages/vision-system.egg-link (link to .)\n'}
[2.291568] (vision_system) StdoutLine: {'line': b'Installing object_detector script to /home/Dojo/Dojo/install/vision_system/lib/vision_system\n'}
[2.291858] (vision_system) StdoutLine: {'line': b'\n'}
[2.291971] (vision_system) StdoutLine: {'line': b'Installed /home/Dojo/Dojo/build/vision_system\n'}
[2.292041] (vision_system) StdoutLine: {'line': b'running symlink_data\n'}
[2.305639] (-) TimerEvent: {}
[2.319088] (vision_system) CommandEnded: {'returncode': 0}
[2.327185] (vision_system) JobEnded: {'identifier': 'vision_system', 'rc': 0}
[2.327953] (robot_bringup) CommandEnded: {'returncode': 0}
[2.328453] (robot_bringup) JobProgress: {'identifier': 'robot_bringup', 'progress': 'install'}
[2.328746] (robot_bringup) Command: {'cmd': ['/usr/bin/cmake', '--install', '/home/Dojo/Dojo/build/robot_bringup'], 'cwd': '/home/Dojo/Dojo/build/robot_bringup', 'env': OrderedDict([('HOSTNAME', 'gareth-joel-HP-Pavilion-Gaming-Laptop-15-ec2xxx'), ('SHLVL', '0'), ('LD_LIBRARY_PATH', '/usr/lib/x86_64-linux-gnu/gazebo-11/plugins:/opt/ros/humble/opt/rviz_ogre_vendor/lib:/opt/ros/humble/lib/x86_64-linux-gnu:/opt/ros/humble/lib'), ('HOME', '/root'), ('OLDPWD', '/ros2_ws'), ('ROS_PYTHON_VERSION', '3'), ('ROS_DISTRO', 'humble'), ('_', '/usr/bin/colcon'), ('ROS_VERSION', '2'), ('NVIDIA_DRIVER_CAPABILITIES', 'all'), ('TERM', 'xterm'), ('ROS_LOCALHOST_ONLY', '0'), ('PATH', '/opt/ros/humble/bin:/usr/local/sbin:/usr/local/bin:/usr/sbin:/usr/bin:/sbin:/bin'), ('XDG_RUNTIME_DIR', '/tmp'), ('DISPLAY', ':0'), ('LANG', 'C.UTF-8'), ('AMENT_PREFIX_PATH', '/home/Dojo/Dojo/install/robot_sensors:/home/Dojo/Dojo/install/robot_perception:/home/Dojo/Dojo/install/robot_navigation:/home/Dojo/Dojo/install/robot_description:/home/Dojo/Dojo/install/robot_control:/opt/ros/humble'), ('DEBIAN_FRONTEND', 'noninteractive'), ('PWD', '/home/Dojo/Dojo/build/robot_bringup'), ('LC_ALL', 'C.UTF-8'), ('PYTHONPATH', '/home/Dojo/Dojo/build/robot_sensors:/home/Dojo/Dojo/install/robot_sensors/lib/python3.10/site-packages:/home/Dojo/Dojo/install/robot_perception/local/lib/python3.10/dist-packages:/home/Dojo/Dojo/install/robot_description/local/lib/python3.10/dist-packages:/home/Dojo/Dojo/build/robot_control:/home/Dojo/Dojo/install/robot_control/lib/python3.10/site-packages:/opt/ros/humble/lib/python3.10/site-packages:/opt/ros/humble/local/lib/python3.10/dist-packages'), ('NVIDIA_VISIBLE_DEVICES', 'all'), ('COLCON', '1'), ('CMAKE_PREFIX_PATH', '/home/Dojo/Dojo/install/robot_perception:/home/Dojo/Dojo/install/robot_navigation:/home/Dojo/Dojo/install/robot_description:/opt/ros/humble')]), 'shell': False}
[2.336449] (robot_bringup) StdoutLine: {'line': b'-- Install configuration: ""\n'}
[2.336877] (robot_bringup) StdoutLine: {'line': b'-- Execute custom install script\n'}
[2.337188] (robot_bringup) StdoutLine: {'line': b'-- Up-to-date symlink: /home/Dojo/Dojo/install/robot_bringup/share/robot_bringup/launch/bringup.launch.py\n'}
[2.337355] (robot_bringup) StdoutLine: {'line': b'-- Up-to-date symlink: /home/Dojo/Dojo/install/robot_bringup/share/ament_index/resource_index/package_run_dependencies/robot_bringup\n'}
[2.337513] (robot_bringup) StdoutLine: {'line': b'-- Up-to-date symlink: /home/Dojo/Dojo/install/robot_bringup/share/ament_index/resource_index/parent_prefix_path/robot_bringup\n'}
[2.337676] (robot_bringup) StdoutLine: {'line': b'-- Up-to-date symlink: /home/Dojo/Dojo/install/robot_bringup/share/robot_bringup/environment/ament_prefix_path.sh\n'}
[2.337824] (robot_bringup) StdoutLine: {'line': b'-- Up-to-date symlink: /home/Dojo/Dojo/install/robot_bringup/share/robot_bringup/environment/ament_prefix_path.dsv\n'}
[2.337972] (robot_bringup) StdoutLine: {'line': b'-- Up-to-date symlink: /home/Dojo/Dojo/install/robot_bringup/share/robot_bringup/environment/path.sh\n'}
[2.338102] (robot_bringup) StdoutLine: {'line': b'-- Up-to-date symlink: /home/Dojo/Dojo/install/robot_bringup/share/robot_bringup/environment/path.dsv\n'}
[2.338227] (robot_bringup) StdoutLine: {'line': b'-- Up-to-date symlink: /home/Dojo/Dojo/install/robot_bringup/share/robot_bringup/local_setup.bash\n'}
[2.338355] (robot_bringup) StdoutLine: {'line': b'-- Up-to-date symlink: /home/Dojo/Dojo/install/robot_bringup/share/robot_bringup/local_setup.sh\n'}
[2.338484] (robot_bringup) StdoutLine: {'line': b'-- Up-to-date symlink: /home/Dojo/Dojo/install/robot_bringup/share/robot_bringup/local_setup.zsh\n'}
[2.338610] (robot_bringup) StdoutLine: {'line': b'-- Up-to-date symlink: /home/Dojo/Dojo/install/robot_bringup/share/robot_bringup/local_setup.dsv\n'}
[2.338700] (robot_bringup) StdoutLine: {'line': b'-- Symlinking: /home/Dojo/Dojo/install/robot_bringup/share/robot_bringup/package.dsv\n'}
[2.347789] (robot_bringup) StdoutLine: {'line': b'-- Up-to-date symlink: /home/Dojo/Dojo/install/robot_bringup/share/ament_index/resource_index/packages/robot_bringup\n'}
[2.347995] (robot_bringup) StdoutLine: {'line': b'-- Up-to-date symlink: /home/Dojo/Dojo/install/robot_bringup/share/robot_bringup/cmake/robot_bringupConfig.cmake\n'}
[2.348125] (robot_bringup) StdoutLine: {'line': b'-- Up-to-date symlink: /home/Dojo/Dojo/install/robot_bringup/share/robot_bringup/cmake/robot_bringupConfig-version.cmake\n'}
[2.348264] (robot_bringup) StdoutLine: {'line': b'-- Up-to-date symlink: /home/Dojo/Dojo/install/robot_bringup/share/robot_bringup/package.xml\n'}
[2.350015] (robot_bringup) CommandEnded: {'returncode': 0}
[2.360896] (robot_bringup) JobEnded: {'identifier': 'robot_bringup', 'rc': 0}
[2.361570] (-) EventReactorShutdown: {}
