Built target ament_cmake_python_symlink_robot_description
running egg_info
writing robot_description.egg-info/PKG-INFO
writing dependency_links to robot_description.egg-info/dependency_links.txt
writing top-level names to robot_description.egg-info/top_level.txt
reading manifest file 'robot_description.egg-info/SOURCES.txt'
writing manifest file 'robot_description.egg-info/SOURCES.txt'
Built target ament_cmake_python_build_robot_description_egg
-- Install configuration: ""
-- Execute custom install script
-- Symlinking: /root/Dojo/install/robot_description/share/robot_description/launch/display.launch.py
-- Symlinking: /root/Dojo/install/robot_description/share/robot_description/launch/robot_state_publisher.launch.py
-- Symlinking: /root/Dojo/install/robot_description/share/robot_description/urdf/robot.urdf
-- Symlinking: /root/Dojo/install/robot_description/share/robot_description/urdf/robot.urdf.xacro
-- Symlinking: /root/Dojo/install/robot_description/share/robot_description/rviz/robot.rviz
-- Symlinking: /root/Dojo/install/robot_description/share/robot_description/environment/pythonpath.sh
-- Symlinking: /root/Dojo/install/robot_description/share/robot_description/environment/pythonpath.dsv
-- Symlinking: /root/Dojo/install/robot_description/local/lib/python3.10/dist-packages/robot_description-0.0.1-py3.10.egg-info/PKG-INFO
-- Symlinking: /root/Dojo/install/robot_description/local/lib/python3.10/dist-packages/robot_description-0.0.1-py3.10.egg-info/SOURCES.txt
-- Symlinking: /root/Dojo/install/robot_description/local/lib/python3.10/dist-packages/robot_description-0.0.1-py3.10.egg-info/dependency_links.txt
-- Symlinking: /root/Dojo/install/robot_description/local/lib/python3.10/dist-packages/robot_description-0.0.1-py3.10.egg-info/top_level.txt
-- Symlinking: /root/Dojo/install/robot_description/local/lib/python3.10/dist-packages/robot_description/__init__.py
-- Symlinking: /root/Dojo/install/robot_description/lib/robot_description/display_robot.py
-- Symlinking: /root/Dojo/install/robot_description/share/ament_index/resource_index/package_run_dependencies/robot_description
-- Symlinking: /root/Dojo/install/robot_description/share/ament_index/resource_index/parent_prefix_path/robot_description
-- Symlinking: /root/Dojo/install/robot_description/share/robot_description/environment/ament_prefix_path.sh
-- Symlinking: /root/Dojo/install/robot_description/share/robot_description/environment/ament_prefix_path.dsv
-- Symlinking: /root/Dojo/install/robot_description/share/robot_description/environment/path.sh
-- Symlinking: /root/Dojo/install/robot_description/share/robot_description/environment/path.dsv
-- Symlinking: /root/Dojo/install/robot_description/share/robot_description/local_setup.bash
-- Symlinking: /root/Dojo/install/robot_description/share/robot_description/local_setup.sh
-- Symlinking: /root/Dojo/install/robot_description/share/robot_description/local_setup.zsh
-- Symlinking: /root/Dojo/install/robot_description/share/robot_description/local_setup.dsv
-- Symlinking: /root/Dojo/install/robot_description/share/robot_description/package.dsv
-- Symlinking: /root/Dojo/install/robot_description/share/ament_index/resource_index/packages/robot_description
-- Symlinking: /root/Dojo/install/robot_description/share/robot_description/cmake/robot_descriptionConfig.cmake
-- Symlinking: /root/Dojo/install/robot_description/share/robot_description/cmake/robot_descriptionConfig-version.cmake
-- Symlinking: /root/Dojo/install/robot_description/share/robot_description/package.xml
-- Up-to-date: /root/Dojo/install/robot_description/share/robot_description
-- Up-to-date: /root/Dojo/install/robot_description/share/robot_description/urdf
-- Installing: /root/Dojo/install/robot_description/share/robot_description/include
-- Installing: /root/Dojo/install/robot_description/share/robot_description/include/robot_description
-- Up-to-date: /root/Dojo/install/robot_description/share/robot_description/rviz
-- Installing: /root/Dojo/install/robot_description/share/robot_description/src
-- Installing: /root/Dojo/install/robot_description/share/robot_description/src/robot_description
-- Installing: /root/Dojo/install/robot_description/share/robot_description/meshes
-- Installing: /root/Dojo/install/robot_description/share/robot_description/robot_description
-- Installing: /root/Dojo/install/robot_description/share/robot_description/robot_description/robot_description
-- Installing: /root/Dojo/install/robot_description/share/robot_description/scripts
-- Installing: /root/Dojo/install/robot_description/share/robot_description/resource
-- Up-to-date: /root/Dojo/install/robot_description/share/robot_description/launch
-- Up-to-date: /root/Dojo/install/robot_description/share/robot_description/config
-- Installing: /root/Dojo/install/robot_description/lib/robot_description/robot_description
-- Installing: /root/Dojo/install/robot_description/lib/robot_description/robot_description/__init__.py
Listing '/root/Dojo/install/robot_description/local/lib/python3.10/dist-packages/robot_description'...
Compiling '/root/Dojo/install/robot_description/local/lib/python3.10/dist-packages/robot_description/__init__.py'...
