[0.989s] Invoking command in '/root/Dojo/build/nv21_converter_pkg': PYTHONPATH=/root/Dojo/build/nv21_converter_pkg/prefix_override:/usr/lib/python3/dist-packages/colcon_core/task/python/colcon_distutils_commands:/root/Dojo/install/nv21_converter_pkg/lib/python3.10/site-packages:${PYTHONPATH} /usr/bin/python3 -W ignore:setup.py install is deprecated -W ignore:easy_install command is deprecated setup.py develop --editable --build-directory /root/Dojo/build/nv21_converter_pkg/build --no-deps symlink_data
[1.335s] running develop
[1.558s] running egg_info
[1.558s] creating nv21_converter_pkg.egg-info
[1.571s] writing nv21_converter_pkg.egg-info/PKG-INFO
[1.571s] writing dependency_links to nv21_converter_pkg.egg-info/dependency_links.txt
[1.571s] writing entry points to nv21_converter_pkg.egg-info/entry_points.txt
[1.571s] writing requirements to nv21_converter_pkg.egg-info/requires.txt
[1.571s] writing top-level names to nv21_converter_pkg.egg-info/top_level.txt
[1.571s] writing manifest file 'nv21_converter_pkg.egg-info/SOURCES.txt'
[1.600s] reading manifest file 'nv21_converter_pkg.egg-info/SOURCES.txt'
[1.600s] writing manifest file 'nv21_converter_pkg.egg-info/SOURCES.txt'
[1.615s] running build_ext
[1.615s] Creating /root/Dojo/install/nv21_converter_pkg/lib/python3.10/site-packages/nv21-converter-pkg.egg-link (link to .)
[1.616s] Installing nv21_converter script to /root/Dojo/install/nv21_converter_pkg/lib/nv21_converter_pkg
[1.616s] 
[1.617s] Installed /root/Dojo/build/nv21_converter_pkg
[1.617s] running symlink_data
[1.617s] creating /root/Dojo/install/nv21_converter_pkg/share/ament_index
[1.617s] creating /root/Dojo/install/nv21_converter_pkg/share/ament_index/resource_index
[1.617s] creating /root/Dojo/install/nv21_converter_pkg/share/ament_index/resource_index/packages
[1.617s] symbolically linking /root/Dojo/build/nv21_converter_pkg/resource/nv21_converter_pkg -> /root/Dojo/install/nv21_converter_pkg/share/ament_index/resource_index/packages
[1.617s] symbolically linking /root/Dojo/build/nv21_converter_pkg/package.xml -> /root/Dojo/install/nv21_converter_pkg/share/nv21_converter_pkg
[1.661s] Invoked command in '/root/Dojo/build/nv21_converter_pkg' returned '0': PYTHONPATH=/root/Dojo/build/nv21_converter_pkg/prefix_override:/usr/lib/python3/dist-packages/colcon_core/task/python/colcon_distutils_commands:/root/Dojo/install/nv21_converter_pkg/lib/python3.10/site-packages:${PYTHONPATH} /usr/bin/python3 -W ignore:setup.py install is deprecated -W ignore:easy_install command is deprecated setup.py develop --editable --build-directory /root/Dojo/build/nv21_converter_pkg/build --no-deps symlink_data
